DEBUG flower 2021-04-06 08:07:02,062 | connection.py:36 | ChannelConnectivity.IDLE
DEBUG flower 2021-04-06 08:07:02,064 | connection.py:36 | ChannelConnectivity.CONNECTING
DEBUG flower 2021-04-06 08:07:02,064 | connection.py:36 | ChannelConnectivity.READY
INFO flower 2021-04-06 08:07:02,065 | app.py:61 | Opened (insecure) gRPC connection
DEBUG flower 2021-04-06 08:07:18,671 | numpy_client.py:167 | fit, FitIns(clock=0)
INFO flower 2021-04-06 08:07:18,671 | numpy_client.py:179 | Cache is stale, return ReadIns
DEBUG flower 2021-04-06 08:07:23,309 | numpy_client.py:215 | read: ReadRes(clock=-1)
DEBUG flower 2021-04-06 08:07:23,356 | numpy_client.py:167 | fit, FitIns(clock=0)
DEBUG flower 2021-04-06 08:07:23,356 | numpy_client.py:242 | cached_clock: -1, curr_clock: 0
INFO flower 2021-04-06 08:07:38,680 | numpy_client.py:192 | Cache is fresh, return FitRes(clock=0)
DEBUG flower 2021-04-06 08:07:39,933 | numpy_client.py:167 | fit, FitIns(clock=1)
DEBUG flower 2021-04-06 08:07:39,933 | numpy_client.py:242 | cached_clock: -1, curr_clock: 1
INFO flower 2021-04-06 08:07:55,860 | numpy_client.py:192 | Cache is fresh, return FitRes(clock=1)
DEBUG flower 2021-04-06 08:07:57,055 | numpy_client.py:167 | fit, FitIns(clock=2)
DEBUG flower 2021-04-06 08:07:57,056 | numpy_client.py:242 | cached_clock: -1, curr_clock: 2
INFO flower 2021-04-06 08:07:57,056 | numpy_client.py:179 | Cache is stale, return ReadIns
DEBUG flower 2021-04-06 08:08:55,054 | numpy_client.py:215 | read: ReadRes(clock=0)
DEBUG flower 2021-04-06 08:08:55,096 | numpy_client.py:167 | fit, FitIns(clock=2)
DEBUG flower 2021-04-06 08:08:55,096 | numpy_client.py:242 | cached_clock: 0, curr_clock: 2
INFO flower 2021-04-06 08:09:08,432 | numpy_client.py:192 | Cache is fresh, return FitRes(clock=2)
DEBUG flower 2021-04-06 08:09:09,644 | numpy_client.py:167 | fit, FitIns(clock=3)
DEBUG flower 2021-04-06 08:09:09,644 | numpy_client.py:242 | cached_clock: 0, curr_clock: 3
INFO flower 2021-04-06 08:09:09,644 | numpy_client.py:179 | Cache is stale, return ReadIns
DEBUG flower 2021-04-06 08:10:46,709 | numpy_client.py:215 | read: ReadRes(clock=1)
DEBUG flower 2021-04-06 08:10:46,751 | numpy_client.py:167 | fit, FitIns(clock=3)
DEBUG flower 2021-04-06 08:10:46,751 | numpy_client.py:242 | cached_clock: 1, curr_clock: 3
INFO flower 2021-04-06 08:11:00,279 | numpy_client.py:192 | Cache is fresh, return FitRes(clock=3)
DEBUG flower 2021-04-06 08:11:01,463 | numpy_client.py:167 | fit, FitIns(clock=4)
DEBUG flower 2021-04-06 08:11:01,463 | numpy_client.py:242 | cached_clock: 1, curr_clock: 4
INFO flower 2021-04-06 08:11:01,463 | numpy_client.py:179 | Cache is stale, return ReadIns
DEBUG flower 2021-04-06 08:12:38,729 | numpy_client.py:215 | read: ReadRes(clock=2)
DEBUG flower 2021-04-06 08:12:38,769 | numpy_client.py:167 | fit, FitIns(clock=4)
DEBUG flower 2021-04-06 08:12:38,769 | numpy_client.py:242 | cached_clock: 2, curr_clock: 4
INFO flower 2021-04-06 08:12:51,177 | numpy_client.py:192 | Cache is fresh, return FitRes(clock=4)
DEBUG flower 2021-04-06 08:12:53,759 | numpy_client.py:167 | fit, FitIns(clock=5)
DEBUG flower 2021-04-06 08:12:53,759 | numpy_client.py:242 | cached_clock: 2, curr_clock: 5
INFO flower 2021-04-06 08:12:53,759 | numpy_client.py:179 | Cache is stale, return ReadIns
DEBUG flower 2021-04-06 08:14:33,620 | numpy_client.py:215 | read: ReadRes(clock=3)
DEBUG flower 2021-04-06 08:14:33,665 | numpy_client.py:167 | fit, FitIns(clock=5)
DEBUG flower 2021-04-06 08:14:33,665 | numpy_client.py:242 | cached_clock: 3, curr_clock: 5
INFO flower 2021-04-06 08:14:47,070 | numpy_client.py:192 | Cache is fresh, return FitRes(clock=5)
DEBUG flower 2021-04-06 08:14:49,289 | numpy_client.py:167 | fit, FitIns(clock=6)
DEBUG flower 2021-04-06 08:14:49,289 | numpy_client.py:242 | cached_clock: 3, curr_clock: 6
INFO flower 2021-04-06 08:14:49,289 | numpy_client.py:179 | Cache is stale, return ReadIns
DEBUG flower 2021-04-06 08:16:29,576 | numpy_client.py:215 | read: ReadRes(clock=4)
DEBUG flower 2021-04-06 08:16:29,618 | numpy_client.py:167 | fit, FitIns(clock=6)
DEBUG flower 2021-04-06 08:16:29,618 | numpy_client.py:242 | cached_clock: 4, curr_clock: 6
INFO flower 2021-04-06 08:16:43,471 | numpy_client.py:192 | Cache is fresh, return FitRes(clock=6)
DEBUG flower 2021-04-06 08:16:44,637 | numpy_client.py:167 | fit, FitIns(clock=7)
DEBUG flower 2021-04-06 08:16:44,638 | numpy_client.py:242 | cached_clock: 4, curr_clock: 7
INFO flower 2021-04-06 08:16:44,638 | numpy_client.py:179 | Cache is stale, return ReadIns
DEBUG flower 2021-04-06 08:18:20,125 | numpy_client.py:215 | read: ReadRes(clock=5)
DEBUG flower 2021-04-06 08:18:20,167 | numpy_client.py:167 | fit, FitIns(clock=7)
DEBUG flower 2021-04-06 08:18:20,167 | numpy_client.py:242 | cached_clock: 5, curr_clock: 7
INFO flower 2021-04-06 08:18:33,569 | numpy_client.py:192 | Cache is fresh, return FitRes(clock=7)
DEBUG flower 2021-04-06 08:18:35,365 | numpy_client.py:167 | fit, FitIns(clock=8)
DEBUG flower 2021-04-06 08:18:35,366 | numpy_client.py:242 | cached_clock: 5, curr_clock: 8
INFO flower 2021-04-06 08:18:35,366 | numpy_client.py:179 | Cache is stale, return ReadIns
DEBUG flower 2021-04-06 08:20:12,740 | numpy_client.py:215 | read: ReadRes(clock=6)
DEBUG flower 2021-04-06 08:20:12,781 | numpy_client.py:167 | fit, FitIns(clock=8)
DEBUG flower 2021-04-06 08:20:12,781 | numpy_client.py:242 | cached_clock: 6, curr_clock: 8
INFO flower 2021-04-06 08:20:26,050 | numpy_client.py:192 | Cache is fresh, return FitRes(clock=8)
DEBUG flower 2021-04-06 08:20:27,198 | numpy_client.py:167 | fit, FitIns(clock=9)
DEBUG flower 2021-04-06 08:20:27,198 | numpy_client.py:242 | cached_clock: 6, curr_clock: 9
INFO flower 2021-04-06 08:20:27,198 | numpy_client.py:179 | Cache is stale, return ReadIns
DEBUG flower 2021-04-06 08:22:05,691 | numpy_client.py:215 | read: ReadRes(clock=7)
DEBUG flower 2021-04-06 08:22:05,731 | numpy_client.py:167 | fit, FitIns(clock=9)
DEBUG flower 2021-04-06 08:22:05,732 | numpy_client.py:242 | cached_clock: 7, curr_clock: 9
INFO flower 2021-04-06 08:22:18,060 | numpy_client.py:192 | Cache is fresh, return FitRes(clock=9)
DEBUG flower 2021-04-06 08:22:19,503 | numpy_client.py:167 | fit, FitIns(clock=10)
DEBUG flower 2021-04-06 08:22:19,503 | numpy_client.py:242 | cached_clock: 7, curr_clock: 10
INFO flower 2021-04-06 08:22:19,503 | numpy_client.py:179 | Cache is stale, return ReadIns
DEBUG flower 2021-04-06 08:23:56,501 | numpy_client.py:215 | read: ReadRes(clock=8)
DEBUG flower 2021-04-06 08:23:56,542 | numpy_client.py:167 | fit, FitIns(clock=10)
DEBUG flower 2021-04-06 08:23:56,542 | numpy_client.py:242 | cached_clock: 8, curr_clock: 10
INFO flower 2021-04-06 08:24:09,462 | numpy_client.py:192 | Cache is fresh, return FitRes(clock=10)
DEBUG flower 2021-04-06 08:24:10,622 | numpy_client.py:167 | fit, FitIns(clock=11)
DEBUG flower 2021-04-06 08:24:10,622 | numpy_client.py:242 | cached_clock: 8, curr_clock: 11
INFO flower 2021-04-06 08:24:10,622 | numpy_client.py:179 | Cache is stale, return ReadIns
DEBUG flower 2021-04-06 08:25:46,144 | numpy_client.py:215 | read: ReadRes(clock=9)
DEBUG flower 2021-04-06 08:25:46,184 | numpy_client.py:167 | fit, FitIns(clock=11)
DEBUG flower 2021-04-06 08:25:46,184 | numpy_client.py:242 | cached_clock: 9, curr_clock: 11
INFO flower 2021-04-06 08:25:59,357 | numpy_client.py:192 | Cache is fresh, return FitRes(clock=11)
DEBUG flower 2021-04-06 08:26:00,535 | numpy_client.py:167 | fit, FitIns(clock=12)
DEBUG flower 2021-04-06 08:26:00,536 | numpy_client.py:242 | cached_clock: 9, curr_clock: 12
INFO flower 2021-04-06 08:26:00,536 | numpy_client.py:179 | Cache is stale, return ReadIns
DEBUG flower 2021-04-06 08:27:36,732 | numpy_client.py:215 | read: ReadRes(clock=10)
DEBUG flower 2021-04-06 08:27:36,774 | numpy_client.py:167 | fit, FitIns(clock=12)
DEBUG flower 2021-04-06 08:27:36,774 | numpy_client.py:242 | cached_clock: 10, curr_clock: 12
INFO flower 2021-04-06 08:27:50,066 | numpy_client.py:192 | Cache is fresh, return FitRes(clock=12)
DEBUG flower 2021-04-06 08:27:51,235 | numpy_client.py:167 | fit, FitIns(clock=13)
DEBUG flower 2021-04-06 08:27:51,235 | numpy_client.py:242 | cached_clock: 10, curr_clock: 13
INFO flower 2021-04-06 08:27:51,235 | numpy_client.py:179 | Cache is stale, return ReadIns
DEBUG flower 2021-04-06 08:29:29,435 | numpy_client.py:215 | read: ReadRes(clock=11)
DEBUG flower 2021-04-06 08:29:29,476 | numpy_client.py:167 | fit, FitIns(clock=13)
DEBUG flower 2021-04-06 08:29:29,476 | numpy_client.py:242 | cached_clock: 11, curr_clock: 13
INFO flower 2021-04-06 08:29:42,458 | numpy_client.py:192 | Cache is fresh, return FitRes(clock=13)
DEBUG flower 2021-04-06 08:29:43,633 | numpy_client.py:167 | fit, FitIns(clock=14)
DEBUG flower 2021-04-06 08:29:43,633 | numpy_client.py:242 | cached_clock: 11, curr_clock: 14
INFO flower 2021-04-06 08:29:43,634 | numpy_client.py:179 | Cache is stale, return ReadIns
DEBUG flower 2021-04-06 08:31:20,431 | numpy_client.py:215 | read: ReadRes(clock=12)
DEBUG flower 2021-04-06 08:31:20,471 | numpy_client.py:167 | fit, FitIns(clock=14)
DEBUG flower 2021-04-06 08:31:20,471 | numpy_client.py:242 | cached_clock: 12, curr_clock: 14
INFO flower 2021-04-06 08:31:33,663 | numpy_client.py:192 | Cache is fresh, return FitRes(clock=14)
DEBUG flower 2021-04-06 08:31:34,854 | numpy_client.py:167 | fit, FitIns(clock=15)
DEBUG flower 2021-04-06 08:31:34,854 | numpy_client.py:242 | cached_clock: 12, curr_clock: 15
INFO flower 2021-04-06 08:31:34,854 | numpy_client.py:179 | Cache is stale, return ReadIns
DEBUG flower 2021-04-06 08:33:12,774 | numpy_client.py:215 | read: ReadRes(clock=13)
DEBUG flower 2021-04-06 08:33:12,816 | numpy_client.py:167 | fit, FitIns(clock=15)
DEBUG flower 2021-04-06 08:33:12,816 | numpy_client.py:242 | cached_clock: 13, curr_clock: 15
INFO flower 2021-04-06 08:33:26,263 | numpy_client.py:192 | Cache is fresh, return FitRes(clock=15)
DEBUG flower 2021-04-06 08:33:27,452 | numpy_client.py:167 | fit, FitIns(clock=16)
DEBUG flower 2021-04-06 08:33:27,452 | numpy_client.py:242 | cached_clock: 13, curr_clock: 16
INFO flower 2021-04-06 08:33:27,452 | numpy_client.py:179 | Cache is stale, return ReadIns
DEBUG flower 2021-04-06 08:35:04,594 | numpy_client.py:215 | read: ReadRes(clock=14)
DEBUG flower 2021-04-06 08:35:04,635 | numpy_client.py:167 | fit, FitIns(clock=16)
DEBUG flower 2021-04-06 08:35:04,636 | numpy_client.py:242 | cached_clock: 14, curr_clock: 16
INFO flower 2021-04-06 08:35:17,145 | numpy_client.py:192 | Cache is fresh, return FitRes(clock=16)
DEBUG flower 2021-04-06 08:35:18,303 | numpy_client.py:167 | fit, FitIns(clock=17)
DEBUG flower 2021-04-06 08:35:18,303 | numpy_client.py:242 | cached_clock: 14, curr_clock: 17
INFO flower 2021-04-06 08:35:18,303 | numpy_client.py:179 | Cache is stale, return ReadIns
DEBUG flower 2021-04-06 08:36:57,817 | numpy_client.py:215 | read: ReadRes(clock=15)
DEBUG flower 2021-04-06 08:36:57,858 | numpy_client.py:167 | fit, FitIns(clock=17)
DEBUG flower 2021-04-06 08:36:57,858 | numpy_client.py:242 | cached_clock: 15, curr_clock: 17
INFO flower 2021-04-06 08:37:10,868 | numpy_client.py:192 | Cache is fresh, return FitRes(clock=17)
DEBUG flower 2021-04-06 08:37:12,045 | numpy_client.py:167 | fit, FitIns(clock=18)
DEBUG flower 2021-04-06 08:37:12,045 | numpy_client.py:242 | cached_clock: 15, curr_clock: 18
INFO flower 2021-04-06 08:37:12,045 | numpy_client.py:179 | Cache is stale, return ReadIns
DEBUG flower 2021-04-06 08:38:48,237 | numpy_client.py:215 | read: ReadRes(clock=16)
DEBUG flower 2021-04-06 08:38:48,279 | numpy_client.py:167 | fit, FitIns(clock=18)
DEBUG flower 2021-04-06 08:38:48,279 | numpy_client.py:242 | cached_clock: 16, curr_clock: 18
INFO flower 2021-04-06 08:39:01,258 | numpy_client.py:192 | Cache is fresh, return FitRes(clock=18)
DEBUG flower 2021-04-06 08:39:02,445 | numpy_client.py:167 | fit, FitIns(clock=19)
DEBUG flower 2021-04-06 08:39:02,445 | numpy_client.py:242 | cached_clock: 16, curr_clock: 19
INFO flower 2021-04-06 08:39:02,445 | numpy_client.py:179 | Cache is stale, return ReadIns
DEBUG flower 2021-04-06 08:40:39,227 | numpy_client.py:215 | read: ReadRes(clock=17)
DEBUG flower 2021-04-06 08:40:39,268 | numpy_client.py:167 | fit, FitIns(clock=19)
DEBUG flower 2021-04-06 08:40:39,268 | numpy_client.py:242 | cached_clock: 17, curr_clock: 19
INFO flower 2021-04-06 08:40:52,567 | numpy_client.py:192 | Cache is fresh, return FitRes(clock=19)
DEBUG flower 2021-04-06 08:40:54,064 | numpy_client.py:167 | fit, FitIns(clock=20)
DEBUG flower 2021-04-06 08:40:54,064 | numpy_client.py:242 | cached_clock: 17, curr_clock: 20
INFO flower 2021-04-06 08:40:54,064 | numpy_client.py:179 | Cache is stale, return ReadIns
DEBUG flower 2021-04-06 08:42:32,556 | numpy_client.py:215 | read: ReadRes(clock=18)
DEBUG flower 2021-04-06 08:42:32,597 | numpy_client.py:167 | fit, FitIns(clock=20)
DEBUG flower 2021-04-06 08:42:32,597 | numpy_client.py:242 | cached_clock: 18, curr_clock: 20
INFO flower 2021-04-06 08:42:46,777 | numpy_client.py:192 | Cache is fresh, return FitRes(clock=20)
DEBUG flower 2021-04-06 08:42:48,048 | numpy_client.py:167 | fit, FitIns(clock=21)
DEBUG flower 2021-04-06 08:42:48,048 | numpy_client.py:242 | cached_clock: 18, curr_clock: 21
INFO flower 2021-04-06 08:42:48,048 | numpy_client.py:179 | Cache is stale, return ReadIns
DEBUG flower 2021-04-06 08:44:22,032 | numpy_client.py:215 | read: ReadRes(clock=19)
DEBUG flower 2021-04-06 08:44:22,074 | numpy_client.py:167 | fit, FitIns(clock=21)
DEBUG flower 2021-04-06 08:44:22,074 | numpy_client.py:242 | cached_clock: 19, curr_clock: 21
INFO flower 2021-04-06 08:44:35,158 | numpy_client.py:192 | Cache is fresh, return FitRes(clock=21)
DEBUG flower 2021-04-06 08:44:36,351 | numpy_client.py:167 | fit, FitIns(clock=22)
DEBUG flower 2021-04-06 08:44:36,351 | numpy_client.py:242 | cached_clock: 19, curr_clock: 22
INFO flower 2021-04-06 08:44:36,351 | numpy_client.py:179 | Cache is stale, return ReadIns
DEBUG flower 2021-04-06 08:46:14,929 | numpy_client.py:215 | read: ReadRes(clock=20)
DEBUG flower 2021-04-06 08:46:14,970 | numpy_client.py:167 | fit, FitIns(clock=22)
DEBUG flower 2021-04-06 08:46:14,971 | numpy_client.py:242 | cached_clock: 20, curr_clock: 22
INFO flower 2021-04-06 08:46:28,458 | numpy_client.py:192 | Cache is fresh, return FitRes(clock=22)
DEBUG flower 2021-04-06 08:46:29,632 | numpy_client.py:167 | fit, FitIns(clock=23)
DEBUG flower 2021-04-06 08:46:29,633 | numpy_client.py:242 | cached_clock: 20, curr_clock: 23
INFO flower 2021-04-06 08:46:29,633 | numpy_client.py:179 | Cache is stale, return ReadIns
DEBUG flower 2021-04-06 08:48:07,253 | numpy_client.py:215 | read: ReadRes(clock=21)
DEBUG flower 2021-04-06 08:48:07,294 | numpy_client.py:167 | fit, FitIns(clock=23)
DEBUG flower 2021-04-06 08:48:07,294 | numpy_client.py:242 | cached_clock: 21, curr_clock: 23
INFO flower 2021-04-06 08:48:21,366 | numpy_client.py:192 | Cache is fresh, return FitRes(clock=23)
DEBUG flower 2021-04-06 08:48:22,550 | numpy_client.py:167 | fit, FitIns(clock=24)
DEBUG flower 2021-04-06 08:48:22,550 | numpy_client.py:242 | cached_clock: 21, curr_clock: 24
INFO flower 2021-04-06 08:48:22,550 | numpy_client.py:179 | Cache is stale, return ReadIns
DEBUG flower 2021-04-06 08:49:59,606 | numpy_client.py:215 | read: ReadRes(clock=22)
DEBUG flower 2021-04-06 08:49:59,648 | numpy_client.py:167 | fit, FitIns(clock=24)
DEBUG flower 2021-04-06 08:49:59,648 | numpy_client.py:242 | cached_clock: 22, curr_clock: 24
INFO flower 2021-04-06 08:50:12,669 | numpy_client.py:192 | Cache is fresh, return FitRes(clock=24)
DEBUG flower 2021-04-06 08:50:13,919 | numpy_client.py:167 | fit, FitIns(clock=25)
DEBUG flower 2021-04-06 08:50:13,919 | numpy_client.py:242 | cached_clock: 22, curr_clock: 25
INFO flower 2021-04-06 08:50:13,919 | numpy_client.py:179 | Cache is stale, return ReadIns
DEBUG flower 2021-04-06 08:51:51,001 | numpy_client.py:215 | read: ReadRes(clock=23)
DEBUG flower 2021-04-06 08:51:51,042 | numpy_client.py:167 | fit, FitIns(clock=25)
DEBUG flower 2021-04-06 08:51:51,042 | numpy_client.py:242 | cached_clock: 23, curr_clock: 25
INFO flower 2021-04-06 08:52:04,973 | numpy_client.py:192 | Cache is fresh, return FitRes(clock=25)
DEBUG flower 2021-04-06 08:52:06,110 | numpy_client.py:167 | fit, FitIns(clock=26)
DEBUG flower 2021-04-06 08:52:06,110 | numpy_client.py:242 | cached_clock: 23, curr_clock: 26
INFO flower 2021-04-06 08:52:06,110 | numpy_client.py:179 | Cache is stale, return ReadIns
DEBUG flower 2021-04-06 08:53:43,874 | numpy_client.py:215 | read: ReadRes(clock=24)
DEBUG flower 2021-04-06 08:53:43,914 | numpy_client.py:167 | fit, FitIns(clock=26)
DEBUG flower 2021-04-06 08:53:43,915 | numpy_client.py:242 | cached_clock: 24, curr_clock: 26
INFO flower 2021-04-06 08:53:57,466 | numpy_client.py:192 | Cache is fresh, return FitRes(clock=26)
DEBUG flower 2021-04-06 08:53:58,734 | numpy_client.py:167 | fit, FitIns(clock=27)
DEBUG flower 2021-04-06 08:53:58,734 | numpy_client.py:242 | cached_clock: 24, curr_clock: 27
INFO flower 2021-04-06 08:53:58,734 | numpy_client.py:179 | Cache is stale, return ReadIns
DEBUG flower 2021-04-06 08:55:37,322 | numpy_client.py:215 | read: ReadRes(clock=25)
DEBUG flower 2021-04-06 08:55:37,363 | numpy_client.py:167 | fit, FitIns(clock=27)
DEBUG flower 2021-04-06 08:55:37,363 | numpy_client.py:242 | cached_clock: 25, curr_clock: 27
INFO flower 2021-04-06 08:55:50,969 | numpy_client.py:192 | Cache is fresh, return FitRes(clock=27)
DEBUG flower 2021-04-06 08:55:52,139 | numpy_client.py:167 | fit, FitIns(clock=28)
DEBUG flower 2021-04-06 08:55:52,139 | numpy_client.py:242 | cached_clock: 25, curr_clock: 28
INFO flower 2021-04-06 08:55:52,139 | numpy_client.py:179 | Cache is stale, return ReadIns
DEBUG flower 2021-04-06 08:57:27,066 | numpy_client.py:215 | read: ReadRes(clock=26)
DEBUG flower 2021-04-06 08:57:27,107 | numpy_client.py:167 | fit, FitIns(clock=28)
DEBUG flower 2021-04-06 08:57:27,108 | numpy_client.py:242 | cached_clock: 26, curr_clock: 28
INFO flower 2021-04-06 08:57:39,847 | numpy_client.py:192 | Cache is fresh, return FitRes(clock=28)
DEBUG flower 2021-04-06 08:57:41,612 | numpy_client.py:167 | fit, FitIns(clock=29)
DEBUG flower 2021-04-06 08:57:41,612 | numpy_client.py:242 | cached_clock: 26, curr_clock: 29
INFO flower 2021-04-06 08:57:41,612 | numpy_client.py:179 | Cache is stale, return ReadIns
DEBUG flower 2021-04-06 08:59:21,112 | numpy_client.py:215 | read: ReadRes(clock=27)
DEBUG flower 2021-04-06 08:59:21,153 | numpy_client.py:167 | fit, FitIns(clock=29)
DEBUG flower 2021-04-06 08:59:21,153 | numpy_client.py:242 | cached_clock: 27, curr_clock: 29
INFO flower 2021-04-06 08:59:34,157 | numpy_client.py:192 | Cache is fresh, return FitRes(clock=29)
DEBUG flower 2021-04-06 08:59:35,342 | numpy_client.py:167 | fit, FitIns(clock=30)
DEBUG flower 2021-04-06 08:59:35,343 | numpy_client.py:242 | cached_clock: 27, curr_clock: 30
INFO flower 2021-04-06 08:59:35,343 | numpy_client.py:179 | Cache is stale, return ReadIns
DEBUG flower 2021-04-06 09:01:12,247 | numpy_client.py:215 | read: ReadRes(clock=28)
DEBUG flower 2021-04-06 09:01:12,291 | numpy_client.py:167 | fit, FitIns(clock=30)
DEBUG flower 2021-04-06 09:01:12,291 | numpy_client.py:242 | cached_clock: 28, curr_clock: 30
INFO flower 2021-04-06 09:01:25,365 | numpy_client.py:192 | Cache is fresh, return FitRes(clock=30)
DEBUG flower 2021-04-06 09:01:26,540 | numpy_client.py:167 | fit, FitIns(clock=31)
DEBUG flower 2021-04-06 09:01:26,540 | numpy_client.py:242 | cached_clock: 28, curr_clock: 31
INFO flower 2021-04-06 09:01:26,540 | numpy_client.py:179 | Cache is stale, return ReadIns
DEBUG flower 2021-04-06 09:03:05,124 | numpy_client.py:215 | read: ReadRes(clock=29)
DEBUG flower 2021-04-06 09:03:05,165 | numpy_client.py:167 | fit, FitIns(clock=31)
DEBUG flower 2021-04-06 09:03:05,166 | numpy_client.py:242 | cached_clock: 29, curr_clock: 31
INFO flower 2021-04-06 09:03:18,370 | numpy_client.py:192 | Cache is fresh, return FitRes(clock=31)
DEBUG flower 2021-04-06 09:03:19,617 | numpy_client.py:167 | fit, FitIns(clock=32)
DEBUG flower 2021-04-06 09:03:19,617 | numpy_client.py:242 | cached_clock: 29, curr_clock: 32
INFO flower 2021-04-06 09:03:19,617 | numpy_client.py:179 | Cache is stale, return ReadIns
DEBUG flower 2021-04-06 09:04:56,083 | numpy_client.py:215 | read: ReadRes(clock=30)
DEBUG flower 2021-04-06 09:04:56,124 | numpy_client.py:167 | fit, FitIns(clock=32)
DEBUG flower 2021-04-06 09:04:56,124 | numpy_client.py:242 | cached_clock: 30, curr_clock: 32
INFO flower 2021-04-06 09:05:09,469 | numpy_client.py:192 | Cache is fresh, return FitRes(clock=32)
DEBUG flower 2021-04-06 09:05:10,625 | numpy_client.py:167 | fit, FitIns(clock=33)
DEBUG flower 2021-04-06 09:05:10,625 | numpy_client.py:242 | cached_clock: 30, curr_clock: 33
INFO flower 2021-04-06 09:05:10,625 | numpy_client.py:179 | Cache is stale, return ReadIns
DEBUG flower 2021-04-06 09:06:51,609 | numpy_client.py:215 | read: ReadRes(clock=31)
DEBUG flower 2021-04-06 09:06:51,649 | numpy_client.py:167 | fit, FitIns(clock=33)
DEBUG flower 2021-04-06 09:06:51,650 | numpy_client.py:242 | cached_clock: 31, curr_clock: 33
INFO flower 2021-04-06 09:07:05,161 | numpy_client.py:192 | Cache is fresh, return FitRes(clock=33)
DEBUG flower 2021-04-06 09:07:06,314 | numpy_client.py:167 | fit, FitIns(clock=34)
DEBUG flower 2021-04-06 09:07:06,314 | numpy_client.py:242 | cached_clock: 31, curr_clock: 34
INFO flower 2021-04-06 09:07:06,315 | numpy_client.py:179 | Cache is stale, return ReadIns
DEBUG flower 2021-04-06 09:08:43,734 | numpy_client.py:215 | read: ReadRes(clock=32)
DEBUG flower 2021-04-06 09:08:43,775 | numpy_client.py:167 | fit, FitIns(clock=34)
DEBUG flower 2021-04-06 09:08:43,775 | numpy_client.py:242 | cached_clock: 32, curr_clock: 34
INFO flower 2021-04-06 09:08:56,974 | numpy_client.py:192 | Cache is fresh, return FitRes(clock=34)
DEBUG flower 2021-04-06 09:08:58,122 | numpy_client.py:167 | fit, FitIns(clock=35)
DEBUG flower 2021-04-06 09:08:58,122 | numpy_client.py:242 | cached_clock: 32, curr_clock: 35
INFO flower 2021-04-06 09:08:58,122 | numpy_client.py:179 | Cache is stale, return ReadIns
DEBUG flower 2021-04-06 09:10:37,402 | numpy_client.py:215 | read: ReadRes(clock=33)
DEBUG flower 2021-04-06 09:10:37,443 | numpy_client.py:167 | fit, FitIns(clock=35)
DEBUG flower 2021-04-06 09:10:37,443 | numpy_client.py:242 | cached_clock: 33, curr_clock: 35
INFO flower 2021-04-06 09:10:50,862 | numpy_client.py:192 | Cache is fresh, return FitRes(clock=35)
DEBUG flower 2021-04-06 09:10:52,025 | numpy_client.py:167 | fit, FitIns(clock=36)
DEBUG flower 2021-04-06 09:10:52,026 | numpy_client.py:242 | cached_clock: 33, curr_clock: 36
INFO flower 2021-04-06 09:10:52,026 | numpy_client.py:179 | Cache is stale, return ReadIns
DEBUG flower 2021-04-06 09:12:29,884 | numpy_client.py:215 | read: ReadRes(clock=34)
DEBUG flower 2021-04-06 09:12:29,925 | numpy_client.py:167 | fit, FitIns(clock=36)
DEBUG flower 2021-04-06 09:12:29,925 | numpy_client.py:242 | cached_clock: 34, curr_clock: 36
INFO flower 2021-04-06 09:12:42,871 | numpy_client.py:192 | Cache is fresh, return FitRes(clock=36)
DEBUG flower 2021-04-06 09:12:44,009 | numpy_client.py:167 | fit, FitIns(clock=37)
DEBUG flower 2021-04-06 09:12:44,009 | numpy_client.py:242 | cached_clock: 34, curr_clock: 37
INFO flower 2021-04-06 09:12:44,009 | numpy_client.py:179 | Cache is stale, return ReadIns
DEBUG flower 2021-04-06 09:14:22,899 | numpy_client.py:215 | read: ReadRes(clock=35)
DEBUG flower 2021-04-06 09:14:22,940 | numpy_client.py:167 | fit, FitIns(clock=37)
DEBUG flower 2021-04-06 09:14:22,940 | numpy_client.py:242 | cached_clock: 35, curr_clock: 37
INFO flower 2021-04-06 09:14:36,278 | numpy_client.py:192 | Cache is fresh, return FitRes(clock=37)
DEBUG flower 2021-04-06 09:14:37,418 | numpy_client.py:167 | fit, FitIns(clock=38)
DEBUG flower 2021-04-06 09:14:37,418 | numpy_client.py:242 | cached_clock: 35, curr_clock: 38
INFO flower 2021-04-06 09:14:37,418 | numpy_client.py:179 | Cache is stale, return ReadIns
DEBUG flower 2021-04-06 09:16:16,074 | numpy_client.py:215 | read: ReadRes(clock=36)
DEBUG flower 2021-04-06 09:16:16,116 | numpy_client.py:167 | fit, FitIns(clock=38)
DEBUG flower 2021-04-06 09:16:16,116 | numpy_client.py:242 | cached_clock: 36, curr_clock: 38
INFO flower 2021-04-06 09:16:29,259 | numpy_client.py:192 | Cache is fresh, return FitRes(clock=38)
DEBUG flower 2021-04-06 09:16:30,549 | numpy_client.py:167 | fit, FitIns(clock=39)
DEBUG flower 2021-04-06 09:16:30,549 | numpy_client.py:242 | cached_clock: 36, curr_clock: 39
INFO flower 2021-04-06 09:16:30,550 | numpy_client.py:179 | Cache is stale, return ReadIns
DEBUG flower 2021-04-06 09:18:10,631 | numpy_client.py:215 | read: ReadRes(clock=37)
DEBUG flower 2021-04-06 09:18:10,672 | numpy_client.py:167 | fit, FitIns(clock=39)
DEBUG flower 2021-04-06 09:18:10,672 | numpy_client.py:242 | cached_clock: 37, curr_clock: 39
INFO flower 2021-04-06 09:18:23,785 | numpy_client.py:192 | Cache is fresh, return FitRes(clock=39)
DEBUG flower 2021-04-06 09:18:24,934 | numpy_client.py:167 | fit, FitIns(clock=40)
DEBUG flower 2021-04-06 09:18:24,934 | numpy_client.py:242 | cached_clock: 37, curr_clock: 40
INFO flower 2021-04-06 09:18:24,934 | numpy_client.py:179 | Cache is stale, return ReadIns
DEBUG flower 2021-04-06 09:20:03,853 | numpy_client.py:215 | read: ReadRes(clock=38)
DEBUG flower 2021-04-06 09:20:03,894 | numpy_client.py:167 | fit, FitIns(clock=40)
DEBUG flower 2021-04-06 09:20:03,894 | numpy_client.py:242 | cached_clock: 38, curr_clock: 40
INFO flower 2021-04-06 09:20:17,266 | numpy_client.py:192 | Cache is fresh, return FitRes(clock=40)
DEBUG flower 2021-04-06 09:20:18,437 | numpy_client.py:167 | fit, FitIns(clock=41)
DEBUG flower 2021-04-06 09:20:18,437 | numpy_client.py:242 | cached_clock: 38, curr_clock: 41
INFO flower 2021-04-06 09:20:18,437 | numpy_client.py:179 | Cache is stale, return ReadIns
DEBUG flower 2021-04-06 09:21:57,087 | numpy_client.py:215 | read: ReadRes(clock=39)
DEBUG flower 2021-04-06 09:21:57,127 | numpy_client.py:167 | fit, FitIns(clock=41)
DEBUG flower 2021-04-06 09:21:57,128 | numpy_client.py:242 | cached_clock: 39, curr_clock: 41
INFO flower 2021-04-06 09:22:09,871 | numpy_client.py:192 | Cache is fresh, return FitRes(clock=41)
DEBUG flower 2021-04-06 09:22:11,014 | numpy_client.py:167 | fit, FitIns(clock=42)
DEBUG flower 2021-04-06 09:22:11,014 | numpy_client.py:242 | cached_clock: 39, curr_clock: 42
INFO flower 2021-04-06 09:22:11,014 | numpy_client.py:179 | Cache is stale, return ReadIns
DEBUG flower 2021-04-06 09:23:48,719 | numpy_client.py:215 | read: ReadRes(clock=40)
DEBUG flower 2021-04-06 09:23:48,761 | numpy_client.py:167 | fit, FitIns(clock=42)
DEBUG flower 2021-04-06 09:23:48,761 | numpy_client.py:242 | cached_clock: 40, curr_clock: 42
INFO flower 2021-04-06 09:24:00,839 | numpy_client.py:192 | Cache is fresh, return FitRes(clock=42)
DEBUG flower 2021-04-06 09:24:02,009 | numpy_client.py:167 | fit, FitIns(clock=43)
DEBUG flower 2021-04-06 09:24:02,009 | numpy_client.py:242 | cached_clock: 40, curr_clock: 43
INFO flower 2021-04-06 09:24:02,009 | numpy_client.py:179 | Cache is stale, return ReadIns
DEBUG flower 2021-04-06 09:25:42,067 | numpy_client.py:215 | read: ReadRes(clock=41)
DEBUG flower 2021-04-06 09:25:42,109 | numpy_client.py:167 | fit, FitIns(clock=43)
DEBUG flower 2021-04-06 09:25:42,109 | numpy_client.py:242 | cached_clock: 41, curr_clock: 43
INFO flower 2021-04-06 09:25:55,414 | numpy_client.py:192 | Cache is fresh, return FitRes(clock=43)
DEBUG flower 2021-04-06 09:25:56,523 | numpy_client.py:167 | fit, FitIns(clock=44)
DEBUG flower 2021-04-06 09:25:56,524 | numpy_client.py:242 | cached_clock: 41, curr_clock: 44
INFO flower 2021-04-06 09:25:56,524 | numpy_client.py:179 | Cache is stale, return ReadIns
DEBUG flower 2021-04-06 09:27:32,406 | numpy_client.py:215 | read: ReadRes(clock=42)
DEBUG flower 2021-04-06 09:27:32,451 | numpy_client.py:167 | fit, FitIns(clock=44)
DEBUG flower 2021-04-06 09:27:32,451 | numpy_client.py:242 | cached_clock: 42, curr_clock: 44
INFO flower 2021-04-06 09:27:45,847 | numpy_client.py:192 | Cache is fresh, return FitRes(clock=44)
DEBUG flower 2021-04-06 09:27:47,024 | numpy_client.py:167 | fit, FitIns(clock=45)
DEBUG flower 2021-04-06 09:27:47,024 | numpy_client.py:242 | cached_clock: 42, curr_clock: 45
INFO flower 2021-04-06 09:27:47,024 | numpy_client.py:179 | Cache is stale, return ReadIns
DEBUG flower 2021-04-06 09:29:28,531 | numpy_client.py:215 | read: ReadRes(clock=43)
DEBUG flower 2021-04-06 09:29:28,572 | numpy_client.py:167 | fit, FitIns(clock=45)
DEBUG flower 2021-04-06 09:29:28,572 | numpy_client.py:242 | cached_clock: 43, curr_clock: 45
INFO flower 2021-04-06 09:29:41,557 | numpy_client.py:192 | Cache is fresh, return FitRes(clock=45)
DEBUG flower 2021-04-06 09:29:42,716 | numpy_client.py:167 | fit, FitIns(clock=46)
DEBUG flower 2021-04-06 09:29:42,716 | numpy_client.py:242 | cached_clock: 43, curr_clock: 46
INFO flower 2021-04-06 09:29:42,717 | numpy_client.py:179 | Cache is stale, return ReadIns
DEBUG flower 2021-04-06 09:31:18,985 | numpy_client.py:215 | read: ReadRes(clock=44)
DEBUG flower 2021-04-06 09:31:19,025 | numpy_client.py:167 | fit, FitIns(clock=46)
DEBUG flower 2021-04-06 09:31:19,025 | numpy_client.py:242 | cached_clock: 44, curr_clock: 46
INFO flower 2021-04-06 09:31:32,270 | numpy_client.py:192 | Cache is fresh, return FitRes(clock=46)
DEBUG flower 2021-04-06 09:31:33,917 | numpy_client.py:167 | fit, FitIns(clock=47)
DEBUG flower 2021-04-06 09:31:33,917 | numpy_client.py:242 | cached_clock: 44, curr_clock: 47
INFO flower 2021-04-06 09:31:33,917 | numpy_client.py:179 | Cache is stale, return ReadIns
DEBUG flower 2021-04-06 09:33:14,578 | numpy_client.py:215 | read: ReadRes(clock=45)
DEBUG flower 2021-04-06 09:33:14,618 | numpy_client.py:167 | fit, FitIns(clock=47)
DEBUG flower 2021-04-06 09:33:14,618 | numpy_client.py:242 | cached_clock: 45, curr_clock: 47
INFO flower 2021-04-06 09:33:28,364 | numpy_client.py:192 | Cache is fresh, return FitRes(clock=47)
DEBUG flower 2021-04-06 09:33:29,534 | numpy_client.py:167 | fit, FitIns(clock=48)
DEBUG flower 2021-04-06 09:33:29,535 | numpy_client.py:242 | cached_clock: 45, curr_clock: 48
INFO flower 2021-04-06 09:33:29,535 | numpy_client.py:179 | Cache is stale, return ReadIns
DEBUG flower 2021-04-06 09:35:06,053 | numpy_client.py:215 | read: ReadRes(clock=46)
DEBUG flower 2021-04-06 09:35:06,094 | numpy_client.py:167 | fit, FitIns(clock=48)
DEBUG flower 2021-04-06 09:35:06,094 | numpy_client.py:242 | cached_clock: 46, curr_clock: 48
INFO flower 2021-04-06 09:35:19,378 | numpy_client.py:192 | Cache is fresh, return FitRes(clock=48)
DEBUG flower 2021-04-06 09:35:20,518 | numpy_client.py:167 | fit, FitIns(clock=49)
DEBUG flower 2021-04-06 09:35:20,518 | numpy_client.py:242 | cached_clock: 46, curr_clock: 49
INFO flower 2021-04-06 09:35:20,519 | numpy_client.py:179 | Cache is stale, return ReadIns
DEBUG flower 2021-04-06 09:36:59,967 | numpy_client.py:215 | read: ReadRes(clock=47)
DEBUG flower 2021-04-06 09:37:00,008 | numpy_client.py:167 | fit, FitIns(clock=49)
DEBUG flower 2021-04-06 09:37:00,008 | numpy_client.py:242 | cached_clock: 47, curr_clock: 49
INFO flower 2021-04-06 09:37:14,269 | numpy_client.py:192 | Cache is fresh, return FitRes(clock=49)
DEBUG flower 2021-04-06 09:37:14,269 | numpy_client.py:204 | The client finishes computing after 5390 seconds
INFO flower 2021-04-06 09:44:10,940 | numpy_client.py:232 | [32;1m Loss: 3.425, Accuracy: 39.286%[0m
DEBUG flower 2021-04-06 09:44:11,032 | connection.py:68 | Insecure gRPC channel closed
INFO flower 2021-04-06 09:44:11,032 | app.py:72 | Disconnect and shut down
Namespace(idx=6, max_delay=0, min_delay=0, num_clients=7, server_ip='10.244.51.31:8080', staleness_bound=2)
I'm client 6
Start SSP client without delay
Files already downloaded and verified
Files already downloaded and verified
[32;1mClient 6: 142 train samples, 28 test samples[0m
Files already downloaded and verified
Files already downloaded and verified
Testing on full test set: 313, 1574.4006278514862, 0.3461
Testing on partial test set: 1, 3.4250142574310303, 0.39285714285714285
