DEBUG flower 2021-04-10 14:49:27,348 | client.py:83 | Start SSP client with delay [40,80]
DEBUG flower 2021-04-10 14:49:32,884 | connection.py:36 | ChannelConnectivity.IDLE
DEBUG flower 2021-04-10 14:49:32,886 | connection.py:36 | ChannelConnectivity.CONNECTING
INFO flower 2021-04-10 14:49:32,886 | app.py:63 | Opened (insecure) gRPC connection
DEBUG flower 2021-04-10 14:49:32,886 | app.py:66 | Waiting for message from server...
DEBUG flower 2021-04-10 14:49:32,903 | connection.py:36 | ChannelConnectivity.READY
DEBUG flower 2021-04-10 14:49:42,071 | app.py:68 | Received server message. Handling...
DEBUG flower 2021-04-10 14:49:42,072 | numpy_client.py:172 | fit, FitIns(clock=0)
INFO flower 2021-04-10 14:49:42,072 | numpy_client.py:184 | Cache is stale, return ReadIns
DEBUG flower 2021-04-10 14:49:42,072 | app.py:66 | Waiting for message from server...
DEBUG flower 2021-04-10 14:49:42,186 | app.py:68 | Received server message. Handling...
DEBUG flower 2021-04-10 14:49:42,186 | numpy_client.py:228 | read: ReadRes(clock=-1)
DEBUG flower 2021-04-10 14:49:42,201 | numpy_client.py:172 | fit, FitIns(clock=0)
DEBUG flower 2021-04-10 14:49:42,201 | numpy_client.py:260 | cached_clock: -1, curr_clock: 0
INFO flower 2021-04-10 14:49:43,778 | numpy_client.py:205 | Cache is fresh, return FitRes(clock=0)
INFO flower 2021-04-10 14:49:43,778 | chaos.py:14 | Delay 74 sec
DEBUG flower 2021-04-10 14:50:57,807 | app.py:66 | Waiting for message from server...
DEBUG flower 2021-04-10 14:50:57,828 | app.py:68 | Received server message. Handling...
DEBUG flower 2021-04-10 14:50:57,828 | numpy_client.py:172 | fit, FitIns(clock=1)
DEBUG flower 2021-04-10 14:50:57,829 | numpy_client.py:260 | cached_clock: -1, curr_clock: 1
INFO flower 2021-04-10 14:50:57,829 | numpy_client.py:184 | Cache is stale, return ReadIns
DEBUG flower 2021-04-10 14:50:57,829 | app.py:66 | Waiting for message from server...
DEBUG flower 2021-04-10 14:51:01,590 | app.py:68 | Received server message. Handling...
DEBUG flower 2021-04-10 14:51:01,591 | numpy_client.py:228 | read: ReadRes(clock=0)
DEBUG flower 2021-04-10 14:51:01,598 | numpy_client.py:172 | fit, FitIns(clock=1)
DEBUG flower 2021-04-10 14:51:01,598 | numpy_client.py:260 | cached_clock: 0, curr_clock: 1
INFO flower 2021-04-10 14:51:03,153 | numpy_client.py:205 | Cache is fresh, return FitRes(clock=1)
INFO flower 2021-04-10 14:51:03,153 | chaos.py:14 | Delay 78 sec
DEBUG flower 2021-04-10 14:52:21,166 | app.py:66 | Waiting for message from server...
DEBUG flower 2021-04-10 14:52:27,805 | app.py:68 | Received server message. Handling...
DEBUG flower 2021-04-10 14:52:27,806 | numpy_client.py:172 | fit, FitIns(clock=2)
DEBUG flower 2021-04-10 14:52:27,806 | numpy_client.py:260 | cached_clock: 0, curr_clock: 2
INFO flower 2021-04-10 14:52:27,806 | numpy_client.py:184 | Cache is stale, return ReadIns
DEBUG flower 2021-04-10 14:52:27,806 | app.py:66 | Waiting for message from server...
DEBUG flower 2021-04-10 14:52:33,692 | app.py:68 | Received server message. Handling...
DEBUG flower 2021-04-10 14:52:33,693 | numpy_client.py:228 | read: ReadRes(clock=1)
DEBUG flower 2021-04-10 14:52:33,699 | numpy_client.py:172 | fit, FitIns(clock=2)
DEBUG flower 2021-04-10 14:52:33,699 | numpy_client.py:260 | cached_clock: 1, curr_clock: 2
INFO flower 2021-04-10 14:52:35,169 | numpy_client.py:205 | Cache is fresh, return FitRes(clock=2)
INFO flower 2021-04-10 14:52:35,169 | chaos.py:14 | Delay 63 sec
DEBUG flower 2021-04-10 14:53:38,233 | app.py:66 | Waiting for message from server...
DEBUG flower 2021-04-10 14:53:38,253 | app.py:68 | Received server message. Handling...
DEBUG flower 2021-04-10 14:53:38,253 | numpy_client.py:172 | fit, FitIns(clock=3)
DEBUG flower 2021-04-10 14:53:38,253 | numpy_client.py:260 | cached_clock: 1, curr_clock: 3
INFO flower 2021-04-10 14:53:38,254 | numpy_client.py:184 | Cache is stale, return ReadIns
DEBUG flower 2021-04-10 14:53:38,254 | app.py:66 | Waiting for message from server...
DEBUG flower 2021-04-10 14:53:47,983 | app.py:68 | Received server message. Handling...
DEBUG flower 2021-04-10 14:53:47,983 | numpy_client.py:228 | read: ReadRes(clock=2)
DEBUG flower 2021-04-10 14:53:47,991 | numpy_client.py:172 | fit, FitIns(clock=3)
DEBUG flower 2021-04-10 14:53:47,991 | numpy_client.py:260 | cached_clock: 2, curr_clock: 3
INFO flower 2021-04-10 14:53:49,549 | numpy_client.py:205 | Cache is fresh, return FitRes(clock=3)
INFO flower 2021-04-10 14:53:49,549 | chaos.py:14 | Delay 44 sec
DEBUG flower 2021-04-10 14:54:33,594 | app.py:66 | Waiting for message from server...
DEBUG flower 2021-04-10 14:54:33,615 | app.py:68 | Received server message. Handling...
DEBUG flower 2021-04-10 14:54:33,616 | numpy_client.py:172 | fit, FitIns(clock=4)
DEBUG flower 2021-04-10 14:54:33,616 | numpy_client.py:260 | cached_clock: 2, curr_clock: 4
INFO flower 2021-04-10 14:54:33,616 | numpy_client.py:184 | Cache is stale, return ReadIns
DEBUG flower 2021-04-10 14:54:33,617 | app.py:66 | Waiting for message from server...
DEBUG flower 2021-04-10 14:54:43,260 | app.py:68 | Received server message. Handling...
DEBUG flower 2021-04-10 14:54:43,261 | numpy_client.py:228 | read: ReadRes(clock=3)
DEBUG flower 2021-04-10 14:54:43,268 | numpy_client.py:172 | fit, FitIns(clock=4)
DEBUG flower 2021-04-10 14:54:43,268 | numpy_client.py:260 | cached_clock: 3, curr_clock: 4
INFO flower 2021-04-10 14:54:44,854 | numpy_client.py:205 | Cache is fresh, return FitRes(clock=4)
INFO flower 2021-04-10 14:54:44,854 | chaos.py:14 | Delay 47 sec
DEBUG flower 2021-04-10 14:55:31,902 | app.py:66 | Waiting for message from server...
DEBUG flower 2021-04-10 14:55:31,926 | app.py:68 | Received server message. Handling...
DEBUG flower 2021-04-10 14:55:31,926 | numpy_client.py:172 | fit, FitIns(clock=5)
DEBUG flower 2021-04-10 14:55:31,926 | numpy_client.py:260 | cached_clock: 3, curr_clock: 5
INFO flower 2021-04-10 14:55:31,927 | numpy_client.py:184 | Cache is stale, return ReadIns
DEBUG flower 2021-04-10 14:55:31,927 | app.py:66 | Waiting for message from server...
DEBUG flower 2021-04-10 14:55:41,368 | app.py:68 | Received server message. Handling...
DEBUG flower 2021-04-10 14:55:41,368 | numpy_client.py:228 | read: ReadRes(clock=4)
DEBUG flower 2021-04-10 14:55:41,376 | numpy_client.py:172 | fit, FitIns(clock=5)
DEBUG flower 2021-04-10 14:55:41,376 | numpy_client.py:260 | cached_clock: 4, curr_clock: 5
INFO flower 2021-04-10 14:55:43,044 | numpy_client.py:205 | Cache is fresh, return FitRes(clock=5)
INFO flower 2021-04-10 14:55:43,044 | chaos.py:14 | Delay 47 sec
DEBUG flower 2021-04-10 14:56:30,092 | app.py:66 | Waiting for message from server...
DEBUG flower 2021-04-10 14:56:30,116 | app.py:68 | Received server message. Handling...
DEBUG flower 2021-04-10 14:56:30,116 | numpy_client.py:172 | fit, FitIns(clock=6)
DEBUG flower 2021-04-10 14:56:30,116 | numpy_client.py:260 | cached_clock: 4, curr_clock: 6
INFO flower 2021-04-10 14:56:30,116 | numpy_client.py:184 | Cache is stale, return ReadIns
DEBUG flower 2021-04-10 14:56:30,117 | app.py:66 | Waiting for message from server...
DEBUG flower 2021-04-10 14:56:39,259 | app.py:68 | Received server message. Handling...
DEBUG flower 2021-04-10 14:56:39,260 | numpy_client.py:228 | read: ReadRes(clock=5)
DEBUG flower 2021-04-10 14:56:39,267 | numpy_client.py:172 | fit, FitIns(clock=6)
DEBUG flower 2021-04-10 14:56:39,267 | numpy_client.py:260 | cached_clock: 5, curr_clock: 6
INFO flower 2021-04-10 14:56:40,851 | numpy_client.py:205 | Cache is fresh, return FitRes(clock=6)
INFO flower 2021-04-10 14:56:40,851 | chaos.py:14 | Delay 79 sec
DEBUG flower 2021-04-10 14:57:59,931 | app.py:66 | Waiting for message from server...
DEBUG flower 2021-04-10 14:57:59,954 | app.py:68 | Received server message. Handling...
DEBUG flower 2021-04-10 14:57:59,954 | numpy_client.py:172 | fit, FitIns(clock=7)
DEBUG flower 2021-04-10 14:57:59,955 | numpy_client.py:260 | cached_clock: 5, curr_clock: 7
INFO flower 2021-04-10 14:57:59,955 | numpy_client.py:184 | Cache is stale, return ReadIns
DEBUG flower 2021-04-10 14:57:59,955 | app.py:66 | Waiting for message from server...
DEBUG flower 2021-04-10 14:58:09,544 | app.py:68 | Received server message. Handling...
DEBUG flower 2021-04-10 14:58:09,544 | numpy_client.py:228 | read: ReadRes(clock=6)
DEBUG flower 2021-04-10 14:58:09,551 | numpy_client.py:172 | fit, FitIns(clock=7)
DEBUG flower 2021-04-10 14:58:09,551 | numpy_client.py:260 | cached_clock: 6, curr_clock: 7
INFO flower 2021-04-10 14:58:11,149 | numpy_client.py:205 | Cache is fresh, return FitRes(clock=7)
INFO flower 2021-04-10 14:58:11,149 | chaos.py:14 | Delay 79 sec
DEBUG flower 2021-04-10 14:59:30,194 | app.py:66 | Waiting for message from server...
DEBUG flower 2021-04-10 14:59:30,219 | app.py:68 | Received server message. Handling...
DEBUG flower 2021-04-10 14:59:30,220 | numpy_client.py:172 | fit, FitIns(clock=8)
DEBUG flower 2021-04-10 14:59:30,220 | numpy_client.py:260 | cached_clock: 6, curr_clock: 8
INFO flower 2021-04-10 14:59:30,220 | numpy_client.py:184 | Cache is stale, return ReadIns
DEBUG flower 2021-04-10 14:59:30,220 | app.py:66 | Waiting for message from server...
DEBUG flower 2021-04-10 14:59:39,466 | app.py:68 | Received server message. Handling...
DEBUG flower 2021-04-10 14:59:39,467 | numpy_client.py:228 | read: ReadRes(clock=7)
DEBUG flower 2021-04-10 14:59:39,474 | numpy_client.py:172 | fit, FitIns(clock=8)
DEBUG flower 2021-04-10 14:59:39,474 | numpy_client.py:260 | cached_clock: 7, curr_clock: 8
INFO flower 2021-04-10 14:59:41,046 | numpy_client.py:205 | Cache is fresh, return FitRes(clock=8)
INFO flower 2021-04-10 14:59:41,046 | chaos.py:14 | Delay 45 sec
DEBUG flower 2021-04-10 15:00:26,060 | app.py:66 | Waiting for message from server...
DEBUG flower 2021-04-10 15:00:26,083 | app.py:68 | Received server message. Handling...
DEBUG flower 2021-04-10 15:00:26,083 | numpy_client.py:172 | fit, FitIns(clock=9)
DEBUG flower 2021-04-10 15:00:26,083 | numpy_client.py:260 | cached_clock: 7, curr_clock: 9
INFO flower 2021-04-10 15:00:26,084 | numpy_client.py:184 | Cache is stale, return ReadIns
DEBUG flower 2021-04-10 15:00:26,084 | app.py:66 | Waiting for message from server...
DEBUG flower 2021-04-10 15:00:35,454 | app.py:68 | Received server message. Handling...
DEBUG flower 2021-04-10 15:00:35,454 | numpy_client.py:228 | read: ReadRes(clock=8)
DEBUG flower 2021-04-10 15:00:35,462 | numpy_client.py:172 | fit, FitIns(clock=9)
DEBUG flower 2021-04-10 15:00:35,462 | numpy_client.py:260 | cached_clock: 8, curr_clock: 9
INFO flower 2021-04-10 15:00:37,049 | numpy_client.py:205 | Cache is fresh, return FitRes(clock=9)
INFO flower 2021-04-10 15:00:37,050 | chaos.py:14 | Delay 54 sec
DEBUG flower 2021-04-10 15:01:31,057 | app.py:66 | Waiting for message from server...
DEBUG flower 2021-04-10 15:01:31,080 | app.py:68 | Received server message. Handling...
DEBUG flower 2021-04-10 15:01:31,081 | numpy_client.py:172 | fit, FitIns(clock=10)
DEBUG flower 2021-04-10 15:01:31,081 | numpy_client.py:260 | cached_clock: 8, curr_clock: 10
INFO flower 2021-04-10 15:01:31,081 | numpy_client.py:184 | Cache is stale, return ReadIns
DEBUG flower 2021-04-10 15:01:31,082 | app.py:66 | Waiting for message from server...
DEBUG flower 2021-04-10 15:01:40,373 | app.py:68 | Received server message. Handling...
DEBUG flower 2021-04-10 15:01:40,374 | numpy_client.py:228 | read: ReadRes(clock=9)
DEBUG flower 2021-04-10 15:01:40,383 | numpy_client.py:172 | fit, FitIns(clock=10)
DEBUG flower 2021-04-10 15:01:40,383 | numpy_client.py:260 | cached_clock: 9, curr_clock: 10
INFO flower 2021-04-10 15:01:41,987 | numpy_client.py:205 | Cache is fresh, return FitRes(clock=10)
INFO flower 2021-04-10 15:01:42,043 | chaos.py:14 | Delay 65 sec
DEBUG flower 2021-04-10 15:02:47,109 | app.py:66 | Waiting for message from server...
DEBUG flower 2021-04-10 15:02:47,130 | app.py:68 | Received server message. Handling...
DEBUG flower 2021-04-10 15:02:47,130 | numpy_client.py:172 | fit, FitIns(clock=11)
DEBUG flower 2021-04-10 15:02:47,130 | numpy_client.py:260 | cached_clock: 9, curr_clock: 11
INFO flower 2021-04-10 15:02:47,130 | numpy_client.py:184 | Cache is stale, return ReadIns
DEBUG flower 2021-04-10 15:02:47,131 | app.py:66 | Waiting for message from server...
DEBUG flower 2021-04-10 15:02:56,465 | app.py:68 | Received server message. Handling...
DEBUG flower 2021-04-10 15:02:56,466 | numpy_client.py:228 | read: ReadRes(clock=10)
DEBUG flower 2021-04-10 15:02:56,473 | numpy_client.py:172 | fit, FitIns(clock=11)
DEBUG flower 2021-04-10 15:02:56,473 | numpy_client.py:260 | cached_clock: 10, curr_clock: 11
INFO flower 2021-04-10 15:02:57,983 | numpy_client.py:205 | Cache is fresh, return FitRes(clock=11)
INFO flower 2021-04-10 15:02:57,983 | chaos.py:14 | Delay 71 sec
DEBUG flower 2021-04-10 15:04:09,055 | app.py:66 | Waiting for message from server...
DEBUG flower 2021-04-10 15:04:09,075 | app.py:68 | Received server message. Handling...
DEBUG flower 2021-04-10 15:04:09,075 | numpy_client.py:172 | fit, FitIns(clock=12)
DEBUG flower 2021-04-10 15:04:09,075 | numpy_client.py:260 | cached_clock: 10, curr_clock: 12
INFO flower 2021-04-10 15:04:09,076 | numpy_client.py:184 | Cache is stale, return ReadIns
DEBUG flower 2021-04-10 15:04:09,076 | app.py:66 | Waiting for message from server...
DEBUG flower 2021-04-10 15:04:18,382 | app.py:68 | Received server message. Handling...
DEBUG flower 2021-04-10 15:04:18,383 | numpy_client.py:228 | read: ReadRes(clock=11)
DEBUG flower 2021-04-10 15:04:18,390 | numpy_client.py:172 | fit, FitIns(clock=12)
DEBUG flower 2021-04-10 15:04:18,390 | numpy_client.py:260 | cached_clock: 11, curr_clock: 12
INFO flower 2021-04-10 15:04:19,955 | numpy_client.py:205 | Cache is fresh, return FitRes(clock=12)
INFO flower 2021-04-10 15:04:19,956 | chaos.py:14 | Delay 78 sec
DEBUG flower 2021-04-10 15:05:38,034 | app.py:66 | Waiting for message from server...
DEBUG flower 2021-04-10 15:05:38,057 | app.py:68 | Received server message. Handling...
DEBUG flower 2021-04-10 15:05:38,058 | numpy_client.py:172 | fit, FitIns(clock=13)
DEBUG flower 2021-04-10 15:05:38,058 | numpy_client.py:260 | cached_clock: 11, curr_clock: 13
INFO flower 2021-04-10 15:05:38,058 | numpy_client.py:184 | Cache is stale, return ReadIns
DEBUG flower 2021-04-10 15:05:38,058 | app.py:66 | Waiting for message from server...
DEBUG flower 2021-04-10 15:05:47,344 | app.py:68 | Received server message. Handling...
DEBUG flower 2021-04-10 15:05:47,344 | numpy_client.py:228 | read: ReadRes(clock=12)
DEBUG flower 2021-04-10 15:05:47,352 | numpy_client.py:172 | fit, FitIns(clock=13)
DEBUG flower 2021-04-10 15:05:47,352 | numpy_client.py:260 | cached_clock: 12, curr_clock: 13
INFO flower 2021-04-10 15:05:48,970 | numpy_client.py:205 | Cache is fresh, return FitRes(clock=13)
INFO flower 2021-04-10 15:05:48,971 | chaos.py:14 | Delay 71 sec
DEBUG flower 2021-04-10 15:07:00,022 | app.py:66 | Waiting for message from server...
DEBUG flower 2021-04-10 15:07:00,045 | app.py:68 | Received server message. Handling...
DEBUG flower 2021-04-10 15:07:00,046 | numpy_client.py:172 | fit, FitIns(clock=14)
DEBUG flower 2021-04-10 15:07:00,046 | numpy_client.py:260 | cached_clock: 12, curr_clock: 14
INFO flower 2021-04-10 15:07:00,046 | numpy_client.py:184 | Cache is stale, return ReadIns
DEBUG flower 2021-04-10 15:07:00,046 | app.py:66 | Waiting for message from server...
DEBUG flower 2021-04-10 15:07:09,144 | app.py:68 | Received server message. Handling...
DEBUG flower 2021-04-10 15:07:09,145 | numpy_client.py:228 | read: ReadRes(clock=13)
DEBUG flower 2021-04-10 15:07:09,153 | numpy_client.py:172 | fit, FitIns(clock=14)
DEBUG flower 2021-04-10 15:07:09,153 | numpy_client.py:260 | cached_clock: 13, curr_clock: 14
INFO flower 2021-04-10 15:07:10,771 | numpy_client.py:205 | Cache is fresh, return FitRes(clock=14)
INFO flower 2021-04-10 15:07:10,772 | chaos.py:14 | Delay 59 sec
DEBUG flower 2021-04-10 15:08:09,832 | app.py:66 | Waiting for message from server...
DEBUG flower 2021-04-10 15:08:16,275 | app.py:68 | Received server message. Handling...
DEBUG flower 2021-04-10 15:08:16,275 | numpy_client.py:172 | fit, FitIns(clock=15)
DEBUG flower 2021-04-10 15:08:16,275 | numpy_client.py:260 | cached_clock: 13, curr_clock: 15
INFO flower 2021-04-10 15:08:16,276 | numpy_client.py:184 | Cache is stale, return ReadIns
DEBUG flower 2021-04-10 15:08:16,276 | app.py:66 | Waiting for message from server...
DEBUG flower 2021-04-10 15:08:19,168 | app.py:68 | Received server message. Handling...
DEBUG flower 2021-04-10 15:08:19,168 | numpy_client.py:228 | read: ReadRes(clock=14)
DEBUG flower 2021-04-10 15:08:19,176 | numpy_client.py:172 | fit, FitIns(clock=15)
DEBUG flower 2021-04-10 15:08:19,176 | numpy_client.py:260 | cached_clock: 14, curr_clock: 15
INFO flower 2021-04-10 15:08:20,782 | numpy_client.py:205 | Cache is fresh, return FitRes(clock=15)
INFO flower 2021-04-10 15:08:20,783 | chaos.py:14 | Delay 45 sec
DEBUG flower 2021-04-10 15:09:05,794 | app.py:66 | Waiting for message from server...
DEBUG flower 2021-04-10 15:09:05,817 | app.py:68 | Received server message. Handling...
DEBUG flower 2021-04-10 15:09:05,817 | numpy_client.py:172 | fit, FitIns(clock=16)
DEBUG flower 2021-04-10 15:09:05,818 | numpy_client.py:260 | cached_clock: 14, curr_clock: 16
INFO flower 2021-04-10 15:09:05,818 | numpy_client.py:184 | Cache is stale, return ReadIns
DEBUG flower 2021-04-10 15:09:05,818 | app.py:66 | Waiting for message from server...
DEBUG flower 2021-04-10 15:09:14,790 | app.py:68 | Received server message. Handling...
DEBUG flower 2021-04-10 15:09:14,790 | numpy_client.py:228 | read: ReadRes(clock=15)
DEBUG flower 2021-04-10 15:09:14,798 | numpy_client.py:172 | fit, FitIns(clock=16)
DEBUG flower 2021-04-10 15:09:14,798 | numpy_client.py:260 | cached_clock: 15, curr_clock: 16
INFO flower 2021-04-10 15:09:16,364 | numpy_client.py:205 | Cache is fresh, return FitRes(clock=16)
INFO flower 2021-04-10 15:09:16,365 | chaos.py:14 | Delay 60 sec
DEBUG flower 2021-04-10 15:10:16,425 | app.py:66 | Waiting for message from server...
DEBUG flower 2021-04-10 15:10:16,448 | app.py:68 | Received server message. Handling...
DEBUG flower 2021-04-10 15:10:16,449 | numpy_client.py:172 | fit, FitIns(clock=17)
DEBUG flower 2021-04-10 15:10:16,449 | numpy_client.py:260 | cached_clock: 15, curr_clock: 17
INFO flower 2021-04-10 15:10:16,449 | numpy_client.py:184 | Cache is stale, return ReadIns
DEBUG flower 2021-04-10 15:10:16,449 | app.py:66 | Waiting for message from server...
DEBUG flower 2021-04-10 15:10:25,859 | app.py:68 | Received server message. Handling...
DEBUG flower 2021-04-10 15:10:25,860 | numpy_client.py:228 | read: ReadRes(clock=16)
DEBUG flower 2021-04-10 15:10:25,866 | numpy_client.py:172 | fit, FitIns(clock=17)
DEBUG flower 2021-04-10 15:10:25,867 | numpy_client.py:260 | cached_clock: 16, curr_clock: 17
INFO flower 2021-04-10 15:10:27,567 | numpy_client.py:205 | Cache is fresh, return FitRes(clock=17)
INFO flower 2021-04-10 15:10:27,567 | chaos.py:14 | Delay 41 sec
DEBUG flower 2021-04-10 15:11:08,580 | app.py:66 | Waiting for message from server...
DEBUG flower 2021-04-10 15:11:08,602 | app.py:68 | Received server message. Handling...
DEBUG flower 2021-04-10 15:11:08,603 | numpy_client.py:172 | fit, FitIns(clock=18)
DEBUG flower 2021-04-10 15:11:08,603 | numpy_client.py:260 | cached_clock: 16, curr_clock: 18
INFO flower 2021-04-10 15:11:08,603 | numpy_client.py:184 | Cache is stale, return ReadIns
DEBUG flower 2021-04-10 15:11:08,603 | app.py:66 | Waiting for message from server...
DEBUG flower 2021-04-10 15:11:17,957 | app.py:68 | Received server message. Handling...
DEBUG flower 2021-04-10 15:11:17,958 | numpy_client.py:228 | read: ReadRes(clock=17)
DEBUG flower 2021-04-10 15:11:17,965 | numpy_client.py:172 | fit, FitIns(clock=18)
DEBUG flower 2021-04-10 15:11:17,965 | numpy_client.py:260 | cached_clock: 17, curr_clock: 18
INFO flower 2021-04-10 15:11:19,552 | numpy_client.py:205 | Cache is fresh, return FitRes(clock=18)
INFO flower 2021-04-10 15:11:19,553 | chaos.py:14 | Delay 68 sec
DEBUG flower 2021-04-10 15:12:27,622 | app.py:66 | Waiting for message from server...
DEBUG flower 2021-04-10 15:12:27,644 | app.py:68 | Received server message. Handling...
DEBUG flower 2021-04-10 15:12:27,644 | numpy_client.py:172 | fit, FitIns(clock=19)
DEBUG flower 2021-04-10 15:12:27,644 | numpy_client.py:260 | cached_clock: 17, curr_clock: 19
INFO flower 2021-04-10 15:12:27,644 | numpy_client.py:184 | Cache is stale, return ReadIns
DEBUG flower 2021-04-10 15:12:27,645 | app.py:66 | Waiting for message from server...
DEBUG flower 2021-04-10 15:12:36,856 | app.py:68 | Received server message. Handling...
DEBUG flower 2021-04-10 15:12:36,856 | numpy_client.py:228 | read: ReadRes(clock=18)
DEBUG flower 2021-04-10 15:12:36,864 | numpy_client.py:172 | fit, FitIns(clock=19)
DEBUG flower 2021-04-10 15:12:36,864 | numpy_client.py:260 | cached_clock: 18, curr_clock: 19
INFO flower 2021-04-10 15:12:38,448 | numpy_client.py:205 | Cache is fresh, return FitRes(clock=19)
INFO flower 2021-04-10 15:12:38,449 | chaos.py:14 | Delay 66 sec
DEBUG flower 2021-04-10 15:13:44,487 | app.py:66 | Waiting for message from server...
DEBUG flower 2021-04-10 15:13:44,508 | app.py:68 | Received server message. Handling...
DEBUG flower 2021-04-10 15:13:44,508 | numpy_client.py:172 | fit, FitIns(clock=20)
DEBUG flower 2021-04-10 15:13:44,508 | numpy_client.py:260 | cached_clock: 18, curr_clock: 20
INFO flower 2021-04-10 15:13:44,509 | numpy_client.py:184 | Cache is stale, return ReadIns
DEBUG flower 2021-04-10 15:13:44,509 | app.py:66 | Waiting for message from server...
DEBUG flower 2021-04-10 15:13:53,853 | app.py:68 | Received server message. Handling...
DEBUG flower 2021-04-10 15:13:53,854 | numpy_client.py:228 | read: ReadRes(clock=19)
DEBUG flower 2021-04-10 15:13:53,860 | numpy_client.py:172 | fit, FitIns(clock=20)
DEBUG flower 2021-04-10 15:13:53,860 | numpy_client.py:260 | cached_clock: 19, curr_clock: 20
INFO flower 2021-04-10 15:13:55,473 | numpy_client.py:205 | Cache is fresh, return FitRes(clock=20)
INFO flower 2021-04-10 15:13:55,473 | chaos.py:14 | Delay 59 sec
DEBUG flower 2021-04-10 15:14:54,511 | app.py:66 | Waiting for message from server...
DEBUG flower 2021-04-10 15:14:54,532 | app.py:68 | Received server message. Handling...
DEBUG flower 2021-04-10 15:14:54,533 | numpy_client.py:172 | fit, FitIns(clock=21)
DEBUG flower 2021-04-10 15:14:54,533 | numpy_client.py:260 | cached_clock: 19, curr_clock: 21
INFO flower 2021-04-10 15:14:54,533 | numpy_client.py:184 | Cache is stale, return ReadIns
DEBUG flower 2021-04-10 15:14:54,534 | app.py:66 | Waiting for message from server...
DEBUG flower 2021-04-10 15:15:03,759 | app.py:68 | Received server message. Handling...
DEBUG flower 2021-04-10 15:15:03,759 | numpy_client.py:228 | read: ReadRes(clock=20)
DEBUG flower 2021-04-10 15:15:03,767 | numpy_client.py:172 | fit, FitIns(clock=21)
DEBUG flower 2021-04-10 15:15:03,767 | numpy_client.py:260 | cached_clock: 20, curr_clock: 21
INFO flower 2021-04-10 15:15:05,365 | numpy_client.py:205 | Cache is fresh, return FitRes(clock=21)
INFO flower 2021-04-10 15:15:05,365 | chaos.py:14 | Delay 78 sec
DEBUG flower 2021-04-10 15:16:23,444 | app.py:66 | Waiting for message from server...
DEBUG flower 2021-04-10 15:16:23,464 | app.py:68 | Received server message. Handling...
DEBUG flower 2021-04-10 15:16:23,464 | numpy_client.py:172 | fit, FitIns(clock=22)
DEBUG flower 2021-04-10 15:16:23,464 | numpy_client.py:260 | cached_clock: 20, curr_clock: 22
INFO flower 2021-04-10 15:16:23,464 | numpy_client.py:184 | Cache is stale, return ReadIns
DEBUG flower 2021-04-10 15:16:23,465 | app.py:66 | Waiting for message from server...
DEBUG flower 2021-04-10 15:16:32,972 | app.py:68 | Received server message. Handling...
DEBUG flower 2021-04-10 15:16:32,973 | numpy_client.py:228 | read: ReadRes(clock=21)
DEBUG flower 2021-04-10 15:16:32,980 | numpy_client.py:172 | fit, FitIns(clock=22)
DEBUG flower 2021-04-10 15:16:32,980 | numpy_client.py:260 | cached_clock: 21, curr_clock: 22
INFO flower 2021-04-10 15:16:34,387 | numpy_client.py:205 | Cache is fresh, return FitRes(clock=22)
INFO flower 2021-04-10 15:16:34,388 | chaos.py:14 | Delay 60 sec
DEBUG flower 2021-04-10 15:17:34,443 | app.py:66 | Waiting for message from server...
DEBUG flower 2021-04-10 15:17:34,464 | app.py:68 | Received server message. Handling...
DEBUG flower 2021-04-10 15:17:34,464 | numpy_client.py:172 | fit, FitIns(clock=23)
DEBUG flower 2021-04-10 15:17:34,464 | numpy_client.py:260 | cached_clock: 21, curr_clock: 23
INFO flower 2021-04-10 15:17:34,465 | numpy_client.py:184 | Cache is stale, return ReadIns
DEBUG flower 2021-04-10 15:17:34,465 | app.py:66 | Waiting for message from server...
DEBUG flower 2021-04-10 15:17:44,057 | app.py:68 | Received server message. Handling...
DEBUG flower 2021-04-10 15:17:44,058 | numpy_client.py:228 | read: ReadRes(clock=22)
DEBUG flower 2021-04-10 15:17:44,065 | numpy_client.py:172 | fit, FitIns(clock=23)
DEBUG flower 2021-04-10 15:17:44,065 | numpy_client.py:260 | cached_clock: 22, curr_clock: 23
INFO flower 2021-04-10 15:17:45,551 | numpy_client.py:205 | Cache is fresh, return FitRes(clock=23)
INFO flower 2021-04-10 15:17:45,552 | chaos.py:14 | Delay 69 sec
DEBUG flower 2021-04-10 15:18:54,622 | app.py:66 | Waiting for message from server...
DEBUG flower 2021-04-10 15:18:54,645 | app.py:68 | Received server message. Handling...
DEBUG flower 2021-04-10 15:18:54,646 | numpy_client.py:172 | fit, FitIns(clock=24)
DEBUG flower 2021-04-10 15:18:54,646 | numpy_client.py:260 | cached_clock: 22, curr_clock: 24
INFO flower 2021-04-10 15:18:54,646 | numpy_client.py:184 | Cache is stale, return ReadIns
DEBUG flower 2021-04-10 15:18:54,647 | app.py:66 | Waiting for message from server...
DEBUG flower 2021-04-10 15:19:03,854 | app.py:68 | Received server message. Handling...
DEBUG flower 2021-04-10 15:19:03,855 | numpy_client.py:228 | read: ReadRes(clock=23)
DEBUG flower 2021-04-10 15:19:03,862 | numpy_client.py:172 | fit, FitIns(clock=24)
DEBUG flower 2021-04-10 15:19:03,862 | numpy_client.py:260 | cached_clock: 23, curr_clock: 24
INFO flower 2021-04-10 15:19:05,487 | numpy_client.py:205 | Cache is fresh, return FitRes(clock=24)
INFO flower 2021-04-10 15:19:05,487 | chaos.py:14 | Delay 40 sec
DEBUG flower 2021-04-10 15:19:45,504 | app.py:66 | Waiting for message from server...
DEBUG flower 2021-04-10 15:19:45,526 | app.py:68 | Received server message. Handling...
DEBUG flower 2021-04-10 15:19:45,527 | numpy_client.py:172 | fit, FitIns(clock=25)
DEBUG flower 2021-04-10 15:19:45,527 | numpy_client.py:260 | cached_clock: 23, curr_clock: 25
INFO flower 2021-04-10 15:19:45,527 | numpy_client.py:184 | Cache is stale, return ReadIns
DEBUG flower 2021-04-10 15:19:45,527 | app.py:66 | Waiting for message from server...
DEBUG flower 2021-04-10 15:19:54,857 | app.py:68 | Received server message. Handling...
DEBUG flower 2021-04-10 15:19:54,858 | numpy_client.py:228 | read: ReadRes(clock=24)
DEBUG flower 2021-04-10 15:19:54,865 | numpy_client.py:172 | fit, FitIns(clock=25)
DEBUG flower 2021-04-10 15:19:54,865 | numpy_client.py:260 | cached_clock: 24, curr_clock: 25
INFO flower 2021-04-10 15:19:56,367 | numpy_client.py:205 | Cache is fresh, return FitRes(clock=25)
INFO flower 2021-04-10 15:19:56,367 | chaos.py:14 | Delay 79 sec
DEBUG flower 2021-04-10 15:21:15,386 | app.py:66 | Waiting for message from server...
DEBUG flower 2021-04-10 15:21:15,407 | app.py:68 | Received server message. Handling...
DEBUG flower 2021-04-10 15:21:15,408 | numpy_client.py:172 | fit, FitIns(clock=26)
DEBUG flower 2021-04-10 15:21:15,408 | numpy_client.py:260 | cached_clock: 24, curr_clock: 26
INFO flower 2021-04-10 15:21:15,408 | numpy_client.py:184 | Cache is stale, return ReadIns
DEBUG flower 2021-04-10 15:21:15,408 | app.py:66 | Waiting for message from server...
DEBUG flower 2021-04-10 15:21:25,073 | app.py:68 | Received server message. Handling...
DEBUG flower 2021-04-10 15:21:25,073 | numpy_client.py:228 | read: ReadRes(clock=25)
DEBUG flower 2021-04-10 15:21:25,083 | numpy_client.py:172 | fit, FitIns(clock=26)
DEBUG flower 2021-04-10 15:21:25,084 | numpy_client.py:260 | cached_clock: 25, curr_clock: 26
INFO flower 2021-04-10 15:21:26,752 | numpy_client.py:205 | Cache is fresh, return FitRes(clock=26)
INFO flower 2021-04-10 15:21:26,752 | chaos.py:14 | Delay 47 sec
DEBUG flower 2021-04-10 15:22:13,797 | app.py:66 | Waiting for message from server...
DEBUG flower 2021-04-10 15:22:13,820 | app.py:68 | Received server message. Handling...
DEBUG flower 2021-04-10 15:22:13,820 | numpy_client.py:172 | fit, FitIns(clock=27)
DEBUG flower 2021-04-10 15:22:13,820 | numpy_client.py:260 | cached_clock: 25, curr_clock: 27
INFO flower 2021-04-10 15:22:13,821 | numpy_client.py:184 | Cache is stale, return ReadIns
DEBUG flower 2021-04-10 15:22:13,821 | app.py:66 | Waiting for message from server...
DEBUG flower 2021-04-10 15:22:22,850 | app.py:68 | Received server message. Handling...
DEBUG flower 2021-04-10 15:22:22,850 | numpy_client.py:228 | read: ReadRes(clock=26)
DEBUG flower 2021-04-10 15:22:22,858 | numpy_client.py:172 | fit, FitIns(clock=27)
DEBUG flower 2021-04-10 15:22:22,858 | numpy_client.py:260 | cached_clock: 26, curr_clock: 27
INFO flower 2021-04-10 15:22:24,476 | numpy_client.py:205 | Cache is fresh, return FitRes(clock=27)
INFO flower 2021-04-10 15:22:24,476 | chaos.py:14 | Delay 64 sec
DEBUG flower 2021-04-10 15:23:28,524 | app.py:66 | Waiting for message from server...
DEBUG flower 2021-04-10 15:23:28,546 | app.py:68 | Received server message. Handling...
DEBUG flower 2021-04-10 15:23:28,546 | numpy_client.py:172 | fit, FitIns(clock=28)
DEBUG flower 2021-04-10 15:23:28,546 | numpy_client.py:260 | cached_clock: 26, curr_clock: 28
INFO flower 2021-04-10 15:23:28,547 | numpy_client.py:184 | Cache is stale, return ReadIns
DEBUG flower 2021-04-10 15:23:28,547 | app.py:66 | Waiting for message from server...
DEBUG flower 2021-04-10 15:23:38,059 | app.py:68 | Received server message. Handling...
DEBUG flower 2021-04-10 15:23:38,059 | numpy_client.py:228 | read: ReadRes(clock=27)
DEBUG flower 2021-04-10 15:23:38,067 | numpy_client.py:172 | fit, FitIns(clock=28)
DEBUG flower 2021-04-10 15:23:38,067 | numpy_client.py:260 | cached_clock: 27, curr_clock: 28
INFO flower 2021-04-10 15:23:39,566 | numpy_client.py:205 | Cache is fresh, return FitRes(clock=28)
INFO flower 2021-04-10 15:23:39,566 | chaos.py:14 | Delay 51 sec
DEBUG flower 2021-04-10 15:24:30,618 | app.py:66 | Waiting for message from server...
DEBUG flower 2021-04-10 15:24:30,642 | app.py:68 | Received server message. Handling...
DEBUG flower 2021-04-10 15:24:30,642 | numpy_client.py:172 | fit, FitIns(clock=29)
DEBUG flower 2021-04-10 15:24:30,642 | numpy_client.py:260 | cached_clock: 27, curr_clock: 29
INFO flower 2021-04-10 15:24:30,642 | numpy_client.py:184 | Cache is stale, return ReadIns
DEBUG flower 2021-04-10 15:24:30,643 | app.py:66 | Waiting for message from server...
DEBUG flower 2021-04-10 15:24:39,958 | app.py:68 | Received server message. Handling...
DEBUG flower 2021-04-10 15:24:39,958 | numpy_client.py:228 | read: ReadRes(clock=28)
DEBUG flower 2021-04-10 15:24:39,965 | numpy_client.py:172 | fit, FitIns(clock=29)
DEBUG flower 2021-04-10 15:24:39,965 | numpy_client.py:260 | cached_clock: 28, curr_clock: 29
INFO flower 2021-04-10 15:24:41,549 | numpy_client.py:205 | Cache is fresh, return FitRes(clock=29)
INFO flower 2021-04-10 15:24:41,550 | chaos.py:14 | Delay 73 sec
DEBUG flower 2021-04-10 15:25:54,596 | app.py:66 | Waiting for message from server...
DEBUG flower 2021-04-10 15:25:54,617 | app.py:68 | Received server message. Handling...
DEBUG flower 2021-04-10 15:25:54,618 | numpy_client.py:172 | fit, FitIns(clock=30)
DEBUG flower 2021-04-10 15:25:54,618 | numpy_client.py:260 | cached_clock: 28, curr_clock: 30
INFO flower 2021-04-10 15:25:54,618 | numpy_client.py:184 | Cache is stale, return ReadIns
DEBUG flower 2021-04-10 15:25:54,618 | app.py:66 | Waiting for message from server...
DEBUG flower 2021-04-10 15:26:03,995 | app.py:68 | Received server message. Handling...
DEBUG flower 2021-04-10 15:26:03,996 | numpy_client.py:228 | read: ReadRes(clock=29)
DEBUG flower 2021-04-10 15:26:04,047 | numpy_client.py:172 | fit, FitIns(clock=30)
DEBUG flower 2021-04-10 15:26:04,047 | numpy_client.py:260 | cached_clock: 29, curr_clock: 30
INFO flower 2021-04-10 15:26:05,551 | numpy_client.py:205 | Cache is fresh, return FitRes(clock=30)
INFO flower 2021-04-10 15:26:05,551 | chaos.py:14 | Delay 76 sec
DEBUG flower 2021-04-10 15:27:21,628 | app.py:66 | Waiting for message from server...
DEBUG flower 2021-04-10 15:27:21,648 | app.py:68 | Received server message. Handling...
DEBUG flower 2021-04-10 15:27:21,649 | numpy_client.py:172 | fit, FitIns(clock=31)
DEBUG flower 2021-04-10 15:27:21,649 | numpy_client.py:260 | cached_clock: 29, curr_clock: 31
INFO flower 2021-04-10 15:27:21,649 | numpy_client.py:184 | Cache is stale, return ReadIns
DEBUG flower 2021-04-10 15:27:21,649 | app.py:66 | Waiting for message from server...
DEBUG flower 2021-04-10 15:27:31,012 | app.py:68 | Received server message. Handling...
DEBUG flower 2021-04-10 15:27:31,012 | numpy_client.py:228 | read: ReadRes(clock=30)
DEBUG flower 2021-04-10 15:27:31,019 | numpy_client.py:172 | fit, FitIns(clock=31)
DEBUG flower 2021-04-10 15:27:31,019 | numpy_client.py:260 | cached_clock: 30, curr_clock: 31
INFO flower 2021-04-10 15:27:32,659 | numpy_client.py:205 | Cache is fresh, return FitRes(clock=31)
INFO flower 2021-04-10 15:27:32,660 | chaos.py:14 | Delay 58 sec
DEBUG flower 2021-04-10 15:28:30,666 | app.py:66 | Waiting for message from server...
DEBUG flower 2021-04-10 15:28:30,689 | app.py:68 | Received server message. Handling...
DEBUG flower 2021-04-10 15:28:30,690 | numpy_client.py:172 | fit, FitIns(clock=32)
DEBUG flower 2021-04-10 15:28:30,690 | numpy_client.py:260 | cached_clock: 30, curr_clock: 32
INFO flower 2021-04-10 15:28:30,690 | numpy_client.py:184 | Cache is stale, return ReadIns
DEBUG flower 2021-04-10 15:28:30,691 | app.py:66 | Waiting for message from server...
DEBUG flower 2021-04-10 15:28:40,170 | app.py:68 | Received server message. Handling...
DEBUG flower 2021-04-10 15:28:40,171 | numpy_client.py:228 | read: ReadRes(clock=31)
DEBUG flower 2021-04-10 15:28:40,178 | numpy_client.py:172 | fit, FitIns(clock=32)
DEBUG flower 2021-04-10 15:28:40,178 | numpy_client.py:260 | cached_clock: 31, curr_clock: 32
INFO flower 2021-04-10 15:28:41,756 | numpy_client.py:205 | Cache is fresh, return FitRes(clock=32)
INFO flower 2021-04-10 15:28:41,757 | chaos.py:14 | Delay 63 sec
DEBUG flower 2021-04-10 15:29:44,820 | app.py:66 | Waiting for message from server...
DEBUG flower 2021-04-10 15:29:44,841 | app.py:68 | Received server message. Handling...
DEBUG flower 2021-04-10 15:29:44,841 | numpy_client.py:172 | fit, FitIns(clock=33)
DEBUG flower 2021-04-10 15:29:44,841 | numpy_client.py:260 | cached_clock: 31, curr_clock: 33
INFO flower 2021-04-10 15:29:44,842 | numpy_client.py:184 | Cache is stale, return ReadIns
DEBUG flower 2021-04-10 15:29:44,842 | app.py:66 | Waiting for message from server...
DEBUG flower 2021-04-10 15:29:53,855 | app.py:68 | Received server message. Handling...
DEBUG flower 2021-04-10 15:29:53,856 | numpy_client.py:228 | read: ReadRes(clock=32)
DEBUG flower 2021-04-10 15:29:53,865 | numpy_client.py:172 | fit, FitIns(clock=33)
DEBUG flower 2021-04-10 15:29:53,866 | numpy_client.py:260 | cached_clock: 32, curr_clock: 33
INFO flower 2021-04-10 15:29:55,368 | numpy_client.py:205 | Cache is fresh, return FitRes(clock=33)
INFO flower 2021-04-10 15:29:55,369 | chaos.py:14 | Delay 70 sec
DEBUG flower 2021-04-10 15:31:05,439 | app.py:66 | Waiting for message from server...
DEBUG flower 2021-04-10 15:31:05,458 | app.py:68 | Received server message. Handling...
DEBUG flower 2021-04-10 15:31:05,459 | numpy_client.py:172 | fit, FitIns(clock=34)
DEBUG flower 2021-04-10 15:31:05,459 | numpy_client.py:260 | cached_clock: 32, curr_clock: 34
INFO flower 2021-04-10 15:31:05,459 | numpy_client.py:184 | Cache is stale, return ReadIns
DEBUG flower 2021-04-10 15:31:05,459 | app.py:66 | Waiting for message from server...
DEBUG flower 2021-04-10 15:31:14,777 | app.py:68 | Received server message. Handling...
DEBUG flower 2021-04-10 15:31:14,778 | numpy_client.py:228 | read: ReadRes(clock=33)
DEBUG flower 2021-04-10 15:31:14,785 | numpy_client.py:172 | fit, FitIns(clock=34)
DEBUG flower 2021-04-10 15:31:14,785 | numpy_client.py:260 | cached_clock: 33, curr_clock: 34
INFO flower 2021-04-10 15:31:16,350 | numpy_client.py:205 | Cache is fresh, return FitRes(clock=34)
INFO flower 2021-04-10 15:31:16,350 | chaos.py:14 | Delay 78 sec
DEBUG flower 2021-04-10 15:32:34,402 | app.py:66 | Waiting for message from server...
DEBUG flower 2021-04-10 15:32:34,424 | app.py:68 | Received server message. Handling...
DEBUG flower 2021-04-10 15:32:34,425 | numpy_client.py:172 | fit, FitIns(clock=35)
DEBUG flower 2021-04-10 15:32:34,425 | numpy_client.py:260 | cached_clock: 33, curr_clock: 35
INFO flower 2021-04-10 15:32:34,425 | numpy_client.py:184 | Cache is stale, return ReadIns
DEBUG flower 2021-04-10 15:32:34,425 | app.py:66 | Waiting for message from server...
DEBUG flower 2021-04-10 15:32:43,644 | app.py:68 | Received server message. Handling...
DEBUG flower 2021-04-10 15:32:43,645 | numpy_client.py:228 | read: ReadRes(clock=34)
DEBUG flower 2021-04-10 15:32:43,652 | numpy_client.py:172 | fit, FitIns(clock=35)
DEBUG flower 2021-04-10 15:32:43,652 | numpy_client.py:260 | cached_clock: 34, curr_clock: 35
INFO flower 2021-04-10 15:32:45,171 | numpy_client.py:205 | Cache is fresh, return FitRes(clock=35)
INFO flower 2021-04-10 15:32:45,172 | chaos.py:14 | Delay 70 sec
DEBUG flower 2021-04-10 15:33:55,175 | app.py:66 | Waiting for message from server...
DEBUG flower 2021-04-10 15:33:55,196 | app.py:68 | Received server message. Handling...
DEBUG flower 2021-04-10 15:33:55,197 | numpy_client.py:172 | fit, FitIns(clock=36)
DEBUG flower 2021-04-10 15:33:55,197 | numpy_client.py:260 | cached_clock: 34, curr_clock: 36
INFO flower 2021-04-10 15:33:55,197 | numpy_client.py:184 | Cache is stale, return ReadIns
DEBUG flower 2021-04-10 15:33:55,197 | app.py:66 | Waiting for message from server...
DEBUG flower 2021-04-10 15:34:04,444 | app.py:68 | Received server message. Handling...
DEBUG flower 2021-04-10 15:34:04,445 | numpy_client.py:228 | read: ReadRes(clock=35)
DEBUG flower 2021-04-10 15:34:04,452 | numpy_client.py:172 | fit, FitIns(clock=36)
DEBUG flower 2021-04-10 15:34:04,452 | numpy_client.py:260 | cached_clock: 35, curr_clock: 36
INFO flower 2021-04-10 15:34:05,885 | numpy_client.py:205 | Cache is fresh, return FitRes(clock=36)
INFO flower 2021-04-10 15:34:05,885 | chaos.py:14 | Delay 56 sec
DEBUG flower 2021-04-10 15:35:01,927 | app.py:66 | Waiting for message from server...
DEBUG flower 2021-04-10 15:35:01,950 | app.py:68 | Received server message. Handling...
DEBUG flower 2021-04-10 15:35:01,950 | numpy_client.py:172 | fit, FitIns(clock=37)
DEBUG flower 2021-04-10 15:35:01,951 | numpy_client.py:260 | cached_clock: 35, curr_clock: 37
INFO flower 2021-04-10 15:35:01,951 | numpy_client.py:184 | Cache is stale, return ReadIns
DEBUG flower 2021-04-10 15:35:01,951 | app.py:66 | Waiting for message from server...
DEBUG flower 2021-04-10 15:35:11,256 | app.py:68 | Received server message. Handling...
DEBUG flower 2021-04-10 15:35:11,256 | numpy_client.py:228 | read: ReadRes(clock=36)
DEBUG flower 2021-04-10 15:35:11,263 | numpy_client.py:172 | fit, FitIns(clock=37)
DEBUG flower 2021-04-10 15:35:11,264 | numpy_client.py:260 | cached_clock: 36, curr_clock: 37
INFO flower 2021-04-10 15:35:12,870 | numpy_client.py:205 | Cache is fresh, return FitRes(clock=37)
INFO flower 2021-04-10 15:35:12,870 | chaos.py:14 | Delay 76 sec
DEBUG flower 2021-04-10 15:36:28,892 | app.py:66 | Waiting for message from server...
DEBUG flower 2021-04-10 15:36:28,913 | app.py:68 | Received server message. Handling...
DEBUG flower 2021-04-10 15:36:28,914 | numpy_client.py:172 | fit, FitIns(clock=38)
DEBUG flower 2021-04-10 15:36:28,914 | numpy_client.py:260 | cached_clock: 36, curr_clock: 38
INFO flower 2021-04-10 15:36:28,914 | numpy_client.py:184 | Cache is stale, return ReadIns
DEBUG flower 2021-04-10 15:36:28,914 | app.py:66 | Waiting for message from server...
DEBUG flower 2021-04-10 15:36:38,080 | app.py:68 | Received server message. Handling...
DEBUG flower 2021-04-10 15:36:38,080 | numpy_client.py:228 | read: ReadRes(clock=37)
DEBUG flower 2021-04-10 15:36:38,088 | numpy_client.py:172 | fit, FitIns(clock=38)
DEBUG flower 2021-04-10 15:36:38,088 | numpy_client.py:260 | cached_clock: 37, curr_clock: 38
INFO flower 2021-04-10 15:36:39,656 | numpy_client.py:205 | Cache is fresh, return FitRes(clock=38)
INFO flower 2021-04-10 15:36:39,656 | chaos.py:14 | Delay 61 sec
DEBUG flower 2021-04-10 15:37:40,718 | app.py:66 | Waiting for message from server...
DEBUG flower 2021-04-10 15:37:40,739 | app.py:68 | Received server message. Handling...
DEBUG flower 2021-04-10 15:37:40,740 | numpy_client.py:172 | fit, FitIns(clock=39)
DEBUG flower 2021-04-10 15:37:40,740 | numpy_client.py:260 | cached_clock: 37, curr_clock: 39
INFO flower 2021-04-10 15:37:40,740 | numpy_client.py:184 | Cache is stale, return ReadIns
DEBUG flower 2021-04-10 15:37:40,740 | app.py:66 | Waiting for message from server...
DEBUG flower 2021-04-10 15:37:49,856 | app.py:68 | Received server message. Handling...
DEBUG flower 2021-04-10 15:37:49,856 | numpy_client.py:228 | read: ReadRes(clock=38)
DEBUG flower 2021-04-10 15:37:49,862 | numpy_client.py:172 | fit, FitIns(clock=39)
DEBUG flower 2021-04-10 15:37:49,862 | numpy_client.py:260 | cached_clock: 38, curr_clock: 39
INFO flower 2021-04-10 15:37:51,451 | numpy_client.py:205 | Cache is fresh, return FitRes(clock=39)
INFO flower 2021-04-10 15:37:51,452 | chaos.py:14 | Delay 59 sec
DEBUG flower 2021-04-10 15:38:50,493 | app.py:66 | Waiting for message from server...
DEBUG flower 2021-04-10 15:38:50,514 | app.py:68 | Received server message. Handling...
DEBUG flower 2021-04-10 15:38:50,515 | numpy_client.py:172 | fit, FitIns(clock=40)
DEBUG flower 2021-04-10 15:38:50,515 | numpy_client.py:260 | cached_clock: 38, curr_clock: 40
INFO flower 2021-04-10 15:38:50,515 | numpy_client.py:184 | Cache is stale, return ReadIns
DEBUG flower 2021-04-10 15:38:50,515 | app.py:66 | Waiting for message from server...
DEBUG flower 2021-04-10 15:39:00,032 | app.py:68 | Received server message. Handling...
DEBUG flower 2021-04-10 15:39:00,032 | numpy_client.py:228 | read: ReadRes(clock=39)
DEBUG flower 2021-04-10 15:39:00,040 | numpy_client.py:172 | fit, FitIns(clock=40)
DEBUG flower 2021-04-10 15:39:00,040 | numpy_client.py:260 | cached_clock: 39, curr_clock: 40
INFO flower 2021-04-10 15:39:01,649 | numpy_client.py:205 | Cache is fresh, return FitRes(clock=40)
INFO flower 2021-04-10 15:39:01,649 | chaos.py:14 | Delay 57 sec
DEBUG flower 2021-04-10 15:39:58,668 | app.py:66 | Waiting for message from server...
DEBUG flower 2021-04-10 15:39:58,688 | app.py:68 | Received server message. Handling...
DEBUG flower 2021-04-10 15:39:58,688 | numpy_client.py:172 | fit, FitIns(clock=41)
DEBUG flower 2021-04-10 15:39:58,688 | numpy_client.py:260 | cached_clock: 39, curr_clock: 41
INFO flower 2021-04-10 15:39:58,688 | numpy_client.py:184 | Cache is stale, return ReadIns
DEBUG flower 2021-04-10 15:39:58,689 | app.py:66 | Waiting for message from server...
DEBUG flower 2021-04-10 15:40:07,649 | app.py:68 | Received server message. Handling...
DEBUG flower 2021-04-10 15:40:07,650 | numpy_client.py:228 | read: ReadRes(clock=40)
DEBUG flower 2021-04-10 15:40:07,660 | numpy_client.py:172 | fit, FitIns(clock=41)
DEBUG flower 2021-04-10 15:40:07,660 | numpy_client.py:260 | cached_clock: 40, curr_clock: 41
INFO flower 2021-04-10 15:40:09,350 | numpy_client.py:205 | Cache is fresh, return FitRes(clock=41)
INFO flower 2021-04-10 15:40:09,350 | chaos.py:14 | Delay 80 sec
DEBUG flower 2021-04-10 15:41:29,415 | app.py:66 | Waiting for message from server...
DEBUG flower 2021-04-10 15:41:29,435 | app.py:68 | Received server message. Handling...
DEBUG flower 2021-04-10 15:41:29,436 | numpy_client.py:172 | fit, FitIns(clock=42)
DEBUG flower 2021-04-10 15:41:29,436 | numpy_client.py:260 | cached_clock: 40, curr_clock: 42
INFO flower 2021-04-10 15:41:29,436 | numpy_client.py:184 | Cache is stale, return ReadIns
DEBUG flower 2021-04-10 15:41:29,436 | app.py:66 | Waiting for message from server...
DEBUG flower 2021-04-10 15:41:38,954 | app.py:68 | Received server message. Handling...
DEBUG flower 2021-04-10 15:41:38,955 | numpy_client.py:228 | read: ReadRes(clock=41)
DEBUG flower 2021-04-10 15:41:38,962 | numpy_client.py:172 | fit, FitIns(clock=42)
DEBUG flower 2021-04-10 15:41:38,962 | numpy_client.py:260 | cached_clock: 41, curr_clock: 42
INFO flower 2021-04-10 15:41:40,552 | numpy_client.py:205 | Cache is fresh, return FitRes(clock=42)
INFO flower 2021-04-10 15:41:40,552 | chaos.py:14 | Delay 44 sec
DEBUG flower 2021-04-10 15:42:24,572 | app.py:66 | Waiting for message from server...
DEBUG flower 2021-04-10 15:42:24,595 | app.py:68 | Received server message. Handling...
DEBUG flower 2021-04-10 15:42:24,596 | numpy_client.py:172 | fit, FitIns(clock=43)
DEBUG flower 2021-04-10 15:42:24,596 | numpy_client.py:260 | cached_clock: 41, curr_clock: 43
INFO flower 2021-04-10 15:42:24,596 | numpy_client.py:184 | Cache is stale, return ReadIns
DEBUG flower 2021-04-10 15:42:24,597 | app.py:66 | Waiting for message from server...
DEBUG flower 2021-04-10 15:42:33,810 | app.py:68 | Received server message. Handling...
DEBUG flower 2021-04-10 15:42:33,811 | numpy_client.py:228 | read: ReadRes(clock=42)
DEBUG flower 2021-04-10 15:42:33,847 | numpy_client.py:172 | fit, FitIns(clock=43)
DEBUG flower 2021-04-10 15:42:33,847 | numpy_client.py:260 | cached_clock: 42, curr_clock: 43
INFO flower 2021-04-10 15:42:35,368 | numpy_client.py:205 | Cache is fresh, return FitRes(clock=43)
INFO flower 2021-04-10 15:42:35,369 | chaos.py:14 | Delay 68 sec
DEBUG flower 2021-04-10 15:43:43,370 | app.py:66 | Waiting for message from server...
DEBUG flower 2021-04-10 15:43:43,392 | app.py:68 | Received server message. Handling...
DEBUG flower 2021-04-10 15:43:43,393 | numpy_client.py:172 | fit, FitIns(clock=44)
DEBUG flower 2021-04-10 15:43:43,393 | numpy_client.py:260 | cached_clock: 42, curr_clock: 44
INFO flower 2021-04-10 15:43:43,393 | numpy_client.py:184 | Cache is stale, return ReadIns
DEBUG flower 2021-04-10 15:43:43,394 | app.py:66 | Waiting for message from server...
DEBUG flower 2021-04-10 15:43:52,844 | app.py:68 | Received server message. Handling...
DEBUG flower 2021-04-10 15:43:52,845 | numpy_client.py:228 | read: ReadRes(clock=43)
DEBUG flower 2021-04-10 15:43:52,853 | numpy_client.py:172 | fit, FitIns(clock=44)
DEBUG flower 2021-04-10 15:43:52,853 | numpy_client.py:260 | cached_clock: 43, curr_clock: 44
INFO flower 2021-04-10 15:43:54,350 | numpy_client.py:205 | Cache is fresh, return FitRes(clock=44)
INFO flower 2021-04-10 15:43:54,351 | chaos.py:14 | Delay 44 sec
DEBUG flower 2021-04-10 15:44:38,369 | app.py:66 | Waiting for message from server...
DEBUG flower 2021-04-10 15:44:38,391 | app.py:68 | Received server message. Handling...
DEBUG flower 2021-04-10 15:44:38,392 | numpy_client.py:172 | fit, FitIns(clock=45)
DEBUG flower 2021-04-10 15:44:38,392 | numpy_client.py:260 | cached_clock: 43, curr_clock: 45
INFO flower 2021-04-10 15:44:38,392 | numpy_client.py:184 | Cache is stale, return ReadIns
DEBUG flower 2021-04-10 15:44:38,392 | app.py:66 | Waiting for message from server...
DEBUG flower 2021-04-10 15:44:47,780 | app.py:68 | Received server message. Handling...
DEBUG flower 2021-04-10 15:44:47,780 | numpy_client.py:228 | read: ReadRes(clock=44)
DEBUG flower 2021-04-10 15:44:47,787 | numpy_client.py:172 | fit, FitIns(clock=45)
DEBUG flower 2021-04-10 15:44:47,788 | numpy_client.py:260 | cached_clock: 44, curr_clock: 45
INFO flower 2021-04-10 15:44:49,343 | numpy_client.py:205 | Cache is fresh, return FitRes(clock=45)
INFO flower 2021-04-10 15:44:49,344 | chaos.py:14 | Delay 47 sec
DEBUG flower 2021-04-10 15:45:36,382 | app.py:66 | Waiting for message from server...
DEBUG flower 2021-04-10 15:45:36,405 | app.py:68 | Received server message. Handling...
DEBUG flower 2021-04-10 15:45:36,406 | numpy_client.py:172 | fit, FitIns(clock=46)
DEBUG flower 2021-04-10 15:45:36,406 | numpy_client.py:260 | cached_clock: 44, curr_clock: 46
INFO flower 2021-04-10 15:45:36,406 | numpy_client.py:184 | Cache is stale, return ReadIns
DEBUG flower 2021-04-10 15:45:36,406 | app.py:66 | Waiting for message from server...
DEBUG flower 2021-04-10 15:45:45,544 | app.py:68 | Received server message. Handling...
DEBUG flower 2021-04-10 15:45:45,545 | numpy_client.py:228 | read: ReadRes(clock=45)
DEBUG flower 2021-04-10 15:45:45,552 | numpy_client.py:172 | fit, FitIns(clock=46)
DEBUG flower 2021-04-10 15:45:45,552 | numpy_client.py:260 | cached_clock: 45, curr_clock: 46
INFO flower 2021-04-10 15:45:47,078 | numpy_client.py:205 | Cache is fresh, return FitRes(clock=46)
INFO flower 2021-04-10 15:45:47,078 | chaos.py:14 | Delay 71 sec
DEBUG flower 2021-04-10 15:46:58,119 | app.py:66 | Waiting for message from server...
DEBUG flower 2021-04-10 15:46:58,142 | app.py:68 | Received server message. Handling...
DEBUG flower 2021-04-10 15:46:58,142 | numpy_client.py:172 | fit, FitIns(clock=47)
DEBUG flower 2021-04-10 15:46:58,143 | numpy_client.py:260 | cached_clock: 45, curr_clock: 47
INFO flower 2021-04-10 15:46:58,143 | numpy_client.py:184 | Cache is stale, return ReadIns
DEBUG flower 2021-04-10 15:46:58,143 | app.py:66 | Waiting for message from server...
DEBUG flower 2021-04-10 15:47:07,544 | app.py:68 | Received server message. Handling...
DEBUG flower 2021-04-10 15:47:07,544 | numpy_client.py:228 | read: ReadRes(clock=46)
DEBUG flower 2021-04-10 15:47:07,552 | numpy_client.py:172 | fit, FitIns(clock=47)
DEBUG flower 2021-04-10 15:47:07,552 | numpy_client.py:260 | cached_clock: 46, curr_clock: 47
INFO flower 2021-04-10 15:47:09,147 | numpy_client.py:205 | Cache is fresh, return FitRes(clock=47)
INFO flower 2021-04-10 15:47:09,147 | chaos.py:14 | Delay 74 sec
DEBUG flower 2021-04-10 15:48:23,198 | app.py:66 | Waiting for message from server...
DEBUG flower 2021-04-10 15:48:23,217 | app.py:68 | Received server message. Handling...
DEBUG flower 2021-04-10 15:48:23,217 | numpy_client.py:172 | fit, FitIns(clock=48)
DEBUG flower 2021-04-10 15:48:23,217 | numpy_client.py:260 | cached_clock: 46, curr_clock: 48
INFO flower 2021-04-10 15:48:23,217 | numpy_client.py:184 | Cache is stale, return ReadIns
DEBUG flower 2021-04-10 15:48:23,218 | app.py:66 | Waiting for message from server...
DEBUG flower 2021-04-10 15:48:32,471 | app.py:68 | Received server message. Handling...
DEBUG flower 2021-04-10 15:48:32,471 | numpy_client.py:228 | read: ReadRes(clock=47)
DEBUG flower 2021-04-10 15:48:32,478 | numpy_client.py:172 | fit, FitIns(clock=48)
DEBUG flower 2021-04-10 15:48:32,478 | numpy_client.py:260 | cached_clock: 47, curr_clock: 48
INFO flower 2021-04-10 15:48:33,982 | numpy_client.py:205 | Cache is fresh, return FitRes(clock=48)
INFO flower 2021-04-10 15:48:33,983 | chaos.py:14 | Delay 53 sec
DEBUG flower 2021-04-10 15:49:26,984 | app.py:66 | Waiting for message from server...
DEBUG flower 2021-04-10 15:49:27,006 | app.py:68 | Received server message. Handling...
DEBUG flower 2021-04-10 15:49:27,006 | numpy_client.py:172 | fit, FitIns(clock=49)
DEBUG flower 2021-04-10 15:49:27,007 | numpy_client.py:260 | cached_clock: 47, curr_clock: 49
INFO flower 2021-04-10 15:49:27,007 | numpy_client.py:184 | Cache is stale, return ReadIns
DEBUG flower 2021-04-10 15:49:27,007 | app.py:66 | Waiting for message from server...
DEBUG flower 2021-04-10 15:49:36,432 | app.py:68 | Received server message. Handling...
DEBUG flower 2021-04-10 15:49:36,432 | numpy_client.py:228 | read: ReadRes(clock=48)
DEBUG flower 2021-04-10 15:49:36,441 | numpy_client.py:172 | fit, FitIns(clock=49)
DEBUG flower 2021-04-10 15:49:36,441 | numpy_client.py:260 | cached_clock: 48, curr_clock: 49
INFO flower 2021-04-10 15:49:37,969 | numpy_client.py:205 | Cache is fresh, return FitRes(clock=49)
INFO flower 2021-04-10 15:49:37,970 | chaos.py:14 | Delay 70 sec
DEBUG flower 2021-04-10 15:50:48,014 | numpy_client.py:217 | The client finishes computing after 3665 seconds
DEBUG flower 2021-04-10 15:50:48,014 | app.py:66 | Waiting for message from server...
DEBUG flower 2021-04-10 15:51:04,819 | app.py:68 | Received server message. Handling...
INFO flower 2021-04-10 15:51:14,975 | numpy_client.py:250 | [32;1m Loss: 13.167, Accuracy: 46.185%[0m
DEBUG flower 2021-04-10 15:51:14,976 | app.py:66 | Waiting for message from server...
DEBUG flower 2021-04-10 15:51:16,710 | app.py:68 | Received server message. Handling...
DEBUG flower 2021-04-10 15:51:16,750 | connection.py:68 | Insecure gRPC channel closed
INFO flower 2021-04-10 15:51:16,750 | app.py:76 | Disconnect and shut down
Namespace(idx=13, max_delay=0, min_delay=0, num_clients=31, server_ip='10.244.50.51:8080', staleness_bound=1)
I'm client 13
Using downloaded and verified file: ./cifar-10-python.tar.gz
Extracting ./cifar-10-python.tar.gz to .
Files already downloaded and verified
[32;1mClient 13: 1011 train samples, 249 test samples[0m
loss=73.09839034080505, acc=0.3291015625
loss=69.92697429656982, acc=0.3291015625
loss=66.71986174583435, acc=0.3291015625
loss=72.19160628318787, acc=0.3291015625
loss=66.97625136375427, acc=0.3291015625
loss=60.79641604423523, acc=0.3291015625
loss=69.19581985473633, acc=0.3291015625
loss=63.24217367172241, acc=0.158203125
loss=88.04752385616302, acc=0.1484375
loss=87.44598603248596, acc=0.1005859375
loss=95.59373211860657, acc=0.0771484375
loss=92.67439389228821, acc=0.03125
loss=96.20284533500671, acc=0.025390625
loss=57.0183846950531, acc=0.3291015625
loss=65.23726713657379, acc=0.357421875
loss=78.92206835746765, acc=0.126953125
loss=87.1048903465271, acc=0.171875
loss=92.42383027076721, acc=0.0556640625
loss=103.06254577636719, acc=0.04296875
loss=107.0610601902008, acc=0.0
loss=92.09451270103455, acc=0.0
loss=98.62277483940125, acc=0.0
loss=102.88248753547668, acc=0.0
loss=104.01162457466125, acc=0.01171875
loss=99.22782492637634, acc=0.0
loss=106.03188800811768, acc=0.0
loss=96.6804792881012, acc=0.0087890625
loss=74.35100448131561, acc=0.1572265625
loss=84.92828452587128, acc=0.1083984375
loss=71.20511472225189, acc=0.20703125
loss=79.69536101818085, acc=0.19921875
loss=82.0047618150711, acc=0.150390625
loss=81.95861804485321, acc=0.16015625
loss=85.91909074783325, acc=0.173828125
loss=89.16613948345184, acc=0.1484375
loss=93.37984693050385, acc=0.1494140625
loss=95.97788846492767, acc=0.14453125
loss=85.1808751821518, acc=0.1572265625
loss=46.74286603927612, acc=0.3291015625
loss=35.36704468727112, acc=0.3857421875
loss=85.14343595504761, acc=0.1435546875
loss=89.24525499343872, acc=0.125
loss=52.63950335979462, acc=0.3291015625
loss=94.15244317054749, acc=0.13671875
loss=91.12230634689331, acc=0.04296875
loss=98.21268391609192, acc=0.0205078125
loss=102.14318609237671, acc=0.009765625
loss=104.0771131515503, acc=0.001953125
loss=105.66673517227173, acc=0.0009765625
loss=107.4423201084137, acc=0.00390625
Files already downloaded and verified
Files already downloaded and verified
Testing on full test set: 313, 873.261472940445, 0.137
Testing on partial test set: 8, 13.16683828830719, 0.46184738955823296
