DEBUG flower 2021-04-10 14:49:28,162 | client.py:83 | Start SSP client with delay [40,80]
DEBUG flower 2021-04-10 14:49:34,412 | connection.py:36 | ChannelConnectivity.IDLE
INFO flower 2021-04-10 14:49:34,413 | app.py:63 | Opened (insecure) gRPC connection
DEBUG flower 2021-04-10 14:49:34,413 | app.py:66 | Waiting for message from server...
DEBUG flower 2021-04-10 14:49:34,414 | connection.py:36 | ChannelConnectivity.READY
DEBUG flower 2021-04-10 14:49:41,975 | app.py:68 | Received server message. Handling...
DEBUG flower 2021-04-10 14:49:41,976 | numpy_client.py:172 | fit, FitIns(clock=0)
INFO flower 2021-04-10 14:49:41,976 | numpy_client.py:184 | Cache is stale, return ReadIns
DEBUG flower 2021-04-10 14:49:41,976 | app.py:66 | Waiting for message from server...
DEBUG flower 2021-04-10 14:49:42,139 | app.py:68 | Received server message. Handling...
DEBUG flower 2021-04-10 14:49:42,139 | numpy_client.py:228 | read: ReadRes(clock=-1)
DEBUG flower 2021-04-10 14:49:42,154 | numpy_client.py:172 | fit, FitIns(clock=0)
DEBUG flower 2021-04-10 14:49:42,154 | numpy_client.py:260 | cached_clock: -1, curr_clock: 0
INFO flower 2021-04-10 14:49:45,967 | numpy_client.py:205 | Cache is fresh, return FitRes(clock=0)
INFO flower 2021-04-10 14:49:45,967 | chaos.py:14 | Delay 74 sec
DEBUG flower 2021-04-10 14:51:00,041 | app.py:66 | Waiting for message from server...
DEBUG flower 2021-04-10 14:51:00,065 | app.py:68 | Received server message. Handling...
DEBUG flower 2021-04-10 14:51:00,065 | numpy_client.py:172 | fit, FitIns(clock=1)
DEBUG flower 2021-04-10 14:51:00,065 | numpy_client.py:260 | cached_clock: -1, curr_clock: 1
INFO flower 2021-04-10 14:51:00,065 | numpy_client.py:184 | Cache is stale, return ReadIns
DEBUG flower 2021-04-10 14:51:00,066 | app.py:66 | Waiting for message from server...
DEBUG flower 2021-04-10 14:51:01,590 | app.py:68 | Received server message. Handling...
DEBUG flower 2021-04-10 14:51:01,590 | numpy_client.py:228 | read: ReadRes(clock=0)
DEBUG flower 2021-04-10 14:51:01,597 | numpy_client.py:172 | fit, FitIns(clock=1)
DEBUG flower 2021-04-10 14:51:01,598 | numpy_client.py:260 | cached_clock: 0, curr_clock: 1
INFO flower 2021-04-10 14:51:05,250 | numpy_client.py:205 | Cache is fresh, return FitRes(clock=1)
INFO flower 2021-04-10 14:51:05,251 | chaos.py:14 | Delay 78 sec
DEBUG flower 2021-04-10 14:52:23,308 | app.py:66 | Waiting for message from server...
DEBUG flower 2021-04-10 14:52:23,332 | app.py:68 | Received server message. Handling...
DEBUG flower 2021-04-10 14:52:23,332 | numpy_client.py:172 | fit, FitIns(clock=2)
DEBUG flower 2021-04-10 14:52:23,332 | numpy_client.py:260 | cached_clock: 0, curr_clock: 2
INFO flower 2021-04-10 14:52:23,332 | numpy_client.py:184 | Cache is stale, return ReadIns
DEBUG flower 2021-04-10 14:52:23,333 | app.py:66 | Waiting for message from server...
DEBUG flower 2021-04-10 14:52:33,690 | app.py:68 | Received server message. Handling...
DEBUG flower 2021-04-10 14:52:33,691 | numpy_client.py:228 | read: ReadRes(clock=1)
DEBUG flower 2021-04-10 14:52:33,697 | numpy_client.py:172 | fit, FitIns(clock=2)
DEBUG flower 2021-04-10 14:52:33,697 | numpy_client.py:260 | cached_clock: 1, curr_clock: 2
INFO flower 2021-04-10 14:52:37,254 | numpy_client.py:205 | Cache is fresh, return FitRes(clock=2)
INFO flower 2021-04-10 14:52:37,254 | chaos.py:14 | Delay 63 sec
DEBUG flower 2021-04-10 14:53:40,318 | app.py:66 | Waiting for message from server...
DEBUG flower 2021-04-10 14:53:40,343 | app.py:68 | Received server message. Handling...
DEBUG flower 2021-04-10 14:53:40,343 | numpy_client.py:172 | fit, FitIns(clock=3)
DEBUG flower 2021-04-10 14:53:40,344 | numpy_client.py:260 | cached_clock: 1, curr_clock: 3
INFO flower 2021-04-10 14:53:40,344 | numpy_client.py:184 | Cache is stale, return ReadIns
DEBUG flower 2021-04-10 14:53:40,344 | app.py:66 | Waiting for message from server...
DEBUG flower 2021-04-10 14:53:47,993 | app.py:68 | Received server message. Handling...
DEBUG flower 2021-04-10 14:53:47,993 | numpy_client.py:228 | read: ReadRes(clock=2)
DEBUG flower 2021-04-10 14:53:48,001 | numpy_client.py:172 | fit, FitIns(clock=3)
DEBUG flower 2021-04-10 14:53:48,001 | numpy_client.py:260 | cached_clock: 2, curr_clock: 3
INFO flower 2021-04-10 14:53:51,550 | numpy_client.py:205 | Cache is fresh, return FitRes(clock=3)
INFO flower 2021-04-10 14:53:51,551 | chaos.py:14 | Delay 44 sec
DEBUG flower 2021-04-10 14:54:35,583 | app.py:66 | Waiting for message from server...
DEBUG flower 2021-04-10 14:54:35,606 | app.py:68 | Received server message. Handling...
DEBUG flower 2021-04-10 14:54:35,606 | numpy_client.py:172 | fit, FitIns(clock=4)
DEBUG flower 2021-04-10 14:54:35,606 | numpy_client.py:260 | cached_clock: 2, curr_clock: 4
INFO flower 2021-04-10 14:54:35,606 | numpy_client.py:184 | Cache is stale, return ReadIns
DEBUG flower 2021-04-10 14:54:35,607 | app.py:66 | Waiting for message from server...
DEBUG flower 2021-04-10 14:54:43,246 | app.py:68 | Received server message. Handling...
DEBUG flower 2021-04-10 14:54:43,247 | numpy_client.py:228 | read: ReadRes(clock=3)
DEBUG flower 2021-04-10 14:54:43,254 | numpy_client.py:172 | fit, FitIns(clock=4)
DEBUG flower 2021-04-10 14:54:43,254 | numpy_client.py:260 | cached_clock: 3, curr_clock: 4
INFO flower 2021-04-10 14:54:46,762 | numpy_client.py:205 | Cache is fresh, return FitRes(clock=4)
INFO flower 2021-04-10 14:54:46,762 | chaos.py:14 | Delay 47 sec
DEBUG flower 2021-04-10 14:55:33,782 | app.py:66 | Waiting for message from server...
DEBUG flower 2021-04-10 14:55:33,812 | app.py:68 | Received server message. Handling...
DEBUG flower 2021-04-10 14:55:33,813 | numpy_client.py:172 | fit, FitIns(clock=5)
DEBUG flower 2021-04-10 14:55:33,813 | numpy_client.py:260 | cached_clock: 3, curr_clock: 5
INFO flower 2021-04-10 14:55:33,813 | numpy_client.py:184 | Cache is stale, return ReadIns
DEBUG flower 2021-04-10 14:55:33,814 | app.py:66 | Waiting for message from server...
DEBUG flower 2021-04-10 14:55:41,365 | app.py:68 | Received server message. Handling...
DEBUG flower 2021-04-10 14:55:41,366 | numpy_client.py:228 | read: ReadRes(clock=4)
DEBUG flower 2021-04-10 14:55:41,372 | numpy_client.py:172 | fit, FitIns(clock=5)
DEBUG flower 2021-04-10 14:55:41,373 | numpy_client.py:260 | cached_clock: 4, curr_clock: 5
INFO flower 2021-04-10 14:55:45,153 | numpy_client.py:205 | Cache is fresh, return FitRes(clock=5)
INFO flower 2021-04-10 14:55:45,154 | chaos.py:14 | Delay 47 sec
DEBUG flower 2021-04-10 14:56:32,191 | app.py:66 | Waiting for message from server...
DEBUG flower 2021-04-10 14:56:32,214 | app.py:68 | Received server message. Handling...
DEBUG flower 2021-04-10 14:56:32,214 | numpy_client.py:172 | fit, FitIns(clock=6)
DEBUG flower 2021-04-10 14:56:32,214 | numpy_client.py:260 | cached_clock: 4, curr_clock: 6
INFO flower 2021-04-10 14:56:32,214 | numpy_client.py:184 | Cache is stale, return ReadIns
DEBUG flower 2021-04-10 14:56:32,215 | app.py:66 | Waiting for message from server...
DEBUG flower 2021-04-10 14:56:39,285 | app.py:68 | Received server message. Handling...
DEBUG flower 2021-04-10 14:56:39,286 | numpy_client.py:228 | read: ReadRes(clock=5)
DEBUG flower 2021-04-10 14:56:39,293 | numpy_client.py:172 | fit, FitIns(clock=6)
DEBUG flower 2021-04-10 14:56:39,293 | numpy_client.py:260 | cached_clock: 5, curr_clock: 6
INFO flower 2021-04-10 14:56:42,779 | numpy_client.py:205 | Cache is fresh, return FitRes(clock=6)
INFO flower 2021-04-10 14:56:42,779 | chaos.py:14 | Delay 79 sec
DEBUG flower 2021-04-10 14:58:01,842 | app.py:66 | Waiting for message from server...
DEBUG flower 2021-04-10 14:58:01,864 | app.py:68 | Received server message. Handling...
DEBUG flower 2021-04-10 14:58:01,865 | numpy_client.py:172 | fit, FitIns(clock=7)
DEBUG flower 2021-04-10 14:58:01,865 | numpy_client.py:260 | cached_clock: 5, curr_clock: 7
INFO flower 2021-04-10 14:58:01,865 | numpy_client.py:184 | Cache is stale, return ReadIns
DEBUG flower 2021-04-10 14:58:01,865 | app.py:66 | Waiting for message from server...
DEBUG flower 2021-04-10 14:58:09,577 | app.py:68 | Received server message. Handling...
DEBUG flower 2021-04-10 14:58:09,578 | numpy_client.py:228 | read: ReadRes(clock=6)
DEBUG flower 2021-04-10 14:58:09,585 | numpy_client.py:172 | fit, FitIns(clock=7)
DEBUG flower 2021-04-10 14:58:09,586 | numpy_client.py:260 | cached_clock: 6, curr_clock: 7
INFO flower 2021-04-10 14:58:12,975 | numpy_client.py:205 | Cache is fresh, return FitRes(clock=7)
INFO flower 2021-04-10 14:58:12,975 | chaos.py:14 | Delay 79 sec
DEBUG flower 2021-04-10 14:59:32,056 | app.py:66 | Waiting for message from server...
DEBUG flower 2021-04-10 14:59:32,078 | app.py:68 | Received server message. Handling...
DEBUG flower 2021-04-10 14:59:32,079 | numpy_client.py:172 | fit, FitIns(clock=8)
DEBUG flower 2021-04-10 14:59:32,079 | numpy_client.py:260 | cached_clock: 6, curr_clock: 8
INFO flower 2021-04-10 14:59:32,079 | numpy_client.py:184 | Cache is stale, return ReadIns
DEBUG flower 2021-04-10 14:59:32,079 | app.py:66 | Waiting for message from server...
DEBUG flower 2021-04-10 14:59:39,359 | app.py:68 | Received server message. Handling...
DEBUG flower 2021-04-10 14:59:39,360 | numpy_client.py:228 | read: ReadRes(clock=7)
DEBUG flower 2021-04-10 14:59:39,368 | numpy_client.py:172 | fit, FitIns(clock=8)
DEBUG flower 2021-04-10 14:59:39,368 | numpy_client.py:260 | cached_clock: 7, curr_clock: 8
INFO flower 2021-04-10 14:59:42,757 | numpy_client.py:205 | Cache is fresh, return FitRes(clock=8)
INFO flower 2021-04-10 14:59:42,758 | chaos.py:14 | Delay 45 sec
DEBUG flower 2021-04-10 15:00:27,781 | app.py:66 | Waiting for message from server...
DEBUG flower 2021-04-10 15:00:27,804 | app.py:68 | Received server message. Handling...
DEBUG flower 2021-04-10 15:00:27,805 | numpy_client.py:172 | fit, FitIns(clock=9)
DEBUG flower 2021-04-10 15:00:27,805 | numpy_client.py:260 | cached_clock: 7, curr_clock: 9
INFO flower 2021-04-10 15:00:27,805 | numpy_client.py:184 | Cache is stale, return ReadIns
DEBUG flower 2021-04-10 15:00:27,805 | app.py:66 | Waiting for message from server...
DEBUG flower 2021-04-10 15:00:35,446 | app.py:68 | Received server message. Handling...
DEBUG flower 2021-04-10 15:00:35,447 | numpy_client.py:228 | read: ReadRes(clock=8)
DEBUG flower 2021-04-10 15:00:35,455 | numpy_client.py:172 | fit, FitIns(clock=9)
DEBUG flower 2021-04-10 15:00:35,455 | numpy_client.py:260 | cached_clock: 8, curr_clock: 9
INFO flower 2021-04-10 15:00:39,074 | numpy_client.py:205 | Cache is fresh, return FitRes(clock=9)
INFO flower 2021-04-10 15:00:39,074 | chaos.py:14 | Delay 54 sec
DEBUG flower 2021-04-10 15:01:33,078 | app.py:66 | Waiting for message from server...
DEBUG flower 2021-04-10 15:01:33,100 | app.py:68 | Received server message. Handling...
DEBUG flower 2021-04-10 15:01:33,101 | numpy_client.py:172 | fit, FitIns(clock=10)
DEBUG flower 2021-04-10 15:01:33,101 | numpy_client.py:260 | cached_clock: 8, curr_clock: 10
INFO flower 2021-04-10 15:01:33,101 | numpy_client.py:184 | Cache is stale, return ReadIns
DEBUG flower 2021-04-10 15:01:33,102 | app.py:66 | Waiting for message from server...
DEBUG flower 2021-04-10 15:01:40,374 | app.py:68 | Received server message. Handling...
DEBUG flower 2021-04-10 15:01:40,375 | numpy_client.py:228 | read: ReadRes(clock=9)
DEBUG flower 2021-04-10 15:01:40,383 | numpy_client.py:172 | fit, FitIns(clock=10)
DEBUG flower 2021-04-10 15:01:40,383 | numpy_client.py:260 | cached_clock: 9, curr_clock: 10
INFO flower 2021-04-10 15:01:43,853 | numpy_client.py:205 | Cache is fresh, return FitRes(clock=10)
INFO flower 2021-04-10 15:01:43,854 | chaos.py:14 | Delay 65 sec
DEBUG flower 2021-04-10 15:02:48,877 | app.py:66 | Waiting for message from server...
DEBUG flower 2021-04-10 15:02:48,897 | app.py:68 | Received server message. Handling...
DEBUG flower 2021-04-10 15:02:48,897 | numpy_client.py:172 | fit, FitIns(clock=11)
DEBUG flower 2021-04-10 15:02:48,898 | numpy_client.py:260 | cached_clock: 9, curr_clock: 11
INFO flower 2021-04-10 15:02:48,898 | numpy_client.py:184 | Cache is stale, return ReadIns
DEBUG flower 2021-04-10 15:02:48,898 | app.py:66 | Waiting for message from server...
DEBUG flower 2021-04-10 15:02:56,467 | app.py:68 | Received server message. Handling...
DEBUG flower 2021-04-10 15:02:56,467 | numpy_client.py:228 | read: ReadRes(clock=10)
DEBUG flower 2021-04-10 15:02:56,475 | numpy_client.py:172 | fit, FitIns(clock=11)
DEBUG flower 2021-04-10 15:02:56,475 | numpy_client.py:260 | cached_clock: 10, curr_clock: 11
INFO flower 2021-04-10 15:02:59,946 | numpy_client.py:205 | Cache is fresh, return FitRes(clock=11)
INFO flower 2021-04-10 15:02:59,946 | chaos.py:14 | Delay 71 sec
DEBUG flower 2021-04-10 15:04:10,955 | app.py:66 | Waiting for message from server...
DEBUG flower 2021-04-10 15:04:10,979 | app.py:68 | Received server message. Handling...
DEBUG flower 2021-04-10 15:04:10,979 | numpy_client.py:172 | fit, FitIns(clock=12)
DEBUG flower 2021-04-10 15:04:10,979 | numpy_client.py:260 | cached_clock: 10, curr_clock: 12
INFO flower 2021-04-10 15:04:10,979 | numpy_client.py:184 | Cache is stale, return ReadIns
DEBUG flower 2021-04-10 15:04:10,980 | app.py:66 | Waiting for message from server...
DEBUG flower 2021-04-10 15:04:18,461 | app.py:68 | Received server message. Handling...
DEBUG flower 2021-04-10 15:04:18,462 | numpy_client.py:228 | read: ReadRes(clock=11)
DEBUG flower 2021-04-10 15:04:18,470 | numpy_client.py:172 | fit, FitIns(clock=12)
DEBUG flower 2021-04-10 15:04:18,470 | numpy_client.py:260 | cached_clock: 11, curr_clock: 12
INFO flower 2021-04-10 15:04:22,068 | numpy_client.py:205 | Cache is fresh, return FitRes(clock=12)
INFO flower 2021-04-10 15:04:22,068 | chaos.py:14 | Delay 78 sec
DEBUG flower 2021-04-10 15:05:40,147 | app.py:66 | Waiting for message from server...
DEBUG flower 2021-04-10 15:05:40,167 | app.py:68 | Received server message. Handling...
DEBUG flower 2021-04-10 15:05:40,167 | numpy_client.py:172 | fit, FitIns(clock=13)
DEBUG flower 2021-04-10 15:05:40,167 | numpy_client.py:260 | cached_clock: 11, curr_clock: 13
INFO flower 2021-04-10 15:05:40,167 | numpy_client.py:184 | Cache is stale, return ReadIns
DEBUG flower 2021-04-10 15:05:40,168 | app.py:66 | Waiting for message from server...
DEBUG flower 2021-04-10 15:05:47,360 | app.py:68 | Received server message. Handling...
DEBUG flower 2021-04-10 15:05:47,361 | numpy_client.py:228 | read: ReadRes(clock=12)
DEBUG flower 2021-04-10 15:05:47,368 | numpy_client.py:172 | fit, FitIns(clock=13)
DEBUG flower 2021-04-10 15:05:47,368 | numpy_client.py:260 | cached_clock: 12, curr_clock: 13
INFO flower 2021-04-10 15:05:50,767 | numpy_client.py:205 | Cache is fresh, return FitRes(clock=13)
INFO flower 2021-04-10 15:05:50,767 | chaos.py:14 | Delay 71 sec
DEBUG flower 2021-04-10 15:07:01,804 | app.py:66 | Waiting for message from server...
DEBUG flower 2021-04-10 15:07:01,823 | app.py:68 | Received server message. Handling...
DEBUG flower 2021-04-10 15:07:01,823 | numpy_client.py:172 | fit, FitIns(clock=14)
DEBUG flower 2021-04-10 15:07:01,823 | numpy_client.py:260 | cached_clock: 12, curr_clock: 14
INFO flower 2021-04-10 15:07:01,823 | numpy_client.py:184 | Cache is stale, return ReadIns
DEBUG flower 2021-04-10 15:07:01,824 | app.py:66 | Waiting for message from server...
DEBUG flower 2021-04-10 15:07:09,106 | app.py:68 | Received server message. Handling...
DEBUG flower 2021-04-10 15:07:09,106 | numpy_client.py:228 | read: ReadRes(clock=13)
DEBUG flower 2021-04-10 15:07:09,114 | numpy_client.py:172 | fit, FitIns(clock=14)
DEBUG flower 2021-04-10 15:07:09,114 | numpy_client.py:260 | cached_clock: 13, curr_clock: 14
INFO flower 2021-04-10 15:07:12,468 | numpy_client.py:205 | Cache is fresh, return FitRes(clock=14)
INFO flower 2021-04-10 15:07:12,468 | chaos.py:14 | Delay 59 sec
DEBUG flower 2021-04-10 15:08:11,506 | app.py:66 | Waiting for message from server...
DEBUG flower 2021-04-10 15:08:11,526 | app.py:68 | Received server message. Handling...
DEBUG flower 2021-04-10 15:08:11,526 | numpy_client.py:172 | fit, FitIns(clock=15)
DEBUG flower 2021-04-10 15:08:11,526 | numpy_client.py:260 | cached_clock: 13, curr_clock: 15
INFO flower 2021-04-10 15:08:11,526 | numpy_client.py:184 | Cache is stale, return ReadIns
DEBUG flower 2021-04-10 15:08:11,527 | app.py:66 | Waiting for message from server...
DEBUG flower 2021-04-10 15:08:19,044 | app.py:68 | Received server message. Handling...
DEBUG flower 2021-04-10 15:08:19,045 | numpy_client.py:228 | read: ReadRes(clock=14)
DEBUG flower 2021-04-10 15:08:19,053 | numpy_client.py:172 | fit, FitIns(clock=15)
DEBUG flower 2021-04-10 15:08:19,053 | numpy_client.py:260 | cached_clock: 14, curr_clock: 15
INFO flower 2021-04-10 15:08:22,566 | numpy_client.py:205 | Cache is fresh, return FitRes(clock=15)
INFO flower 2021-04-10 15:08:22,566 | chaos.py:14 | Delay 45 sec
DEBUG flower 2021-04-10 15:09:07,582 | app.py:66 | Waiting for message from server...
DEBUG flower 2021-04-10 15:09:07,606 | app.py:68 | Received server message. Handling...
DEBUG flower 2021-04-10 15:09:07,606 | numpy_client.py:172 | fit, FitIns(clock=16)
DEBUG flower 2021-04-10 15:09:07,606 | numpy_client.py:260 | cached_clock: 14, curr_clock: 16
INFO flower 2021-04-10 15:09:07,606 | numpy_client.py:184 | Cache is stale, return ReadIns
DEBUG flower 2021-04-10 15:09:07,607 | app.py:66 | Waiting for message from server...
DEBUG flower 2021-04-10 15:09:14,959 | app.py:68 | Received server message. Handling...
DEBUG flower 2021-04-10 15:09:14,960 | numpy_client.py:228 | read: ReadRes(clock=15)
DEBUG flower 2021-04-10 15:09:14,966 | numpy_client.py:172 | fit, FitIns(clock=16)
DEBUG flower 2021-04-10 15:09:14,966 | numpy_client.py:260 | cached_clock: 15, curr_clock: 16
INFO flower 2021-04-10 15:09:18,372 | numpy_client.py:205 | Cache is fresh, return FitRes(clock=16)
INFO flower 2021-04-10 15:09:18,373 | chaos.py:14 | Delay 60 sec
DEBUG flower 2021-04-10 15:10:18,415 | app.py:66 | Waiting for message from server...
DEBUG flower 2021-04-10 15:10:18,437 | app.py:68 | Received server message. Handling...
DEBUG flower 2021-04-10 15:10:18,437 | numpy_client.py:172 | fit, FitIns(clock=17)
DEBUG flower 2021-04-10 15:10:18,437 | numpy_client.py:260 | cached_clock: 15, curr_clock: 17
INFO flower 2021-04-10 15:10:18,437 | numpy_client.py:184 | Cache is stale, return ReadIns
DEBUG flower 2021-04-10 15:10:18,438 | app.py:66 | Waiting for message from server...
DEBUG flower 2021-04-10 15:10:25,976 | app.py:68 | Received server message. Handling...
DEBUG flower 2021-04-10 15:10:25,977 | numpy_client.py:228 | read: ReadRes(clock=16)
DEBUG flower 2021-04-10 15:10:25,984 | numpy_client.py:172 | fit, FitIns(clock=17)
DEBUG flower 2021-04-10 15:10:25,985 | numpy_client.py:260 | cached_clock: 16, curr_clock: 17
INFO flower 2021-04-10 15:10:29,461 | numpy_client.py:205 | Cache is fresh, return FitRes(clock=17)
INFO flower 2021-04-10 15:10:29,462 | chaos.py:14 | Delay 41 sec
DEBUG flower 2021-04-10 15:11:10,502 | app.py:66 | Waiting for message from server...
DEBUG flower 2021-04-10 15:11:10,525 | app.py:68 | Received server message. Handling...
DEBUG flower 2021-04-10 15:11:10,525 | numpy_client.py:172 | fit, FitIns(clock=18)
DEBUG flower 2021-04-10 15:11:10,525 | numpy_client.py:260 | cached_clock: 16, curr_clock: 18
INFO flower 2021-04-10 15:11:10,526 | numpy_client.py:184 | Cache is stale, return ReadIns
DEBUG flower 2021-04-10 15:11:10,526 | app.py:66 | Waiting for message from server...
DEBUG flower 2021-04-10 15:11:17,977 | app.py:68 | Received server message. Handling...
DEBUG flower 2021-04-10 15:11:17,977 | numpy_client.py:228 | read: ReadRes(clock=17)
DEBUG flower 2021-04-10 15:11:17,984 | numpy_client.py:172 | fit, FitIns(clock=18)
DEBUG flower 2021-04-10 15:11:17,984 | numpy_client.py:260 | cached_clock: 17, curr_clock: 18
INFO flower 2021-04-10 15:11:21,553 | numpy_client.py:205 | Cache is fresh, return FitRes(clock=18)
INFO flower 2021-04-10 15:11:21,553 | chaos.py:14 | Delay 68 sec
DEBUG flower 2021-04-10 15:12:29,622 | app.py:66 | Waiting for message from server...
DEBUG flower 2021-04-10 15:12:29,644 | app.py:68 | Received server message. Handling...
DEBUG flower 2021-04-10 15:12:29,645 | numpy_client.py:172 | fit, FitIns(clock=19)
DEBUG flower 2021-04-10 15:12:29,645 | numpy_client.py:260 | cached_clock: 17, curr_clock: 19
INFO flower 2021-04-10 15:12:29,645 | numpy_client.py:184 | Cache is stale, return ReadIns
DEBUG flower 2021-04-10 15:12:29,646 | app.py:66 | Waiting for message from server...
DEBUG flower 2021-04-10 15:12:36,879 | app.py:68 | Received server message. Handling...
DEBUG flower 2021-04-10 15:12:36,880 | numpy_client.py:228 | read: ReadRes(clock=18)
DEBUG flower 2021-04-10 15:12:36,888 | numpy_client.py:172 | fit, FitIns(clock=19)
DEBUG flower 2021-04-10 15:12:36,888 | numpy_client.py:260 | cached_clock: 18, curr_clock: 19
INFO flower 2021-04-10 15:12:40,282 | numpy_client.py:205 | Cache is fresh, return FitRes(clock=19)
INFO flower 2021-04-10 15:12:40,282 | chaos.py:14 | Delay 66 sec
DEBUG flower 2021-04-10 15:13:46,349 | app.py:66 | Waiting for message from server...
DEBUG flower 2021-04-10 15:13:46,374 | app.py:68 | Received server message. Handling...
DEBUG flower 2021-04-10 15:13:46,374 | numpy_client.py:172 | fit, FitIns(clock=20)
DEBUG flower 2021-04-10 15:13:46,374 | numpy_client.py:260 | cached_clock: 18, curr_clock: 20
INFO flower 2021-04-10 15:13:46,375 | numpy_client.py:184 | Cache is stale, return ReadIns
DEBUG flower 2021-04-10 15:13:46,375 | app.py:66 | Waiting for message from server...
DEBUG flower 2021-04-10 15:13:53,859 | app.py:68 | Received server message. Handling...
DEBUG flower 2021-04-10 15:13:53,860 | numpy_client.py:228 | read: ReadRes(clock=19)
DEBUG flower 2021-04-10 15:13:53,867 | numpy_client.py:172 | fit, FitIns(clock=20)
DEBUG flower 2021-04-10 15:13:53,867 | numpy_client.py:260 | cached_clock: 19, curr_clock: 20
INFO flower 2021-04-10 15:13:57,281 | numpy_client.py:205 | Cache is fresh, return FitRes(clock=20)
INFO flower 2021-04-10 15:13:57,281 | chaos.py:14 | Delay 59 sec
DEBUG flower 2021-04-10 15:14:56,334 | app.py:66 | Waiting for message from server...
DEBUG flower 2021-04-10 15:14:56,355 | app.py:68 | Received server message. Handling...
DEBUG flower 2021-04-10 15:14:56,355 | numpy_client.py:172 | fit, FitIns(clock=21)
DEBUG flower 2021-04-10 15:14:56,356 | numpy_client.py:260 | cached_clock: 19, curr_clock: 21
INFO flower 2021-04-10 15:14:56,356 | numpy_client.py:184 | Cache is stale, return ReadIns
DEBUG flower 2021-04-10 15:14:56,356 | app.py:66 | Waiting for message from server...
DEBUG flower 2021-04-10 15:15:03,790 | app.py:68 | Received server message. Handling...
DEBUG flower 2021-04-10 15:15:03,790 | numpy_client.py:228 | read: ReadRes(clock=20)
DEBUG flower 2021-04-10 15:15:03,802 | numpy_client.py:172 | fit, FitIns(clock=21)
DEBUG flower 2021-04-10 15:15:03,802 | numpy_client.py:260 | cached_clock: 20, curr_clock: 21
INFO flower 2021-04-10 15:15:07,262 | numpy_client.py:205 | Cache is fresh, return FitRes(clock=21)
INFO flower 2021-04-10 15:15:07,262 | chaos.py:14 | Delay 78 sec
DEBUG flower 2021-04-10 15:16:25,305 | app.py:66 | Waiting for message from server...
DEBUG flower 2021-04-10 15:16:25,327 | app.py:68 | Received server message. Handling...
DEBUG flower 2021-04-10 15:16:25,328 | numpy_client.py:172 | fit, FitIns(clock=22)
DEBUG flower 2021-04-10 15:16:25,328 | numpy_client.py:260 | cached_clock: 20, curr_clock: 22
INFO flower 2021-04-10 15:16:25,328 | numpy_client.py:184 | Cache is stale, return ReadIns
DEBUG flower 2021-04-10 15:16:25,328 | app.py:66 | Waiting for message from server...
DEBUG flower 2021-04-10 15:16:32,969 | app.py:68 | Received server message. Handling...
DEBUG flower 2021-04-10 15:16:32,970 | numpy_client.py:228 | read: ReadRes(clock=21)
DEBUG flower 2021-04-10 15:16:32,977 | numpy_client.py:172 | fit, FitIns(clock=22)
DEBUG flower 2021-04-10 15:16:32,977 | numpy_client.py:260 | cached_clock: 21, curr_clock: 22
INFO flower 2021-04-10 15:16:36,464 | numpy_client.py:205 | Cache is fresh, return FitRes(clock=22)
INFO flower 2021-04-10 15:16:36,465 | chaos.py:14 | Delay 60 sec
DEBUG flower 2021-04-10 15:17:36,501 | app.py:66 | Waiting for message from server...
DEBUG flower 2021-04-10 15:17:36,523 | app.py:68 | Received server message. Handling...
DEBUG flower 2021-04-10 15:17:36,524 | numpy_client.py:172 | fit, FitIns(clock=23)
DEBUG flower 2021-04-10 15:17:36,524 | numpy_client.py:260 | cached_clock: 21, curr_clock: 23
INFO flower 2021-04-10 15:17:36,524 | numpy_client.py:184 | Cache is stale, return ReadIns
DEBUG flower 2021-04-10 15:17:36,524 | app.py:66 | Waiting for message from server...
DEBUG flower 2021-04-10 15:17:43,947 | app.py:68 | Received server message. Handling...
DEBUG flower 2021-04-10 15:17:43,947 | numpy_client.py:228 | read: ReadRes(clock=22)
DEBUG flower 2021-04-10 15:17:43,955 | numpy_client.py:172 | fit, FitIns(clock=23)
DEBUG flower 2021-04-10 15:17:43,955 | numpy_client.py:260 | cached_clock: 22, curr_clock: 23
INFO flower 2021-04-10 15:17:47,465 | numpy_client.py:205 | Cache is fresh, return FitRes(clock=23)
INFO flower 2021-04-10 15:17:47,465 | chaos.py:14 | Delay 69 sec
DEBUG flower 2021-04-10 15:18:56,535 | app.py:66 | Waiting for message from server...
DEBUG flower 2021-04-10 15:18:56,557 | app.py:68 | Received server message. Handling...
DEBUG flower 2021-04-10 15:18:56,557 | numpy_client.py:172 | fit, FitIns(clock=24)
DEBUG flower 2021-04-10 15:18:56,558 | numpy_client.py:260 | cached_clock: 22, curr_clock: 24
INFO flower 2021-04-10 15:18:56,558 | numpy_client.py:184 | Cache is stale, return ReadIns
DEBUG flower 2021-04-10 15:18:56,558 | app.py:66 | Waiting for message from server...
DEBUG flower 2021-04-10 15:19:03,968 | app.py:68 | Received server message. Handling...
DEBUG flower 2021-04-10 15:19:03,969 | numpy_client.py:228 | read: ReadRes(clock=23)
DEBUG flower 2021-04-10 15:19:03,976 | numpy_client.py:172 | fit, FitIns(clock=24)
DEBUG flower 2021-04-10 15:19:03,976 | numpy_client.py:260 | cached_clock: 23, curr_clock: 24
INFO flower 2021-04-10 15:19:07,456 | numpy_client.py:205 | Cache is fresh, return FitRes(clock=24)
INFO flower 2021-04-10 15:19:07,456 | chaos.py:14 | Delay 40 sec
DEBUG flower 2021-04-10 15:19:47,493 | app.py:66 | Waiting for message from server...
DEBUG flower 2021-04-10 15:19:47,516 | app.py:68 | Received server message. Handling...
DEBUG flower 2021-04-10 15:19:47,516 | numpy_client.py:172 | fit, FitIns(clock=25)
DEBUG flower 2021-04-10 15:19:47,516 | numpy_client.py:260 | cached_clock: 23, curr_clock: 25
INFO flower 2021-04-10 15:19:47,516 | numpy_client.py:184 | Cache is stale, return ReadIns
DEBUG flower 2021-04-10 15:19:47,517 | app.py:66 | Waiting for message from server...
DEBUG flower 2021-04-10 15:19:54,846 | app.py:68 | Received server message. Handling...
DEBUG flower 2021-04-10 15:19:54,847 | numpy_client.py:228 | read: ReadRes(clock=24)
DEBUG flower 2021-04-10 15:19:54,854 | numpy_client.py:172 | fit, FitIns(clock=25)
DEBUG flower 2021-04-10 15:19:54,855 | numpy_client.py:260 | cached_clock: 24, curr_clock: 25
INFO flower 2021-04-10 15:19:58,388 | numpy_client.py:205 | Cache is fresh, return FitRes(clock=25)
INFO flower 2021-04-10 15:19:58,388 | chaos.py:14 | Delay 79 sec
DEBUG flower 2021-04-10 15:21:17,454 | app.py:66 | Waiting for message from server...
DEBUG flower 2021-04-10 15:21:17,477 | app.py:68 | Received server message. Handling...
DEBUG flower 2021-04-10 15:21:17,478 | numpy_client.py:172 | fit, FitIns(clock=26)
DEBUG flower 2021-04-10 15:21:17,478 | numpy_client.py:260 | cached_clock: 24, curr_clock: 26
INFO flower 2021-04-10 15:21:17,478 | numpy_client.py:184 | Cache is stale, return ReadIns
DEBUG flower 2021-04-10 15:21:17,479 | app.py:66 | Waiting for message from server...
DEBUG flower 2021-04-10 15:21:25,046 | app.py:68 | Received server message. Handling...
DEBUG flower 2021-04-10 15:21:25,047 | numpy_client.py:228 | read: ReadRes(clock=25)
DEBUG flower 2021-04-10 15:21:25,054 | numpy_client.py:172 | fit, FitIns(clock=26)
DEBUG flower 2021-04-10 15:21:25,054 | numpy_client.py:260 | cached_clock: 25, curr_clock: 26
INFO flower 2021-04-10 15:21:28,474 | numpy_client.py:205 | Cache is fresh, return FitRes(clock=26)
INFO flower 2021-04-10 15:21:28,475 | chaos.py:14 | Delay 47 sec
DEBUG flower 2021-04-10 15:22:15,522 | app.py:66 | Waiting for message from server...
DEBUG flower 2021-04-10 15:22:15,546 | app.py:68 | Received server message. Handling...
DEBUG flower 2021-04-10 15:22:15,546 | numpy_client.py:172 | fit, FitIns(clock=27)
DEBUG flower 2021-04-10 15:22:15,546 | numpy_client.py:260 | cached_clock: 25, curr_clock: 27
INFO flower 2021-04-10 15:22:15,547 | numpy_client.py:184 | Cache is stale, return ReadIns
DEBUG flower 2021-04-10 15:22:15,547 | app.py:66 | Waiting for message from server...
DEBUG flower 2021-04-10 15:22:22,968 | app.py:68 | Received server message. Handling...
DEBUG flower 2021-04-10 15:22:22,969 | numpy_client.py:228 | read: ReadRes(clock=26)
DEBUG flower 2021-04-10 15:22:22,976 | numpy_client.py:172 | fit, FitIns(clock=27)
DEBUG flower 2021-04-10 15:22:22,976 | numpy_client.py:260 | cached_clock: 26, curr_clock: 27
INFO flower 2021-04-10 15:22:26,366 | numpy_client.py:205 | Cache is fresh, return FitRes(clock=27)
INFO flower 2021-04-10 15:22:26,366 | chaos.py:14 | Delay 64 sec
DEBUG flower 2021-04-10 15:23:30,431 | app.py:66 | Waiting for message from server...
DEBUG flower 2021-04-10 15:23:30,452 | app.py:68 | Received server message. Handling...
DEBUG flower 2021-04-10 15:23:30,452 | numpy_client.py:172 | fit, FitIns(clock=28)
DEBUG flower 2021-04-10 15:23:30,453 | numpy_client.py:260 | cached_clock: 26, curr_clock: 28
INFO flower 2021-04-10 15:23:30,453 | numpy_client.py:184 | Cache is stale, return ReadIns
DEBUG flower 2021-04-10 15:23:30,453 | app.py:66 | Waiting for message from server...
DEBUG flower 2021-04-10 15:23:37,954 | app.py:68 | Received server message. Handling...
DEBUG flower 2021-04-10 15:23:37,955 | numpy_client.py:228 | read: ReadRes(clock=27)
DEBUG flower 2021-04-10 15:23:37,962 | numpy_client.py:172 | fit, FitIns(clock=28)
DEBUG flower 2021-04-10 15:23:37,962 | numpy_client.py:260 | cached_clock: 27, curr_clock: 28
INFO flower 2021-04-10 15:23:41,454 | numpy_client.py:205 | Cache is fresh, return FitRes(clock=28)
INFO flower 2021-04-10 15:23:41,455 | chaos.py:14 | Delay 51 sec
DEBUG flower 2021-04-10 15:24:32,469 | app.py:66 | Waiting for message from server...
DEBUG flower 2021-04-10 15:24:32,492 | app.py:68 | Received server message. Handling...
DEBUG flower 2021-04-10 15:24:32,493 | numpy_client.py:172 | fit, FitIns(clock=29)
DEBUG flower 2021-04-10 15:24:32,493 | numpy_client.py:260 | cached_clock: 27, curr_clock: 29
INFO flower 2021-04-10 15:24:32,493 | numpy_client.py:184 | Cache is stale, return ReadIns
DEBUG flower 2021-04-10 15:24:32,493 | app.py:66 | Waiting for message from server...
DEBUG flower 2021-04-10 15:24:39,797 | app.py:68 | Received server message. Handling...
DEBUG flower 2021-04-10 15:24:39,798 | numpy_client.py:228 | read: ReadRes(clock=28)
DEBUG flower 2021-04-10 15:24:39,806 | numpy_client.py:172 | fit, FitIns(clock=29)
DEBUG flower 2021-04-10 15:24:39,806 | numpy_client.py:260 | cached_clock: 28, curr_clock: 29
INFO flower 2021-04-10 15:24:43,376 | numpy_client.py:205 | Cache is fresh, return FitRes(clock=29)
INFO flower 2021-04-10 15:24:43,377 | chaos.py:14 | Delay 73 sec
DEBUG flower 2021-04-10 15:25:56,398 | app.py:66 | Waiting for message from server...
DEBUG flower 2021-04-10 15:25:56,418 | app.py:68 | Received server message. Handling...
DEBUG flower 2021-04-10 15:25:56,418 | numpy_client.py:172 | fit, FitIns(clock=30)
DEBUG flower 2021-04-10 15:25:56,418 | numpy_client.py:260 | cached_clock: 28, curr_clock: 30
INFO flower 2021-04-10 15:25:56,419 | numpy_client.py:184 | Cache is stale, return ReadIns
DEBUG flower 2021-04-10 15:25:56,419 | app.py:66 | Waiting for message from server...
DEBUG flower 2021-04-10 15:26:03,972 | app.py:68 | Received server message. Handling...
DEBUG flower 2021-04-10 15:26:03,973 | numpy_client.py:228 | read: ReadRes(clock=29)
DEBUG flower 2021-04-10 15:26:03,980 | numpy_client.py:172 | fit, FitIns(clock=30)
DEBUG flower 2021-04-10 15:26:03,980 | numpy_client.py:260 | cached_clock: 29, curr_clock: 30
INFO flower 2021-04-10 15:26:07,656 | numpy_client.py:205 | Cache is fresh, return FitRes(clock=30)
INFO flower 2021-04-10 15:26:07,656 | chaos.py:14 | Delay 76 sec
DEBUG flower 2021-04-10 15:27:23,665 | app.py:66 | Waiting for message from server...
DEBUG flower 2021-04-10 15:27:23,686 | app.py:68 | Received server message. Handling...
DEBUG flower 2021-04-10 15:27:23,686 | numpy_client.py:172 | fit, FitIns(clock=31)
DEBUG flower 2021-04-10 15:27:23,687 | numpy_client.py:260 | cached_clock: 29, curr_clock: 31
INFO flower 2021-04-10 15:27:23,687 | numpy_client.py:184 | Cache is stale, return ReadIns
DEBUG flower 2021-04-10 15:27:23,687 | app.py:66 | Waiting for message from server...
DEBUG flower 2021-04-10 15:27:30,904 | app.py:68 | Received server message. Handling...
DEBUG flower 2021-04-10 15:27:30,905 | numpy_client.py:228 | read: ReadRes(clock=30)
DEBUG flower 2021-04-10 15:27:30,912 | numpy_client.py:172 | fit, FitIns(clock=31)
DEBUG flower 2021-04-10 15:27:30,912 | numpy_client.py:260 | cached_clock: 30, curr_clock: 31
INFO flower 2021-04-10 15:27:34,347 | numpy_client.py:205 | Cache is fresh, return FitRes(clock=31)
INFO flower 2021-04-10 15:27:34,348 | chaos.py:14 | Delay 58 sec
DEBUG flower 2021-04-10 15:28:32,406 | app.py:66 | Waiting for message from server...
DEBUG flower 2021-04-10 15:28:32,437 | app.py:68 | Received server message. Handling...
DEBUG flower 2021-04-10 15:28:32,438 | numpy_client.py:172 | fit, FitIns(clock=32)
DEBUG flower 2021-04-10 15:28:32,438 | numpy_client.py:260 | cached_clock: 30, curr_clock: 32
INFO flower 2021-04-10 15:28:32,438 | numpy_client.py:184 | Cache is stale, return ReadIns
DEBUG flower 2021-04-10 15:28:32,439 | app.py:66 | Waiting for message from server...
DEBUG flower 2021-04-10 15:28:40,154 | app.py:68 | Received server message. Handling...
DEBUG flower 2021-04-10 15:28:40,155 | numpy_client.py:228 | read: ReadRes(clock=31)
DEBUG flower 2021-04-10 15:28:40,162 | numpy_client.py:172 | fit, FitIns(clock=32)
DEBUG flower 2021-04-10 15:28:40,162 | numpy_client.py:260 | cached_clock: 31, curr_clock: 32
INFO flower 2021-04-10 15:28:43,661 | numpy_client.py:205 | Cache is fresh, return FitRes(clock=32)
INFO flower 2021-04-10 15:28:43,661 | chaos.py:14 | Delay 63 sec
DEBUG flower 2021-04-10 15:29:46,699 | app.py:66 | Waiting for message from server...
DEBUG flower 2021-04-10 15:29:46,721 | app.py:68 | Received server message. Handling...
DEBUG flower 2021-04-10 15:29:46,722 | numpy_client.py:172 | fit, FitIns(clock=33)
DEBUG flower 2021-04-10 15:29:46,722 | numpy_client.py:260 | cached_clock: 31, curr_clock: 33
INFO flower 2021-04-10 15:29:46,722 | numpy_client.py:184 | Cache is stale, return ReadIns
DEBUG flower 2021-04-10 15:29:46,722 | app.py:66 | Waiting for message from server...
DEBUG flower 2021-04-10 15:29:53,877 | app.py:68 | Received server message. Handling...
DEBUG flower 2021-04-10 15:29:53,878 | numpy_client.py:228 | read: ReadRes(clock=32)
DEBUG flower 2021-04-10 15:29:53,886 | numpy_client.py:172 | fit, FitIns(clock=33)
DEBUG flower 2021-04-10 15:29:53,886 | numpy_client.py:260 | cached_clock: 32, curr_clock: 33
INFO flower 2021-04-10 15:29:57,389 | numpy_client.py:205 | Cache is fresh, return FitRes(clock=33)
INFO flower 2021-04-10 15:29:57,445 | chaos.py:14 | Delay 70 sec
DEBUG flower 2021-04-10 15:31:07,480 | app.py:66 | Waiting for message from server...
DEBUG flower 2021-04-10 15:31:07,501 | app.py:68 | Received server message. Handling...
DEBUG flower 2021-04-10 15:31:07,501 | numpy_client.py:172 | fit, FitIns(clock=34)
DEBUG flower 2021-04-10 15:31:07,501 | numpy_client.py:260 | cached_clock: 32, curr_clock: 34
INFO flower 2021-04-10 15:31:07,501 | numpy_client.py:184 | Cache is stale, return ReadIns
DEBUG flower 2021-04-10 15:31:07,502 | app.py:66 | Waiting for message from server...
DEBUG flower 2021-04-10 15:31:14,624 | app.py:68 | Received server message. Handling...
DEBUG flower 2021-04-10 15:31:14,624 | numpy_client.py:228 | read: ReadRes(clock=33)
DEBUG flower 2021-04-10 15:31:14,631 | numpy_client.py:172 | fit, FitIns(clock=34)
DEBUG flower 2021-04-10 15:31:14,631 | numpy_client.py:260 | cached_clock: 33, curr_clock: 34
INFO flower 2021-04-10 15:31:18,055 | numpy_client.py:205 | Cache is fresh, return FitRes(clock=34)
INFO flower 2021-04-10 15:31:18,056 | chaos.py:14 | Delay 78 sec
DEBUG flower 2021-04-10 15:32:36,135 | app.py:66 | Waiting for message from server...
DEBUG flower 2021-04-10 15:32:36,155 | app.py:68 | Received server message. Handling...
DEBUG flower 2021-04-10 15:32:36,155 | numpy_client.py:172 | fit, FitIns(clock=35)
DEBUG flower 2021-04-10 15:32:36,156 | numpy_client.py:260 | cached_clock: 33, curr_clock: 35
INFO flower 2021-04-10 15:32:36,156 | numpy_client.py:184 | Cache is stale, return ReadIns
DEBUG flower 2021-04-10 15:32:36,156 | app.py:66 | Waiting for message from server...
DEBUG flower 2021-04-10 15:32:43,669 | app.py:68 | Received server message. Handling...
DEBUG flower 2021-04-10 15:32:43,669 | numpy_client.py:228 | read: ReadRes(clock=34)
DEBUG flower 2021-04-10 15:32:43,677 | numpy_client.py:172 | fit, FitIns(clock=35)
DEBUG flower 2021-04-10 15:32:43,677 | numpy_client.py:260 | cached_clock: 34, curr_clock: 35
INFO flower 2021-04-10 15:32:47,151 | numpy_client.py:205 | Cache is fresh, return FitRes(clock=35)
INFO flower 2021-04-10 15:32:47,152 | chaos.py:14 | Delay 70 sec
DEBUG flower 2021-04-10 15:33:57,207 | app.py:66 | Waiting for message from server...
DEBUG flower 2021-04-10 15:33:57,227 | app.py:68 | Received server message. Handling...
DEBUG flower 2021-04-10 15:33:57,227 | numpy_client.py:172 | fit, FitIns(clock=36)
DEBUG flower 2021-04-10 15:33:57,227 | numpy_client.py:260 | cached_clock: 34, curr_clock: 36
INFO flower 2021-04-10 15:33:57,228 | numpy_client.py:184 | Cache is stale, return ReadIns
DEBUG flower 2021-04-10 15:33:57,228 | app.py:66 | Waiting for message from server...
DEBUG flower 2021-04-10 15:34:04,483 | app.py:68 | Received server message. Handling...
DEBUG flower 2021-04-10 15:34:04,483 | numpy_client.py:228 | read: ReadRes(clock=35)
DEBUG flower 2021-04-10 15:34:04,491 | numpy_client.py:172 | fit, FitIns(clock=36)
DEBUG flower 2021-04-10 15:34:04,491 | numpy_client.py:260 | cached_clock: 35, curr_clock: 36
INFO flower 2021-04-10 15:34:07,962 | numpy_client.py:205 | Cache is fresh, return FitRes(clock=36)
INFO flower 2021-04-10 15:34:07,962 | chaos.py:14 | Delay 56 sec
DEBUG flower 2021-04-10 15:35:03,998 | app.py:66 | Waiting for message from server...
DEBUG flower 2021-04-10 15:35:04,021 | app.py:68 | Received server message. Handling...
DEBUG flower 2021-04-10 15:35:04,021 | numpy_client.py:172 | fit, FitIns(clock=37)
DEBUG flower 2021-04-10 15:35:04,022 | numpy_client.py:260 | cached_clock: 35, curr_clock: 37
INFO flower 2021-04-10 15:35:04,022 | numpy_client.py:184 | Cache is stale, return ReadIns
DEBUG flower 2021-04-10 15:35:04,022 | app.py:66 | Waiting for message from server...
DEBUG flower 2021-04-10 15:35:11,119 | app.py:68 | Received server message. Handling...
DEBUG flower 2021-04-10 15:35:11,120 | numpy_client.py:228 | read: ReadRes(clock=36)
DEBUG flower 2021-04-10 15:35:11,128 | numpy_client.py:172 | fit, FitIns(clock=37)
DEBUG flower 2021-04-10 15:35:11,128 | numpy_client.py:260 | cached_clock: 36, curr_clock: 37
INFO flower 2021-04-10 15:35:14,666 | numpy_client.py:205 | Cache is fresh, return FitRes(clock=37)
INFO flower 2021-04-10 15:35:14,666 | chaos.py:14 | Delay 76 sec
DEBUG flower 2021-04-10 15:36:30,743 | app.py:66 | Waiting for message from server...
DEBUG flower 2021-04-10 15:36:30,764 | app.py:68 | Received server message. Handling...
DEBUG flower 2021-04-10 15:36:30,765 | numpy_client.py:172 | fit, FitIns(clock=38)
DEBUG flower 2021-04-10 15:36:30,768 | numpy_client.py:260 | cached_clock: 36, curr_clock: 38
INFO flower 2021-04-10 15:36:30,768 | numpy_client.py:184 | Cache is stale, return ReadIns
DEBUG flower 2021-04-10 15:36:30,769 | app.py:66 | Waiting for message from server...
DEBUG flower 2021-04-10 15:36:37,968 | app.py:68 | Received server message. Handling...
DEBUG flower 2021-04-10 15:36:37,969 | numpy_client.py:228 | read: ReadRes(clock=37)
DEBUG flower 2021-04-10 15:36:37,977 | numpy_client.py:172 | fit, FitIns(clock=38)
DEBUG flower 2021-04-10 15:36:37,977 | numpy_client.py:260 | cached_clock: 37, curr_clock: 38
INFO flower 2021-04-10 15:36:41,482 | numpy_client.py:205 | Cache is fresh, return FitRes(clock=38)
INFO flower 2021-04-10 15:36:41,483 | chaos.py:14 | Delay 61 sec
DEBUG flower 2021-04-10 15:37:42,542 | app.py:66 | Waiting for message from server...
DEBUG flower 2021-04-10 15:37:42,560 | app.py:68 | Received server message. Handling...
DEBUG flower 2021-04-10 15:37:42,560 | numpy_client.py:172 | fit, FitIns(clock=39)
DEBUG flower 2021-04-10 15:37:42,560 | numpy_client.py:260 | cached_clock: 37, curr_clock: 39
INFO flower 2021-04-10 15:37:42,560 | numpy_client.py:184 | Cache is stale, return ReadIns
DEBUG flower 2021-04-10 15:37:42,561 | app.py:66 | Waiting for message from server...
DEBUG flower 2021-04-10 15:37:49,890 | app.py:68 | Received server message. Handling...
DEBUG flower 2021-04-10 15:37:49,891 | numpy_client.py:228 | read: ReadRes(clock=38)
DEBUG flower 2021-04-10 15:37:49,895 | numpy_client.py:172 | fit, FitIns(clock=39)
DEBUG flower 2021-04-10 15:37:49,895 | numpy_client.py:260 | cached_clock: 38, curr_clock: 39
INFO flower 2021-04-10 15:37:53,369 | numpy_client.py:205 | Cache is fresh, return FitRes(clock=39)
INFO flower 2021-04-10 15:37:53,369 | chaos.py:14 | Delay 59 sec
DEBUG flower 2021-04-10 15:38:52,412 | app.py:66 | Waiting for message from server...
DEBUG flower 2021-04-10 15:38:52,433 | app.py:68 | Received server message. Handling...
DEBUG flower 2021-04-10 15:38:52,433 | numpy_client.py:172 | fit, FitIns(clock=40)
DEBUG flower 2021-04-10 15:38:52,433 | numpy_client.py:260 | cached_clock: 38, curr_clock: 40
INFO flower 2021-04-10 15:38:52,433 | numpy_client.py:184 | Cache is stale, return ReadIns
DEBUG flower 2021-04-10 15:38:52,434 | app.py:66 | Waiting for message from server...
DEBUG flower 2021-04-10 15:39:00,096 | app.py:68 | Received server message. Handling...
DEBUG flower 2021-04-10 15:39:00,097 | numpy_client.py:228 | read: ReadRes(clock=39)
DEBUG flower 2021-04-10 15:39:00,107 | numpy_client.py:172 | fit, FitIns(clock=40)
DEBUG flower 2021-04-10 15:39:00,107 | numpy_client.py:260 | cached_clock: 39, curr_clock: 40
INFO flower 2021-04-10 15:39:03,566 | numpy_client.py:205 | Cache is fresh, return FitRes(clock=40)
INFO flower 2021-04-10 15:39:03,566 | chaos.py:14 | Delay 57 sec
DEBUG flower 2021-04-10 15:40:00,605 | app.py:66 | Waiting for message from server...
DEBUG flower 2021-04-10 15:40:00,627 | app.py:68 | Received server message. Handling...
DEBUG flower 2021-04-10 15:40:00,628 | numpy_client.py:172 | fit, FitIns(clock=41)
DEBUG flower 2021-04-10 15:40:00,628 | numpy_client.py:260 | cached_clock: 39, curr_clock: 41
INFO flower 2021-04-10 15:40:00,628 | numpy_client.py:184 | Cache is stale, return ReadIns
DEBUG flower 2021-04-10 15:40:00,629 | app.py:66 | Waiting for message from server...
DEBUG flower 2021-04-10 15:40:07,720 | app.py:68 | Received server message. Handling...
DEBUG flower 2021-04-10 15:40:07,721 | numpy_client.py:228 | read: ReadRes(clock=40)
DEBUG flower 2021-04-10 15:40:07,728 | numpy_client.py:172 | fit, FitIns(clock=41)
DEBUG flower 2021-04-10 15:40:07,728 | numpy_client.py:260 | cached_clock: 40, curr_clock: 41
INFO flower 2021-04-10 15:40:11,270 | numpy_client.py:205 | Cache is fresh, return FitRes(clock=41)
INFO flower 2021-04-10 15:40:11,271 | chaos.py:14 | Delay 80 sec
DEBUG flower 2021-04-10 15:41:31,350 | app.py:66 | Waiting for message from server...
DEBUG flower 2021-04-10 15:41:31,372 | app.py:68 | Received server message. Handling...
DEBUG flower 2021-04-10 15:41:31,372 | numpy_client.py:172 | fit, FitIns(clock=42)
DEBUG flower 2021-04-10 15:41:31,372 | numpy_client.py:260 | cached_clock: 40, curr_clock: 42
INFO flower 2021-04-10 15:41:31,372 | numpy_client.py:184 | Cache is stale, return ReadIns
DEBUG flower 2021-04-10 15:41:31,373 | app.py:66 | Waiting for message from server...
DEBUG flower 2021-04-10 15:41:38,964 | app.py:68 | Received server message. Handling...
DEBUG flower 2021-04-10 15:41:38,965 | numpy_client.py:228 | read: ReadRes(clock=41)
DEBUG flower 2021-04-10 15:41:38,972 | numpy_client.py:172 | fit, FitIns(clock=42)
DEBUG flower 2021-04-10 15:41:38,972 | numpy_client.py:260 | cached_clock: 41, curr_clock: 42
INFO flower 2021-04-10 15:41:42,380 | numpy_client.py:205 | Cache is fresh, return FitRes(clock=42)
INFO flower 2021-04-10 15:41:42,380 | chaos.py:14 | Delay 44 sec
DEBUG flower 2021-04-10 15:42:26,425 | app.py:66 | Waiting for message from server...
DEBUG flower 2021-04-10 15:42:26,448 | app.py:68 | Received server message. Handling...
DEBUG flower 2021-04-10 15:42:26,448 | numpy_client.py:172 | fit, FitIns(clock=43)
DEBUG flower 2021-04-10 15:42:26,449 | numpy_client.py:260 | cached_clock: 41, curr_clock: 43
INFO flower 2021-04-10 15:42:26,449 | numpy_client.py:184 | Cache is stale, return ReadIns
DEBUG flower 2021-04-10 15:42:26,449 | app.py:66 | Waiting for message from server...
DEBUG flower 2021-04-10 15:42:33,855 | app.py:68 | Received server message. Handling...
DEBUG flower 2021-04-10 15:42:33,856 | numpy_client.py:228 | read: ReadRes(clock=42)
DEBUG flower 2021-04-10 15:42:33,864 | numpy_client.py:172 | fit, FitIns(clock=43)
DEBUG flower 2021-04-10 15:42:33,864 | numpy_client.py:260 | cached_clock: 42, curr_clock: 43
INFO flower 2021-04-10 15:42:37,281 | numpy_client.py:205 | Cache is fresh, return FitRes(clock=43)
INFO flower 2021-04-10 15:42:37,281 | chaos.py:14 | Delay 68 sec
DEBUG flower 2021-04-10 15:43:45,310 | app.py:66 | Waiting for message from server...
DEBUG flower 2021-04-10 15:43:45,331 | app.py:68 | Received server message. Handling...
DEBUG flower 2021-04-10 15:43:45,331 | numpy_client.py:172 | fit, FitIns(clock=44)
DEBUG flower 2021-04-10 15:43:45,332 | numpy_client.py:260 | cached_clock: 42, curr_clock: 44
INFO flower 2021-04-10 15:43:45,332 | numpy_client.py:184 | Cache is stale, return ReadIns
DEBUG flower 2021-04-10 15:43:45,332 | app.py:66 | Waiting for message from server...
DEBUG flower 2021-04-10 15:43:52,871 | app.py:68 | Received server message. Handling...
DEBUG flower 2021-04-10 15:43:52,871 | numpy_client.py:228 | read: ReadRes(clock=43)
DEBUG flower 2021-04-10 15:43:52,878 | numpy_client.py:172 | fit, FitIns(clock=44)
DEBUG flower 2021-04-10 15:43:52,878 | numpy_client.py:260 | cached_clock: 43, curr_clock: 44
INFO flower 2021-04-10 15:43:56,297 | numpy_client.py:205 | Cache is fresh, return FitRes(clock=44)
INFO flower 2021-04-10 15:43:56,297 | chaos.py:14 | Delay 44 sec
DEBUG flower 2021-04-10 15:44:40,342 | app.py:66 | Waiting for message from server...
DEBUG flower 2021-04-10 15:44:40,364 | app.py:68 | Received server message. Handling...
DEBUG flower 2021-04-10 15:44:40,364 | numpy_client.py:172 | fit, FitIns(clock=45)
DEBUG flower 2021-04-10 15:44:40,365 | numpy_client.py:260 | cached_clock: 43, curr_clock: 45
INFO flower 2021-04-10 15:44:40,365 | numpy_client.py:184 | Cache is stale, return ReadIns
DEBUG flower 2021-04-10 15:44:40,365 | app.py:66 | Waiting for message from server...
DEBUG flower 2021-04-10 15:44:47,780 | app.py:68 | Received server message. Handling...
DEBUG flower 2021-04-10 15:44:47,781 | numpy_client.py:228 | read: ReadRes(clock=44)
DEBUG flower 2021-04-10 15:44:47,788 | numpy_client.py:172 | fit, FitIns(clock=45)
DEBUG flower 2021-04-10 15:44:47,788 | numpy_client.py:260 | cached_clock: 44, curr_clock: 45
INFO flower 2021-04-10 15:44:51,165 | numpy_client.py:205 | Cache is fresh, return FitRes(clock=45)
INFO flower 2021-04-10 15:44:51,165 | chaos.py:14 | Delay 47 sec
DEBUG flower 2021-04-10 15:45:38,208 | app.py:66 | Waiting for message from server...
DEBUG flower 2021-04-10 15:45:38,230 | app.py:68 | Received server message. Handling...
DEBUG flower 2021-04-10 15:45:38,231 | numpy_client.py:172 | fit, FitIns(clock=46)
DEBUG flower 2021-04-10 15:45:38,231 | numpy_client.py:260 | cached_clock: 44, curr_clock: 46
INFO flower 2021-04-10 15:45:38,231 | numpy_client.py:184 | Cache is stale, return ReadIns
DEBUG flower 2021-04-10 15:45:38,231 | app.py:66 | Waiting for message from server...
DEBUG flower 2021-04-10 15:45:45,589 | app.py:68 | Received server message. Handling...
DEBUG flower 2021-04-10 15:45:45,590 | numpy_client.py:228 | read: ReadRes(clock=45)
DEBUG flower 2021-04-10 15:45:45,597 | numpy_client.py:172 | fit, FitIns(clock=46)
DEBUG flower 2021-04-10 15:45:45,597 | numpy_client.py:260 | cached_clock: 45, curr_clock: 46
INFO flower 2021-04-10 15:45:49,082 | numpy_client.py:205 | Cache is fresh, return FitRes(clock=46)
INFO flower 2021-04-10 15:45:49,083 | chaos.py:14 | Delay 71 sec
DEBUG flower 2021-04-10 15:47:00,139 | app.py:66 | Waiting for message from server...
DEBUG flower 2021-04-10 15:47:00,160 | app.py:68 | Received server message. Handling...
DEBUG flower 2021-04-10 15:47:00,160 | numpy_client.py:172 | fit, FitIns(clock=47)
DEBUG flower 2021-04-10 15:47:00,160 | numpy_client.py:260 | cached_clock: 45, curr_clock: 47
INFO flower 2021-04-10 15:47:00,160 | numpy_client.py:184 | Cache is stale, return ReadIns
DEBUG flower 2021-04-10 15:47:00,161 | app.py:66 | Waiting for message from server...
DEBUG flower 2021-04-10 15:47:07,372 | app.py:68 | Received server message. Handling...
DEBUG flower 2021-04-10 15:47:07,373 | numpy_client.py:228 | read: ReadRes(clock=46)
DEBUG flower 2021-04-10 15:47:07,380 | numpy_client.py:172 | fit, FitIns(clock=47)
DEBUG flower 2021-04-10 15:47:07,380 | numpy_client.py:260 | cached_clock: 46, curr_clock: 47
INFO flower 2021-04-10 15:47:11,052 | numpy_client.py:205 | Cache is fresh, return FitRes(clock=47)
INFO flower 2021-04-10 15:47:11,052 | chaos.py:14 | Delay 74 sec
DEBUG flower 2021-04-10 15:48:25,064 | app.py:66 | Waiting for message from server...
DEBUG flower 2021-04-10 15:48:25,086 | app.py:68 | Received server message. Handling...
DEBUG flower 2021-04-10 15:48:25,087 | numpy_client.py:172 | fit, FitIns(clock=48)
DEBUG flower 2021-04-10 15:48:25,087 | numpy_client.py:260 | cached_clock: 46, curr_clock: 48
INFO flower 2021-04-10 15:48:25,087 | numpy_client.py:184 | Cache is stale, return ReadIns
DEBUG flower 2021-04-10 15:48:25,087 | app.py:66 | Waiting for message from server...
DEBUG flower 2021-04-10 15:48:32,359 | app.py:68 | Received server message. Handling...
DEBUG flower 2021-04-10 15:48:32,360 | numpy_client.py:228 | read: ReadRes(clock=47)
DEBUG flower 2021-04-10 15:48:32,368 | numpy_client.py:172 | fit, FitIns(clock=48)
DEBUG flower 2021-04-10 15:48:32,368 | numpy_client.py:260 | cached_clock: 47, curr_clock: 48
INFO flower 2021-04-10 15:48:35,973 | numpy_client.py:205 | Cache is fresh, return FitRes(clock=48)
INFO flower 2021-04-10 15:48:35,973 | chaos.py:14 | Delay 53 sec
DEBUG flower 2021-04-10 15:49:29,027 | app.py:66 | Waiting for message from server...
DEBUG flower 2021-04-10 15:49:29,048 | app.py:68 | Received server message. Handling...
DEBUG flower 2021-04-10 15:49:29,049 | numpy_client.py:172 | fit, FitIns(clock=49)
DEBUG flower 2021-04-10 15:49:29,049 | numpy_client.py:260 | cached_clock: 47, curr_clock: 49
INFO flower 2021-04-10 15:49:29,049 | numpy_client.py:184 | Cache is stale, return ReadIns
DEBUG flower 2021-04-10 15:49:29,050 | app.py:66 | Waiting for message from server...
DEBUG flower 2021-04-10 15:49:36,581 | app.py:68 | Received server message. Handling...
DEBUG flower 2021-04-10 15:49:36,581 | numpy_client.py:228 | read: ReadRes(clock=48)
DEBUG flower 2021-04-10 15:49:36,589 | numpy_client.py:172 | fit, FitIns(clock=49)
DEBUG flower 2021-04-10 15:49:36,589 | numpy_client.py:260 | cached_clock: 48, curr_clock: 49
INFO flower 2021-04-10 15:49:40,052 | numpy_client.py:205 | Cache is fresh, return FitRes(clock=49)
INFO flower 2021-04-10 15:49:40,052 | chaos.py:14 | Delay 70 sec
DEBUG flower 2021-04-10 15:50:50,123 | numpy_client.py:217 | The client finishes computing after 3667 seconds
DEBUG flower 2021-04-10 15:50:50,123 | app.py:66 | Waiting for message from server...
DEBUG flower 2021-04-10 15:51:04,847 | app.py:68 | Received server message. Handling...
INFO flower 2021-04-10 15:51:14,952 | numpy_client.py:250 | [32;1m Loss: 12.022, Accuracy: 0.000%[0m
DEBUG flower 2021-04-10 15:51:14,952 | app.py:66 | Waiting for message from server...
DEBUG flower 2021-04-10 15:51:16,724 | app.py:68 | Received server message. Handling...
DEBUG flower 2021-04-10 15:51:16,752 | connection.py:68 | Insecure gRPC channel closed
INFO flower 2021-04-10 15:51:16,752 | app.py:76 | Disconnect and shut down
Namespace(idx=14, max_delay=0, min_delay=0, num_clients=31, server_ip='10.244.50.51:8080', staleness_bound=1)
I'm client 14
Using downloaded and verified file: ./cifar-10-python.tar.gz
Extracting ./cifar-10-python.tar.gz to .
Files already downloaded and verified
[32;1mClient 14: 2248 train samples, 109 test samples[0m
loss=155.18506288528442, acc=0.258362676056338
loss=161.72989296913147, acc=0.0
loss=177.7876377105713, acc=0.0
loss=165.4806137084961, acc=0.13776408450704225
loss=153.02511847019196, acc=0.21830985915492956
loss=173.76112270355225, acc=0.0008802816901408451
loss=198.8294382095337, acc=0.0
loss=141.43336927890778, acc=0.30985915492957744
loss=126.62042772769928, acc=0.34375
loss=147.8635380268097, acc=0.2992957746478873
loss=129.45386910438538, acc=0.37235915492957744
loss=152.4587310552597, acc=0.31338028169014087
loss=155.74633359909058, acc=0.30721830985915494
loss=186.8928153514862, acc=0.0
loss=169.8255274295807, acc=0.12852112676056338
loss=159.32668805122375, acc=0.2966549295774648
loss=156.04706072807312, acc=0.30941901408450706
loss=137.46636617183685, acc=0.3336267605633803
loss=142.24351382255554, acc=0.33494718309859156
loss=140.54788863658905, acc=0.39920774647887325
loss=157.82495152950287, acc=0.3147007042253521
loss=157.89521706104279, acc=0.3204225352112676
loss=161.11355650424957, acc=0.3125
loss=161.56145882606506, acc=0.31866197183098594
loss=140.47243678569794, acc=0.3472711267605634
loss=139.699844956398, acc=0.3683978873239437
loss=152.56066191196442, acc=0.3142605633802817
loss=162.61466777324677, acc=0.28213028169014087
loss=160.98187518119812, acc=0.31690140845070425
loss=166.5824956893921, acc=0.3142605633802817
loss=165.14098370075226, acc=0.3125
loss=123.03949105739594, acc=0.3345070422535211
loss=148.41455399990082, acc=0.32130281690140844
loss=151.90374374389648, acc=0.31558098591549294
loss=125.84522306919098, acc=0.38688380281690143
loss=128.0348459482193, acc=0.42297535211267606
loss=125.73488414287567, acc=0.457306338028169
loss=147.69389700889587, acc=0.3305457746478873
loss=174.44819808006287, acc=0.1131161971830986
loss=205.06495547294617, acc=0.06690140845070422
loss=153.67089891433716, acc=0.3578345070422535
loss=155.82652711868286, acc=0.3692781690140845
loss=178.17926669120789, acc=0.09991197183098592
loss=158.10506224632263, acc=0.36795774647887325
loss=134.02922344207764, acc=0.5158450704225352
loss=135.6441285610199, acc=0.522887323943662
loss=134.77313029766083, acc=0.547975352112676
loss=133.5864132642746, acc=0.5545774647887324
loss=133.85817378759384, acc=0.5664612676056338
loss=132.4718102812767, acc=0.565580985915493
Files already downloaded and verified
Files already downloaded and verified
Testing on full test set: 313, 873.261472940445, 0.137
Testing on partial test set: 4, 12.021910190582275, 0.0
