DEBUG flower 2021-04-10 15:52:15,520 | client.py:83 | Start SSP client with delay [40,80]
DEBUG flower 2021-04-10 15:52:18,220 | connection.py:36 | ChannelConnectivity.IDLE
DEBUG flower 2021-04-10 15:52:18,221 | connection.py:36 | ChannelConnectivity.CONNECTING
INFO flower 2021-04-10 15:52:18,222 | app.py:63 | Opened (insecure) gRPC connection
DEBUG flower 2021-04-10 15:52:18,222 | app.py:66 | Waiting for message from server...
DEBUG flower 2021-04-10 15:52:18,223 | connection.py:36 | ChannelConnectivity.READY
DEBUG flower 2021-04-10 15:52:20,751 | app.py:68 | Received server message. Handling...
DEBUG flower 2021-04-10 15:52:20,752 | numpy_client.py:172 | fit, FitIns(clock=0)
INFO flower 2021-04-10 15:52:20,752 | numpy_client.py:184 | Cache is stale, return ReadIns
DEBUG flower 2021-04-10 15:52:20,752 | app.py:66 | Waiting for message from server...
DEBUG flower 2021-04-10 15:52:20,943 | app.py:68 | Received server message. Handling...
DEBUG flower 2021-04-10 15:52:20,944 | numpy_client.py:228 | read: ReadRes(clock=-1)
DEBUG flower 2021-04-10 15:52:20,959 | numpy_client.py:172 | fit, FitIns(clock=0)
DEBUG flower 2021-04-10 15:52:20,959 | numpy_client.py:260 | cached_clock: -1, curr_clock: 0
DEBUG flower 2021-04-10 15:52:25,311 | model_wrapper.py:21 | Load existing initial model
INFO flower 2021-04-10 15:52:25,314 | numpy_client.py:205 | Cache is fresh, return FitRes(clock=0)
INFO flower 2021-04-10 15:52:25,314 | chaos.py:14 | Delay 74 sec
DEBUG flower 2021-04-10 15:53:39,389 | app.py:66 | Waiting for message from server...
DEBUG flower 2021-04-10 15:53:39,409 | app.py:68 | Received server message. Handling...
DEBUG flower 2021-04-10 15:53:39,410 | numpy_client.py:172 | fit, FitIns(clock=1)
DEBUG flower 2021-04-10 15:53:39,410 | numpy_client.py:260 | cached_clock: -1, curr_clock: 1
INFO flower 2021-04-10 15:53:43,298 | numpy_client.py:205 | Cache is fresh, return FitRes(clock=1)
INFO flower 2021-04-10 15:53:43,298 | chaos.py:14 | Delay 78 sec
DEBUG flower 2021-04-10 15:55:01,373 | app.py:66 | Waiting for message from server...
DEBUG flower 2021-04-10 15:55:01,394 | app.py:68 | Received server message. Handling...
DEBUG flower 2021-04-10 15:55:01,395 | numpy_client.py:172 | fit, FitIns(clock=2)
DEBUG flower 2021-04-10 15:55:01,395 | numpy_client.py:260 | cached_clock: -1, curr_clock: 2
INFO flower 2021-04-10 15:55:01,395 | numpy_client.py:184 | Cache is stale, return ReadIns
DEBUG flower 2021-04-10 15:55:01,395 | app.py:66 | Waiting for message from server...
DEBUG flower 2021-04-10 15:55:01,411 | app.py:68 | Received server message. Handling...
DEBUG flower 2021-04-10 15:55:01,411 | numpy_client.py:228 | read: ReadRes(clock=0)
DEBUG flower 2021-04-10 15:55:01,417 | numpy_client.py:172 | fit, FitIns(clock=2)
DEBUG flower 2021-04-10 15:55:01,417 | numpy_client.py:260 | cached_clock: 0, curr_clock: 2
INFO flower 2021-04-10 15:55:05,504 | numpy_client.py:205 | Cache is fresh, return FitRes(clock=2)
INFO flower 2021-04-10 15:55:05,504 | chaos.py:14 | Delay 63 sec
DEBUG flower 2021-04-10 15:56:08,568 | app.py:66 | Waiting for message from server...
DEBUG flower 2021-04-10 15:56:08,591 | app.py:68 | Received server message. Handling...
DEBUG flower 2021-04-10 15:56:08,592 | numpy_client.py:172 | fit, FitIns(clock=3)
DEBUG flower 2021-04-10 15:56:08,592 | numpy_client.py:260 | cached_clock: 0, curr_clock: 3
INFO flower 2021-04-10 15:56:08,592 | numpy_client.py:184 | Cache is stale, return ReadIns
DEBUG flower 2021-04-10 15:56:08,592 | app.py:66 | Waiting for message from server...
DEBUG flower 2021-04-10 15:56:08,606 | app.py:68 | Received server message. Handling...
DEBUG flower 2021-04-10 15:56:08,606 | numpy_client.py:228 | read: ReadRes(clock=1)
DEBUG flower 2021-04-10 15:56:08,613 | numpy_client.py:172 | fit, FitIns(clock=3)
DEBUG flower 2021-04-10 15:56:08,613 | numpy_client.py:260 | cached_clock: 1, curr_clock: 3
INFO flower 2021-04-10 15:56:12,610 | numpy_client.py:205 | Cache is fresh, return FitRes(clock=3)
INFO flower 2021-04-10 15:56:12,610 | chaos.py:14 | Delay 44 sec
DEBUG flower 2021-04-10 15:56:56,621 | app.py:66 | Waiting for message from server...
DEBUG flower 2021-04-10 15:56:56,644 | app.py:68 | Received server message. Handling...
DEBUG flower 2021-04-10 15:56:56,644 | numpy_client.py:172 | fit, FitIns(clock=4)
DEBUG flower 2021-04-10 15:56:56,644 | numpy_client.py:260 | cached_clock: 1, curr_clock: 4
INFO flower 2021-04-10 15:56:56,645 | numpy_client.py:184 | Cache is stale, return ReadIns
DEBUG flower 2021-04-10 15:56:56,645 | app.py:66 | Waiting for message from server...
DEBUG flower 2021-04-10 15:56:56,698 | app.py:68 | Received server message. Handling...
DEBUG flower 2021-04-10 15:56:56,698 | numpy_client.py:228 | read: ReadRes(clock=2)
DEBUG flower 2021-04-10 15:56:56,705 | numpy_client.py:172 | fit, FitIns(clock=4)
DEBUG flower 2021-04-10 15:56:56,706 | numpy_client.py:260 | cached_clock: 2, curr_clock: 4
INFO flower 2021-04-10 15:57:00,802 | numpy_client.py:205 | Cache is fresh, return FitRes(clock=4)
INFO flower 2021-04-10 15:57:00,803 | chaos.py:14 | Delay 47 sec
DEBUG flower 2021-04-10 15:57:47,831 | app.py:66 | Waiting for message from server...
DEBUG flower 2021-04-10 15:57:47,852 | app.py:68 | Received server message. Handling...
DEBUG flower 2021-04-10 15:57:47,853 | numpy_client.py:172 | fit, FitIns(clock=5)
DEBUG flower 2021-04-10 15:57:47,853 | numpy_client.py:260 | cached_clock: 2, curr_clock: 5
INFO flower 2021-04-10 15:57:47,853 | numpy_client.py:184 | Cache is stale, return ReadIns
DEBUG flower 2021-04-10 15:57:47,853 | app.py:66 | Waiting for message from server...
DEBUG flower 2021-04-10 15:57:47,899 | app.py:68 | Received server message. Handling...
DEBUG flower 2021-04-10 15:57:47,899 | numpy_client.py:228 | read: ReadRes(clock=3)
DEBUG flower 2021-04-10 15:57:47,906 | numpy_client.py:172 | fit, FitIns(clock=5)
DEBUG flower 2021-04-10 15:57:47,906 | numpy_client.py:260 | cached_clock: 3, curr_clock: 5
INFO flower 2021-04-10 15:57:52,498 | numpy_client.py:205 | Cache is fresh, return FitRes(clock=5)
INFO flower 2021-04-10 15:57:52,499 | chaos.py:14 | Delay 47 sec
DEBUG flower 2021-04-10 15:58:39,547 | app.py:66 | Waiting for message from server...
DEBUG flower 2021-04-10 15:58:39,570 | app.py:68 | Received server message. Handling...
DEBUG flower 2021-04-10 15:58:39,571 | numpy_client.py:172 | fit, FitIns(clock=6)
DEBUG flower 2021-04-10 15:58:39,571 | numpy_client.py:260 | cached_clock: 3, curr_clock: 6
INFO flower 2021-04-10 15:58:39,571 | numpy_client.py:184 | Cache is stale, return ReadIns
DEBUG flower 2021-04-10 15:58:39,571 | app.py:66 | Waiting for message from server...
DEBUG flower 2021-04-10 15:58:39,598 | app.py:68 | Received server message. Handling...
DEBUG flower 2021-04-10 15:58:39,598 | numpy_client.py:228 | read: ReadRes(clock=4)
DEBUG flower 2021-04-10 15:58:39,605 | numpy_client.py:172 | fit, FitIns(clock=6)
DEBUG flower 2021-04-10 15:58:39,605 | numpy_client.py:260 | cached_clock: 4, curr_clock: 6
INFO flower 2021-04-10 15:58:43,708 | numpy_client.py:205 | Cache is fresh, return FitRes(clock=6)
INFO flower 2021-04-10 15:58:43,708 | chaos.py:14 | Delay 79 sec
DEBUG flower 2021-04-10 16:00:02,733 | app.py:66 | Waiting for message from server...
DEBUG flower 2021-04-10 16:00:02,756 | app.py:68 | Received server message. Handling...
DEBUG flower 2021-04-10 16:00:02,757 | numpy_client.py:172 | fit, FitIns(clock=7)
DEBUG flower 2021-04-10 16:00:02,757 | numpy_client.py:260 | cached_clock: 4, curr_clock: 7
INFO flower 2021-04-10 16:00:02,757 | numpy_client.py:184 | Cache is stale, return ReadIns
DEBUG flower 2021-04-10 16:00:02,757 | app.py:66 | Waiting for message from server...
DEBUG flower 2021-04-10 16:00:02,797 | app.py:68 | Received server message. Handling...
DEBUG flower 2021-04-10 16:00:02,797 | numpy_client.py:228 | read: ReadRes(clock=5)
DEBUG flower 2021-04-10 16:00:02,805 | numpy_client.py:172 | fit, FitIns(clock=7)
DEBUG flower 2021-04-10 16:00:02,805 | numpy_client.py:260 | cached_clock: 5, curr_clock: 7
INFO flower 2021-04-10 16:00:07,020 | numpy_client.py:205 | Cache is fresh, return FitRes(clock=7)
INFO flower 2021-04-10 16:00:07,021 | chaos.py:14 | Delay 79 sec
DEBUG flower 2021-04-10 16:01:26,100 | app.py:66 | Waiting for message from server...
DEBUG flower 2021-04-10 16:01:26,124 | app.py:68 | Received server message. Handling...
DEBUG flower 2021-04-10 16:01:26,125 | numpy_client.py:172 | fit, FitIns(clock=8)
DEBUG flower 2021-04-10 16:01:26,125 | numpy_client.py:260 | cached_clock: 5, curr_clock: 8
INFO flower 2021-04-10 16:01:26,125 | numpy_client.py:184 | Cache is stale, return ReadIns
DEBUG flower 2021-04-10 16:01:26,125 | app.py:66 | Waiting for message from server...
DEBUG flower 2021-04-10 16:01:26,197 | app.py:68 | Received server message. Handling...
DEBUG flower 2021-04-10 16:01:26,198 | numpy_client.py:228 | read: ReadRes(clock=6)
DEBUG flower 2021-04-10 16:01:26,205 | numpy_client.py:172 | fit, FitIns(clock=8)
DEBUG flower 2021-04-10 16:01:26,205 | numpy_client.py:260 | cached_clock: 6, curr_clock: 8
INFO flower 2021-04-10 16:01:30,398 | numpy_client.py:205 | Cache is fresh, return FitRes(clock=8)
INFO flower 2021-04-10 16:01:30,398 | chaos.py:14 | Delay 45 sec
DEBUG flower 2021-04-10 16:02:15,444 | app.py:66 | Waiting for message from server...
DEBUG flower 2021-04-10 16:02:15,468 | app.py:68 | Received server message. Handling...
DEBUG flower 2021-04-10 16:02:15,468 | numpy_client.py:172 | fit, FitIns(clock=9)
DEBUG flower 2021-04-10 16:02:15,469 | numpy_client.py:260 | cached_clock: 6, curr_clock: 9
INFO flower 2021-04-10 16:02:15,469 | numpy_client.py:184 | Cache is stale, return ReadIns
DEBUG flower 2021-04-10 16:02:15,469 | app.py:66 | Waiting for message from server...
DEBUG flower 2021-04-10 16:02:18,396 | app.py:68 | Received server message. Handling...
DEBUG flower 2021-04-10 16:02:18,396 | numpy_client.py:228 | read: ReadRes(clock=7)
DEBUG flower 2021-04-10 16:02:18,404 | numpy_client.py:172 | fit, FitIns(clock=9)
DEBUG flower 2021-04-10 16:02:18,404 | numpy_client.py:260 | cached_clock: 7, curr_clock: 9
INFO flower 2021-04-10 16:02:22,798 | numpy_client.py:205 | Cache is fresh, return FitRes(clock=9)
INFO flower 2021-04-10 16:02:22,799 | chaos.py:14 | Delay 54 sec
DEBUG flower 2021-04-10 16:03:16,854 | app.py:66 | Waiting for message from server...
DEBUG flower 2021-04-10 16:03:16,877 | app.py:68 | Received server message. Handling...
DEBUG flower 2021-04-10 16:03:16,877 | numpy_client.py:172 | fit, FitIns(clock=10)
DEBUG flower 2021-04-10 16:03:16,877 | numpy_client.py:260 | cached_clock: 7, curr_clock: 10
INFO flower 2021-04-10 16:03:16,878 | numpy_client.py:184 | Cache is stale, return ReadIns
DEBUG flower 2021-04-10 16:03:16,878 | app.py:66 | Waiting for message from server...
DEBUG flower 2021-04-10 16:03:16,895 | app.py:68 | Received server message. Handling...
DEBUG flower 2021-04-10 16:03:16,895 | numpy_client.py:228 | read: ReadRes(clock=8)
DEBUG flower 2021-04-10 16:03:16,902 | numpy_client.py:172 | fit, FitIns(clock=10)
DEBUG flower 2021-04-10 16:03:16,902 | numpy_client.py:260 | cached_clock: 8, curr_clock: 10
INFO flower 2021-04-10 16:03:21,019 | numpy_client.py:205 | Cache is fresh, return FitRes(clock=10)
INFO flower 2021-04-10 16:03:21,019 | chaos.py:14 | Delay 65 sec
DEBUG flower 2021-04-10 16:04:26,082 | app.py:66 | Waiting for message from server...
DEBUG flower 2021-04-10 16:04:26,104 | app.py:68 | Received server message. Handling...
DEBUG flower 2021-04-10 16:04:26,105 | numpy_client.py:172 | fit, FitIns(clock=11)
DEBUG flower 2021-04-10 16:04:26,105 | numpy_client.py:260 | cached_clock: 8, curr_clock: 11
INFO flower 2021-04-10 16:04:26,105 | numpy_client.py:184 | Cache is stale, return ReadIns
DEBUG flower 2021-04-10 16:04:26,105 | app.py:66 | Waiting for message from server...
DEBUG flower 2021-04-10 16:04:26,121 | app.py:68 | Received server message. Handling...
DEBUG flower 2021-04-10 16:04:26,122 | numpy_client.py:228 | read: ReadRes(clock=9)
DEBUG flower 2021-04-10 16:04:26,128 | numpy_client.py:172 | fit, FitIns(clock=11)
DEBUG flower 2021-04-10 16:04:26,128 | numpy_client.py:260 | cached_clock: 9, curr_clock: 11
INFO flower 2021-04-10 16:04:30,109 | numpy_client.py:205 | Cache is fresh, return FitRes(clock=11)
INFO flower 2021-04-10 16:04:30,109 | chaos.py:14 | Delay 71 sec
DEBUG flower 2021-04-10 16:05:41,132 | app.py:66 | Waiting for message from server...
DEBUG flower 2021-04-10 16:05:41,154 | app.py:68 | Received server message. Handling...
DEBUG flower 2021-04-10 16:05:41,155 | numpy_client.py:172 | fit, FitIns(clock=12)
DEBUG flower 2021-04-10 16:05:41,155 | numpy_client.py:260 | cached_clock: 9, curr_clock: 12
INFO flower 2021-04-10 16:05:41,155 | numpy_client.py:184 | Cache is stale, return ReadIns
DEBUG flower 2021-04-10 16:05:41,155 | app.py:66 | Waiting for message from server...
DEBUG flower 2021-04-10 16:05:41,195 | app.py:68 | Received server message. Handling...
DEBUG flower 2021-04-10 16:05:41,195 | numpy_client.py:228 | read: ReadRes(clock=10)
DEBUG flower 2021-04-10 16:05:41,202 | numpy_client.py:172 | fit, FitIns(clock=12)
DEBUG flower 2021-04-10 16:05:41,202 | numpy_client.py:260 | cached_clock: 10, curr_clock: 12
INFO flower 2021-04-10 16:05:45,507 | numpy_client.py:205 | Cache is fresh, return FitRes(clock=12)
INFO flower 2021-04-10 16:05:45,507 | chaos.py:14 | Delay 78 sec
DEBUG flower 2021-04-10 16:07:03,579 | app.py:66 | Waiting for message from server...
DEBUG flower 2021-04-10 16:07:03,603 | app.py:68 | Received server message. Handling...
DEBUG flower 2021-04-10 16:07:03,604 | numpy_client.py:172 | fit, FitIns(clock=13)
DEBUG flower 2021-04-10 16:07:03,604 | numpy_client.py:260 | cached_clock: 10, curr_clock: 13
INFO flower 2021-04-10 16:07:03,604 | numpy_client.py:184 | Cache is stale, return ReadIns
DEBUG flower 2021-04-10 16:07:03,605 | app.py:66 | Waiting for message from server...
DEBUG flower 2021-04-10 16:07:03,620 | app.py:68 | Received server message. Handling...
DEBUG flower 2021-04-10 16:07:03,620 | numpy_client.py:228 | read: ReadRes(clock=11)
DEBUG flower 2021-04-10 16:07:03,627 | numpy_client.py:172 | fit, FitIns(clock=13)
DEBUG flower 2021-04-10 16:07:03,627 | numpy_client.py:260 | cached_clock: 11, curr_clock: 13
INFO flower 2021-04-10 16:07:07,828 | numpy_client.py:205 | Cache is fresh, return FitRes(clock=13)
INFO flower 2021-04-10 16:07:07,829 | chaos.py:14 | Delay 71 sec
DEBUG flower 2021-04-10 16:08:18,853 | app.py:66 | Waiting for message from server...
DEBUG flower 2021-04-10 16:08:18,876 | app.py:68 | Received server message. Handling...
DEBUG flower 2021-04-10 16:08:18,877 | numpy_client.py:172 | fit, FitIns(clock=14)
DEBUG flower 2021-04-10 16:08:18,877 | numpy_client.py:260 | cached_clock: 11, curr_clock: 14
INFO flower 2021-04-10 16:08:18,877 | numpy_client.py:184 | Cache is stale, return ReadIns
DEBUG flower 2021-04-10 16:08:18,877 | app.py:66 | Waiting for message from server...
DEBUG flower 2021-04-10 16:08:31,519 | app.py:68 | Received server message. Handling...
DEBUG flower 2021-04-10 16:08:31,520 | numpy_client.py:228 | read: ReadRes(clock=12)
DEBUG flower 2021-04-10 16:08:31,600 | numpy_client.py:172 | fit, FitIns(clock=14)
DEBUG flower 2021-04-10 16:08:31,600 | numpy_client.py:260 | cached_clock: 12, curr_clock: 14
INFO flower 2021-04-10 16:08:35,703 | numpy_client.py:205 | Cache is fresh, return FitRes(clock=14)
INFO flower 2021-04-10 16:08:35,703 | chaos.py:14 | Delay 59 sec
DEBUG flower 2021-04-10 16:09:34,742 | app.py:66 | Waiting for message from server...
DEBUG flower 2021-04-10 16:09:34,762 | app.py:68 | Received server message. Handling...
DEBUG flower 2021-04-10 16:09:34,763 | numpy_client.py:172 | fit, FitIns(clock=15)
DEBUG flower 2021-04-10 16:09:34,763 | numpy_client.py:260 | cached_clock: 12, curr_clock: 15
INFO flower 2021-04-10 16:09:34,763 | numpy_client.py:184 | Cache is stale, return ReadIns
DEBUG flower 2021-04-10 16:09:34,763 | app.py:66 | Waiting for message from server...
DEBUG flower 2021-04-10 16:09:53,695 | app.py:68 | Received server message. Handling...
DEBUG flower 2021-04-10 16:09:53,695 | numpy_client.py:228 | read: ReadRes(clock=13)
DEBUG flower 2021-04-10 16:09:53,703 | numpy_client.py:172 | fit, FitIns(clock=15)
DEBUG flower 2021-04-10 16:09:53,703 | numpy_client.py:260 | cached_clock: 13, curr_clock: 15
INFO flower 2021-04-10 16:09:57,713 | numpy_client.py:205 | Cache is fresh, return FitRes(clock=15)
INFO flower 2021-04-10 16:09:57,714 | chaos.py:14 | Delay 45 sec
DEBUG flower 2021-04-10 16:10:42,760 | app.py:66 | Waiting for message from server...
DEBUG flower 2021-04-10 16:10:42,783 | app.py:68 | Received server message. Handling...
DEBUG flower 2021-04-10 16:10:42,783 | numpy_client.py:172 | fit, FitIns(clock=16)
DEBUG flower 2021-04-10 16:10:42,783 | numpy_client.py:260 | cached_clock: 13, curr_clock: 16
INFO flower 2021-04-10 16:10:42,783 | numpy_client.py:184 | Cache is stale, return ReadIns
DEBUG flower 2021-04-10 16:10:42,784 | app.py:66 | Waiting for message from server...
DEBUG flower 2021-04-10 16:11:03,794 | app.py:68 | Received server message. Handling...
DEBUG flower 2021-04-10 16:11:03,795 | numpy_client.py:228 | read: ReadRes(clock=14)
DEBUG flower 2021-04-10 16:11:03,803 | numpy_client.py:172 | fit, FitIns(clock=16)
DEBUG flower 2021-04-10 16:11:03,803 | numpy_client.py:260 | cached_clock: 14, curr_clock: 16
INFO flower 2021-04-10 16:11:07,616 | numpy_client.py:205 | Cache is fresh, return FitRes(clock=16)
INFO flower 2021-04-10 16:11:07,617 | chaos.py:14 | Delay 60 sec
DEBUG flower 2021-04-10 16:12:07,675 | app.py:66 | Waiting for message from server...
DEBUG flower 2021-04-10 16:12:07,727 | app.py:68 | Received server message. Handling...
DEBUG flower 2021-04-10 16:12:07,728 | numpy_client.py:172 | fit, FitIns(clock=17)
DEBUG flower 2021-04-10 16:12:07,728 | numpy_client.py:260 | cached_clock: 14, curr_clock: 17
INFO flower 2021-04-10 16:12:07,728 | numpy_client.py:184 | Cache is stale, return ReadIns
DEBUG flower 2021-04-10 16:12:07,728 | app.py:66 | Waiting for message from server...
DEBUG flower 2021-04-10 16:12:07,753 | app.py:68 | Received server message. Handling...
DEBUG flower 2021-04-10 16:12:07,754 | numpy_client.py:228 | read: ReadRes(clock=15)
DEBUG flower 2021-04-10 16:12:07,761 | numpy_client.py:172 | fit, FitIns(clock=17)
DEBUG flower 2021-04-10 16:12:07,761 | numpy_client.py:260 | cached_clock: 15, curr_clock: 17
INFO flower 2021-04-10 16:12:11,599 | numpy_client.py:205 | Cache is fresh, return FitRes(clock=17)
INFO flower 2021-04-10 16:12:11,599 | chaos.py:14 | Delay 41 sec
DEBUG flower 2021-04-10 16:12:52,641 | app.py:66 | Waiting for message from server...
DEBUG flower 2021-04-10 16:12:52,663 | app.py:68 | Received server message. Handling...
DEBUG flower 2021-04-10 16:12:52,663 | numpy_client.py:172 | fit, FitIns(clock=18)
DEBUG flower 2021-04-10 16:12:52,664 | numpy_client.py:260 | cached_clock: 15, curr_clock: 18
INFO flower 2021-04-10 16:12:52,664 | numpy_client.py:184 | Cache is stale, return ReadIns
DEBUG flower 2021-04-10 16:12:52,664 | app.py:66 | Waiting for message from server...
DEBUG flower 2021-04-10 16:13:10,895 | app.py:68 | Received server message. Handling...
DEBUG flower 2021-04-10 16:13:10,895 | numpy_client.py:228 | read: ReadRes(clock=16)
DEBUG flower 2021-04-10 16:13:10,903 | numpy_client.py:172 | fit, FitIns(clock=18)
DEBUG flower 2021-04-10 16:13:10,903 | numpy_client.py:260 | cached_clock: 16, curr_clock: 18
INFO flower 2021-04-10 16:13:14,806 | numpy_client.py:205 | Cache is fresh, return FitRes(clock=18)
INFO flower 2021-04-10 16:13:14,806 | chaos.py:14 | Delay 68 sec
DEBUG flower 2021-04-10 16:14:22,868 | app.py:66 | Waiting for message from server...
DEBUG flower 2021-04-10 16:14:22,891 | app.py:68 | Received server message. Handling...
DEBUG flower 2021-04-10 16:14:22,892 | numpy_client.py:172 | fit, FitIns(clock=19)
DEBUG flower 2021-04-10 16:14:22,892 | numpy_client.py:260 | cached_clock: 16, curr_clock: 19
INFO flower 2021-04-10 16:14:22,892 | numpy_client.py:184 | Cache is stale, return ReadIns
DEBUG flower 2021-04-10 16:14:22,893 | app.py:66 | Waiting for message from server...
DEBUG flower 2021-04-10 16:14:22,921 | app.py:68 | Received server message. Handling...
DEBUG flower 2021-04-10 16:14:22,921 | numpy_client.py:228 | read: ReadRes(clock=17)
DEBUG flower 2021-04-10 16:14:22,928 | numpy_client.py:172 | fit, FitIns(clock=19)
DEBUG flower 2021-04-10 16:14:22,928 | numpy_client.py:260 | cached_clock: 17, curr_clock: 19
INFO flower 2021-04-10 16:14:27,412 | numpy_client.py:205 | Cache is fresh, return FitRes(clock=19)
INFO flower 2021-04-10 16:14:27,413 | chaos.py:14 | Delay 66 sec
DEBUG flower 2021-04-10 16:15:33,480 | app.py:66 | Waiting for message from server...
DEBUG flower 2021-04-10 16:15:33,503 | app.py:68 | Received server message. Handling...
DEBUG flower 2021-04-10 16:15:33,503 | numpy_client.py:172 | fit, FitIns(clock=20)
DEBUG flower 2021-04-10 16:15:33,503 | numpy_client.py:260 | cached_clock: 17, curr_clock: 20
INFO flower 2021-04-10 16:15:33,503 | numpy_client.py:184 | Cache is stale, return ReadIns
DEBUG flower 2021-04-10 16:15:33,504 | app.py:66 | Waiting for message from server...
DEBUG flower 2021-04-10 16:15:33,517 | app.py:68 | Received server message. Handling...
DEBUG flower 2021-04-10 16:15:33,517 | numpy_client.py:228 | read: ReadRes(clock=18)
DEBUG flower 2021-04-10 16:15:33,525 | numpy_client.py:172 | fit, FitIns(clock=20)
DEBUG flower 2021-04-10 16:15:33,525 | numpy_client.py:260 | cached_clock: 18, curr_clock: 20
INFO flower 2021-04-10 16:15:38,027 | numpy_client.py:205 | Cache is fresh, return FitRes(clock=20)
INFO flower 2021-04-10 16:15:38,027 | chaos.py:14 | Delay 59 sec
DEBUG flower 2021-04-10 16:16:37,058 | app.py:66 | Waiting for message from server...
DEBUG flower 2021-04-10 16:16:37,080 | app.py:68 | Received server message. Handling...
DEBUG flower 2021-04-10 16:16:37,080 | numpy_client.py:172 | fit, FitIns(clock=21)
DEBUG flower 2021-04-10 16:16:37,081 | numpy_client.py:260 | cached_clock: 18, curr_clock: 21
INFO flower 2021-04-10 16:16:37,081 | numpy_client.py:184 | Cache is stale, return ReadIns
DEBUG flower 2021-04-10 16:16:37,081 | app.py:66 | Waiting for message from server...
DEBUG flower 2021-04-10 16:16:38,579 | app.py:68 | Received server message. Handling...
DEBUG flower 2021-04-10 16:16:38,580 | numpy_client.py:228 | read: ReadRes(clock=19)
DEBUG flower 2021-04-10 16:16:38,587 | numpy_client.py:172 | fit, FitIns(clock=21)
DEBUG flower 2021-04-10 16:16:38,587 | numpy_client.py:260 | cached_clock: 19, curr_clock: 21
INFO flower 2021-04-10 16:16:42,699 | numpy_client.py:205 | Cache is fresh, return FitRes(clock=21)
INFO flower 2021-04-10 16:16:42,699 | chaos.py:14 | Delay 78 sec
DEBUG flower 2021-04-10 16:18:00,739 | app.py:66 | Waiting for message from server...
DEBUG flower 2021-04-10 16:18:00,765 | app.py:68 | Received server message. Handling...
DEBUG flower 2021-04-10 16:18:00,766 | numpy_client.py:172 | fit, FitIns(clock=22)
DEBUG flower 2021-04-10 16:18:00,766 | numpy_client.py:260 | cached_clock: 19, curr_clock: 22
INFO flower 2021-04-10 16:18:00,766 | numpy_client.py:184 | Cache is stale, return ReadIns
DEBUG flower 2021-04-10 16:18:00,766 | app.py:66 | Waiting for message from server...
DEBUG flower 2021-04-10 16:18:00,796 | app.py:68 | Received server message. Handling...
DEBUG flower 2021-04-10 16:18:00,797 | numpy_client.py:228 | read: ReadRes(clock=20)
DEBUG flower 2021-04-10 16:18:00,804 | numpy_client.py:172 | fit, FitIns(clock=22)
DEBUG flower 2021-04-10 16:18:00,804 | numpy_client.py:260 | cached_clock: 20, curr_clock: 22
INFO flower 2021-04-10 16:18:04,919 | numpy_client.py:205 | Cache is fresh, return FitRes(clock=22)
INFO flower 2021-04-10 16:18:04,920 | chaos.py:14 | Delay 60 sec
DEBUG flower 2021-04-10 16:19:04,980 | app.py:66 | Waiting for message from server...
DEBUG flower 2021-04-10 16:19:05,002 | app.py:68 | Received server message. Handling...
DEBUG flower 2021-04-10 16:19:05,003 | numpy_client.py:172 | fit, FitIns(clock=23)
DEBUG flower 2021-04-10 16:19:05,003 | numpy_client.py:260 | cached_clock: 20, curr_clock: 23
INFO flower 2021-04-10 16:19:05,003 | numpy_client.py:184 | Cache is stale, return ReadIns
DEBUG flower 2021-04-10 16:19:05,003 | app.py:66 | Waiting for message from server...
DEBUG flower 2021-04-10 16:19:17,501 | app.py:68 | Received server message. Handling...
DEBUG flower 2021-04-10 16:19:17,501 | numpy_client.py:228 | read: ReadRes(clock=21)
DEBUG flower 2021-04-10 16:19:17,509 | numpy_client.py:172 | fit, FitIns(clock=23)
DEBUG flower 2021-04-10 16:19:17,509 | numpy_client.py:260 | cached_clock: 21, curr_clock: 23
INFO flower 2021-04-10 16:19:21,826 | numpy_client.py:205 | Cache is fresh, return FitRes(clock=23)
INFO flower 2021-04-10 16:19:21,827 | chaos.py:14 | Delay 69 sec
DEBUG flower 2021-04-10 16:20:30,877 | app.py:66 | Waiting for message from server...
DEBUG flower 2021-04-10 16:20:30,897 | app.py:68 | Received server message. Handling...
DEBUG flower 2021-04-10 16:20:30,897 | numpy_client.py:172 | fit, FitIns(clock=24)
DEBUG flower 2021-04-10 16:20:30,897 | numpy_client.py:260 | cached_clock: 21, curr_clock: 24
INFO flower 2021-04-10 16:20:30,898 | numpy_client.py:184 | Cache is stale, return ReadIns
DEBUG flower 2021-04-10 16:20:30,898 | app.py:66 | Waiting for message from server...
DEBUG flower 2021-04-10 16:20:30,920 | app.py:68 | Received server message. Handling...
DEBUG flower 2021-04-10 16:20:30,921 | numpy_client.py:228 | read: ReadRes(clock=22)
DEBUG flower 2021-04-10 16:20:30,928 | numpy_client.py:172 | fit, FitIns(clock=24)
DEBUG flower 2021-04-10 16:20:30,928 | numpy_client.py:260 | cached_clock: 22, curr_clock: 24
INFO flower 2021-04-10 16:20:35,117 | numpy_client.py:205 | Cache is fresh, return FitRes(clock=24)
INFO flower 2021-04-10 16:20:35,117 | chaos.py:14 | Delay 40 sec
DEBUG flower 2021-04-10 16:21:15,136 | app.py:66 | Waiting for message from server...
DEBUG flower 2021-04-10 16:21:15,158 | app.py:68 | Received server message. Handling...
DEBUG flower 2021-04-10 16:21:15,158 | numpy_client.py:172 | fit, FitIns(clock=25)
DEBUG flower 2021-04-10 16:21:15,158 | numpy_client.py:260 | cached_clock: 22, curr_clock: 25
INFO flower 2021-04-10 16:21:15,158 | numpy_client.py:184 | Cache is stale, return ReadIns
DEBUG flower 2021-04-10 16:21:15,159 | app.py:66 | Waiting for message from server...
DEBUG flower 2021-04-10 16:21:54,294 | app.py:68 | Received server message. Handling...
DEBUG flower 2021-04-10 16:21:54,295 | numpy_client.py:228 | read: ReadRes(clock=23)
DEBUG flower 2021-04-10 16:21:54,302 | numpy_client.py:172 | fit, FitIns(clock=25)
DEBUG flower 2021-04-10 16:21:54,303 | numpy_client.py:260 | cached_clock: 23, curr_clock: 25
INFO flower 2021-04-10 16:21:58,313 | numpy_client.py:205 | Cache is fresh, return FitRes(clock=25)
INFO flower 2021-04-10 16:21:58,314 | chaos.py:14 | Delay 79 sec
DEBUG flower 2021-04-10 16:23:17,362 | app.py:66 | Waiting for message from server...
DEBUG flower 2021-04-10 16:23:17,383 | app.py:68 | Received server message. Handling...
DEBUG flower 2021-04-10 16:23:17,384 | numpy_client.py:172 | fit, FitIns(clock=26)
DEBUG flower 2021-04-10 16:23:17,384 | numpy_client.py:260 | cached_clock: 23, curr_clock: 26
INFO flower 2021-04-10 16:23:17,384 | numpy_client.py:184 | Cache is stale, return ReadIns
DEBUG flower 2021-04-10 16:23:17,385 | app.py:66 | Waiting for message from server...
DEBUG flower 2021-04-10 16:23:17,400 | app.py:68 | Received server message. Handling...
DEBUG flower 2021-04-10 16:23:17,400 | numpy_client.py:228 | read: ReadRes(clock=24)
DEBUG flower 2021-04-10 16:23:17,407 | numpy_client.py:172 | fit, FitIns(clock=26)
DEBUG flower 2021-04-10 16:23:17,407 | numpy_client.py:260 | cached_clock: 24, curr_clock: 26
INFO flower 2021-04-10 16:23:21,801 | numpy_client.py:205 | Cache is fresh, return FitRes(clock=26)
INFO flower 2021-04-10 16:23:21,802 | chaos.py:14 | Delay 47 sec
DEBUG flower 2021-04-10 16:24:08,830 | app.py:66 | Waiting for message from server...
DEBUG flower 2021-04-10 16:24:08,852 | app.py:68 | Received server message. Handling...
DEBUG flower 2021-04-10 16:24:08,853 | numpy_client.py:172 | fit, FitIns(clock=27)
DEBUG flower 2021-04-10 16:24:08,853 | numpy_client.py:260 | cached_clock: 24, curr_clock: 27
INFO flower 2021-04-10 16:24:08,853 | numpy_client.py:184 | Cache is stale, return ReadIns
DEBUG flower 2021-04-10 16:24:08,854 | app.py:66 | Waiting for message from server...
DEBUG flower 2021-04-10 16:24:15,694 | app.py:68 | Received server message. Handling...
DEBUG flower 2021-04-10 16:24:15,695 | numpy_client.py:228 | read: ReadRes(clock=25)
DEBUG flower 2021-04-10 16:24:15,702 | numpy_client.py:172 | fit, FitIns(clock=27)
DEBUG flower 2021-04-10 16:24:15,703 | numpy_client.py:260 | cached_clock: 25, curr_clock: 27
INFO flower 2021-04-10 16:24:19,509 | numpy_client.py:205 | Cache is fresh, return FitRes(clock=27)
INFO flower 2021-04-10 16:24:19,509 | chaos.py:14 | Delay 64 sec
DEBUG flower 2021-04-10 16:25:23,574 | app.py:66 | Waiting for message from server...
DEBUG flower 2021-04-10 16:25:23,599 | app.py:68 | Received server message. Handling...
DEBUG flower 2021-04-10 16:25:23,599 | numpy_client.py:172 | fit, FitIns(clock=28)
DEBUG flower 2021-04-10 16:25:23,599 | numpy_client.py:260 | cached_clock: 25, curr_clock: 28
INFO flower 2021-04-10 16:25:23,600 | numpy_client.py:184 | Cache is stale, return ReadIns
DEBUG flower 2021-04-10 16:25:23,600 | app.py:66 | Waiting for message from server...
DEBUG flower 2021-04-10 16:25:23,620 | app.py:68 | Received server message. Handling...
DEBUG flower 2021-04-10 16:25:23,621 | numpy_client.py:228 | read: ReadRes(clock=26)
DEBUG flower 2021-04-10 16:25:23,628 | numpy_client.py:172 | fit, FitIns(clock=28)
DEBUG flower 2021-04-10 16:25:23,629 | numpy_client.py:260 | cached_clock: 26, curr_clock: 28
INFO flower 2021-04-10 16:25:27,515 | numpy_client.py:205 | Cache is fresh, return FitRes(clock=28)
INFO flower 2021-04-10 16:25:27,515 | chaos.py:14 | Delay 51 sec
DEBUG flower 2021-04-10 16:26:18,567 | app.py:66 | Waiting for message from server...
DEBUG flower 2021-04-10 16:26:18,589 | app.py:68 | Received server message. Handling...
DEBUG flower 2021-04-10 16:26:18,590 | numpy_client.py:172 | fit, FitIns(clock=29)
DEBUG flower 2021-04-10 16:26:18,590 | numpy_client.py:260 | cached_clock: 26, curr_clock: 29
INFO flower 2021-04-10 16:26:18,590 | numpy_client.py:184 | Cache is stale, return ReadIns
DEBUG flower 2021-04-10 16:26:18,590 | app.py:66 | Waiting for message from server...
DEBUG flower 2021-04-10 16:26:28,632 | app.py:68 | Received server message. Handling...
DEBUG flower 2021-04-10 16:26:28,632 | numpy_client.py:228 | read: ReadRes(clock=27)
DEBUG flower 2021-04-10 16:26:28,639 | numpy_client.py:172 | fit, FitIns(clock=29)
DEBUG flower 2021-04-10 16:26:28,639 | numpy_client.py:260 | cached_clock: 27, curr_clock: 29
INFO flower 2021-04-10 16:26:32,728 | numpy_client.py:205 | Cache is fresh, return FitRes(clock=29)
INFO flower 2021-04-10 16:26:32,729 | chaos.py:14 | Delay 73 sec
DEBUG flower 2021-04-10 16:27:45,802 | app.py:66 | Waiting for message from server...
DEBUG flower 2021-04-10 16:27:45,826 | app.py:68 | Received server message. Handling...
DEBUG flower 2021-04-10 16:27:45,826 | numpy_client.py:172 | fit, FitIns(clock=30)
DEBUG flower 2021-04-10 16:27:45,826 | numpy_client.py:260 | cached_clock: 27, curr_clock: 30
INFO flower 2021-04-10 16:27:45,826 | numpy_client.py:184 | Cache is stale, return ReadIns
DEBUG flower 2021-04-10 16:27:45,827 | app.py:66 | Waiting for message from server...
DEBUG flower 2021-04-10 16:27:45,905 | app.py:68 | Received server message. Handling...
DEBUG flower 2021-04-10 16:27:45,905 | numpy_client.py:228 | read: ReadRes(clock=28)
DEBUG flower 2021-04-10 16:27:45,913 | numpy_client.py:172 | fit, FitIns(clock=30)
DEBUG flower 2021-04-10 16:27:45,913 | numpy_client.py:260 | cached_clock: 28, curr_clock: 30
INFO flower 2021-04-10 16:27:50,297 | numpy_client.py:205 | Cache is fresh, return FitRes(clock=30)
INFO flower 2021-04-10 16:27:50,298 | chaos.py:14 | Delay 76 sec
DEBUG flower 2021-04-10 16:29:06,375 | app.py:66 | Waiting for message from server...
DEBUG flower 2021-04-10 16:29:06,397 | app.py:68 | Received server message. Handling...
DEBUG flower 2021-04-10 16:29:06,397 | numpy_client.py:172 | fit, FitIns(clock=31)
DEBUG flower 2021-04-10 16:29:06,398 | numpy_client.py:260 | cached_clock: 28, curr_clock: 31
INFO flower 2021-04-10 16:29:06,398 | numpy_client.py:184 | Cache is stale, return ReadIns
DEBUG flower 2021-04-10 16:29:06,398 | app.py:66 | Waiting for message from server...
DEBUG flower 2021-04-10 16:29:06,412 | app.py:68 | Received server message. Handling...
DEBUG flower 2021-04-10 16:29:06,413 | numpy_client.py:228 | read: ReadRes(clock=29)
DEBUG flower 2021-04-10 16:29:06,420 | numpy_client.py:172 | fit, FitIns(clock=31)
DEBUG flower 2021-04-10 16:29:06,421 | numpy_client.py:260 | cached_clock: 29, curr_clock: 31
INFO flower 2021-04-10 16:29:10,708 | numpy_client.py:205 | Cache is fresh, return FitRes(clock=31)
INFO flower 2021-04-10 16:29:10,708 | chaos.py:14 | Delay 58 sec
DEBUG flower 2021-04-10 16:30:08,767 | app.py:66 | Waiting for message from server...
DEBUG flower 2021-04-10 16:30:08,790 | app.py:68 | Received server message. Handling...
DEBUG flower 2021-04-10 16:30:08,790 | numpy_client.py:172 | fit, FitIns(clock=32)
DEBUG flower 2021-04-10 16:30:08,790 | numpy_client.py:260 | cached_clock: 29, curr_clock: 32
INFO flower 2021-04-10 16:30:08,790 | numpy_client.py:184 | Cache is stale, return ReadIns
DEBUG flower 2021-04-10 16:30:08,791 | app.py:66 | Waiting for message from server...
DEBUG flower 2021-04-10 16:30:22,139 | app.py:68 | Received server message. Handling...
DEBUG flower 2021-04-10 16:30:22,140 | numpy_client.py:228 | read: ReadRes(clock=30)
DEBUG flower 2021-04-10 16:30:22,148 | numpy_client.py:172 | fit, FitIns(clock=32)
DEBUG flower 2021-04-10 16:30:22,148 | numpy_client.py:260 | cached_clock: 30, curr_clock: 32
INFO flower 2021-04-10 16:30:26,310 | numpy_client.py:205 | Cache is fresh, return FitRes(clock=32)
INFO flower 2021-04-10 16:30:26,310 | chaos.py:14 | Delay 63 sec
DEBUG flower 2021-04-10 16:31:29,334 | app.py:66 | Waiting for message from server...
DEBUG flower 2021-04-10 16:31:29,355 | app.py:68 | Received server message. Handling...
DEBUG flower 2021-04-10 16:31:29,356 | numpy_client.py:172 | fit, FitIns(clock=33)
DEBUG flower 2021-04-10 16:31:29,356 | numpy_client.py:260 | cached_clock: 30, curr_clock: 33
INFO flower 2021-04-10 16:31:29,356 | numpy_client.py:184 | Cache is stale, return ReadIns
DEBUG flower 2021-04-10 16:31:29,356 | app.py:66 | Waiting for message from server...
DEBUG flower 2021-04-10 16:31:31,099 | app.py:68 | Received server message. Handling...
DEBUG flower 2021-04-10 16:31:31,100 | numpy_client.py:228 | read: ReadRes(clock=31)
DEBUG flower 2021-04-10 16:31:31,107 | numpy_client.py:172 | fit, FitIns(clock=33)
DEBUG flower 2021-04-10 16:31:31,107 | numpy_client.py:260 | cached_clock: 31, curr_clock: 33
INFO flower 2021-04-10 16:31:35,101 | numpy_client.py:205 | Cache is fresh, return FitRes(clock=33)
INFO flower 2021-04-10 16:31:35,101 | chaos.py:14 | Delay 70 sec
DEBUG flower 2021-04-10 16:32:45,127 | app.py:66 | Waiting for message from server...
DEBUG flower 2021-04-10 16:32:45,153 | app.py:68 | Received server message. Handling...
DEBUG flower 2021-04-10 16:32:45,153 | numpy_client.py:172 | fit, FitIns(clock=34)
DEBUG flower 2021-04-10 16:32:45,153 | numpy_client.py:260 | cached_clock: 31, curr_clock: 34
INFO flower 2021-04-10 16:32:45,153 | numpy_client.py:184 | Cache is stale, return ReadIns
DEBUG flower 2021-04-10 16:32:45,154 | app.py:66 | Waiting for message from server...
DEBUG flower 2021-04-10 16:32:46,269 | app.py:68 | Received server message. Handling...
DEBUG flower 2021-04-10 16:32:46,270 | numpy_client.py:228 | read: ReadRes(clock=32)
DEBUG flower 2021-04-10 16:32:46,277 | numpy_client.py:172 | fit, FitIns(clock=34)
DEBUG flower 2021-04-10 16:32:46,277 | numpy_client.py:260 | cached_clock: 32, curr_clock: 34
INFO flower 2021-04-10 16:32:50,608 | numpy_client.py:205 | Cache is fresh, return FitRes(clock=34)
INFO flower 2021-04-10 16:32:50,608 | chaos.py:14 | Delay 78 sec
DEBUG flower 2021-04-10 16:34:08,687 | app.py:66 | Waiting for message from server...
DEBUG flower 2021-04-10 16:34:08,707 | app.py:68 | Received server message. Handling...
DEBUG flower 2021-04-10 16:34:08,707 | numpy_client.py:172 | fit, FitIns(clock=35)
DEBUG flower 2021-04-10 16:34:08,707 | numpy_client.py:260 | cached_clock: 32, curr_clock: 35
INFO flower 2021-04-10 16:34:08,708 | numpy_client.py:184 | Cache is stale, return ReadIns
DEBUG flower 2021-04-10 16:34:08,708 | app.py:66 | Waiting for message from server...
DEBUG flower 2021-04-10 16:34:10,114 | app.py:68 | Received server message. Handling...
DEBUG flower 2021-04-10 16:34:10,114 | numpy_client.py:228 | read: ReadRes(clock=33)
DEBUG flower 2021-04-10 16:34:10,122 | numpy_client.py:172 | fit, FitIns(clock=35)
DEBUG flower 2021-04-10 16:34:10,122 | numpy_client.py:260 | cached_clock: 33, curr_clock: 35
INFO flower 2021-04-10 16:34:13,930 | numpy_client.py:205 | Cache is fresh, return FitRes(clock=35)
INFO flower 2021-04-10 16:34:13,930 | chaos.py:14 | Delay 70 sec
DEBUG flower 2021-04-10 16:35:24,002 | app.py:66 | Waiting for message from server...
DEBUG flower 2021-04-10 16:35:24,024 | app.py:68 | Received server message. Handling...
DEBUG flower 2021-04-10 16:35:24,025 | numpy_client.py:172 | fit, FitIns(clock=36)
DEBUG flower 2021-04-10 16:35:24,025 | numpy_client.py:260 | cached_clock: 33, curr_clock: 36
INFO flower 2021-04-10 16:35:24,025 | numpy_client.py:184 | Cache is stale, return ReadIns
DEBUG flower 2021-04-10 16:35:24,026 | app.py:66 | Waiting for message from server...
DEBUG flower 2021-04-10 16:35:41,295 | app.py:68 | Received server message. Handling...
DEBUG flower 2021-04-10 16:35:41,295 | numpy_client.py:228 | read: ReadRes(clock=34)
DEBUG flower 2021-04-10 16:35:41,302 | numpy_client.py:172 | fit, FitIns(clock=36)
DEBUG flower 2021-04-10 16:35:41,303 | numpy_client.py:260 | cached_clock: 34, curr_clock: 36
INFO flower 2021-04-10 16:35:45,228 | numpy_client.py:205 | Cache is fresh, return FitRes(clock=36)
INFO flower 2021-04-10 16:35:45,229 | chaos.py:14 | Delay 56 sec
DEBUG flower 2021-04-10 16:36:41,285 | app.py:66 | Waiting for message from server...
DEBUG flower 2021-04-10 16:36:41,306 | app.py:68 | Received server message. Handling...
DEBUG flower 2021-04-10 16:36:41,307 | numpy_client.py:172 | fit, FitIns(clock=37)
DEBUG flower 2021-04-10 16:36:41,307 | numpy_client.py:260 | cached_clock: 34, curr_clock: 37
INFO flower 2021-04-10 16:36:41,307 | numpy_client.py:184 | Cache is stale, return ReadIns
DEBUG flower 2021-04-10 16:36:41,307 | app.py:66 | Waiting for message from server...
DEBUG flower 2021-04-10 16:37:02,290 | app.py:68 | Received server message. Handling...
DEBUG flower 2021-04-10 16:37:02,290 | numpy_client.py:228 | read: ReadRes(clock=35)
DEBUG flower 2021-04-10 16:37:02,298 | numpy_client.py:172 | fit, FitIns(clock=37)
DEBUG flower 2021-04-10 16:37:02,298 | numpy_client.py:260 | cached_clock: 35, curr_clock: 37
INFO flower 2021-04-10 16:37:06,925 | numpy_client.py:205 | Cache is fresh, return FitRes(clock=37)
INFO flower 2021-04-10 16:37:06,925 | chaos.py:14 | Delay 76 sec
DEBUG flower 2021-04-10 16:38:23,002 | app.py:66 | Waiting for message from server...
DEBUG flower 2021-04-10 16:38:23,024 | app.py:68 | Received server message. Handling...
DEBUG flower 2021-04-10 16:38:23,025 | numpy_client.py:172 | fit, FitIns(clock=38)
DEBUG flower 2021-04-10 16:38:23,025 | numpy_client.py:260 | cached_clock: 35, curr_clock: 38
INFO flower 2021-04-10 16:38:23,027 | numpy_client.py:184 | Cache is stale, return ReadIns
DEBUG flower 2021-04-10 16:38:23,028 | app.py:66 | Waiting for message from server...
DEBUG flower 2021-04-10 16:38:23,095 | app.py:68 | Received server message. Handling...
DEBUG flower 2021-04-10 16:38:23,095 | numpy_client.py:228 | read: ReadRes(clock=36)
DEBUG flower 2021-04-10 16:38:23,102 | numpy_client.py:172 | fit, FitIns(clock=38)
DEBUG flower 2021-04-10 16:38:23,102 | numpy_client.py:260 | cached_clock: 36, curr_clock: 38
INFO flower 2021-04-10 16:38:27,105 | numpy_client.py:205 | Cache is fresh, return FitRes(clock=38)
INFO flower 2021-04-10 16:38:27,105 | chaos.py:14 | Delay 61 sec
DEBUG flower 2021-04-10 16:39:28,167 | app.py:66 | Waiting for message from server...
DEBUG flower 2021-04-10 16:39:28,187 | app.py:68 | Received server message. Handling...
DEBUG flower 2021-04-10 16:39:28,188 | numpy_client.py:172 | fit, FitIns(clock=39)
DEBUG flower 2021-04-10 16:39:28,188 | numpy_client.py:260 | cached_clock: 36, curr_clock: 39
INFO flower 2021-04-10 16:39:28,188 | numpy_client.py:184 | Cache is stale, return ReadIns
DEBUG flower 2021-04-10 16:39:28,188 | app.py:66 | Waiting for message from server...
DEBUG flower 2021-04-10 16:39:36,266 | app.py:68 | Received server message. Handling...
DEBUG flower 2021-04-10 16:39:36,266 | numpy_client.py:228 | read: ReadRes(clock=37)
DEBUG flower 2021-04-10 16:39:36,274 | numpy_client.py:172 | fit, FitIns(clock=39)
DEBUG flower 2021-04-10 16:39:36,274 | numpy_client.py:260 | cached_clock: 37, curr_clock: 39
INFO flower 2021-04-10 16:39:40,222 | numpy_client.py:205 | Cache is fresh, return FitRes(clock=39)
INFO flower 2021-04-10 16:39:40,223 | chaos.py:14 | Delay 59 sec
DEBUG flower 2021-04-10 16:40:39,238 | app.py:66 | Waiting for message from server...
DEBUG flower 2021-04-10 16:40:39,260 | app.py:68 | Received server message. Handling...
DEBUG flower 2021-04-10 16:40:39,260 | numpy_client.py:172 | fit, FitIns(clock=40)
DEBUG flower 2021-04-10 16:40:39,261 | numpy_client.py:260 | cached_clock: 37, curr_clock: 40
INFO flower 2021-04-10 16:40:39,261 | numpy_client.py:184 | Cache is stale, return ReadIns
DEBUG flower 2021-04-10 16:40:39,261 | app.py:66 | Waiting for message from server...
DEBUG flower 2021-04-10 16:40:48,295 | app.py:68 | Received server message. Handling...
DEBUG flower 2021-04-10 16:40:48,295 | numpy_client.py:228 | read: ReadRes(clock=38)
DEBUG flower 2021-04-10 16:40:48,303 | numpy_client.py:172 | fit, FitIns(clock=40)
DEBUG flower 2021-04-10 16:40:48,303 | numpy_client.py:260 | cached_clock: 38, curr_clock: 40
INFO flower 2021-04-10 16:40:52,398 | numpy_client.py:205 | Cache is fresh, return FitRes(clock=40)
INFO flower 2021-04-10 16:40:52,398 | chaos.py:14 | Delay 57 sec
DEBUG flower 2021-04-10 16:41:49,431 | app.py:66 | Waiting for message from server...
DEBUG flower 2021-04-10 16:41:49,452 | app.py:68 | Received server message. Handling...
DEBUG flower 2021-04-10 16:41:49,453 | numpy_client.py:172 | fit, FitIns(clock=41)
DEBUG flower 2021-04-10 16:41:49,453 | numpy_client.py:260 | cached_clock: 38, curr_clock: 41
INFO flower 2021-04-10 16:41:49,453 | numpy_client.py:184 | Cache is stale, return ReadIns
DEBUG flower 2021-04-10 16:41:49,454 | app.py:66 | Waiting for message from server...
DEBUG flower 2021-04-10 16:41:58,595 | app.py:68 | Received server message. Handling...
DEBUG flower 2021-04-10 16:41:58,595 | numpy_client.py:228 | read: ReadRes(clock=39)
DEBUG flower 2021-04-10 16:41:58,603 | numpy_client.py:172 | fit, FitIns(clock=41)
DEBUG flower 2021-04-10 16:41:58,603 | numpy_client.py:260 | cached_clock: 39, curr_clock: 41
INFO flower 2021-04-10 16:42:02,530 | numpy_client.py:205 | Cache is fresh, return FitRes(clock=41)
INFO flower 2021-04-10 16:42:02,531 | chaos.py:14 | Delay 80 sec
DEBUG flower 2021-04-10 16:43:22,605 | app.py:66 | Waiting for message from server...
DEBUG flower 2021-04-10 16:43:22,626 | app.py:68 | Received server message. Handling...
DEBUG flower 2021-04-10 16:43:22,627 | numpy_client.py:172 | fit, FitIns(clock=42)
DEBUG flower 2021-04-10 16:43:22,627 | numpy_client.py:260 | cached_clock: 39, curr_clock: 42
INFO flower 2021-04-10 16:43:22,627 | numpy_client.py:184 | Cache is stale, return ReadIns
DEBUG flower 2021-04-10 16:43:22,627 | app.py:66 | Waiting for message from server...
DEBUG flower 2021-04-10 16:43:22,694 | app.py:68 | Received server message. Handling...
DEBUG flower 2021-04-10 16:43:22,695 | numpy_client.py:228 | read: ReadRes(clock=40)
DEBUG flower 2021-04-10 16:43:22,702 | numpy_client.py:172 | fit, FitIns(clock=42)
DEBUG flower 2021-04-10 16:43:22,703 | numpy_client.py:260 | cached_clock: 40, curr_clock: 42
INFO flower 2021-04-10 16:43:26,797 | numpy_client.py:205 | Cache is fresh, return FitRes(clock=42)
INFO flower 2021-04-10 16:43:26,798 | chaos.py:14 | Delay 44 sec
DEBUG flower 2021-04-10 16:44:10,832 | app.py:66 | Waiting for message from server...
DEBUG flower 2021-04-10 16:44:10,859 | app.py:68 | Received server message. Handling...
DEBUG flower 2021-04-10 16:44:10,860 | numpy_client.py:172 | fit, FitIns(clock=43)
DEBUG flower 2021-04-10 16:44:10,860 | numpy_client.py:260 | cached_clock: 40, curr_clock: 43
INFO flower 2021-04-10 16:44:10,860 | numpy_client.py:184 | Cache is stale, return ReadIns
DEBUG flower 2021-04-10 16:44:10,861 | app.py:66 | Waiting for message from server...
DEBUG flower 2021-04-10 16:44:38,222 | app.py:68 | Received server message. Handling...
DEBUG flower 2021-04-10 16:44:38,223 | numpy_client.py:228 | read: ReadRes(clock=41)
DEBUG flower 2021-04-10 16:44:38,230 | numpy_client.py:172 | fit, FitIns(clock=43)
DEBUG flower 2021-04-10 16:44:38,230 | numpy_client.py:260 | cached_clock: 41, curr_clock: 43
INFO flower 2021-04-10 16:44:42,321 | numpy_client.py:205 | Cache is fresh, return FitRes(clock=43)
INFO flower 2021-04-10 16:44:42,322 | chaos.py:14 | Delay 68 sec
DEBUG flower 2021-04-10 16:45:50,361 | app.py:66 | Waiting for message from server...
DEBUG flower 2021-04-10 16:45:50,382 | app.py:68 | Received server message. Handling...
DEBUG flower 2021-04-10 16:45:50,383 | numpy_client.py:172 | fit, FitIns(clock=44)
DEBUG flower 2021-04-10 16:45:50,383 | numpy_client.py:260 | cached_clock: 41, curr_clock: 44
INFO flower 2021-04-10 16:45:50,383 | numpy_client.py:184 | Cache is stale, return ReadIns
DEBUG flower 2021-04-10 16:45:50,384 | app.py:66 | Waiting for message from server...
DEBUG flower 2021-04-10 16:45:50,402 | app.py:68 | Received server message. Handling...
DEBUG flower 2021-04-10 16:45:50,402 | numpy_client.py:228 | read: ReadRes(clock=42)
DEBUG flower 2021-04-10 16:45:50,409 | numpy_client.py:172 | fit, FitIns(clock=44)
DEBUG flower 2021-04-10 16:45:50,409 | numpy_client.py:260 | cached_clock: 42, curr_clock: 44
INFO flower 2021-04-10 16:45:54,399 | numpy_client.py:205 | Cache is fresh, return FitRes(clock=44)
INFO flower 2021-04-10 16:45:54,400 | chaos.py:14 | Delay 44 sec
DEBUG flower 2021-04-10 16:46:38,445 | app.py:66 | Waiting for message from server...
DEBUG flower 2021-04-10 16:46:38,467 | app.py:68 | Received server message. Handling...
DEBUG flower 2021-04-10 16:46:38,468 | numpy_client.py:172 | fit, FitIns(clock=45)
DEBUG flower 2021-04-10 16:46:38,468 | numpy_client.py:260 | cached_clock: 42, curr_clock: 45
INFO flower 2021-04-10 16:46:38,468 | numpy_client.py:184 | Cache is stale, return ReadIns
DEBUG flower 2021-04-10 16:46:38,468 | app.py:66 | Waiting for message from server...
DEBUG flower 2021-04-10 16:46:51,776 | app.py:68 | Received server message. Handling...
DEBUG flower 2021-04-10 16:46:51,776 | numpy_client.py:228 | read: ReadRes(clock=43)
DEBUG flower 2021-04-10 16:46:51,783 | numpy_client.py:172 | fit, FitIns(clock=45)
DEBUG flower 2021-04-10 16:46:51,784 | numpy_client.py:260 | cached_clock: 43, curr_clock: 45
INFO flower 2021-04-10 16:46:55,731 | numpy_client.py:205 | Cache is fresh, return FitRes(clock=45)
INFO flower 2021-04-10 16:46:55,732 | chaos.py:14 | Delay 47 sec
DEBUG flower 2021-04-10 16:47:42,780 | app.py:66 | Waiting for message from server...
DEBUG flower 2021-04-10 16:47:42,803 | app.py:68 | Received server message. Handling...
DEBUG flower 2021-04-10 16:47:42,803 | numpy_client.py:172 | fit, FitIns(clock=46)
DEBUG flower 2021-04-10 16:47:42,803 | numpy_client.py:260 | cached_clock: 43, curr_clock: 46
INFO flower 2021-04-10 16:47:42,803 | numpy_client.py:184 | Cache is stale, return ReadIns
DEBUG flower 2021-04-10 16:47:42,804 | app.py:66 | Waiting for message from server...
DEBUG flower 2021-04-10 16:47:46,731 | app.py:68 | Received server message. Handling...
DEBUG flower 2021-04-10 16:47:46,732 | numpy_client.py:228 | read: ReadRes(clock=44)
DEBUG flower 2021-04-10 16:47:46,739 | numpy_client.py:172 | fit, FitIns(clock=46)
DEBUG flower 2021-04-10 16:47:46,740 | numpy_client.py:260 | cached_clock: 44, curr_clock: 46
INFO flower 2021-04-10 16:47:50,707 | numpy_client.py:205 | Cache is fresh, return FitRes(clock=46)
INFO flower 2021-04-10 16:47:50,708 | chaos.py:14 | Delay 71 sec
DEBUG flower 2021-04-10 16:49:01,772 | app.py:66 | Waiting for message from server...
DEBUG flower 2021-04-10 16:49:01,792 | app.py:68 | Received server message. Handling...
DEBUG flower 2021-04-10 16:49:01,793 | numpy_client.py:172 | fit, FitIns(clock=47)
DEBUG flower 2021-04-10 16:49:01,793 | numpy_client.py:260 | cached_clock: 44, curr_clock: 47
INFO flower 2021-04-10 16:49:01,793 | numpy_client.py:184 | Cache is stale, return ReadIns
DEBUG flower 2021-04-10 16:49:01,793 | app.py:66 | Waiting for message from server...
DEBUG flower 2021-04-10 16:49:01,807 | app.py:68 | Received server message. Handling...
DEBUG flower 2021-04-10 16:49:01,807 | numpy_client.py:228 | read: ReadRes(clock=45)
DEBUG flower 2021-04-10 16:49:01,814 | numpy_client.py:172 | fit, FitIns(clock=47)
DEBUG flower 2021-04-10 16:49:01,814 | numpy_client.py:260 | cached_clock: 45, curr_clock: 47
INFO flower 2021-04-10 16:49:06,026 | numpy_client.py:205 | Cache is fresh, return FitRes(clock=47)
INFO flower 2021-04-10 16:49:06,027 | chaos.py:14 | Delay 74 sec
DEBUG flower 2021-04-10 16:50:20,033 | app.py:66 | Waiting for message from server...
DEBUG flower 2021-04-10 16:50:20,054 | app.py:68 | Received server message. Handling...
DEBUG flower 2021-04-10 16:50:20,055 | numpy_client.py:172 | fit, FitIns(clock=48)
DEBUG flower 2021-04-10 16:50:20,055 | numpy_client.py:260 | cached_clock: 45, curr_clock: 48
INFO flower 2021-04-10 16:50:20,055 | numpy_client.py:184 | Cache is stale, return ReadIns
DEBUG flower 2021-04-10 16:50:20,055 | app.py:66 | Waiting for message from server...
DEBUG flower 2021-04-10 16:50:20,107 | app.py:68 | Received server message. Handling...
DEBUG flower 2021-04-10 16:50:20,107 | numpy_client.py:228 | read: ReadRes(clock=46)
DEBUG flower 2021-04-10 16:50:20,112 | numpy_client.py:172 | fit, FitIns(clock=48)
DEBUG flower 2021-04-10 16:50:20,113 | numpy_client.py:260 | cached_clock: 46, curr_clock: 48
INFO flower 2021-04-10 16:50:24,412 | numpy_client.py:205 | Cache is fresh, return FitRes(clock=48)
INFO flower 2021-04-10 16:50:24,412 | chaos.py:14 | Delay 53 sec
DEBUG flower 2021-04-10 16:51:17,426 | app.py:66 | Waiting for message from server...
DEBUG flower 2021-04-10 16:51:17,448 | app.py:68 | Received server message. Handling...
DEBUG flower 2021-04-10 16:51:17,448 | numpy_client.py:172 | fit, FitIns(clock=49)
DEBUG flower 2021-04-10 16:51:17,448 | numpy_client.py:260 | cached_clock: 46, curr_clock: 49
INFO flower 2021-04-10 16:51:17,448 | numpy_client.py:184 | Cache is stale, return ReadIns
DEBUG flower 2021-04-10 16:51:17,448 | app.py:66 | Waiting for message from server...
DEBUG flower 2021-04-10 16:51:31,001 | app.py:68 | Received server message. Handling...
DEBUG flower 2021-04-10 16:51:31,002 | numpy_client.py:228 | read: ReadRes(clock=47)
DEBUG flower 2021-04-10 16:51:31,009 | numpy_client.py:172 | fit, FitIns(clock=49)
DEBUG flower 2021-04-10 16:51:31,009 | numpy_client.py:260 | cached_clock: 47, curr_clock: 49
INFO flower 2021-04-10 16:51:35,214 | numpy_client.py:205 | Cache is fresh, return FitRes(clock=49)
INFO flower 2021-04-10 16:51:35,214 | chaos.py:14 | Delay 70 sec
DEBUG flower 2021-04-10 16:52:45,284 | numpy_client.py:217 | The client finishes computing after 3624 seconds
DEBUG flower 2021-04-10 16:52:45,285 | app.py:66 | Waiting for message from server...
DEBUG flower 2021-04-10 16:54:01,656 | app.py:68 | Received server message. Handling...
INFO flower 2021-04-10 16:54:12,714 | numpy_client.py:250 | [32;1m Loss: 43.467, Accuracy: 6.022%[0m
DEBUG flower 2021-04-10 16:54:12,715 | app.py:66 | Waiting for message from server...
DEBUG flower 2021-04-10 16:54:13,232 | app.py:68 | Received server message. Handling...
DEBUG flower 2021-04-10 16:54:13,243 | connection.py:68 | Insecure gRPC channel closed
INFO flower 2021-04-10 16:54:13,243 | app.py:76 | Disconnect and shut down
Namespace(idx=24, max_delay=0, min_delay=0, num_clients=31, server_ip='10.244.50.51:8080', staleness_bound=2)
I'm client 24
Files already downloaded and verified
Files already downloaded and verified
[32;1mClient 24: 2501 train samples, 548 test samples[0m
loss=178.64513754844666, acc=0.17167721518987342
loss=174.22062516212463, acc=0.20213607594936708
loss=139.7601354122162, acc=0.32950949367088606
loss=91.48151206970215, acc=0.348496835443038
loss=86.65010046958923, acc=0.41020569620253167
loss=84.4023414850235, acc=0.4501582278481013
loss=81.05379688739777, acc=0.4675632911392405
loss=79.67783915996552, acc=0.4786392405063291
loss=80.42249065637589, acc=0.4825949367088608
loss=77.33553045988083, acc=0.509493670886076
loss=76.72893935441971, acc=0.5174050632911392
loss=74.90125805139542, acc=0.5356012658227848
loss=74.73039692640305, acc=0.5375791139240507
loss=73.94603264331818, acc=0.5478639240506329
loss=150.31788003444672, acc=0.32555379746835444
loss=94.72929513454437, acc=0.3939873417721519
loss=84.6917793750763, acc=0.45055379746835444
loss=131.9199331998825, acc=0.25039556962025317
loss=167.3869036436081, acc=0.27056962025316456
loss=93.43876445293427, acc=0.3275316455696203
loss=87.58796644210815, acc=0.36550632911392406
loss=85.88762867450714, acc=0.3900316455696203
loss=82.81764978170395, acc=0.4572784810126582
loss=80.49188536405563, acc=0.46558544303797467
loss=93.15986329317093, acc=0.48299050632911394
loss=157.1242654323578, acc=0.2567246835443038
loss=94.73886519670486, acc=0.4909018987341772
loss=144.41505420207977, acc=0.372626582278481
loss=110.23334205150604, acc=0.4513449367088608
loss=140.6359305381775, acc=0.3512658227848101
loss=82.28353983163834, acc=0.473496835443038
loss=78.9407907128334, acc=0.48575949367088606
loss=77.21957063674927, acc=0.49604430379746833
loss=151.36747229099274, acc=0.32950949367088606
loss=110.92269849777222, acc=0.4200949367088608
loss=78.92891156673431, acc=0.535996835443038
loss=106.1301479935646, acc=0.46835443037974683
loss=77.54695749282837, acc=0.5391613924050633
loss=73.90195292234421, acc=0.5411392405063291
loss=73.16525334119797, acc=0.5565664556962026
loss=72.68301701545715, acc=0.5474683544303798
loss=71.33134341239929, acc=0.5767405063291139
loss=69.46344155073166, acc=0.5834651898734177
loss=68.79447722434998, acc=0.5787183544303798
loss=67.39592552185059, acc=0.59375
loss=74.00475347042084, acc=0.5723892405063291
loss=151.88863945007324, acc=0.37341772151898733
loss=80.21456736326218, acc=0.5613132911392406
loss=70.57461214065552, acc=0.5791139240506329
loss=68.39853751659393, acc=0.5862341772151899
Files already downloaded and verified
Files already downloaded and verified
Testing on full test set: 313, 875.773246049881, 0.113
Testing on partial test set: 18, 43.467336893081665, 0.060218978102189784
