DEBUG flower 2021-04-10 15:52:09,420 | client.py:85 | Start SSP client without delay
DEBUG flower 2021-04-10 15:52:12,043 | connection.py:36 | ChannelConnectivity.IDLE
DEBUG flower 2021-04-10 15:52:12,044 | connection.py:36 | ChannelConnectivity.CONNECTING
DEBUG flower 2021-04-10 15:52:12,046 | connection.py:36 | ChannelConnectivity.READY
INFO flower 2021-04-10 15:52:12,046 | app.py:63 | Opened (insecure) gRPC connection
DEBUG flower 2021-04-10 15:52:12,046 | app.py:66 | Waiting for message from server...
DEBUG flower 2021-04-10 15:52:20,813 | app.py:68 | Received server message. Handling...
DEBUG flower 2021-04-10 15:52:20,814 | numpy_client.py:172 | fit, FitIns(clock=0)
INFO flower 2021-04-10 15:52:20,814 | numpy_client.py:184 | Cache is stale, return ReadIns
DEBUG flower 2021-04-10 15:52:20,814 | app.py:66 | Waiting for message from server...
DEBUG flower 2021-04-10 15:52:20,996 | app.py:68 | Received server message. Handling...
DEBUG flower 2021-04-10 15:52:20,997 | numpy_client.py:228 | read: ReadRes(clock=-1)
DEBUG flower 2021-04-10 15:52:21,015 | numpy_client.py:172 | fit, FitIns(clock=0)
DEBUG flower 2021-04-10 15:52:21,015 | numpy_client.py:260 | cached_clock: -1, curr_clock: 0
DEBUG flower 2021-04-10 15:52:24,113 | model_wrapper.py:21 | Load existing initial model
INFO flower 2021-04-10 15:52:24,119 | numpy_client.py:205 | Cache is fresh, return FitRes(clock=0)
DEBUG flower 2021-04-10 15:52:24,119 | app.py:66 | Waiting for message from server...
DEBUG flower 2021-04-10 15:52:24,149 | app.py:68 | Received server message. Handling...
DEBUG flower 2021-04-10 15:52:24,149 | numpy_client.py:172 | fit, FitIns(clock=1)
DEBUG flower 2021-04-10 15:52:24,149 | numpy_client.py:260 | cached_clock: -1, curr_clock: 1
INFO flower 2021-04-10 15:52:27,218 | numpy_client.py:205 | Cache is fresh, return FitRes(clock=1)
DEBUG flower 2021-04-10 15:52:27,218 | app.py:66 | Waiting for message from server...
DEBUG flower 2021-04-10 15:52:27,240 | app.py:68 | Received server message. Handling...
DEBUG flower 2021-04-10 15:52:27,240 | numpy_client.py:172 | fit, FitIns(clock=2)
DEBUG flower 2021-04-10 15:52:27,240 | numpy_client.py:260 | cached_clock: -1, curr_clock: 2
INFO flower 2021-04-10 15:52:27,240 | numpy_client.py:184 | Cache is stale, return ReadIns
DEBUG flower 2021-04-10 15:52:27,240 | app.py:66 | Waiting for message from server...
DEBUG flower 2021-04-10 15:53:40,077 | app.py:68 | Received server message. Handling...
DEBUG flower 2021-04-10 15:53:40,078 | numpy_client.py:228 | read: ReadRes(clock=0)
DEBUG flower 2021-04-10 15:53:40,085 | numpy_client.py:172 | fit, FitIns(clock=2)
DEBUG flower 2021-04-10 15:53:40,085 | numpy_client.py:260 | cached_clock: 0, curr_clock: 2
INFO flower 2021-04-10 15:53:43,135 | numpy_client.py:205 | Cache is fresh, return FitRes(clock=2)
DEBUG flower 2021-04-10 15:53:43,135 | app.py:66 | Waiting for message from server...
DEBUG flower 2021-04-10 15:53:43,154 | app.py:68 | Received server message. Handling...
DEBUG flower 2021-04-10 15:53:43,155 | numpy_client.py:172 | fit, FitIns(clock=3)
DEBUG flower 2021-04-10 15:53:43,155 | numpy_client.py:260 | cached_clock: 0, curr_clock: 3
INFO flower 2021-04-10 15:53:43,155 | numpy_client.py:184 | Cache is stale, return ReadIns
DEBUG flower 2021-04-10 15:53:43,155 | app.py:66 | Waiting for message from server...
DEBUG flower 2021-04-10 15:55:11,592 | app.py:68 | Received server message. Handling...
DEBUG flower 2021-04-10 15:55:11,592 | numpy_client.py:228 | read: ReadRes(clock=1)
DEBUG flower 2021-04-10 15:55:11,599 | numpy_client.py:172 | fit, FitIns(clock=3)
DEBUG flower 2021-04-10 15:55:11,599 | numpy_client.py:260 | cached_clock: 1, curr_clock: 3
INFO flower 2021-04-10 15:55:14,638 | numpy_client.py:205 | Cache is fresh, return FitRes(clock=3)
DEBUG flower 2021-04-10 15:55:14,639 | app.py:66 | Waiting for message from server...
DEBUG flower 2021-04-10 15:55:14,661 | app.py:68 | Received server message. Handling...
DEBUG flower 2021-04-10 15:55:14,661 | numpy_client.py:172 | fit, FitIns(clock=4)
DEBUG flower 2021-04-10 15:55:14,662 | numpy_client.py:260 | cached_clock: 1, curr_clock: 4
INFO flower 2021-04-10 15:55:14,662 | numpy_client.py:184 | Cache is stale, return ReadIns
DEBUG flower 2021-04-10 15:55:14,662 | app.py:66 | Waiting for message from server...
DEBUG flower 2021-04-10 15:56:25,915 | app.py:68 | Received server message. Handling...
DEBUG flower 2021-04-10 15:56:25,915 | numpy_client.py:228 | read: ReadRes(clock=2)
DEBUG flower 2021-04-10 15:56:25,923 | numpy_client.py:172 | fit, FitIns(clock=4)
DEBUG flower 2021-04-10 15:56:25,923 | numpy_client.py:260 | cached_clock: 2, curr_clock: 4
INFO flower 2021-04-10 15:56:29,146 | numpy_client.py:205 | Cache is fresh, return FitRes(clock=4)
DEBUG flower 2021-04-10 15:56:29,147 | app.py:66 | Waiting for message from server...
DEBUG flower 2021-04-10 15:56:29,169 | app.py:68 | Received server message. Handling...
DEBUG flower 2021-04-10 15:56:29,169 | numpy_client.py:172 | fit, FitIns(clock=5)
DEBUG flower 2021-04-10 15:56:29,169 | numpy_client.py:260 | cached_clock: 2, curr_clock: 5
INFO flower 2021-04-10 15:56:29,170 | numpy_client.py:184 | Cache is stale, return ReadIns
DEBUG flower 2021-04-10 15:56:29,170 | app.py:66 | Waiting for message from server...
DEBUG flower 2021-04-10 15:57:21,189 | app.py:68 | Received server message. Handling...
DEBUG flower 2021-04-10 15:57:21,190 | numpy_client.py:228 | read: ReadRes(clock=3)
DEBUG flower 2021-04-10 15:57:21,198 | numpy_client.py:172 | fit, FitIns(clock=5)
DEBUG flower 2021-04-10 15:57:21,198 | numpy_client.py:260 | cached_clock: 3, curr_clock: 5
INFO flower 2021-04-10 15:57:24,320 | numpy_client.py:205 | Cache is fresh, return FitRes(clock=5)
DEBUG flower 2021-04-10 15:57:24,321 | app.py:66 | Waiting for message from server...
DEBUG flower 2021-04-10 15:57:24,345 | app.py:68 | Received server message. Handling...
DEBUG flower 2021-04-10 15:57:24,345 | numpy_client.py:172 | fit, FitIns(clock=6)
DEBUG flower 2021-04-10 15:57:24,345 | numpy_client.py:260 | cached_clock: 3, curr_clock: 6
INFO flower 2021-04-10 15:57:24,345 | numpy_client.py:184 | Cache is stale, return ReadIns
DEBUG flower 2021-04-10 15:57:24,346 | app.py:66 | Waiting for message from server...
DEBUG flower 2021-04-10 15:58:19,348 | app.py:68 | Received server message. Handling...
DEBUG flower 2021-04-10 15:58:19,348 | numpy_client.py:228 | read: ReadRes(clock=4)
DEBUG flower 2021-04-10 15:58:19,356 | numpy_client.py:172 | fit, FitIns(clock=6)
DEBUG flower 2021-04-10 15:58:19,356 | numpy_client.py:260 | cached_clock: 4, curr_clock: 6
INFO flower 2021-04-10 15:58:22,614 | numpy_client.py:205 | Cache is fresh, return FitRes(clock=6)
DEBUG flower 2021-04-10 15:58:22,615 | app.py:66 | Waiting for message from server...
DEBUG flower 2021-04-10 15:58:22,644 | app.py:68 | Received server message. Handling...
DEBUG flower 2021-04-10 15:58:22,644 | numpy_client.py:172 | fit, FitIns(clock=7)
DEBUG flower 2021-04-10 15:58:22,645 | numpy_client.py:260 | cached_clock: 4, curr_clock: 7
INFO flower 2021-04-10 15:58:22,645 | numpy_client.py:184 | Cache is stale, return ReadIns
DEBUG flower 2021-04-10 15:58:22,645 | app.py:66 | Waiting for message from server...
DEBUG flower 2021-04-10 15:59:17,707 | app.py:68 | Received server message. Handling...
DEBUG flower 2021-04-10 15:59:17,707 | numpy_client.py:228 | read: ReadRes(clock=5)
DEBUG flower 2021-04-10 15:59:17,719 | numpy_client.py:172 | fit, FitIns(clock=7)
DEBUG flower 2021-04-10 15:59:17,719 | numpy_client.py:260 | cached_clock: 5, curr_clock: 7
INFO flower 2021-04-10 15:59:20,935 | numpy_client.py:205 | Cache is fresh, return FitRes(clock=7)
DEBUG flower 2021-04-10 15:59:20,936 | app.py:66 | Waiting for message from server...
DEBUG flower 2021-04-10 15:59:20,958 | app.py:68 | Received server message. Handling...
DEBUG flower 2021-04-10 15:59:20,958 | numpy_client.py:172 | fit, FitIns(clock=8)
DEBUG flower 2021-04-10 15:59:20,958 | numpy_client.py:260 | cached_clock: 5, curr_clock: 8
INFO flower 2021-04-10 15:59:20,958 | numpy_client.py:184 | Cache is stale, return ReadIns
DEBUG flower 2021-04-10 15:59:20,959 | app.py:66 | Waiting for message from server...
DEBUG flower 2021-04-10 16:00:48,045 | app.py:68 | Received server message. Handling...
DEBUG flower 2021-04-10 16:00:48,045 | numpy_client.py:228 | read: ReadRes(clock=6)
DEBUG flower 2021-04-10 16:00:48,052 | numpy_client.py:172 | fit, FitIns(clock=8)
DEBUG flower 2021-04-10 16:00:48,052 | numpy_client.py:260 | cached_clock: 6, curr_clock: 8
INFO flower 2021-04-10 16:00:51,023 | numpy_client.py:205 | Cache is fresh, return FitRes(clock=8)
DEBUG flower 2021-04-10 16:00:51,024 | app.py:66 | Waiting for message from server...
DEBUG flower 2021-04-10 16:00:51,045 | app.py:68 | Received server message. Handling...
DEBUG flower 2021-04-10 16:00:51,046 | numpy_client.py:172 | fit, FitIns(clock=9)
DEBUG flower 2021-04-10 16:00:51,046 | numpy_client.py:260 | cached_clock: 6, curr_clock: 9
INFO flower 2021-04-10 16:00:51,046 | numpy_client.py:184 | Cache is stale, return ReadIns
DEBUG flower 2021-04-10 16:00:51,046 | app.py:66 | Waiting for message from server...
DEBUG flower 2021-04-10 16:02:18,277 | app.py:68 | Received server message. Handling...
DEBUG flower 2021-04-10 16:02:18,277 | numpy_client.py:228 | read: ReadRes(clock=7)
DEBUG flower 2021-04-10 16:02:18,284 | numpy_client.py:172 | fit, FitIns(clock=9)
DEBUG flower 2021-04-10 16:02:18,285 | numpy_client.py:260 | cached_clock: 7, curr_clock: 9
INFO flower 2021-04-10 16:02:21,520 | numpy_client.py:205 | Cache is fresh, return FitRes(clock=9)
DEBUG flower 2021-04-10 16:02:21,521 | app.py:66 | Waiting for message from server...
DEBUG flower 2021-04-10 16:02:21,541 | app.py:68 | Received server message. Handling...
DEBUG flower 2021-04-10 16:02:21,541 | numpy_client.py:172 | fit, FitIns(clock=10)
DEBUG flower 2021-04-10 16:02:21,541 | numpy_client.py:260 | cached_clock: 7, curr_clock: 10
INFO flower 2021-04-10 16:02:21,542 | numpy_client.py:184 | Cache is stale, return ReadIns
DEBUG flower 2021-04-10 16:02:21,542 | app.py:66 | Waiting for message from server...
DEBUG flower 2021-04-10 16:03:14,715 | app.py:68 | Received server message. Handling...
DEBUG flower 2021-04-10 16:03:14,715 | numpy_client.py:228 | read: ReadRes(clock=8)
DEBUG flower 2021-04-10 16:03:14,723 | numpy_client.py:172 | fit, FitIns(clock=10)
DEBUG flower 2021-04-10 16:03:14,723 | numpy_client.py:260 | cached_clock: 8, curr_clock: 10
INFO flower 2021-04-10 16:03:17,937 | numpy_client.py:205 | Cache is fresh, return FitRes(clock=10)
DEBUG flower 2021-04-10 16:03:17,937 | app.py:66 | Waiting for message from server...
DEBUG flower 2021-04-10 16:03:17,961 | app.py:68 | Received server message. Handling...
DEBUG flower 2021-04-10 16:03:17,961 | numpy_client.py:172 | fit, FitIns(clock=11)
DEBUG flower 2021-04-10 16:03:17,961 | numpy_client.py:260 | cached_clock: 8, curr_clock: 11
INFO flower 2021-04-10 16:03:17,961 | numpy_client.py:184 | Cache is stale, return ReadIns
DEBUG flower 2021-04-10 16:03:17,962 | app.py:66 | Waiting for message from server...
DEBUG flower 2021-04-10 16:04:19,914 | app.py:68 | Received server message. Handling...
DEBUG flower 2021-04-10 16:04:19,915 | numpy_client.py:228 | read: ReadRes(clock=9)
DEBUG flower 2021-04-10 16:04:19,922 | numpy_client.py:172 | fit, FitIns(clock=11)
DEBUG flower 2021-04-10 16:04:19,922 | numpy_client.py:260 | cached_clock: 9, curr_clock: 11
INFO flower 2021-04-10 16:04:23,242 | numpy_client.py:205 | Cache is fresh, return FitRes(clock=11)
DEBUG flower 2021-04-10 16:04:23,242 | app.py:66 | Waiting for message from server...
DEBUG flower 2021-04-10 16:04:23,265 | app.py:68 | Received server message. Handling...
DEBUG flower 2021-04-10 16:04:23,265 | numpy_client.py:172 | fit, FitIns(clock=12)
DEBUG flower 2021-04-10 16:04:23,265 | numpy_client.py:260 | cached_clock: 9, curr_clock: 12
INFO flower 2021-04-10 16:04:23,265 | numpy_client.py:184 | Cache is stale, return ReadIns
DEBUG flower 2021-04-10 16:04:23,265 | app.py:66 | Waiting for message from server...
DEBUG flower 2021-04-10 16:05:36,095 | app.py:68 | Received server message. Handling...
DEBUG flower 2021-04-10 16:05:36,096 | numpy_client.py:228 | read: ReadRes(clock=10)
DEBUG flower 2021-04-10 16:05:36,103 | numpy_client.py:172 | fit, FitIns(clock=12)
DEBUG flower 2021-04-10 16:05:36,103 | numpy_client.py:260 | cached_clock: 10, curr_clock: 12
INFO flower 2021-04-10 16:05:39,240 | numpy_client.py:205 | Cache is fresh, return FitRes(clock=12)
DEBUG flower 2021-04-10 16:05:39,240 | app.py:66 | Waiting for message from server...
DEBUG flower 2021-04-10 16:05:39,263 | app.py:68 | Received server message. Handling...
DEBUG flower 2021-04-10 16:05:39,263 | numpy_client.py:172 | fit, FitIns(clock=13)
DEBUG flower 2021-04-10 16:05:39,263 | numpy_client.py:260 | cached_clock: 10, curr_clock: 13
INFO flower 2021-04-10 16:05:39,263 | numpy_client.py:184 | Cache is stale, return ReadIns
DEBUG flower 2021-04-10 16:05:39,264 | app.py:66 | Waiting for message from server...
DEBUG flower 2021-04-10 16:07:01,168 | app.py:68 | Received server message. Handling...
DEBUG flower 2021-04-10 16:07:01,169 | numpy_client.py:228 | read: ReadRes(clock=11)
DEBUG flower 2021-04-10 16:07:01,176 | numpy_client.py:172 | fit, FitIns(clock=13)
DEBUG flower 2021-04-10 16:07:01,177 | numpy_client.py:260 | cached_clock: 11, curr_clock: 13
INFO flower 2021-04-10 16:07:04,334 | numpy_client.py:205 | Cache is fresh, return FitRes(clock=13)
DEBUG flower 2021-04-10 16:07:04,334 | app.py:66 | Waiting for message from server...
DEBUG flower 2021-04-10 16:07:04,358 | app.py:68 | Received server message. Handling...
DEBUG flower 2021-04-10 16:07:04,359 | numpy_client.py:172 | fit, FitIns(clock=14)
DEBUG flower 2021-04-10 16:07:04,359 | numpy_client.py:260 | cached_clock: 11, curr_clock: 14
INFO flower 2021-04-10 16:07:04,359 | numpy_client.py:184 | Cache is stale, return ReadIns
DEBUG flower 2021-04-10 16:07:04,359 | app.py:66 | Waiting for message from server...
DEBUG flower 2021-04-10 16:08:31,506 | app.py:68 | Received server message. Handling...
DEBUG flower 2021-04-10 16:08:31,507 | numpy_client.py:228 | read: ReadRes(clock=12)
DEBUG flower 2021-04-10 16:08:31,514 | numpy_client.py:172 | fit, FitIns(clock=14)
DEBUG flower 2021-04-10 16:08:31,514 | numpy_client.py:260 | cached_clock: 12, curr_clock: 14
INFO flower 2021-04-10 16:08:34,664 | numpy_client.py:205 | Cache is fresh, return FitRes(clock=14)
DEBUG flower 2021-04-10 16:08:34,665 | app.py:66 | Waiting for message from server...
DEBUG flower 2021-04-10 16:08:34,754 | app.py:68 | Received server message. Handling...
DEBUG flower 2021-04-10 16:08:34,754 | numpy_client.py:172 | fit, FitIns(clock=15)
DEBUG flower 2021-04-10 16:08:34,754 | numpy_client.py:260 | cached_clock: 12, curr_clock: 15
INFO flower 2021-04-10 16:08:34,754 | numpy_client.py:184 | Cache is stale, return ReadIns
DEBUG flower 2021-04-10 16:08:34,755 | app.py:66 | Waiting for message from server...
DEBUG flower 2021-04-10 16:09:53,535 | app.py:68 | Received server message. Handling...
DEBUG flower 2021-04-10 16:09:53,535 | numpy_client.py:228 | read: ReadRes(clock=13)
DEBUG flower 2021-04-10 16:09:53,543 | numpy_client.py:172 | fit, FitIns(clock=15)
DEBUG flower 2021-04-10 16:09:53,543 | numpy_client.py:260 | cached_clock: 13, curr_clock: 15
INFO flower 2021-04-10 16:09:56,621 | numpy_client.py:205 | Cache is fresh, return FitRes(clock=15)
DEBUG flower 2021-04-10 16:09:56,622 | app.py:66 | Waiting for message from server...
DEBUG flower 2021-04-10 16:09:56,645 | app.py:68 | Received server message. Handling...
DEBUG flower 2021-04-10 16:09:56,645 | numpy_client.py:172 | fit, FitIns(clock=16)
DEBUG flower 2021-04-10 16:09:56,645 | numpy_client.py:260 | cached_clock: 13, curr_clock: 16
INFO flower 2021-04-10 16:09:56,646 | numpy_client.py:184 | Cache is stale, return ReadIns
DEBUG flower 2021-04-10 16:09:56,646 | app.py:66 | Waiting for message from server...
DEBUG flower 2021-04-10 16:11:03,738 | app.py:68 | Received server message. Handling...
DEBUG flower 2021-04-10 16:11:03,738 | numpy_client.py:228 | read: ReadRes(clock=14)
DEBUG flower 2021-04-10 16:11:03,746 | numpy_client.py:172 | fit, FitIns(clock=16)
DEBUG flower 2021-04-10 16:11:03,746 | numpy_client.py:260 | cached_clock: 14, curr_clock: 16
INFO flower 2021-04-10 16:11:06,739 | numpy_client.py:205 | Cache is fresh, return FitRes(clock=16)
DEBUG flower 2021-04-10 16:11:06,740 | app.py:66 | Waiting for message from server...
DEBUG flower 2021-04-10 16:11:06,760 | app.py:68 | Received server message. Handling...
DEBUG flower 2021-04-10 16:11:06,760 | numpy_client.py:172 | fit, FitIns(clock=17)
DEBUG flower 2021-04-10 16:11:06,760 | numpy_client.py:260 | cached_clock: 14, curr_clock: 17
INFO flower 2021-04-10 16:11:06,760 | numpy_client.py:184 | Cache is stale, return ReadIns
DEBUG flower 2021-04-10 16:11:06,760 | app.py:66 | Waiting for message from server...
DEBUG flower 2021-04-10 16:11:59,646 | app.py:68 | Received server message. Handling...
DEBUG flower 2021-04-10 16:11:59,647 | numpy_client.py:228 | read: ReadRes(clock=15)
DEBUG flower 2021-04-10 16:11:59,654 | numpy_client.py:172 | fit, FitIns(clock=17)
DEBUG flower 2021-04-10 16:11:59,654 | numpy_client.py:260 | cached_clock: 15, curr_clock: 17
INFO flower 2021-04-10 16:12:02,637 | numpy_client.py:205 | Cache is fresh, return FitRes(clock=17)
DEBUG flower 2021-04-10 16:12:02,637 | app.py:66 | Waiting for message from server...
DEBUG flower 2021-04-10 16:12:02,667 | app.py:68 | Received server message. Handling...
DEBUG flower 2021-04-10 16:12:02,667 | numpy_client.py:172 | fit, FitIns(clock=18)
DEBUG flower 2021-04-10 16:12:02,667 | numpy_client.py:260 | cached_clock: 15, curr_clock: 18
INFO flower 2021-04-10 16:12:02,667 | numpy_client.py:184 | Cache is stale, return ReadIns
DEBUG flower 2021-04-10 16:12:02,668 | app.py:66 | Waiting for message from server...
DEBUG flower 2021-04-10 16:13:10,795 | app.py:68 | Received server message. Handling...
DEBUG flower 2021-04-10 16:13:10,796 | numpy_client.py:228 | read: ReadRes(clock=16)
DEBUG flower 2021-04-10 16:13:10,804 | numpy_client.py:172 | fit, FitIns(clock=18)
DEBUG flower 2021-04-10 16:13:10,804 | numpy_client.py:260 | cached_clock: 16, curr_clock: 18
INFO flower 2021-04-10 16:13:13,836 | numpy_client.py:205 | Cache is fresh, return FitRes(clock=18)
DEBUG flower 2021-04-10 16:13:13,837 | app.py:66 | Waiting for message from server...
DEBUG flower 2021-04-10 16:13:13,859 | app.py:68 | Received server message. Handling...
DEBUG flower 2021-04-10 16:13:13,859 | numpy_client.py:172 | fit, FitIns(clock=19)
DEBUG flower 2021-04-10 16:13:13,859 | numpy_client.py:260 | cached_clock: 16, curr_clock: 19
INFO flower 2021-04-10 16:13:13,859 | numpy_client.py:184 | Cache is stale, return ReadIns
DEBUG flower 2021-04-10 16:13:13,860 | app.py:66 | Waiting for message from server...
DEBUG flower 2021-04-10 16:14:02,487 | app.py:68 | Received server message. Handling...
DEBUG flower 2021-04-10 16:14:02,488 | numpy_client.py:228 | read: ReadRes(clock=17)
DEBUG flower 2021-04-10 16:14:02,496 | numpy_client.py:172 | fit, FitIns(clock=19)
DEBUG flower 2021-04-10 16:14:02,496 | numpy_client.py:260 | cached_clock: 17, curr_clock: 19
INFO flower 2021-04-10 16:14:05,737 | numpy_client.py:205 | Cache is fresh, return FitRes(clock=19)
DEBUG flower 2021-04-10 16:14:05,738 | app.py:66 | Waiting for message from server...
DEBUG flower 2021-04-10 16:14:05,760 | app.py:68 | Received server message. Handling...
DEBUG flower 2021-04-10 16:14:05,761 | numpy_client.py:172 | fit, FitIns(clock=20)
DEBUG flower 2021-04-10 16:14:05,761 | numpy_client.py:260 | cached_clock: 17, curr_clock: 20
INFO flower 2021-04-10 16:14:05,761 | numpy_client.py:184 | Cache is stale, return ReadIns
DEBUG flower 2021-04-10 16:14:05,761 | app.py:66 | Waiting for message from server...
DEBUG flower 2021-04-10 16:15:21,663 | app.py:68 | Received server message. Handling...
DEBUG flower 2021-04-10 16:15:21,664 | numpy_client.py:228 | read: ReadRes(clock=18)
DEBUG flower 2021-04-10 16:15:21,671 | numpy_client.py:172 | fit, FitIns(clock=20)
DEBUG flower 2021-04-10 16:15:21,671 | numpy_client.py:260 | cached_clock: 18, curr_clock: 20
INFO flower 2021-04-10 16:15:24,738 | numpy_client.py:205 | Cache is fresh, return FitRes(clock=20)
DEBUG flower 2021-04-10 16:15:24,739 | app.py:66 | Waiting for message from server...
DEBUG flower 2021-04-10 16:15:24,768 | app.py:68 | Received server message. Handling...
DEBUG flower 2021-04-10 16:15:24,768 | numpy_client.py:172 | fit, FitIns(clock=21)
DEBUG flower 2021-04-10 16:15:24,768 | numpy_client.py:260 | cached_clock: 18, curr_clock: 21
INFO flower 2021-04-10 16:15:24,768 | numpy_client.py:184 | Cache is stale, return ReadIns
DEBUG flower 2021-04-10 16:15:24,769 | app.py:66 | Waiting for message from server...
DEBUG flower 2021-04-10 16:16:38,614 | app.py:68 | Received server message. Handling...
DEBUG flower 2021-04-10 16:16:38,615 | numpy_client.py:228 | read: ReadRes(clock=19)
DEBUG flower 2021-04-10 16:16:38,622 | numpy_client.py:172 | fit, FitIns(clock=21)
DEBUG flower 2021-04-10 16:16:38,622 | numpy_client.py:260 | cached_clock: 19, curr_clock: 21
INFO flower 2021-04-10 16:16:41,720 | numpy_client.py:205 | Cache is fresh, return FitRes(clock=21)
DEBUG flower 2021-04-10 16:16:41,720 | app.py:66 | Waiting for message from server...
DEBUG flower 2021-04-10 16:16:41,743 | app.py:68 | Received server message. Handling...
DEBUG flower 2021-04-10 16:16:41,744 | numpy_client.py:172 | fit, FitIns(clock=22)
DEBUG flower 2021-04-10 16:16:41,744 | numpy_client.py:260 | cached_clock: 19, curr_clock: 22
INFO flower 2021-04-10 16:16:41,744 | numpy_client.py:184 | Cache is stale, return ReadIns
DEBUG flower 2021-04-10 16:16:41,744 | app.py:66 | Waiting for message from server...
DEBUG flower 2021-04-10 16:17:48,497 | app.py:68 | Received server message. Handling...
DEBUG flower 2021-04-10 16:17:48,497 | numpy_client.py:228 | read: ReadRes(clock=20)
DEBUG flower 2021-04-10 16:17:48,505 | numpy_client.py:172 | fit, FitIns(clock=22)
DEBUG flower 2021-04-10 16:17:48,505 | numpy_client.py:260 | cached_clock: 20, curr_clock: 22
INFO flower 2021-04-10 16:17:51,637 | numpy_client.py:205 | Cache is fresh, return FitRes(clock=22)
DEBUG flower 2021-04-10 16:17:51,637 | app.py:66 | Waiting for message from server...
DEBUG flower 2021-04-10 16:17:51,658 | app.py:68 | Received server message. Handling...
DEBUG flower 2021-04-10 16:17:51,659 | numpy_client.py:172 | fit, FitIns(clock=23)
DEBUG flower 2021-04-10 16:17:51,659 | numpy_client.py:260 | cached_clock: 20, curr_clock: 23
INFO flower 2021-04-10 16:17:51,659 | numpy_client.py:184 | Cache is stale, return ReadIns
DEBUG flower 2021-04-10 16:17:51,659 | app.py:66 | Waiting for message from server...
DEBUG flower 2021-04-10 16:19:17,382 | app.py:68 | Received server message. Handling...
DEBUG flower 2021-04-10 16:19:17,383 | numpy_client.py:228 | read: ReadRes(clock=21)
DEBUG flower 2021-04-10 16:19:17,390 | numpy_client.py:172 | fit, FitIns(clock=23)
DEBUG flower 2021-04-10 16:19:17,391 | numpy_client.py:260 | cached_clock: 21, curr_clock: 23
INFO flower 2021-04-10 16:19:20,419 | numpy_client.py:205 | Cache is fresh, return FitRes(clock=23)
DEBUG flower 2021-04-10 16:19:20,419 | app.py:66 | Waiting for message from server...
DEBUG flower 2021-04-10 16:19:20,440 | app.py:68 | Received server message. Handling...
DEBUG flower 2021-04-10 16:19:20,440 | numpy_client.py:172 | fit, FitIns(clock=24)
DEBUG flower 2021-04-10 16:19:20,440 | numpy_client.py:260 | cached_clock: 21, curr_clock: 24
INFO flower 2021-04-10 16:19:20,440 | numpy_client.py:184 | Cache is stale, return ReadIns
DEBUG flower 2021-04-10 16:19:20,441 | app.py:66 | Waiting for message from server...
DEBUG flower 2021-04-10 16:20:28,349 | app.py:68 | Received server message. Handling...
DEBUG flower 2021-04-10 16:20:28,350 | numpy_client.py:228 | read: ReadRes(clock=22)
DEBUG flower 2021-04-10 16:20:28,357 | numpy_client.py:172 | fit, FitIns(clock=24)
DEBUG flower 2021-04-10 16:20:28,358 | numpy_client.py:260 | cached_clock: 22, curr_clock: 24
INFO flower 2021-04-10 16:20:31,319 | numpy_client.py:205 | Cache is fresh, return FitRes(clock=24)
DEBUG flower 2021-04-10 16:20:31,319 | app.py:66 | Waiting for message from server...
DEBUG flower 2021-04-10 16:20:31,340 | app.py:68 | Received server message. Handling...
DEBUG flower 2021-04-10 16:20:31,341 | numpy_client.py:172 | fit, FitIns(clock=25)
DEBUG flower 2021-04-10 16:20:31,341 | numpy_client.py:260 | cached_clock: 22, curr_clock: 25
INFO flower 2021-04-10 16:20:31,341 | numpy_client.py:184 | Cache is stale, return ReadIns
DEBUG flower 2021-04-10 16:20:31,341 | app.py:66 | Waiting for message from server...
DEBUG flower 2021-04-10 16:21:54,239 | app.py:68 | Received server message. Handling...
DEBUG flower 2021-04-10 16:21:54,240 | numpy_client.py:228 | read: ReadRes(clock=23)
DEBUG flower 2021-04-10 16:21:54,248 | numpy_client.py:172 | fit, FitIns(clock=25)
DEBUG flower 2021-04-10 16:21:54,248 | numpy_client.py:260 | cached_clock: 23, curr_clock: 25
INFO flower 2021-04-10 16:21:57,245 | numpy_client.py:205 | Cache is fresh, return FitRes(clock=25)
DEBUG flower 2021-04-10 16:21:57,245 | app.py:66 | Waiting for message from server...
DEBUG flower 2021-04-10 16:21:57,266 | app.py:68 | Received server message. Handling...
DEBUG flower 2021-04-10 16:21:57,266 | numpy_client.py:172 | fit, FitIns(clock=26)
DEBUG flower 2021-04-10 16:21:57,266 | numpy_client.py:260 | cached_clock: 23, curr_clock: 26
INFO flower 2021-04-10 16:21:57,266 | numpy_client.py:184 | Cache is stale, return ReadIns
DEBUG flower 2021-04-10 16:21:57,266 | app.py:66 | Waiting for message from server...
DEBUG flower 2021-04-10 16:22:45,123 | app.py:68 | Received server message. Handling...
DEBUG flower 2021-04-10 16:22:45,123 | numpy_client.py:228 | read: ReadRes(clock=24)
DEBUG flower 2021-04-10 16:22:45,131 | numpy_client.py:172 | fit, FitIns(clock=26)
DEBUG flower 2021-04-10 16:22:45,131 | numpy_client.py:260 | cached_clock: 24, curr_clock: 26
INFO flower 2021-04-10 16:22:48,214 | numpy_client.py:205 | Cache is fresh, return FitRes(clock=26)
DEBUG flower 2021-04-10 16:22:48,214 | app.py:66 | Waiting for message from server...
DEBUG flower 2021-04-10 16:22:48,236 | app.py:68 | Received server message. Handling...
DEBUG flower 2021-04-10 16:22:48,237 | numpy_client.py:172 | fit, FitIns(clock=27)
DEBUG flower 2021-04-10 16:22:48,237 | numpy_client.py:260 | cached_clock: 24, curr_clock: 27
INFO flower 2021-04-10 16:22:48,237 | numpy_client.py:184 | Cache is stale, return ReadIns
DEBUG flower 2021-04-10 16:22:48,237 | app.py:66 | Waiting for message from server...
DEBUG flower 2021-04-10 16:24:15,590 | app.py:68 | Received server message. Handling...
DEBUG flower 2021-04-10 16:24:15,591 | numpy_client.py:228 | read: ReadRes(clock=25)
DEBUG flower 2021-04-10 16:24:15,599 | numpy_client.py:172 | fit, FitIns(clock=27)
DEBUG flower 2021-04-10 16:24:15,599 | numpy_client.py:260 | cached_clock: 25, curr_clock: 27
INFO flower 2021-04-10 16:24:18,835 | numpy_client.py:205 | Cache is fresh, return FitRes(clock=27)
DEBUG flower 2021-04-10 16:24:18,835 | app.py:66 | Waiting for message from server...
DEBUG flower 2021-04-10 16:24:18,857 | app.py:68 | Received server message. Handling...
DEBUG flower 2021-04-10 16:24:18,858 | numpy_client.py:172 | fit, FitIns(clock=28)
DEBUG flower 2021-04-10 16:24:18,858 | numpy_client.py:260 | cached_clock: 25, curr_clock: 28
INFO flower 2021-04-10 16:24:18,858 | numpy_client.py:184 | Cache is stale, return ReadIns
DEBUG flower 2021-04-10 16:24:18,858 | app.py:66 | Waiting for message from server...
DEBUG flower 2021-04-10 16:25:13,672 | app.py:68 | Received server message. Handling...
DEBUG flower 2021-04-10 16:25:13,673 | numpy_client.py:228 | read: ReadRes(clock=26)
DEBUG flower 2021-04-10 16:25:13,680 | numpy_client.py:172 | fit, FitIns(clock=28)
DEBUG flower 2021-04-10 16:25:13,680 | numpy_client.py:260 | cached_clock: 26, curr_clock: 28
INFO flower 2021-04-10 16:25:16,822 | numpy_client.py:205 | Cache is fresh, return FitRes(clock=28)
DEBUG flower 2021-04-10 16:25:16,823 | app.py:66 | Waiting for message from server...
DEBUG flower 2021-04-10 16:25:16,847 | app.py:68 | Received server message. Handling...
DEBUG flower 2021-04-10 16:25:16,848 | numpy_client.py:172 | fit, FitIns(clock=29)
DEBUG flower 2021-04-10 16:25:16,848 | numpy_client.py:260 | cached_clock: 26, curr_clock: 29
INFO flower 2021-04-10 16:25:16,848 | numpy_client.py:184 | Cache is stale, return ReadIns
DEBUG flower 2021-04-10 16:25:16,849 | app.py:66 | Waiting for message from server...
DEBUG flower 2021-04-10 16:26:28,706 | app.py:68 | Received server message. Handling...
DEBUG flower 2021-04-10 16:26:28,707 | numpy_client.py:228 | read: ReadRes(clock=27)
DEBUG flower 2021-04-10 16:26:28,715 | numpy_client.py:172 | fit, FitIns(clock=29)
DEBUG flower 2021-04-10 16:26:28,715 | numpy_client.py:260 | cached_clock: 27, curr_clock: 29
INFO flower 2021-04-10 16:26:31,928 | numpy_client.py:205 | Cache is fresh, return FitRes(clock=29)
DEBUG flower 2021-04-10 16:26:31,929 | app.py:66 | Waiting for message from server...
DEBUG flower 2021-04-10 16:26:31,952 | app.py:68 | Received server message. Handling...
DEBUG flower 2021-04-10 16:26:31,952 | numpy_client.py:172 | fit, FitIns(clock=30)
DEBUG flower 2021-04-10 16:26:31,952 | numpy_client.py:260 | cached_clock: 27, curr_clock: 30
INFO flower 2021-04-10 16:26:31,952 | numpy_client.py:184 | Cache is stale, return ReadIns
DEBUG flower 2021-04-10 16:26:31,953 | app.py:66 | Waiting for message from server...
DEBUG flower 2021-04-10 16:27:30,896 | app.py:68 | Received server message. Handling...
DEBUG flower 2021-04-10 16:27:30,897 | numpy_client.py:228 | read: ReadRes(clock=28)
DEBUG flower 2021-04-10 16:27:30,904 | numpy_client.py:172 | fit, FitIns(clock=30)
DEBUG flower 2021-04-10 16:27:30,904 | numpy_client.py:260 | cached_clock: 28, curr_clock: 30
INFO flower 2021-04-10 16:27:34,118 | numpy_client.py:205 | Cache is fresh, return FitRes(clock=30)
DEBUG flower 2021-04-10 16:27:34,119 | app.py:66 | Waiting for message from server...
DEBUG flower 2021-04-10 16:27:34,141 | app.py:68 | Received server message. Handling...
DEBUG flower 2021-04-10 16:27:34,141 | numpy_client.py:172 | fit, FitIns(clock=31)
DEBUG flower 2021-04-10 16:27:34,141 | numpy_client.py:260 | cached_clock: 28, curr_clock: 31
INFO flower 2021-04-10 16:27:34,141 | numpy_client.py:184 | Cache is stale, return ReadIns
DEBUG flower 2021-04-10 16:27:34,142 | app.py:66 | Waiting for message from server...
DEBUG flower 2021-04-10 16:28:54,696 | app.py:68 | Received server message. Handling...
DEBUG flower 2021-04-10 16:28:54,697 | numpy_client.py:228 | read: ReadRes(clock=29)
DEBUG flower 2021-04-10 16:28:54,705 | numpy_client.py:172 | fit, FitIns(clock=31)
DEBUG flower 2021-04-10 16:28:54,705 | numpy_client.py:260 | cached_clock: 29, curr_clock: 31
INFO flower 2021-04-10 16:28:57,736 | numpy_client.py:205 | Cache is fresh, return FitRes(clock=31)
DEBUG flower 2021-04-10 16:28:57,736 | app.py:66 | Waiting for message from server...
DEBUG flower 2021-04-10 16:28:57,757 | app.py:68 | Received server message. Handling...
DEBUG flower 2021-04-10 16:28:57,757 | numpy_client.py:172 | fit, FitIns(clock=32)
DEBUG flower 2021-04-10 16:28:57,758 | numpy_client.py:260 | cached_clock: 29, curr_clock: 32
INFO flower 2021-04-10 16:28:57,758 | numpy_client.py:184 | Cache is stale, return ReadIns
DEBUG flower 2021-04-10 16:28:57,758 | app.py:66 | Waiting for message from server...
DEBUG flower 2021-04-10 16:30:22,148 | app.py:68 | Received server message. Handling...
DEBUG flower 2021-04-10 16:30:22,148 | numpy_client.py:228 | read: ReadRes(clock=30)
DEBUG flower 2021-04-10 16:30:22,155 | numpy_client.py:172 | fit, FitIns(clock=32)
DEBUG flower 2021-04-10 16:30:22,156 | numpy_client.py:260 | cached_clock: 30, curr_clock: 32
INFO flower 2021-04-10 16:30:25,241 | numpy_client.py:205 | Cache is fresh, return FitRes(clock=32)
DEBUG flower 2021-04-10 16:30:25,242 | app.py:66 | Waiting for message from server...
DEBUG flower 2021-04-10 16:30:25,264 | app.py:68 | Received server message. Handling...
DEBUG flower 2021-04-10 16:30:25,264 | numpy_client.py:172 | fit, FitIns(clock=33)
DEBUG flower 2021-04-10 16:30:25,264 | numpy_client.py:260 | cached_clock: 30, curr_clock: 33
INFO flower 2021-04-10 16:30:25,265 | numpy_client.py:184 | Cache is stale, return ReadIns
DEBUG flower 2021-04-10 16:30:25,265 | app.py:66 | Waiting for message from server...
DEBUG flower 2021-04-10 16:31:31,092 | app.py:68 | Received server message. Handling...
DEBUG flower 2021-04-10 16:31:31,093 | numpy_client.py:228 | read: ReadRes(clock=31)
DEBUG flower 2021-04-10 16:31:31,100 | numpy_client.py:172 | fit, FitIns(clock=33)
DEBUG flower 2021-04-10 16:31:31,100 | numpy_client.py:260 | cached_clock: 31, curr_clock: 33
INFO flower 2021-04-10 16:31:34,320 | numpy_client.py:205 | Cache is fresh, return FitRes(clock=33)
DEBUG flower 2021-04-10 16:31:34,320 | app.py:66 | Waiting for message from server...
DEBUG flower 2021-04-10 16:31:34,343 | app.py:68 | Received server message. Handling...
DEBUG flower 2021-04-10 16:31:34,343 | numpy_client.py:172 | fit, FitIns(clock=34)
DEBUG flower 2021-04-10 16:31:34,343 | numpy_client.py:260 | cached_clock: 31, curr_clock: 34
INFO flower 2021-04-10 16:31:34,343 | numpy_client.py:184 | Cache is stale, return ReadIns
DEBUG flower 2021-04-10 16:31:34,343 | app.py:66 | Waiting for message from server...
DEBUG flower 2021-04-10 16:32:46,467 | app.py:68 | Received server message. Handling...
DEBUG flower 2021-04-10 16:32:46,468 | numpy_client.py:228 | read: ReadRes(clock=32)
DEBUG flower 2021-04-10 16:32:46,475 | numpy_client.py:172 | fit, FitIns(clock=34)
DEBUG flower 2021-04-10 16:32:46,475 | numpy_client.py:260 | cached_clock: 32, curr_clock: 34
INFO flower 2021-04-10 16:32:49,548 | numpy_client.py:205 | Cache is fresh, return FitRes(clock=34)
DEBUG flower 2021-04-10 16:32:49,549 | app.py:66 | Waiting for message from server...
DEBUG flower 2021-04-10 16:32:49,572 | app.py:68 | Received server message. Handling...
DEBUG flower 2021-04-10 16:32:49,572 | numpy_client.py:172 | fit, FitIns(clock=35)
DEBUG flower 2021-04-10 16:32:49,572 | numpy_client.py:260 | cached_clock: 32, curr_clock: 35
INFO flower 2021-04-10 16:32:49,572 | numpy_client.py:184 | Cache is stale, return ReadIns
DEBUG flower 2021-04-10 16:32:49,573 | app.py:66 | Waiting for message from server...
DEBUG flower 2021-04-10 16:34:10,114 | app.py:68 | Received server message. Handling...
DEBUG flower 2021-04-10 16:34:10,115 | numpy_client.py:228 | read: ReadRes(clock=33)
DEBUG flower 2021-04-10 16:34:10,123 | numpy_client.py:172 | fit, FitIns(clock=35)
DEBUG flower 2021-04-10 16:34:10,123 | numpy_client.py:260 | cached_clock: 33, curr_clock: 35
INFO flower 2021-04-10 16:34:13,226 | numpy_client.py:205 | Cache is fresh, return FitRes(clock=35)
DEBUG flower 2021-04-10 16:34:13,226 | app.py:66 | Waiting for message from server...
DEBUG flower 2021-04-10 16:34:13,250 | app.py:68 | Received server message. Handling...
DEBUG flower 2021-04-10 16:34:13,250 | numpy_client.py:172 | fit, FitIns(clock=36)
DEBUG flower 2021-04-10 16:34:13,250 | numpy_client.py:260 | cached_clock: 33, curr_clock: 36
INFO flower 2021-04-10 16:34:13,251 | numpy_client.py:184 | Cache is stale, return ReadIns
DEBUG flower 2021-04-10 16:34:13,251 | app.py:66 | Waiting for message from server...
DEBUG flower 2021-04-10 16:35:41,147 | app.py:68 | Received server message. Handling...
DEBUG flower 2021-04-10 16:35:41,147 | numpy_client.py:228 | read: ReadRes(clock=34)
DEBUG flower 2021-04-10 16:35:41,155 | numpy_client.py:172 | fit, FitIns(clock=36)
DEBUG flower 2021-04-10 16:35:41,155 | numpy_client.py:260 | cached_clock: 34, curr_clock: 36
INFO flower 2021-04-10 16:35:44,421 | numpy_client.py:205 | Cache is fresh, return FitRes(clock=36)
DEBUG flower 2021-04-10 16:35:44,422 | app.py:66 | Waiting for message from server...
DEBUG flower 2021-04-10 16:35:44,444 | app.py:68 | Received server message. Handling...
DEBUG flower 2021-04-10 16:35:44,444 | numpy_client.py:172 | fit, FitIns(clock=37)
DEBUG flower 2021-04-10 16:35:44,444 | numpy_client.py:260 | cached_clock: 34, curr_clock: 37
INFO flower 2021-04-10 16:35:44,444 | numpy_client.py:184 | Cache is stale, return ReadIns
DEBUG flower 2021-04-10 16:35:44,445 | app.py:66 | Waiting for message from server...
DEBUG flower 2021-04-10 16:37:02,333 | app.py:68 | Received server message. Handling...
DEBUG flower 2021-04-10 16:37:02,334 | numpy_client.py:228 | read: ReadRes(clock=35)
DEBUG flower 2021-04-10 16:37:02,342 | numpy_client.py:172 | fit, FitIns(clock=37)
DEBUG flower 2021-04-10 16:37:02,342 | numpy_client.py:260 | cached_clock: 35, curr_clock: 37
INFO flower 2021-04-10 16:37:05,520 | numpy_client.py:205 | Cache is fresh, return FitRes(clock=37)
DEBUG flower 2021-04-10 16:37:05,521 | app.py:66 | Waiting for message from server...
DEBUG flower 2021-04-10 16:37:05,548 | app.py:68 | Received server message. Handling...
DEBUG flower 2021-04-10 16:37:05,548 | numpy_client.py:172 | fit, FitIns(clock=38)
DEBUG flower 2021-04-10 16:37:05,548 | numpy_client.py:260 | cached_clock: 35, curr_clock: 38
INFO flower 2021-04-10 16:37:05,548 | numpy_client.py:184 | Cache is stale, return ReadIns
DEBUG flower 2021-04-10 16:37:05,548 | app.py:66 | Waiting for message from server...
DEBUG flower 2021-04-10 16:38:09,341 | app.py:68 | Received server message. Handling...
DEBUG flower 2021-04-10 16:38:09,342 | numpy_client.py:228 | read: ReadRes(clock=36)
DEBUG flower 2021-04-10 16:38:09,350 | numpy_client.py:172 | fit, FitIns(clock=38)
DEBUG flower 2021-04-10 16:38:09,350 | numpy_client.py:260 | cached_clock: 36, curr_clock: 38
INFO flower 2021-04-10 16:38:12,330 | numpy_client.py:205 | Cache is fresh, return FitRes(clock=38)
DEBUG flower 2021-04-10 16:38:12,331 | app.py:66 | Waiting for message from server...
DEBUG flower 2021-04-10 16:38:12,352 | app.py:68 | Received server message. Handling...
DEBUG flower 2021-04-10 16:38:12,352 | numpy_client.py:172 | fit, FitIns(clock=39)
DEBUG flower 2021-04-10 16:38:12,352 | numpy_client.py:260 | cached_clock: 36, curr_clock: 39
INFO flower 2021-04-10 16:38:12,352 | numpy_client.py:184 | Cache is stale, return ReadIns
DEBUG flower 2021-04-10 16:38:12,353 | app.py:66 | Waiting for message from server...
DEBUG flower 2021-04-10 16:39:36,253 | app.py:68 | Received server message. Handling...
DEBUG flower 2021-04-10 16:39:36,254 | numpy_client.py:228 | read: ReadRes(clock=37)
DEBUG flower 2021-04-10 16:39:36,260 | numpy_client.py:172 | fit, FitIns(clock=39)
DEBUG flower 2021-04-10 16:39:36,261 | numpy_client.py:260 | cached_clock: 37, curr_clock: 39
INFO flower 2021-04-10 16:39:39,338 | numpy_client.py:205 | Cache is fresh, return FitRes(clock=39)
DEBUG flower 2021-04-10 16:39:39,339 | app.py:66 | Waiting for message from server...
DEBUG flower 2021-04-10 16:39:39,358 | app.py:68 | Received server message. Handling...
DEBUG flower 2021-04-10 16:39:39,359 | numpy_client.py:172 | fit, FitIns(clock=40)
DEBUG flower 2021-04-10 16:39:39,359 | numpy_client.py:260 | cached_clock: 37, curr_clock: 40
INFO flower 2021-04-10 16:39:39,359 | numpy_client.py:184 | Cache is stale, return ReadIns
DEBUG flower 2021-04-10 16:39:39,359 | app.py:66 | Waiting for message from server...
DEBUG flower 2021-04-10 16:40:48,214 | app.py:68 | Received server message. Handling...
DEBUG flower 2021-04-10 16:40:48,215 | numpy_client.py:228 | read: ReadRes(clock=38)
DEBUG flower 2021-04-10 16:40:48,222 | numpy_client.py:172 | fit, FitIns(clock=40)
DEBUG flower 2021-04-10 16:40:48,222 | numpy_client.py:260 | cached_clock: 38, curr_clock: 40
INFO flower 2021-04-10 16:40:51,332 | numpy_client.py:205 | Cache is fresh, return FitRes(clock=40)
DEBUG flower 2021-04-10 16:40:51,333 | app.py:66 | Waiting for message from server...
DEBUG flower 2021-04-10 16:40:51,356 | app.py:68 | Received server message. Handling...
DEBUG flower 2021-04-10 16:40:51,356 | numpy_client.py:172 | fit, FitIns(clock=41)
DEBUG flower 2021-04-10 16:40:51,356 | numpy_client.py:260 | cached_clock: 38, curr_clock: 41
INFO flower 2021-04-10 16:40:51,356 | numpy_client.py:184 | Cache is stale, return ReadIns
DEBUG flower 2021-04-10 16:40:51,357 | app.py:66 | Waiting for message from server...
DEBUG flower 2021-04-10 16:41:58,615 | app.py:68 | Received server message. Handling...
DEBUG flower 2021-04-10 16:41:58,615 | numpy_client.py:228 | read: ReadRes(clock=39)
DEBUG flower 2021-04-10 16:41:58,623 | numpy_client.py:172 | fit, FitIns(clock=41)
DEBUG flower 2021-04-10 16:41:58,623 | numpy_client.py:260 | cached_clock: 39, curr_clock: 41
INFO flower 2021-04-10 16:42:01,739 | numpy_client.py:205 | Cache is fresh, return FitRes(clock=41)
DEBUG flower 2021-04-10 16:42:01,740 | app.py:66 | Waiting for message from server...
DEBUG flower 2021-04-10 16:42:01,762 | app.py:68 | Received server message. Handling...
DEBUG flower 2021-04-10 16:42:01,762 | numpy_client.py:172 | fit, FitIns(clock=42)
DEBUG flower 2021-04-10 16:42:01,762 | numpy_client.py:260 | cached_clock: 39, curr_clock: 42
INFO flower 2021-04-10 16:42:01,762 | numpy_client.py:184 | Cache is stale, return ReadIns
DEBUG flower 2021-04-10 16:42:01,763 | app.py:66 | Waiting for message from server...
DEBUG flower 2021-04-10 16:43:07,154 | app.py:68 | Received server message. Handling...
DEBUG flower 2021-04-10 16:43:07,155 | numpy_client.py:228 | read: ReadRes(clock=40)
DEBUG flower 2021-04-10 16:43:07,214 | numpy_client.py:172 | fit, FitIns(clock=42)
DEBUG flower 2021-04-10 16:43:07,214 | numpy_client.py:260 | cached_clock: 40, curr_clock: 42
INFO flower 2021-04-10 16:43:10,420 | numpy_client.py:205 | Cache is fresh, return FitRes(clock=42)
DEBUG flower 2021-04-10 16:43:10,421 | app.py:66 | Waiting for message from server...
DEBUG flower 2021-04-10 16:43:10,444 | app.py:68 | Received server message. Handling...
DEBUG flower 2021-04-10 16:43:10,444 | numpy_client.py:172 | fit, FitIns(clock=43)
DEBUG flower 2021-04-10 16:43:10,444 | numpy_client.py:260 | cached_clock: 40, curr_clock: 43
INFO flower 2021-04-10 16:43:10,444 | numpy_client.py:184 | Cache is stale, return ReadIns
DEBUG flower 2021-04-10 16:43:10,444 | app.py:66 | Waiting for message from server...
DEBUG flower 2021-04-10 16:44:38,414 | app.py:68 | Received server message. Handling...
DEBUG flower 2021-04-10 16:44:38,415 | numpy_client.py:228 | read: ReadRes(clock=41)
DEBUG flower 2021-04-10 16:44:38,423 | numpy_client.py:172 | fit, FitIns(clock=43)
DEBUG flower 2021-04-10 16:44:38,423 | numpy_client.py:260 | cached_clock: 41, curr_clock: 43
INFO flower 2021-04-10 16:44:41,625 | numpy_client.py:205 | Cache is fresh, return FitRes(clock=43)
DEBUG flower 2021-04-10 16:44:41,626 | app.py:66 | Waiting for message from server...
DEBUG flower 2021-04-10 16:44:41,645 | app.py:68 | Received server message. Handling...
DEBUG flower 2021-04-10 16:44:41,645 | numpy_client.py:172 | fit, FitIns(clock=44)
DEBUG flower 2021-04-10 16:44:41,645 | numpy_client.py:260 | cached_clock: 41, curr_clock: 44
INFO flower 2021-04-10 16:44:41,645 | numpy_client.py:184 | Cache is stale, return ReadIns
DEBUG flower 2021-04-10 16:44:41,646 | app.py:66 | Waiting for message from server...
DEBUG flower 2021-04-10 16:45:33,045 | app.py:68 | Received server message. Handling...
DEBUG flower 2021-04-10 16:45:33,045 | numpy_client.py:228 | read: ReadRes(clock=42)
DEBUG flower 2021-04-10 16:45:33,053 | numpy_client.py:172 | fit, FitIns(clock=44)
DEBUG flower 2021-04-10 16:45:33,053 | numpy_client.py:260 | cached_clock: 42, curr_clock: 44
INFO flower 2021-04-10 16:45:36,214 | numpy_client.py:205 | Cache is fresh, return FitRes(clock=44)
DEBUG flower 2021-04-10 16:45:36,215 | app.py:66 | Waiting for message from server...
DEBUG flower 2021-04-10 16:45:36,236 | app.py:68 | Received server message. Handling...
DEBUG flower 2021-04-10 16:45:36,237 | numpy_client.py:172 | fit, FitIns(clock=45)
DEBUG flower 2021-04-10 16:45:36,237 | numpy_client.py:260 | cached_clock: 42, curr_clock: 45
INFO flower 2021-04-10 16:45:36,237 | numpy_client.py:184 | Cache is stale, return ReadIns
DEBUG flower 2021-04-10 16:45:36,237 | app.py:66 | Waiting for message from server...
DEBUG flower 2021-04-10 16:46:51,824 | app.py:68 | Received server message. Handling...
DEBUG flower 2021-04-10 16:46:51,825 | numpy_client.py:228 | read: ReadRes(clock=43)
DEBUG flower 2021-04-10 16:46:51,833 | numpy_client.py:172 | fit, FitIns(clock=45)
DEBUG flower 2021-04-10 16:46:51,833 | numpy_client.py:260 | cached_clock: 43, curr_clock: 45
INFO flower 2021-04-10 16:46:54,841 | numpy_client.py:205 | Cache is fresh, return FitRes(clock=45)
DEBUG flower 2021-04-10 16:46:54,841 | app.py:66 | Waiting for message from server...
DEBUG flower 2021-04-10 16:46:54,863 | app.py:68 | Received server message. Handling...
DEBUG flower 2021-04-10 16:46:54,863 | numpy_client.py:172 | fit, FitIns(clock=46)
DEBUG flower 2021-04-10 16:46:54,863 | numpy_client.py:260 | cached_clock: 43, curr_clock: 46
INFO flower 2021-04-10 16:46:54,863 | numpy_client.py:184 | Cache is stale, return ReadIns
DEBUG flower 2021-04-10 16:46:54,863 | app.py:66 | Waiting for message from server...
DEBUG flower 2021-04-10 16:47:46,725 | app.py:68 | Received server message. Handling...
DEBUG flower 2021-04-10 16:47:46,726 | numpy_client.py:228 | read: ReadRes(clock=44)
DEBUG flower 2021-04-10 16:47:46,733 | numpy_client.py:172 | fit, FitIns(clock=46)
DEBUG flower 2021-04-10 16:47:46,733 | numpy_client.py:260 | cached_clock: 44, curr_clock: 46
INFO flower 2021-04-10 16:47:49,823 | numpy_client.py:205 | Cache is fresh, return FitRes(clock=46)
DEBUG flower 2021-04-10 16:47:49,824 | app.py:66 | Waiting for message from server...
DEBUG flower 2021-04-10 16:47:49,851 | app.py:68 | Received server message. Handling...
DEBUG flower 2021-04-10 16:47:49,851 | numpy_client.py:172 | fit, FitIns(clock=47)
DEBUG flower 2021-04-10 16:47:49,851 | numpy_client.py:260 | cached_clock: 44, curr_clock: 47
INFO flower 2021-04-10 16:47:49,851 | numpy_client.py:184 | Cache is stale, return ReadIns
DEBUG flower 2021-04-10 16:47:49,851 | app.py:66 | Waiting for message from server...
DEBUG flower 2021-04-10 16:48:44,514 | app.py:68 | Received server message. Handling...
DEBUG flower 2021-04-10 16:48:44,515 | numpy_client.py:228 | read: ReadRes(clock=45)
DEBUG flower 2021-04-10 16:48:44,523 | numpy_client.py:172 | fit, FitIns(clock=47)
DEBUG flower 2021-04-10 16:48:44,523 | numpy_client.py:260 | cached_clock: 45, curr_clock: 47
INFO flower 2021-04-10 16:48:47,539 | numpy_client.py:205 | Cache is fresh, return FitRes(clock=47)
DEBUG flower 2021-04-10 16:48:47,539 | app.py:66 | Waiting for message from server...
DEBUG flower 2021-04-10 16:48:47,569 | app.py:68 | Received server message. Handling...
DEBUG flower 2021-04-10 16:48:47,570 | numpy_client.py:172 | fit, FitIns(clock=48)
DEBUG flower 2021-04-10 16:48:47,570 | numpy_client.py:260 | cached_clock: 45, curr_clock: 48
INFO flower 2021-04-10 16:48:47,570 | numpy_client.py:184 | Cache is stale, return ReadIns
DEBUG flower 2021-04-10 16:48:47,571 | app.py:66 | Waiting for message from server...
DEBUG flower 2021-04-10 16:50:06,426 | app.py:68 | Received server message. Handling...
DEBUG flower 2021-04-10 16:50:06,427 | numpy_client.py:228 | read: ReadRes(clock=46)
DEBUG flower 2021-04-10 16:50:06,434 | numpy_client.py:172 | fit, FitIns(clock=48)
DEBUG flower 2021-04-10 16:50:06,434 | numpy_client.py:260 | cached_clock: 46, curr_clock: 48
INFO flower 2021-04-10 16:50:09,621 | numpy_client.py:205 | Cache is fresh, return FitRes(clock=48)
DEBUG flower 2021-04-10 16:50:09,622 | app.py:66 | Waiting for message from server...
DEBUG flower 2021-04-10 16:50:09,639 | app.py:68 | Received server message. Handling...
DEBUG flower 2021-04-10 16:50:09,640 | numpy_client.py:172 | fit, FitIns(clock=49)
DEBUG flower 2021-04-10 16:50:09,640 | numpy_client.py:260 | cached_clock: 46, curr_clock: 49
INFO flower 2021-04-10 16:50:09,640 | numpy_client.py:184 | Cache is stale, return ReadIns
DEBUG flower 2021-04-10 16:50:09,640 | app.py:66 | Waiting for message from server...
DEBUG flower 2021-04-10 16:51:31,014 | app.py:68 | Received server message. Handling...
DEBUG flower 2021-04-10 16:51:31,015 | numpy_client.py:228 | read: ReadRes(clock=47)
DEBUG flower 2021-04-10 16:51:31,023 | numpy_client.py:172 | fit, FitIns(clock=49)
DEBUG flower 2021-04-10 16:51:31,023 | numpy_client.py:260 | cached_clock: 47, curr_clock: 49
INFO flower 2021-04-10 16:51:34,020 | numpy_client.py:205 | Cache is fresh, return FitRes(clock=49)
DEBUG flower 2021-04-10 16:51:34,020 | numpy_client.py:217 | The client finishes computing after 3553 seconds
DEBUG flower 2021-04-10 16:51:34,020 | app.py:66 | Waiting for message from server...
DEBUG flower 2021-04-10 16:54:01,615 | app.py:68 | Received server message. Handling...
INFO flower 2021-04-10 16:54:11,729 | numpy_client.py:250 | [32;1m Loss: 7.378, Accuracy: 38.806%[0m
DEBUG flower 2021-04-10 16:54:11,730 | app.py:66 | Waiting for message from server...
DEBUG flower 2021-04-10 16:54:13,202 | app.py:68 | Received server message. Handling...
DEBUG flower 2021-04-10 16:54:13,250 | connection.py:68 | Insecure gRPC channel closed
INFO flower 2021-04-10 16:54:13,250 | app.py:76 | Disconnect and shut down
Namespace(idx=5, max_delay=0, min_delay=0, num_clients=31, server_ip='10.244.50.51:8080', staleness_bound=2)
I'm client 5
Files already downloaded and verified
Files already downloaded and verified
[32;1mClient 5: 1967 train samples, 134 test samples[0m
loss=141.5857274532318, acc=0.11038306451612903
loss=134.06464505195618, acc=0.33014112903225806
loss=144.1432604789734, acc=0.0
loss=138.77709937095642, acc=0.33014112903225806
loss=142.90807104110718, acc=0.0015120967741935483
loss=160.68927693367004, acc=0.04334677419354839
loss=163.94687485694885, acc=0.03931451612903226
loss=180.36658453941345, acc=0.0
loss=182.86184453964233, acc=0.0
loss=178.08667874336243, acc=0.0
loss=148.0431363582611, acc=0.023185483870967742
loss=153.12365007400513, acc=0.03377016129032258
loss=128.64069318771362, acc=0.3029233870967742
loss=181.97879600524902, acc=0.0
loss=177.72661566734314, acc=0.0045362903225806455
loss=163.7488090991974, acc=0.0
loss=175.5860140323639, acc=0.0
loss=164.10816884040833, acc=0.0
loss=108.77087533473969, acc=0.32913306451612906
loss=154.27713704109192, acc=0.052923387096774195
loss=154.73009586334229, acc=0.0
loss=170.99890637397766, acc=0.0
loss=152.2198076248169, acc=0.0
loss=173.593683719635, acc=0.0
loss=151.75917625427246, acc=0.0
loss=152.84314227104187, acc=0.0
loss=132.3858494758606, acc=0.26814516129032256
loss=175.53684067726135, acc=0.0
loss=159.7592649459839, acc=0.0
loss=125.49956631660461, acc=0.3951612903225806
loss=143.57718288898468, acc=0.2540322580645161
loss=162.25673460960388, acc=0.016129032258064516
loss=173.66051864624023, acc=0.003528225806451613
loss=174.20513081550598, acc=0.0010080645161290322
loss=147.41410303115845, acc=0.012096774193548387
loss=158.65686178207397, acc=0.0
loss=143.42417788505554, acc=0.09929435483870967
loss=156.80601930618286, acc=0.0010080645161290322
loss=150.64585065841675, acc=0.0
loss=165.5391881465912, acc=0.0
loss=167.75141167640686, acc=0.0
loss=168.86089158058167, acc=0.0
loss=152.60816097259521, acc=0.0
loss=145.65169167518616, acc=0.21925403225806453
loss=147.66505002975464, acc=0.04032258064516129
loss=126.20333647727966, acc=0.31149193548387094
loss=83.15242278575897, acc=0.36139112903225806
loss=148.07711625099182, acc=0.2313508064516129
loss=147.0040192604065, acc=0.10383064516129033
loss=157.39857649803162, acc=0.010080645161290322
Files already downloaded and verified
Files already downloaded and verified
Testing on full test set: 313, 875.773246049881, 0.113
Testing on partial test set: 5, 7.37812864780426, 0.3880597014925373
