DEBUG flower 2021-04-10 16:55:02,098 | client.py:83 | Start SSP client with delay [40,80]
DEBUG flower 2021-04-10 16:55:04,867 | connection.py:36 | ChannelConnectivity.IDLE
INFO flower 2021-04-10 16:55:04,869 | app.py:63 | Opened (insecure) gRPC connection
DEBUG flower 2021-04-10 16:55:04,870 | app.py:66 | Waiting for message from server...
DEBUG flower 2021-04-10 16:55:04,870 | connection.py:36 | ChannelConnectivity.READY
DEBUG flower 2021-04-10 16:55:09,824 | app.py:68 | Received server message. Handling...
DEBUG flower 2021-04-10 16:55:09,824 | numpy_client.py:172 | fit, FitIns(clock=0)
INFO flower 2021-04-10 16:55:09,825 | numpy_client.py:184 | Cache is stale, return ReadIns
DEBUG flower 2021-04-10 16:55:09,825 | app.py:66 | Waiting for message from server...
DEBUG flower 2021-04-10 16:55:09,924 | app.py:68 | Received server message. Handling...
DEBUG flower 2021-04-10 16:55:09,924 | numpy_client.py:228 | read: ReadRes(clock=-1)
DEBUG flower 2021-04-10 16:55:09,939 | numpy_client.py:172 | fit, FitIns(clock=0)
DEBUG flower 2021-04-10 16:55:09,940 | numpy_client.py:260 | cached_clock: -1, curr_clock: 0
DEBUG flower 2021-04-10 16:55:13,655 | model_wrapper.py:21 | Load existing initial model
INFO flower 2021-04-10 16:55:13,659 | numpy_client.py:205 | Cache is fresh, return FitRes(clock=0)
INFO flower 2021-04-10 16:55:13,659 | chaos.py:14 | Delay 74 sec
DEBUG flower 2021-04-10 16:56:27,733 | app.py:66 | Waiting for message from server...
DEBUG flower 2021-04-10 16:56:27,755 | app.py:68 | Received server message. Handling...
DEBUG flower 2021-04-10 16:56:27,755 | numpy_client.py:172 | fit, FitIns(clock=1)
DEBUG flower 2021-04-10 16:56:27,755 | numpy_client.py:260 | cached_clock: -1, curr_clock: 1
INFO flower 2021-04-10 16:56:31,561 | numpy_client.py:205 | Cache is fresh, return FitRes(clock=1)
INFO flower 2021-04-10 16:56:31,561 | chaos.py:14 | Delay 78 sec
DEBUG flower 2021-04-10 16:57:49,640 | app.py:66 | Waiting for message from server...
DEBUG flower 2021-04-10 16:57:49,662 | app.py:68 | Received server message. Handling...
DEBUG flower 2021-04-10 16:57:49,662 | numpy_client.py:172 | fit, FitIns(clock=2)
DEBUG flower 2021-04-10 16:57:49,662 | numpy_client.py:260 | cached_clock: -1, curr_clock: 2
INFO flower 2021-04-10 16:57:53,049 | numpy_client.py:205 | Cache is fresh, return FitRes(clock=2)
INFO flower 2021-04-10 16:57:53,049 | chaos.py:14 | Delay 63 sec
DEBUG flower 2021-04-10 16:58:56,061 | app.py:66 | Waiting for message from server...
DEBUG flower 2021-04-10 16:58:56,085 | app.py:68 | Received server message. Handling...
DEBUG flower 2021-04-10 16:58:56,086 | numpy_client.py:172 | fit, FitIns(clock=3)
DEBUG flower 2021-04-10 16:58:56,086 | numpy_client.py:260 | cached_clock: -1, curr_clock: 3
INFO flower 2021-04-10 16:58:59,238 | numpy_client.py:205 | Cache is fresh, return FitRes(clock=3)
INFO flower 2021-04-10 16:58:59,238 | chaos.py:14 | Delay 44 sec
DEBUG flower 2021-04-10 16:59:43,283 | app.py:66 | Waiting for message from server...
DEBUG flower 2021-04-10 16:59:43,306 | app.py:68 | Received server message. Handling...
DEBUG flower 2021-04-10 16:59:43,306 | numpy_client.py:172 | fit, FitIns(clock=4)
DEBUG flower 2021-04-10 16:59:43,306 | numpy_client.py:260 | cached_clock: -1, curr_clock: 4
INFO flower 2021-04-10 16:59:46,565 | numpy_client.py:205 | Cache is fresh, return FitRes(clock=4)
INFO flower 2021-04-10 16:59:46,566 | chaos.py:14 | Delay 47 sec
DEBUG flower 2021-04-10 17:00:33,571 | app.py:66 | Waiting for message from server...
DEBUG flower 2021-04-10 17:00:33,595 | app.py:68 | Received server message. Handling...
DEBUG flower 2021-04-10 17:00:33,595 | numpy_client.py:172 | fit, FitIns(clock=5)
DEBUG flower 2021-04-10 17:00:33,596 | numpy_client.py:260 | cached_clock: -1, curr_clock: 5
INFO flower 2021-04-10 17:00:33,596 | numpy_client.py:184 | Cache is stale, return ReadIns
DEBUG flower 2021-04-10 17:00:33,596 | app.py:66 | Waiting for message from server...
DEBUG flower 2021-04-10 17:00:33,632 | app.py:68 | Received server message. Handling...
DEBUG flower 2021-04-10 17:00:33,632 | numpy_client.py:228 | read: ReadRes(clock=3)
DEBUG flower 2021-04-10 17:00:33,639 | numpy_client.py:172 | fit, FitIns(clock=5)
DEBUG flower 2021-04-10 17:00:33,639 | numpy_client.py:260 | cached_clock: 3, curr_clock: 5
INFO flower 2021-04-10 17:00:36,955 | numpy_client.py:205 | Cache is fresh, return FitRes(clock=5)
INFO flower 2021-04-10 17:00:36,955 | chaos.py:14 | Delay 47 sec
DEBUG flower 2021-04-10 17:01:24,003 | app.py:66 | Waiting for message from server...
DEBUG flower 2021-04-10 17:01:24,027 | app.py:68 | Received server message. Handling...
DEBUG flower 2021-04-10 17:01:24,027 | numpy_client.py:172 | fit, FitIns(clock=6)
DEBUG flower 2021-04-10 17:01:24,027 | numpy_client.py:260 | cached_clock: 3, curr_clock: 6
INFO flower 2021-04-10 17:01:27,536 | numpy_client.py:205 | Cache is fresh, return FitRes(clock=6)
INFO flower 2021-04-10 17:01:27,537 | chaos.py:14 | Delay 79 sec
DEBUG flower 2021-04-10 17:02:46,614 | app.py:66 | Waiting for message from server...
DEBUG flower 2021-04-10 17:02:46,638 | app.py:68 | Received server message. Handling...
DEBUG flower 2021-04-10 17:02:46,638 | numpy_client.py:172 | fit, FitIns(clock=7)
DEBUG flower 2021-04-10 17:02:46,639 | numpy_client.py:260 | cached_clock: 3, curr_clock: 7
INFO flower 2021-04-10 17:02:50,337 | numpy_client.py:205 | Cache is fresh, return FitRes(clock=7)
INFO flower 2021-04-10 17:02:50,337 | chaos.py:14 | Delay 79 sec
DEBUG flower 2021-04-10 17:04:09,357 | app.py:66 | Waiting for message from server...
DEBUG flower 2021-04-10 17:04:09,380 | app.py:68 | Received server message. Handling...
DEBUG flower 2021-04-10 17:04:09,381 | numpy_client.py:172 | fit, FitIns(clock=8)
DEBUG flower 2021-04-10 17:04:09,381 | numpy_client.py:260 | cached_clock: 3, curr_clock: 8
INFO flower 2021-04-10 17:04:12,948 | numpy_client.py:205 | Cache is fresh, return FitRes(clock=8)
INFO flower 2021-04-10 17:04:12,949 | chaos.py:14 | Delay 45 sec
DEBUG flower 2021-04-10 17:04:57,995 | app.py:66 | Waiting for message from server...
DEBUG flower 2021-04-10 17:04:58,017 | app.py:68 | Received server message. Handling...
DEBUG flower 2021-04-10 17:04:58,017 | numpy_client.py:172 | fit, FitIns(clock=9)
DEBUG flower 2021-04-10 17:04:58,018 | numpy_client.py:260 | cached_clock: 3, curr_clock: 9
INFO flower 2021-04-10 17:04:58,018 | numpy_client.py:184 | Cache is stale, return ReadIns
DEBUG flower 2021-04-10 17:04:58,018 | app.py:66 | Waiting for message from server...
DEBUG flower 2021-04-10 17:04:58,034 | app.py:68 | Received server message. Handling...
DEBUG flower 2021-04-10 17:04:58,034 | numpy_client.py:228 | read: ReadRes(clock=6)
DEBUG flower 2021-04-10 17:04:58,045 | numpy_client.py:172 | fit, FitIns(clock=9)
DEBUG flower 2021-04-10 17:04:58,046 | numpy_client.py:260 | cached_clock: 6, curr_clock: 9
INFO flower 2021-04-10 17:05:01,468 | numpy_client.py:205 | Cache is fresh, return FitRes(clock=9)
INFO flower 2021-04-10 17:05:01,469 | chaos.py:14 | Delay 54 sec
DEBUG flower 2021-04-10 17:05:55,479 | app.py:66 | Waiting for message from server...
DEBUG flower 2021-04-10 17:05:55,503 | app.py:68 | Received server message. Handling...
DEBUG flower 2021-04-10 17:05:55,503 | numpy_client.py:172 | fit, FitIns(clock=10)
DEBUG flower 2021-04-10 17:05:55,503 | numpy_client.py:260 | cached_clock: 6, curr_clock: 10
INFO flower 2021-04-10 17:05:59,041 | numpy_client.py:205 | Cache is fresh, return FitRes(clock=10)
INFO flower 2021-04-10 17:05:59,042 | chaos.py:14 | Delay 65 sec
DEBUG flower 2021-04-10 17:07:04,108 | app.py:66 | Waiting for message from server...
DEBUG flower 2021-04-10 17:07:04,129 | app.py:68 | Received server message. Handling...
DEBUG flower 2021-04-10 17:07:04,129 | numpy_client.py:172 | fit, FitIns(clock=11)
DEBUG flower 2021-04-10 17:07:04,129 | numpy_client.py:260 | cached_clock: 6, curr_clock: 11
INFO flower 2021-04-10 17:07:07,636 | numpy_client.py:205 | Cache is fresh, return FitRes(clock=11)
INFO flower 2021-04-10 17:07:07,636 | chaos.py:14 | Delay 71 sec
DEBUG flower 2021-04-10 17:08:18,708 | app.py:66 | Waiting for message from server...
DEBUG flower 2021-04-10 17:08:18,733 | app.py:68 | Received server message. Handling...
DEBUG flower 2021-04-10 17:08:18,734 | numpy_client.py:172 | fit, FitIns(clock=12)
DEBUG flower 2021-04-10 17:08:18,734 | numpy_client.py:260 | cached_clock: 6, curr_clock: 12
INFO flower 2021-04-10 17:08:18,734 | numpy_client.py:184 | Cache is stale, return ReadIns
DEBUG flower 2021-04-10 17:08:18,735 | app.py:66 | Waiting for message from server...
DEBUG flower 2021-04-10 17:08:18,750 | app.py:68 | Received server message. Handling...
DEBUG flower 2021-04-10 17:08:18,751 | numpy_client.py:228 | read: ReadRes(clock=9)
DEBUG flower 2021-04-10 17:08:18,758 | numpy_client.py:172 | fit, FitIns(clock=12)
DEBUG flower 2021-04-10 17:08:18,758 | numpy_client.py:260 | cached_clock: 9, curr_clock: 12
INFO flower 2021-04-10 17:08:22,153 | numpy_client.py:205 | Cache is fresh, return FitRes(clock=12)
INFO flower 2021-04-10 17:08:22,153 | chaos.py:14 | Delay 78 sec
DEBUG flower 2021-04-10 17:09:40,230 | app.py:66 | Waiting for message from server...
DEBUG flower 2021-04-10 17:09:40,253 | app.py:68 | Received server message. Handling...
DEBUG flower 2021-04-10 17:09:40,254 | numpy_client.py:172 | fit, FitIns(clock=13)
DEBUG flower 2021-04-10 17:09:40,254 | numpy_client.py:260 | cached_clock: 9, curr_clock: 13
INFO flower 2021-04-10 17:09:43,471 | numpy_client.py:205 | Cache is fresh, return FitRes(clock=13)
INFO flower 2021-04-10 17:09:43,471 | chaos.py:14 | Delay 71 sec
DEBUG flower 2021-04-10 17:10:54,500 | app.py:66 | Waiting for message from server...
DEBUG flower 2021-04-10 17:10:54,524 | app.py:68 | Received server message. Handling...
DEBUG flower 2021-04-10 17:10:54,525 | numpy_client.py:172 | fit, FitIns(clock=14)
DEBUG flower 2021-04-10 17:10:54,525 | numpy_client.py:260 | cached_clock: 9, curr_clock: 14
INFO flower 2021-04-10 17:10:57,741 | numpy_client.py:205 | Cache is fresh, return FitRes(clock=14)
INFO flower 2021-04-10 17:10:57,741 | chaos.py:14 | Delay 59 sec
DEBUG flower 2021-04-10 17:11:56,801 | app.py:66 | Waiting for message from server...
DEBUG flower 2021-04-10 17:11:56,825 | app.py:68 | Received server message. Handling...
DEBUG flower 2021-04-10 17:11:56,825 | numpy_client.py:172 | fit, FitIns(clock=15)
DEBUG flower 2021-04-10 17:11:56,826 | numpy_client.py:260 | cached_clock: 9, curr_clock: 15
INFO flower 2021-04-10 17:11:56,826 | numpy_client.py:184 | Cache is stale, return ReadIns
DEBUG flower 2021-04-10 17:11:56,826 | app.py:66 | Waiting for message from server...
DEBUG flower 2021-04-10 17:11:56,842 | app.py:68 | Received server message. Handling...
DEBUG flower 2021-04-10 17:11:56,843 | numpy_client.py:228 | read: ReadRes(clock=12)
DEBUG flower 2021-04-10 17:11:56,850 | numpy_client.py:172 | fit, FitIns(clock=15)
DEBUG flower 2021-04-10 17:11:56,850 | numpy_client.py:260 | cached_clock: 12, curr_clock: 15
INFO flower 2021-04-10 17:12:00,037 | numpy_client.py:205 | Cache is fresh, return FitRes(clock=15)
INFO flower 2021-04-10 17:12:00,038 | chaos.py:14 | Delay 45 sec
DEBUG flower 2021-04-10 17:12:45,084 | app.py:66 | Waiting for message from server...
DEBUG flower 2021-04-10 17:12:45,105 | app.py:68 | Received server message. Handling...
DEBUG flower 2021-04-10 17:12:45,105 | numpy_client.py:172 | fit, FitIns(clock=16)
DEBUG flower 2021-04-10 17:12:45,105 | numpy_client.py:260 | cached_clock: 12, curr_clock: 16
INFO flower 2021-04-10 17:12:48,473 | numpy_client.py:205 | Cache is fresh, return FitRes(clock=16)
INFO flower 2021-04-10 17:12:48,473 | chaos.py:14 | Delay 60 sec
DEBUG flower 2021-04-10 17:13:48,534 | app.py:66 | Waiting for message from server...
DEBUG flower 2021-04-10 17:13:48,557 | app.py:68 | Received server message. Handling...
DEBUG flower 2021-04-10 17:13:48,558 | numpy_client.py:172 | fit, FitIns(clock=17)
DEBUG flower 2021-04-10 17:13:48,558 | numpy_client.py:260 | cached_clock: 12, curr_clock: 17
INFO flower 2021-04-10 17:13:51,952 | numpy_client.py:205 | Cache is fresh, return FitRes(clock=17)
INFO flower 2021-04-10 17:13:51,953 | chaos.py:14 | Delay 41 sec
DEBUG flower 2021-04-10 17:14:32,994 | app.py:66 | Waiting for message from server...
DEBUG flower 2021-04-10 17:14:33,017 | app.py:68 | Received server message. Handling...
DEBUG flower 2021-04-10 17:14:33,018 | numpy_client.py:172 | fit, FitIns(clock=18)
DEBUG flower 2021-04-10 17:14:33,018 | numpy_client.py:260 | cached_clock: 12, curr_clock: 18
INFO flower 2021-04-10 17:14:33,018 | numpy_client.py:184 | Cache is stale, return ReadIns
DEBUG flower 2021-04-10 17:14:33,018 | app.py:66 | Waiting for message from server...
DEBUG flower 2021-04-10 17:14:33,034 | app.py:68 | Received server message. Handling...
DEBUG flower 2021-04-10 17:14:33,034 | numpy_client.py:228 | read: ReadRes(clock=14)
DEBUG flower 2021-04-10 17:14:33,041 | numpy_client.py:172 | fit, FitIns(clock=18)
DEBUG flower 2021-04-10 17:14:33,041 | numpy_client.py:260 | cached_clock: 14, curr_clock: 18
INFO flower 2021-04-10 17:14:36,440 | numpy_client.py:205 | Cache is fresh, return FitRes(clock=18)
INFO flower 2021-04-10 17:14:36,440 | chaos.py:14 | Delay 68 sec
DEBUG flower 2021-04-10 17:15:44,509 | app.py:66 | Waiting for message from server...
DEBUG flower 2021-04-10 17:15:44,531 | app.py:68 | Received server message. Handling...
DEBUG flower 2021-04-10 17:15:44,532 | numpy_client.py:172 | fit, FitIns(clock=19)
DEBUG flower 2021-04-10 17:15:44,532 | numpy_client.py:260 | cached_clock: 14, curr_clock: 19
INFO flower 2021-04-10 17:15:47,946 | numpy_client.py:205 | Cache is fresh, return FitRes(clock=19)
INFO flower 2021-04-10 17:15:47,946 | chaos.py:14 | Delay 66 sec
DEBUG flower 2021-04-10 17:16:54,013 | app.py:66 | Waiting for message from server...
DEBUG flower 2021-04-10 17:16:54,033 | app.py:68 | Received server message. Handling...
DEBUG flower 2021-04-10 17:16:54,033 | numpy_client.py:172 | fit, FitIns(clock=20)
DEBUG flower 2021-04-10 17:16:54,033 | numpy_client.py:260 | cached_clock: 14, curr_clock: 20
INFO flower 2021-04-10 17:16:54,033 | numpy_client.py:184 | Cache is stale, return ReadIns
DEBUG flower 2021-04-10 17:16:54,034 | app.py:66 | Waiting for message from server...
DEBUG flower 2021-04-10 17:16:54,049 | app.py:68 | Received server message. Handling...
DEBUG flower 2021-04-10 17:16:54,049 | numpy_client.py:228 | read: ReadRes(clock=17)
DEBUG flower 2021-04-10 17:16:54,056 | numpy_client.py:172 | fit, FitIns(clock=20)
DEBUG flower 2021-04-10 17:16:54,056 | numpy_client.py:260 | cached_clock: 17, curr_clock: 20
INFO flower 2021-04-10 17:16:57,233 | numpy_client.py:205 | Cache is fresh, return FitRes(clock=20)
INFO flower 2021-04-10 17:16:57,233 | chaos.py:14 | Delay 59 sec
DEBUG flower 2021-04-10 17:17:56,293 | app.py:66 | Waiting for message from server...
DEBUG flower 2021-04-10 17:17:56,315 | app.py:68 | Received server message. Handling...
DEBUG flower 2021-04-10 17:17:56,316 | numpy_client.py:172 | fit, FitIns(clock=21)
DEBUG flower 2021-04-10 17:17:56,316 | numpy_client.py:260 | cached_clock: 17, curr_clock: 21
INFO flower 2021-04-10 17:17:59,644 | numpy_client.py:205 | Cache is fresh, return FitRes(clock=21)
INFO flower 2021-04-10 17:17:59,644 | chaos.py:14 | Delay 78 sec
DEBUG flower 2021-04-10 17:19:17,666 | app.py:66 | Waiting for message from server...
DEBUG flower 2021-04-10 17:19:23,826 | app.py:68 | Received server message. Handling...
DEBUG flower 2021-04-10 17:19:23,827 | numpy_client.py:172 | fit, FitIns(clock=22)
DEBUG flower 2021-04-10 17:19:23,827 | numpy_client.py:260 | cached_clock: 17, curr_clock: 22
INFO flower 2021-04-10 17:19:27,149 | numpy_client.py:205 | Cache is fresh, return FitRes(clock=22)
INFO flower 2021-04-10 17:19:27,149 | chaos.py:14 | Delay 60 sec
DEBUG flower 2021-04-10 17:20:27,210 | app.py:66 | Waiting for message from server...
DEBUG flower 2021-04-10 17:20:27,233 | app.py:68 | Received server message. Handling...
DEBUG flower 2021-04-10 17:20:27,233 | numpy_client.py:172 | fit, FitIns(clock=23)
DEBUG flower 2021-04-10 17:20:27,234 | numpy_client.py:260 | cached_clock: 17, curr_clock: 23
INFO flower 2021-04-10 17:20:27,234 | numpy_client.py:184 | Cache is stale, return ReadIns
DEBUG flower 2021-04-10 17:20:27,234 | app.py:66 | Waiting for message from server...
DEBUG flower 2021-04-10 17:20:27,318 | app.py:68 | Received server message. Handling...
DEBUG flower 2021-04-10 17:20:27,318 | numpy_client.py:228 | read: ReadRes(clock=19)
DEBUG flower 2021-04-10 17:20:27,326 | numpy_client.py:172 | fit, FitIns(clock=23)
DEBUG flower 2021-04-10 17:20:27,326 | numpy_client.py:260 | cached_clock: 19, curr_clock: 23
INFO flower 2021-04-10 17:20:30,447 | numpy_client.py:205 | Cache is fresh, return FitRes(clock=23)
INFO flower 2021-04-10 17:20:30,448 | chaos.py:14 | Delay 69 sec
DEBUG flower 2021-04-10 17:21:39,517 | app.py:66 | Waiting for message from server...
DEBUG flower 2021-04-10 17:21:39,541 | app.py:68 | Received server message. Handling...
DEBUG flower 2021-04-10 17:21:39,541 | numpy_client.py:172 | fit, FitIns(clock=24)
DEBUG flower 2021-04-10 17:21:39,541 | numpy_client.py:260 | cached_clock: 19, curr_clock: 24
INFO flower 2021-04-10 17:21:42,847 | numpy_client.py:205 | Cache is fresh, return FitRes(clock=24)
INFO flower 2021-04-10 17:21:42,847 | chaos.py:14 | Delay 40 sec
DEBUG flower 2021-04-10 17:22:22,888 | app.py:66 | Waiting for message from server...
DEBUG flower 2021-04-10 17:22:22,912 | app.py:68 | Received server message. Handling...
DEBUG flower 2021-04-10 17:22:22,912 | numpy_client.py:172 | fit, FitIns(clock=25)
DEBUG flower 2021-04-10 17:22:22,913 | numpy_client.py:260 | cached_clock: 19, curr_clock: 25
INFO flower 2021-04-10 17:22:22,913 | numpy_client.py:184 | Cache is stale, return ReadIns
DEBUG flower 2021-04-10 17:22:22,913 | app.py:66 | Waiting for message from server...
DEBUG flower 2021-04-10 17:22:22,930 | app.py:68 | Received server message. Handling...
DEBUG flower 2021-04-10 17:22:22,931 | numpy_client.py:228 | read: ReadRes(clock=21)
DEBUG flower 2021-04-10 17:22:22,937 | numpy_client.py:172 | fit, FitIns(clock=25)
DEBUG flower 2021-04-10 17:22:22,938 | numpy_client.py:260 | cached_clock: 21, curr_clock: 25
INFO flower 2021-04-10 17:22:26,436 | numpy_client.py:205 | Cache is fresh, return FitRes(clock=25)
INFO flower 2021-04-10 17:22:26,436 | chaos.py:14 | Delay 79 sec
DEBUG flower 2021-04-10 17:23:45,516 | app.py:66 | Waiting for message from server...
DEBUG flower 2021-04-10 17:23:45,538 | app.py:68 | Received server message. Handling...
DEBUG flower 2021-04-10 17:23:45,538 | numpy_client.py:172 | fit, FitIns(clock=26)
DEBUG flower 2021-04-10 17:23:45,539 | numpy_client.py:260 | cached_clock: 21, curr_clock: 26
INFO flower 2021-04-10 17:23:48,773 | numpy_client.py:205 | Cache is fresh, return FitRes(clock=26)
INFO flower 2021-04-10 17:23:48,774 | chaos.py:14 | Delay 47 sec
DEBUG flower 2021-04-10 17:24:35,777 | app.py:66 | Waiting for message from server...
DEBUG flower 2021-04-10 17:24:35,800 | app.py:68 | Received server message. Handling...
DEBUG flower 2021-04-10 17:24:35,800 | numpy_client.py:172 | fit, FitIns(clock=27)
DEBUG flower 2021-04-10 17:24:35,800 | numpy_client.py:260 | cached_clock: 21, curr_clock: 27
INFO flower 2021-04-10 17:24:35,801 | numpy_client.py:184 | Cache is stale, return ReadIns
DEBUG flower 2021-04-10 17:24:35,801 | app.py:66 | Waiting for message from server...
DEBUG flower 2021-04-10 17:24:35,832 | app.py:68 | Received server message. Handling...
DEBUG flower 2021-04-10 17:24:35,833 | numpy_client.py:228 | read: ReadRes(clock=22)
DEBUG flower 2021-04-10 17:24:35,840 | numpy_client.py:172 | fit, FitIns(clock=27)
DEBUG flower 2021-04-10 17:24:35,840 | numpy_client.py:260 | cached_clock: 22, curr_clock: 27
INFO flower 2021-04-10 17:24:38,982 | numpy_client.py:205 | Cache is fresh, return FitRes(clock=27)
INFO flower 2021-04-10 17:24:38,982 | chaos.py:14 | Delay 64 sec
DEBUG flower 2021-04-10 17:25:43,047 | app.py:66 | Waiting for message from server...
DEBUG flower 2021-04-10 17:25:43,073 | app.py:68 | Received server message. Handling...
DEBUG flower 2021-04-10 17:25:43,073 | numpy_client.py:172 | fit, FitIns(clock=28)
DEBUG flower 2021-04-10 17:25:43,074 | numpy_client.py:260 | cached_clock: 22, curr_clock: 28
INFO flower 2021-04-10 17:25:43,074 | numpy_client.py:184 | Cache is stale, return ReadIns
DEBUG flower 2021-04-10 17:25:43,074 | app.py:66 | Waiting for message from server...
DEBUG flower 2021-04-10 17:25:43,130 | app.py:68 | Received server message. Handling...
DEBUG flower 2021-04-10 17:25:43,131 | numpy_client.py:228 | read: ReadRes(clock=24)
DEBUG flower 2021-04-10 17:25:43,139 | numpy_client.py:172 | fit, FitIns(clock=28)
DEBUG flower 2021-04-10 17:25:43,139 | numpy_client.py:260 | cached_clock: 24, curr_clock: 28
INFO flower 2021-04-10 17:25:46,348 | numpy_client.py:205 | Cache is fresh, return FitRes(clock=28)
INFO flower 2021-04-10 17:25:46,348 | chaos.py:14 | Delay 51 sec
DEBUG flower 2021-04-10 17:26:37,395 | app.py:66 | Waiting for message from server...
DEBUG flower 2021-04-10 17:26:43,574 | app.py:68 | Received server message. Handling...
DEBUG flower 2021-04-10 17:26:43,574 | numpy_client.py:172 | fit, FitIns(clock=29)
DEBUG flower 2021-04-10 17:26:43,575 | numpy_client.py:260 | cached_clock: 24, curr_clock: 29
INFO flower 2021-04-10 17:26:46,864 | numpy_client.py:205 | Cache is fresh, return FitRes(clock=29)
INFO flower 2021-04-10 17:26:46,865 | chaos.py:14 | Delay 73 sec
DEBUG flower 2021-04-10 17:27:59,939 | app.py:66 | Waiting for message from server...
DEBUG flower 2021-04-10 17:27:59,960 | app.py:68 | Received server message. Handling...
DEBUG flower 2021-04-10 17:27:59,960 | numpy_client.py:172 | fit, FitIns(clock=30)
DEBUG flower 2021-04-10 17:27:59,960 | numpy_client.py:260 | cached_clock: 24, curr_clock: 30
INFO flower 2021-04-10 17:27:59,961 | numpy_client.py:184 | Cache is stale, return ReadIns
DEBUG flower 2021-04-10 17:27:59,961 | app.py:66 | Waiting for message from server...
DEBUG flower 2021-04-10 17:27:59,976 | app.py:68 | Received server message. Handling...
DEBUG flower 2021-04-10 17:27:59,976 | numpy_client.py:228 | read: ReadRes(clock=26)
DEBUG flower 2021-04-10 17:27:59,983 | numpy_client.py:172 | fit, FitIns(clock=30)
DEBUG flower 2021-04-10 17:27:59,983 | numpy_client.py:260 | cached_clock: 26, curr_clock: 30
INFO flower 2021-04-10 17:28:03,438 | numpy_client.py:205 | Cache is fresh, return FitRes(clock=30)
INFO flower 2021-04-10 17:28:03,439 | chaos.py:14 | Delay 76 sec
DEBUG flower 2021-04-10 17:29:19,516 | app.py:66 | Waiting for message from server...
DEBUG flower 2021-04-10 17:29:19,538 | app.py:68 | Received server message. Handling...
DEBUG flower 2021-04-10 17:29:19,538 | numpy_client.py:172 | fit, FitIns(clock=31)
DEBUG flower 2021-04-10 17:29:19,538 | numpy_client.py:260 | cached_clock: 26, curr_clock: 31
INFO flower 2021-04-10 17:29:22,929 | numpy_client.py:205 | Cache is fresh, return FitRes(clock=31)
INFO flower 2021-04-10 17:29:22,930 | chaos.py:14 | Delay 58 sec
DEBUG flower 2021-04-10 17:30:20,945 | app.py:66 | Waiting for message from server...
DEBUG flower 2021-04-10 17:30:20,966 | app.py:68 | Received server message. Handling...
DEBUG flower 2021-04-10 17:30:20,966 | numpy_client.py:172 | fit, FitIns(clock=32)
DEBUG flower 2021-04-10 17:30:20,967 | numpy_client.py:260 | cached_clock: 26, curr_clock: 32
INFO flower 2021-04-10 17:30:20,967 | numpy_client.py:184 | Cache is stale, return ReadIns
DEBUG flower 2021-04-10 17:30:20,967 | app.py:66 | Waiting for message from server...
DEBUG flower 2021-04-10 17:30:21,029 | app.py:68 | Received server message. Handling...
DEBUG flower 2021-04-10 17:30:21,029 | numpy_client.py:228 | read: ReadRes(clock=28)
DEBUG flower 2021-04-10 17:30:21,036 | numpy_client.py:172 | fit, FitIns(clock=32)
DEBUG flower 2021-04-10 17:30:21,037 | numpy_client.py:260 | cached_clock: 28, curr_clock: 32
INFO flower 2021-04-10 17:30:24,351 | numpy_client.py:205 | Cache is fresh, return FitRes(clock=32)
INFO flower 2021-04-10 17:30:24,351 | chaos.py:14 | Delay 63 sec
DEBUG flower 2021-04-10 17:31:27,415 | app.py:66 | Waiting for message from server...
DEBUG flower 2021-04-10 17:31:27,436 | app.py:68 | Received server message. Handling...
DEBUG flower 2021-04-10 17:31:27,436 | numpy_client.py:172 | fit, FitIns(clock=33)
DEBUG flower 2021-04-10 17:31:27,436 | numpy_client.py:260 | cached_clock: 28, curr_clock: 33
INFO flower 2021-04-10 17:31:30,562 | numpy_client.py:205 | Cache is fresh, return FitRes(clock=33)
INFO flower 2021-04-10 17:31:30,562 | chaos.py:14 | Delay 70 sec
DEBUG flower 2021-04-10 17:32:40,602 | app.py:66 | Waiting for message from server...
DEBUG flower 2021-04-10 17:32:46,898 | app.py:68 | Received server message. Handling...
DEBUG flower 2021-04-10 17:32:46,899 | numpy_client.py:172 | fit, FitIns(clock=34)
DEBUG flower 2021-04-10 17:32:46,899 | numpy_client.py:260 | cached_clock: 28, curr_clock: 34
INFO flower 2021-04-10 17:32:46,899 | numpy_client.py:184 | Cache is stale, return ReadIns
DEBUG flower 2021-04-10 17:32:46,900 | app.py:66 | Waiting for message from server...
DEBUG flower 2021-04-10 17:32:46,932 | app.py:68 | Received server message. Handling...
DEBUG flower 2021-04-10 17:32:46,934 | numpy_client.py:228 | read: ReadRes(clock=29)
DEBUG flower 2021-04-10 17:32:46,942 | numpy_client.py:172 | fit, FitIns(clock=34)
DEBUG flower 2021-04-10 17:32:46,942 | numpy_client.py:260 | cached_clock: 29, curr_clock: 34
INFO flower 2021-04-10 17:32:50,141 | numpy_client.py:205 | Cache is fresh, return FitRes(clock=34)
INFO flower 2021-04-10 17:32:50,141 | chaos.py:14 | Delay 78 sec
DEBUG flower 2021-04-10 17:34:08,220 | app.py:66 | Waiting for message from server...
DEBUG flower 2021-04-10 17:34:14,464 | app.py:68 | Received server message. Handling...
DEBUG flower 2021-04-10 17:34:14,464 | numpy_client.py:172 | fit, FitIns(clock=35)
DEBUG flower 2021-04-10 17:34:14,464 | numpy_client.py:260 | cached_clock: 29, curr_clock: 35
INFO flower 2021-04-10 17:34:14,464 | numpy_client.py:184 | Cache is stale, return ReadIns
DEBUG flower 2021-04-10 17:34:14,465 | app.py:66 | Waiting for message from server...
DEBUG flower 2021-04-10 17:34:14,480 | app.py:68 | Received server message. Handling...
DEBUG flower 2021-04-10 17:34:14,480 | numpy_client.py:228 | read: ReadRes(clock=30)
DEBUG flower 2021-04-10 17:34:14,487 | numpy_client.py:172 | fit, FitIns(clock=35)
DEBUG flower 2021-04-10 17:34:14,487 | numpy_client.py:260 | cached_clock: 30, curr_clock: 35
INFO flower 2021-04-10 17:34:17,678 | numpy_client.py:205 | Cache is fresh, return FitRes(clock=35)
INFO flower 2021-04-10 17:34:17,678 | chaos.py:14 | Delay 70 sec
DEBUG flower 2021-04-10 17:35:27,682 | app.py:66 | Waiting for message from server...
DEBUG flower 2021-04-10 17:35:27,704 | app.py:68 | Received server message. Handling...
DEBUG flower 2021-04-10 17:35:27,705 | numpy_client.py:172 | fit, FitIns(clock=36)
DEBUG flower 2021-04-10 17:35:27,705 | numpy_client.py:260 | cached_clock: 30, curr_clock: 36
INFO flower 2021-04-10 17:35:27,705 | numpy_client.py:184 | Cache is stale, return ReadIns
DEBUG flower 2021-04-10 17:35:27,706 | app.py:66 | Waiting for message from server...
DEBUG flower 2021-04-10 17:35:27,722 | app.py:68 | Received server message. Handling...
DEBUG flower 2021-04-10 17:35:27,722 | numpy_client.py:228 | read: ReadRes(clock=31)
DEBUG flower 2021-04-10 17:35:27,729 | numpy_client.py:172 | fit, FitIns(clock=36)
DEBUG flower 2021-04-10 17:35:27,729 | numpy_client.py:260 | cached_clock: 31, curr_clock: 36
INFO flower 2021-04-10 17:35:31,050 | numpy_client.py:205 | Cache is fresh, return FitRes(clock=36)
INFO flower 2021-04-10 17:35:31,050 | chaos.py:14 | Delay 56 sec
DEBUG flower 2021-04-10 17:36:27,107 | app.py:66 | Waiting for message from server...
DEBUG flower 2021-04-10 17:36:27,130 | app.py:68 | Received server message. Handling...
DEBUG flower 2021-04-10 17:36:27,131 | numpy_client.py:172 | fit, FitIns(clock=37)
DEBUG flower 2021-04-10 17:36:27,131 | numpy_client.py:260 | cached_clock: 31, curr_clock: 37
INFO flower 2021-04-10 17:36:27,131 | numpy_client.py:184 | Cache is stale, return ReadIns
DEBUG flower 2021-04-10 17:36:27,132 | app.py:66 | Waiting for message from server...
DEBUG flower 2021-04-10 17:36:27,216 | app.py:68 | Received server message. Handling...
DEBUG flower 2021-04-10 17:36:27,216 | numpy_client.py:228 | read: ReadRes(clock=32)
DEBUG flower 2021-04-10 17:36:27,224 | numpy_client.py:172 | fit, FitIns(clock=37)
DEBUG flower 2021-04-10 17:36:27,224 | numpy_client.py:260 | cached_clock: 32, curr_clock: 37
INFO flower 2021-04-10 17:36:30,331 | numpy_client.py:205 | Cache is fresh, return FitRes(clock=37)
INFO flower 2021-04-10 17:36:30,332 | chaos.py:14 | Delay 76 sec
DEBUG flower 2021-04-10 17:37:46,409 | app.py:66 | Waiting for message from server...
DEBUG flower 2021-04-10 17:37:46,431 | app.py:68 | Received server message. Handling...
DEBUG flower 2021-04-10 17:37:46,431 | numpy_client.py:172 | fit, FitIns(clock=38)
DEBUG flower 2021-04-10 17:37:46,432 | numpy_client.py:260 | cached_clock: 32, curr_clock: 38
INFO flower 2021-04-10 17:37:46,432 | numpy_client.py:184 | Cache is stale, return ReadIns
DEBUG flower 2021-04-10 17:37:46,432 | app.py:66 | Waiting for message from server...
DEBUG flower 2021-04-10 17:37:46,447 | app.py:68 | Received server message. Handling...
DEBUG flower 2021-04-10 17:37:46,447 | numpy_client.py:228 | read: ReadRes(clock=33)
DEBUG flower 2021-04-10 17:37:46,455 | numpy_client.py:172 | fit, FitIns(clock=38)
DEBUG flower 2021-04-10 17:37:46,455 | numpy_client.py:260 | cached_clock: 33, curr_clock: 38
INFO flower 2021-04-10 17:37:49,742 | numpy_client.py:205 | Cache is fresh, return FitRes(clock=38)
INFO flower 2021-04-10 17:37:49,742 | chaos.py:14 | Delay 61 sec
DEBUG flower 2021-04-10 17:38:50,778 | app.py:66 | Waiting for message from server...
DEBUG flower 2021-04-10 17:38:50,803 | app.py:68 | Received server message. Handling...
DEBUG flower 2021-04-10 17:38:50,803 | numpy_client.py:172 | fit, FitIns(clock=39)
DEBUG flower 2021-04-10 17:38:50,803 | numpy_client.py:260 | cached_clock: 33, curr_clock: 39
INFO flower 2021-04-10 17:38:50,803 | numpy_client.py:184 | Cache is stale, return ReadIns
DEBUG flower 2021-04-10 17:38:50,804 | app.py:66 | Waiting for message from server...
DEBUG flower 2021-04-10 17:38:50,830 | app.py:68 | Received server message. Handling...
DEBUG flower 2021-04-10 17:38:50,831 | numpy_client.py:228 | read: ReadRes(clock=34)
DEBUG flower 2021-04-10 17:38:50,838 | numpy_client.py:172 | fit, FitIns(clock=39)
DEBUG flower 2021-04-10 17:38:50,838 | numpy_client.py:260 | cached_clock: 34, curr_clock: 39
INFO flower 2021-04-10 17:38:54,067 | numpy_client.py:205 | Cache is fresh, return FitRes(clock=39)
INFO flower 2021-04-10 17:38:54,067 | chaos.py:14 | Delay 59 sec
DEBUG flower 2021-04-10 17:39:53,127 | app.py:66 | Waiting for message from server...
DEBUG flower 2021-04-10 17:39:53,152 | app.py:68 | Received server message. Handling...
DEBUG flower 2021-04-10 17:39:53,152 | numpy_client.py:172 | fit, FitIns(clock=40)
DEBUG flower 2021-04-10 17:39:53,152 | numpy_client.py:260 | cached_clock: 34, curr_clock: 40
INFO flower 2021-04-10 17:39:53,152 | numpy_client.py:184 | Cache is stale, return ReadIns
DEBUG flower 2021-04-10 17:39:53,153 | app.py:66 | Waiting for message from server...
DEBUG flower 2021-04-10 17:39:53,213 | app.py:68 | Received server message. Handling...
DEBUG flower 2021-04-10 17:39:53,213 | numpy_client.py:228 | read: ReadRes(clock=35)
DEBUG flower 2021-04-10 17:39:53,221 | numpy_client.py:172 | fit, FitIns(clock=40)
DEBUG flower 2021-04-10 17:39:53,221 | numpy_client.py:260 | cached_clock: 35, curr_clock: 40
INFO flower 2021-04-10 17:39:56,658 | numpy_client.py:205 | Cache is fresh, return FitRes(clock=40)
INFO flower 2021-04-10 17:39:56,658 | chaos.py:14 | Delay 57 sec
DEBUG flower 2021-04-10 17:40:53,672 | app.py:66 | Waiting for message from server...
DEBUG flower 2021-04-10 17:40:53,694 | app.py:68 | Received server message. Handling...
DEBUG flower 2021-04-10 17:40:53,695 | numpy_client.py:172 | fit, FitIns(clock=41)
DEBUG flower 2021-04-10 17:40:53,695 | numpy_client.py:260 | cached_clock: 35, curr_clock: 41
INFO flower 2021-04-10 17:40:53,695 | numpy_client.py:184 | Cache is stale, return ReadIns
DEBUG flower 2021-04-10 17:40:53,696 | app.py:66 | Waiting for message from server...
DEBUG flower 2021-04-10 17:40:53,731 | app.py:68 | Received server message. Handling...
DEBUG flower 2021-04-10 17:40:53,732 | numpy_client.py:228 | read: ReadRes(clock=36)
DEBUG flower 2021-04-10 17:40:53,739 | numpy_client.py:172 | fit, FitIns(clock=41)
DEBUG flower 2021-04-10 17:40:53,739 | numpy_client.py:260 | cached_clock: 36, curr_clock: 41
INFO flower 2021-04-10 17:40:56,939 | numpy_client.py:205 | Cache is fresh, return FitRes(clock=41)
INFO flower 2021-04-10 17:40:56,939 | chaos.py:14 | Delay 80 sec
DEBUG flower 2021-04-10 17:42:17,020 | app.py:66 | Waiting for message from server...
DEBUG flower 2021-04-10 17:42:17,039 | app.py:68 | Received server message. Handling...
DEBUG flower 2021-04-10 17:42:17,039 | numpy_client.py:172 | fit, FitIns(clock=42)
DEBUG flower 2021-04-10 17:42:17,039 | numpy_client.py:260 | cached_clock: 36, curr_clock: 42
INFO flower 2021-04-10 17:42:17,039 | numpy_client.py:184 | Cache is stale, return ReadIns
DEBUG flower 2021-04-10 17:42:17,040 | app.py:66 | Waiting for message from server...
DEBUG flower 2021-04-10 17:42:17,054 | app.py:68 | Received server message. Handling...
DEBUG flower 2021-04-10 17:42:17,055 | numpy_client.py:228 | read: ReadRes(clock=37)
DEBUG flower 2021-04-10 17:42:17,062 | numpy_client.py:172 | fit, FitIns(clock=42)
DEBUG flower 2021-04-10 17:42:17,062 | numpy_client.py:260 | cached_clock: 37, curr_clock: 42
INFO flower 2021-04-10 17:42:20,355 | numpy_client.py:205 | Cache is fresh, return FitRes(clock=42)
INFO flower 2021-04-10 17:42:20,356 | chaos.py:14 | Delay 44 sec
DEBUG flower 2021-04-10 17:43:04,400 | app.py:66 | Waiting for message from server...
DEBUG flower 2021-04-10 17:43:04,423 | app.py:68 | Received server message. Handling...
DEBUG flower 2021-04-10 17:43:04,423 | numpy_client.py:172 | fit, FitIns(clock=43)
DEBUG flower 2021-04-10 17:43:04,424 | numpy_client.py:260 | cached_clock: 37, curr_clock: 43
INFO flower 2021-04-10 17:43:04,424 | numpy_client.py:184 | Cache is stale, return ReadIns
DEBUG flower 2021-04-10 17:43:04,424 | app.py:66 | Waiting for message from server...
DEBUG flower 2021-04-10 17:43:26,988 | app.py:68 | Received server message. Handling...
DEBUG flower 2021-04-10 17:43:26,989 | numpy_client.py:228 | read: ReadRes(clock=38)
DEBUG flower 2021-04-10 17:43:26,996 | numpy_client.py:172 | fit, FitIns(clock=43)
DEBUG flower 2021-04-10 17:43:26,996 | numpy_client.py:260 | cached_clock: 38, curr_clock: 43
INFO flower 2021-04-10 17:43:30,249 | numpy_client.py:205 | Cache is fresh, return FitRes(clock=43)
INFO flower 2021-04-10 17:43:30,249 | chaos.py:14 | Delay 68 sec
DEBUG flower 2021-04-10 17:44:38,250 | app.py:66 | Waiting for message from server...
DEBUG flower 2021-04-10 17:44:38,273 | app.py:68 | Received server message. Handling...
DEBUG flower 2021-04-10 17:44:38,274 | numpy_client.py:172 | fit, FitIns(clock=44)
DEBUG flower 2021-04-10 17:44:38,274 | numpy_client.py:260 | cached_clock: 38, curr_clock: 44
INFO flower 2021-04-10 17:44:38,274 | numpy_client.py:184 | Cache is stale, return ReadIns
DEBUG flower 2021-04-10 17:44:38,274 | app.py:66 | Waiting for message from server...
DEBUG flower 2021-04-10 17:44:38,330 | app.py:68 | Received server message. Handling...
DEBUG flower 2021-04-10 17:44:38,331 | numpy_client.py:228 | read: ReadRes(clock=39)
DEBUG flower 2021-04-10 17:44:38,337 | numpy_client.py:172 | fit, FitIns(clock=44)
DEBUG flower 2021-04-10 17:44:38,337 | numpy_client.py:260 | cached_clock: 39, curr_clock: 44
INFO flower 2021-04-10 17:44:41,566 | numpy_client.py:205 | Cache is fresh, return FitRes(clock=44)
INFO flower 2021-04-10 17:44:41,567 | chaos.py:14 | Delay 44 sec
DEBUG flower 2021-04-10 17:45:25,611 | app.py:66 | Waiting for message from server...
DEBUG flower 2021-04-10 17:45:25,635 | app.py:68 | Received server message. Handling...
DEBUG flower 2021-04-10 17:45:25,635 | numpy_client.py:172 | fit, FitIns(clock=45)
DEBUG flower 2021-04-10 17:45:25,635 | numpy_client.py:260 | cached_clock: 39, curr_clock: 45
INFO flower 2021-04-10 17:45:25,635 | numpy_client.py:184 | Cache is stale, return ReadIns
DEBUG flower 2021-04-10 17:45:25,636 | app.py:66 | Waiting for message from server...
DEBUG flower 2021-04-10 17:45:51,074 | app.py:68 | Received server message. Handling...
DEBUG flower 2021-04-10 17:45:51,075 | numpy_client.py:228 | read: ReadRes(clock=40)
DEBUG flower 2021-04-10 17:45:51,082 | numpy_client.py:172 | fit, FitIns(clock=45)
DEBUG flower 2021-04-10 17:45:51,082 | numpy_client.py:260 | cached_clock: 40, curr_clock: 45
INFO flower 2021-04-10 17:45:54,335 | numpy_client.py:205 | Cache is fresh, return FitRes(clock=45)
INFO flower 2021-04-10 17:45:54,335 | chaos.py:14 | Delay 47 sec
DEBUG flower 2021-04-10 17:46:41,380 | app.py:66 | Waiting for message from server...
DEBUG flower 2021-04-10 17:46:41,402 | app.py:68 | Received server message. Handling...
DEBUG flower 2021-04-10 17:46:41,403 | numpy_client.py:172 | fit, FitIns(clock=46)
DEBUG flower 2021-04-10 17:46:41,403 | numpy_client.py:260 | cached_clock: 40, curr_clock: 46
INFO flower 2021-04-10 17:46:41,403 | numpy_client.py:184 | Cache is stale, return ReadIns
DEBUG flower 2021-04-10 17:46:41,404 | app.py:66 | Waiting for message from server...
DEBUG flower 2021-04-10 17:47:22,389 | app.py:68 | Received server message. Handling...
DEBUG flower 2021-04-10 17:47:22,389 | numpy_client.py:228 | read: ReadRes(clock=41)
DEBUG flower 2021-04-10 17:47:22,397 | numpy_client.py:172 | fit, FitIns(clock=46)
DEBUG flower 2021-04-10 17:47:22,397 | numpy_client.py:260 | cached_clock: 41, curr_clock: 46
INFO flower 2021-04-10 17:47:25,764 | numpy_client.py:205 | Cache is fresh, return FitRes(clock=46)
INFO flower 2021-04-10 17:47:25,765 | chaos.py:14 | Delay 71 sec
DEBUG flower 2021-04-10 17:48:36,837 | app.py:66 | Waiting for message from server...
DEBUG flower 2021-04-10 17:48:36,916 | app.py:68 | Received server message. Handling...
DEBUG flower 2021-04-10 17:48:36,917 | numpy_client.py:172 | fit, FitIns(clock=47)
DEBUG flower 2021-04-10 17:48:36,917 | numpy_client.py:260 | cached_clock: 41, curr_clock: 47
INFO flower 2021-04-10 17:48:36,917 | numpy_client.py:184 | Cache is stale, return ReadIns
DEBUG flower 2021-04-10 17:48:36,918 | app.py:66 | Waiting for message from server...
DEBUG flower 2021-04-10 17:48:36,931 | app.py:68 | Received server message. Handling...
DEBUG flower 2021-04-10 17:48:36,931 | numpy_client.py:228 | read: ReadRes(clock=42)
DEBUG flower 2021-04-10 17:48:36,936 | numpy_client.py:172 | fit, FitIns(clock=47)
DEBUG flower 2021-04-10 17:48:36,936 | numpy_client.py:260 | cached_clock: 42, curr_clock: 47
INFO flower 2021-04-10 17:48:40,168 | numpy_client.py:205 | Cache is fresh, return FitRes(clock=47)
INFO flower 2021-04-10 17:48:40,168 | chaos.py:14 | Delay 74 sec
DEBUG flower 2021-04-10 17:49:54,217 | app.py:66 | Waiting for message from server...
DEBUG flower 2021-04-10 17:49:54,239 | app.py:68 | Received server message. Handling...
DEBUG flower 2021-04-10 17:49:54,240 | numpy_client.py:172 | fit, FitIns(clock=48)
DEBUG flower 2021-04-10 17:49:54,240 | numpy_client.py:260 | cached_clock: 42, curr_clock: 48
INFO flower 2021-04-10 17:49:54,240 | numpy_client.py:184 | Cache is stale, return ReadIns
DEBUG flower 2021-04-10 17:49:54,240 | app.py:66 | Waiting for message from server...
DEBUG flower 2021-04-10 17:49:54,256 | app.py:68 | Received server message. Handling...
DEBUG flower 2021-04-10 17:49:54,256 | numpy_client.py:228 | read: ReadRes(clock=43)
DEBUG flower 2021-04-10 17:49:54,263 | numpy_client.py:172 | fit, FitIns(clock=48)
DEBUG flower 2021-04-10 17:49:54,263 | numpy_client.py:260 | cached_clock: 43, curr_clock: 48
INFO flower 2021-04-10 17:49:57,443 | numpy_client.py:205 | Cache is fresh, return FitRes(clock=48)
INFO flower 2021-04-10 17:49:57,444 | chaos.py:14 | Delay 53 sec
DEBUG flower 2021-04-10 17:50:50,454 | app.py:66 | Waiting for message from server...
DEBUG flower 2021-04-10 17:50:50,476 | app.py:68 | Received server message. Handling...
DEBUG flower 2021-04-10 17:50:50,477 | numpy_client.py:172 | fit, FitIns(clock=49)
DEBUG flower 2021-04-10 17:50:50,477 | numpy_client.py:260 | cached_clock: 43, curr_clock: 49
INFO flower 2021-04-10 17:50:50,477 | numpy_client.py:184 | Cache is stale, return ReadIns
DEBUG flower 2021-04-10 17:50:50,477 | app.py:66 | Waiting for message from server...
DEBUG flower 2021-04-10 17:50:50,531 | app.py:68 | Received server message. Handling...
DEBUG flower 2021-04-10 17:50:50,531 | numpy_client.py:228 | read: ReadRes(clock=44)
DEBUG flower 2021-04-10 17:50:50,539 | numpy_client.py:172 | fit, FitIns(clock=49)
DEBUG flower 2021-04-10 17:50:50,539 | numpy_client.py:260 | cached_clock: 44, curr_clock: 49
INFO flower 2021-04-10 17:50:53,652 | numpy_client.py:205 | Cache is fresh, return FitRes(clock=49)
INFO flower 2021-04-10 17:50:53,652 | chaos.py:14 | Delay 70 sec
DEBUG flower 2021-04-10 17:52:03,722 | numpy_client.py:217 | The client finishes computing after 3413 seconds
DEBUG flower 2021-04-10 17:52:03,723 | app.py:66 | Waiting for message from server...
DEBUG flower 2021-04-10 17:56:46,570 | app.py:68 | Received server message. Handling...
INFO flower 2021-04-10 17:56:57,468 | numpy_client.py:250 | [32;1m Loss: 20.697, Accuracy: 26.866%[0m
DEBUG flower 2021-04-10 17:56:57,469 | app.py:66 | Waiting for message from server...
DEBUG flower 2021-04-10 17:56:58,089 | app.py:68 | Received server message. Handling...
DEBUG flower 2021-04-10 17:56:58,120 | connection.py:68 | Insecure gRPC channel closed
INFO flower 2021-04-10 17:56:58,120 | app.py:76 | Disconnect and shut down
Namespace(idx=15, max_delay=0, min_delay=0, num_clients=31, server_ip='10.244.50.51:8080', staleness_bound=5)
I'm client 15
Files already downloaded and verified
Files already downloaded and verified
[32;1mClient 15: 1995 train samples, 67 test samples[0m
loss=144.6106367111206, acc=0.11259920634920635
loss=146.20918893814087, acc=0.041666666666666664
loss=136.29400181770325, acc=0.3298611111111111
loss=126.8222873210907, acc=0.3298611111111111
loss=113.2071121931076, acc=0.3298611111111111
loss=82.47299838066101, acc=0.37549603174603174
loss=66.20382159948349, acc=0.4895833333333333
loss=60.74922180175781, acc=0.5441468253968254
loss=57.66510635614395, acc=0.5610119047619048
loss=56.12241584062576, acc=0.5739087301587301
loss=53.87543052434921, acc=0.6051587301587301
loss=52.135793805122375, acc=0.6190476190476191
loss=50.719296991825104, acc=0.6215277777777778
loss=49.1266810297966, acc=0.6413690476190477
loss=47.448862075805664, acc=0.6597222222222222
loss=45.0690798163414, acc=0.6845238095238095
loss=42.52716475725174, acc=0.7038690476190477
loss=41.42922392487526, acc=0.7068452380952381
loss=39.414711475372314, acc=0.7371031746031746
loss=38.00458115339279, acc=0.746031746031746
loss=37.041376918554306, acc=0.7569444444444444
loss=35.876587837934494, acc=0.7599206349206349
loss=35.13975062966347, acc=0.7713293650793651
loss=33.818557530641556, acc=0.7738095238095238
loss=33.60859136283398, acc=0.7733134920634921
loss=32.64322580397129, acc=0.783234126984127
loss=31.99943482875824, acc=0.7837301587301587
loss=30.964942395687103, acc=0.8015873015873016
loss=30.477070957422256, acc=0.7961309523809523
loss=30.035009801387787, acc=0.8075396825396826
loss=28.936673685908318, acc=0.8115079365079365
loss=29.474850356578827, acc=0.8110119047619048
loss=28.73717688024044, acc=0.8110119047619048
loss=27.884141609072685, acc=0.8095238095238095
loss=155.28807377815247, acc=0.07738095238095238
loss=120.57919204235077, acc=0.4593253968253968
loss=52.59656900167465, acc=0.6364087301587301
loss=46.853373408317566, acc=0.6775793650793651
loss=43.67108151316643, acc=0.7078373015873016
loss=40.57930466532707, acc=0.720734126984127
loss=38.81931155920029, acc=0.7445436507936508
loss=36.314740002155304, acc=0.7579365079365079
loss=35.14601719379425, acc=0.7609126984126984
loss=182.6831854581833, acc=0.07886904761904762
loss=96.34642505645752, acc=0.36706349206349204
loss=89.54301762580872, acc=0.5362103174603174
loss=86.26358145475388, acc=0.4930555555555556
loss=48.08270746469498, acc=0.6815476190476191
loss=42.77999413013458, acc=0.7088293650793651
loss=39.68501007556915, acc=0.7306547619047619
Files already downloaded and verified
Files already downloaded and verified
Testing on full test set: 313, 2174.953033924103, 0.2239
Testing on partial test set: 3, 20.69657564163208, 0.26865671641791045
