DEBUG flower 2021-04-08 06:49:10,178 | connection.py:36 | ChannelConnectivity.IDLE
DEBUG flower 2021-04-08 06:49:10,180 | connection.py:36 | ChannelConnectivity.CONNECTING
INFO flower 2021-04-08 06:49:10,181 | app.py:63 | Opened (insecure) gRPC connection
DEBUG flower 2021-04-08 06:49:10,181 | connection.py:36 | ChannelConnectivity.READY
DEBUG flower 2021-04-08 06:49:17,349 | numpy_client.py:172 | fit, FitIns(clock=0)
INFO flower 2021-04-08 06:49:17,349 | numpy_client.py:184 | Cache is stale, return ReadIns
DEBUG flower 2021-04-08 06:49:17,576 | numpy_client.py:228 | read: ReadRes(clock=-1)
DEBUG flower 2021-04-08 06:49:17,593 | numpy_client.py:172 | fit, FitIns(clock=0)
DEBUG flower 2021-04-08 06:49:17,593 | numpy_client.py:260 | cached_clock: -1, curr_clock: 0
INFO flower 2021-04-08 06:49:18,952 | numpy_client.py:205 | Cache is fresh, return FitRes(clock=0)
DEBUG flower 2021-04-08 06:49:18,999 | numpy_client.py:172 | fit, FitIns(clock=1)
DEBUG flower 2021-04-08 06:49:18,999 | numpy_client.py:260 | cached_clock: -1, curr_clock: 1
INFO flower 2021-04-08 06:49:20,255 | numpy_client.py:205 | Cache is fresh, return FitRes(clock=1)
DEBUG flower 2021-04-08 06:49:20,307 | numpy_client.py:172 | fit, FitIns(clock=2)
DEBUG flower 2021-04-08 06:49:20,307 | numpy_client.py:260 | cached_clock: -1, curr_clock: 2
INFO flower 2021-04-08 06:49:20,307 | numpy_client.py:184 | Cache is stale, return ReadIns
DEBUG flower 2021-04-08 06:49:22,983 | numpy_client.py:228 | read: ReadRes(clock=0)
DEBUG flower 2021-04-08 06:49:22,990 | numpy_client.py:172 | fit, FitIns(clock=2)
DEBUG flower 2021-04-08 06:49:22,990 | numpy_client.py:260 | cached_clock: 0, curr_clock: 2
INFO flower 2021-04-08 06:49:24,251 | numpy_client.py:205 | Cache is fresh, return FitRes(clock=2)
DEBUG flower 2021-04-08 06:49:32,037 | numpy_client.py:172 | fit, FitIns(clock=3)
DEBUG flower 2021-04-08 06:49:32,038 | numpy_client.py:260 | cached_clock: 0, curr_clock: 3
INFO flower 2021-04-08 06:49:32,038 | numpy_client.py:184 | Cache is stale, return ReadIns
DEBUG flower 2021-04-08 06:49:36,885 | numpy_client.py:228 | read: ReadRes(clock=1)
DEBUG flower 2021-04-08 06:49:36,892 | numpy_client.py:172 | fit, FitIns(clock=3)
DEBUG flower 2021-04-08 06:49:36,892 | numpy_client.py:260 | cached_clock: 1, curr_clock: 3
INFO flower 2021-04-08 06:49:38,169 | numpy_client.py:205 | Cache is fresh, return FitRes(clock=3)
DEBUG flower 2021-04-08 06:49:46,213 | numpy_client.py:172 | fit, FitIns(clock=4)
DEBUG flower 2021-04-08 06:49:46,213 | numpy_client.py:260 | cached_clock: 1, curr_clock: 4
INFO flower 2021-04-08 06:49:46,213 | numpy_client.py:184 | Cache is stale, return ReadIns
DEBUG flower 2021-04-08 06:49:51,047 | numpy_client.py:228 | read: ReadRes(clock=2)
DEBUG flower 2021-04-08 06:49:51,054 | numpy_client.py:172 | fit, FitIns(clock=4)
DEBUG flower 2021-04-08 06:49:51,055 | numpy_client.py:260 | cached_clock: 2, curr_clock: 4
INFO flower 2021-04-08 06:49:52,368 | numpy_client.py:205 | Cache is fresh, return FitRes(clock=4)
DEBUG flower 2021-04-08 06:49:59,632 | numpy_client.py:172 | fit, FitIns(clock=5)
DEBUG flower 2021-04-08 06:49:59,633 | numpy_client.py:260 | cached_clock: 2, curr_clock: 5
INFO flower 2021-04-08 06:49:59,633 | numpy_client.py:184 | Cache is stale, return ReadIns
DEBUG flower 2021-04-08 06:50:04,193 | numpy_client.py:228 | read: ReadRes(clock=3)
DEBUG flower 2021-04-08 06:50:04,199 | numpy_client.py:172 | fit, FitIns(clock=5)
DEBUG flower 2021-04-08 06:50:04,199 | numpy_client.py:260 | cached_clock: 3, curr_clock: 5
INFO flower 2021-04-08 06:50:05,567 | numpy_client.py:205 | Cache is fresh, return FitRes(clock=5)
DEBUG flower 2021-04-08 06:50:13,426 | numpy_client.py:172 | fit, FitIns(clock=6)
DEBUG flower 2021-04-08 06:50:13,426 | numpy_client.py:260 | cached_clock: 3, curr_clock: 6
INFO flower 2021-04-08 06:50:13,426 | numpy_client.py:184 | Cache is stale, return ReadIns
DEBUG flower 2021-04-08 06:50:18,146 | numpy_client.py:228 | read: ReadRes(clock=4)
DEBUG flower 2021-04-08 06:50:18,153 | numpy_client.py:172 | fit, FitIns(clock=6)
DEBUG flower 2021-04-08 06:50:18,153 | numpy_client.py:260 | cached_clock: 4, curr_clock: 6
INFO flower 2021-04-08 06:50:19,473 | numpy_client.py:205 | Cache is fresh, return FitRes(clock=6)
DEBUG flower 2021-04-08 06:50:27,228 | numpy_client.py:172 | fit, FitIns(clock=7)
DEBUG flower 2021-04-08 06:50:27,228 | numpy_client.py:260 | cached_clock: 4, curr_clock: 7
INFO flower 2021-04-08 06:50:27,229 | numpy_client.py:184 | Cache is stale, return ReadIns
DEBUG flower 2021-04-08 06:50:31,881 | numpy_client.py:228 | read: ReadRes(clock=5)
DEBUG flower 2021-04-08 06:50:31,888 | numpy_client.py:172 | fit, FitIns(clock=7)
DEBUG flower 2021-04-08 06:50:31,888 | numpy_client.py:260 | cached_clock: 5, curr_clock: 7
INFO flower 2021-04-08 06:50:33,155 | numpy_client.py:205 | Cache is fresh, return FitRes(clock=7)
DEBUG flower 2021-04-08 06:50:40,751 | numpy_client.py:172 | fit, FitIns(clock=8)
DEBUG flower 2021-04-08 06:50:40,751 | numpy_client.py:260 | cached_clock: 5, curr_clock: 8
INFO flower 2021-04-08 06:50:40,751 | numpy_client.py:184 | Cache is stale, return ReadIns
DEBUG flower 2021-04-08 06:50:45,547 | numpy_client.py:228 | read: ReadRes(clock=6)
DEBUG flower 2021-04-08 06:50:45,553 | numpy_client.py:172 | fit, FitIns(clock=8)
DEBUG flower 2021-04-08 06:50:45,553 | numpy_client.py:260 | cached_clock: 6, curr_clock: 8
INFO flower 2021-04-08 06:50:46,869 | numpy_client.py:205 | Cache is fresh, return FitRes(clock=8)
DEBUG flower 2021-04-08 06:50:54,692 | numpy_client.py:172 | fit, FitIns(clock=9)
DEBUG flower 2021-04-08 06:50:54,693 | numpy_client.py:260 | cached_clock: 6, curr_clock: 9
INFO flower 2021-04-08 06:50:54,693 | numpy_client.py:184 | Cache is stale, return ReadIns
DEBUG flower 2021-04-08 06:50:59,113 | numpy_client.py:228 | read: ReadRes(clock=7)
DEBUG flower 2021-04-08 06:50:59,121 | numpy_client.py:172 | fit, FitIns(clock=9)
DEBUG flower 2021-04-08 06:50:59,121 | numpy_client.py:260 | cached_clock: 7, curr_clock: 9
INFO flower 2021-04-08 06:51:00,451 | numpy_client.py:205 | Cache is fresh, return FitRes(clock=9)
DEBUG flower 2021-04-08 06:51:07,960 | numpy_client.py:172 | fit, FitIns(clock=10)
DEBUG flower 2021-04-08 06:51:07,960 | numpy_client.py:260 | cached_clock: 7, curr_clock: 10
INFO flower 2021-04-08 06:51:07,960 | numpy_client.py:184 | Cache is stale, return ReadIns
DEBUG flower 2021-04-08 06:51:12,576 | numpy_client.py:228 | read: ReadRes(clock=8)
DEBUG flower 2021-04-08 06:51:12,583 | numpy_client.py:172 | fit, FitIns(clock=10)
DEBUG flower 2021-04-08 06:51:12,584 | numpy_client.py:260 | cached_clock: 8, curr_clock: 10
INFO flower 2021-04-08 06:51:13,846 | numpy_client.py:205 | Cache is fresh, return FitRes(clock=10)
DEBUG flower 2021-04-08 06:51:21,203 | numpy_client.py:172 | fit, FitIns(clock=11)
DEBUG flower 2021-04-08 06:51:21,203 | numpy_client.py:260 | cached_clock: 8, curr_clock: 11
INFO flower 2021-04-08 06:51:21,203 | numpy_client.py:184 | Cache is stale, return ReadIns
DEBUG flower 2021-04-08 06:51:25,985 | numpy_client.py:228 | read: ReadRes(clock=9)
DEBUG flower 2021-04-08 06:51:25,992 | numpy_client.py:172 | fit, FitIns(clock=11)
DEBUG flower 2021-04-08 06:51:25,992 | numpy_client.py:260 | cached_clock: 9, curr_clock: 11
INFO flower 2021-04-08 06:51:27,251 | numpy_client.py:205 | Cache is fresh, return FitRes(clock=11)
DEBUG flower 2021-04-08 06:51:35,216 | numpy_client.py:172 | fit, FitIns(clock=12)
DEBUG flower 2021-04-08 06:51:35,216 | numpy_client.py:260 | cached_clock: 9, curr_clock: 12
INFO flower 2021-04-08 06:51:35,216 | numpy_client.py:184 | Cache is stale, return ReadIns
DEBUG flower 2021-04-08 06:51:40,146 | numpy_client.py:228 | read: ReadRes(clock=10)
DEBUG flower 2021-04-08 06:51:40,154 | numpy_client.py:172 | fit, FitIns(clock=12)
DEBUG flower 2021-04-08 06:51:40,154 | numpy_client.py:260 | cached_clock: 10, curr_clock: 12
INFO flower 2021-04-08 06:51:41,450 | numpy_client.py:205 | Cache is fresh, return FitRes(clock=12)
DEBUG flower 2021-04-08 06:51:48,993 | numpy_client.py:172 | fit, FitIns(clock=13)
DEBUG flower 2021-04-08 06:51:48,993 | numpy_client.py:260 | cached_clock: 10, curr_clock: 13
INFO flower 2021-04-08 06:51:48,993 | numpy_client.py:184 | Cache is stale, return ReadIns
DEBUG flower 2021-04-08 06:51:53,647 | numpy_client.py:228 | read: ReadRes(clock=11)
DEBUG flower 2021-04-08 06:51:53,654 | numpy_client.py:172 | fit, FitIns(clock=13)
DEBUG flower 2021-04-08 06:51:53,654 | numpy_client.py:260 | cached_clock: 11, curr_clock: 13
INFO flower 2021-04-08 06:51:54,955 | numpy_client.py:205 | Cache is fresh, return FitRes(clock=13)
DEBUG flower 2021-04-08 06:52:02,941 | numpy_client.py:172 | fit, FitIns(clock=14)
DEBUG flower 2021-04-08 06:52:02,941 | numpy_client.py:260 | cached_clock: 11, curr_clock: 14
INFO flower 2021-04-08 06:52:02,941 | numpy_client.py:184 | Cache is stale, return ReadIns
DEBUG flower 2021-04-08 06:52:07,546 | numpy_client.py:228 | read: ReadRes(clock=12)
DEBUG flower 2021-04-08 06:52:07,554 | numpy_client.py:172 | fit, FitIns(clock=14)
DEBUG flower 2021-04-08 06:52:07,554 | numpy_client.py:260 | cached_clock: 12, curr_clock: 14
INFO flower 2021-04-08 06:52:08,850 | numpy_client.py:205 | Cache is fresh, return FitRes(clock=14)
DEBUG flower 2021-04-08 06:52:16,503 | numpy_client.py:172 | fit, FitIns(clock=15)
DEBUG flower 2021-04-08 06:52:16,503 | numpy_client.py:260 | cached_clock: 12, curr_clock: 15
INFO flower 2021-04-08 06:52:16,503 | numpy_client.py:184 | Cache is stale, return ReadIns
DEBUG flower 2021-04-08 06:52:21,120 | numpy_client.py:228 | read: ReadRes(clock=13)
DEBUG flower 2021-04-08 06:52:21,128 | numpy_client.py:172 | fit, FitIns(clock=15)
DEBUG flower 2021-04-08 06:52:21,128 | numpy_client.py:260 | cached_clock: 13, curr_clock: 15
INFO flower 2021-04-08 06:52:22,358 | numpy_client.py:205 | Cache is fresh, return FitRes(clock=15)
DEBUG flower 2021-04-08 06:52:29,770 | numpy_client.py:172 | fit, FitIns(clock=16)
DEBUG flower 2021-04-08 06:52:29,770 | numpy_client.py:260 | cached_clock: 13, curr_clock: 16
INFO flower 2021-04-08 06:52:29,770 | numpy_client.py:184 | Cache is stale, return ReadIns
DEBUG flower 2021-04-08 06:52:34,546 | numpy_client.py:228 | read: ReadRes(clock=14)
DEBUG flower 2021-04-08 06:52:34,553 | numpy_client.py:172 | fit, FitIns(clock=16)
DEBUG flower 2021-04-08 06:52:34,554 | numpy_client.py:260 | cached_clock: 14, curr_clock: 16
INFO flower 2021-04-08 06:52:35,874 | numpy_client.py:205 | Cache is fresh, return FitRes(clock=16)
DEBUG flower 2021-04-08 06:52:43,423 | numpy_client.py:172 | fit, FitIns(clock=17)
DEBUG flower 2021-04-08 06:52:43,423 | numpy_client.py:260 | cached_clock: 14, curr_clock: 17
INFO flower 2021-04-08 06:52:43,423 | numpy_client.py:184 | Cache is stale, return ReadIns
DEBUG flower 2021-04-08 06:52:48,147 | numpy_client.py:228 | read: ReadRes(clock=15)
DEBUG flower 2021-04-08 06:52:48,154 | numpy_client.py:172 | fit, FitIns(clock=17)
DEBUG flower 2021-04-08 06:52:48,154 | numpy_client.py:260 | cached_clock: 15, curr_clock: 17
INFO flower 2021-04-08 06:52:49,483 | numpy_client.py:205 | Cache is fresh, return FitRes(clock=17)
DEBUG flower 2021-04-08 06:52:57,483 | numpy_client.py:172 | fit, FitIns(clock=18)
DEBUG flower 2021-04-08 06:52:57,484 | numpy_client.py:260 | cached_clock: 15, curr_clock: 18
INFO flower 2021-04-08 06:52:57,484 | numpy_client.py:184 | Cache is stale, return ReadIns
DEBUG flower 2021-04-08 06:53:02,247 | numpy_client.py:228 | read: ReadRes(clock=16)
DEBUG flower 2021-04-08 06:53:02,257 | numpy_client.py:172 | fit, FitIns(clock=18)
DEBUG flower 2021-04-08 06:53:02,257 | numpy_client.py:260 | cached_clock: 16, curr_clock: 18
INFO flower 2021-04-08 06:53:03,562 | numpy_client.py:205 | Cache is fresh, return FitRes(clock=18)
DEBUG flower 2021-04-08 06:53:10,998 | numpy_client.py:172 | fit, FitIns(clock=19)
DEBUG flower 2021-04-08 06:53:10,999 | numpy_client.py:260 | cached_clock: 16, curr_clock: 19
INFO flower 2021-04-08 06:53:10,999 | numpy_client.py:184 | Cache is stale, return ReadIns
DEBUG flower 2021-04-08 06:53:15,350 | numpy_client.py:228 | read: ReadRes(clock=17)
DEBUG flower 2021-04-08 06:53:15,357 | numpy_client.py:172 | fit, FitIns(clock=19)
DEBUG flower 2021-04-08 06:53:15,357 | numpy_client.py:260 | cached_clock: 17, curr_clock: 19
INFO flower 2021-04-08 06:53:16,663 | numpy_client.py:205 | Cache is fresh, return FitRes(clock=19)
DEBUG flower 2021-04-08 06:53:24,336 | numpy_client.py:172 | fit, FitIns(clock=20)
DEBUG flower 2021-04-08 06:53:24,336 | numpy_client.py:260 | cached_clock: 17, curr_clock: 20
INFO flower 2021-04-08 06:53:24,336 | numpy_client.py:184 | Cache is stale, return ReadIns
DEBUG flower 2021-04-08 06:53:28,810 | numpy_client.py:228 | read: ReadRes(clock=18)
DEBUG flower 2021-04-08 06:53:28,818 | numpy_client.py:172 | fit, FitIns(clock=20)
DEBUG flower 2021-04-08 06:53:28,818 | numpy_client.py:260 | cached_clock: 18, curr_clock: 20
INFO flower 2021-04-08 06:53:30,077 | numpy_client.py:205 | Cache is fresh, return FitRes(clock=20)
DEBUG flower 2021-04-08 06:53:37,910 | numpy_client.py:172 | fit, FitIns(clock=21)
DEBUG flower 2021-04-08 06:53:37,910 | numpy_client.py:260 | cached_clock: 18, curr_clock: 21
INFO flower 2021-04-08 06:53:37,910 | numpy_client.py:184 | Cache is stale, return ReadIns
DEBUG flower 2021-04-08 06:53:42,625 | numpy_client.py:228 | read: ReadRes(clock=19)
DEBUG flower 2021-04-08 06:53:42,633 | numpy_client.py:172 | fit, FitIns(clock=21)
DEBUG flower 2021-04-08 06:53:42,633 | numpy_client.py:260 | cached_clock: 19, curr_clock: 21
INFO flower 2021-04-08 06:53:43,954 | numpy_client.py:205 | Cache is fresh, return FitRes(clock=21)
DEBUG flower 2021-04-08 06:53:51,611 | numpy_client.py:172 | fit, FitIns(clock=22)
DEBUG flower 2021-04-08 06:53:51,611 | numpy_client.py:260 | cached_clock: 19, curr_clock: 22
INFO flower 2021-04-08 06:53:51,611 | numpy_client.py:184 | Cache is stale, return ReadIns
DEBUG flower 2021-04-08 06:53:56,523 | numpy_client.py:228 | read: ReadRes(clock=20)
DEBUG flower 2021-04-08 06:53:56,531 | numpy_client.py:172 | fit, FitIns(clock=22)
DEBUG flower 2021-04-08 06:53:56,531 | numpy_client.py:260 | cached_clock: 20, curr_clock: 22
INFO flower 2021-04-08 06:53:57,873 | numpy_client.py:205 | Cache is fresh, return FitRes(clock=22)
DEBUG flower 2021-04-08 06:54:06,145 | numpy_client.py:172 | fit, FitIns(clock=23)
DEBUG flower 2021-04-08 06:54:06,146 | numpy_client.py:260 | cached_clock: 20, curr_clock: 23
INFO flower 2021-04-08 06:54:06,146 | numpy_client.py:184 | Cache is stale, return ReadIns
DEBUG flower 2021-04-08 06:54:10,847 | numpy_client.py:228 | read: ReadRes(clock=21)
DEBUG flower 2021-04-08 06:54:10,855 | numpy_client.py:172 | fit, FitIns(clock=23)
DEBUG flower 2021-04-08 06:54:10,855 | numpy_client.py:260 | cached_clock: 21, curr_clock: 23
INFO flower 2021-04-08 06:54:12,152 | numpy_client.py:205 | Cache is fresh, return FitRes(clock=23)
DEBUG flower 2021-04-08 06:54:19,807 | numpy_client.py:172 | fit, FitIns(clock=24)
DEBUG flower 2021-04-08 06:54:19,807 | numpy_client.py:260 | cached_clock: 21, curr_clock: 24
INFO flower 2021-04-08 06:54:19,807 | numpy_client.py:184 | Cache is stale, return ReadIns
DEBUG flower 2021-04-08 06:54:24,646 | numpy_client.py:228 | read: ReadRes(clock=22)
DEBUG flower 2021-04-08 06:54:24,654 | numpy_client.py:172 | fit, FitIns(clock=24)
DEBUG flower 2021-04-08 06:54:24,654 | numpy_client.py:260 | cached_clock: 22, curr_clock: 24
INFO flower 2021-04-08 06:54:26,071 | numpy_client.py:205 | Cache is fresh, return FitRes(clock=24)
DEBUG flower 2021-04-08 06:54:33,452 | numpy_client.py:172 | fit, FitIns(clock=25)
DEBUG flower 2021-04-08 06:54:33,452 | numpy_client.py:260 | cached_clock: 22, curr_clock: 25
INFO flower 2021-04-08 06:54:33,452 | numpy_client.py:184 | Cache is stale, return ReadIns
DEBUG flower 2021-04-08 06:54:37,947 | numpy_client.py:228 | read: ReadRes(clock=23)
DEBUG flower 2021-04-08 06:54:37,954 | numpy_client.py:172 | fit, FitIns(clock=25)
DEBUG flower 2021-04-08 06:54:37,954 | numpy_client.py:260 | cached_clock: 23, curr_clock: 25
INFO flower 2021-04-08 06:54:39,252 | numpy_client.py:205 | Cache is fresh, return FitRes(clock=25)
DEBUG flower 2021-04-08 06:54:46,841 | numpy_client.py:172 | fit, FitIns(clock=26)
DEBUG flower 2021-04-08 06:54:46,841 | numpy_client.py:260 | cached_clock: 23, curr_clock: 26
INFO flower 2021-04-08 06:54:46,841 | numpy_client.py:184 | Cache is stale, return ReadIns
DEBUG flower 2021-04-08 06:54:51,824 | numpy_client.py:228 | read: ReadRes(clock=24)
DEBUG flower 2021-04-08 06:54:51,831 | numpy_client.py:172 | fit, FitIns(clock=26)
DEBUG flower 2021-04-08 06:54:51,831 | numpy_client.py:260 | cached_clock: 24, curr_clock: 26
INFO flower 2021-04-08 06:54:53,067 | numpy_client.py:205 | Cache is fresh, return FitRes(clock=26)
DEBUG flower 2021-04-08 06:55:01,286 | numpy_client.py:172 | fit, FitIns(clock=27)
DEBUG flower 2021-04-08 06:55:01,287 | numpy_client.py:260 | cached_clock: 24, curr_clock: 27
INFO flower 2021-04-08 06:55:01,287 | numpy_client.py:184 | Cache is stale, return ReadIns
DEBUG flower 2021-04-08 06:55:06,046 | numpy_client.py:228 | read: ReadRes(clock=25)
DEBUG flower 2021-04-08 06:55:06,059 | numpy_client.py:172 | fit, FitIns(clock=27)
DEBUG flower 2021-04-08 06:55:06,060 | numpy_client.py:260 | cached_clock: 25, curr_clock: 27
INFO flower 2021-04-08 06:55:07,371 | numpy_client.py:205 | Cache is fresh, return FitRes(clock=27)
DEBUG flower 2021-04-08 06:55:15,323 | numpy_client.py:172 | fit, FitIns(clock=28)
DEBUG flower 2021-04-08 06:55:15,323 | numpy_client.py:260 | cached_clock: 25, curr_clock: 28
INFO flower 2021-04-08 06:55:15,323 | numpy_client.py:184 | Cache is stale, return ReadIns
DEBUG flower 2021-04-08 06:55:19,747 | numpy_client.py:228 | read: ReadRes(clock=26)
DEBUG flower 2021-04-08 06:55:19,754 | numpy_client.py:172 | fit, FitIns(clock=28)
DEBUG flower 2021-04-08 06:55:19,754 | numpy_client.py:260 | cached_clock: 26, curr_clock: 28
INFO flower 2021-04-08 06:55:21,074 | numpy_client.py:205 | Cache is fresh, return FitRes(clock=28)
DEBUG flower 2021-04-08 06:55:28,634 | numpy_client.py:172 | fit, FitIns(clock=29)
DEBUG flower 2021-04-08 06:55:28,634 | numpy_client.py:260 | cached_clock: 26, curr_clock: 29
INFO flower 2021-04-08 06:55:28,634 | numpy_client.py:184 | Cache is stale, return ReadIns
DEBUG flower 2021-04-08 06:55:32,915 | numpy_client.py:228 | read: ReadRes(clock=27)
DEBUG flower 2021-04-08 06:55:32,923 | numpy_client.py:172 | fit, FitIns(clock=29)
DEBUG flower 2021-04-08 06:55:32,923 | numpy_client.py:260 | cached_clock: 27, curr_clock: 29
INFO flower 2021-04-08 06:55:34,261 | numpy_client.py:205 | Cache is fresh, return FitRes(clock=29)
DEBUG flower 2021-04-08 06:55:42,109 | numpy_client.py:172 | fit, FitIns(clock=30)
DEBUG flower 2021-04-08 06:55:42,110 | numpy_client.py:260 | cached_clock: 27, curr_clock: 30
INFO flower 2021-04-08 06:55:42,110 | numpy_client.py:184 | Cache is stale, return ReadIns
DEBUG flower 2021-04-08 06:55:46,847 | numpy_client.py:228 | read: ReadRes(clock=28)
DEBUG flower 2021-04-08 06:55:46,854 | numpy_client.py:172 | fit, FitIns(clock=30)
DEBUG flower 2021-04-08 06:55:46,854 | numpy_client.py:260 | cached_clock: 28, curr_clock: 30
INFO flower 2021-04-08 06:55:48,254 | numpy_client.py:205 | Cache is fresh, return FitRes(clock=30)
DEBUG flower 2021-04-08 06:55:56,057 | numpy_client.py:172 | fit, FitIns(clock=31)
DEBUG flower 2021-04-08 06:55:56,057 | numpy_client.py:260 | cached_clock: 28, curr_clock: 31
INFO flower 2021-04-08 06:55:56,057 | numpy_client.py:184 | Cache is stale, return ReadIns
DEBUG flower 2021-04-08 06:56:00,897 | numpy_client.py:228 | read: ReadRes(clock=29)
DEBUG flower 2021-04-08 06:56:00,904 | numpy_client.py:172 | fit, FitIns(clock=31)
DEBUG flower 2021-04-08 06:56:00,904 | numpy_client.py:260 | cached_clock: 29, curr_clock: 31
INFO flower 2021-04-08 06:56:02,155 | numpy_client.py:205 | Cache is fresh, return FitRes(clock=31)
DEBUG flower 2021-04-08 06:56:09,913 | numpy_client.py:172 | fit, FitIns(clock=32)
DEBUG flower 2021-04-08 06:56:09,914 | numpy_client.py:260 | cached_clock: 29, curr_clock: 32
INFO flower 2021-04-08 06:56:09,914 | numpy_client.py:184 | Cache is stale, return ReadIns
DEBUG flower 2021-04-08 06:56:14,620 | numpy_client.py:228 | read: ReadRes(clock=30)
DEBUG flower 2021-04-08 06:56:14,627 | numpy_client.py:172 | fit, FitIns(clock=32)
DEBUG flower 2021-04-08 06:56:14,628 | numpy_client.py:260 | cached_clock: 30, curr_clock: 32
INFO flower 2021-04-08 06:56:15,853 | numpy_client.py:205 | Cache is fresh, return FitRes(clock=32)
DEBUG flower 2021-04-08 06:56:23,294 | numpy_client.py:172 | fit, FitIns(clock=33)
DEBUG flower 2021-04-08 06:56:23,294 | numpy_client.py:260 | cached_clock: 30, curr_clock: 33
INFO flower 2021-04-08 06:56:23,294 | numpy_client.py:184 | Cache is stale, return ReadIns
DEBUG flower 2021-04-08 06:56:28,045 | numpy_client.py:228 | read: ReadRes(clock=31)
DEBUG flower 2021-04-08 06:56:28,052 | numpy_client.py:172 | fit, FitIns(clock=33)
DEBUG flower 2021-04-08 06:56:28,052 | numpy_client.py:260 | cached_clock: 31, curr_clock: 33
INFO flower 2021-04-08 06:56:29,445 | numpy_client.py:205 | Cache is fresh, return FitRes(clock=33)
DEBUG flower 2021-04-08 06:56:36,919 | numpy_client.py:172 | fit, FitIns(clock=34)
DEBUG flower 2021-04-08 06:56:36,919 | numpy_client.py:260 | cached_clock: 31, curr_clock: 34
INFO flower 2021-04-08 06:56:36,919 | numpy_client.py:184 | Cache is stale, return ReadIns
DEBUG flower 2021-04-08 06:56:42,012 | numpy_client.py:228 | read: ReadRes(clock=32)
DEBUG flower 2021-04-08 06:56:42,020 | numpy_client.py:172 | fit, FitIns(clock=34)
DEBUG flower 2021-04-08 06:56:42,020 | numpy_client.py:260 | cached_clock: 32, curr_clock: 34
INFO flower 2021-04-08 06:56:43,353 | numpy_client.py:205 | Cache is fresh, return FitRes(clock=34)
DEBUG flower 2021-04-08 06:56:50,834 | numpy_client.py:172 | fit, FitIns(clock=35)
DEBUG flower 2021-04-08 06:56:50,834 | numpy_client.py:260 | cached_clock: 32, curr_clock: 35
INFO flower 2021-04-08 06:56:50,834 | numpy_client.py:184 | Cache is stale, return ReadIns
DEBUG flower 2021-04-08 06:56:55,527 | numpy_client.py:228 | read: ReadRes(clock=33)
DEBUG flower 2021-04-08 06:56:55,534 | numpy_client.py:172 | fit, FitIns(clock=35)
DEBUG flower 2021-04-08 06:56:55,534 | numpy_client.py:260 | cached_clock: 33, curr_clock: 35
INFO flower 2021-04-08 06:56:56,779 | numpy_client.py:205 | Cache is fresh, return FitRes(clock=35)
DEBUG flower 2021-04-08 06:57:04,724 | numpy_client.py:172 | fit, FitIns(clock=36)
DEBUG flower 2021-04-08 06:57:04,724 | numpy_client.py:260 | cached_clock: 33, curr_clock: 36
INFO flower 2021-04-08 06:57:04,724 | numpy_client.py:184 | Cache is stale, return ReadIns
DEBUG flower 2021-04-08 06:57:09,647 | numpy_client.py:228 | read: ReadRes(clock=34)
DEBUG flower 2021-04-08 06:57:09,654 | numpy_client.py:172 | fit, FitIns(clock=36)
DEBUG flower 2021-04-08 06:57:09,654 | numpy_client.py:260 | cached_clock: 34, curr_clock: 36
INFO flower 2021-04-08 06:57:10,953 | numpy_client.py:205 | Cache is fresh, return FitRes(clock=36)
DEBUG flower 2021-04-08 06:57:18,426 | numpy_client.py:172 | fit, FitIns(clock=37)
DEBUG flower 2021-04-08 06:57:18,426 | numpy_client.py:260 | cached_clock: 34, curr_clock: 37
INFO flower 2021-04-08 06:57:18,426 | numpy_client.py:184 | Cache is stale, return ReadIns
DEBUG flower 2021-04-08 06:57:23,107 | numpy_client.py:228 | read: ReadRes(clock=35)
DEBUG flower 2021-04-08 06:57:23,115 | numpy_client.py:172 | fit, FitIns(clock=37)
DEBUG flower 2021-04-08 06:57:23,115 | numpy_client.py:260 | cached_clock: 35, curr_clock: 37
INFO flower 2021-04-08 06:57:24,469 | numpy_client.py:205 | Cache is fresh, return FitRes(clock=37)
DEBUG flower 2021-04-08 06:57:32,039 | numpy_client.py:172 | fit, FitIns(clock=38)
DEBUG flower 2021-04-08 06:57:32,039 | numpy_client.py:260 | cached_clock: 35, curr_clock: 38
INFO flower 2021-04-08 06:57:32,039 | numpy_client.py:184 | Cache is stale, return ReadIns
DEBUG flower 2021-04-08 06:57:36,560 | numpy_client.py:228 | read: ReadRes(clock=36)
DEBUG flower 2021-04-08 06:57:36,568 | numpy_client.py:172 | fit, FitIns(clock=38)
DEBUG flower 2021-04-08 06:57:36,568 | numpy_client.py:260 | cached_clock: 36, curr_clock: 38
INFO flower 2021-04-08 06:57:37,850 | numpy_client.py:205 | Cache is fresh, return FitRes(clock=38)
DEBUG flower 2021-04-08 06:57:45,511 | numpy_client.py:172 | fit, FitIns(clock=39)
DEBUG flower 2021-04-08 06:57:45,511 | numpy_client.py:260 | cached_clock: 36, curr_clock: 39
INFO flower 2021-04-08 06:57:45,511 | numpy_client.py:184 | Cache is stale, return ReadIns
DEBUG flower 2021-04-08 06:57:50,047 | numpy_client.py:228 | read: ReadRes(clock=37)
DEBUG flower 2021-04-08 06:57:50,056 | numpy_client.py:172 | fit, FitIns(clock=39)
DEBUG flower 2021-04-08 06:57:50,056 | numpy_client.py:260 | cached_clock: 37, curr_clock: 39
INFO flower 2021-04-08 06:57:51,271 | numpy_client.py:205 | Cache is fresh, return FitRes(clock=39)
DEBUG flower 2021-04-08 06:58:00,331 | numpy_client.py:172 | fit, FitIns(clock=40)
DEBUG flower 2021-04-08 06:58:00,331 | numpy_client.py:260 | cached_clock: 37, curr_clock: 40
INFO flower 2021-04-08 06:58:00,332 | numpy_client.py:184 | Cache is stale, return ReadIns
DEBUG flower 2021-04-08 06:58:05,258 | numpy_client.py:228 | read: ReadRes(clock=38)
DEBUG flower 2021-04-08 06:58:05,265 | numpy_client.py:172 | fit, FitIns(clock=40)
DEBUG flower 2021-04-08 06:58:05,265 | numpy_client.py:260 | cached_clock: 38, curr_clock: 40
INFO flower 2021-04-08 06:58:06,771 | numpy_client.py:205 | Cache is fresh, return FitRes(clock=40)
DEBUG flower 2021-04-08 06:58:14,135 | numpy_client.py:172 | fit, FitIns(clock=41)
DEBUG flower 2021-04-08 06:58:14,135 | numpy_client.py:260 | cached_clock: 38, curr_clock: 41
INFO flower 2021-04-08 06:58:14,135 | numpy_client.py:184 | Cache is stale, return ReadIns
DEBUG flower 2021-04-08 06:58:18,789 | numpy_client.py:228 | read: ReadRes(clock=39)
DEBUG flower 2021-04-08 06:58:18,848 | numpy_client.py:172 | fit, FitIns(clock=41)
DEBUG flower 2021-04-08 06:58:18,849 | numpy_client.py:260 | cached_clock: 39, curr_clock: 41
INFO flower 2021-04-08 06:58:20,151 | numpy_client.py:205 | Cache is fresh, return FitRes(clock=41)
DEBUG flower 2021-04-08 06:58:27,826 | numpy_client.py:172 | fit, FitIns(clock=42)
DEBUG flower 2021-04-08 06:58:27,826 | numpy_client.py:260 | cached_clock: 39, curr_clock: 42
INFO flower 2021-04-08 06:58:27,826 | numpy_client.py:184 | Cache is stale, return ReadIns
DEBUG flower 2021-04-08 06:58:32,336 | numpy_client.py:228 | read: ReadRes(clock=40)
DEBUG flower 2021-04-08 06:58:32,343 | numpy_client.py:172 | fit, FitIns(clock=42)
DEBUG flower 2021-04-08 06:58:32,343 | numpy_client.py:260 | cached_clock: 40, curr_clock: 42
INFO flower 2021-04-08 06:58:33,570 | numpy_client.py:205 | Cache is fresh, return FitRes(clock=42)
DEBUG flower 2021-04-08 06:58:41,532 | numpy_client.py:172 | fit, FitIns(clock=43)
DEBUG flower 2021-04-08 06:58:41,532 | numpy_client.py:260 | cached_clock: 40, curr_clock: 43
INFO flower 2021-04-08 06:58:41,532 | numpy_client.py:184 | Cache is stale, return ReadIns
DEBUG flower 2021-04-08 06:58:46,303 | numpy_client.py:228 | read: ReadRes(clock=41)
DEBUG flower 2021-04-08 06:58:46,310 | numpy_client.py:172 | fit, FitIns(clock=43)
DEBUG flower 2021-04-08 06:58:46,311 | numpy_client.py:260 | cached_clock: 41, curr_clock: 43
INFO flower 2021-04-08 06:58:47,555 | numpy_client.py:205 | Cache is fresh, return FitRes(clock=43)
DEBUG flower 2021-04-08 06:58:55,625 | numpy_client.py:172 | fit, FitIns(clock=44)
DEBUG flower 2021-04-08 06:58:55,625 | numpy_client.py:260 | cached_clock: 41, curr_clock: 44
INFO flower 2021-04-08 06:58:55,625 | numpy_client.py:184 | Cache is stale, return ReadIns
DEBUG flower 2021-04-08 06:59:00,120 | numpy_client.py:228 | read: ReadRes(clock=42)
DEBUG flower 2021-04-08 06:59:00,128 | numpy_client.py:172 | fit, FitIns(clock=44)
DEBUG flower 2021-04-08 06:59:00,128 | numpy_client.py:260 | cached_clock: 42, curr_clock: 44
INFO flower 2021-04-08 06:59:01,373 | numpy_client.py:205 | Cache is fresh, return FitRes(clock=44)
DEBUG flower 2021-04-08 06:59:09,842 | numpy_client.py:172 | fit, FitIns(clock=45)
DEBUG flower 2021-04-08 06:59:09,842 | numpy_client.py:260 | cached_clock: 42, curr_clock: 45
INFO flower 2021-04-08 06:59:09,843 | numpy_client.py:184 | Cache is stale, return ReadIns
DEBUG flower 2021-04-08 06:59:14,584 | numpy_client.py:228 | read: ReadRes(clock=43)
DEBUG flower 2021-04-08 06:59:14,591 | numpy_client.py:172 | fit, FitIns(clock=45)
DEBUG flower 2021-04-08 06:59:14,591 | numpy_client.py:260 | cached_clock: 43, curr_clock: 45
INFO flower 2021-04-08 06:59:15,787 | numpy_client.py:205 | Cache is fresh, return FitRes(clock=45)
DEBUG flower 2021-04-08 06:59:23,583 | numpy_client.py:172 | fit, FitIns(clock=46)
DEBUG flower 2021-04-08 06:59:23,583 | numpy_client.py:260 | cached_clock: 43, curr_clock: 46
INFO flower 2021-04-08 06:59:23,583 | numpy_client.py:184 | Cache is stale, return ReadIns
DEBUG flower 2021-04-08 06:59:28,246 | numpy_client.py:228 | read: ReadRes(clock=44)
DEBUG flower 2021-04-08 06:59:28,254 | numpy_client.py:172 | fit, FitIns(clock=46)
DEBUG flower 2021-04-08 06:59:28,254 | numpy_client.py:260 | cached_clock: 44, curr_clock: 46
INFO flower 2021-04-08 06:59:29,551 | numpy_client.py:205 | Cache is fresh, return FitRes(clock=46)
DEBUG flower 2021-04-08 06:59:37,476 | numpy_client.py:172 | fit, FitIns(clock=47)
DEBUG flower 2021-04-08 06:59:37,477 | numpy_client.py:260 | cached_clock: 44, curr_clock: 47
INFO flower 2021-04-08 06:59:37,477 | numpy_client.py:184 | Cache is stale, return ReadIns
DEBUG flower 2021-04-08 06:59:42,546 | numpy_client.py:228 | read: ReadRes(clock=45)
DEBUG flower 2021-04-08 06:59:42,553 | numpy_client.py:172 | fit, FitIns(clock=47)
DEBUG flower 2021-04-08 06:59:42,554 | numpy_client.py:260 | cached_clock: 45, curr_clock: 47
INFO flower 2021-04-08 06:59:43,853 | numpy_client.py:205 | Cache is fresh, return FitRes(clock=47)
DEBUG flower 2021-04-08 06:59:50,668 | numpy_client.py:172 | fit, FitIns(clock=48)
DEBUG flower 2021-04-08 06:59:50,668 | numpy_client.py:260 | cached_clock: 45, curr_clock: 48
INFO flower 2021-04-08 06:59:50,669 | numpy_client.py:184 | Cache is stale, return ReadIns
DEBUG flower 2021-04-08 06:59:55,411 | numpy_client.py:228 | read: ReadRes(clock=46)
DEBUG flower 2021-04-08 06:59:55,419 | numpy_client.py:172 | fit, FitIns(clock=48)
DEBUG flower 2021-04-08 06:59:55,419 | numpy_client.py:260 | cached_clock: 46, curr_clock: 48
INFO flower 2021-04-08 06:59:56,657 | numpy_client.py:205 | Cache is fresh, return FitRes(clock=48)
DEBUG flower 2021-04-08 07:00:04,453 | numpy_client.py:172 | fit, FitIns(clock=49)
DEBUG flower 2021-04-08 07:00:04,454 | numpy_client.py:260 | cached_clock: 46, curr_clock: 49
INFO flower 2021-04-08 07:00:04,454 | numpy_client.py:184 | Cache is stale, return ReadIns
DEBUG flower 2021-04-08 07:00:09,347 | numpy_client.py:228 | read: ReadRes(clock=47)
DEBUG flower 2021-04-08 07:00:09,355 | numpy_client.py:172 | fit, FitIns(clock=49)
DEBUG flower 2021-04-08 07:00:09,355 | numpy_client.py:260 | cached_clock: 47, curr_clock: 49
INFO flower 2021-04-08 07:00:10,589 | numpy_client.py:205 | Cache is fresh, return FitRes(clock=49)
DEBUG flower 2021-04-08 07:00:10,645 | numpy_client.py:217 | The client finishes computing after 653 seconds
INFO flower 2021-04-08 07:00:54,869 | numpy_client.py:250 | [32;1m Loss: 49.662, Accuracy: 11.897%[0m
DEBUG flower 2021-04-08 07:00:56,416 | connection.py:68 | Insecure gRPC channel closed
INFO flower 2021-04-08 07:00:56,417 | app.py:74 | Disconnect and shut down
Namespace(idx=13, max_delay=0, min_delay=0, num_clients=31, server_ip='10.244.29.27:8080', staleness_bound=2)
I'm client 13
Start SSP client without delay
Files already downloaded and verified
Files already downloaded and verified
[32;1mClient 13: 819 train samples, 311 test samples[0m
loss=59.743003845214844, acc=0.09735576923076923
loss=59.074859619140625, acc=0.19591346153846154
loss=60.603657245635986, acc=0.028846153846153848
loss=57.47741460800171, acc=0.19591346153846154
loss=60.46834087371826, acc=0.19591346153846154
loss=60.81142234802246, acc=0.2247596153846154
loss=61.70595192909241, acc=0.2091346153846154
loss=61.87062621116638, acc=0.21995192307692307
loss=66.18472242355347, acc=0.22235576923076922
loss=63.44431781768799, acc=0.23918269230769232
loss=65.36186647415161, acc=0.24639423076923078
loss=63.220237493515015, acc=0.24759615384615385
loss=77.69201731681824, acc=0.18870192307692307
loss=82.97695112228394, acc=0.18389423076923078
loss=83.23558163642883, acc=0.16947115384615385
loss=60.8083621263504, acc=0.2608173076923077
loss=66.86214804649353, acc=0.18509615384615385
loss=79.7711763381958, acc=0.17668269230769232
loss=59.72041630744934, acc=0.28966346153846156
loss=60.63842332363129, acc=0.34134615384615385
loss=61.9024304151535, acc=0.34375
loss=62.16589915752411, acc=0.36899038461538464
loss=61.89974534511566, acc=0.38100961538461536
loss=65.30469751358032, acc=0.21394230769230768
loss=60.97622752189636, acc=0.3918269230769231
loss=68.62220120429993, acc=0.22355769230769232
loss=62.18481123447418, acc=0.3641826923076923
loss=64.15617048740387, acc=0.3894230769230769
loss=66.0180743932724, acc=0.21634615384615385
loss=61.899651527404785, acc=0.40865384615384615
loss=64.59184682369232, acc=0.41225961538461536
loss=67.10346531867981, acc=0.22596153846153846
loss=78.02549743652344, acc=0.21754807692307693
loss=61.58785283565521, acc=0.4326923076923077
loss=64.96359157562256, acc=0.4338942307692308
loss=64.35687148571014, acc=0.46274038461538464
loss=67.18270266056061, acc=0.45552884615384615
loss=66.78416311740875, acc=0.47115384615384615
loss=67.42181634902954, acc=0.4699519230769231
loss=67.54625844955444, acc=0.47836538461538464
loss=68.20939469337463, acc=0.45552884615384615
loss=69.99671983718872, acc=0.265625
loss=74.19303786754608, acc=0.27283653846153844
loss=75.78179705142975, acc=0.2848557692307692
loss=61.47543251514435, acc=0.4699519230769231
loss=72.81059682369232, acc=0.2668269230769231
loss=74.26373159885406, acc=0.2980769230769231
loss=59.59632134437561, acc=0.47115384615384615
loss=62.0990092754364, acc=0.49278846153846156
loss=63.60306000709534, acc=0.4639423076923077
Files already downloaded and verified
Files already downloaded and verified
Testing on full test set: 313, 1137.2075216770172, 0.2733
Testing on partial test set: 10, 49.662142753601074, 0.1189710610932476
