DEBUG flower 2021-04-08 06:49:06,782 | connection.py:36 | ChannelConnectivity.IDLE
DEBUG flower 2021-04-08 06:49:06,842 | connection.py:36 | ChannelConnectivity.CONNECTING
INFO flower 2021-04-08 06:49:06,842 | app.py:63 | Opened (insecure) gRPC connection
DEBUG flower 2021-04-08 06:49:06,843 | connection.py:36 | ChannelConnectivity.READY
DEBUG flower 2021-04-08 06:49:17,349 | numpy_client.py:172 | fit, FitIns(clock=0)
INFO flower 2021-04-08 06:49:17,349 | numpy_client.py:184 | Cache is stale, return ReadIns
DEBUG flower 2021-04-08 06:49:17,537 | numpy_client.py:228 | read: ReadRes(clock=-1)
DEBUG flower 2021-04-08 06:49:17,555 | numpy_client.py:172 | fit, FitIns(clock=0)
DEBUG flower 2021-04-08 06:49:17,555 | numpy_client.py:260 | cached_clock: -1, curr_clock: 0
INFO flower 2021-04-08 06:49:21,088 | numpy_client.py:205 | Cache is fresh, return FitRes(clock=0)
DEBUG flower 2021-04-08 06:49:21,165 | numpy_client.py:172 | fit, FitIns(clock=1)
DEBUG flower 2021-04-08 06:49:21,165 | numpy_client.py:260 | cached_clock: -1, curr_clock: 1
INFO flower 2021-04-08 06:49:24,785 | numpy_client.py:205 | Cache is fresh, return FitRes(clock=1)
DEBUG flower 2021-04-08 06:49:32,142 | numpy_client.py:172 | fit, FitIns(clock=2)
DEBUG flower 2021-04-08 06:49:32,143 | numpy_client.py:260 | cached_clock: -1, curr_clock: 2
INFO flower 2021-04-08 06:49:32,143 | numpy_client.py:184 | Cache is stale, return ReadIns
DEBUG flower 2021-04-08 06:49:32,162 | numpy_client.py:228 | read: ReadRes(clock=0)
DEBUG flower 2021-04-08 06:49:32,169 | numpy_client.py:172 | fit, FitIns(clock=2)
DEBUG flower 2021-04-08 06:49:32,169 | numpy_client.py:260 | cached_clock: 0, curr_clock: 2
INFO flower 2021-04-08 06:49:35,657 | numpy_client.py:205 | Cache is fresh, return FitRes(clock=2)
DEBUG flower 2021-04-08 06:49:35,710 | numpy_client.py:172 | fit, FitIns(clock=3)
DEBUG flower 2021-04-08 06:49:35,710 | numpy_client.py:260 | cached_clock: 0, curr_clock: 3
INFO flower 2021-04-08 06:49:35,711 | numpy_client.py:184 | Cache is stale, return ReadIns
DEBUG flower 2021-04-08 06:49:37,142 | numpy_client.py:228 | read: ReadRes(clock=1)
DEBUG flower 2021-04-08 06:49:37,150 | numpy_client.py:172 | fit, FitIns(clock=3)
DEBUG flower 2021-04-08 06:49:37,150 | numpy_client.py:260 | cached_clock: 1, curr_clock: 3
INFO flower 2021-04-08 06:49:40,677 | numpy_client.py:205 | Cache is fresh, return FitRes(clock=3)
DEBUG flower 2021-04-08 06:49:46,483 | numpy_client.py:172 | fit, FitIns(clock=4)
DEBUG flower 2021-04-08 06:49:46,484 | numpy_client.py:260 | cached_clock: 1, curr_clock: 4
INFO flower 2021-04-08 06:49:46,484 | numpy_client.py:184 | Cache is stale, return ReadIns
DEBUG flower 2021-04-08 06:49:51,032 | numpy_client.py:228 | read: ReadRes(clock=2)
DEBUG flower 2021-04-08 06:49:51,040 | numpy_client.py:172 | fit, FitIns(clock=4)
DEBUG flower 2021-04-08 06:49:51,040 | numpy_client.py:260 | cached_clock: 2, curr_clock: 4
INFO flower 2021-04-08 06:49:54,674 | numpy_client.py:205 | Cache is fresh, return FitRes(clock=4)
DEBUG flower 2021-04-08 06:49:59,822 | numpy_client.py:172 | fit, FitIns(clock=5)
DEBUG flower 2021-04-08 06:49:59,822 | numpy_client.py:260 | cached_clock: 2, curr_clock: 5
INFO flower 2021-04-08 06:49:59,823 | numpy_client.py:184 | Cache is stale, return ReadIns
DEBUG flower 2021-04-08 06:50:04,290 | numpy_client.py:228 | read: ReadRes(clock=3)
DEBUG flower 2021-04-08 06:50:04,298 | numpy_client.py:172 | fit, FitIns(clock=5)
DEBUG flower 2021-04-08 06:50:04,298 | numpy_client.py:260 | cached_clock: 3, curr_clock: 5
INFO flower 2021-04-08 06:50:07,877 | numpy_client.py:205 | Cache is fresh, return FitRes(clock=5)
DEBUG flower 2021-04-08 06:50:13,682 | numpy_client.py:172 | fit, FitIns(clock=6)
DEBUG flower 2021-04-08 06:50:13,682 | numpy_client.py:260 | cached_clock: 3, curr_clock: 6
INFO flower 2021-04-08 06:50:13,682 | numpy_client.py:184 | Cache is stale, return ReadIns
DEBUG flower 2021-04-08 06:50:18,147 | numpy_client.py:228 | read: ReadRes(clock=4)
DEBUG flower 2021-04-08 06:50:18,155 | numpy_client.py:172 | fit, FitIns(clock=6)
DEBUG flower 2021-04-08 06:50:18,155 | numpy_client.py:260 | cached_clock: 4, curr_clock: 6
INFO flower 2021-04-08 06:50:21,857 | numpy_client.py:205 | Cache is fresh, return FitRes(clock=6)
DEBUG flower 2021-04-08 06:50:27,459 | numpy_client.py:172 | fit, FitIns(clock=7)
DEBUG flower 2021-04-08 06:50:27,459 | numpy_client.py:260 | cached_clock: 4, curr_clock: 7
INFO flower 2021-04-08 06:50:27,459 | numpy_client.py:184 | Cache is stale, return ReadIns
DEBUG flower 2021-04-08 06:50:31,947 | numpy_client.py:228 | read: ReadRes(clock=5)
DEBUG flower 2021-04-08 06:50:31,954 | numpy_client.py:172 | fit, FitIns(clock=7)
DEBUG flower 2021-04-08 06:50:31,954 | numpy_client.py:260 | cached_clock: 5, curr_clock: 7
INFO flower 2021-04-08 06:50:35,553 | numpy_client.py:205 | Cache is fresh, return FitRes(clock=7)
DEBUG flower 2021-04-08 06:50:41,010 | numpy_client.py:172 | fit, FitIns(clock=8)
DEBUG flower 2021-04-08 06:50:41,010 | numpy_client.py:260 | cached_clock: 5, curr_clock: 8
INFO flower 2021-04-08 06:50:41,010 | numpy_client.py:184 | Cache is stale, return ReadIns
DEBUG flower 2021-04-08 06:50:45,543 | numpy_client.py:228 | read: ReadRes(clock=6)
DEBUG flower 2021-04-08 06:50:45,551 | numpy_client.py:172 | fit, FitIns(clock=8)
DEBUG flower 2021-04-08 06:50:45,551 | numpy_client.py:260 | cached_clock: 6, curr_clock: 8
INFO flower 2021-04-08 06:50:49,056 | numpy_client.py:205 | Cache is fresh, return FitRes(clock=8)
DEBUG flower 2021-04-08 06:50:54,887 | numpy_client.py:172 | fit, FitIns(clock=9)
DEBUG flower 2021-04-08 06:50:54,887 | numpy_client.py:260 | cached_clock: 6, curr_clock: 9
INFO flower 2021-04-08 06:50:54,887 | numpy_client.py:184 | Cache is stale, return ReadIns
DEBUG flower 2021-04-08 06:50:59,343 | numpy_client.py:228 | read: ReadRes(clock=7)
DEBUG flower 2021-04-08 06:50:59,353 | numpy_client.py:172 | fit, FitIns(clock=9)
DEBUG flower 2021-04-08 06:50:59,354 | numpy_client.py:260 | cached_clock: 7, curr_clock: 9
INFO flower 2021-04-08 06:51:02,955 | numpy_client.py:205 | Cache is fresh, return FitRes(clock=9)
DEBUG flower 2021-04-08 06:51:08,225 | numpy_client.py:172 | fit, FitIns(clock=10)
DEBUG flower 2021-04-08 06:51:08,225 | numpy_client.py:260 | cached_clock: 7, curr_clock: 10
INFO flower 2021-04-08 06:51:08,225 | numpy_client.py:184 | Cache is stale, return ReadIns
DEBUG flower 2021-04-08 06:51:12,529 | numpy_client.py:228 | read: ReadRes(clock=8)
DEBUG flower 2021-04-08 06:51:12,536 | numpy_client.py:172 | fit, FitIns(clock=10)
DEBUG flower 2021-04-08 06:51:12,536 | numpy_client.py:260 | cached_clock: 8, curr_clock: 10
INFO flower 2021-04-08 06:51:16,178 | numpy_client.py:205 | Cache is fresh, return FitRes(clock=10)
DEBUG flower 2021-04-08 06:51:21,394 | numpy_client.py:172 | fit, FitIns(clock=11)
DEBUG flower 2021-04-08 06:51:21,394 | numpy_client.py:260 | cached_clock: 8, curr_clock: 11
INFO flower 2021-04-08 06:51:21,395 | numpy_client.py:184 | Cache is stale, return ReadIns
DEBUG flower 2021-04-08 06:51:26,022 | numpy_client.py:228 | read: ReadRes(clock=9)
DEBUG flower 2021-04-08 06:51:26,029 | numpy_client.py:172 | fit, FitIns(clock=11)
DEBUG flower 2021-04-08 06:51:26,029 | numpy_client.py:260 | cached_clock: 9, curr_clock: 11
INFO flower 2021-04-08 06:51:29,651 | numpy_client.py:205 | Cache is fresh, return FitRes(clock=11)
DEBUG flower 2021-04-08 06:51:35,447 | numpy_client.py:172 | fit, FitIns(clock=12)
DEBUG flower 2021-04-08 06:51:35,448 | numpy_client.py:260 | cached_clock: 9, curr_clock: 12
INFO flower 2021-04-08 06:51:35,448 | numpy_client.py:184 | Cache is stale, return ReadIns
DEBUG flower 2021-04-08 06:51:40,143 | numpy_client.py:228 | read: ReadRes(clock=10)
DEBUG flower 2021-04-08 06:51:40,150 | numpy_client.py:172 | fit, FitIns(clock=12)
DEBUG flower 2021-04-08 06:51:40,151 | numpy_client.py:260 | cached_clock: 10, curr_clock: 12
INFO flower 2021-04-08 06:51:43,777 | numpy_client.py:205 | Cache is fresh, return FitRes(clock=12)
DEBUG flower 2021-04-08 06:51:49,221 | numpy_client.py:172 | fit, FitIns(clock=13)
DEBUG flower 2021-04-08 06:51:49,221 | numpy_client.py:260 | cached_clock: 10, curr_clock: 13
INFO flower 2021-04-08 06:51:49,222 | numpy_client.py:184 | Cache is stale, return ReadIns
DEBUG flower 2021-04-08 06:51:53,645 | numpy_client.py:228 | read: ReadRes(clock=11)
DEBUG flower 2021-04-08 06:51:53,653 | numpy_client.py:172 | fit, FitIns(clock=13)
DEBUG flower 2021-04-08 06:51:53,653 | numpy_client.py:260 | cached_clock: 11, curr_clock: 13
INFO flower 2021-04-08 06:51:57,372 | numpy_client.py:205 | Cache is fresh, return FitRes(clock=13)
DEBUG flower 2021-04-08 06:52:03,161 | numpy_client.py:172 | fit, FitIns(clock=14)
DEBUG flower 2021-04-08 06:52:03,161 | numpy_client.py:260 | cached_clock: 11, curr_clock: 14
INFO flower 2021-04-08 06:52:03,162 | numpy_client.py:184 | Cache is stale, return ReadIns
DEBUG flower 2021-04-08 06:52:07,505 | numpy_client.py:228 | read: ReadRes(clock=12)
DEBUG flower 2021-04-08 06:52:07,513 | numpy_client.py:172 | fit, FitIns(clock=14)
DEBUG flower 2021-04-08 06:52:07,513 | numpy_client.py:260 | cached_clock: 12, curr_clock: 14
INFO flower 2021-04-08 06:52:11,157 | numpy_client.py:205 | Cache is fresh, return FitRes(clock=14)
DEBUG flower 2021-04-08 06:52:16,731 | numpy_client.py:172 | fit, FitIns(clock=15)
DEBUG flower 2021-04-08 06:52:16,732 | numpy_client.py:260 | cached_clock: 12, curr_clock: 15
INFO flower 2021-04-08 06:52:16,732 | numpy_client.py:184 | Cache is stale, return ReadIns
DEBUG flower 2021-04-08 06:52:21,243 | numpy_client.py:228 | read: ReadRes(clock=13)
DEBUG flower 2021-04-08 06:52:21,251 | numpy_client.py:172 | fit, FitIns(clock=15)
DEBUG flower 2021-04-08 06:52:21,251 | numpy_client.py:260 | cached_clock: 13, curr_clock: 15
INFO flower 2021-04-08 06:52:25,052 | numpy_client.py:205 | Cache is fresh, return FitRes(clock=15)
DEBUG flower 2021-04-08 06:52:30,078 | numpy_client.py:172 | fit, FitIns(clock=16)
DEBUG flower 2021-04-08 06:52:30,078 | numpy_client.py:260 | cached_clock: 13, curr_clock: 16
INFO flower 2021-04-08 06:52:30,078 | numpy_client.py:184 | Cache is stale, return ReadIns
DEBUG flower 2021-04-08 06:52:34,555 | numpy_client.py:228 | read: ReadRes(clock=14)
DEBUG flower 2021-04-08 06:52:34,563 | numpy_client.py:172 | fit, FitIns(clock=16)
DEBUG flower 2021-04-08 06:52:34,563 | numpy_client.py:260 | cached_clock: 14, curr_clock: 16
INFO flower 2021-04-08 06:52:38,264 | numpy_client.py:205 | Cache is fresh, return FitRes(clock=16)
DEBUG flower 2021-04-08 06:52:43,638 | numpy_client.py:172 | fit, FitIns(clock=17)
DEBUG flower 2021-04-08 06:52:43,638 | numpy_client.py:260 | cached_clock: 14, curr_clock: 17
INFO flower 2021-04-08 06:52:43,638 | numpy_client.py:184 | Cache is stale, return ReadIns
DEBUG flower 2021-04-08 06:52:48,006 | numpy_client.py:228 | read: ReadRes(clock=15)
DEBUG flower 2021-04-08 06:52:48,019 | numpy_client.py:172 | fit, FitIns(clock=17)
DEBUG flower 2021-04-08 06:52:48,019 | numpy_client.py:260 | cached_clock: 15, curr_clock: 17
INFO flower 2021-04-08 06:52:51,450 | numpy_client.py:205 | Cache is fresh, return FitRes(clock=17)
DEBUG flower 2021-04-08 06:52:57,694 | numpy_client.py:172 | fit, FitIns(clock=18)
DEBUG flower 2021-04-08 06:52:57,695 | numpy_client.py:260 | cached_clock: 15, curr_clock: 18
INFO flower 2021-04-08 06:52:57,695 | numpy_client.py:184 | Cache is stale, return ReadIns
DEBUG flower 2021-04-08 06:53:02,230 | numpy_client.py:228 | read: ReadRes(clock=16)
DEBUG flower 2021-04-08 06:53:02,237 | numpy_client.py:172 | fit, FitIns(clock=18)
DEBUG flower 2021-04-08 06:53:02,238 | numpy_client.py:260 | cached_clock: 16, curr_clock: 18
INFO flower 2021-04-08 06:53:05,771 | numpy_client.py:205 | Cache is fresh, return FitRes(clock=18)
DEBUG flower 2021-04-08 06:53:11,211 | numpy_client.py:172 | fit, FitIns(clock=19)
DEBUG flower 2021-04-08 06:53:11,211 | numpy_client.py:260 | cached_clock: 16, curr_clock: 19
INFO flower 2021-04-08 06:53:11,211 | numpy_client.py:184 | Cache is stale, return ReadIns
DEBUG flower 2021-04-08 06:53:15,449 | numpy_client.py:228 | read: ReadRes(clock=17)
DEBUG flower 2021-04-08 06:53:15,457 | numpy_client.py:172 | fit, FitIns(clock=19)
DEBUG flower 2021-04-08 06:53:15,457 | numpy_client.py:260 | cached_clock: 17, curr_clock: 19
INFO flower 2021-04-08 06:53:18,856 | numpy_client.py:205 | Cache is fresh, return FitRes(clock=19)
DEBUG flower 2021-04-08 06:53:24,516 | numpy_client.py:172 | fit, FitIns(clock=20)
DEBUG flower 2021-04-08 06:53:24,516 | numpy_client.py:260 | cached_clock: 17, curr_clock: 20
INFO flower 2021-04-08 06:53:24,516 | numpy_client.py:184 | Cache is stale, return ReadIns
DEBUG flower 2021-04-08 06:53:28,848 | numpy_client.py:228 | read: ReadRes(clock=18)
DEBUG flower 2021-04-08 06:53:28,855 | numpy_client.py:172 | fit, FitIns(clock=20)
DEBUG flower 2021-04-08 06:53:28,856 | numpy_client.py:260 | cached_clock: 18, curr_clock: 20
INFO flower 2021-04-08 06:53:32,277 | numpy_client.py:205 | Cache is fresh, return FitRes(clock=20)
DEBUG flower 2021-04-08 06:53:38,122 | numpy_client.py:172 | fit, FitIns(clock=21)
DEBUG flower 2021-04-08 06:53:38,123 | numpy_client.py:260 | cached_clock: 18, curr_clock: 21
INFO flower 2021-04-08 06:53:38,123 | numpy_client.py:184 | Cache is stale, return ReadIns
DEBUG flower 2021-04-08 06:53:42,843 | numpy_client.py:228 | read: ReadRes(clock=19)
DEBUG flower 2021-04-08 06:53:42,850 | numpy_client.py:172 | fit, FitIns(clock=21)
DEBUG flower 2021-04-08 06:53:42,850 | numpy_client.py:260 | cached_clock: 19, curr_clock: 21
INFO flower 2021-04-08 06:53:46,462 | numpy_client.py:205 | Cache is fresh, return FitRes(clock=21)
DEBUG flower 2021-04-08 06:53:51,837 | numpy_client.py:172 | fit, FitIns(clock=22)
DEBUG flower 2021-04-08 06:53:51,837 | numpy_client.py:260 | cached_clock: 19, curr_clock: 22
INFO flower 2021-04-08 06:53:51,837 | numpy_client.py:184 | Cache is stale, return ReadIns
DEBUG flower 2021-04-08 06:53:56,544 | numpy_client.py:228 | read: ReadRes(clock=20)
DEBUG flower 2021-04-08 06:53:56,552 | numpy_client.py:172 | fit, FitIns(clock=22)
DEBUG flower 2021-04-08 06:53:56,552 | numpy_client.py:260 | cached_clock: 20, curr_clock: 22
INFO flower 2021-04-08 06:54:00,055 | numpy_client.py:205 | Cache is fresh, return FitRes(clock=22)
DEBUG flower 2021-04-08 06:54:06,350 | numpy_client.py:172 | fit, FitIns(clock=23)
DEBUG flower 2021-04-08 06:54:06,350 | numpy_client.py:260 | cached_clock: 20, curr_clock: 23
INFO flower 2021-04-08 06:54:06,350 | numpy_client.py:184 | Cache is stale, return ReadIns
DEBUG flower 2021-04-08 06:54:10,847 | numpy_client.py:228 | read: ReadRes(clock=21)
DEBUG flower 2021-04-08 06:54:10,855 | numpy_client.py:172 | fit, FitIns(clock=23)
DEBUG flower 2021-04-08 06:54:10,855 | numpy_client.py:260 | cached_clock: 21, curr_clock: 23
INFO flower 2021-04-08 06:54:14,378 | numpy_client.py:205 | Cache is fresh, return FitRes(clock=23)
DEBUG flower 2021-04-08 06:54:20,050 | numpy_client.py:172 | fit, FitIns(clock=24)
DEBUG flower 2021-04-08 06:54:20,050 | numpy_client.py:260 | cached_clock: 21, curr_clock: 24
INFO flower 2021-04-08 06:54:20,051 | numpy_client.py:184 | Cache is stale, return ReadIns
DEBUG flower 2021-04-08 06:54:24,645 | numpy_client.py:228 | read: ReadRes(clock=22)
DEBUG flower 2021-04-08 06:54:24,653 | numpy_client.py:172 | fit, FitIns(clock=24)
DEBUG flower 2021-04-08 06:54:24,653 | numpy_client.py:260 | cached_clock: 22, curr_clock: 24
INFO flower 2021-04-08 06:54:28,246 | numpy_client.py:205 | Cache is fresh, return FitRes(clock=24)
DEBUG flower 2021-04-08 06:54:33,664 | numpy_client.py:172 | fit, FitIns(clock=25)
DEBUG flower 2021-04-08 06:54:33,665 | numpy_client.py:260 | cached_clock: 22, curr_clock: 25
INFO flower 2021-04-08 06:54:33,665 | numpy_client.py:184 | Cache is stale, return ReadIns
DEBUG flower 2021-04-08 06:54:37,950 | numpy_client.py:228 | read: ReadRes(clock=23)
DEBUG flower 2021-04-08 06:54:37,957 | numpy_client.py:172 | fit, FitIns(clock=25)
DEBUG flower 2021-04-08 06:54:37,957 | numpy_client.py:260 | cached_clock: 23, curr_clock: 25
INFO flower 2021-04-08 06:54:41,376 | numpy_client.py:205 | Cache is fresh, return FitRes(clock=25)
DEBUG flower 2021-04-08 06:54:47,023 | numpy_client.py:172 | fit, FitIns(clock=26)
DEBUG flower 2021-04-08 06:54:47,023 | numpy_client.py:260 | cached_clock: 23, curr_clock: 26
INFO flower 2021-04-08 06:54:47,023 | numpy_client.py:184 | Cache is stale, return ReadIns
DEBUG flower 2021-04-08 06:54:51,753 | numpy_client.py:228 | read: ReadRes(clock=24)
DEBUG flower 2021-04-08 06:54:51,760 | numpy_client.py:172 | fit, FitIns(clock=26)
DEBUG flower 2021-04-08 06:54:51,761 | numpy_client.py:260 | cached_clock: 24, curr_clock: 26
INFO flower 2021-04-08 06:54:55,478 | numpy_client.py:205 | Cache is fresh, return FitRes(clock=26)
DEBUG flower 2021-04-08 06:55:01,541 | numpy_client.py:172 | fit, FitIns(clock=27)
DEBUG flower 2021-04-08 06:55:01,541 | numpy_client.py:260 | cached_clock: 24, curr_clock: 27
INFO flower 2021-04-08 06:55:01,541 | numpy_client.py:184 | Cache is stale, return ReadIns
DEBUG flower 2021-04-08 06:55:06,008 | numpy_client.py:228 | read: ReadRes(clock=25)
DEBUG flower 2021-04-08 06:55:06,016 | numpy_client.py:172 | fit, FitIns(clock=27)
DEBUG flower 2021-04-08 06:55:06,016 | numpy_client.py:260 | cached_clock: 25, curr_clock: 27
INFO flower 2021-04-08 06:55:09,576 | numpy_client.py:205 | Cache is fresh, return FitRes(clock=27)
DEBUG flower 2021-04-08 06:55:15,488 | numpy_client.py:172 | fit, FitIns(clock=28)
DEBUG flower 2021-04-08 06:55:15,488 | numpy_client.py:260 | cached_clock: 25, curr_clock: 28
INFO flower 2021-04-08 06:55:15,489 | numpy_client.py:184 | Cache is stale, return ReadIns
DEBUG flower 2021-04-08 06:55:19,743 | numpy_client.py:228 | read: ReadRes(clock=26)
DEBUG flower 2021-04-08 06:55:19,750 | numpy_client.py:172 | fit, FitIns(clock=28)
DEBUG flower 2021-04-08 06:55:19,750 | numpy_client.py:260 | cached_clock: 26, curr_clock: 28
INFO flower 2021-04-08 06:55:23,356 | numpy_client.py:205 | Cache is fresh, return FitRes(clock=28)
DEBUG flower 2021-04-08 06:55:28,851 | numpy_client.py:172 | fit, FitIns(clock=29)
DEBUG flower 2021-04-08 06:55:28,852 | numpy_client.py:260 | cached_clock: 26, curr_clock: 29
INFO flower 2021-04-08 06:55:28,852 | numpy_client.py:184 | Cache is stale, return ReadIns
DEBUG flower 2021-04-08 06:55:33,143 | numpy_client.py:228 | read: ReadRes(clock=27)
DEBUG flower 2021-04-08 06:55:33,150 | numpy_client.py:172 | fit, FitIns(clock=29)
DEBUG flower 2021-04-08 06:55:33,151 | numpy_client.py:260 | cached_clock: 27, curr_clock: 29
INFO flower 2021-04-08 06:55:36,857 | numpy_client.py:205 | Cache is fresh, return FitRes(clock=29)
DEBUG flower 2021-04-08 06:55:42,333 | numpy_client.py:172 | fit, FitIns(clock=30)
DEBUG flower 2021-04-08 06:55:42,333 | numpy_client.py:260 | cached_clock: 27, curr_clock: 30
INFO flower 2021-04-08 06:55:42,334 | numpy_client.py:184 | Cache is stale, return ReadIns
DEBUG flower 2021-04-08 06:55:46,714 | numpy_client.py:228 | read: ReadRes(clock=28)
DEBUG flower 2021-04-08 06:55:46,722 | numpy_client.py:172 | fit, FitIns(clock=30)
DEBUG flower 2021-04-08 06:55:46,722 | numpy_client.py:260 | cached_clock: 28, curr_clock: 30
INFO flower 2021-04-08 06:55:50,176 | numpy_client.py:205 | Cache is fresh, return FitRes(clock=30)
DEBUG flower 2021-04-08 06:55:56,204 | numpy_client.py:172 | fit, FitIns(clock=31)
DEBUG flower 2021-04-08 06:55:56,204 | numpy_client.py:260 | cached_clock: 28, curr_clock: 31
INFO flower 2021-04-08 06:55:56,204 | numpy_client.py:184 | Cache is stale, return ReadIns
DEBUG flower 2021-04-08 06:56:00,914 | numpy_client.py:228 | read: ReadRes(clock=29)
DEBUG flower 2021-04-08 06:56:00,921 | numpy_client.py:172 | fit, FitIns(clock=31)
DEBUG flower 2021-04-08 06:56:00,921 | numpy_client.py:260 | cached_clock: 29, curr_clock: 31
INFO flower 2021-04-08 06:56:04,454 | numpy_client.py:205 | Cache is fresh, return FitRes(clock=31)
DEBUG flower 2021-04-08 06:56:10,168 | numpy_client.py:172 | fit, FitIns(clock=32)
DEBUG flower 2021-04-08 06:56:10,168 | numpy_client.py:260 | cached_clock: 29, curr_clock: 32
INFO flower 2021-04-08 06:56:10,168 | numpy_client.py:184 | Cache is stale, return ReadIns
DEBUG flower 2021-04-08 06:56:14,631 | numpy_client.py:228 | read: ReadRes(clock=30)
DEBUG flower 2021-04-08 06:56:14,638 | numpy_client.py:172 | fit, FitIns(clock=32)
DEBUG flower 2021-04-08 06:56:14,639 | numpy_client.py:260 | cached_clock: 30, curr_clock: 32
INFO flower 2021-04-08 06:56:18,154 | numpy_client.py:205 | Cache is fresh, return FitRes(clock=32)
DEBUG flower 2021-04-08 06:56:23,538 | numpy_client.py:172 | fit, FitIns(clock=33)
DEBUG flower 2021-04-08 06:56:23,538 | numpy_client.py:260 | cached_clock: 30, curr_clock: 33
INFO flower 2021-04-08 06:56:23,539 | numpy_client.py:184 | Cache is stale, return ReadIns
DEBUG flower 2021-04-08 06:56:28,043 | numpy_client.py:228 | read: ReadRes(clock=31)
DEBUG flower 2021-04-08 06:56:28,051 | numpy_client.py:172 | fit, FitIns(clock=33)
DEBUG flower 2021-04-08 06:56:28,051 | numpy_client.py:260 | cached_clock: 31, curr_clock: 33
INFO flower 2021-04-08 06:56:31,543 | numpy_client.py:205 | Cache is fresh, return FitRes(clock=33)
DEBUG flower 2021-04-08 06:56:37,138 | numpy_client.py:172 | fit, FitIns(clock=34)
DEBUG flower 2021-04-08 06:56:37,138 | numpy_client.py:260 | cached_clock: 31, curr_clock: 34
INFO flower 2021-04-08 06:56:37,139 | numpy_client.py:184 | Cache is stale, return ReadIns
DEBUG flower 2021-04-08 06:56:42,043 | numpy_client.py:228 | read: ReadRes(clock=32)
DEBUG flower 2021-04-08 06:56:42,051 | numpy_client.py:172 | fit, FitIns(clock=34)
DEBUG flower 2021-04-08 06:56:42,051 | numpy_client.py:260 | cached_clock: 32, curr_clock: 34
INFO flower 2021-04-08 06:56:45,547 | numpy_client.py:205 | Cache is fresh, return FitRes(clock=34)
DEBUG flower 2021-04-08 06:56:51,036 | numpy_client.py:172 | fit, FitIns(clock=35)
DEBUG flower 2021-04-08 06:56:51,036 | numpy_client.py:260 | cached_clock: 32, curr_clock: 35
INFO flower 2021-04-08 06:56:51,036 | numpy_client.py:184 | Cache is stale, return ReadIns
DEBUG flower 2021-04-08 06:56:55,435 | numpy_client.py:228 | read: ReadRes(clock=33)
DEBUG flower 2021-04-08 06:56:55,443 | numpy_client.py:172 | fit, FitIns(clock=35)
DEBUG flower 2021-04-08 06:56:55,443 | numpy_client.py:260 | cached_clock: 33, curr_clock: 35
INFO flower 2021-04-08 06:56:59,058 | numpy_client.py:205 | Cache is fresh, return FitRes(clock=35)
DEBUG flower 2021-04-08 06:57:04,989 | numpy_client.py:172 | fit, FitIns(clock=36)
DEBUG flower 2021-04-08 06:57:04,989 | numpy_client.py:260 | cached_clock: 33, curr_clock: 36
INFO flower 2021-04-08 06:57:04,989 | numpy_client.py:184 | Cache is stale, return ReadIns
DEBUG flower 2021-04-08 06:57:09,643 | numpy_client.py:228 | read: ReadRes(clock=34)
DEBUG flower 2021-04-08 06:57:09,651 | numpy_client.py:172 | fit, FitIns(clock=36)
DEBUG flower 2021-04-08 06:57:09,651 | numpy_client.py:260 | cached_clock: 34, curr_clock: 36
INFO flower 2021-04-08 06:57:13,063 | numpy_client.py:205 | Cache is fresh, return FitRes(clock=36)
DEBUG flower 2021-04-08 06:57:18,623 | numpy_client.py:172 | fit, FitIns(clock=37)
DEBUG flower 2021-04-08 06:57:18,623 | numpy_client.py:260 | cached_clock: 34, curr_clock: 37
INFO flower 2021-04-08 06:57:18,623 | numpy_client.py:184 | Cache is stale, return ReadIns
DEBUG flower 2021-04-08 06:57:23,042 | numpy_client.py:228 | read: ReadRes(clock=35)
DEBUG flower 2021-04-08 06:57:23,050 | numpy_client.py:172 | fit, FitIns(clock=37)
DEBUG flower 2021-04-08 06:57:23,050 | numpy_client.py:260 | cached_clock: 35, curr_clock: 37
INFO flower 2021-04-08 06:57:26,660 | numpy_client.py:205 | Cache is fresh, return FitRes(clock=37)
DEBUG flower 2021-04-08 06:57:32,216 | numpy_client.py:172 | fit, FitIns(clock=38)
DEBUG flower 2021-04-08 06:57:32,216 | numpy_client.py:260 | cached_clock: 35, curr_clock: 38
INFO flower 2021-04-08 06:57:32,216 | numpy_client.py:184 | Cache is stale, return ReadIns
DEBUG flower 2021-04-08 06:57:36,643 | numpy_client.py:228 | read: ReadRes(clock=36)
DEBUG flower 2021-04-08 06:57:36,651 | numpy_client.py:172 | fit, FitIns(clock=38)
DEBUG flower 2021-04-08 06:57:36,651 | numpy_client.py:260 | cached_clock: 36, curr_clock: 38
INFO flower 2021-04-08 06:57:40,277 | numpy_client.py:205 | Cache is fresh, return FitRes(clock=38)
DEBUG flower 2021-04-08 06:57:45,749 | numpy_client.py:172 | fit, FitIns(clock=39)
DEBUG flower 2021-04-08 06:57:45,749 | numpy_client.py:260 | cached_clock: 36, curr_clock: 39
INFO flower 2021-04-08 06:57:45,749 | numpy_client.py:184 | Cache is stale, return ReadIns
DEBUG flower 2021-04-08 06:57:50,043 | numpy_client.py:228 | read: ReadRes(clock=37)
DEBUG flower 2021-04-08 06:57:50,051 | numpy_client.py:172 | fit, FitIns(clock=39)
DEBUG flower 2021-04-08 06:57:50,051 | numpy_client.py:260 | cached_clock: 37, curr_clock: 39
INFO flower 2021-04-08 06:57:53,662 | numpy_client.py:205 | Cache is fresh, return FitRes(clock=39)
DEBUG flower 2021-04-08 06:58:00,552 | numpy_client.py:172 | fit, FitIns(clock=40)
DEBUG flower 2021-04-08 06:58:00,553 | numpy_client.py:260 | cached_clock: 37, curr_clock: 40
INFO flower 2021-04-08 06:58:00,553 | numpy_client.py:184 | Cache is stale, return ReadIns
DEBUG flower 2021-04-08 06:58:05,325 | numpy_client.py:228 | read: ReadRes(clock=38)
DEBUG flower 2021-04-08 06:58:05,332 | numpy_client.py:172 | fit, FitIns(clock=40)
DEBUG flower 2021-04-08 06:58:05,333 | numpy_client.py:260 | cached_clock: 38, curr_clock: 40
INFO flower 2021-04-08 06:58:09,058 | numpy_client.py:205 | Cache is fresh, return FitRes(clock=40)
DEBUG flower 2021-04-08 06:58:14,353 | numpy_client.py:172 | fit, FitIns(clock=41)
DEBUG flower 2021-04-08 06:58:14,353 | numpy_client.py:260 | cached_clock: 38, curr_clock: 41
INFO flower 2021-04-08 06:58:14,354 | numpy_client.py:184 | Cache is stale, return ReadIns
DEBUG flower 2021-04-08 06:58:18,721 | numpy_client.py:228 | read: ReadRes(clock=39)
DEBUG flower 2021-04-08 06:58:18,729 | numpy_client.py:172 | fit, FitIns(clock=41)
DEBUG flower 2021-04-08 06:58:18,729 | numpy_client.py:260 | cached_clock: 39, curr_clock: 41
INFO flower 2021-04-08 06:58:22,377 | numpy_client.py:205 | Cache is fresh, return FitRes(clock=41)
DEBUG flower 2021-04-08 06:58:28,034 | numpy_client.py:172 | fit, FitIns(clock=42)
DEBUG flower 2021-04-08 06:58:28,035 | numpy_client.py:260 | cached_clock: 39, curr_clock: 42
INFO flower 2021-04-08 06:58:28,035 | numpy_client.py:184 | Cache is stale, return ReadIns
DEBUG flower 2021-04-08 06:58:32,357 | numpy_client.py:228 | read: ReadRes(clock=40)
DEBUG flower 2021-04-08 06:58:32,365 | numpy_client.py:172 | fit, FitIns(clock=42)
DEBUG flower 2021-04-08 06:58:32,365 | numpy_client.py:260 | cached_clock: 40, curr_clock: 42
INFO flower 2021-04-08 06:58:36,156 | numpy_client.py:205 | Cache is fresh, return FitRes(clock=42)
DEBUG flower 2021-04-08 06:58:41,780 | numpy_client.py:172 | fit, FitIns(clock=43)
DEBUG flower 2021-04-08 06:58:41,780 | numpy_client.py:260 | cached_clock: 40, curr_clock: 43
INFO flower 2021-04-08 06:58:41,780 | numpy_client.py:184 | Cache is stale, return ReadIns
DEBUG flower 2021-04-08 06:58:46,343 | numpy_client.py:228 | read: ReadRes(clock=41)
DEBUG flower 2021-04-08 06:58:46,350 | numpy_client.py:172 | fit, FitIns(clock=43)
DEBUG flower 2021-04-08 06:58:46,351 | numpy_client.py:260 | cached_clock: 41, curr_clock: 43
INFO flower 2021-04-08 06:58:50,065 | numpy_client.py:205 | Cache is fresh, return FitRes(clock=43)
DEBUG flower 2021-04-08 06:58:55,843 | numpy_client.py:172 | fit, FitIns(clock=44)
DEBUG flower 2021-04-08 06:58:55,844 | numpy_client.py:260 | cached_clock: 41, curr_clock: 44
INFO flower 2021-04-08 06:58:55,844 | numpy_client.py:184 | Cache is stale, return ReadIns
DEBUG flower 2021-04-08 06:59:00,243 | numpy_client.py:228 | read: ReadRes(clock=42)
DEBUG flower 2021-04-08 06:59:00,251 | numpy_client.py:172 | fit, FitIns(clock=44)
DEBUG flower 2021-04-08 06:59:00,251 | numpy_client.py:260 | cached_clock: 42, curr_clock: 44
INFO flower 2021-04-08 06:59:03,846 | numpy_client.py:205 | Cache is fresh, return FitRes(clock=44)
DEBUG flower 2021-04-08 06:59:10,079 | numpy_client.py:172 | fit, FitIns(clock=45)
DEBUG flower 2021-04-08 06:59:10,079 | numpy_client.py:260 | cached_clock: 42, curr_clock: 45
INFO flower 2021-04-08 06:59:10,079 | numpy_client.py:184 | Cache is stale, return ReadIns
DEBUG flower 2021-04-08 06:59:14,643 | numpy_client.py:228 | read: ReadRes(clock=43)
DEBUG flower 2021-04-08 06:59:14,650 | numpy_client.py:172 | fit, FitIns(clock=45)
DEBUG flower 2021-04-08 06:59:14,650 | numpy_client.py:260 | cached_clock: 43, curr_clock: 45
INFO flower 2021-04-08 06:59:18,447 | numpy_client.py:205 | Cache is fresh, return FitRes(clock=45)
DEBUG flower 2021-04-08 06:59:23,820 | numpy_client.py:172 | fit, FitIns(clock=46)
DEBUG flower 2021-04-08 06:59:23,821 | numpy_client.py:260 | cached_clock: 43, curr_clock: 46
INFO flower 2021-04-08 06:59:23,821 | numpy_client.py:184 | Cache is stale, return ReadIns
DEBUG flower 2021-04-08 06:59:27,990 | numpy_client.py:228 | read: ReadRes(clock=44)
DEBUG flower 2021-04-08 06:59:27,997 | numpy_client.py:172 | fit, FitIns(clock=46)
DEBUG flower 2021-04-08 06:59:27,998 | numpy_client.py:260 | cached_clock: 44, curr_clock: 46
INFO flower 2021-04-08 06:59:31,647 | numpy_client.py:205 | Cache is fresh, return FitRes(clock=46)
DEBUG flower 2021-04-08 06:59:37,668 | numpy_client.py:172 | fit, FitIns(clock=47)
DEBUG flower 2021-04-08 06:59:37,668 | numpy_client.py:260 | cached_clock: 44, curr_clock: 47
INFO flower 2021-04-08 06:59:37,668 | numpy_client.py:184 | Cache is stale, return ReadIns
DEBUG flower 2021-04-08 06:59:42,543 | numpy_client.py:228 | read: ReadRes(clock=45)
DEBUG flower 2021-04-08 06:59:42,550 | numpy_client.py:172 | fit, FitIns(clock=47)
DEBUG flower 2021-04-08 06:59:42,551 | numpy_client.py:260 | cached_clock: 45, curr_clock: 47
INFO flower 2021-04-08 06:59:46,172 | numpy_client.py:205 | Cache is fresh, return FitRes(clock=47)
DEBUG flower 2021-04-08 06:59:50,864 | numpy_client.py:172 | fit, FitIns(clock=48)
DEBUG flower 2021-04-08 06:59:50,864 | numpy_client.py:260 | cached_clock: 45, curr_clock: 48
INFO flower 2021-04-08 06:59:50,864 | numpy_client.py:184 | Cache is stale, return ReadIns
DEBUG flower 2021-04-08 06:59:55,494 | numpy_client.py:228 | read: ReadRes(clock=46)
DEBUG flower 2021-04-08 06:59:55,501 | numpy_client.py:172 | fit, FitIns(clock=48)
DEBUG flower 2021-04-08 06:59:55,501 | numpy_client.py:260 | cached_clock: 46, curr_clock: 48
INFO flower 2021-04-08 06:59:59,062 | numpy_client.py:205 | Cache is fresh, return FitRes(clock=48)
DEBUG flower 2021-04-08 07:00:04,696 | numpy_client.py:172 | fit, FitIns(clock=49)
DEBUG flower 2021-04-08 07:00:04,697 | numpy_client.py:260 | cached_clock: 46, curr_clock: 49
INFO flower 2021-04-08 07:00:04,697 | numpy_client.py:184 | Cache is stale, return ReadIns
DEBUG flower 2021-04-08 07:00:09,444 | numpy_client.py:228 | read: ReadRes(clock=47)
DEBUG flower 2021-04-08 07:00:09,452 | numpy_client.py:172 | fit, FitIns(clock=49)
DEBUG flower 2021-04-08 07:00:09,452 | numpy_client.py:260 | cached_clock: 47, curr_clock: 49
INFO flower 2021-04-08 07:00:12,962 | numpy_client.py:205 | Cache is fresh, return FitRes(clock=49)
DEBUG flower 2021-04-08 07:00:12,963 | numpy_client.py:217 | The client finishes computing after 655 seconds
INFO flower 2021-04-08 07:00:55,471 | numpy_client.py:250 | [32;1m Loss: 63.508, Accuracy: 22.874%[0m
DEBUG flower 2021-04-08 07:00:56,390 | connection.py:68 | Insecure gRPC channel closed
INFO flower 2021-04-08 07:00:56,390 | app.py:74 | Disconnect and shut down
Namespace(idx=2, max_delay=0, min_delay=0, num_clients=31, server_ip='10.244.29.27:8080', staleness_bound=2)
I'm client 2
Start SSP client without delay
Files already downloaded and verified
Files already downloaded and verified
[32;1mClient 2: 2275 train samples, 494 test samples[0m
loss=161.09238982200623, acc=0.1892361111111111
loss=154.47681522369385, acc=0.1970486111111111
loss=145.65564131736755, acc=0.19618055555555555
loss=165.42168354988098, acc=0.1974826388888889
loss=158.3836294412613, acc=0.1974826388888889
loss=169.91174983978271, acc=0.18229166666666666
loss=154.3906168937683, acc=0.1953125
loss=163.2423768043518, acc=0.16666666666666666
loss=142.77641415596008, acc=0.17881944444444445
loss=161.65136766433716, acc=0.1792534722222222
loss=168.5575189590454, acc=0.18880208333333334
loss=142.3551685810089, acc=0.2495659722222222
loss=120.73744058609009, acc=0.3454861111111111
loss=119.69176006317139, acc=0.3671875
loss=117.18109953403473, acc=0.38671875
loss=145.04366326332092, acc=0.2591145833333333
loss=115.5966055393219, acc=0.3988715277777778
loss=107.03245627880096, acc=0.4431423611111111
loss=126.48747944831848, acc=0.3411458333333333
loss=133.96215999126434, acc=0.3532986111111111
loss=138.48812091350555, acc=0.3420138888888889
loss=141.8707059621811, acc=0.3446180555555556
loss=142.13028144836426, acc=0.3459201388888889
loss=100.18566673994064, acc=0.4691840277777778
loss=123.11498200893402, acc=0.3450520833333333
loss=97.39293628931046, acc=0.4865451388888889
loss=119.35723114013672, acc=0.3602430555555556
loss=127.59455060958862, acc=0.3689236111111111
loss=95.52317035198212, acc=0.49609375
loss=116.77475160360336, acc=0.3715277777777778
loss=124.8040577173233, acc=0.375
loss=93.99858021736145, acc=0.5004340277777778
loss=91.56433326005936, acc=0.5052083333333334
loss=113.7243567109108, acc=0.3823784722222222
loss=119.97080051898956, acc=0.4036458333333333
loss=122.92965793609619, acc=0.40625
loss=124.3865180015564, acc=0.4153645833333333
loss=124.8553295135498, acc=0.4266493055555556
loss=127.95655649900436, acc=0.4236111111111111
loss=125.53946053981781, acc=0.4327256944444444
loss=125.92682981491089, acc=0.4270833333333333
loss=91.23854517936707, acc=0.4982638888888889
loss=88.37112456560135, acc=0.5186631944444444
loss=87.75411385297775, acc=0.5442708333333334
loss=114.74565958976746, acc=0.4318576388888889
loss=88.70102953910828, acc=0.5555555555555556
loss=86.47635507583618, acc=0.5616319444444444
loss=109.91558557748795, acc=0.4561631944444444
loss=113.37165606021881, acc=0.4696180555555556
loss=115.52255976200104, acc=0.4639756944444444
Files already downloaded and verified
Files already downloaded and verified
Testing on full test set: 313, 1137.2075216770172, 0.2733
Testing on partial test set: 16, 63.50829553604126, 0.22874493927125505
