DEBUG flower 2021-04-08 11:22:57,129 | connection.py:36 | ChannelConnectivity.IDLE
DEBUG flower 2021-04-08 11:22:57,131 | connection.py:36 | ChannelConnectivity.READY
INFO flower 2021-04-08 11:22:57,131 | app.py:63 | Opened (insecure) gRPC connection
DEBUG flower 2021-04-08 11:22:58,420 | numpy_client.py:172 | fit, FitIns(clock=0)
INFO flower 2021-04-08 11:22:58,420 | numpy_client.py:184 | Cache is stale, return ReadIns
DEBUG flower 2021-04-08 11:22:58,590 | numpy_client.py:228 | read: ReadRes(clock=-1)
DEBUG flower 2021-04-08 11:22:58,606 | numpy_client.py:172 | fit, FitIns(clock=0)
DEBUG flower 2021-04-08 11:22:58,607 | numpy_client.py:260 | cached_clock: -1, curr_clock: 0
INFO flower 2021-04-08 11:23:00,566 | numpy_client.py:205 | Cache is fresh, return FitRes(clock=0)
DEBUG flower 2021-04-08 11:23:00,588 | numpy_client.py:172 | fit, FitIns(clock=1)
DEBUG flower 2021-04-08 11:23:00,588 | numpy_client.py:260 | cached_clock: -1, curr_clock: 1
INFO flower 2021-04-08 11:23:00,589 | numpy_client.py:184 | Cache is stale, return ReadIns
DEBUG flower 2021-04-08 11:23:04,061 | numpy_client.py:228 | read: ReadRes(clock=0)
DEBUG flower 2021-04-08 11:23:04,068 | numpy_client.py:172 | fit, FitIns(clock=1)
DEBUG flower 2021-04-08 11:23:04,068 | numpy_client.py:260 | cached_clock: 0, curr_clock: 1
INFO flower 2021-04-08 11:23:05,363 | numpy_client.py:205 | Cache is fresh, return FitRes(clock=1)
DEBUG flower 2021-04-08 11:23:13,807 | numpy_client.py:172 | fit, FitIns(clock=2)
DEBUG flower 2021-04-08 11:23:13,807 | numpy_client.py:260 | cached_clock: 0, curr_clock: 2
INFO flower 2021-04-08 11:23:13,807 | numpy_client.py:184 | Cache is stale, return ReadIns
DEBUG flower 2021-04-08 11:23:17,842 | numpy_client.py:228 | read: ReadRes(clock=1)
DEBUG flower 2021-04-08 11:23:17,848 | numpy_client.py:172 | fit, FitIns(clock=2)
DEBUG flower 2021-04-08 11:23:17,848 | numpy_client.py:260 | cached_clock: 1, curr_clock: 2
INFO flower 2021-04-08 11:23:19,149 | numpy_client.py:205 | Cache is fresh, return FitRes(clock=2)
DEBUG flower 2021-04-08 11:23:27,297 | numpy_client.py:172 | fit, FitIns(clock=3)
DEBUG flower 2021-04-08 11:23:27,297 | numpy_client.py:260 | cached_clock: 1, curr_clock: 3
INFO flower 2021-04-08 11:23:27,297 | numpy_client.py:184 | Cache is stale, return ReadIns
DEBUG flower 2021-04-08 11:23:31,342 | numpy_client.py:228 | read: ReadRes(clock=2)
DEBUG flower 2021-04-08 11:23:31,349 | numpy_client.py:172 | fit, FitIns(clock=3)
DEBUG flower 2021-04-08 11:23:31,350 | numpy_client.py:260 | cached_clock: 2, curr_clock: 3
INFO flower 2021-04-08 11:23:32,668 | numpy_client.py:205 | Cache is fresh, return FitRes(clock=3)
DEBUG flower 2021-04-08 11:23:40,668 | numpy_client.py:172 | fit, FitIns(clock=4)
DEBUG flower 2021-04-08 11:23:40,668 | numpy_client.py:260 | cached_clock: 2, curr_clock: 4
INFO flower 2021-04-08 11:23:40,669 | numpy_client.py:184 | Cache is stale, return ReadIns
DEBUG flower 2021-04-08 11:23:44,787 | numpy_client.py:228 | read: ReadRes(clock=3)
DEBUG flower 2021-04-08 11:23:44,794 | numpy_client.py:172 | fit, FitIns(clock=4)
DEBUG flower 2021-04-08 11:23:44,794 | numpy_client.py:260 | cached_clock: 3, curr_clock: 4
INFO flower 2021-04-08 11:23:46,165 | numpy_client.py:205 | Cache is fresh, return FitRes(clock=4)
DEBUG flower 2021-04-08 11:23:54,009 | numpy_client.py:172 | fit, FitIns(clock=5)
DEBUG flower 2021-04-08 11:23:54,010 | numpy_client.py:260 | cached_clock: 3, curr_clock: 5
INFO flower 2021-04-08 11:23:54,010 | numpy_client.py:184 | Cache is stale, return ReadIns
DEBUG flower 2021-04-08 11:23:58,161 | numpy_client.py:228 | read: ReadRes(clock=4)
DEBUG flower 2021-04-08 11:23:58,169 | numpy_client.py:172 | fit, FitIns(clock=5)
DEBUG flower 2021-04-08 11:23:58,169 | numpy_client.py:260 | cached_clock: 4, curr_clock: 5
INFO flower 2021-04-08 11:23:59,391 | numpy_client.py:205 | Cache is fresh, return FitRes(clock=5)
DEBUG flower 2021-04-08 11:24:07,024 | numpy_client.py:172 | fit, FitIns(clock=6)
DEBUG flower 2021-04-08 11:24:07,024 | numpy_client.py:260 | cached_clock: 4, curr_clock: 6
INFO flower 2021-04-08 11:24:07,024 | numpy_client.py:184 | Cache is stale, return ReadIns
DEBUG flower 2021-04-08 11:24:11,400 | numpy_client.py:228 | read: ReadRes(clock=5)
DEBUG flower 2021-04-08 11:24:11,408 | numpy_client.py:172 | fit, FitIns(clock=6)
DEBUG flower 2021-04-08 11:24:11,408 | numpy_client.py:260 | cached_clock: 5, curr_clock: 6
INFO flower 2021-04-08 11:24:12,747 | numpy_client.py:205 | Cache is fresh, return FitRes(clock=6)
DEBUG flower 2021-04-08 11:24:20,605 | numpy_client.py:172 | fit, FitIns(clock=7)
DEBUG flower 2021-04-08 11:24:20,605 | numpy_client.py:260 | cached_clock: 5, curr_clock: 7
INFO flower 2021-04-08 11:24:20,605 | numpy_client.py:184 | Cache is stale, return ReadIns
DEBUG flower 2021-04-08 11:24:25,045 | numpy_client.py:228 | read: ReadRes(clock=6)
DEBUG flower 2021-04-08 11:24:25,053 | numpy_client.py:172 | fit, FitIns(clock=7)
DEBUG flower 2021-04-08 11:24:25,053 | numpy_client.py:260 | cached_clock: 6, curr_clock: 7
INFO flower 2021-04-08 11:24:26,365 | numpy_client.py:205 | Cache is fresh, return FitRes(clock=7)
DEBUG flower 2021-04-08 11:24:34,101 | numpy_client.py:172 | fit, FitIns(clock=8)
DEBUG flower 2021-04-08 11:24:34,101 | numpy_client.py:260 | cached_clock: 6, curr_clock: 8
INFO flower 2021-04-08 11:24:34,101 | numpy_client.py:184 | Cache is stale, return ReadIns
DEBUG flower 2021-04-08 11:24:38,642 | numpy_client.py:228 | read: ReadRes(clock=7)
DEBUG flower 2021-04-08 11:24:38,649 | numpy_client.py:172 | fit, FitIns(clock=8)
DEBUG flower 2021-04-08 11:24:38,649 | numpy_client.py:260 | cached_clock: 7, curr_clock: 8
INFO flower 2021-04-08 11:24:40,067 | numpy_client.py:205 | Cache is fresh, return FitRes(clock=8)
DEBUG flower 2021-04-08 11:24:47,841 | numpy_client.py:172 | fit, FitIns(clock=9)
DEBUG flower 2021-04-08 11:24:47,841 | numpy_client.py:260 | cached_clock: 7, curr_clock: 9
INFO flower 2021-04-08 11:24:47,842 | numpy_client.py:184 | Cache is stale, return ReadIns
DEBUG flower 2021-04-08 11:24:51,958 | numpy_client.py:228 | read: ReadRes(clock=8)
DEBUG flower 2021-04-08 11:24:51,965 | numpy_client.py:172 | fit, FitIns(clock=9)
DEBUG flower 2021-04-08 11:24:51,965 | numpy_client.py:260 | cached_clock: 8, curr_clock: 9
INFO flower 2021-04-08 11:24:53,353 | numpy_client.py:205 | Cache is fresh, return FitRes(clock=9)
DEBUG flower 2021-04-08 11:25:01,019 | numpy_client.py:172 | fit, FitIns(clock=10)
DEBUG flower 2021-04-08 11:25:01,020 | numpy_client.py:260 | cached_clock: 8, curr_clock: 10
INFO flower 2021-04-08 11:25:01,020 | numpy_client.py:184 | Cache is stale, return ReadIns
DEBUG flower 2021-04-08 11:25:05,020 | numpy_client.py:228 | read: ReadRes(clock=9)
DEBUG flower 2021-04-08 11:25:05,028 | numpy_client.py:172 | fit, FitIns(clock=10)
DEBUG flower 2021-04-08 11:25:05,028 | numpy_client.py:260 | cached_clock: 9, curr_clock: 10
INFO flower 2021-04-08 11:25:06,550 | numpy_client.py:205 | Cache is fresh, return FitRes(clock=10)
DEBUG flower 2021-04-08 11:25:14,539 | numpy_client.py:172 | fit, FitIns(clock=11)
DEBUG flower 2021-04-08 11:25:14,540 | numpy_client.py:260 | cached_clock: 9, curr_clock: 11
INFO flower 2021-04-08 11:25:14,540 | numpy_client.py:184 | Cache is stale, return ReadIns
DEBUG flower 2021-04-08 11:25:18,892 | numpy_client.py:228 | read: ReadRes(clock=10)
DEBUG flower 2021-04-08 11:25:18,900 | numpy_client.py:172 | fit, FitIns(clock=11)
DEBUG flower 2021-04-08 11:25:18,900 | numpy_client.py:260 | cached_clock: 10, curr_clock: 11
INFO flower 2021-04-08 11:25:20,261 | numpy_client.py:205 | Cache is fresh, return FitRes(clock=11)
DEBUG flower 2021-04-08 11:25:27,838 | numpy_client.py:172 | fit, FitIns(clock=12)
DEBUG flower 2021-04-08 11:25:27,838 | numpy_client.py:260 | cached_clock: 10, curr_clock: 12
INFO flower 2021-04-08 11:25:27,838 | numpy_client.py:184 | Cache is stale, return ReadIns
DEBUG flower 2021-04-08 11:25:31,942 | numpy_client.py:228 | read: ReadRes(clock=11)
DEBUG flower 2021-04-08 11:25:31,950 | numpy_client.py:172 | fit, FitIns(clock=12)
DEBUG flower 2021-04-08 11:25:31,950 | numpy_client.py:260 | cached_clock: 11, curr_clock: 12
INFO flower 2021-04-08 11:25:33,266 | numpy_client.py:205 | Cache is fresh, return FitRes(clock=12)
DEBUG flower 2021-04-08 11:25:40,492 | numpy_client.py:172 | fit, FitIns(clock=13)
DEBUG flower 2021-04-08 11:25:40,493 | numpy_client.py:260 | cached_clock: 11, curr_clock: 13
INFO flower 2021-04-08 11:25:40,493 | numpy_client.py:184 | Cache is stale, return ReadIns
DEBUG flower 2021-04-08 11:25:44,659 | numpy_client.py:228 | read: ReadRes(clock=12)
DEBUG flower 2021-04-08 11:25:44,666 | numpy_client.py:172 | fit, FitIns(clock=13)
DEBUG flower 2021-04-08 11:25:44,667 | numpy_client.py:260 | cached_clock: 12, curr_clock: 13
INFO flower 2021-04-08 11:25:46,066 | numpy_client.py:205 | Cache is fresh, return FitRes(clock=13)
DEBUG flower 2021-04-08 11:25:53,825 | numpy_client.py:172 | fit, FitIns(clock=14)
DEBUG flower 2021-04-08 11:25:53,826 | numpy_client.py:260 | cached_clock: 12, curr_clock: 14
INFO flower 2021-04-08 11:25:53,826 | numpy_client.py:184 | Cache is stale, return ReadIns
DEBUG flower 2021-04-08 11:25:57,743 | numpy_client.py:228 | read: ReadRes(clock=13)
DEBUG flower 2021-04-08 11:25:57,750 | numpy_client.py:172 | fit, FitIns(clock=14)
DEBUG flower 2021-04-08 11:25:57,750 | numpy_client.py:260 | cached_clock: 13, curr_clock: 14
INFO flower 2021-04-08 11:25:59,046 | numpy_client.py:205 | Cache is fresh, return FitRes(clock=14)
DEBUG flower 2021-04-08 11:26:06,693 | numpy_client.py:172 | fit, FitIns(clock=15)
DEBUG flower 2021-04-08 11:26:06,693 | numpy_client.py:260 | cached_clock: 13, curr_clock: 15
INFO flower 2021-04-08 11:26:06,693 | numpy_client.py:184 | Cache is stale, return ReadIns
DEBUG flower 2021-04-08 11:26:10,643 | numpy_client.py:228 | read: ReadRes(clock=14)
DEBUG flower 2021-04-08 11:26:10,650 | numpy_client.py:172 | fit, FitIns(clock=15)
DEBUG flower 2021-04-08 11:26:10,650 | numpy_client.py:260 | cached_clock: 14, curr_clock: 15
INFO flower 2021-04-08 11:26:11,963 | numpy_client.py:205 | Cache is fresh, return FitRes(clock=15)
DEBUG flower 2021-04-08 11:26:19,580 | numpy_client.py:172 | fit, FitIns(clock=16)
DEBUG flower 2021-04-08 11:26:19,580 | numpy_client.py:260 | cached_clock: 14, curr_clock: 16
INFO flower 2021-04-08 11:26:19,580 | numpy_client.py:184 | Cache is stale, return ReadIns
DEBUG flower 2021-04-08 11:26:23,642 | numpy_client.py:228 | read: ReadRes(clock=15)
DEBUG flower 2021-04-08 11:26:23,650 | numpy_client.py:172 | fit, FitIns(clock=16)
DEBUG flower 2021-04-08 11:26:23,650 | numpy_client.py:260 | cached_clock: 15, curr_clock: 16
INFO flower 2021-04-08 11:26:25,047 | numpy_client.py:205 | Cache is fresh, return FitRes(clock=16)
DEBUG flower 2021-04-08 11:26:32,759 | numpy_client.py:172 | fit, FitIns(clock=17)
DEBUG flower 2021-04-08 11:26:32,760 | numpy_client.py:260 | cached_clock: 15, curr_clock: 17
INFO flower 2021-04-08 11:26:32,760 | numpy_client.py:184 | Cache is stale, return ReadIns
DEBUG flower 2021-04-08 11:26:37,052 | numpy_client.py:228 | read: ReadRes(clock=16)
DEBUG flower 2021-04-08 11:26:37,059 | numpy_client.py:172 | fit, FitIns(clock=17)
DEBUG flower 2021-04-08 11:26:37,059 | numpy_client.py:260 | cached_clock: 16, curr_clock: 17
INFO flower 2021-04-08 11:26:38,447 | numpy_client.py:205 | Cache is fresh, return FitRes(clock=17)
DEBUG flower 2021-04-08 11:26:45,821 | numpy_client.py:172 | fit, FitIns(clock=18)
DEBUG flower 2021-04-08 11:26:45,821 | numpy_client.py:260 | cached_clock: 16, curr_clock: 18
INFO flower 2021-04-08 11:26:45,821 | numpy_client.py:184 | Cache is stale, return ReadIns
DEBUG flower 2021-04-08 11:26:50,268 | numpy_client.py:228 | read: ReadRes(clock=17)
DEBUG flower 2021-04-08 11:26:50,275 | numpy_client.py:172 | fit, FitIns(clock=18)
DEBUG flower 2021-04-08 11:26:50,275 | numpy_client.py:260 | cached_clock: 17, curr_clock: 18
INFO flower 2021-04-08 11:26:51,573 | numpy_client.py:205 | Cache is fresh, return FitRes(clock=18)
DEBUG flower 2021-04-08 11:26:58,617 | numpy_client.py:172 | fit, FitIns(clock=19)
DEBUG flower 2021-04-08 11:26:58,617 | numpy_client.py:260 | cached_clock: 17, curr_clock: 19
INFO flower 2021-04-08 11:26:58,617 | numpy_client.py:184 | Cache is stale, return ReadIns
DEBUG flower 2021-04-08 11:27:03,145 | numpy_client.py:228 | read: ReadRes(clock=18)
DEBUG flower 2021-04-08 11:27:03,153 | numpy_client.py:172 | fit, FitIns(clock=19)
DEBUG flower 2021-04-08 11:27:03,153 | numpy_client.py:260 | cached_clock: 18, curr_clock: 19
INFO flower 2021-04-08 11:27:04,558 | numpy_client.py:205 | Cache is fresh, return FitRes(clock=19)
DEBUG flower 2021-04-08 11:27:11,647 | numpy_client.py:172 | fit, FitIns(clock=20)
DEBUG flower 2021-04-08 11:27:11,647 | numpy_client.py:260 | cached_clock: 18, curr_clock: 20
INFO flower 2021-04-08 11:27:11,647 | numpy_client.py:184 | Cache is stale, return ReadIns
DEBUG flower 2021-04-08 11:27:15,945 | numpy_client.py:228 | read: ReadRes(clock=19)
DEBUG flower 2021-04-08 11:27:15,953 | numpy_client.py:172 | fit, FitIns(clock=20)
DEBUG flower 2021-04-08 11:27:15,953 | numpy_client.py:260 | cached_clock: 19, curr_clock: 20
INFO flower 2021-04-08 11:27:17,371 | numpy_client.py:205 | Cache is fresh, return FitRes(clock=20)
DEBUG flower 2021-04-08 11:27:24,794 | numpy_client.py:172 | fit, FitIns(clock=21)
DEBUG flower 2021-04-08 11:27:24,795 | numpy_client.py:260 | cached_clock: 19, curr_clock: 21
INFO flower 2021-04-08 11:27:24,795 | numpy_client.py:184 | Cache is stale, return ReadIns
DEBUG flower 2021-04-08 11:27:29,043 | numpy_client.py:228 | read: ReadRes(clock=20)
DEBUG flower 2021-04-08 11:27:29,051 | numpy_client.py:172 | fit, FitIns(clock=21)
DEBUG flower 2021-04-08 11:27:29,051 | numpy_client.py:260 | cached_clock: 20, curr_clock: 21
INFO flower 2021-04-08 11:27:30,367 | numpy_client.py:205 | Cache is fresh, return FitRes(clock=21)
DEBUG flower 2021-04-08 11:27:38,024 | numpy_client.py:172 | fit, FitIns(clock=22)
DEBUG flower 2021-04-08 11:27:38,024 | numpy_client.py:260 | cached_clock: 20, curr_clock: 22
INFO flower 2021-04-08 11:27:38,024 | numpy_client.py:184 | Cache is stale, return ReadIns
DEBUG flower 2021-04-08 11:27:42,055 | numpy_client.py:228 | read: ReadRes(clock=21)
DEBUG flower 2021-04-08 11:27:42,062 | numpy_client.py:172 | fit, FitIns(clock=22)
DEBUG flower 2021-04-08 11:27:42,062 | numpy_client.py:260 | cached_clock: 21, curr_clock: 22
INFO flower 2021-04-08 11:27:43,367 | numpy_client.py:205 | Cache is fresh, return FitRes(clock=22)
DEBUG flower 2021-04-08 11:27:50,650 | numpy_client.py:172 | fit, FitIns(clock=23)
DEBUG flower 2021-04-08 11:27:50,650 | numpy_client.py:260 | cached_clock: 21, curr_clock: 23
INFO flower 2021-04-08 11:27:50,650 | numpy_client.py:184 | Cache is stale, return ReadIns
DEBUG flower 2021-04-08 11:27:54,849 | numpy_client.py:228 | read: ReadRes(clock=22)
DEBUG flower 2021-04-08 11:27:54,857 | numpy_client.py:172 | fit, FitIns(clock=23)
DEBUG flower 2021-04-08 11:27:54,857 | numpy_client.py:260 | cached_clock: 22, curr_clock: 23
INFO flower 2021-04-08 11:27:56,271 | numpy_client.py:205 | Cache is fresh, return FitRes(clock=23)
DEBUG flower 2021-04-08 11:28:03,748 | numpy_client.py:172 | fit, FitIns(clock=24)
DEBUG flower 2021-04-08 11:28:03,748 | numpy_client.py:260 | cached_clock: 22, curr_clock: 24
INFO flower 2021-04-08 11:28:03,748 | numpy_client.py:184 | Cache is stale, return ReadIns
DEBUG flower 2021-04-08 11:28:08,251 | numpy_client.py:228 | read: ReadRes(clock=23)
DEBUG flower 2021-04-08 11:28:08,259 | numpy_client.py:172 | fit, FitIns(clock=24)
DEBUG flower 2021-04-08 11:28:08,259 | numpy_client.py:260 | cached_clock: 23, curr_clock: 24
INFO flower 2021-04-08 11:28:09,567 | numpy_client.py:205 | Cache is fresh, return FitRes(clock=24)
DEBUG flower 2021-04-08 11:28:17,327 | numpy_client.py:172 | fit, FitIns(clock=25)
DEBUG flower 2021-04-08 11:28:17,327 | numpy_client.py:260 | cached_clock: 23, curr_clock: 25
INFO flower 2021-04-08 11:28:17,327 | numpy_client.py:184 | Cache is stale, return ReadIns
DEBUG flower 2021-04-08 11:28:22,151 | numpy_client.py:228 | read: ReadRes(clock=24)
DEBUG flower 2021-04-08 11:28:22,158 | numpy_client.py:172 | fit, FitIns(clock=25)
DEBUG flower 2021-04-08 11:28:22,158 | numpy_client.py:260 | cached_clock: 24, curr_clock: 25
INFO flower 2021-04-08 11:28:23,468 | numpy_client.py:205 | Cache is fresh, return FitRes(clock=25)
DEBUG flower 2021-04-08 11:28:31,032 | numpy_client.py:172 | fit, FitIns(clock=26)
DEBUG flower 2021-04-08 11:28:31,032 | numpy_client.py:260 | cached_clock: 24, curr_clock: 26
INFO flower 2021-04-08 11:28:31,033 | numpy_client.py:184 | Cache is stale, return ReadIns
DEBUG flower 2021-04-08 11:28:35,246 | numpy_client.py:228 | read: ReadRes(clock=25)
DEBUG flower 2021-04-08 11:28:35,253 | numpy_client.py:172 | fit, FitIns(clock=26)
DEBUG flower 2021-04-08 11:28:35,253 | numpy_client.py:260 | cached_clock: 25, curr_clock: 26
INFO flower 2021-04-08 11:28:36,562 | numpy_client.py:205 | Cache is fresh, return FitRes(clock=26)
DEBUG flower 2021-04-08 11:28:44,501 | numpy_client.py:172 | fit, FitIns(clock=27)
DEBUG flower 2021-04-08 11:28:44,501 | numpy_client.py:260 | cached_clock: 25, curr_clock: 27
INFO flower 2021-04-08 11:28:44,501 | numpy_client.py:184 | Cache is stale, return ReadIns
DEBUG flower 2021-04-08 11:28:48,720 | numpy_client.py:228 | read: ReadRes(clock=26)
DEBUG flower 2021-04-08 11:28:48,728 | numpy_client.py:172 | fit, FitIns(clock=27)
DEBUG flower 2021-04-08 11:28:48,728 | numpy_client.py:260 | cached_clock: 26, curr_clock: 27
INFO flower 2021-04-08 11:28:50,049 | numpy_client.py:205 | Cache is fresh, return FitRes(clock=27)
DEBUG flower 2021-04-08 11:28:58,340 | numpy_client.py:172 | fit, FitIns(clock=28)
DEBUG flower 2021-04-08 11:28:58,340 | numpy_client.py:260 | cached_clock: 26, curr_clock: 28
INFO flower 2021-04-08 11:28:58,340 | numpy_client.py:184 | Cache is stale, return ReadIns
DEBUG flower 2021-04-08 11:29:02,556 | numpy_client.py:228 | read: ReadRes(clock=27)
DEBUG flower 2021-04-08 11:29:02,563 | numpy_client.py:172 | fit, FitIns(clock=28)
DEBUG flower 2021-04-08 11:29:02,563 | numpy_client.py:260 | cached_clock: 27, curr_clock: 28
INFO flower 2021-04-08 11:29:03,871 | numpy_client.py:205 | Cache is fresh, return FitRes(clock=28)
DEBUG flower 2021-04-08 11:29:11,461 | numpy_client.py:172 | fit, FitIns(clock=29)
DEBUG flower 2021-04-08 11:29:11,461 | numpy_client.py:260 | cached_clock: 27, curr_clock: 29
INFO flower 2021-04-08 11:29:11,462 | numpy_client.py:184 | Cache is stale, return ReadIns
DEBUG flower 2021-04-08 11:29:15,752 | numpy_client.py:228 | read: ReadRes(clock=28)
DEBUG flower 2021-04-08 11:29:15,759 | numpy_client.py:172 | fit, FitIns(clock=29)
DEBUG flower 2021-04-08 11:29:15,760 | numpy_client.py:260 | cached_clock: 28, curr_clock: 29
INFO flower 2021-04-08 11:29:17,176 | numpy_client.py:205 | Cache is fresh, return FitRes(clock=29)
DEBUG flower 2021-04-08 11:29:24,542 | numpy_client.py:172 | fit, FitIns(clock=30)
DEBUG flower 2021-04-08 11:29:24,542 | numpy_client.py:260 | cached_clock: 28, curr_clock: 30
INFO flower 2021-04-08 11:29:24,542 | numpy_client.py:184 | Cache is stale, return ReadIns
DEBUG flower 2021-04-08 11:29:28,756 | numpy_client.py:228 | read: ReadRes(clock=29)
DEBUG flower 2021-04-08 11:29:28,764 | numpy_client.py:172 | fit, FitIns(clock=30)
DEBUG flower 2021-04-08 11:29:28,764 | numpy_client.py:260 | cached_clock: 29, curr_clock: 30
INFO flower 2021-04-08 11:29:30,066 | numpy_client.py:205 | Cache is fresh, return FitRes(clock=30)
DEBUG flower 2021-04-08 11:29:37,592 | numpy_client.py:172 | fit, FitIns(clock=31)
DEBUG flower 2021-04-08 11:29:37,592 | numpy_client.py:260 | cached_clock: 29, curr_clock: 31
INFO flower 2021-04-08 11:29:37,592 | numpy_client.py:184 | Cache is stale, return ReadIns
DEBUG flower 2021-04-08 11:29:41,859 | numpy_client.py:228 | read: ReadRes(clock=30)
DEBUG flower 2021-04-08 11:29:41,867 | numpy_client.py:172 | fit, FitIns(clock=31)
DEBUG flower 2021-04-08 11:29:41,867 | numpy_client.py:260 | cached_clock: 30, curr_clock: 31
INFO flower 2021-04-08 11:29:43,168 | numpy_client.py:205 | Cache is fresh, return FitRes(clock=31)
DEBUG flower 2021-04-08 11:29:50,820 | numpy_client.py:172 | fit, FitIns(clock=32)
DEBUG flower 2021-04-08 11:29:50,821 | numpy_client.py:260 | cached_clock: 30, curr_clock: 32
INFO flower 2021-04-08 11:29:50,821 | numpy_client.py:184 | Cache is stale, return ReadIns
DEBUG flower 2021-04-08 11:29:54,844 | numpy_client.py:228 | read: ReadRes(clock=31)
DEBUG flower 2021-04-08 11:29:54,851 | numpy_client.py:172 | fit, FitIns(clock=32)
DEBUG flower 2021-04-08 11:29:54,852 | numpy_client.py:260 | cached_clock: 31, curr_clock: 32
INFO flower 2021-04-08 11:29:56,176 | numpy_client.py:205 | Cache is fresh, return FitRes(clock=32)
DEBUG flower 2021-04-08 11:30:03,943 | numpy_client.py:172 | fit, FitIns(clock=33)
DEBUG flower 2021-04-08 11:30:03,943 | numpy_client.py:260 | cached_clock: 31, curr_clock: 33
INFO flower 2021-04-08 11:30:03,944 | numpy_client.py:184 | Cache is stale, return ReadIns
DEBUG flower 2021-04-08 11:30:08,252 | numpy_client.py:228 | read: ReadRes(clock=32)
DEBUG flower 2021-04-08 11:30:08,260 | numpy_client.py:172 | fit, FitIns(clock=33)
DEBUG flower 2021-04-08 11:30:08,260 | numpy_client.py:260 | cached_clock: 32, curr_clock: 33
INFO flower 2021-04-08 11:30:09,560 | numpy_client.py:205 | Cache is fresh, return FitRes(clock=33)
DEBUG flower 2021-04-08 11:30:17,187 | numpy_client.py:172 | fit, FitIns(clock=34)
DEBUG flower 2021-04-08 11:30:17,188 | numpy_client.py:260 | cached_clock: 32, curr_clock: 34
INFO flower 2021-04-08 11:30:17,188 | numpy_client.py:184 | Cache is stale, return ReadIns
DEBUG flower 2021-04-08 11:30:21,543 | numpy_client.py:228 | read: ReadRes(clock=33)
DEBUG flower 2021-04-08 11:30:21,550 | numpy_client.py:172 | fit, FitIns(clock=34)
DEBUG flower 2021-04-08 11:30:21,551 | numpy_client.py:260 | cached_clock: 33, curr_clock: 34
INFO flower 2021-04-08 11:30:22,867 | numpy_client.py:205 | Cache is fresh, return FitRes(clock=34)
DEBUG flower 2021-04-08 11:30:30,546 | numpy_client.py:172 | fit, FitIns(clock=35)
DEBUG flower 2021-04-08 11:30:30,546 | numpy_client.py:260 | cached_clock: 33, curr_clock: 35
INFO flower 2021-04-08 11:30:30,546 | numpy_client.py:184 | Cache is stale, return ReadIns
DEBUG flower 2021-04-08 11:30:34,507 | numpy_client.py:228 | read: ReadRes(clock=34)
DEBUG flower 2021-04-08 11:30:34,515 | numpy_client.py:172 | fit, FitIns(clock=35)
DEBUG flower 2021-04-08 11:30:34,515 | numpy_client.py:260 | cached_clock: 34, curr_clock: 35
INFO flower 2021-04-08 11:30:35,949 | numpy_client.py:205 | Cache is fresh, return FitRes(clock=35)
DEBUG flower 2021-04-08 11:30:43,823 | numpy_client.py:172 | fit, FitIns(clock=36)
DEBUG flower 2021-04-08 11:30:43,824 | numpy_client.py:260 | cached_clock: 34, curr_clock: 36
INFO flower 2021-04-08 11:30:43,824 | numpy_client.py:184 | Cache is stale, return ReadIns
DEBUG flower 2021-04-08 11:30:47,846 | numpy_client.py:228 | read: ReadRes(clock=35)
DEBUG flower 2021-04-08 11:30:47,854 | numpy_client.py:172 | fit, FitIns(clock=36)
DEBUG flower 2021-04-08 11:30:47,854 | numpy_client.py:260 | cached_clock: 35, curr_clock: 36
INFO flower 2021-04-08 11:30:49,083 | numpy_client.py:205 | Cache is fresh, return FitRes(clock=36)
DEBUG flower 2021-04-08 11:30:56,538 | numpy_client.py:172 | fit, FitIns(clock=37)
DEBUG flower 2021-04-08 11:30:56,538 | numpy_client.py:260 | cached_clock: 35, curr_clock: 37
INFO flower 2021-04-08 11:30:56,538 | numpy_client.py:184 | Cache is stale, return ReadIns
DEBUG flower 2021-04-08 11:31:00,858 | numpy_client.py:228 | read: ReadRes(clock=36)
DEBUG flower 2021-04-08 11:31:00,865 | numpy_client.py:172 | fit, FitIns(clock=37)
DEBUG flower 2021-04-08 11:31:00,865 | numpy_client.py:260 | cached_clock: 36, curr_clock: 37
INFO flower 2021-04-08 11:31:02,247 | numpy_client.py:205 | Cache is fresh, return FitRes(clock=37)
DEBUG flower 2021-04-08 11:31:09,599 | numpy_client.py:172 | fit, FitIns(clock=38)
DEBUG flower 2021-04-08 11:31:09,599 | numpy_client.py:260 | cached_clock: 36, curr_clock: 38
INFO flower 2021-04-08 11:31:09,599 | numpy_client.py:184 | Cache is stale, return ReadIns
DEBUG flower 2021-04-08 11:31:13,654 | numpy_client.py:228 | read: ReadRes(clock=37)
DEBUG flower 2021-04-08 11:31:13,662 | numpy_client.py:172 | fit, FitIns(clock=38)
DEBUG flower 2021-04-08 11:31:13,662 | numpy_client.py:260 | cached_clock: 37, curr_clock: 38
INFO flower 2021-04-08 11:31:14,951 | numpy_client.py:205 | Cache is fresh, return FitRes(clock=38)
DEBUG flower 2021-04-08 11:31:22,826 | numpy_client.py:172 | fit, FitIns(clock=39)
DEBUG flower 2021-04-08 11:31:22,826 | numpy_client.py:260 | cached_clock: 37, curr_clock: 39
INFO flower 2021-04-08 11:31:22,826 | numpy_client.py:184 | Cache is stale, return ReadIns
DEBUG flower 2021-04-08 11:31:27,056 | numpy_client.py:228 | read: ReadRes(clock=38)
DEBUG flower 2021-04-08 11:31:27,063 | numpy_client.py:172 | fit, FitIns(clock=39)
DEBUG flower 2021-04-08 11:31:27,063 | numpy_client.py:260 | cached_clock: 38, curr_clock: 39
INFO flower 2021-04-08 11:31:28,465 | numpy_client.py:205 | Cache is fresh, return FitRes(clock=39)
DEBUG flower 2021-04-08 11:31:35,970 | numpy_client.py:172 | fit, FitIns(clock=40)
DEBUG flower 2021-04-08 11:31:35,970 | numpy_client.py:260 | cached_clock: 38, curr_clock: 40
INFO flower 2021-04-08 11:31:35,970 | numpy_client.py:184 | Cache is stale, return ReadIns
DEBUG flower 2021-04-08 11:31:39,955 | numpy_client.py:228 | read: ReadRes(clock=39)
DEBUG flower 2021-04-08 11:31:39,962 | numpy_client.py:172 | fit, FitIns(clock=40)
DEBUG flower 2021-04-08 11:31:39,962 | numpy_client.py:260 | cached_clock: 39, curr_clock: 40
INFO flower 2021-04-08 11:31:41,264 | numpy_client.py:205 | Cache is fresh, return FitRes(clock=40)
DEBUG flower 2021-04-08 11:31:48,721 | numpy_client.py:172 | fit, FitIns(clock=41)
DEBUG flower 2021-04-08 11:31:48,722 | numpy_client.py:260 | cached_clock: 39, curr_clock: 41
INFO flower 2021-04-08 11:31:48,722 | numpy_client.py:184 | Cache is stale, return ReadIns
DEBUG flower 2021-04-08 11:31:53,356 | numpy_client.py:228 | read: ReadRes(clock=40)
DEBUG flower 2021-04-08 11:31:53,363 | numpy_client.py:172 | fit, FitIns(clock=41)
DEBUG flower 2021-04-08 11:31:53,363 | numpy_client.py:260 | cached_clock: 40, curr_clock: 41
INFO flower 2021-04-08 11:31:54,946 | numpy_client.py:205 | Cache is fresh, return FitRes(clock=41)
DEBUG flower 2021-04-08 11:32:02,199 | numpy_client.py:172 | fit, FitIns(clock=42)
DEBUG flower 2021-04-08 11:32:02,199 | numpy_client.py:260 | cached_clock: 40, curr_clock: 42
INFO flower 2021-04-08 11:32:02,200 | numpy_client.py:184 | Cache is stale, return ReadIns
DEBUG flower 2021-04-08 11:32:06,247 | numpy_client.py:228 | read: ReadRes(clock=41)
DEBUG flower 2021-04-08 11:32:06,256 | numpy_client.py:172 | fit, FitIns(clock=42)
DEBUG flower 2021-04-08 11:32:06,256 | numpy_client.py:260 | cached_clock: 41, curr_clock: 42
INFO flower 2021-04-08 11:32:07,585 | numpy_client.py:205 | Cache is fresh, return FitRes(clock=42)
DEBUG flower 2021-04-08 11:32:15,420 | numpy_client.py:172 | fit, FitIns(clock=43)
DEBUG flower 2021-04-08 11:32:15,421 | numpy_client.py:260 | cached_clock: 41, curr_clock: 43
INFO flower 2021-04-08 11:32:15,421 | numpy_client.py:184 | Cache is stale, return ReadIns
DEBUG flower 2021-04-08 11:32:19,559 | numpy_client.py:228 | read: ReadRes(clock=42)
DEBUG flower 2021-04-08 11:32:19,566 | numpy_client.py:172 | fit, FitIns(clock=43)
DEBUG flower 2021-04-08 11:32:19,566 | numpy_client.py:260 | cached_clock: 42, curr_clock: 43
INFO flower 2021-04-08 11:32:20,867 | numpy_client.py:205 | Cache is fresh, return FitRes(clock=43)
DEBUG flower 2021-04-08 11:32:28,206 | numpy_client.py:172 | fit, FitIns(clock=44)
DEBUG flower 2021-04-08 11:32:28,206 | numpy_client.py:260 | cached_clock: 42, curr_clock: 44
INFO flower 2021-04-08 11:32:28,206 | numpy_client.py:184 | Cache is stale, return ReadIns
DEBUG flower 2021-04-08 11:32:32,342 | numpy_client.py:228 | read: ReadRes(clock=43)
DEBUG flower 2021-04-08 11:32:32,350 | numpy_client.py:172 | fit, FitIns(clock=44)
DEBUG flower 2021-04-08 11:32:32,350 | numpy_client.py:260 | cached_clock: 43, curr_clock: 44
INFO flower 2021-04-08 11:32:33,646 | numpy_client.py:205 | Cache is fresh, return FitRes(clock=44)
DEBUG flower 2021-04-08 11:32:41,039 | numpy_client.py:172 | fit, FitIns(clock=45)
DEBUG flower 2021-04-08 11:32:41,039 | numpy_client.py:260 | cached_clock: 43, curr_clock: 45
INFO flower 2021-04-08 11:32:41,039 | numpy_client.py:184 | Cache is stale, return ReadIns
DEBUG flower 2021-04-08 11:32:45,154 | numpy_client.py:228 | read: ReadRes(clock=44)
DEBUG flower 2021-04-08 11:32:45,161 | numpy_client.py:172 | fit, FitIns(clock=45)
DEBUG flower 2021-04-08 11:32:45,161 | numpy_client.py:260 | cached_clock: 44, curr_clock: 45
INFO flower 2021-04-08 11:32:46,464 | numpy_client.py:205 | Cache is fresh, return FitRes(clock=45)
DEBUG flower 2021-04-08 11:32:54,149 | numpy_client.py:172 | fit, FitIns(clock=46)
DEBUG flower 2021-04-08 11:32:54,149 | numpy_client.py:260 | cached_clock: 44, curr_clock: 46
INFO flower 2021-04-08 11:32:54,149 | numpy_client.py:184 | Cache is stale, return ReadIns
DEBUG flower 2021-04-08 11:32:58,442 | numpy_client.py:228 | read: ReadRes(clock=45)
DEBUG flower 2021-04-08 11:32:58,450 | numpy_client.py:172 | fit, FitIns(clock=46)
DEBUG flower 2021-04-08 11:32:58,450 | numpy_client.py:260 | cached_clock: 45, curr_clock: 46
INFO flower 2021-04-08 11:32:59,769 | numpy_client.py:205 | Cache is fresh, return FitRes(clock=46)
DEBUG flower 2021-04-08 11:33:07,614 | numpy_client.py:172 | fit, FitIns(clock=47)
DEBUG flower 2021-04-08 11:33:07,614 | numpy_client.py:260 | cached_clock: 45, curr_clock: 47
INFO flower 2021-04-08 11:33:07,614 | numpy_client.py:184 | Cache is stale, return ReadIns
DEBUG flower 2021-04-08 11:33:11,813 | numpy_client.py:228 | read: ReadRes(clock=46)
DEBUG flower 2021-04-08 11:33:11,823 | numpy_client.py:172 | fit, FitIns(clock=47)
DEBUG flower 2021-04-08 11:33:11,823 | numpy_client.py:260 | cached_clock: 46, curr_clock: 47
INFO flower 2021-04-08 11:33:13,157 | numpy_client.py:205 | Cache is fresh, return FitRes(clock=47)
DEBUG flower 2021-04-08 11:33:21,194 | numpy_client.py:172 | fit, FitIns(clock=48)
DEBUG flower 2021-04-08 11:33:21,194 | numpy_client.py:260 | cached_clock: 46, curr_clock: 48
INFO flower 2021-04-08 11:33:21,194 | numpy_client.py:184 | Cache is stale, return ReadIns
DEBUG flower 2021-04-08 11:33:25,313 | numpy_client.py:228 | read: ReadRes(clock=47)
DEBUG flower 2021-04-08 11:33:25,321 | numpy_client.py:172 | fit, FitIns(clock=48)
DEBUG flower 2021-04-08 11:33:25,321 | numpy_client.py:260 | cached_clock: 47, curr_clock: 48
INFO flower 2021-04-08 11:33:26,663 | numpy_client.py:205 | Cache is fresh, return FitRes(clock=48)
DEBUG flower 2021-04-08 11:33:34,206 | numpy_client.py:172 | fit, FitIns(clock=49)
DEBUG flower 2021-04-08 11:33:34,207 | numpy_client.py:260 | cached_clock: 47, curr_clock: 49
INFO flower 2021-04-08 11:33:34,207 | numpy_client.py:184 | Cache is stale, return ReadIns
DEBUG flower 2021-04-08 11:33:38,664 | numpy_client.py:228 | read: ReadRes(clock=48)
DEBUG flower 2021-04-08 11:33:38,671 | numpy_client.py:172 | fit, FitIns(clock=49)
DEBUG flower 2021-04-08 11:33:38,671 | numpy_client.py:260 | cached_clock: 48, curr_clock: 49
INFO flower 2021-04-08 11:33:40,049 | numpy_client.py:205 | Cache is fresh, return FitRes(clock=49)
DEBUG flower 2021-04-08 11:33:47,602 | numpy_client.py:172 | fit, FitIns(clock=50)
DEBUG flower 2021-04-08 11:33:47,602 | numpy_client.py:260 | cached_clock: 48, curr_clock: 50
INFO flower 2021-04-08 11:33:47,602 | numpy_client.py:184 | Cache is stale, return ReadIns
DEBUG flower 2021-04-08 11:33:52,255 | numpy_client.py:228 | read: ReadRes(clock=49)
DEBUG flower 2021-04-08 11:33:52,262 | numpy_client.py:172 | fit, FitIns(clock=50)
DEBUG flower 2021-04-08 11:33:52,262 | numpy_client.py:260 | cached_clock: 49, curr_clock: 50
INFO flower 2021-04-08 11:33:53,547 | numpy_client.py:205 | Cache is fresh, return FitRes(clock=50)
DEBUG flower 2021-04-08 11:34:02,280 | numpy_client.py:172 | fit, FitIns(clock=51)
DEBUG flower 2021-04-08 11:34:02,280 | numpy_client.py:260 | cached_clock: 49, curr_clock: 51
INFO flower 2021-04-08 11:34:02,280 | numpy_client.py:184 | Cache is stale, return ReadIns
DEBUG flower 2021-04-08 11:34:06,773 | numpy_client.py:228 | read: ReadRes(clock=50)
DEBUG flower 2021-04-08 11:34:06,780 | numpy_client.py:172 | fit, FitIns(clock=51)
DEBUG flower 2021-04-08 11:34:06,781 | numpy_client.py:260 | cached_clock: 50, curr_clock: 51
INFO flower 2021-04-08 11:34:08,048 | numpy_client.py:205 | Cache is fresh, return FitRes(clock=51)
DEBUG flower 2021-04-08 11:34:16,054 | numpy_client.py:172 | fit, FitIns(clock=52)
DEBUG flower 2021-04-08 11:34:16,054 | numpy_client.py:260 | cached_clock: 50, curr_clock: 52
INFO flower 2021-04-08 11:34:16,055 | numpy_client.py:184 | Cache is stale, return ReadIns
DEBUG flower 2021-04-08 11:34:20,152 | numpy_client.py:228 | read: ReadRes(clock=51)
DEBUG flower 2021-04-08 11:34:20,159 | numpy_client.py:172 | fit, FitIns(clock=52)
DEBUG flower 2021-04-08 11:34:20,160 | numpy_client.py:260 | cached_clock: 51, curr_clock: 52
INFO flower 2021-04-08 11:34:21,481 | numpy_client.py:205 | Cache is fresh, return FitRes(clock=52)
DEBUG flower 2021-04-08 11:34:29,329 | numpy_client.py:172 | fit, FitIns(clock=53)
DEBUG flower 2021-04-08 11:34:29,329 | numpy_client.py:260 | cached_clock: 51, curr_clock: 53
INFO flower 2021-04-08 11:34:29,329 | numpy_client.py:184 | Cache is stale, return ReadIns
DEBUG flower 2021-04-08 11:34:33,824 | numpy_client.py:228 | read: ReadRes(clock=52)
DEBUG flower 2021-04-08 11:34:33,847 | numpy_client.py:172 | fit, FitIns(clock=53)
DEBUG flower 2021-04-08 11:34:33,847 | numpy_client.py:260 | cached_clock: 52, curr_clock: 53
INFO flower 2021-04-08 11:34:35,162 | numpy_client.py:205 | Cache is fresh, return FitRes(clock=53)
DEBUG flower 2021-04-08 11:34:42,827 | numpy_client.py:172 | fit, FitIns(clock=54)
DEBUG flower 2021-04-08 11:34:42,827 | numpy_client.py:260 | cached_clock: 52, curr_clock: 54
INFO flower 2021-04-08 11:34:42,827 | numpy_client.py:184 | Cache is stale, return ReadIns
DEBUG flower 2021-04-08 11:34:46,950 | numpy_client.py:228 | read: ReadRes(clock=53)
DEBUG flower 2021-04-08 11:34:46,958 | numpy_client.py:172 | fit, FitIns(clock=54)
DEBUG flower 2021-04-08 11:34:46,958 | numpy_client.py:260 | cached_clock: 53, curr_clock: 54
INFO flower 2021-04-08 11:34:48,265 | numpy_client.py:205 | Cache is fresh, return FitRes(clock=54)
DEBUG flower 2021-04-08 11:34:56,748 | numpy_client.py:172 | fit, FitIns(clock=55)
DEBUG flower 2021-04-08 11:34:56,748 | numpy_client.py:260 | cached_clock: 53, curr_clock: 55
INFO flower 2021-04-08 11:34:56,748 | numpy_client.py:184 | Cache is stale, return ReadIns
DEBUG flower 2021-04-08 11:35:00,957 | numpy_client.py:228 | read: ReadRes(clock=54)
DEBUG flower 2021-04-08 11:35:00,964 | numpy_client.py:172 | fit, FitIns(clock=55)
DEBUG flower 2021-04-08 11:35:00,964 | numpy_client.py:260 | cached_clock: 54, curr_clock: 55
INFO flower 2021-04-08 11:35:02,248 | numpy_client.py:205 | Cache is fresh, return FitRes(clock=55)
DEBUG flower 2021-04-08 11:35:09,419 | numpy_client.py:172 | fit, FitIns(clock=56)
DEBUG flower 2021-04-08 11:35:09,419 | numpy_client.py:260 | cached_clock: 54, curr_clock: 56
INFO flower 2021-04-08 11:35:09,419 | numpy_client.py:184 | Cache is stale, return ReadIns
DEBUG flower 2021-04-08 11:35:13,425 | numpy_client.py:228 | read: ReadRes(clock=55)
DEBUG flower 2021-04-08 11:35:13,432 | numpy_client.py:172 | fit, FitIns(clock=56)
DEBUG flower 2021-04-08 11:35:13,432 | numpy_client.py:260 | cached_clock: 55, curr_clock: 56
INFO flower 2021-04-08 11:35:14,684 | numpy_client.py:205 | Cache is fresh, return FitRes(clock=56)
DEBUG flower 2021-04-08 11:35:22,520 | numpy_client.py:172 | fit, FitIns(clock=57)
DEBUG flower 2021-04-08 11:35:22,520 | numpy_client.py:260 | cached_clock: 55, curr_clock: 57
INFO flower 2021-04-08 11:35:22,520 | numpy_client.py:184 | Cache is stale, return ReadIns
DEBUG flower 2021-04-08 11:35:26,661 | numpy_client.py:228 | read: ReadRes(clock=56)
DEBUG flower 2021-04-08 11:35:26,667 | numpy_client.py:172 | fit, FitIns(clock=57)
DEBUG flower 2021-04-08 11:35:26,667 | numpy_client.py:260 | cached_clock: 56, curr_clock: 57
INFO flower 2021-04-08 11:35:27,974 | numpy_client.py:205 | Cache is fresh, return FitRes(clock=57)
DEBUG flower 2021-04-08 11:35:35,362 | numpy_client.py:172 | fit, FitIns(clock=58)
DEBUG flower 2021-04-08 11:35:35,362 | numpy_client.py:260 | cached_clock: 56, curr_clock: 58
INFO flower 2021-04-08 11:35:35,362 | numpy_client.py:184 | Cache is stale, return ReadIns
DEBUG flower 2021-04-08 11:35:39,261 | numpy_client.py:228 | read: ReadRes(clock=57)
DEBUG flower 2021-04-08 11:35:39,269 | numpy_client.py:172 | fit, FitIns(clock=58)
DEBUG flower 2021-04-08 11:35:39,269 | numpy_client.py:260 | cached_clock: 57, curr_clock: 58
INFO flower 2021-04-08 11:35:40,649 | numpy_client.py:205 | Cache is fresh, return FitRes(clock=58)
DEBUG flower 2021-04-08 11:35:48,275 | numpy_client.py:172 | fit, FitIns(clock=59)
DEBUG flower 2021-04-08 11:35:48,275 | numpy_client.py:260 | cached_clock: 57, curr_clock: 59
INFO flower 2021-04-08 11:35:48,275 | numpy_client.py:184 | Cache is stale, return ReadIns
DEBUG flower 2021-04-08 11:35:52,260 | numpy_client.py:228 | read: ReadRes(clock=58)
DEBUG flower 2021-04-08 11:35:52,267 | numpy_client.py:172 | fit, FitIns(clock=59)
DEBUG flower 2021-04-08 11:35:52,267 | numpy_client.py:260 | cached_clock: 58, curr_clock: 59
INFO flower 2021-04-08 11:35:53,546 | numpy_client.py:205 | Cache is fresh, return FitRes(clock=59)
DEBUG flower 2021-04-08 11:36:00,947 | numpy_client.py:172 | fit, FitIns(clock=60)
DEBUG flower 2021-04-08 11:36:00,947 | numpy_client.py:260 | cached_clock: 58, curr_clock: 60
INFO flower 2021-04-08 11:36:00,948 | numpy_client.py:184 | Cache is stale, return ReadIns
DEBUG flower 2021-04-08 11:36:05,142 | numpy_client.py:228 | read: ReadRes(clock=59)
DEBUG flower 2021-04-08 11:36:05,150 | numpy_client.py:172 | fit, FitIns(clock=60)
DEBUG flower 2021-04-08 11:36:05,150 | numpy_client.py:260 | cached_clock: 59, curr_clock: 60
INFO flower 2021-04-08 11:36:06,472 | numpy_client.py:205 | Cache is fresh, return FitRes(clock=60)
DEBUG flower 2021-04-08 11:36:13,932 | numpy_client.py:172 | fit, FitIns(clock=61)
DEBUG flower 2021-04-08 11:36:13,933 | numpy_client.py:260 | cached_clock: 59, curr_clock: 61
INFO flower 2021-04-08 11:36:13,933 | numpy_client.py:184 | Cache is stale, return ReadIns
DEBUG flower 2021-04-08 11:36:18,652 | numpy_client.py:228 | read: ReadRes(clock=60)
DEBUG flower 2021-04-08 11:36:18,659 | numpy_client.py:172 | fit, FitIns(clock=61)
DEBUG flower 2021-04-08 11:36:18,660 | numpy_client.py:260 | cached_clock: 60, curr_clock: 61
INFO flower 2021-04-08 11:36:20,046 | numpy_client.py:205 | Cache is fresh, return FitRes(clock=61)
DEBUG flower 2021-04-08 11:36:27,502 | numpy_client.py:172 | fit, FitIns(clock=62)
DEBUG flower 2021-04-08 11:36:27,502 | numpy_client.py:260 | cached_clock: 60, curr_clock: 62
INFO flower 2021-04-08 11:36:27,503 | numpy_client.py:184 | Cache is stale, return ReadIns
DEBUG flower 2021-04-08 11:36:32,056 | numpy_client.py:228 | read: ReadRes(clock=61)
DEBUG flower 2021-04-08 11:36:32,064 | numpy_client.py:172 | fit, FitIns(clock=62)
DEBUG flower 2021-04-08 11:36:32,064 | numpy_client.py:260 | cached_clock: 61, curr_clock: 62
INFO flower 2021-04-08 11:36:33,365 | numpy_client.py:205 | Cache is fresh, return FitRes(clock=62)
DEBUG flower 2021-04-08 11:36:40,749 | numpy_client.py:172 | fit, FitIns(clock=63)
DEBUG flower 2021-04-08 11:36:40,749 | numpy_client.py:260 | cached_clock: 61, curr_clock: 63
INFO flower 2021-04-08 11:36:40,749 | numpy_client.py:184 | Cache is stale, return ReadIns
DEBUG flower 2021-04-08 11:36:45,155 | numpy_client.py:228 | read: ReadRes(clock=62)
DEBUG flower 2021-04-08 11:36:45,163 | numpy_client.py:172 | fit, FitIns(clock=63)
DEBUG flower 2021-04-08 11:36:45,163 | numpy_client.py:260 | cached_clock: 62, curr_clock: 63
INFO flower 2021-04-08 11:36:46,546 | numpy_client.py:205 | Cache is fresh, return FitRes(clock=63)
DEBUG flower 2021-04-08 11:36:54,613 | numpy_client.py:172 | fit, FitIns(clock=64)
DEBUG flower 2021-04-08 11:36:54,613 | numpy_client.py:260 | cached_clock: 62, curr_clock: 64
INFO flower 2021-04-08 11:36:54,614 | numpy_client.py:184 | Cache is stale, return ReadIns
DEBUG flower 2021-04-08 11:36:59,243 | numpy_client.py:228 | read: ReadRes(clock=63)
DEBUG flower 2021-04-08 11:36:59,250 | numpy_client.py:172 | fit, FitIns(clock=64)
DEBUG flower 2021-04-08 11:36:59,250 | numpy_client.py:260 | cached_clock: 63, curr_clock: 64
INFO flower 2021-04-08 11:37:00,567 | numpy_client.py:205 | Cache is fresh, return FitRes(clock=64)
DEBUG flower 2021-04-08 11:37:08,379 | numpy_client.py:172 | fit, FitIns(clock=65)
DEBUG flower 2021-04-08 11:37:08,380 | numpy_client.py:260 | cached_clock: 63, curr_clock: 65
INFO flower 2021-04-08 11:37:08,380 | numpy_client.py:184 | Cache is stale, return ReadIns
DEBUG flower 2021-04-08 11:37:12,648 | numpy_client.py:228 | read: ReadRes(clock=64)
DEBUG flower 2021-04-08 11:37:12,655 | numpy_client.py:172 | fit, FitIns(clock=65)
DEBUG flower 2021-04-08 11:37:12,655 | numpy_client.py:260 | cached_clock: 64, curr_clock: 65
INFO flower 2021-04-08 11:37:13,952 | numpy_client.py:205 | Cache is fresh, return FitRes(clock=65)
DEBUG flower 2021-04-08 11:37:21,546 | numpy_client.py:172 | fit, FitIns(clock=66)
DEBUG flower 2021-04-08 11:37:21,546 | numpy_client.py:260 | cached_clock: 64, curr_clock: 66
INFO flower 2021-04-08 11:37:21,546 | numpy_client.py:184 | Cache is stale, return ReadIns
DEBUG flower 2021-04-08 11:37:25,753 | numpy_client.py:228 | read: ReadRes(clock=65)
DEBUG flower 2021-04-08 11:37:25,760 | numpy_client.py:172 | fit, FitIns(clock=66)
DEBUG flower 2021-04-08 11:37:25,760 | numpy_client.py:260 | cached_clock: 65, curr_clock: 66
INFO flower 2021-04-08 11:37:27,050 | numpy_client.py:205 | Cache is fresh, return FitRes(clock=66)
DEBUG flower 2021-04-08 11:37:34,854 | numpy_client.py:172 | fit, FitIns(clock=67)
DEBUG flower 2021-04-08 11:37:34,854 | numpy_client.py:260 | cached_clock: 65, curr_clock: 67
INFO flower 2021-04-08 11:37:34,854 | numpy_client.py:184 | Cache is stale, return ReadIns
DEBUG flower 2021-04-08 11:37:39,030 | numpy_client.py:228 | read: ReadRes(clock=66)
DEBUG flower 2021-04-08 11:37:39,038 | numpy_client.py:172 | fit, FitIns(clock=67)
DEBUG flower 2021-04-08 11:37:39,038 | numpy_client.py:260 | cached_clock: 66, curr_clock: 67
INFO flower 2021-04-08 11:37:40,371 | numpy_client.py:205 | Cache is fresh, return FitRes(clock=67)
DEBUG flower 2021-04-08 11:37:48,088 | numpy_client.py:172 | fit, FitIns(clock=68)
DEBUG flower 2021-04-08 11:37:48,088 | numpy_client.py:260 | cached_clock: 66, curr_clock: 68
INFO flower 2021-04-08 11:37:48,088 | numpy_client.py:184 | Cache is stale, return ReadIns
DEBUG flower 2021-04-08 11:37:52,355 | numpy_client.py:228 | read: ReadRes(clock=67)
DEBUG flower 2021-04-08 11:37:52,362 | numpy_client.py:172 | fit, FitIns(clock=68)
DEBUG flower 2021-04-08 11:37:52,362 | numpy_client.py:260 | cached_clock: 67, curr_clock: 68
INFO flower 2021-04-08 11:37:53,751 | numpy_client.py:205 | Cache is fresh, return FitRes(clock=68)
DEBUG flower 2021-04-08 11:38:01,151 | numpy_client.py:172 | fit, FitIns(clock=69)
DEBUG flower 2021-04-08 11:38:01,151 | numpy_client.py:260 | cached_clock: 67, curr_clock: 69
INFO flower 2021-04-08 11:38:01,151 | numpy_client.py:184 | Cache is stale, return ReadIns
DEBUG flower 2021-04-08 11:38:05,449 | numpy_client.py:228 | read: ReadRes(clock=68)
DEBUG flower 2021-04-08 11:38:05,456 | numpy_client.py:172 | fit, FitIns(clock=69)
DEBUG flower 2021-04-08 11:38:05,457 | numpy_client.py:260 | cached_clock: 68, curr_clock: 69
INFO flower 2021-04-08 11:38:06,784 | numpy_client.py:205 | Cache is fresh, return FitRes(clock=69)
DEBUG flower 2021-04-08 11:38:14,310 | numpy_client.py:172 | fit, FitIns(clock=70)
DEBUG flower 2021-04-08 11:38:14,310 | numpy_client.py:260 | cached_clock: 68, curr_clock: 70
INFO flower 2021-04-08 11:38:14,310 | numpy_client.py:184 | Cache is stale, return ReadIns
DEBUG flower 2021-04-08 11:38:18,860 | numpy_client.py:228 | read: ReadRes(clock=69)
DEBUG flower 2021-04-08 11:38:18,868 | numpy_client.py:172 | fit, FitIns(clock=70)
DEBUG flower 2021-04-08 11:38:18,868 | numpy_client.py:260 | cached_clock: 69, curr_clock: 70
INFO flower 2021-04-08 11:38:20,151 | numpy_client.py:205 | Cache is fresh, return FitRes(clock=70)
DEBUG flower 2021-04-08 11:38:27,393 | numpy_client.py:172 | fit, FitIns(clock=71)
DEBUG flower 2021-04-08 11:38:27,394 | numpy_client.py:260 | cached_clock: 69, curr_clock: 71
INFO flower 2021-04-08 11:38:27,394 | numpy_client.py:184 | Cache is stale, return ReadIns
DEBUG flower 2021-04-08 11:38:31,732 | numpy_client.py:228 | read: ReadRes(clock=70)
DEBUG flower 2021-04-08 11:38:31,739 | numpy_client.py:172 | fit, FitIns(clock=71)
DEBUG flower 2021-04-08 11:38:31,739 | numpy_client.py:260 | cached_clock: 70, curr_clock: 71
INFO flower 2021-04-08 11:38:32,964 | numpy_client.py:205 | Cache is fresh, return FitRes(clock=71)
DEBUG flower 2021-04-08 11:38:40,761 | numpy_client.py:172 | fit, FitIns(clock=72)
DEBUG flower 2021-04-08 11:38:40,761 | numpy_client.py:260 | cached_clock: 70, curr_clock: 72
INFO flower 2021-04-08 11:38:40,761 | numpy_client.py:184 | Cache is stale, return ReadIns
DEBUG flower 2021-04-08 11:38:45,655 | numpy_client.py:228 | read: ReadRes(clock=71)
DEBUG flower 2021-04-08 11:38:45,662 | numpy_client.py:172 | fit, FitIns(clock=72)
DEBUG flower 2021-04-08 11:38:45,662 | numpy_client.py:260 | cached_clock: 71, curr_clock: 72
INFO flower 2021-04-08 11:38:46,966 | numpy_client.py:205 | Cache is fresh, return FitRes(clock=72)
DEBUG flower 2021-04-08 11:38:54,866 | numpy_client.py:172 | fit, FitIns(clock=73)
DEBUG flower 2021-04-08 11:38:54,866 | numpy_client.py:260 | cached_clock: 71, curr_clock: 73
INFO flower 2021-04-08 11:38:54,866 | numpy_client.py:184 | Cache is stale, return ReadIns
DEBUG flower 2021-04-08 11:38:59,253 | numpy_client.py:228 | read: ReadRes(clock=72)
DEBUG flower 2021-04-08 11:38:59,261 | numpy_client.py:172 | fit, FitIns(clock=73)
DEBUG flower 2021-04-08 11:38:59,261 | numpy_client.py:260 | cached_clock: 72, curr_clock: 73
INFO flower 2021-04-08 11:39:00,665 | numpy_client.py:205 | Cache is fresh, return FitRes(clock=73)
DEBUG flower 2021-04-08 11:39:08,251 | numpy_client.py:172 | fit, FitIns(clock=74)
DEBUG flower 2021-04-08 11:39:08,252 | numpy_client.py:260 | cached_clock: 72, curr_clock: 74
INFO flower 2021-04-08 11:39:08,252 | numpy_client.py:184 | Cache is stale, return ReadIns
DEBUG flower 2021-04-08 11:39:12,756 | numpy_client.py:228 | read: ReadRes(clock=73)
DEBUG flower 2021-04-08 11:39:12,763 | numpy_client.py:172 | fit, FitIns(clock=74)
DEBUG flower 2021-04-08 11:39:12,763 | numpy_client.py:260 | cached_clock: 73, curr_clock: 74
INFO flower 2021-04-08 11:39:14,164 | numpy_client.py:205 | Cache is fresh, return FitRes(clock=74)
DEBUG flower 2021-04-08 11:39:22,207 | numpy_client.py:172 | fit, FitIns(clock=75)
DEBUG flower 2021-04-08 11:39:22,207 | numpy_client.py:260 | cached_clock: 73, curr_clock: 75
INFO flower 2021-04-08 11:39:22,207 | numpy_client.py:184 | Cache is stale, return ReadIns
DEBUG flower 2021-04-08 11:39:26,943 | numpy_client.py:228 | read: ReadRes(clock=74)
DEBUG flower 2021-04-08 11:39:26,949 | numpy_client.py:172 | fit, FitIns(clock=75)
DEBUG flower 2021-04-08 11:39:26,950 | numpy_client.py:260 | cached_clock: 74, curr_clock: 75
INFO flower 2021-04-08 11:39:28,272 | numpy_client.py:205 | Cache is fresh, return FitRes(clock=75)
DEBUG flower 2021-04-08 11:39:36,710 | numpy_client.py:172 | fit, FitIns(clock=76)
DEBUG flower 2021-04-08 11:39:36,710 | numpy_client.py:260 | cached_clock: 74, curr_clock: 76
INFO flower 2021-04-08 11:39:36,710 | numpy_client.py:184 | Cache is stale, return ReadIns
DEBUG flower 2021-04-08 11:39:41,154 | numpy_client.py:228 | read: ReadRes(clock=75)
DEBUG flower 2021-04-08 11:39:41,161 | numpy_client.py:172 | fit, FitIns(clock=76)
DEBUG flower 2021-04-08 11:39:41,161 | numpy_client.py:260 | cached_clock: 75, curr_clock: 76
INFO flower 2021-04-08 11:39:42,463 | numpy_client.py:205 | Cache is fresh, return FitRes(clock=76)
DEBUG flower 2021-04-08 11:39:50,347 | numpy_client.py:172 | fit, FitIns(clock=77)
DEBUG flower 2021-04-08 11:39:50,348 | numpy_client.py:260 | cached_clock: 75, curr_clock: 77
INFO flower 2021-04-08 11:39:50,348 | numpy_client.py:184 | Cache is stale, return ReadIns
DEBUG flower 2021-04-08 11:39:54,843 | numpy_client.py:228 | read: ReadRes(clock=76)
DEBUG flower 2021-04-08 11:39:54,850 | numpy_client.py:172 | fit, FitIns(clock=77)
DEBUG flower 2021-04-08 11:39:54,850 | numpy_client.py:260 | cached_clock: 76, curr_clock: 77
INFO flower 2021-04-08 11:39:56,149 | numpy_client.py:205 | Cache is fresh, return FitRes(clock=77)
DEBUG flower 2021-04-08 11:40:03,519 | numpy_client.py:172 | fit, FitIns(clock=78)
DEBUG flower 2021-04-08 11:40:03,519 | numpy_client.py:260 | cached_clock: 76, curr_clock: 78
INFO flower 2021-04-08 11:40:03,519 | numpy_client.py:184 | Cache is stale, return ReadIns
DEBUG flower 2021-04-08 11:40:07,842 | numpy_client.py:228 | read: ReadRes(clock=77)
DEBUG flower 2021-04-08 11:40:07,849 | numpy_client.py:172 | fit, FitIns(clock=78)
DEBUG flower 2021-04-08 11:40:07,849 | numpy_client.py:260 | cached_clock: 77, curr_clock: 78
INFO flower 2021-04-08 11:40:09,166 | numpy_client.py:205 | Cache is fresh, return FitRes(clock=78)
DEBUG flower 2021-04-08 11:40:16,723 | numpy_client.py:172 | fit, FitIns(clock=79)
DEBUG flower 2021-04-08 11:40:16,723 | numpy_client.py:260 | cached_clock: 77, curr_clock: 79
INFO flower 2021-04-08 11:40:16,723 | numpy_client.py:184 | Cache is stale, return ReadIns
DEBUG flower 2021-04-08 11:40:20,729 | numpy_client.py:228 | read: ReadRes(clock=78)
DEBUG flower 2021-04-08 11:40:20,736 | numpy_client.py:172 | fit, FitIns(clock=79)
DEBUG flower 2021-04-08 11:40:20,736 | numpy_client.py:260 | cached_clock: 78, curr_clock: 79
INFO flower 2021-04-08 11:40:22,050 | numpy_client.py:205 | Cache is fresh, return FitRes(clock=79)
DEBUG flower 2021-04-08 11:40:29,234 | numpy_client.py:172 | fit, FitIns(clock=80)
DEBUG flower 2021-04-08 11:40:29,235 | numpy_client.py:260 | cached_clock: 78, curr_clock: 80
INFO flower 2021-04-08 11:40:29,235 | numpy_client.py:184 | Cache is stale, return ReadIns
DEBUG flower 2021-04-08 11:40:33,245 | numpy_client.py:228 | read: ReadRes(clock=79)
DEBUG flower 2021-04-08 11:40:33,252 | numpy_client.py:172 | fit, FitIns(clock=80)
DEBUG flower 2021-04-08 11:40:33,252 | numpy_client.py:260 | cached_clock: 79, curr_clock: 80
INFO flower 2021-04-08 11:40:34,645 | numpy_client.py:205 | Cache is fresh, return FitRes(clock=80)
DEBUG flower 2021-04-08 11:40:42,364 | numpy_client.py:172 | fit, FitIns(clock=81)
DEBUG flower 2021-04-08 11:40:42,365 | numpy_client.py:260 | cached_clock: 79, curr_clock: 81
INFO flower 2021-04-08 11:40:42,365 | numpy_client.py:184 | Cache is stale, return ReadIns
DEBUG flower 2021-04-08 11:40:46,941 | numpy_client.py:228 | read: ReadRes(clock=80)
DEBUG flower 2021-04-08 11:40:46,948 | numpy_client.py:172 | fit, FitIns(clock=81)
DEBUG flower 2021-04-08 11:40:46,948 | numpy_client.py:260 | cached_clock: 80, curr_clock: 81
INFO flower 2021-04-08 11:40:48,266 | numpy_client.py:205 | Cache is fresh, return FitRes(clock=81)
DEBUG flower 2021-04-08 11:40:56,279 | numpy_client.py:172 | fit, FitIns(clock=82)
DEBUG flower 2021-04-08 11:40:56,279 | numpy_client.py:260 | cached_clock: 80, curr_clock: 82
INFO flower 2021-04-08 11:40:56,279 | numpy_client.py:184 | Cache is stale, return ReadIns
DEBUG flower 2021-04-08 11:41:00,752 | numpy_client.py:228 | read: ReadRes(clock=81)
DEBUG flower 2021-04-08 11:41:00,760 | numpy_client.py:172 | fit, FitIns(clock=82)
DEBUG flower 2021-04-08 11:41:00,760 | numpy_client.py:260 | cached_clock: 81, curr_clock: 82
INFO flower 2021-04-08 11:41:02,143 | numpy_client.py:205 | Cache is fresh, return FitRes(clock=82)
DEBUG flower 2021-04-08 11:41:10,135 | numpy_client.py:172 | fit, FitIns(clock=83)
DEBUG flower 2021-04-08 11:41:10,135 | numpy_client.py:260 | cached_clock: 81, curr_clock: 83
INFO flower 2021-04-08 11:41:10,135 | numpy_client.py:184 | Cache is stale, return ReadIns
DEBUG flower 2021-04-08 11:41:14,335 | numpy_client.py:228 | read: ReadRes(clock=82)
DEBUG flower 2021-04-08 11:41:14,342 | numpy_client.py:172 | fit, FitIns(clock=83)
DEBUG flower 2021-04-08 11:41:14,342 | numpy_client.py:260 | cached_clock: 82, curr_clock: 83
INFO flower 2021-04-08 11:41:15,742 | numpy_client.py:205 | Cache is fresh, return FitRes(clock=83)
DEBUG flower 2021-04-08 11:41:23,509 | numpy_client.py:172 | fit, FitIns(clock=84)
DEBUG flower 2021-04-08 11:41:23,509 | numpy_client.py:260 | cached_clock: 82, curr_clock: 84
INFO flower 2021-04-08 11:41:23,509 | numpy_client.py:184 | Cache is stale, return ReadIns
DEBUG flower 2021-04-08 11:41:27,843 | numpy_client.py:228 | read: ReadRes(clock=83)
DEBUG flower 2021-04-08 11:41:27,850 | numpy_client.py:172 | fit, FitIns(clock=84)
DEBUG flower 2021-04-08 11:41:27,850 | numpy_client.py:260 | cached_clock: 83, curr_clock: 84
INFO flower 2021-04-08 11:41:29,166 | numpy_client.py:205 | Cache is fresh, return FitRes(clock=84)
DEBUG flower 2021-04-08 11:41:36,439 | numpy_client.py:172 | fit, FitIns(clock=85)
DEBUG flower 2021-04-08 11:41:36,439 | numpy_client.py:260 | cached_clock: 83, curr_clock: 85
INFO flower 2021-04-08 11:41:36,439 | numpy_client.py:184 | Cache is stale, return ReadIns
DEBUG flower 2021-04-08 11:41:40,660 | numpy_client.py:228 | read: ReadRes(clock=84)
DEBUG flower 2021-04-08 11:41:40,667 | numpy_client.py:172 | fit, FitIns(clock=85)
DEBUG flower 2021-04-08 11:41:40,667 | numpy_client.py:260 | cached_clock: 84, curr_clock: 85
INFO flower 2021-04-08 11:41:42,063 | numpy_client.py:205 | Cache is fresh, return FitRes(clock=85)
DEBUG flower 2021-04-08 11:41:50,631 | numpy_client.py:172 | fit, FitIns(clock=86)
DEBUG flower 2021-04-08 11:41:50,632 | numpy_client.py:260 | cached_clock: 84, curr_clock: 86
INFO flower 2021-04-08 11:41:50,632 | numpy_client.py:184 | Cache is stale, return ReadIns
DEBUG flower 2021-04-08 11:41:55,057 | numpy_client.py:228 | read: ReadRes(clock=85)
DEBUG flower 2021-04-08 11:41:55,064 | numpy_client.py:172 | fit, FitIns(clock=86)
DEBUG flower 2021-04-08 11:41:55,064 | numpy_client.py:260 | cached_clock: 85, curr_clock: 86
INFO flower 2021-04-08 11:41:56,466 | numpy_client.py:205 | Cache is fresh, return FitRes(clock=86)
DEBUG flower 2021-04-08 11:42:04,129 | numpy_client.py:172 | fit, FitIns(clock=87)
DEBUG flower 2021-04-08 11:42:04,130 | numpy_client.py:260 | cached_clock: 85, curr_clock: 87
INFO flower 2021-04-08 11:42:04,130 | numpy_client.py:184 | Cache is stale, return ReadIns
DEBUG flower 2021-04-08 11:42:08,443 | numpy_client.py:228 | read: ReadRes(clock=86)
DEBUG flower 2021-04-08 11:42:08,450 | numpy_client.py:172 | fit, FitIns(clock=87)
DEBUG flower 2021-04-08 11:42:08,451 | numpy_client.py:260 | cached_clock: 86, curr_clock: 87
INFO flower 2021-04-08 11:42:09,760 | numpy_client.py:205 | Cache is fresh, return FitRes(clock=87)
DEBUG flower 2021-04-08 11:42:17,752 | numpy_client.py:172 | fit, FitIns(clock=88)
DEBUG flower 2021-04-08 11:42:17,752 | numpy_client.py:260 | cached_clock: 86, curr_clock: 88
INFO flower 2021-04-08 11:42:17,752 | numpy_client.py:184 | Cache is stale, return ReadIns
DEBUG flower 2021-04-08 11:42:21,568 | numpy_client.py:228 | read: ReadRes(clock=87)
DEBUG flower 2021-04-08 11:42:21,575 | numpy_client.py:172 | fit, FitIns(clock=88)
DEBUG flower 2021-04-08 11:42:21,575 | numpy_client.py:260 | cached_clock: 87, curr_clock: 88
INFO flower 2021-04-08 11:42:23,058 | numpy_client.py:205 | Cache is fresh, return FitRes(clock=88)
DEBUG flower 2021-04-08 11:42:30,152 | numpy_client.py:172 | fit, FitIns(clock=89)
DEBUG flower 2021-04-08 11:42:30,153 | numpy_client.py:260 | cached_clock: 87, curr_clock: 89
INFO flower 2021-04-08 11:42:30,153 | numpy_client.py:184 | Cache is stale, return ReadIns
DEBUG flower 2021-04-08 11:42:34,557 | numpy_client.py:228 | read: ReadRes(clock=88)
DEBUG flower 2021-04-08 11:42:34,565 | numpy_client.py:172 | fit, FitIns(clock=89)
DEBUG flower 2021-04-08 11:42:34,565 | numpy_client.py:260 | cached_clock: 88, curr_clock: 89
INFO flower 2021-04-08 11:42:35,862 | numpy_client.py:205 | Cache is fresh, return FitRes(clock=89)
DEBUG flower 2021-04-08 11:42:43,407 | numpy_client.py:172 | fit, FitIns(clock=90)
DEBUG flower 2021-04-08 11:42:43,407 | numpy_client.py:260 | cached_clock: 88, curr_clock: 90
INFO flower 2021-04-08 11:42:43,408 | numpy_client.py:184 | Cache is stale, return ReadIns
DEBUG flower 2021-04-08 11:42:48,012 | numpy_client.py:228 | read: ReadRes(clock=89)
DEBUG flower 2021-04-08 11:42:48,025 | numpy_client.py:172 | fit, FitIns(clock=90)
DEBUG flower 2021-04-08 11:42:48,025 | numpy_client.py:260 | cached_clock: 89, curr_clock: 90
INFO flower 2021-04-08 11:42:49,361 | numpy_client.py:205 | Cache is fresh, return FitRes(clock=90)
DEBUG flower 2021-04-08 11:42:56,934 | numpy_client.py:172 | fit, FitIns(clock=91)
DEBUG flower 2021-04-08 11:42:56,934 | numpy_client.py:260 | cached_clock: 89, curr_clock: 91
INFO flower 2021-04-08 11:42:56,934 | numpy_client.py:184 | Cache is stale, return ReadIns
DEBUG flower 2021-04-08 11:43:00,966 | numpy_client.py:228 | read: ReadRes(clock=90)
DEBUG flower 2021-04-08 11:43:00,973 | numpy_client.py:172 | fit, FitIns(clock=91)
DEBUG flower 2021-04-08 11:43:00,973 | numpy_client.py:260 | cached_clock: 90, curr_clock: 91
INFO flower 2021-04-08 11:43:02,449 | numpy_client.py:205 | Cache is fresh, return FitRes(clock=91)
DEBUG flower 2021-04-08 11:43:10,597 | numpy_client.py:172 | fit, FitIns(clock=92)
DEBUG flower 2021-04-08 11:43:10,598 | numpy_client.py:260 | cached_clock: 90, curr_clock: 92
INFO flower 2021-04-08 11:43:10,598 | numpy_client.py:184 | Cache is stale, return ReadIns
DEBUG flower 2021-04-08 11:43:14,754 | numpy_client.py:228 | read: ReadRes(clock=91)
DEBUG flower 2021-04-08 11:43:14,761 | numpy_client.py:172 | fit, FitIns(clock=92)
DEBUG flower 2021-04-08 11:43:14,762 | numpy_client.py:260 | cached_clock: 91, curr_clock: 92
INFO flower 2021-04-08 11:43:16,162 | numpy_client.py:205 | Cache is fresh, return FitRes(clock=92)
DEBUG flower 2021-04-08 11:43:23,541 | numpy_client.py:172 | fit, FitIns(clock=93)
DEBUG flower 2021-04-08 11:43:23,541 | numpy_client.py:260 | cached_clock: 91, curr_clock: 93
INFO flower 2021-04-08 11:43:23,541 | numpy_client.py:184 | Cache is stale, return ReadIns
DEBUG flower 2021-04-08 11:43:27,658 | numpy_client.py:228 | read: ReadRes(clock=92)
DEBUG flower 2021-04-08 11:43:27,665 | numpy_client.py:172 | fit, FitIns(clock=93)
DEBUG flower 2021-04-08 11:43:27,665 | numpy_client.py:260 | cached_clock: 92, curr_clock: 93
INFO flower 2021-04-08 11:43:29,050 | numpy_client.py:205 | Cache is fresh, return FitRes(clock=93)
DEBUG flower 2021-04-08 11:43:36,836 | numpy_client.py:172 | fit, FitIns(clock=94)
DEBUG flower 2021-04-08 11:43:36,836 | numpy_client.py:260 | cached_clock: 92, curr_clock: 94
INFO flower 2021-04-08 11:43:36,837 | numpy_client.py:184 | Cache is stale, return ReadIns
DEBUG flower 2021-04-08 11:43:41,143 | numpy_client.py:228 | read: ReadRes(clock=93)
DEBUG flower 2021-04-08 11:43:41,150 | numpy_client.py:172 | fit, FitIns(clock=94)
DEBUG flower 2021-04-08 11:43:41,150 | numpy_client.py:260 | cached_clock: 93, curr_clock: 94
INFO flower 2021-04-08 11:43:42,448 | numpy_client.py:205 | Cache is fresh, return FitRes(clock=94)
DEBUG flower 2021-04-08 11:43:50,102 | numpy_client.py:172 | fit, FitIns(clock=95)
DEBUG flower 2021-04-08 11:43:50,102 | numpy_client.py:260 | cached_clock: 93, curr_clock: 95
INFO flower 2021-04-08 11:43:50,102 | numpy_client.py:184 | Cache is stale, return ReadIns
DEBUG flower 2021-04-08 11:43:54,238 | numpy_client.py:228 | read: ReadRes(clock=94)
DEBUG flower 2021-04-08 11:43:54,245 | numpy_client.py:172 | fit, FitIns(clock=95)
DEBUG flower 2021-04-08 11:43:54,245 | numpy_client.py:260 | cached_clock: 94, curr_clock: 95
INFO flower 2021-04-08 11:43:55,549 | numpy_client.py:205 | Cache is fresh, return FitRes(clock=95)
DEBUG flower 2021-04-08 11:44:02,990 | numpy_client.py:172 | fit, FitIns(clock=96)
DEBUG flower 2021-04-08 11:44:02,990 | numpy_client.py:260 | cached_clock: 94, curr_clock: 96
INFO flower 2021-04-08 11:44:02,991 | numpy_client.py:184 | Cache is stale, return ReadIns
DEBUG flower 2021-04-08 11:44:07,441 | numpy_client.py:228 | read: ReadRes(clock=95)
DEBUG flower 2021-04-08 11:44:07,448 | numpy_client.py:172 | fit, FitIns(clock=96)
DEBUG flower 2021-04-08 11:44:07,448 | numpy_client.py:260 | cached_clock: 95, curr_clock: 96
INFO flower 2021-04-08 11:44:08,765 | numpy_client.py:205 | Cache is fresh, return FitRes(clock=96)
DEBUG flower 2021-04-08 11:44:17,242 | numpy_client.py:172 | fit, FitIns(clock=97)
DEBUG flower 2021-04-08 11:44:17,242 | numpy_client.py:260 | cached_clock: 95, curr_clock: 97
INFO flower 2021-04-08 11:44:17,242 | numpy_client.py:184 | Cache is stale, return ReadIns
DEBUG flower 2021-04-08 11:44:21,360 | numpy_client.py:228 | read: ReadRes(clock=96)
DEBUG flower 2021-04-08 11:44:21,367 | numpy_client.py:172 | fit, FitIns(clock=97)
DEBUG flower 2021-04-08 11:44:21,367 | numpy_client.py:260 | cached_clock: 96, curr_clock: 97
INFO flower 2021-04-08 11:44:22,768 | numpy_client.py:205 | Cache is fresh, return FitRes(clock=97)
DEBUG flower 2021-04-08 11:44:30,722 | numpy_client.py:172 | fit, FitIns(clock=98)
DEBUG flower 2021-04-08 11:44:30,723 | numpy_client.py:260 | cached_clock: 96, curr_clock: 98
INFO flower 2021-04-08 11:44:30,723 | numpy_client.py:184 | Cache is stale, return ReadIns
DEBUG flower 2021-04-08 11:44:34,753 | numpy_client.py:228 | read: ReadRes(clock=97)
DEBUG flower 2021-04-08 11:44:34,760 | numpy_client.py:172 | fit, FitIns(clock=98)
DEBUG flower 2021-04-08 11:44:34,760 | numpy_client.py:260 | cached_clock: 97, curr_clock: 98
INFO flower 2021-04-08 11:44:36,149 | numpy_client.py:205 | Cache is fresh, return FitRes(clock=98)
DEBUG flower 2021-04-08 11:44:44,309 | numpy_client.py:172 | fit, FitIns(clock=99)
DEBUG flower 2021-04-08 11:44:44,309 | numpy_client.py:260 | cached_clock: 97, curr_clock: 99
INFO flower 2021-04-08 11:44:44,309 | numpy_client.py:184 | Cache is stale, return ReadIns
DEBUG flower 2021-04-08 11:44:48,352 | numpy_client.py:228 | read: ReadRes(clock=98)
DEBUG flower 2021-04-08 11:44:48,359 | numpy_client.py:172 | fit, FitIns(clock=99)
DEBUG flower 2021-04-08 11:44:48,360 | numpy_client.py:260 | cached_clock: 98, curr_clock: 99
INFO flower 2021-04-08 11:44:49,758 | numpy_client.py:205 | Cache is fresh, return FitRes(clock=99)
DEBUG flower 2021-04-08 11:44:49,758 | numpy_client.py:217 | The client finishes computing after 1311 seconds
INFO flower 2021-04-08 11:45:20,651 | numpy_client.py:250 | [32;1m Loss: 8.976, Accuracy: 43.704%[0m
DEBUG flower 2021-04-08 11:45:22,122 | connection.py:68 | Insecure gRPC channel closed
INFO flower 2021-04-08 11:45:22,123 | app.py:74 | Disconnect and shut down
Namespace(idx=20, max_delay=0, min_delay=0, num_clients=31, server_ip='10.244.37.27:8080', staleness_bound=1)
I'm client 20
Start SSP client without delay
Using downloaded and verified file: ./cifar-10-python.tar.gz
Extracting ./cifar-10-python.tar.gz to .
Files already downloaded and verified
[32;1mClient 20: 849 train samples, 135 test samples[0m
loss=62.060920000076294, acc=0.19560185185185186
loss=62.33695960044861, acc=0.0
loss=64.00931072235107, acc=0.1712962962962963
loss=62.56160891056061, acc=0.19444444444444445
loss=67.25904500484467, acc=0.22685185185185186
loss=68.72213172912598, acc=0.2824074074074074
loss=65.43738889694214, acc=0.2025462962962963
loss=63.391913175582886, acc=0.29398148148148145
loss=66.736363530159, acc=0.2835648148148148
loss=67.7827353477478, acc=0.28587962962962965
loss=64.49132215976715, acc=0.23726851851851852
loss=63.76685869693756, acc=0.24421296296296297
loss=61.451295495033264, acc=0.2835648148148148
loss=62.983667850494385, acc=0.2962962962962963
loss=60.6948379278183, acc=0.22685185185185186
loss=62.27787959575653, acc=0.2511574074074074
loss=63.08523440361023, acc=0.2511574074074074
loss=59.162317752838135, acc=0.33564814814814814
loss=59.44868004322052, acc=0.21296296296296297
loss=61.45343089103699, acc=0.22916666666666666
loss=58.23646068572998, acc=0.36689814814814814
loss=58.44093680381775, acc=0.22106481481481483
loss=60.930124163627625, acc=0.2511574074074074
loss=57.47382032871246, acc=0.3761574074074074
loss=59.81879901885986, acc=0.37037037037037035
loss=60.79983401298523, acc=0.37962962962962965
loss=56.05979776382446, acc=0.2708333333333333
loss=58.93444216251373, acc=0.2962962962962963
loss=60.135594844818115, acc=0.3148148148148148
loss=60.67388308048248, acc=0.3263888888888889
loss=56.088685631752014, acc=0.3993055555555556
loss=58.566364884376526, acc=0.3993055555555556
loss=55.63194489479065, acc=0.3136574074074074
loss=57.84170424938202, acc=0.35185185185185186
loss=59.05642628669739, acc=0.36226851851851855
loss=59.85830092430115, acc=0.36921296296296297
loss=55.34941017627716, acc=0.41898148148148145
loss=55.24701178073883, acc=0.34953703703703703
loss=57.29308879375458, acc=0.3738425925925926
loss=55.311474561691284, acc=0.4201388888888889
loss=57.70406663417816, acc=0.41550925925925924
loss=54.62708401679993, acc=0.36226851851851855
loss=56.557451486587524, acc=0.3912037037037037
loss=57.832056283950806, acc=0.4039351851851852
loss=54.853944540023804, acc=0.4340277777777778
loss=57.466564416885376, acc=0.4236111111111111
loss=58.77908682823181, acc=0.41550925925925924
loss=53.98528838157654, acc=0.3888888888888889
loss=52.15711975097656, acc=0.31828703703703703
loss=46.334632396698, acc=0.36226851851851855
loss=49.893882513046265, acc=0.38425925925925924
loss=51.68361842632294, acc=0.39814814814814814
loss=50.09639894962311, acc=0.4398148148148148
loss=53.05008065700531, acc=0.42939814814814814
loss=54.412617683410645, acc=0.4340277777777778
loss=55.31773388385773, acc=0.4363425925925926
loss=56.0041127204895, acc=0.4363425925925926
loss=56.48720157146454, acc=0.4351851851851852
loss=56.838356494903564, acc=0.4398148148148148
loss=57.14043045043945, acc=0.4386574074074074
loss=48.762645959854126, acc=0.4074074074074074
loss=50.64881718158722, acc=0.42592592592592593
loss=51.633819580078125, acc=0.4537037037037037
loss=49.59372794628143, acc=0.4201388888888889
loss=51.374945521354675, acc=0.43171296296296297
loss=52.4264417886734, acc=0.4224537037037037
loss=53.23772966861725, acc=0.4224537037037037
loss=53.91540765762329, acc=0.4212962962962963
loss=51.076823472976685, acc=0.4583333333333333
loss=50.08721673488617, acc=0.43287037037037035
loss=51.173120617866516, acc=0.48032407407407407
loss=49.97287106513977, acc=0.44212962962962965
loss=51.53440713882446, acc=0.4375
loss=52.58243501186371, acc=0.43287037037037035
loss=53.322362422943115, acc=0.4363425925925926
loss=53.92510688304901, acc=0.4398148148148148
loss=54.414896845817566, acc=0.4409722222222222
loss=54.798728704452515, acc=0.44560185185185186
loss=55.139726519584656, acc=0.44560185185185186
loss=55.43252682685852, acc=0.44328703703703703
loss=50.37964105606079, acc=0.4791666666666667
loss=52.040607929229736, acc=0.48842592592592593
loss=50.128185749053955, acc=0.46412037037037035
loss=50.27294194698334, acc=0.4965277777777778
loss=50.0670268535614, acc=0.46875
loss=51.5395622253418, acc=0.4664351851851852
loss=50.16186487674713, acc=0.5011574074074074
loss=50.126805543899536, acc=0.47685185185185186
loss=51.62440490722656, acc=0.4699074074074074
loss=52.518094420433044, acc=0.4652777777777778
loss=53.31748878955841, acc=0.4710648148148148
loss=54.03185021877289, acc=0.4664351851851852
loss=54.62866175174713, acc=0.45949074074074076
loss=50.2138888835907, acc=0.48842592592592593
loss=50.86651039123535, acc=0.4861111111111111
loss=52.63040328025818, acc=0.47453703703703703
loss=53.67101335525513, acc=0.46875
loss=54.535258173942566, acc=0.4699074074074074
loss=55.29144310951233, acc=0.4710648148148148
loss=55.84595608711243, acc=0.47337962962962965
Files already downloaded and verified
Files already downloaded and verified
Testing on full test set: 313, 748.686045050621, 0.292
Testing on partial test set: 5, 8.975864887237549, 0.43703703703703706
