DEBUG flower 2021-04-08 07:14:04,827 | connection.py:36 | ChannelConnectivity.IDLE
DEBUG flower 2021-04-08 07:14:04,829 | connection.py:36 | ChannelConnectivity.READY
INFO flower 2021-04-08 07:14:04,829 | app.py:63 | Opened (insecure) gRPC connection
DEBUG flower 2021-04-08 07:14:06,981 | numpy_client.py:172 | fit, FitIns(clock=0)
INFO flower 2021-04-08 07:14:06,981 | numpy_client.py:184 | Cache is stale, return ReadIns
DEBUG flower 2021-04-08 07:14:07,161 | numpy_client.py:228 | read: ReadRes(clock=-1)
DEBUG flower 2021-04-08 07:14:07,178 | numpy_client.py:172 | fit, FitIns(clock=0)
DEBUG flower 2021-04-08 07:14:07,178 | numpy_client.py:260 | cached_clock: -1, curr_clock: 0
INFO flower 2021-04-08 07:14:11,029 | numpy_client.py:205 | Cache is fresh, return FitRes(clock=0)
DEBUG flower 2021-04-08 07:14:11,078 | numpy_client.py:172 | fit, FitIns(clock=1)
DEBUG flower 2021-04-08 07:14:11,078 | numpy_client.py:260 | cached_clock: -1, curr_clock: 1
INFO flower 2021-04-08 07:14:14,918 | numpy_client.py:205 | Cache is fresh, return FitRes(clock=1)
DEBUG flower 2021-04-08 07:14:21,049 | numpy_client.py:172 | fit, FitIns(clock=2)
DEBUG flower 2021-04-08 07:14:21,049 | numpy_client.py:260 | cached_clock: -1, curr_clock: 2
INFO flower 2021-04-08 07:14:24,909 | numpy_client.py:205 | Cache is fresh, return FitRes(clock=2)
DEBUG flower 2021-04-08 07:14:24,933 | numpy_client.py:172 | fit, FitIns(clock=3)
DEBUG flower 2021-04-08 07:14:24,933 | numpy_client.py:260 | cached_clock: -1, curr_clock: 3
INFO flower 2021-04-08 07:14:28,928 | numpy_client.py:205 | Cache is fresh, return FitRes(clock=3)
DEBUG flower 2021-04-08 07:14:35,190 | numpy_client.py:172 | fit, FitIns(clock=4)
DEBUG flower 2021-04-08 07:14:35,191 | numpy_client.py:260 | cached_clock: -1, curr_clock: 4
INFO flower 2021-04-08 07:14:39,032 | numpy_client.py:205 | Cache is fresh, return FitRes(clock=4)
DEBUG flower 2021-04-08 07:14:39,056 | numpy_client.py:172 | fit, FitIns(clock=5)
DEBUG flower 2021-04-08 07:14:39,056 | numpy_client.py:260 | cached_clock: -1, curr_clock: 5
INFO flower 2021-04-08 07:14:43,013 | numpy_client.py:205 | Cache is fresh, return FitRes(clock=5)
DEBUG flower 2021-04-08 07:14:48,899 | numpy_client.py:172 | fit, FitIns(clock=6)
DEBUG flower 2021-04-08 07:14:48,899 | numpy_client.py:260 | cached_clock: -1, curr_clock: 6
INFO flower 2021-04-08 07:14:52,911 | numpy_client.py:205 | Cache is fresh, return FitRes(clock=6)
DEBUG flower 2021-04-08 07:14:52,955 | numpy_client.py:172 | fit, FitIns(clock=7)
DEBUG flower 2021-04-08 07:14:52,955 | numpy_client.py:260 | cached_clock: -1, curr_clock: 7
INFO flower 2021-04-08 07:14:56,728 | numpy_client.py:205 | Cache is fresh, return FitRes(clock=7)
DEBUG flower 2021-04-08 07:15:02,661 | numpy_client.py:172 | fit, FitIns(clock=8)
DEBUG flower 2021-04-08 07:15:02,661 | numpy_client.py:260 | cached_clock: -1, curr_clock: 8
INFO flower 2021-04-08 07:15:06,532 | numpy_client.py:205 | Cache is fresh, return FitRes(clock=8)
DEBUG flower 2021-04-08 07:15:06,555 | numpy_client.py:172 | fit, FitIns(clock=9)
DEBUG flower 2021-04-08 07:15:06,555 | numpy_client.py:260 | cached_clock: -1, curr_clock: 9
INFO flower 2021-04-08 07:15:10,428 | numpy_client.py:205 | Cache is fresh, return FitRes(clock=9)
DEBUG flower 2021-04-08 07:15:16,323 | numpy_client.py:172 | fit, FitIns(clock=10)
DEBUG flower 2021-04-08 07:15:16,323 | numpy_client.py:260 | cached_clock: -1, curr_clock: 10
INFO flower 2021-04-08 07:15:16,323 | numpy_client.py:184 | Cache is stale, return ReadIns
DEBUG flower 2021-04-08 07:15:16,403 | numpy_client.py:228 | read: ReadRes(clock=4)
DEBUG flower 2021-04-08 07:15:16,410 | numpy_client.py:172 | fit, FitIns(clock=10)
DEBUG flower 2021-04-08 07:15:16,410 | numpy_client.py:260 | cached_clock: 4, curr_clock: 10
INFO flower 2021-04-08 07:15:20,207 | numpy_client.py:205 | Cache is fresh, return FitRes(clock=10)
DEBUG flower 2021-04-08 07:15:20,231 | numpy_client.py:172 | fit, FitIns(clock=11)
DEBUG flower 2021-04-08 07:15:20,231 | numpy_client.py:260 | cached_clock: 4, curr_clock: 11
INFO flower 2021-04-08 07:15:24,136 | numpy_client.py:205 | Cache is fresh, return FitRes(clock=11)
DEBUG flower 2021-04-08 07:15:29,067 | numpy_client.py:172 | fit, FitIns(clock=12)
DEBUG flower 2021-04-08 07:15:29,067 | numpy_client.py:260 | cached_clock: 4, curr_clock: 12
INFO flower 2021-04-08 07:15:32,937 | numpy_client.py:205 | Cache is fresh, return FitRes(clock=12)
DEBUG flower 2021-04-08 07:15:32,960 | numpy_client.py:172 | fit, FitIns(clock=13)
DEBUG flower 2021-04-08 07:15:32,960 | numpy_client.py:260 | cached_clock: 4, curr_clock: 13
INFO flower 2021-04-08 07:15:37,011 | numpy_client.py:205 | Cache is fresh, return FitRes(clock=13)
DEBUG flower 2021-04-08 07:15:42,631 | numpy_client.py:172 | fit, FitIns(clock=14)
DEBUG flower 2021-04-08 07:15:42,631 | numpy_client.py:260 | cached_clock: 4, curr_clock: 14
INFO flower 2021-04-08 07:15:46,509 | numpy_client.py:205 | Cache is fresh, return FitRes(clock=14)
DEBUG flower 2021-04-08 07:15:46,533 | numpy_client.py:172 | fit, FitIns(clock=15)
DEBUG flower 2021-04-08 07:15:46,533 | numpy_client.py:260 | cached_clock: 4, curr_clock: 15
INFO flower 2021-04-08 07:15:46,533 | numpy_client.py:184 | Cache is stale, return ReadIns
DEBUG flower 2021-04-08 07:15:46,549 | numpy_client.py:228 | read: ReadRes(clock=6)
DEBUG flower 2021-04-08 07:15:46,555 | numpy_client.py:172 | fit, FitIns(clock=15)
DEBUG flower 2021-04-08 07:15:46,555 | numpy_client.py:260 | cached_clock: 6, curr_clock: 15
INFO flower 2021-04-08 07:15:50,411 | numpy_client.py:205 | Cache is fresh, return FitRes(clock=15)
DEBUG flower 2021-04-08 07:15:55,740 | numpy_client.py:172 | fit, FitIns(clock=16)
DEBUG flower 2021-04-08 07:15:55,740 | numpy_client.py:260 | cached_clock: 6, curr_clock: 16
INFO flower 2021-04-08 07:15:59,613 | numpy_client.py:205 | Cache is fresh, return FitRes(clock=16)
DEBUG flower 2021-04-08 07:15:59,639 | numpy_client.py:172 | fit, FitIns(clock=17)
DEBUG flower 2021-04-08 07:15:59,639 | numpy_client.py:260 | cached_clock: 6, curr_clock: 17
INFO flower 2021-04-08 07:15:59,639 | numpy_client.py:184 | Cache is stale, return ReadIns
DEBUG flower 2021-04-08 07:15:59,659 | numpy_client.py:228 | read: ReadRes(clock=7)
DEBUG flower 2021-04-08 07:15:59,666 | numpy_client.py:172 | fit, FitIns(clock=17)
DEBUG flower 2021-04-08 07:15:59,666 | numpy_client.py:260 | cached_clock: 7, curr_clock: 17
INFO flower 2021-04-08 07:16:03,526 | numpy_client.py:205 | Cache is fresh, return FitRes(clock=17)
DEBUG flower 2021-04-08 07:16:09,334 | numpy_client.py:172 | fit, FitIns(clock=18)
DEBUG flower 2021-04-08 07:16:09,334 | numpy_client.py:260 | cached_clock: 7, curr_clock: 18
INFO flower 2021-04-08 07:16:09,334 | numpy_client.py:184 | Cache is stale, return ReadIns
DEBUG flower 2021-04-08 07:16:09,357 | numpy_client.py:228 | read: ReadRes(clock=8)
DEBUG flower 2021-04-08 07:16:09,365 | numpy_client.py:172 | fit, FitIns(clock=18)
DEBUG flower 2021-04-08 07:16:09,365 | numpy_client.py:260 | cached_clock: 8, curr_clock: 18
INFO flower 2021-04-08 07:16:13,318 | numpy_client.py:205 | Cache is fresh, return FitRes(clock=18)
DEBUG flower 2021-04-08 07:16:13,342 | numpy_client.py:172 | fit, FitIns(clock=19)
DEBUG flower 2021-04-08 07:16:13,342 | numpy_client.py:260 | cached_clock: 8, curr_clock: 19
INFO flower 2021-04-08 07:16:13,342 | numpy_client.py:184 | Cache is stale, return ReadIns
DEBUG flower 2021-04-08 07:16:13,868 | numpy_client.py:228 | read: ReadRes(clock=9)
DEBUG flower 2021-04-08 07:16:13,875 | numpy_client.py:172 | fit, FitIns(clock=19)
DEBUG flower 2021-04-08 07:16:13,875 | numpy_client.py:260 | cached_clock: 9, curr_clock: 19
INFO flower 2021-04-08 07:16:17,709 | numpy_client.py:205 | Cache is fresh, return FitRes(clock=19)
DEBUG flower 2021-04-08 07:16:23,102 | numpy_client.py:172 | fit, FitIns(clock=20)
DEBUG flower 2021-04-08 07:16:23,102 | numpy_client.py:260 | cached_clock: 9, curr_clock: 20
INFO flower 2021-04-08 07:16:23,102 | numpy_client.py:184 | Cache is stale, return ReadIns
DEBUG flower 2021-04-08 07:16:27,404 | numpy_client.py:228 | read: ReadRes(clock=10)
DEBUG flower 2021-04-08 07:16:27,412 | numpy_client.py:172 | fit, FitIns(clock=20)
DEBUG flower 2021-04-08 07:16:27,412 | numpy_client.py:260 | cached_clock: 10, curr_clock: 20
INFO flower 2021-04-08 07:16:31,407 | numpy_client.py:205 | Cache is fresh, return FitRes(clock=20)
DEBUG flower 2021-04-08 07:16:36,583 | numpy_client.py:172 | fit, FitIns(clock=21)
DEBUG flower 2021-04-08 07:16:36,583 | numpy_client.py:260 | cached_clock: 10, curr_clock: 21
INFO flower 2021-04-08 07:16:36,584 | numpy_client.py:184 | Cache is stale, return ReadIns
DEBUG flower 2021-04-08 07:16:41,276 | numpy_client.py:228 | read: ReadRes(clock=11)
DEBUG flower 2021-04-08 07:16:41,284 | numpy_client.py:172 | fit, FitIns(clock=21)
DEBUG flower 2021-04-08 07:16:41,284 | numpy_client.py:260 | cached_clock: 11, curr_clock: 21
INFO flower 2021-04-08 07:16:45,109 | numpy_client.py:205 | Cache is fresh, return FitRes(clock=21)
DEBUG flower 2021-04-08 07:16:51,062 | numpy_client.py:172 | fit, FitIns(clock=22)
DEBUG flower 2021-04-08 07:16:51,062 | numpy_client.py:260 | cached_clock: 11, curr_clock: 22
INFO flower 2021-04-08 07:16:51,063 | numpy_client.py:184 | Cache is stale, return ReadIns
DEBUG flower 2021-04-08 07:16:55,503 | numpy_client.py:228 | read: ReadRes(clock=12)
DEBUG flower 2021-04-08 07:16:55,511 | numpy_client.py:172 | fit, FitIns(clock=22)
DEBUG flower 2021-04-08 07:16:55,511 | numpy_client.py:260 | cached_clock: 12, curr_clock: 22
INFO flower 2021-04-08 07:16:59,321 | numpy_client.py:205 | Cache is fresh, return FitRes(clock=22)
DEBUG flower 2021-04-08 07:17:05,088 | numpy_client.py:172 | fit, FitIns(clock=23)
DEBUG flower 2021-04-08 07:17:05,088 | numpy_client.py:260 | cached_clock: 12, curr_clock: 23
INFO flower 2021-04-08 07:17:05,090 | numpy_client.py:184 | Cache is stale, return ReadIns
DEBUG flower 2021-04-08 07:17:09,602 | numpy_client.py:228 | read: ReadRes(clock=13)
DEBUG flower 2021-04-08 07:17:09,609 | numpy_client.py:172 | fit, FitIns(clock=23)
DEBUG flower 2021-04-08 07:17:09,610 | numpy_client.py:260 | cached_clock: 13, curr_clock: 23
INFO flower 2021-04-08 07:17:13,607 | numpy_client.py:205 | Cache is fresh, return FitRes(clock=23)
DEBUG flower 2021-04-08 07:17:18,835 | numpy_client.py:172 | fit, FitIns(clock=24)
DEBUG flower 2021-04-08 07:17:18,835 | numpy_client.py:260 | cached_clock: 13, curr_clock: 24
INFO flower 2021-04-08 07:17:18,835 | numpy_client.py:184 | Cache is stale, return ReadIns
DEBUG flower 2021-04-08 07:17:23,161 | numpy_client.py:228 | read: ReadRes(clock=14)
DEBUG flower 2021-04-08 07:17:23,169 | numpy_client.py:172 | fit, FitIns(clock=24)
DEBUG flower 2021-04-08 07:17:23,169 | numpy_client.py:260 | cached_clock: 14, curr_clock: 24
INFO flower 2021-04-08 07:17:27,035 | numpy_client.py:205 | Cache is fresh, return FitRes(clock=24)
DEBUG flower 2021-04-08 07:17:32,348 | numpy_client.py:172 | fit, FitIns(clock=25)
DEBUG flower 2021-04-08 07:17:32,348 | numpy_client.py:260 | cached_clock: 14, curr_clock: 25
INFO flower 2021-04-08 07:17:32,349 | numpy_client.py:184 | Cache is stale, return ReadIns
DEBUG flower 2021-04-08 07:17:36,930 | numpy_client.py:228 | read: ReadRes(clock=15)
DEBUG flower 2021-04-08 07:17:36,937 | numpy_client.py:172 | fit, FitIns(clock=25)
DEBUG flower 2021-04-08 07:17:36,938 | numpy_client.py:260 | cached_clock: 15, curr_clock: 25
INFO flower 2021-04-08 07:17:40,732 | numpy_client.py:205 | Cache is fresh, return FitRes(clock=25)
DEBUG flower 2021-04-08 07:17:45,980 | numpy_client.py:172 | fit, FitIns(clock=26)
DEBUG flower 2021-04-08 07:17:45,980 | numpy_client.py:260 | cached_clock: 15, curr_clock: 26
INFO flower 2021-04-08 07:17:45,981 | numpy_client.py:184 | Cache is stale, return ReadIns
DEBUG flower 2021-04-08 07:17:50,559 | numpy_client.py:228 | read: ReadRes(clock=16)
DEBUG flower 2021-04-08 07:17:50,567 | numpy_client.py:172 | fit, FitIns(clock=26)
DEBUG flower 2021-04-08 07:17:50,567 | numpy_client.py:260 | cached_clock: 16, curr_clock: 26
INFO flower 2021-04-08 07:17:54,508 | numpy_client.py:205 | Cache is fresh, return FitRes(clock=26)
DEBUG flower 2021-04-08 07:17:59,590 | numpy_client.py:172 | fit, FitIns(clock=27)
DEBUG flower 2021-04-08 07:17:59,590 | numpy_client.py:260 | cached_clock: 16, curr_clock: 27
INFO flower 2021-04-08 07:17:59,590 | numpy_client.py:184 | Cache is stale, return ReadIns
DEBUG flower 2021-04-08 07:18:03,926 | numpy_client.py:228 | read: ReadRes(clock=17)
DEBUG flower 2021-04-08 07:18:03,934 | numpy_client.py:172 | fit, FitIns(clock=27)
DEBUG flower 2021-04-08 07:18:03,934 | numpy_client.py:260 | cached_clock: 17, curr_clock: 27
INFO flower 2021-04-08 07:18:07,813 | numpy_client.py:205 | Cache is fresh, return FitRes(clock=27)
DEBUG flower 2021-04-08 07:18:13,042 | numpy_client.py:172 | fit, FitIns(clock=28)
DEBUG flower 2021-04-08 07:18:13,042 | numpy_client.py:260 | cached_clock: 17, curr_clock: 28
INFO flower 2021-04-08 07:18:13,042 | numpy_client.py:184 | Cache is stale, return ReadIns
DEBUG flower 2021-04-08 07:18:17,626 | numpy_client.py:228 | read: ReadRes(clock=18)
DEBUG flower 2021-04-08 07:18:17,633 | numpy_client.py:172 | fit, FitIns(clock=28)
DEBUG flower 2021-04-08 07:18:17,633 | numpy_client.py:260 | cached_clock: 18, curr_clock: 28
INFO flower 2021-04-08 07:18:21,430 | numpy_client.py:205 | Cache is fresh, return FitRes(clock=28)
DEBUG flower 2021-04-08 07:18:26,618 | numpy_client.py:172 | fit, FitIns(clock=29)
DEBUG flower 2021-04-08 07:18:26,619 | numpy_client.py:260 | cached_clock: 18, curr_clock: 29
INFO flower 2021-04-08 07:18:26,619 | numpy_client.py:184 | Cache is stale, return ReadIns
DEBUG flower 2021-04-08 07:18:31,221 | numpy_client.py:228 | read: ReadRes(clock=19)
DEBUG flower 2021-04-08 07:18:31,228 | numpy_client.py:172 | fit, FitIns(clock=29)
DEBUG flower 2021-04-08 07:18:31,228 | numpy_client.py:260 | cached_clock: 19, curr_clock: 29
INFO flower 2021-04-08 07:18:35,110 | numpy_client.py:205 | Cache is fresh, return FitRes(clock=29)
DEBUG flower 2021-04-08 07:18:40,455 | numpy_client.py:172 | fit, FitIns(clock=30)
DEBUG flower 2021-04-08 07:18:40,455 | numpy_client.py:260 | cached_clock: 19, curr_clock: 30
INFO flower 2021-04-08 07:18:40,456 | numpy_client.py:184 | Cache is stale, return ReadIns
DEBUG flower 2021-04-08 07:18:45,033 | numpy_client.py:228 | read: ReadRes(clock=20)
DEBUG flower 2021-04-08 07:18:45,041 | numpy_client.py:172 | fit, FitIns(clock=30)
DEBUG flower 2021-04-08 07:18:45,041 | numpy_client.py:260 | cached_clock: 20, curr_clock: 30
INFO flower 2021-04-08 07:18:48,830 | numpy_client.py:205 | Cache is fresh, return FitRes(clock=30)
DEBUG flower 2021-04-08 07:18:54,261 | numpy_client.py:172 | fit, FitIns(clock=31)
DEBUG flower 2021-04-08 07:18:54,261 | numpy_client.py:260 | cached_clock: 20, curr_clock: 31
INFO flower 2021-04-08 07:18:54,262 | numpy_client.py:184 | Cache is stale, return ReadIns
DEBUG flower 2021-04-08 07:18:58,918 | numpy_client.py:228 | read: ReadRes(clock=21)
DEBUG flower 2021-04-08 07:18:58,925 | numpy_client.py:172 | fit, FitIns(clock=31)
DEBUG flower 2021-04-08 07:18:58,925 | numpy_client.py:260 | cached_clock: 21, curr_clock: 31
INFO flower 2021-04-08 07:19:02,830 | numpy_client.py:205 | Cache is fresh, return FitRes(clock=31)
DEBUG flower 2021-04-08 07:19:08,146 | numpy_client.py:172 | fit, FitIns(clock=32)
DEBUG flower 2021-04-08 07:19:08,146 | numpy_client.py:260 | cached_clock: 21, curr_clock: 32
INFO flower 2021-04-08 07:19:08,146 | numpy_client.py:184 | Cache is stale, return ReadIns
DEBUG flower 2021-04-08 07:19:12,729 | numpy_client.py:228 | read: ReadRes(clock=22)
DEBUG flower 2021-04-08 07:19:12,735 | numpy_client.py:172 | fit, FitIns(clock=32)
DEBUG flower 2021-04-08 07:19:12,735 | numpy_client.py:260 | cached_clock: 22, curr_clock: 32
INFO flower 2021-04-08 07:19:16,531 | numpy_client.py:205 | Cache is fresh, return FitRes(clock=32)
DEBUG flower 2021-04-08 07:19:22,033 | numpy_client.py:172 | fit, FitIns(clock=33)
DEBUG flower 2021-04-08 07:19:22,033 | numpy_client.py:260 | cached_clock: 22, curr_clock: 33
INFO flower 2021-04-08 07:19:22,033 | numpy_client.py:184 | Cache is stale, return ReadIns
DEBUG flower 2021-04-08 07:19:26,342 | numpy_client.py:228 | read: ReadRes(clock=23)
DEBUG flower 2021-04-08 07:19:26,350 | numpy_client.py:172 | fit, FitIns(clock=33)
DEBUG flower 2021-04-08 07:19:26,350 | numpy_client.py:260 | cached_clock: 23, curr_clock: 33
INFO flower 2021-04-08 07:19:30,105 | numpy_client.py:205 | Cache is fresh, return FitRes(clock=33)
DEBUG flower 2021-04-08 07:19:35,204 | numpy_client.py:172 | fit, FitIns(clock=34)
DEBUG flower 2021-04-08 07:19:35,204 | numpy_client.py:260 | cached_clock: 23, curr_clock: 34
INFO flower 2021-04-08 07:19:35,204 | numpy_client.py:184 | Cache is stale, return ReadIns
DEBUG flower 2021-04-08 07:19:39,834 | numpy_client.py:228 | read: ReadRes(clock=24)
DEBUG flower 2021-04-08 07:19:39,842 | numpy_client.py:172 | fit, FitIns(clock=34)
DEBUG flower 2021-04-08 07:19:39,842 | numpy_client.py:260 | cached_clock: 24, curr_clock: 34
INFO flower 2021-04-08 07:19:43,709 | numpy_client.py:205 | Cache is fresh, return FitRes(clock=34)
DEBUG flower 2021-04-08 07:19:48,922 | numpy_client.py:172 | fit, FitIns(clock=35)
DEBUG flower 2021-04-08 07:19:48,922 | numpy_client.py:260 | cached_clock: 24, curr_clock: 35
INFO flower 2021-04-08 07:19:48,923 | numpy_client.py:184 | Cache is stale, return ReadIns
DEBUG flower 2021-04-08 07:19:53,411 | numpy_client.py:228 | read: ReadRes(clock=25)
DEBUG flower 2021-04-08 07:19:53,419 | numpy_client.py:172 | fit, FitIns(clock=35)
DEBUG flower 2021-04-08 07:19:53,419 | numpy_client.py:260 | cached_clock: 25, curr_clock: 35
INFO flower 2021-04-08 07:19:57,232 | numpy_client.py:205 | Cache is fresh, return FitRes(clock=35)
DEBUG flower 2021-04-08 07:20:02,375 | numpy_client.py:172 | fit, FitIns(clock=36)
DEBUG flower 2021-04-08 07:20:02,375 | numpy_client.py:260 | cached_clock: 25, curr_clock: 36
INFO flower 2021-04-08 07:20:02,375 | numpy_client.py:184 | Cache is stale, return ReadIns
DEBUG flower 2021-04-08 07:20:07,026 | numpy_client.py:228 | read: ReadRes(clock=26)
DEBUG flower 2021-04-08 07:20:07,033 | numpy_client.py:172 | fit, FitIns(clock=36)
DEBUG flower 2021-04-08 07:20:07,033 | numpy_client.py:260 | cached_clock: 26, curr_clock: 36
INFO flower 2021-04-08 07:20:10,828 | numpy_client.py:205 | Cache is fresh, return FitRes(clock=36)
DEBUG flower 2021-04-08 07:20:16,349 | numpy_client.py:172 | fit, FitIns(clock=37)
DEBUG flower 2021-04-08 07:20:16,349 | numpy_client.py:260 | cached_clock: 26, curr_clock: 37
INFO flower 2021-04-08 07:20:16,349 | numpy_client.py:184 | Cache is stale, return ReadIns
DEBUG flower 2021-04-08 07:20:20,997 | numpy_client.py:228 | read: ReadRes(clock=27)
DEBUG flower 2021-04-08 07:20:21,004 | numpy_client.py:172 | fit, FitIns(clock=37)
DEBUG flower 2021-04-08 07:20:21,004 | numpy_client.py:260 | cached_clock: 27, curr_clock: 37
INFO flower 2021-04-08 07:20:24,819 | numpy_client.py:205 | Cache is fresh, return FitRes(clock=37)
DEBUG flower 2021-04-08 07:20:31,246 | numpy_client.py:172 | fit, FitIns(clock=38)
DEBUG flower 2021-04-08 07:20:31,246 | numpy_client.py:260 | cached_clock: 27, curr_clock: 38
INFO flower 2021-04-08 07:20:31,246 | numpy_client.py:184 | Cache is stale, return ReadIns
DEBUG flower 2021-04-08 07:20:35,816 | numpy_client.py:228 | read: ReadRes(clock=28)
DEBUG flower 2021-04-08 07:20:35,824 | numpy_client.py:172 | fit, FitIns(clock=38)
DEBUG flower 2021-04-08 07:20:35,824 | numpy_client.py:260 | cached_clock: 28, curr_clock: 38
INFO flower 2021-04-08 07:20:39,645 | numpy_client.py:205 | Cache is fresh, return FitRes(clock=38)
DEBUG flower 2021-04-08 07:20:45,056 | numpy_client.py:172 | fit, FitIns(clock=39)
DEBUG flower 2021-04-08 07:20:45,056 | numpy_client.py:260 | cached_clock: 28, curr_clock: 39
INFO flower 2021-04-08 07:20:45,057 | numpy_client.py:184 | Cache is stale, return ReadIns
DEBUG flower 2021-04-08 07:20:49,641 | numpy_client.py:228 | read: ReadRes(clock=29)
DEBUG flower 2021-04-08 07:20:49,649 | numpy_client.py:172 | fit, FitIns(clock=39)
DEBUG flower 2021-04-08 07:20:49,649 | numpy_client.py:260 | cached_clock: 29, curr_clock: 39
INFO flower 2021-04-08 07:20:53,747 | numpy_client.py:205 | Cache is fresh, return FitRes(clock=39)
DEBUG flower 2021-04-08 07:20:58,907 | numpy_client.py:172 | fit, FitIns(clock=40)
DEBUG flower 2021-04-08 07:20:58,908 | numpy_client.py:260 | cached_clock: 29, curr_clock: 40
INFO flower 2021-04-08 07:20:58,908 | numpy_client.py:184 | Cache is stale, return ReadIns
DEBUG flower 2021-04-08 07:21:03,288 | numpy_client.py:228 | read: ReadRes(clock=30)
DEBUG flower 2021-04-08 07:21:03,296 | numpy_client.py:172 | fit, FitIns(clock=40)
DEBUG flower 2021-04-08 07:21:03,296 | numpy_client.py:260 | cached_clock: 30, curr_clock: 40
INFO flower 2021-04-08 07:21:07,204 | numpy_client.py:205 | Cache is fresh, return FitRes(clock=40)
DEBUG flower 2021-04-08 07:21:12,671 | numpy_client.py:172 | fit, FitIns(clock=41)
DEBUG flower 2021-04-08 07:21:12,671 | numpy_client.py:260 | cached_clock: 30, curr_clock: 41
INFO flower 2021-04-08 07:21:12,672 | numpy_client.py:184 | Cache is stale, return ReadIns
DEBUG flower 2021-04-08 07:21:17,143 | numpy_client.py:228 | read: ReadRes(clock=31)
DEBUG flower 2021-04-08 07:21:17,152 | numpy_client.py:172 | fit, FitIns(clock=41)
DEBUG flower 2021-04-08 07:21:17,153 | numpy_client.py:260 | cached_clock: 31, curr_clock: 41
INFO flower 2021-04-08 07:21:21,014 | numpy_client.py:205 | Cache is fresh, return FitRes(clock=41)
DEBUG flower 2021-04-08 07:21:26,050 | numpy_client.py:172 | fit, FitIns(clock=42)
DEBUG flower 2021-04-08 07:21:26,050 | numpy_client.py:260 | cached_clock: 31, curr_clock: 42
INFO flower 2021-04-08 07:21:26,051 | numpy_client.py:184 | Cache is stale, return ReadIns
DEBUG flower 2021-04-08 07:21:30,835 | numpy_client.py:228 | read: ReadRes(clock=32)
DEBUG flower 2021-04-08 07:21:30,842 | numpy_client.py:172 | fit, FitIns(clock=42)
DEBUG flower 2021-04-08 07:21:30,842 | numpy_client.py:260 | cached_clock: 32, curr_clock: 42
INFO flower 2021-04-08 07:21:34,709 | numpy_client.py:205 | Cache is fresh, return FitRes(clock=42)
DEBUG flower 2021-04-08 07:21:40,254 | numpy_client.py:172 | fit, FitIns(clock=43)
DEBUG flower 2021-04-08 07:21:40,254 | numpy_client.py:260 | cached_clock: 32, curr_clock: 43
INFO flower 2021-04-08 07:21:40,254 | numpy_client.py:184 | Cache is stale, return ReadIns
DEBUG flower 2021-04-08 07:21:44,686 | numpy_client.py:228 | read: ReadRes(clock=33)
DEBUG flower 2021-04-08 07:21:44,693 | numpy_client.py:172 | fit, FitIns(clock=43)
DEBUG flower 2021-04-08 07:21:44,693 | numpy_client.py:260 | cached_clock: 33, curr_clock: 43
INFO flower 2021-04-08 07:21:48,428 | numpy_client.py:205 | Cache is fresh, return FitRes(clock=43)
DEBUG flower 2021-04-08 07:21:53,928 | numpy_client.py:172 | fit, FitIns(clock=44)
DEBUG flower 2021-04-08 07:21:53,928 | numpy_client.py:260 | cached_clock: 33, curr_clock: 44
INFO flower 2021-04-08 07:21:53,929 | numpy_client.py:184 | Cache is stale, return ReadIns
DEBUG flower 2021-04-08 07:21:58,518 | numpy_client.py:228 | read: ReadRes(clock=34)
DEBUG flower 2021-04-08 07:21:58,526 | numpy_client.py:172 | fit, FitIns(clock=44)
DEBUG flower 2021-04-08 07:21:58,526 | numpy_client.py:260 | cached_clock: 34, curr_clock: 44
INFO flower 2021-04-08 07:22:02,330 | numpy_client.py:205 | Cache is fresh, return FitRes(clock=44)
DEBUG flower 2021-04-08 07:22:08,015 | numpy_client.py:172 | fit, FitIns(clock=45)
DEBUG flower 2021-04-08 07:22:08,015 | numpy_client.py:260 | cached_clock: 34, curr_clock: 45
INFO flower 2021-04-08 07:22:08,015 | numpy_client.py:184 | Cache is stale, return ReadIns
DEBUG flower 2021-04-08 07:22:12,441 | numpy_client.py:228 | read: ReadRes(clock=35)
DEBUG flower 2021-04-08 07:22:12,449 | numpy_client.py:172 | fit, FitIns(clock=45)
DEBUG flower 2021-04-08 07:22:12,449 | numpy_client.py:260 | cached_clock: 35, curr_clock: 45
INFO flower 2021-04-08 07:22:16,310 | numpy_client.py:205 | Cache is fresh, return FitRes(clock=45)
DEBUG flower 2021-04-08 07:22:21,798 | numpy_client.py:172 | fit, FitIns(clock=46)
DEBUG flower 2021-04-08 07:22:21,798 | numpy_client.py:260 | cached_clock: 35, curr_clock: 46
INFO flower 2021-04-08 07:22:21,798 | numpy_client.py:184 | Cache is stale, return ReadIns
DEBUG flower 2021-04-08 07:22:26,303 | numpy_client.py:228 | read: ReadRes(clock=36)
DEBUG flower 2021-04-08 07:22:26,311 | numpy_client.py:172 | fit, FitIns(clock=46)
DEBUG flower 2021-04-08 07:22:26,311 | numpy_client.py:260 | cached_clock: 36, curr_clock: 46
INFO flower 2021-04-08 07:22:30,136 | numpy_client.py:205 | Cache is fresh, return FitRes(clock=46)
DEBUG flower 2021-04-08 07:22:35,210 | numpy_client.py:172 | fit, FitIns(clock=47)
DEBUG flower 2021-04-08 07:22:35,211 | numpy_client.py:260 | cached_clock: 36, curr_clock: 47
INFO flower 2021-04-08 07:22:35,211 | numpy_client.py:184 | Cache is stale, return ReadIns
DEBUG flower 2021-04-08 07:22:39,726 | numpy_client.py:228 | read: ReadRes(clock=37)
DEBUG flower 2021-04-08 07:22:39,733 | numpy_client.py:172 | fit, FitIns(clock=47)
DEBUG flower 2021-04-08 07:22:39,734 | numpy_client.py:260 | cached_clock: 37, curr_clock: 47
INFO flower 2021-04-08 07:22:43,609 | numpy_client.py:205 | Cache is fresh, return FitRes(clock=47)
DEBUG flower 2021-04-08 07:22:48,997 | numpy_client.py:172 | fit, FitIns(clock=48)
DEBUG flower 2021-04-08 07:22:48,997 | numpy_client.py:260 | cached_clock: 37, curr_clock: 48
INFO flower 2021-04-08 07:22:48,998 | numpy_client.py:184 | Cache is stale, return ReadIns
DEBUG flower 2021-04-08 07:22:53,445 | numpy_client.py:228 | read: ReadRes(clock=38)
DEBUG flower 2021-04-08 07:22:53,452 | numpy_client.py:172 | fit, FitIns(clock=48)
DEBUG flower 2021-04-08 07:22:53,452 | numpy_client.py:260 | cached_clock: 38, curr_clock: 48
INFO flower 2021-04-08 07:22:57,332 | numpy_client.py:205 | Cache is fresh, return FitRes(clock=48)
DEBUG flower 2021-04-08 07:23:02,634 | numpy_client.py:172 | fit, FitIns(clock=49)
DEBUG flower 2021-04-08 07:23:02,634 | numpy_client.py:260 | cached_clock: 38, curr_clock: 49
INFO flower 2021-04-08 07:23:02,634 | numpy_client.py:184 | Cache is stale, return ReadIns
DEBUG flower 2021-04-08 07:23:07,131 | numpy_client.py:228 | read: ReadRes(clock=39)
DEBUG flower 2021-04-08 07:23:07,138 | numpy_client.py:172 | fit, FitIns(clock=49)
DEBUG flower 2021-04-08 07:23:07,138 | numpy_client.py:260 | cached_clock: 39, curr_clock: 49
INFO flower 2021-04-08 07:23:10,909 | numpy_client.py:205 | Cache is fresh, return FitRes(clock=49)
DEBUG flower 2021-04-08 07:23:10,910 | numpy_client.py:217 | The client finishes computing after 543 seconds
INFO flower 2021-04-08 07:25:38,734 | numpy_client.py:250 | [32;1m Loss: 31.296, Accuracy: 37.441%[0m
DEBUG flower 2021-04-08 07:25:39,898 | connection.py:68 | Insecure gRPC channel closed
INFO flower 2021-04-08 07:25:39,899 | app.py:74 | Disconnect and shut down
Namespace(idx=27, max_delay=0, min_delay=0, num_clients=31, server_ip='10.244.29.27:8080', staleness_bound=10)
I'm client 27
Start SSP client without delay
Files already downloaded and verified
Files already downloaded and verified
[32;1mClient 27: 2457 train samples, 211 test samples[0m
loss=172.69321298599243, acc=0.17207792207792208
loss=167.1704294681549, acc=0.21753246753246752
loss=160.7804777622223, acc=0.20008116883116883
loss=148.30334329605103, acc=0.20170454545454544
loss=134.02082192897797, acc=0.2021103896103896
loss=130.26105284690857, acc=0.2739448051948052
loss=126.90518009662628, acc=0.3425324675324675
loss=122.61474859714508, acc=0.351461038961039
loss=118.79295122623444, acc=0.37662337662337664
loss=115.87801146507263, acc=0.3847402597402597
loss=139.44368374347687, acc=0.34131493506493504
loss=117.64734899997711, acc=0.3843344155844156
loss=114.05915653705597, acc=0.39488636363636365
loss=112.72386908531189, acc=0.3989448051948052
loss=111.26582527160645, acc=0.42329545454545453
loss=110.68758189678192, acc=0.42329545454545453
loss=109.33675587177277, acc=0.4403409090909091
loss=154.44113862514496, acc=0.3405032467532468
loss=179.79704594612122, acc=0.2617694805194805
loss=177.12852311134338, acc=0.2824675324675325
loss=124.32721781730652, acc=0.41883116883116883
loss=116.71404922008514, acc=0.43141233766233766
loss=117.21781826019287, acc=0.4569805194805195
loss=120.5280100107193, acc=0.4549512987012987
loss=111.33588302135468, acc=0.461038961038961
loss=110.68013823032379, acc=0.4667207792207792
loss=116.8449444770813, acc=0.4476461038961039
loss=105.82078909873962, acc=0.47686688311688313
loss=105.79722398519516, acc=0.48457792207792205
loss=125.39514291286469, acc=0.47362012987012986
loss=103.1177026629448, acc=0.4971590909090909
loss=126.77952361106873, acc=0.47483766233766234
loss=100.69351369142532, acc=0.5081168831168831
loss=108.82818913459778, acc=0.47930194805194803
loss=98.4361492395401, acc=0.5089285714285714
loss=107.23901444673538, acc=0.48660714285714285
loss=111.78854233026505, acc=0.4788961038961039
loss=117.24278807640076, acc=0.474025974025974
loss=104.14758384227753, acc=0.505275974025974
loss=101.05943441390991, acc=0.5068993506493507
loss=100.07563984394073, acc=0.5353084415584416
loss=106.62219655513763, acc=0.5044642857142857
loss=96.54028367996216, acc=0.5381493506493507
loss=101.87266439199448, acc=0.5028409090909091
loss=95.1252149939537, acc=0.5474837662337663
loss=101.86097532510757, acc=0.5142045454545454
loss=95.34914988279343, acc=0.5438311688311688
loss=94.41880255937576, acc=0.5596590909090909
loss=93.51406466960907, acc=0.5657467532467533
loss=98.57328885793686, acc=0.5507305194805194
Files already downloaded and verified
Files already downloaded and verified
Testing on full test set: 313, 1529.5725662708282, 0.2925
Testing on partial test set: 7, 31.295870304107666, 0.3744075829383886
