DEBUG flower 2021-04-08 07:13:57,231 | connection.py:36 | ChannelConnectivity.IDLE
DEBUG flower 2021-04-08 07:13:57,233 | connection.py:36 | ChannelConnectivity.CONNECTING
INFO flower 2021-04-08 07:13:57,233 | app.py:63 | Opened (insecure) gRPC connection
DEBUG flower 2021-04-08 07:13:57,234 | connection.py:36 | ChannelConnectivity.READY
DEBUG flower 2021-04-08 07:14:07,058 | numpy_client.py:172 | fit, FitIns(clock=0)
INFO flower 2021-04-08 07:14:07,058 | numpy_client.py:184 | Cache is stale, return ReadIns
DEBUG flower 2021-04-08 07:14:07,240 | numpy_client.py:228 | read: ReadRes(clock=-1)
DEBUG flower 2021-04-08 07:14:07,258 | numpy_client.py:172 | fit, FitIns(clock=0)
DEBUG flower 2021-04-08 07:14:07,258 | numpy_client.py:260 | cached_clock: -1, curr_clock: 0
INFO flower 2021-04-08 07:14:10,219 | numpy_client.py:205 | Cache is fresh, return FitRes(clock=0)
DEBUG flower 2021-04-08 07:14:10,283 | numpy_client.py:172 | fit, FitIns(clock=1)
DEBUG flower 2021-04-08 07:14:10,283 | numpy_client.py:260 | cached_clock: -1, curr_clock: 1
INFO flower 2021-04-08 07:14:13,016 | numpy_client.py:205 | Cache is fresh, return FitRes(clock=1)
DEBUG flower 2021-04-08 07:14:20,917 | numpy_client.py:172 | fit, FitIns(clock=2)
DEBUG flower 2021-04-08 07:14:20,918 | numpy_client.py:260 | cached_clock: -1, curr_clock: 2
INFO flower 2021-04-08 07:14:23,840 | numpy_client.py:205 | Cache is fresh, return FitRes(clock=2)
DEBUG flower 2021-04-08 07:14:23,864 | numpy_client.py:172 | fit, FitIns(clock=3)
DEBUG flower 2021-04-08 07:14:23,864 | numpy_client.py:260 | cached_clock: -1, curr_clock: 3
INFO flower 2021-04-08 07:14:26,930 | numpy_client.py:205 | Cache is fresh, return FitRes(clock=3)
DEBUG flower 2021-04-08 07:14:35,072 | numpy_client.py:172 | fit, FitIns(clock=4)
DEBUG flower 2021-04-08 07:14:35,072 | numpy_client.py:260 | cached_clock: -1, curr_clock: 4
INFO flower 2021-04-08 07:14:38,137 | numpy_client.py:205 | Cache is fresh, return FitRes(clock=4)
DEBUG flower 2021-04-08 07:14:38,156 | numpy_client.py:172 | fit, FitIns(clock=5)
DEBUG flower 2021-04-08 07:14:38,156 | numpy_client.py:260 | cached_clock: -1, curr_clock: 5
INFO flower 2021-04-08 07:14:41,008 | numpy_client.py:205 | Cache is fresh, return FitRes(clock=5)
DEBUG flower 2021-04-08 07:14:48,795 | numpy_client.py:172 | fit, FitIns(clock=6)
DEBUG flower 2021-04-08 07:14:48,795 | numpy_client.py:260 | cached_clock: -1, curr_clock: 6
INFO flower 2021-04-08 07:14:51,725 | numpy_client.py:205 | Cache is fresh, return FitRes(clock=6)
DEBUG flower 2021-04-08 07:14:51,749 | numpy_client.py:172 | fit, FitIns(clock=7)
DEBUG flower 2021-04-08 07:14:51,749 | numpy_client.py:260 | cached_clock: -1, curr_clock: 7
INFO flower 2021-04-08 07:14:54,715 | numpy_client.py:205 | Cache is fresh, return FitRes(clock=7)
DEBUG flower 2021-04-08 07:15:02,563 | numpy_client.py:172 | fit, FitIns(clock=8)
DEBUG flower 2021-04-08 07:15:02,563 | numpy_client.py:260 | cached_clock: -1, curr_clock: 8
INFO flower 2021-04-08 07:15:05,421 | numpy_client.py:205 | Cache is fresh, return FitRes(clock=8)
DEBUG flower 2021-04-08 07:15:05,448 | numpy_client.py:172 | fit, FitIns(clock=9)
DEBUG flower 2021-04-08 07:15:05,448 | numpy_client.py:260 | cached_clock: -1, curr_clock: 9
INFO flower 2021-04-08 07:15:08,437 | numpy_client.py:205 | Cache is fresh, return FitRes(clock=9)
DEBUG flower 2021-04-08 07:15:16,160 | numpy_client.py:172 | fit, FitIns(clock=10)
DEBUG flower 2021-04-08 07:15:16,161 | numpy_client.py:260 | cached_clock: -1, curr_clock: 10
INFO flower 2021-04-08 07:15:16,161 | numpy_client.py:184 | Cache is stale, return ReadIns
DEBUG flower 2021-04-08 07:15:16,209 | numpy_client.py:228 | read: ReadRes(clock=4)
DEBUG flower 2021-04-08 07:15:16,216 | numpy_client.py:172 | fit, FitIns(clock=10)
DEBUG flower 2021-04-08 07:15:16,216 | numpy_client.py:260 | cached_clock: 4, curr_clock: 10
INFO flower 2021-04-08 07:15:19,139 | numpy_client.py:205 | Cache is fresh, return FitRes(clock=10)
DEBUG flower 2021-04-08 07:15:19,163 | numpy_client.py:172 | fit, FitIns(clock=11)
DEBUG flower 2021-04-08 07:15:19,163 | numpy_client.py:260 | cached_clock: 4, curr_clock: 11
INFO flower 2021-04-08 07:15:22,142 | numpy_client.py:205 | Cache is fresh, return FitRes(clock=11)
DEBUG flower 2021-04-08 07:15:28,893 | numpy_client.py:172 | fit, FitIns(clock=12)
DEBUG flower 2021-04-08 07:15:28,893 | numpy_client.py:260 | cached_clock: 4, curr_clock: 12
INFO flower 2021-04-08 07:15:31,734 | numpy_client.py:205 | Cache is fresh, return FitRes(clock=12)
DEBUG flower 2021-04-08 07:15:31,757 | numpy_client.py:172 | fit, FitIns(clock=13)
DEBUG flower 2021-04-08 07:15:31,757 | numpy_client.py:260 | cached_clock: 4, curr_clock: 13
INFO flower 2021-04-08 07:15:34,636 | numpy_client.py:205 | Cache is fresh, return FitRes(clock=13)
DEBUG flower 2021-04-08 07:15:42,395 | numpy_client.py:172 | fit, FitIns(clock=14)
DEBUG flower 2021-04-08 07:15:42,395 | numpy_client.py:260 | cached_clock: 4, curr_clock: 14
INFO flower 2021-04-08 07:15:45,315 | numpy_client.py:205 | Cache is fresh, return FitRes(clock=14)
DEBUG flower 2021-04-08 07:15:45,341 | numpy_client.py:172 | fit, FitIns(clock=15)
DEBUG flower 2021-04-08 07:15:45,341 | numpy_client.py:260 | cached_clock: 4, curr_clock: 15
INFO flower 2021-04-08 07:15:45,341 | numpy_client.py:184 | Cache is stale, return ReadIns
DEBUG flower 2021-04-08 07:15:45,356 | numpy_client.py:228 | read: ReadRes(clock=6)
DEBUG flower 2021-04-08 07:15:45,363 | numpy_client.py:172 | fit, FitIns(clock=15)
DEBUG flower 2021-04-08 07:15:45,363 | numpy_client.py:260 | cached_clock: 6, curr_clock: 15
INFO flower 2021-04-08 07:15:48,211 | numpy_client.py:205 | Cache is fresh, return FitRes(clock=15)
DEBUG flower 2021-04-08 07:15:55,567 | numpy_client.py:172 | fit, FitIns(clock=16)
DEBUG flower 2021-04-08 07:15:55,567 | numpy_client.py:260 | cached_clock: 6, curr_clock: 16
INFO flower 2021-04-08 07:15:58,413 | numpy_client.py:205 | Cache is fresh, return FitRes(clock=16)
DEBUG flower 2021-04-08 07:15:58,468 | numpy_client.py:172 | fit, FitIns(clock=17)
DEBUG flower 2021-04-08 07:15:58,469 | numpy_client.py:260 | cached_clock: 6, curr_clock: 17
INFO flower 2021-04-08 07:15:58,469 | numpy_client.py:184 | Cache is stale, return ReadIns
DEBUG flower 2021-04-08 07:15:58,484 | numpy_client.py:228 | read: ReadRes(clock=7)
DEBUG flower 2021-04-08 07:15:58,490 | numpy_client.py:172 | fit, FitIns(clock=17)
DEBUG flower 2021-04-08 07:15:58,490 | numpy_client.py:260 | cached_clock: 7, curr_clock: 17
INFO flower 2021-04-08 07:16:01,439 | numpy_client.py:205 | Cache is fresh, return FitRes(clock=17)
DEBUG flower 2021-04-08 07:16:09,094 | numpy_client.py:172 | fit, FitIns(clock=18)
DEBUG flower 2021-04-08 07:16:09,094 | numpy_client.py:260 | cached_clock: 7, curr_clock: 18
INFO flower 2021-04-08 07:16:09,094 | numpy_client.py:184 | Cache is stale, return ReadIns
DEBUG flower 2021-04-08 07:16:09,132 | numpy_client.py:228 | read: ReadRes(clock=8)
DEBUG flower 2021-04-08 07:16:09,140 | numpy_client.py:172 | fit, FitIns(clock=18)
DEBUG flower 2021-04-08 07:16:09,140 | numpy_client.py:260 | cached_clock: 8, curr_clock: 18
INFO flower 2021-04-08 07:16:12,108 | numpy_client.py:205 | Cache is fresh, return FitRes(clock=18)
DEBUG flower 2021-04-08 07:16:12,130 | numpy_client.py:172 | fit, FitIns(clock=19)
DEBUG flower 2021-04-08 07:16:12,130 | numpy_client.py:260 | cached_clock: 8, curr_clock: 19
INFO flower 2021-04-08 07:16:12,130 | numpy_client.py:184 | Cache is stale, return ReadIns
DEBUG flower 2021-04-08 07:16:13,835 | numpy_client.py:228 | read: ReadRes(clock=9)
DEBUG flower 2021-04-08 07:16:13,842 | numpy_client.py:172 | fit, FitIns(clock=19)
DEBUG flower 2021-04-08 07:16:13,842 | numpy_client.py:260 | cached_clock: 9, curr_clock: 19
INFO flower 2021-04-08 07:16:16,734 | numpy_client.py:205 | Cache is fresh, return FitRes(clock=19)
DEBUG flower 2021-04-08 07:16:22,967 | numpy_client.py:172 | fit, FitIns(clock=20)
DEBUG flower 2021-04-08 07:16:22,967 | numpy_client.py:260 | cached_clock: 9, curr_clock: 20
INFO flower 2021-04-08 07:16:22,968 | numpy_client.py:184 | Cache is stale, return ReadIns
DEBUG flower 2021-04-08 07:16:27,340 | numpy_client.py:228 | read: ReadRes(clock=10)
DEBUG flower 2021-04-08 07:16:27,412 | numpy_client.py:172 | fit, FitIns(clock=20)
DEBUG flower 2021-04-08 07:16:27,412 | numpy_client.py:260 | cached_clock: 10, curr_clock: 20
INFO flower 2021-04-08 07:16:30,138 | numpy_client.py:205 | Cache is fresh, return FitRes(clock=20)
DEBUG flower 2021-04-08 07:16:36,454 | numpy_client.py:172 | fit, FitIns(clock=21)
DEBUG flower 2021-04-08 07:16:36,454 | numpy_client.py:260 | cached_clock: 10, curr_clock: 21
INFO flower 2021-04-08 07:16:36,455 | numpy_client.py:184 | Cache is stale, return ReadIns
DEBUG flower 2021-04-08 07:16:41,216 | numpy_client.py:228 | read: ReadRes(clock=11)
DEBUG flower 2021-04-08 07:16:41,223 | numpy_client.py:172 | fit, FitIns(clock=21)
DEBUG flower 2021-04-08 07:16:41,224 | numpy_client.py:260 | cached_clock: 11, curr_clock: 21
INFO flower 2021-04-08 07:16:44,236 | numpy_client.py:205 | Cache is fresh, return FitRes(clock=21)
DEBUG flower 2021-04-08 07:16:50,944 | numpy_client.py:172 | fit, FitIns(clock=22)
DEBUG flower 2021-04-08 07:16:50,945 | numpy_client.py:260 | cached_clock: 11, curr_clock: 22
INFO flower 2021-04-08 07:16:50,945 | numpy_client.py:184 | Cache is stale, return ReadIns
DEBUG flower 2021-04-08 07:16:55,509 | numpy_client.py:228 | read: ReadRes(clock=12)
DEBUG flower 2021-04-08 07:16:55,517 | numpy_client.py:172 | fit, FitIns(clock=22)
DEBUG flower 2021-04-08 07:16:55,517 | numpy_client.py:260 | cached_clock: 12, curr_clock: 22
INFO flower 2021-04-08 07:16:58,435 | numpy_client.py:205 | Cache is fresh, return FitRes(clock=22)
DEBUG flower 2021-04-08 07:17:04,986 | numpy_client.py:172 | fit, FitIns(clock=23)
DEBUG flower 2021-04-08 07:17:04,986 | numpy_client.py:260 | cached_clock: 12, curr_clock: 23
INFO flower 2021-04-08 07:17:04,986 | numpy_client.py:184 | Cache is stale, return ReadIns
DEBUG flower 2021-04-08 07:17:09,528 | numpy_client.py:228 | read: ReadRes(clock=13)
DEBUG flower 2021-04-08 07:17:09,535 | numpy_client.py:172 | fit, FitIns(clock=23)
DEBUG flower 2021-04-08 07:17:09,536 | numpy_client.py:260 | cached_clock: 13, curr_clock: 23
INFO flower 2021-04-08 07:17:12,515 | numpy_client.py:205 | Cache is fresh, return FitRes(clock=23)
DEBUG flower 2021-04-08 07:17:18,691 | numpy_client.py:172 | fit, FitIns(clock=24)
DEBUG flower 2021-04-08 07:17:18,692 | numpy_client.py:260 | cached_clock: 13, curr_clock: 24
INFO flower 2021-04-08 07:17:18,692 | numpy_client.py:184 | Cache is stale, return ReadIns
DEBUG flower 2021-04-08 07:17:23,199 | numpy_client.py:228 | read: ReadRes(clock=14)
DEBUG flower 2021-04-08 07:17:23,205 | numpy_client.py:172 | fit, FitIns(clock=24)
DEBUG flower 2021-04-08 07:17:23,205 | numpy_client.py:260 | cached_clock: 14, curr_clock: 24
INFO flower 2021-04-08 07:17:26,444 | numpy_client.py:205 | Cache is fresh, return FitRes(clock=24)
DEBUG flower 2021-04-08 07:17:32,257 | numpy_client.py:172 | fit, FitIns(clock=25)
DEBUG flower 2021-04-08 07:17:32,257 | numpy_client.py:260 | cached_clock: 14, curr_clock: 25
INFO flower 2021-04-08 07:17:32,258 | numpy_client.py:184 | Cache is stale, return ReadIns
DEBUG flower 2021-04-08 07:17:36,913 | numpy_client.py:228 | read: ReadRes(clock=15)
DEBUG flower 2021-04-08 07:17:36,920 | numpy_client.py:172 | fit, FitIns(clock=25)
DEBUG flower 2021-04-08 07:17:36,920 | numpy_client.py:260 | cached_clock: 15, curr_clock: 25
INFO flower 2021-04-08 07:17:39,918 | numpy_client.py:205 | Cache is fresh, return FitRes(clock=25)
DEBUG flower 2021-04-08 07:17:45,889 | numpy_client.py:172 | fit, FitIns(clock=26)
DEBUG flower 2021-04-08 07:17:45,889 | numpy_client.py:260 | cached_clock: 15, curr_clock: 26
INFO flower 2021-04-08 07:17:45,889 | numpy_client.py:184 | Cache is stale, return ReadIns
DEBUG flower 2021-04-08 07:17:50,609 | numpy_client.py:228 | read: ReadRes(clock=16)
DEBUG flower 2021-04-08 07:17:50,617 | numpy_client.py:172 | fit, FitIns(clock=26)
DEBUG flower 2021-04-08 07:17:50,617 | numpy_client.py:260 | cached_clock: 16, curr_clock: 26
INFO flower 2021-04-08 07:17:53,520 | numpy_client.py:205 | Cache is fresh, return FitRes(clock=26)
DEBUG flower 2021-04-08 07:17:59,480 | numpy_client.py:172 | fit, FitIns(clock=27)
DEBUG flower 2021-04-08 07:17:59,480 | numpy_client.py:260 | cached_clock: 16, curr_clock: 27
INFO flower 2021-04-08 07:17:59,480 | numpy_client.py:184 | Cache is stale, return ReadIns
DEBUG flower 2021-04-08 07:18:03,909 | numpy_client.py:228 | read: ReadRes(clock=17)
DEBUG flower 2021-04-08 07:18:03,917 | numpy_client.py:172 | fit, FitIns(clock=27)
DEBUG flower 2021-04-08 07:18:03,917 | numpy_client.py:260 | cached_clock: 17, curr_clock: 27
INFO flower 2021-04-08 07:18:06,913 | numpy_client.py:205 | Cache is fresh, return FitRes(clock=27)
DEBUG flower 2021-04-08 07:18:12,966 | numpy_client.py:172 | fit, FitIns(clock=28)
DEBUG flower 2021-04-08 07:18:12,966 | numpy_client.py:260 | cached_clock: 17, curr_clock: 28
INFO flower 2021-04-08 07:18:12,966 | numpy_client.py:184 | Cache is stale, return ReadIns
DEBUG flower 2021-04-08 07:18:17,619 | numpy_client.py:228 | read: ReadRes(clock=18)
DEBUG flower 2021-04-08 07:18:17,625 | numpy_client.py:172 | fit, FitIns(clock=28)
DEBUG flower 2021-04-08 07:18:17,626 | numpy_client.py:260 | cached_clock: 18, curr_clock: 28
INFO flower 2021-04-08 07:18:20,515 | numpy_client.py:205 | Cache is fresh, return FitRes(clock=28)
DEBUG flower 2021-04-08 07:18:26,540 | numpy_client.py:172 | fit, FitIns(clock=29)
DEBUG flower 2021-04-08 07:18:26,540 | numpy_client.py:260 | cached_clock: 18, curr_clock: 29
INFO flower 2021-04-08 07:18:26,540 | numpy_client.py:184 | Cache is stale, return ReadIns
DEBUG flower 2021-04-08 07:18:31,118 | numpy_client.py:228 | read: ReadRes(clock=19)
DEBUG flower 2021-04-08 07:18:31,126 | numpy_client.py:172 | fit, FitIns(clock=29)
DEBUG flower 2021-04-08 07:18:31,126 | numpy_client.py:260 | cached_clock: 19, curr_clock: 29
INFO flower 2021-04-08 07:18:34,114 | numpy_client.py:205 | Cache is fresh, return FitRes(clock=29)
DEBUG flower 2021-04-08 07:18:40,375 | numpy_client.py:172 | fit, FitIns(clock=30)
DEBUG flower 2021-04-08 07:18:40,375 | numpy_client.py:260 | cached_clock: 19, curr_clock: 30
INFO flower 2021-04-08 07:18:40,375 | numpy_client.py:184 | Cache is stale, return ReadIns
DEBUG flower 2021-04-08 07:18:45,018 | numpy_client.py:228 | read: ReadRes(clock=20)
DEBUG flower 2021-04-08 07:18:45,026 | numpy_client.py:172 | fit, FitIns(clock=30)
DEBUG flower 2021-04-08 07:18:45,026 | numpy_client.py:260 | cached_clock: 20, curr_clock: 30
INFO flower 2021-04-08 07:18:47,935 | numpy_client.py:205 | Cache is fresh, return FitRes(clock=30)
DEBUG flower 2021-04-08 07:18:54,182 | numpy_client.py:172 | fit, FitIns(clock=31)
DEBUG flower 2021-04-08 07:18:54,182 | numpy_client.py:260 | cached_clock: 20, curr_clock: 31
INFO flower 2021-04-08 07:18:54,182 | numpy_client.py:184 | Cache is stale, return ReadIns
DEBUG flower 2021-04-08 07:18:58,841 | numpy_client.py:228 | read: ReadRes(clock=21)
DEBUG flower 2021-04-08 07:18:58,849 | numpy_client.py:172 | fit, FitIns(clock=31)
DEBUG flower 2021-04-08 07:18:58,849 | numpy_client.py:260 | cached_clock: 21, curr_clock: 31
INFO flower 2021-04-08 07:19:01,742 | numpy_client.py:205 | Cache is fresh, return FitRes(clock=31)
DEBUG flower 2021-04-08 07:19:08,033 | numpy_client.py:172 | fit, FitIns(clock=32)
DEBUG flower 2021-04-08 07:19:08,033 | numpy_client.py:260 | cached_clock: 21, curr_clock: 32
INFO flower 2021-04-08 07:19:08,033 | numpy_client.py:184 | Cache is stale, return ReadIns
DEBUG flower 2021-04-08 07:19:12,713 | numpy_client.py:228 | read: ReadRes(clock=22)
DEBUG flower 2021-04-08 07:19:12,721 | numpy_client.py:172 | fit, FitIns(clock=32)
DEBUG flower 2021-04-08 07:19:12,721 | numpy_client.py:260 | cached_clock: 22, curr_clock: 32
INFO flower 2021-04-08 07:19:15,725 | numpy_client.py:205 | Cache is fresh, return FitRes(clock=32)
DEBUG flower 2021-04-08 07:19:21,954 | numpy_client.py:172 | fit, FitIns(clock=33)
DEBUG flower 2021-04-08 07:19:21,954 | numpy_client.py:260 | cached_clock: 22, curr_clock: 33
INFO flower 2021-04-08 07:19:21,954 | numpy_client.py:184 | Cache is stale, return ReadIns
DEBUG flower 2021-04-08 07:19:26,268 | numpy_client.py:228 | read: ReadRes(clock=23)
DEBUG flower 2021-04-08 07:19:26,276 | numpy_client.py:172 | fit, FitIns(clock=33)
DEBUG flower 2021-04-08 07:19:26,276 | numpy_client.py:260 | cached_clock: 23, curr_clock: 33
INFO flower 2021-04-08 07:19:29,117 | numpy_client.py:205 | Cache is fresh, return FitRes(clock=33)
DEBUG flower 2021-04-08 07:19:35,107 | numpy_client.py:172 | fit, FitIns(clock=34)
DEBUG flower 2021-04-08 07:19:35,107 | numpy_client.py:260 | cached_clock: 23, curr_clock: 34
INFO flower 2021-04-08 07:19:35,107 | numpy_client.py:184 | Cache is stale, return ReadIns
DEBUG flower 2021-04-08 07:19:39,813 | numpy_client.py:228 | read: ReadRes(clock=24)
DEBUG flower 2021-04-08 07:19:39,821 | numpy_client.py:172 | fit, FitIns(clock=34)
DEBUG flower 2021-04-08 07:19:39,821 | numpy_client.py:260 | cached_clock: 24, curr_clock: 34
INFO flower 2021-04-08 07:19:42,649 | numpy_client.py:205 | Cache is fresh, return FitRes(clock=34)
DEBUG flower 2021-04-08 07:19:48,792 | numpy_client.py:172 | fit, FitIns(clock=35)
DEBUG flower 2021-04-08 07:19:48,792 | numpy_client.py:260 | cached_clock: 24, curr_clock: 35
INFO flower 2021-04-08 07:19:48,792 | numpy_client.py:184 | Cache is stale, return ReadIns
DEBUG flower 2021-04-08 07:19:53,334 | numpy_client.py:228 | read: ReadRes(clock=25)
DEBUG flower 2021-04-08 07:19:53,342 | numpy_client.py:172 | fit, FitIns(clock=35)
DEBUG flower 2021-04-08 07:19:53,342 | numpy_client.py:260 | cached_clock: 25, curr_clock: 35
INFO flower 2021-04-08 07:19:56,215 | numpy_client.py:205 | Cache is fresh, return FitRes(clock=35)
DEBUG flower 2021-04-08 07:20:02,260 | numpy_client.py:172 | fit, FitIns(clock=36)
DEBUG flower 2021-04-08 07:20:02,260 | numpy_client.py:260 | cached_clock: 25, curr_clock: 36
INFO flower 2021-04-08 07:20:02,260 | numpy_client.py:184 | Cache is stale, return ReadIns
DEBUG flower 2021-04-08 07:20:07,028 | numpy_client.py:228 | read: ReadRes(clock=26)
DEBUG flower 2021-04-08 07:20:07,035 | numpy_client.py:172 | fit, FitIns(clock=36)
DEBUG flower 2021-04-08 07:20:07,035 | numpy_client.py:260 | cached_clock: 26, curr_clock: 36
INFO flower 2021-04-08 07:20:10,114 | numpy_client.py:205 | Cache is fresh, return FitRes(clock=36)
DEBUG flower 2021-04-08 07:20:16,246 | numpy_client.py:172 | fit, FitIns(clock=37)
DEBUG flower 2021-04-08 07:20:16,246 | numpy_client.py:260 | cached_clock: 26, curr_clock: 37
INFO flower 2021-04-08 07:20:16,246 | numpy_client.py:184 | Cache is stale, return ReadIns
DEBUG flower 2021-04-08 07:20:20,750 | numpy_client.py:228 | read: ReadRes(clock=27)
DEBUG flower 2021-04-08 07:20:20,758 | numpy_client.py:172 | fit, FitIns(clock=37)
DEBUG flower 2021-04-08 07:20:20,758 | numpy_client.py:260 | cached_clock: 27, curr_clock: 37
INFO flower 2021-04-08 07:20:23,722 | numpy_client.py:205 | Cache is fresh, return FitRes(clock=37)
DEBUG flower 2021-04-08 07:20:31,114 | numpy_client.py:172 | fit, FitIns(clock=38)
DEBUG flower 2021-04-08 07:20:31,114 | numpy_client.py:260 | cached_clock: 27, curr_clock: 38
INFO flower 2021-04-08 07:20:31,114 | numpy_client.py:184 | Cache is stale, return ReadIns
DEBUG flower 2021-04-08 07:20:35,809 | numpy_client.py:228 | read: ReadRes(clock=28)
DEBUG flower 2021-04-08 07:20:35,820 | numpy_client.py:172 | fit, FitIns(clock=38)
DEBUG flower 2021-04-08 07:20:35,821 | numpy_client.py:260 | cached_clock: 28, curr_clock: 38
INFO flower 2021-04-08 07:20:38,715 | numpy_client.py:205 | Cache is fresh, return FitRes(clock=38)
DEBUG flower 2021-04-08 07:20:44,988 | numpy_client.py:172 | fit, FitIns(clock=39)
DEBUG flower 2021-04-08 07:20:44,988 | numpy_client.py:260 | cached_clock: 28, curr_clock: 39
INFO flower 2021-04-08 07:20:44,988 | numpy_client.py:184 | Cache is stale, return ReadIns
DEBUG flower 2021-04-08 07:20:49,609 | numpy_client.py:228 | read: ReadRes(clock=29)
DEBUG flower 2021-04-08 07:20:49,617 | numpy_client.py:172 | fit, FitIns(clock=39)
DEBUG flower 2021-04-08 07:20:49,617 | numpy_client.py:260 | cached_clock: 29, curr_clock: 39
INFO flower 2021-04-08 07:20:52,619 | numpy_client.py:205 | Cache is fresh, return FitRes(clock=39)
DEBUG flower 2021-04-08 07:20:58,775 | numpy_client.py:172 | fit, FitIns(clock=40)
DEBUG flower 2021-04-08 07:20:58,775 | numpy_client.py:260 | cached_clock: 29, curr_clock: 40
INFO flower 2021-04-08 07:20:58,775 | numpy_client.py:184 | Cache is stale, return ReadIns
DEBUG flower 2021-04-08 07:21:03,417 | numpy_client.py:228 | read: ReadRes(clock=30)
DEBUG flower 2021-04-08 07:21:03,424 | numpy_client.py:172 | fit, FitIns(clock=40)
DEBUG flower 2021-04-08 07:21:03,424 | numpy_client.py:260 | cached_clock: 30, curr_clock: 40
INFO flower 2021-04-08 07:21:06,238 | numpy_client.py:205 | Cache is fresh, return FitRes(clock=40)
DEBUG flower 2021-04-08 07:21:12,564 | numpy_client.py:172 | fit, FitIns(clock=41)
DEBUG flower 2021-04-08 07:21:12,565 | numpy_client.py:260 | cached_clock: 30, curr_clock: 41
INFO flower 2021-04-08 07:21:12,565 | numpy_client.py:184 | Cache is stale, return ReadIns
DEBUG flower 2021-04-08 07:21:17,044 | numpy_client.py:228 | read: ReadRes(clock=31)
DEBUG flower 2021-04-08 07:21:17,052 | numpy_client.py:172 | fit, FitIns(clock=41)
DEBUG flower 2021-04-08 07:21:17,052 | numpy_client.py:260 | cached_clock: 31, curr_clock: 41
INFO flower 2021-04-08 07:21:19,940 | numpy_client.py:205 | Cache is fresh, return FitRes(clock=41)
DEBUG flower 2021-04-08 07:21:25,954 | numpy_client.py:172 | fit, FitIns(clock=42)
DEBUG flower 2021-04-08 07:21:25,954 | numpy_client.py:260 | cached_clock: 31, curr_clock: 42
INFO flower 2021-04-08 07:21:25,954 | numpy_client.py:184 | Cache is stale, return ReadIns
DEBUG flower 2021-04-08 07:21:30,809 | numpy_client.py:228 | read: ReadRes(clock=32)
DEBUG flower 2021-04-08 07:21:30,817 | numpy_client.py:172 | fit, FitIns(clock=42)
DEBUG flower 2021-04-08 07:21:30,817 | numpy_client.py:260 | cached_clock: 32, curr_clock: 42
INFO flower 2021-04-08 07:21:33,728 | numpy_client.py:205 | Cache is fresh, return FitRes(clock=42)
DEBUG flower 2021-04-08 07:21:40,156 | numpy_client.py:172 | fit, FitIns(clock=43)
DEBUG flower 2021-04-08 07:21:40,157 | numpy_client.py:260 | cached_clock: 32, curr_clock: 43
INFO flower 2021-04-08 07:21:40,157 | numpy_client.py:184 | Cache is stale, return ReadIns
DEBUG flower 2021-04-08 07:21:44,920 | numpy_client.py:228 | read: ReadRes(clock=33)
DEBUG flower 2021-04-08 07:21:44,929 | numpy_client.py:172 | fit, FitIns(clock=43)
DEBUG flower 2021-04-08 07:21:44,929 | numpy_client.py:260 | cached_clock: 33, curr_clock: 43
INFO flower 2021-04-08 07:21:47,914 | numpy_client.py:205 | Cache is fresh, return FitRes(clock=43)
DEBUG flower 2021-04-08 07:21:53,873 | numpy_client.py:172 | fit, FitIns(clock=44)
DEBUG flower 2021-04-08 07:21:53,873 | numpy_client.py:260 | cached_clock: 33, curr_clock: 44
INFO flower 2021-04-08 07:21:53,873 | numpy_client.py:184 | Cache is stale, return ReadIns
DEBUG flower 2021-04-08 07:21:58,501 | numpy_client.py:228 | read: ReadRes(clock=34)
DEBUG flower 2021-04-08 07:21:58,509 | numpy_client.py:172 | fit, FitIns(clock=44)
DEBUG flower 2021-04-08 07:21:58,509 | numpy_client.py:260 | cached_clock: 34, curr_clock: 44
INFO flower 2021-04-08 07:22:01,338 | numpy_client.py:205 | Cache is fresh, return FitRes(clock=44)
DEBUG flower 2021-04-08 07:22:07,920 | numpy_client.py:172 | fit, FitIns(clock=45)
DEBUG flower 2021-04-08 07:22:07,920 | numpy_client.py:260 | cached_clock: 34, curr_clock: 45
INFO flower 2021-04-08 07:22:07,920 | numpy_client.py:184 | Cache is stale, return ReadIns
DEBUG flower 2021-04-08 07:22:12,546 | numpy_client.py:228 | read: ReadRes(clock=35)
DEBUG flower 2021-04-08 07:22:12,552 | numpy_client.py:172 | fit, FitIns(clock=45)
DEBUG flower 2021-04-08 07:22:12,552 | numpy_client.py:260 | cached_clock: 35, curr_clock: 45
INFO flower 2021-04-08 07:22:15,333 | numpy_client.py:205 | Cache is fresh, return FitRes(clock=45)
DEBUG flower 2021-04-08 07:22:21,688 | numpy_client.py:172 | fit, FitIns(clock=46)
DEBUG flower 2021-04-08 07:22:21,688 | numpy_client.py:260 | cached_clock: 35, curr_clock: 46
INFO flower 2021-04-08 07:22:21,688 | numpy_client.py:184 | Cache is stale, return ReadIns
DEBUG flower 2021-04-08 07:22:26,238 | numpy_client.py:228 | read: ReadRes(clock=36)
DEBUG flower 2021-04-08 07:22:26,245 | numpy_client.py:172 | fit, FitIns(clock=46)
DEBUG flower 2021-04-08 07:22:26,245 | numpy_client.py:260 | cached_clock: 36, curr_clock: 46
INFO flower 2021-04-08 07:22:29,127 | numpy_client.py:205 | Cache is fresh, return FitRes(clock=46)
DEBUG flower 2021-04-08 07:22:35,124 | numpy_client.py:172 | fit, FitIns(clock=47)
DEBUG flower 2021-04-08 07:22:35,125 | numpy_client.py:260 | cached_clock: 36, curr_clock: 47
INFO flower 2021-04-08 07:22:35,125 | numpy_client.py:184 | Cache is stale, return ReadIns
DEBUG flower 2021-04-08 07:22:39,710 | numpy_client.py:228 | read: ReadRes(clock=37)
DEBUG flower 2021-04-08 07:22:39,718 | numpy_client.py:172 | fit, FitIns(clock=47)
DEBUG flower 2021-04-08 07:22:39,718 | numpy_client.py:260 | cached_clock: 37, curr_clock: 47
INFO flower 2021-04-08 07:22:42,614 | numpy_client.py:205 | Cache is fresh, return FitRes(clock=47)
DEBUG flower 2021-04-08 07:22:48,872 | numpy_client.py:172 | fit, FitIns(clock=48)
DEBUG flower 2021-04-08 07:22:48,872 | numpy_client.py:260 | cached_clock: 37, curr_clock: 48
INFO flower 2021-04-08 07:22:48,872 | numpy_client.py:184 | Cache is stale, return ReadIns
DEBUG flower 2021-04-08 07:22:53,429 | numpy_client.py:228 | read: ReadRes(clock=38)
DEBUG flower 2021-04-08 07:22:53,437 | numpy_client.py:172 | fit, FitIns(clock=48)
DEBUG flower 2021-04-08 07:22:53,437 | numpy_client.py:260 | cached_clock: 38, curr_clock: 48
INFO flower 2021-04-08 07:22:56,420 | numpy_client.py:205 | Cache is fresh, return FitRes(clock=48)
DEBUG flower 2021-04-08 07:23:02,536 | numpy_client.py:172 | fit, FitIns(clock=49)
DEBUG flower 2021-04-08 07:23:02,536 | numpy_client.py:260 | cached_clock: 38, curr_clock: 49
INFO flower 2021-04-08 07:23:02,536 | numpy_client.py:184 | Cache is stale, return ReadIns
DEBUG flower 2021-04-08 07:23:06,973 | numpy_client.py:228 | read: ReadRes(clock=39)
DEBUG flower 2021-04-08 07:23:06,981 | numpy_client.py:172 | fit, FitIns(clock=49)
DEBUG flower 2021-04-08 07:23:06,981 | numpy_client.py:260 | cached_clock: 39, curr_clock: 49
INFO flower 2021-04-08 07:23:10,008 | numpy_client.py:205 | Cache is fresh, return FitRes(clock=49)
DEBUG flower 2021-04-08 07:23:10,008 | numpy_client.py:217 | The client finishes computing after 542 seconds
INFO flower 2021-04-08 07:25:39,019 | numpy_client.py:250 | [32;1m Loss: 117.784, Accuracy: 11.855%[0m
DEBUG flower 2021-04-08 07:25:39,901 | connection.py:68 | Insecure gRPC channel closed
INFO flower 2021-04-08 07:25:39,901 | app.py:74 | Disconnect and shut down
Namespace(idx=4, max_delay=0, min_delay=0, num_clients=31, server_ip='10.244.29.27:8080', staleness_bound=10)
I'm client 4
Start SSP client without delay
Files already downloaded and verified
Files already downloaded and verified
[32;1mClient 4: 1850 train samples, 523 test samples[0m
loss=131.46146726608276, acc=0.11476293103448276
loss=127.86696600914001, acc=0.1939655172413793
loss=124.53384733200073, acc=0.18911637931034483
loss=121.08799457550049, acc=0.1966594827586207
loss=116.82350969314575, acc=0.19935344827586207
loss=109.49815034866333, acc=0.19935344827586207
loss=98.71096575260162, acc=0.22413793103448276
loss=93.52913010120392, acc=0.23868534482758622
loss=91.3773912191391, acc=0.26185344827586204
loss=89.55184948444366, acc=0.30603448275862066
loss=103.87442684173584, acc=0.33351293103448276
loss=88.06268584728241, acc=0.33997844827586204
loss=86.16231846809387, acc=0.3545258620689655
loss=85.69221580028534, acc=0.35129310344827586
loss=84.58026576042175, acc=0.3701508620689655
loss=83.4392215013504, acc=0.38469827586206895
loss=82.88329803943634, acc=0.39439655172413796
loss=98.31798303127289, acc=0.32219827586206895
loss=101.07355809211731, acc=0.36584051724137934
loss=158.37786531448364, acc=0.15355603448275862
loss=96.37279272079468, acc=0.38739224137931033
loss=95.49666202068329, acc=0.3884698275862069
loss=96.6001101732254, acc=0.3954741379310345
loss=94.4037321805954, acc=0.40032327586206895
loss=89.8372688293457, acc=0.4191810344827586
loss=94.15821385383606, acc=0.39978448275862066
loss=93.5140677690506, acc=0.41648706896551724
loss=88.34868931770325, acc=0.42834051724137934
loss=92.92617058753967, acc=0.41433189655172414
loss=96.06672406196594, acc=0.4488146551724138
loss=82.75186705589294, acc=0.4795258620689655
loss=95.83879601955414, acc=0.4714439655172414
loss=80.7826064825058, acc=0.49191810344827586
loss=86.11137366294861, acc=0.4676724137931034
loss=82.48181229829788, acc=0.4800646551724138
loss=85.94872480630875, acc=0.4520474137931034
loss=86.97752249240875, acc=0.4644396551724138
loss=88.7607353925705, acc=0.4692887931034483
loss=82.30953884124756, acc=0.4714439655172414
loss=80.99040174484253, acc=0.4849137931034483
loss=80.31652593612671, acc=0.4886853448275862
loss=82.37649196386337, acc=0.5048491379310345
loss=80.78353691101074, acc=0.4698275862068966
loss=80.48144590854645, acc=0.49084051724137934
loss=79.95795345306396, acc=0.47629310344827586
loss=79.79341155290604, acc=0.49030172413793105
loss=79.11478233337402, acc=0.48976293103448276
loss=78.75822913646698, acc=0.4973060344827586
loss=78.98054760694504, acc=0.5005387931034483
loss=78.6730444431305, acc=0.5070043103448276
Files already downloaded and verified
Files already downloaded and verified
Testing on full test set: 313, 1529.5725662708282, 0.2925
Testing on partial test set: 17, 117.78435039520264, 0.11854684512428298
