DEBUG flower 2021-04-08 07:14:02,792 | connection.py:36 | ChannelConnectivity.IDLE
INFO flower 2021-04-08 07:14:02,794 | app.py:63 | Opened (insecure) gRPC connection
DEBUG flower 2021-04-08 07:14:02,794 | connection.py:36 | ChannelConnectivity.READY
DEBUG flower 2021-04-08 07:14:07,123 | numpy_client.py:172 | fit, FitIns(clock=0)
INFO flower 2021-04-08 07:14:07,123 | numpy_client.py:184 | Cache is stale, return ReadIns
DEBUG flower 2021-04-08 07:14:07,320 | numpy_client.py:228 | read: ReadRes(clock=-1)
DEBUG flower 2021-04-08 07:14:07,336 | numpy_client.py:172 | fit, FitIns(clock=0)
DEBUG flower 2021-04-08 07:14:07,336 | numpy_client.py:260 | cached_clock: -1, curr_clock: 0
INFO flower 2021-04-08 07:14:08,779 | numpy_client.py:205 | Cache is fresh, return FitRes(clock=0)
DEBUG flower 2021-04-08 07:14:08,808 | numpy_client.py:172 | fit, FitIns(clock=1)
DEBUG flower 2021-04-08 07:14:08,809 | numpy_client.py:260 | cached_clock: -1, curr_clock: 1
INFO flower 2021-04-08 07:14:10,157 | numpy_client.py:205 | Cache is fresh, return FitRes(clock=1)
DEBUG flower 2021-04-08 07:14:10,178 | numpy_client.py:172 | fit, FitIns(clock=2)
DEBUG flower 2021-04-08 07:14:10,178 | numpy_client.py:260 | cached_clock: -1, curr_clock: 2
INFO flower 2021-04-08 07:14:11,574 | numpy_client.py:205 | Cache is fresh, return FitRes(clock=2)
DEBUG flower 2021-04-08 07:14:11,596 | numpy_client.py:172 | fit, FitIns(clock=3)
DEBUG flower 2021-04-08 07:14:11,596 | numpy_client.py:260 | cached_clock: -1, curr_clock: 3
INFO flower 2021-04-08 07:14:12,990 | numpy_client.py:205 | Cache is fresh, return FitRes(clock=3)
DEBUG flower 2021-04-08 07:14:20,904 | numpy_client.py:172 | fit, FitIns(clock=4)
DEBUG flower 2021-04-08 07:14:20,904 | numpy_client.py:260 | cached_clock: -1, curr_clock: 4
INFO flower 2021-04-08 07:14:22,273 | numpy_client.py:205 | Cache is fresh, return FitRes(clock=4)
DEBUG flower 2021-04-08 07:14:22,297 | numpy_client.py:172 | fit, FitIns(clock=5)
DEBUG flower 2021-04-08 07:14:22,297 | numpy_client.py:260 | cached_clock: -1, curr_clock: 5
INFO flower 2021-04-08 07:14:23,660 | numpy_client.py:205 | Cache is fresh, return FitRes(clock=5)
DEBUG flower 2021-04-08 07:14:23,691 | numpy_client.py:172 | fit, FitIns(clock=6)
DEBUG flower 2021-04-08 07:14:23,691 | numpy_client.py:260 | cached_clock: -1, curr_clock: 6
INFO flower 2021-04-08 07:14:24,988 | numpy_client.py:205 | Cache is fresh, return FitRes(clock=6)
DEBUG flower 2021-04-08 07:14:25,016 | numpy_client.py:172 | fit, FitIns(clock=7)
DEBUG flower 2021-04-08 07:14:25,016 | numpy_client.py:260 | cached_clock: -1, curr_clock: 7
INFO flower 2021-04-08 07:14:26,376 | numpy_client.py:205 | Cache is fresh, return FitRes(clock=7)
DEBUG flower 2021-04-08 07:14:35,008 | numpy_client.py:172 | fit, FitIns(clock=8)
DEBUG flower 2021-04-08 07:14:35,008 | numpy_client.py:260 | cached_clock: -1, curr_clock: 8
INFO flower 2021-04-08 07:14:36,376 | numpy_client.py:205 | Cache is fresh, return FitRes(clock=8)
DEBUG flower 2021-04-08 07:14:36,401 | numpy_client.py:172 | fit, FitIns(clock=9)
DEBUG flower 2021-04-08 07:14:36,401 | numpy_client.py:260 | cached_clock: -1, curr_clock: 9
INFO flower 2021-04-08 07:14:37,765 | numpy_client.py:205 | Cache is fresh, return FitRes(clock=9)
DEBUG flower 2021-04-08 07:14:37,796 | numpy_client.py:172 | fit, FitIns(clock=10)
DEBUG flower 2021-04-08 07:14:37,796 | numpy_client.py:260 | cached_clock: -1, curr_clock: 10
INFO flower 2021-04-08 07:14:37,796 | numpy_client.py:184 | Cache is stale, return ReadIns
DEBUG flower 2021-04-08 07:14:37,881 | numpy_client.py:228 | read: ReadRes(clock=1)
DEBUG flower 2021-04-08 07:14:37,888 | numpy_client.py:172 | fit, FitIns(clock=10)
DEBUG flower 2021-04-08 07:14:37,888 | numpy_client.py:260 | cached_clock: 1, curr_clock: 10
INFO flower 2021-04-08 07:14:39,255 | numpy_client.py:205 | Cache is fresh, return FitRes(clock=10)
DEBUG flower 2021-04-08 07:14:39,273 | numpy_client.py:172 | fit, FitIns(clock=11)
DEBUG flower 2021-04-08 07:14:39,273 | numpy_client.py:260 | cached_clock: 1, curr_clock: 11
INFO flower 2021-04-08 07:14:40,682 | numpy_client.py:205 | Cache is fresh, return FitRes(clock=11)
DEBUG flower 2021-04-08 07:14:48,738 | numpy_client.py:172 | fit, FitIns(clock=12)
DEBUG flower 2021-04-08 07:14:48,739 | numpy_client.py:260 | cached_clock: 1, curr_clock: 12
INFO flower 2021-04-08 07:14:48,739 | numpy_client.py:184 | Cache is stale, return ReadIns
DEBUG flower 2021-04-08 07:14:48,765 | numpy_client.py:228 | read: ReadRes(clock=2)
DEBUG flower 2021-04-08 07:14:48,773 | numpy_client.py:172 | fit, FitIns(clock=12)
DEBUG flower 2021-04-08 07:14:48,773 | numpy_client.py:260 | cached_clock: 2, curr_clock: 12
INFO flower 2021-04-08 07:14:50,174 | numpy_client.py:205 | Cache is fresh, return FitRes(clock=12)
DEBUG flower 2021-04-08 07:14:50,198 | numpy_client.py:172 | fit, FitIns(clock=13)
DEBUG flower 2021-04-08 07:14:50,198 | numpy_client.py:260 | cached_clock: 2, curr_clock: 13
INFO flower 2021-04-08 07:14:50,198 | numpy_client.py:184 | Cache is stale, return ReadIns
DEBUG flower 2021-04-08 07:14:53,225 | numpy_client.py:228 | read: ReadRes(clock=3)
DEBUG flower 2021-04-08 07:14:53,232 | numpy_client.py:172 | fit, FitIns(clock=13)
DEBUG flower 2021-04-08 07:14:53,233 | numpy_client.py:260 | cached_clock: 3, curr_clock: 13
INFO flower 2021-04-08 07:14:54,561 | numpy_client.py:205 | Cache is fresh, return FitRes(clock=13)
DEBUG flower 2021-04-08 07:15:02,525 | numpy_client.py:172 | fit, FitIns(clock=14)
DEBUG flower 2021-04-08 07:15:02,525 | numpy_client.py:260 | cached_clock: 3, curr_clock: 14
INFO flower 2021-04-08 07:15:02,525 | numpy_client.py:184 | Cache is stale, return ReadIns
DEBUG flower 2021-04-08 07:15:06,950 | numpy_client.py:228 | read: ReadRes(clock=4)
DEBUG flower 2021-04-08 07:15:06,958 | numpy_client.py:172 | fit, FitIns(clock=14)
DEBUG flower 2021-04-08 07:15:06,958 | numpy_client.py:260 | cached_clock: 4, curr_clock: 14
INFO flower 2021-04-08 07:15:08,289 | numpy_client.py:205 | Cache is fresh, return FitRes(clock=14)
DEBUG flower 2021-04-08 07:15:16,143 | numpy_client.py:172 | fit, FitIns(clock=15)
DEBUG flower 2021-04-08 07:15:16,144 | numpy_client.py:260 | cached_clock: 4, curr_clock: 15
INFO flower 2021-04-08 07:15:16,144 | numpy_client.py:184 | Cache is stale, return ReadIns
DEBUG flower 2021-04-08 07:15:20,645 | numpy_client.py:228 | read: ReadRes(clock=5)
DEBUG flower 2021-04-08 07:15:20,657 | numpy_client.py:172 | fit, FitIns(clock=15)
DEBUG flower 2021-04-08 07:15:20,657 | numpy_client.py:260 | cached_clock: 5, curr_clock: 15
INFO flower 2021-04-08 07:15:21,977 | numpy_client.py:205 | Cache is fresh, return FitRes(clock=15)
DEBUG flower 2021-04-08 07:15:28,880 | numpy_client.py:172 | fit, FitIns(clock=16)
DEBUG flower 2021-04-08 07:15:28,881 | numpy_client.py:260 | cached_clock: 5, curr_clock: 16
INFO flower 2021-04-08 07:15:28,881 | numpy_client.py:184 | Cache is stale, return ReadIns
DEBUG flower 2021-04-08 07:15:33,476 | numpy_client.py:228 | read: ReadRes(clock=6)
DEBUG flower 2021-04-08 07:15:33,484 | numpy_client.py:172 | fit, FitIns(clock=16)
DEBUG flower 2021-04-08 07:15:33,484 | numpy_client.py:260 | cached_clock: 6, curr_clock: 16
INFO flower 2021-04-08 07:15:34,897 | numpy_client.py:205 | Cache is fresh, return FitRes(clock=16)
DEBUG flower 2021-04-08 07:15:42,453 | numpy_client.py:172 | fit, FitIns(clock=17)
DEBUG flower 2021-04-08 07:15:42,454 | numpy_client.py:260 | cached_clock: 6, curr_clock: 17
INFO flower 2021-04-08 07:15:42,454 | numpy_client.py:184 | Cache is stale, return ReadIns
DEBUG flower 2021-04-08 07:15:46,765 | numpy_client.py:228 | read: ReadRes(clock=7)
DEBUG flower 2021-04-08 07:15:46,772 | numpy_client.py:172 | fit, FitIns(clock=17)
DEBUG flower 2021-04-08 07:15:46,772 | numpy_client.py:260 | cached_clock: 7, curr_clock: 17
INFO flower 2021-04-08 07:15:48,173 | numpy_client.py:205 | Cache is fresh, return FitRes(clock=17)
DEBUG flower 2021-04-08 07:15:55,551 | numpy_client.py:172 | fit, FitIns(clock=18)
DEBUG flower 2021-04-08 07:15:55,551 | numpy_client.py:260 | cached_clock: 7, curr_clock: 18
INFO flower 2021-04-08 07:15:55,551 | numpy_client.py:184 | Cache is stale, return ReadIns
DEBUG flower 2021-04-08 07:16:00,016 | numpy_client.py:228 | read: ReadRes(clock=8)
DEBUG flower 2021-04-08 07:16:00,023 | numpy_client.py:172 | fit, FitIns(clock=18)
DEBUG flower 2021-04-08 07:16:00,023 | numpy_client.py:260 | cached_clock: 8, curr_clock: 18
INFO flower 2021-04-08 07:16:01,465 | numpy_client.py:205 | Cache is fresh, return FitRes(clock=18)
DEBUG flower 2021-04-08 07:16:09,111 | numpy_client.py:172 | fit, FitIns(clock=19)
DEBUG flower 2021-04-08 07:16:09,111 | numpy_client.py:260 | cached_clock: 8, curr_clock: 19
INFO flower 2021-04-08 07:16:09,111 | numpy_client.py:184 | Cache is stale, return ReadIns
DEBUG flower 2021-04-08 07:16:13,799 | numpy_client.py:228 | read: ReadRes(clock=9)
DEBUG flower 2021-04-08 07:16:13,806 | numpy_client.py:172 | fit, FitIns(clock=19)
DEBUG flower 2021-04-08 07:16:13,807 | numpy_client.py:260 | cached_clock: 9, curr_clock: 19
INFO flower 2021-04-08 07:16:15,072 | numpy_client.py:205 | Cache is fresh, return FitRes(clock=19)
DEBUG flower 2021-04-08 07:16:22,772 | numpy_client.py:172 | fit, FitIns(clock=20)
DEBUG flower 2021-04-08 07:16:22,772 | numpy_client.py:260 | cached_clock: 9, curr_clock: 20
INFO flower 2021-04-08 07:16:22,772 | numpy_client.py:184 | Cache is stale, return ReadIns
DEBUG flower 2021-04-08 07:16:27,289 | numpy_client.py:228 | read: ReadRes(clock=10)
DEBUG flower 2021-04-08 07:16:27,296 | numpy_client.py:172 | fit, FitIns(clock=20)
DEBUG flower 2021-04-08 07:16:27,296 | numpy_client.py:260 | cached_clock: 10, curr_clock: 20
INFO flower 2021-04-08 07:16:28,660 | numpy_client.py:205 | Cache is fresh, return FitRes(clock=20)
DEBUG flower 2021-04-08 07:16:36,313 | numpy_client.py:172 | fit, FitIns(clock=21)
DEBUG flower 2021-04-08 07:16:36,313 | numpy_client.py:260 | cached_clock: 10, curr_clock: 21
INFO flower 2021-04-08 07:16:36,313 | numpy_client.py:184 | Cache is stale, return ReadIns
DEBUG flower 2021-04-08 07:16:41,253 | numpy_client.py:228 | read: ReadRes(clock=11)
DEBUG flower 2021-04-08 07:16:41,260 | numpy_client.py:172 | fit, FitIns(clock=21)
DEBUG flower 2021-04-08 07:16:41,260 | numpy_client.py:260 | cached_clock: 11, curr_clock: 21
INFO flower 2021-04-08 07:16:42,675 | numpy_client.py:205 | Cache is fresh, return FitRes(clock=21)
DEBUG flower 2021-04-08 07:16:50,803 | numpy_client.py:172 | fit, FitIns(clock=22)
DEBUG flower 2021-04-08 07:16:50,803 | numpy_client.py:260 | cached_clock: 11, curr_clock: 22
INFO flower 2021-04-08 07:16:50,803 | numpy_client.py:184 | Cache is stale, return ReadIns
DEBUG flower 2021-04-08 07:16:55,488 | numpy_client.py:228 | read: ReadRes(clock=12)
DEBUG flower 2021-04-08 07:16:55,496 | numpy_client.py:172 | fit, FitIns(clock=22)
DEBUG flower 2021-04-08 07:16:55,496 | numpy_client.py:260 | cached_clock: 12, curr_clock: 22
INFO flower 2021-04-08 07:16:56,785 | numpy_client.py:205 | Cache is fresh, return FitRes(clock=22)
DEBUG flower 2021-04-08 07:17:04,818 | numpy_client.py:172 | fit, FitIns(clock=23)
DEBUG flower 2021-04-08 07:17:04,818 | numpy_client.py:260 | cached_clock: 12, curr_clock: 23
INFO flower 2021-04-08 07:17:04,818 | numpy_client.py:184 | Cache is stale, return ReadIns
DEBUG flower 2021-04-08 07:17:09,533 | numpy_client.py:228 | read: ReadRes(clock=13)
DEBUG flower 2021-04-08 07:17:09,541 | numpy_client.py:172 | fit, FitIns(clock=23)
DEBUG flower 2021-04-08 07:17:09,541 | numpy_client.py:260 | cached_clock: 13, curr_clock: 23
INFO flower 2021-04-08 07:17:10,858 | numpy_client.py:205 | Cache is fresh, return FitRes(clock=23)
DEBUG flower 2021-04-08 07:17:18,500 | numpy_client.py:172 | fit, FitIns(clock=24)
DEBUG flower 2021-04-08 07:17:18,501 | numpy_client.py:260 | cached_clock: 13, curr_clock: 24
INFO flower 2021-04-08 07:17:18,501 | numpy_client.py:184 | Cache is stale, return ReadIns
DEBUG flower 2021-04-08 07:17:23,192 | numpy_client.py:228 | read: ReadRes(clock=14)
DEBUG flower 2021-04-08 07:17:23,199 | numpy_client.py:172 | fit, FitIns(clock=24)
DEBUG flower 2021-04-08 07:17:23,200 | numpy_client.py:260 | cached_clock: 14, curr_clock: 24
INFO flower 2021-04-08 07:17:24,758 | numpy_client.py:205 | Cache is fresh, return FitRes(clock=24)
DEBUG flower 2021-04-08 07:17:32,112 | numpy_client.py:172 | fit, FitIns(clock=25)
DEBUG flower 2021-04-08 07:17:32,112 | numpy_client.py:260 | cached_clock: 14, curr_clock: 25
INFO flower 2021-04-08 07:17:32,112 | numpy_client.py:184 | Cache is stale, return ReadIns
DEBUG flower 2021-04-08 07:17:36,883 | numpy_client.py:228 | read: ReadRes(clock=15)
DEBUG flower 2021-04-08 07:17:36,890 | numpy_client.py:172 | fit, FitIns(clock=25)
DEBUG flower 2021-04-08 07:17:36,890 | numpy_client.py:260 | cached_clock: 15, curr_clock: 25
INFO flower 2021-04-08 07:17:38,175 | numpy_client.py:205 | Cache is fresh, return FitRes(clock=25)
DEBUG flower 2021-04-08 07:17:45,713 | numpy_client.py:172 | fit, FitIns(clock=26)
DEBUG flower 2021-04-08 07:17:45,714 | numpy_client.py:260 | cached_clock: 15, curr_clock: 26
INFO flower 2021-04-08 07:17:45,714 | numpy_client.py:184 | Cache is stale, return ReadIns
DEBUG flower 2021-04-08 07:17:50,487 | numpy_client.py:228 | read: ReadRes(clock=16)
DEBUG flower 2021-04-08 07:17:50,494 | numpy_client.py:172 | fit, FitIns(clock=26)
DEBUG flower 2021-04-08 07:17:50,495 | numpy_client.py:260 | cached_clock: 16, curr_clock: 26
INFO flower 2021-04-08 07:17:51,775 | numpy_client.py:205 | Cache is fresh, return FitRes(clock=26)
DEBUG flower 2021-04-08 07:17:59,287 | numpy_client.py:172 | fit, FitIns(clock=27)
DEBUG flower 2021-04-08 07:17:59,287 | numpy_client.py:260 | cached_clock: 16, curr_clock: 27
INFO flower 2021-04-08 07:17:59,288 | numpy_client.py:184 | Cache is stale, return ReadIns
DEBUG flower 2021-04-08 07:18:03,876 | numpy_client.py:228 | read: ReadRes(clock=17)
DEBUG flower 2021-04-08 07:18:03,883 | numpy_client.py:172 | fit, FitIns(clock=27)
DEBUG flower 2021-04-08 07:18:03,883 | numpy_client.py:260 | cached_clock: 17, curr_clock: 27
INFO flower 2021-04-08 07:18:05,157 | numpy_client.py:205 | Cache is fresh, return FitRes(clock=27)
DEBUG flower 2021-04-08 07:18:12,821 | numpy_client.py:172 | fit, FitIns(clock=28)
DEBUG flower 2021-04-08 07:18:12,821 | numpy_client.py:260 | cached_clock: 17, curr_clock: 28
INFO flower 2021-04-08 07:18:12,821 | numpy_client.py:184 | Cache is stale, return ReadIns
DEBUG flower 2021-04-08 07:18:17,554 | numpy_client.py:228 | read: ReadRes(clock=18)
DEBUG flower 2021-04-08 07:18:17,562 | numpy_client.py:172 | fit, FitIns(clock=28)
DEBUG flower 2021-04-08 07:18:17,562 | numpy_client.py:260 | cached_clock: 18, curr_clock: 28
INFO flower 2021-04-08 07:18:18,960 | numpy_client.py:205 | Cache is fresh, return FitRes(clock=28)
DEBUG flower 2021-04-08 07:18:26,395 | numpy_client.py:172 | fit, FitIns(clock=29)
DEBUG flower 2021-04-08 07:18:26,395 | numpy_client.py:260 | cached_clock: 18, curr_clock: 29
INFO flower 2021-04-08 07:18:26,396 | numpy_client.py:184 | Cache is stale, return ReadIns
DEBUG flower 2021-04-08 07:18:31,214 | numpy_client.py:228 | read: ReadRes(clock=19)
DEBUG flower 2021-04-08 07:18:31,221 | numpy_client.py:172 | fit, FitIns(clock=29)
DEBUG flower 2021-04-08 07:18:31,221 | numpy_client.py:260 | cached_clock: 19, curr_clock: 29
INFO flower 2021-04-08 07:18:32,466 | numpy_client.py:205 | Cache is fresh, return FitRes(clock=29)
DEBUG flower 2021-04-08 07:18:40,204 | numpy_client.py:172 | fit, FitIns(clock=30)
DEBUG flower 2021-04-08 07:18:40,204 | numpy_client.py:260 | cached_clock: 19, curr_clock: 30
INFO flower 2021-04-08 07:18:40,204 | numpy_client.py:184 | Cache is stale, return ReadIns
DEBUG flower 2021-04-08 07:18:45,053 | numpy_client.py:228 | read: ReadRes(clock=20)
DEBUG flower 2021-04-08 07:18:45,061 | numpy_client.py:172 | fit, FitIns(clock=30)
DEBUG flower 2021-04-08 07:18:45,061 | numpy_client.py:260 | cached_clock: 20, curr_clock: 30
INFO flower 2021-04-08 07:18:46,461 | numpy_client.py:205 | Cache is fresh, return FitRes(clock=30)
DEBUG flower 2021-04-08 07:18:54,035 | numpy_client.py:172 | fit, FitIns(clock=31)
DEBUG flower 2021-04-08 07:18:54,035 | numpy_client.py:260 | cached_clock: 20, curr_clock: 31
INFO flower 2021-04-08 07:18:54,035 | numpy_client.py:184 | Cache is stale, return ReadIns
DEBUG flower 2021-04-08 07:18:58,820 | numpy_client.py:228 | read: ReadRes(clock=21)
DEBUG flower 2021-04-08 07:18:58,828 | numpy_client.py:172 | fit, FitIns(clock=31)
DEBUG flower 2021-04-08 07:18:58,828 | numpy_client.py:260 | cached_clock: 21, curr_clock: 31
INFO flower 2021-04-08 07:19:00,161 | numpy_client.py:205 | Cache is fresh, return FitRes(clock=31)
DEBUG flower 2021-04-08 07:19:07,873 | numpy_client.py:172 | fit, FitIns(clock=32)
DEBUG flower 2021-04-08 07:19:07,874 | numpy_client.py:260 | cached_clock: 21, curr_clock: 32
INFO flower 2021-04-08 07:19:07,874 | numpy_client.py:184 | Cache is stale, return ReadIns
DEBUG flower 2021-04-08 07:19:12,616 | numpy_client.py:228 | read: ReadRes(clock=22)
DEBUG flower 2021-04-08 07:19:12,623 | numpy_client.py:172 | fit, FitIns(clock=32)
DEBUG flower 2021-04-08 07:19:12,624 | numpy_client.py:260 | cached_clock: 22, curr_clock: 32
INFO flower 2021-04-08 07:19:13,957 | numpy_client.py:205 | Cache is fresh, return FitRes(clock=32)
DEBUG flower 2021-04-08 07:19:21,777 | numpy_client.py:172 | fit, FitIns(clock=33)
DEBUG flower 2021-04-08 07:19:21,777 | numpy_client.py:260 | cached_clock: 22, curr_clock: 33
INFO flower 2021-04-08 07:19:21,778 | numpy_client.py:184 | Cache is stale, return ReadIns
DEBUG flower 2021-04-08 07:19:26,300 | numpy_client.py:228 | read: ReadRes(clock=23)
DEBUG flower 2021-04-08 07:19:26,307 | numpy_client.py:172 | fit, FitIns(clock=33)
DEBUG flower 2021-04-08 07:19:26,308 | numpy_client.py:260 | cached_clock: 23, curr_clock: 33
INFO flower 2021-04-08 07:19:27,656 | numpy_client.py:205 | Cache is fresh, return FitRes(clock=33)
DEBUG flower 2021-04-08 07:19:34,971 | numpy_client.py:172 | fit, FitIns(clock=34)
DEBUG flower 2021-04-08 07:19:34,971 | numpy_client.py:260 | cached_clock: 23, curr_clock: 34
INFO flower 2021-04-08 07:19:34,971 | numpy_client.py:184 | Cache is stale, return ReadIns
DEBUG flower 2021-04-08 07:19:39,852 | numpy_client.py:228 | read: ReadRes(clock=24)
DEBUG flower 2021-04-08 07:19:39,859 | numpy_client.py:172 | fit, FitIns(clock=34)
DEBUG flower 2021-04-08 07:19:39,859 | numpy_client.py:260 | cached_clock: 24, curr_clock: 34
INFO flower 2021-04-08 07:19:41,173 | numpy_client.py:205 | Cache is fresh, return FitRes(clock=34)
DEBUG flower 2021-04-08 07:19:48,631 | numpy_client.py:172 | fit, FitIns(clock=35)
DEBUG flower 2021-04-08 07:19:48,632 | numpy_client.py:260 | cached_clock: 24, curr_clock: 35
INFO flower 2021-04-08 07:19:48,632 | numpy_client.py:184 | Cache is stale, return ReadIns
DEBUG flower 2021-04-08 07:19:53,304 | numpy_client.py:228 | read: ReadRes(clock=25)
DEBUG flower 2021-04-08 07:19:53,312 | numpy_client.py:172 | fit, FitIns(clock=35)
DEBUG flower 2021-04-08 07:19:53,312 | numpy_client.py:260 | cached_clock: 25, curr_clock: 35
INFO flower 2021-04-08 07:19:54,674 | numpy_client.py:205 | Cache is fresh, return FitRes(clock=35)
DEBUG flower 2021-04-08 07:20:02,107 | numpy_client.py:172 | fit, FitIns(clock=36)
DEBUG flower 2021-04-08 07:20:02,107 | numpy_client.py:260 | cached_clock: 25, curr_clock: 36
INFO flower 2021-04-08 07:20:02,108 | numpy_client.py:184 | Cache is stale, return ReadIns
DEBUG flower 2021-04-08 07:20:06,937 | numpy_client.py:228 | read: ReadRes(clock=26)
DEBUG flower 2021-04-08 07:20:06,945 | numpy_client.py:172 | fit, FitIns(clock=36)
DEBUG flower 2021-04-08 07:20:06,945 | numpy_client.py:260 | cached_clock: 26, curr_clock: 36
INFO flower 2021-04-08 07:20:08,270 | numpy_client.py:205 | Cache is fresh, return FitRes(clock=36)
DEBUG flower 2021-04-08 07:20:16,071 | numpy_client.py:172 | fit, FitIns(clock=37)
DEBUG flower 2021-04-08 07:20:16,071 | numpy_client.py:260 | cached_clock: 26, curr_clock: 37
INFO flower 2021-04-08 07:20:16,071 | numpy_client.py:184 | Cache is stale, return ReadIns
DEBUG flower 2021-04-08 07:20:20,986 | numpy_client.py:228 | read: ReadRes(clock=27)
DEBUG flower 2021-04-08 07:20:20,994 | numpy_client.py:172 | fit, FitIns(clock=37)
DEBUG flower 2021-04-08 07:20:20,994 | numpy_client.py:260 | cached_clock: 27, curr_clock: 37
INFO flower 2021-04-08 07:20:22,302 | numpy_client.py:205 | Cache is fresh, return FitRes(clock=37)
DEBUG flower 2021-04-08 07:20:30,984 | numpy_client.py:172 | fit, FitIns(clock=38)
DEBUG flower 2021-04-08 07:20:30,984 | numpy_client.py:260 | cached_clock: 27, curr_clock: 38
INFO flower 2021-04-08 07:20:30,984 | numpy_client.py:184 | Cache is stale, return ReadIns
DEBUG flower 2021-04-08 07:20:35,852 | numpy_client.py:228 | read: ReadRes(clock=28)
DEBUG flower 2021-04-08 07:20:35,862 | numpy_client.py:172 | fit, FitIns(clock=38)
DEBUG flower 2021-04-08 07:20:35,862 | numpy_client.py:260 | cached_clock: 28, curr_clock: 38
INFO flower 2021-04-08 07:20:37,169 | numpy_client.py:205 | Cache is fresh, return FitRes(clock=38)
DEBUG flower 2021-04-08 07:20:44,826 | numpy_client.py:172 | fit, FitIns(clock=39)
DEBUG flower 2021-04-08 07:20:44,826 | numpy_client.py:260 | cached_clock: 28, curr_clock: 39
INFO flower 2021-04-08 07:20:44,826 | numpy_client.py:184 | Cache is stale, return ReadIns
DEBUG flower 2021-04-08 07:20:49,631 | numpy_client.py:228 | read: ReadRes(clock=29)
DEBUG flower 2021-04-08 07:20:49,638 | numpy_client.py:172 | fit, FitIns(clock=39)
DEBUG flower 2021-04-08 07:20:49,638 | numpy_client.py:260 | cached_clock: 29, curr_clock: 39
INFO flower 2021-04-08 07:20:50,975 | numpy_client.py:205 | Cache is fresh, return FitRes(clock=39)
DEBUG flower 2021-04-08 07:20:58,621 | numpy_client.py:172 | fit, FitIns(clock=40)
DEBUG flower 2021-04-08 07:20:58,621 | numpy_client.py:260 | cached_clock: 29, curr_clock: 40
INFO flower 2021-04-08 07:20:58,621 | numpy_client.py:184 | Cache is stale, return ReadIns
DEBUG flower 2021-04-08 07:21:03,384 | numpy_client.py:228 | read: ReadRes(clock=30)
DEBUG flower 2021-04-08 07:21:03,392 | numpy_client.py:172 | fit, FitIns(clock=40)
DEBUG flower 2021-04-08 07:21:03,392 | numpy_client.py:260 | cached_clock: 30, curr_clock: 40
INFO flower 2021-04-08 07:21:04,762 | numpy_client.py:205 | Cache is fresh, return FitRes(clock=40)
DEBUG flower 2021-04-08 07:21:12,397 | numpy_client.py:172 | fit, FitIns(clock=41)
DEBUG flower 2021-04-08 07:21:12,397 | numpy_client.py:260 | cached_clock: 30, curr_clock: 41
INFO flower 2021-04-08 07:21:12,397 | numpy_client.py:184 | Cache is stale, return ReadIns
DEBUG flower 2021-04-08 07:21:17,153 | numpy_client.py:228 | read: ReadRes(clock=31)
DEBUG flower 2021-04-08 07:21:17,161 | numpy_client.py:172 | fit, FitIns(clock=41)
DEBUG flower 2021-04-08 07:21:17,161 | numpy_client.py:260 | cached_clock: 31, curr_clock: 41
INFO flower 2021-04-08 07:21:18,469 | numpy_client.py:205 | Cache is fresh, return FitRes(clock=41)
DEBUG flower 2021-04-08 07:21:25,791 | numpy_client.py:172 | fit, FitIns(clock=42)
DEBUG flower 2021-04-08 07:21:25,792 | numpy_client.py:260 | cached_clock: 31, curr_clock: 42
INFO flower 2021-04-08 07:21:25,792 | numpy_client.py:184 | Cache is stale, return ReadIns
DEBUG flower 2021-04-08 07:21:30,853 | numpy_client.py:228 | read: ReadRes(clock=32)
DEBUG flower 2021-04-08 07:21:30,863 | numpy_client.py:172 | fit, FitIns(clock=42)
DEBUG flower 2021-04-08 07:21:30,863 | numpy_client.py:260 | cached_clock: 32, curr_clock: 42
INFO flower 2021-04-08 07:21:32,157 | numpy_client.py:205 | Cache is fresh, return FitRes(clock=42)
DEBUG flower 2021-04-08 07:21:39,998 | numpy_client.py:172 | fit, FitIns(clock=43)
DEBUG flower 2021-04-08 07:21:39,998 | numpy_client.py:260 | cached_clock: 32, curr_clock: 43
INFO flower 2021-04-08 07:21:39,998 | numpy_client.py:184 | Cache is stale, return ReadIns
DEBUG flower 2021-04-08 07:21:44,953 | numpy_client.py:228 | read: ReadRes(clock=33)
DEBUG flower 2021-04-08 07:21:44,960 | numpy_client.py:172 | fit, FitIns(clock=43)
DEBUG flower 2021-04-08 07:21:44,960 | numpy_client.py:260 | cached_clock: 33, curr_clock: 43
INFO flower 2021-04-08 07:21:46,274 | numpy_client.py:205 | Cache is fresh, return FitRes(clock=43)
DEBUG flower 2021-04-08 07:21:53,720 | numpy_client.py:172 | fit, FitIns(clock=44)
DEBUG flower 2021-04-08 07:21:53,720 | numpy_client.py:260 | cached_clock: 33, curr_clock: 44
INFO flower 2021-04-08 07:21:53,721 | numpy_client.py:184 | Cache is stale, return ReadIns
DEBUG flower 2021-04-08 07:21:58,279 | numpy_client.py:228 | read: ReadRes(clock=34)
DEBUG flower 2021-04-08 07:21:58,287 | numpy_client.py:172 | fit, FitIns(clock=44)
DEBUG flower 2021-04-08 07:21:58,287 | numpy_client.py:260 | cached_clock: 34, curr_clock: 44
INFO flower 2021-04-08 07:21:59,676 | numpy_client.py:205 | Cache is fresh, return FitRes(clock=44)
DEBUG flower 2021-04-08 07:22:07,720 | numpy_client.py:172 | fit, FitIns(clock=45)
DEBUG flower 2021-04-08 07:22:07,720 | numpy_client.py:260 | cached_clock: 34, curr_clock: 45
INFO flower 2021-04-08 07:22:07,721 | numpy_client.py:184 | Cache is stale, return ReadIns
DEBUG flower 2021-04-08 07:22:12,499 | numpy_client.py:228 | read: ReadRes(clock=35)
DEBUG flower 2021-04-08 07:22:12,506 | numpy_client.py:172 | fit, FitIns(clock=45)
DEBUG flower 2021-04-08 07:22:12,506 | numpy_client.py:260 | cached_clock: 35, curr_clock: 45
INFO flower 2021-04-08 07:22:13,859 | numpy_client.py:205 | Cache is fresh, return FitRes(clock=45)
DEBUG flower 2021-04-08 07:22:21,512 | numpy_client.py:172 | fit, FitIns(clock=46)
DEBUG flower 2021-04-08 07:22:21,512 | numpy_client.py:260 | cached_clock: 35, curr_clock: 46
INFO flower 2021-04-08 07:22:21,512 | numpy_client.py:184 | Cache is stale, return ReadIns
DEBUG flower 2021-04-08 07:22:26,115 | numpy_client.py:228 | read: ReadRes(clock=36)
DEBUG flower 2021-04-08 07:22:26,123 | numpy_client.py:172 | fit, FitIns(clock=46)
DEBUG flower 2021-04-08 07:22:26,123 | numpy_client.py:260 | cached_clock: 36, curr_clock: 46
INFO flower 2021-04-08 07:22:27,458 | numpy_client.py:205 | Cache is fresh, return FitRes(clock=46)
DEBUG flower 2021-04-08 07:22:34,960 | numpy_client.py:172 | fit, FitIns(clock=47)
DEBUG flower 2021-04-08 07:22:34,960 | numpy_client.py:260 | cached_clock: 36, curr_clock: 47
INFO flower 2021-04-08 07:22:34,960 | numpy_client.py:184 | Cache is stale, return ReadIns
DEBUG flower 2021-04-08 07:22:39,753 | numpy_client.py:228 | read: ReadRes(clock=37)
DEBUG flower 2021-04-08 07:22:39,760 | numpy_client.py:172 | fit, FitIns(clock=47)
DEBUG flower 2021-04-08 07:22:39,760 | numpy_client.py:260 | cached_clock: 37, curr_clock: 47
INFO flower 2021-04-08 07:22:41,075 | numpy_client.py:205 | Cache is fresh, return FitRes(clock=47)
DEBUG flower 2021-04-08 07:22:48,719 | numpy_client.py:172 | fit, FitIns(clock=48)
DEBUG flower 2021-04-08 07:22:48,719 | numpy_client.py:260 | cached_clock: 37, curr_clock: 48
INFO flower 2021-04-08 07:22:48,719 | numpy_client.py:184 | Cache is stale, return ReadIns
DEBUG flower 2021-04-08 07:22:53,453 | numpy_client.py:228 | read: ReadRes(clock=38)
DEBUG flower 2021-04-08 07:22:53,461 | numpy_client.py:172 | fit, FitIns(clock=48)
DEBUG flower 2021-04-08 07:22:53,461 | numpy_client.py:260 | cached_clock: 38, curr_clock: 48
INFO flower 2021-04-08 07:22:54,877 | numpy_client.py:205 | Cache is fresh, return FitRes(clock=48)
DEBUG flower 2021-04-08 07:23:02,396 | numpy_client.py:172 | fit, FitIns(clock=49)
DEBUG flower 2021-04-08 07:23:02,396 | numpy_client.py:260 | cached_clock: 38, curr_clock: 49
INFO flower 2021-04-08 07:23:02,397 | numpy_client.py:184 | Cache is stale, return ReadIns
DEBUG flower 2021-04-08 07:23:07,110 | numpy_client.py:228 | read: ReadRes(clock=39)
DEBUG flower 2021-04-08 07:23:07,117 | numpy_client.py:172 | fit, FitIns(clock=49)
DEBUG flower 2021-04-08 07:23:07,117 | numpy_client.py:260 | cached_clock: 39, curr_clock: 49
INFO flower 2021-04-08 07:23:08,377 | numpy_client.py:205 | Cache is fresh, return FitRes(clock=49)
DEBUG flower 2021-04-08 07:23:08,377 | numpy_client.py:217 | The client finishes computing after 541 seconds
INFO flower 2021-04-08 07:25:38,998 | numpy_client.py:250 | [32;1m Loss: 36.331, Accuracy: 16.296%[0m
DEBUG flower 2021-04-08 07:25:39,897 | connection.py:68 | Insecure gRPC channel closed
INFO flower 2021-04-08 07:25:39,897 | app.py:74 | Disconnect and shut down
Namespace(idx=20, max_delay=0, min_delay=0, num_clients=31, server_ip='10.244.29.27:8080', staleness_bound=10)
I'm client 20
Start SSP client without delay
Files already downloaded and verified
Files already downloaded and verified
[32;1mClient 20: 849 train samples, 135 test samples[0m
loss=61.042999267578125, acc=0.19560185185185186
loss=60.42108607292175, acc=0.19560185185185186
loss=59.79891872406006, acc=0.19560185185185186
loss=59.21973943710327, acc=0.19560185185185186
loss=58.6115665435791, acc=0.19560185185185186
loss=58.01533651351929, acc=0.19560185185185186
loss=57.39205741882324, acc=0.19560185185185186
loss=56.74897217750549, acc=0.19560185185185186
loss=56.07753872871399, acc=0.19560185185185186
loss=55.28638744354248, acc=0.20717592592592593
loss=54.33576834201813, acc=0.24768518518518517
loss=53.14599406719208, acc=0.27662037037037035
loss=60.79979848861694, acc=0.22337962962962962
loss=43.12578105926514, acc=0.32523148148148145
loss=40.30978262424469, acc=0.40046296296296297
loss=38.919337034225464, acc=0.4398148148148148
loss=70.74506950378418, acc=0.2638888888888889
loss=36.93502414226532, acc=0.4675925925925926
loss=35.87787866592407, acc=0.4664351851851852
loss=85.61466002464294, acc=0.1574074074074074
loss=36.030582785606384, acc=0.4756944444444444
loss=35.595942318439484, acc=0.46875
loss=34.76656186580658, acc=0.4791666666666667
loss=34.04356598854065, acc=0.49189814814814814
loss=34.74738985300064, acc=0.4976851851851852
loss=33.66210091114044, acc=0.5173611111111112
loss=52.73509442806244, acc=0.30439814814814814
loss=33.926222920417786, acc=0.5254629629629629
loss=32.43835145235062, acc=0.5439814814814815
loss=66.28204011917114, acc=0.3113425925925926
loss=35.26257085800171, acc=0.53125
loss=67.26673436164856, acc=0.32060185185185186
loss=34.948503613471985, acc=0.5428240740740741
loss=51.487366914749146, acc=0.32060185185185186
loss=32.232935309410095, acc=0.5486111111111112
loss=48.54283273220062, acc=0.33564814814814814
loss=54.07182765007019, acc=0.33101851851851855
loss=58.65936088562012, acc=0.3159722222222222
loss=33.496684074401855, acc=0.5277777777777778
loss=29.747768342494965, acc=0.5555555555555556
loss=28.808063328266144, acc=0.5590277777777778
loss=49.314406514167786, acc=0.3368055555555556
loss=29.60559517145157, acc=0.5706018518518519
loss=46.576295375823975, acc=0.3472222222222222
loss=29.316800594329834, acc=0.5601851851851852
loss=45.391624331474304, acc=0.3773148148148148
loss=28.872169196605682, acc=0.5648148148148148
loss=27.833026230335236, acc=0.5787037037037037
loss=27.208827555179596, acc=0.5949074074074074
loss=46.009995222091675, acc=0.3819444444444444
Files already downloaded and verified
Files already downloaded and verified
Testing on full test set: 313, 1529.5725662708282, 0.2925
Testing on partial test set: 5, 36.3307147026062, 0.16296296296296298
