DEBUG flower 2021-04-08 07:13:59,520 | connection.py:36 | ChannelConnectivity.IDLE
DEBUG flower 2021-04-08 07:13:59,522 | connection.py:36 | ChannelConnectivity.READY
INFO flower 2021-04-08 07:13:59,522 | app.py:63 | Opened (insecure) gRPC connection
DEBUG flower 2021-04-08 07:14:06,899 | numpy_client.py:172 | fit, FitIns(clock=0)
INFO flower 2021-04-08 07:14:06,899 | numpy_client.py:184 | Cache is stale, return ReadIns
DEBUG flower 2021-04-08 07:14:07,033 | numpy_client.py:228 | read: ReadRes(clock=-1)
DEBUG flower 2021-04-08 07:14:07,050 | numpy_client.py:172 | fit, FitIns(clock=0)
DEBUG flower 2021-04-08 07:14:07,050 | numpy_client.py:260 | cached_clock: -1, curr_clock: 0
INFO flower 2021-04-08 07:14:08,312 | numpy_client.py:205 | Cache is fresh, return FitRes(clock=0)
DEBUG flower 2021-04-08 07:14:08,333 | numpy_client.py:172 | fit, FitIns(clock=1)
DEBUG flower 2021-04-08 07:14:08,333 | numpy_client.py:260 | cached_clock: -1, curr_clock: 1
INFO flower 2021-04-08 07:14:09,612 | numpy_client.py:205 | Cache is fresh, return FitRes(clock=1)
DEBUG flower 2021-04-08 07:14:09,635 | numpy_client.py:172 | fit, FitIns(clock=2)
DEBUG flower 2021-04-08 07:14:09,636 | numpy_client.py:260 | cached_clock: -1, curr_clock: 2
INFO flower 2021-04-08 07:14:11,005 | numpy_client.py:205 | Cache is fresh, return FitRes(clock=2)
DEBUG flower 2021-04-08 07:14:11,056 | numpy_client.py:172 | fit, FitIns(clock=3)
DEBUG flower 2021-04-08 07:14:11,056 | numpy_client.py:260 | cached_clock: -1, curr_clock: 3
INFO flower 2021-04-08 07:14:12,306 | numpy_client.py:205 | Cache is fresh, return FitRes(clock=3)
DEBUG flower 2021-04-08 07:14:20,744 | numpy_client.py:172 | fit, FitIns(clock=4)
DEBUG flower 2021-04-08 07:14:20,744 | numpy_client.py:260 | cached_clock: -1, curr_clock: 4
INFO flower 2021-04-08 07:14:22,109 | numpy_client.py:205 | Cache is fresh, return FitRes(clock=4)
DEBUG flower 2021-04-08 07:14:22,140 | numpy_client.py:172 | fit, FitIns(clock=5)
DEBUG flower 2021-04-08 07:14:22,140 | numpy_client.py:260 | cached_clock: -1, curr_clock: 5
INFO flower 2021-04-08 07:14:23,424 | numpy_client.py:205 | Cache is fresh, return FitRes(clock=5)
DEBUG flower 2021-04-08 07:14:23,447 | numpy_client.py:172 | fit, FitIns(clock=6)
DEBUG flower 2021-04-08 07:14:23,447 | numpy_client.py:260 | cached_clock: -1, curr_clock: 6
INFO flower 2021-04-08 07:14:24,722 | numpy_client.py:205 | Cache is fresh, return FitRes(clock=6)
DEBUG flower 2021-04-08 07:14:24,744 | numpy_client.py:172 | fit, FitIns(clock=7)
DEBUG flower 2021-04-08 07:14:24,745 | numpy_client.py:260 | cached_clock: -1, curr_clock: 7
INFO flower 2021-04-08 07:14:26,133 | numpy_client.py:205 | Cache is fresh, return FitRes(clock=7)
DEBUG flower 2021-04-08 07:14:34,912 | numpy_client.py:172 | fit, FitIns(clock=8)
DEBUG flower 2021-04-08 07:14:34,912 | numpy_client.py:260 | cached_clock: -1, curr_clock: 8
INFO flower 2021-04-08 07:14:36,224 | numpy_client.py:205 | Cache is fresh, return FitRes(clock=8)
DEBUG flower 2021-04-08 07:14:36,246 | numpy_client.py:172 | fit, FitIns(clock=9)
DEBUG flower 2021-04-08 07:14:36,246 | numpy_client.py:260 | cached_clock: -1, curr_clock: 9
INFO flower 2021-04-08 07:14:37,524 | numpy_client.py:205 | Cache is fresh, return FitRes(clock=9)
DEBUG flower 2021-04-08 07:14:37,541 | numpy_client.py:172 | fit, FitIns(clock=10)
DEBUG flower 2021-04-08 07:14:37,542 | numpy_client.py:260 | cached_clock: -1, curr_clock: 10
INFO flower 2021-04-08 07:14:37,542 | numpy_client.py:184 | Cache is stale, return ReadIns
DEBUG flower 2021-04-08 07:14:37,557 | numpy_client.py:228 | read: ReadRes(clock=1)
DEBUG flower 2021-04-08 07:14:37,564 | numpy_client.py:172 | fit, FitIns(clock=10)
DEBUG flower 2021-04-08 07:14:37,564 | numpy_client.py:260 | cached_clock: 1, curr_clock: 10
INFO flower 2021-04-08 07:14:38,821 | numpy_client.py:205 | Cache is fresh, return FitRes(clock=10)
DEBUG flower 2021-04-08 07:14:38,843 | numpy_client.py:172 | fit, FitIns(clock=11)
DEBUG flower 2021-04-08 07:14:38,843 | numpy_client.py:260 | cached_clock: 1, curr_clock: 11
INFO flower 2021-04-08 07:14:40,121 | numpy_client.py:205 | Cache is fresh, return FitRes(clock=11)
DEBUG flower 2021-04-08 07:14:48,580 | numpy_client.py:172 | fit, FitIns(clock=12)
DEBUG flower 2021-04-08 07:14:48,580 | numpy_client.py:260 | cached_clock: 1, curr_clock: 12
INFO flower 2021-04-08 07:14:48,580 | numpy_client.py:184 | Cache is stale, return ReadIns
DEBUG flower 2021-04-08 07:14:48,597 | numpy_client.py:228 | read: ReadRes(clock=2)
DEBUG flower 2021-04-08 07:14:48,603 | numpy_client.py:172 | fit, FitIns(clock=12)
DEBUG flower 2021-04-08 07:14:48,604 | numpy_client.py:260 | cached_clock: 2, curr_clock: 12
INFO flower 2021-04-08 07:14:49,906 | numpy_client.py:205 | Cache is fresh, return FitRes(clock=12)
DEBUG flower 2021-04-08 07:14:49,932 | numpy_client.py:172 | fit, FitIns(clock=13)
DEBUG flower 2021-04-08 07:14:49,932 | numpy_client.py:260 | cached_clock: 2, curr_clock: 13
INFO flower 2021-04-08 07:14:49,932 | numpy_client.py:184 | Cache is stale, return ReadIns
DEBUG flower 2021-04-08 07:14:53,189 | numpy_client.py:228 | read: ReadRes(clock=3)
DEBUG flower 2021-04-08 07:14:53,197 | numpy_client.py:172 | fit, FitIns(clock=13)
DEBUG flower 2021-04-08 07:14:53,197 | numpy_client.py:260 | cached_clock: 3, curr_clock: 13
INFO flower 2021-04-08 07:14:54,421 | numpy_client.py:205 | Cache is fresh, return FitRes(clock=13)
DEBUG flower 2021-04-08 07:15:02,477 | numpy_client.py:172 | fit, FitIns(clock=14)
DEBUG flower 2021-04-08 07:15:02,477 | numpy_client.py:260 | cached_clock: 3, curr_clock: 14
INFO flower 2021-04-08 07:15:02,478 | numpy_client.py:184 | Cache is stale, return ReadIns
DEBUG flower 2021-04-08 07:15:06,884 | numpy_client.py:228 | read: ReadRes(clock=4)
DEBUG flower 2021-04-08 07:15:06,903 | numpy_client.py:172 | fit, FitIns(clock=14)
DEBUG flower 2021-04-08 07:15:06,903 | numpy_client.py:260 | cached_clock: 4, curr_clock: 14
INFO flower 2021-04-08 07:15:08,225 | numpy_client.py:205 | Cache is fresh, return FitRes(clock=14)
DEBUG flower 2021-04-08 07:15:16,102 | numpy_client.py:172 | fit, FitIns(clock=15)
DEBUG flower 2021-04-08 07:15:16,102 | numpy_client.py:260 | cached_clock: 4, curr_clock: 15
INFO flower 2021-04-08 07:15:16,102 | numpy_client.py:184 | Cache is stale, return ReadIns
DEBUG flower 2021-04-08 07:15:20,567 | numpy_client.py:228 | read: ReadRes(clock=5)
DEBUG flower 2021-04-08 07:15:20,575 | numpy_client.py:172 | fit, FitIns(clock=15)
DEBUG flower 2021-04-08 07:15:20,575 | numpy_client.py:260 | cached_clock: 5, curr_clock: 15
INFO flower 2021-04-08 07:15:21,924 | numpy_client.py:205 | Cache is fresh, return FitRes(clock=15)
DEBUG flower 2021-04-08 07:15:28,851 | numpy_client.py:172 | fit, FitIns(clock=16)
DEBUG flower 2021-04-08 07:15:28,852 | numpy_client.py:260 | cached_clock: 5, curr_clock: 16
INFO flower 2021-04-08 07:15:28,852 | numpy_client.py:184 | Cache is stale, return ReadIns
DEBUG flower 2021-04-08 07:15:33,458 | numpy_client.py:228 | read: ReadRes(clock=6)
DEBUG flower 2021-04-08 07:15:33,465 | numpy_client.py:172 | fit, FitIns(clock=16)
DEBUG flower 2021-04-08 07:15:33,465 | numpy_client.py:260 | cached_clock: 6, curr_clock: 16
INFO flower 2021-04-08 07:15:34,722 | numpy_client.py:205 | Cache is fresh, return FitRes(clock=16)
DEBUG flower 2021-04-08 07:15:42,417 | numpy_client.py:172 | fit, FitIns(clock=17)
DEBUG flower 2021-04-08 07:15:42,417 | numpy_client.py:260 | cached_clock: 6, curr_clock: 17
INFO flower 2021-04-08 07:15:42,418 | numpy_client.py:184 | Cache is stale, return ReadIns
DEBUG flower 2021-04-08 07:15:46,778 | numpy_client.py:228 | read: ReadRes(clock=7)
DEBUG flower 2021-04-08 07:15:46,785 | numpy_client.py:172 | fit, FitIns(clock=17)
DEBUG flower 2021-04-08 07:15:46,785 | numpy_client.py:260 | cached_clock: 7, curr_clock: 17
INFO flower 2021-04-08 07:15:48,025 | numpy_client.py:205 | Cache is fresh, return FitRes(clock=17)
DEBUG flower 2021-04-08 07:15:55,502 | numpy_client.py:172 | fit, FitIns(clock=18)
DEBUG flower 2021-04-08 07:15:55,502 | numpy_client.py:260 | cached_clock: 7, curr_clock: 18
INFO flower 2021-04-08 07:15:55,502 | numpy_client.py:184 | Cache is stale, return ReadIns
DEBUG flower 2021-04-08 07:16:00,100 | numpy_client.py:228 | read: ReadRes(clock=8)
DEBUG flower 2021-04-08 07:16:00,107 | numpy_client.py:172 | fit, FitIns(clock=18)
DEBUG flower 2021-04-08 07:16:00,107 | numpy_client.py:260 | cached_clock: 8, curr_clock: 18
INFO flower 2021-04-08 07:16:01,509 | numpy_client.py:205 | Cache is fresh, return FitRes(clock=18)
DEBUG flower 2021-04-08 07:16:09,113 | numpy_client.py:172 | fit, FitIns(clock=19)
DEBUG flower 2021-04-08 07:16:09,113 | numpy_client.py:260 | cached_clock: 8, curr_clock: 19
INFO flower 2021-04-08 07:16:09,113 | numpy_client.py:184 | Cache is stale, return ReadIns
DEBUG flower 2021-04-08 07:16:13,827 | numpy_client.py:228 | read: ReadRes(clock=9)
DEBUG flower 2021-04-08 07:16:13,834 | numpy_client.py:172 | fit, FitIns(clock=19)
DEBUG flower 2021-04-08 07:16:13,834 | numpy_client.py:260 | cached_clock: 9, curr_clock: 19
INFO flower 2021-04-08 07:16:15,107 | numpy_client.py:205 | Cache is fresh, return FitRes(clock=19)
DEBUG flower 2021-04-08 07:16:22,774 | numpy_client.py:172 | fit, FitIns(clock=20)
DEBUG flower 2021-04-08 07:16:22,775 | numpy_client.py:260 | cached_clock: 9, curr_clock: 20
INFO flower 2021-04-08 07:16:22,775 | numpy_client.py:184 | Cache is stale, return ReadIns
DEBUG flower 2021-04-08 07:16:27,401 | numpy_client.py:228 | read: ReadRes(clock=10)
DEBUG flower 2021-04-08 07:16:27,408 | numpy_client.py:172 | fit, FitIns(clock=20)
DEBUG flower 2021-04-08 07:16:27,408 | numpy_client.py:260 | cached_clock: 10, curr_clock: 20
INFO flower 2021-04-08 07:16:28,542 | numpy_client.py:205 | Cache is fresh, return FitRes(clock=20)
DEBUG flower 2021-04-08 07:16:36,286 | numpy_client.py:172 | fit, FitIns(clock=21)
DEBUG flower 2021-04-08 07:16:36,287 | numpy_client.py:260 | cached_clock: 10, curr_clock: 21
INFO flower 2021-04-08 07:16:36,287 | numpy_client.py:184 | Cache is stale, return ReadIns
DEBUG flower 2021-04-08 07:16:41,242 | numpy_client.py:228 | read: ReadRes(clock=11)
DEBUG flower 2021-04-08 07:16:41,249 | numpy_client.py:172 | fit, FitIns(clock=21)
DEBUG flower 2021-04-08 07:16:41,249 | numpy_client.py:260 | cached_clock: 11, curr_clock: 21
INFO flower 2021-04-08 07:16:42,413 | numpy_client.py:205 | Cache is fresh, return FitRes(clock=21)
DEBUG flower 2021-04-08 07:16:50,718 | numpy_client.py:172 | fit, FitIns(clock=22)
DEBUG flower 2021-04-08 07:16:50,718 | numpy_client.py:260 | cached_clock: 11, curr_clock: 22
INFO flower 2021-04-08 07:16:50,718 | numpy_client.py:184 | Cache is stale, return ReadIns
DEBUG flower 2021-04-08 07:16:55,455 | numpy_client.py:228 | read: ReadRes(clock=12)
DEBUG flower 2021-04-08 07:16:55,462 | numpy_client.py:172 | fit, FitIns(clock=22)
DEBUG flower 2021-04-08 07:16:55,462 | numpy_client.py:260 | cached_clock: 12, curr_clock: 22
INFO flower 2021-04-08 07:16:56,724 | numpy_client.py:205 | Cache is fresh, return FitRes(clock=22)
DEBUG flower 2021-04-08 07:17:04,776 | numpy_client.py:172 | fit, FitIns(clock=23)
DEBUG flower 2021-04-08 07:17:04,777 | numpy_client.py:260 | cached_clock: 12, curr_clock: 23
INFO flower 2021-04-08 07:17:04,777 | numpy_client.py:184 | Cache is stale, return ReadIns
DEBUG flower 2021-04-08 07:17:09,601 | numpy_client.py:228 | read: ReadRes(clock=13)
DEBUG flower 2021-04-08 07:17:09,609 | numpy_client.py:172 | fit, FitIns(clock=23)
DEBUG flower 2021-04-08 07:17:09,609 | numpy_client.py:260 | cached_clock: 13, curr_clock: 23
INFO flower 2021-04-08 07:17:10,840 | numpy_client.py:205 | Cache is fresh, return FitRes(clock=23)
DEBUG flower 2021-04-08 07:17:18,494 | numpy_client.py:172 | fit, FitIns(clock=24)
DEBUG flower 2021-04-08 07:17:18,494 | numpy_client.py:260 | cached_clock: 13, curr_clock: 24
INFO flower 2021-04-08 07:17:18,495 | numpy_client.py:184 | Cache is stale, return ReadIns
DEBUG flower 2021-04-08 07:17:23,105 | numpy_client.py:228 | read: ReadRes(clock=14)
DEBUG flower 2021-04-08 07:17:23,112 | numpy_client.py:172 | fit, FitIns(clock=24)
DEBUG flower 2021-04-08 07:17:23,112 | numpy_client.py:260 | cached_clock: 14, curr_clock: 24
INFO flower 2021-04-08 07:17:24,505 | numpy_client.py:205 | Cache is fresh, return FitRes(clock=24)
DEBUG flower 2021-04-08 07:17:32,064 | numpy_client.py:172 | fit, FitIns(clock=25)
DEBUG flower 2021-04-08 07:17:32,064 | numpy_client.py:260 | cached_clock: 14, curr_clock: 25
INFO flower 2021-04-08 07:17:32,064 | numpy_client.py:184 | Cache is stale, return ReadIns
DEBUG flower 2021-04-08 07:17:36,901 | numpy_client.py:228 | read: ReadRes(clock=15)
DEBUG flower 2021-04-08 07:17:36,908 | numpy_client.py:172 | fit, FitIns(clock=25)
DEBUG flower 2021-04-08 07:17:36,908 | numpy_client.py:260 | cached_clock: 15, curr_clock: 25
INFO flower 2021-04-08 07:17:38,129 | numpy_client.py:205 | Cache is fresh, return FitRes(clock=25)
DEBUG flower 2021-04-08 07:17:45,681 | numpy_client.py:172 | fit, FitIns(clock=26)
DEBUG flower 2021-04-08 07:17:45,682 | numpy_client.py:260 | cached_clock: 15, curr_clock: 26
INFO flower 2021-04-08 07:17:45,682 | numpy_client.py:184 | Cache is stale, return ReadIns
DEBUG flower 2021-04-08 07:17:50,500 | numpy_client.py:228 | read: ReadRes(clock=16)
DEBUG flower 2021-04-08 07:17:50,507 | numpy_client.py:172 | fit, FitIns(clock=26)
DEBUG flower 2021-04-08 07:17:50,507 | numpy_client.py:260 | cached_clock: 16, curr_clock: 26
INFO flower 2021-04-08 07:17:51,908 | numpy_client.py:205 | Cache is fresh, return FitRes(clock=26)
DEBUG flower 2021-04-08 07:17:59,319 | numpy_client.py:172 | fit, FitIns(clock=27)
DEBUG flower 2021-04-08 07:17:59,319 | numpy_client.py:260 | cached_clock: 16, curr_clock: 27
INFO flower 2021-04-08 07:17:59,320 | numpy_client.py:184 | Cache is stale, return ReadIns
DEBUG flower 2021-04-08 07:18:03,797 | numpy_client.py:228 | read: ReadRes(clock=17)
DEBUG flower 2021-04-08 07:18:03,804 | numpy_client.py:172 | fit, FitIns(clock=27)
DEBUG flower 2021-04-08 07:18:03,805 | numpy_client.py:260 | cached_clock: 17, curr_clock: 27
INFO flower 2021-04-08 07:18:04,937 | numpy_client.py:205 | Cache is fresh, return FitRes(clock=27)
DEBUG flower 2021-04-08 07:18:12,727 | numpy_client.py:172 | fit, FitIns(clock=28)
DEBUG flower 2021-04-08 07:18:12,727 | numpy_client.py:260 | cached_clock: 17, curr_clock: 28
INFO flower 2021-04-08 07:18:12,727 | numpy_client.py:184 | Cache is stale, return ReadIns
DEBUG flower 2021-04-08 07:18:17,600 | numpy_client.py:228 | read: ReadRes(clock=18)
DEBUG flower 2021-04-08 07:18:17,607 | numpy_client.py:172 | fit, FitIns(clock=28)
DEBUG flower 2021-04-08 07:18:17,608 | numpy_client.py:260 | cached_clock: 18, curr_clock: 28
INFO flower 2021-04-08 07:18:18,810 | numpy_client.py:205 | Cache is fresh, return FitRes(clock=28)
DEBUG flower 2021-04-08 07:18:26,343 | numpy_client.py:172 | fit, FitIns(clock=29)
DEBUG flower 2021-04-08 07:18:26,343 | numpy_client.py:260 | cached_clock: 18, curr_clock: 29
INFO flower 2021-04-08 07:18:26,343 | numpy_client.py:184 | Cache is stale, return ReadIns
DEBUG flower 2021-04-08 07:18:31,200 | numpy_client.py:228 | read: ReadRes(clock=19)
DEBUG flower 2021-04-08 07:18:31,207 | numpy_client.py:172 | fit, FitIns(clock=29)
DEBUG flower 2021-04-08 07:18:31,207 | numpy_client.py:260 | cached_clock: 19, curr_clock: 29
INFO flower 2021-04-08 07:18:32,525 | numpy_client.py:205 | Cache is fresh, return FitRes(clock=29)
DEBUG flower 2021-04-08 07:18:40,191 | numpy_client.py:172 | fit, FitIns(clock=30)
DEBUG flower 2021-04-08 07:18:40,192 | numpy_client.py:260 | cached_clock: 19, curr_clock: 30
INFO flower 2021-04-08 07:18:40,192 | numpy_client.py:184 | Cache is stale, return ReadIns
DEBUG flower 2021-04-08 07:18:44,963 | numpy_client.py:228 | read: ReadRes(clock=20)
DEBUG flower 2021-04-08 07:18:45,006 | numpy_client.py:172 | fit, FitIns(clock=30)
DEBUG flower 2021-04-08 07:18:45,006 | numpy_client.py:260 | cached_clock: 20, curr_clock: 30
INFO flower 2021-04-08 07:18:46,228 | numpy_client.py:205 | Cache is fresh, return FitRes(clock=30)
DEBUG flower 2021-04-08 07:18:53,986 | numpy_client.py:172 | fit, FitIns(clock=31)
DEBUG flower 2021-04-08 07:18:53,987 | numpy_client.py:260 | cached_clock: 20, curr_clock: 31
INFO flower 2021-04-08 07:18:53,987 | numpy_client.py:184 | Cache is stale, return ReadIns
DEBUG flower 2021-04-08 07:18:58,858 | numpy_client.py:228 | read: ReadRes(clock=21)
DEBUG flower 2021-04-08 07:18:58,865 | numpy_client.py:172 | fit, FitIns(clock=31)
DEBUG flower 2021-04-08 07:18:58,865 | numpy_client.py:260 | cached_clock: 21, curr_clock: 31
INFO flower 2021-04-08 07:19:00,124 | numpy_client.py:205 | Cache is fresh, return FitRes(clock=31)
DEBUG flower 2021-04-08 07:19:07,845 | numpy_client.py:172 | fit, FitIns(clock=32)
DEBUG flower 2021-04-08 07:19:07,845 | numpy_client.py:260 | cached_clock: 21, curr_clock: 32
INFO flower 2021-04-08 07:19:07,845 | numpy_client.py:184 | Cache is stale, return ReadIns
DEBUG flower 2021-04-08 07:19:12,676 | numpy_client.py:228 | read: ReadRes(clock=22)
DEBUG flower 2021-04-08 07:19:12,684 | numpy_client.py:172 | fit, FitIns(clock=32)
DEBUG flower 2021-04-08 07:19:12,684 | numpy_client.py:260 | cached_clock: 22, curr_clock: 32
INFO flower 2021-04-08 07:19:13,932 | numpy_client.py:205 | Cache is fresh, return FitRes(clock=32)
DEBUG flower 2021-04-08 07:19:21,750 | numpy_client.py:172 | fit, FitIns(clock=33)
DEBUG flower 2021-04-08 07:19:21,751 | numpy_client.py:260 | cached_clock: 22, curr_clock: 33
INFO flower 2021-04-08 07:19:21,751 | numpy_client.py:184 | Cache is stale, return ReadIns
DEBUG flower 2021-04-08 07:19:26,300 | numpy_client.py:228 | read: ReadRes(clock=23)
DEBUG flower 2021-04-08 07:19:26,308 | numpy_client.py:172 | fit, FitIns(clock=33)
DEBUG flower 2021-04-08 07:19:26,308 | numpy_client.py:260 | cached_clock: 23, curr_clock: 33
INFO flower 2021-04-08 07:19:27,624 | numpy_client.py:205 | Cache is fresh, return FitRes(clock=33)
DEBUG flower 2021-04-08 07:19:34,934 | numpy_client.py:172 | fit, FitIns(clock=34)
DEBUG flower 2021-04-08 07:19:34,934 | numpy_client.py:260 | cached_clock: 23, curr_clock: 34
INFO flower 2021-04-08 07:19:34,934 | numpy_client.py:184 | Cache is stale, return ReadIns
DEBUG flower 2021-04-08 07:19:39,801 | numpy_client.py:228 | read: ReadRes(clock=24)
DEBUG flower 2021-04-08 07:19:39,808 | numpy_client.py:172 | fit, FitIns(clock=34)
DEBUG flower 2021-04-08 07:19:39,808 | numpy_client.py:260 | cached_clock: 24, curr_clock: 34
INFO flower 2021-04-08 07:19:41,025 | numpy_client.py:205 | Cache is fresh, return FitRes(clock=34)
DEBUG flower 2021-04-08 07:19:48,572 | numpy_client.py:172 | fit, FitIns(clock=35)
DEBUG flower 2021-04-08 07:19:48,572 | numpy_client.py:260 | cached_clock: 24, curr_clock: 35
INFO flower 2021-04-08 07:19:48,572 | numpy_client.py:184 | Cache is stale, return ReadIns
DEBUG flower 2021-04-08 07:19:53,365 | numpy_client.py:228 | read: ReadRes(clock=25)
DEBUG flower 2021-04-08 07:19:53,372 | numpy_client.py:172 | fit, FitIns(clock=35)
DEBUG flower 2021-04-08 07:19:53,373 | numpy_client.py:260 | cached_clock: 25, curr_clock: 35
INFO flower 2021-04-08 07:19:54,525 | numpy_client.py:205 | Cache is fresh, return FitRes(clock=35)
DEBUG flower 2021-04-08 07:20:02,054 | numpy_client.py:172 | fit, FitIns(clock=36)
DEBUG flower 2021-04-08 07:20:02,054 | numpy_client.py:260 | cached_clock: 25, curr_clock: 36
INFO flower 2021-04-08 07:20:02,054 | numpy_client.py:184 | Cache is stale, return ReadIns
DEBUG flower 2021-04-08 07:20:07,000 | numpy_client.py:228 | read: ReadRes(clock=26)
DEBUG flower 2021-04-08 07:20:07,007 | numpy_client.py:172 | fit, FitIns(clock=36)
DEBUG flower 2021-04-08 07:20:07,007 | numpy_client.py:260 | cached_clock: 26, curr_clock: 36
INFO flower 2021-04-08 07:20:08,319 | numpy_client.py:205 | Cache is fresh, return FitRes(clock=36)
DEBUG flower 2021-04-08 07:20:16,088 | numpy_client.py:172 | fit, FitIns(clock=37)
DEBUG flower 2021-04-08 07:20:16,088 | numpy_client.py:260 | cached_clock: 26, curr_clock: 37
INFO flower 2021-04-08 07:20:16,088 | numpy_client.py:184 | Cache is stale, return ReadIns
DEBUG flower 2021-04-08 07:20:21,001 | numpy_client.py:228 | read: ReadRes(clock=27)
DEBUG flower 2021-04-08 07:20:21,008 | numpy_client.py:172 | fit, FitIns(clock=37)
DEBUG flower 2021-04-08 07:20:21,008 | numpy_client.py:260 | cached_clock: 27, curr_clock: 37
INFO flower 2021-04-08 07:20:22,229 | numpy_client.py:205 | Cache is fresh, return FitRes(clock=37)
DEBUG flower 2021-04-08 07:20:30,957 | numpy_client.py:172 | fit, FitIns(clock=38)
DEBUG flower 2021-04-08 07:20:30,957 | numpy_client.py:260 | cached_clock: 27, curr_clock: 38
INFO flower 2021-04-08 07:20:30,958 | numpy_client.py:184 | Cache is stale, return ReadIns
DEBUG flower 2021-04-08 07:20:35,803 | numpy_client.py:228 | read: ReadRes(clock=28)
DEBUG flower 2021-04-08 07:20:35,810 | numpy_client.py:172 | fit, FitIns(clock=38)
DEBUG flower 2021-04-08 07:20:35,810 | numpy_client.py:260 | cached_clock: 28, curr_clock: 38
INFO flower 2021-04-08 07:20:37,117 | numpy_client.py:205 | Cache is fresh, return FitRes(clock=38)
DEBUG flower 2021-04-08 07:20:44,796 | numpy_client.py:172 | fit, FitIns(clock=39)
DEBUG flower 2021-04-08 07:20:44,796 | numpy_client.py:260 | cached_clock: 28, curr_clock: 39
INFO flower 2021-04-08 07:20:44,797 | numpy_client.py:184 | Cache is stale, return ReadIns
DEBUG flower 2021-04-08 07:20:49,611 | numpy_client.py:228 | read: ReadRes(clock=29)
DEBUG flower 2021-04-08 07:20:49,619 | numpy_client.py:172 | fit, FitIns(clock=39)
DEBUG flower 2021-04-08 07:20:49,619 | numpy_client.py:260 | cached_clock: 29, curr_clock: 39
INFO flower 2021-04-08 07:20:50,906 | numpy_client.py:205 | Cache is fresh, return FitRes(clock=39)
DEBUG flower 2021-04-08 07:20:58,567 | numpy_client.py:172 | fit, FitIns(clock=40)
DEBUG flower 2021-04-08 07:20:58,568 | numpy_client.py:260 | cached_clock: 29, curr_clock: 40
INFO flower 2021-04-08 07:20:58,568 | numpy_client.py:184 | Cache is stale, return ReadIns
DEBUG flower 2021-04-08 07:21:03,319 | numpy_client.py:228 | read: ReadRes(clock=30)
DEBUG flower 2021-04-08 07:21:03,326 | numpy_client.py:172 | fit, FitIns(clock=40)
DEBUG flower 2021-04-08 07:21:03,327 | numpy_client.py:260 | cached_clock: 30, curr_clock: 40
INFO flower 2021-04-08 07:21:04,600 | numpy_client.py:205 | Cache is fresh, return FitRes(clock=40)
DEBUG flower 2021-04-08 07:21:12,353 | numpy_client.py:172 | fit, FitIns(clock=41)
DEBUG flower 2021-04-08 07:21:12,353 | numpy_client.py:260 | cached_clock: 30, curr_clock: 41
INFO flower 2021-04-08 07:21:12,353 | numpy_client.py:184 | Cache is stale, return ReadIns
DEBUG flower 2021-04-08 07:21:17,109 | numpy_client.py:228 | read: ReadRes(clock=31)
DEBUG flower 2021-04-08 07:21:17,116 | numpy_client.py:172 | fit, FitIns(clock=41)
DEBUG flower 2021-04-08 07:21:17,117 | numpy_client.py:260 | cached_clock: 31, curr_clock: 41
INFO flower 2021-04-08 07:21:18,326 | numpy_client.py:205 | Cache is fresh, return FitRes(clock=41)
DEBUG flower 2021-04-08 07:21:25,766 | numpy_client.py:172 | fit, FitIns(clock=42)
DEBUG flower 2021-04-08 07:21:25,766 | numpy_client.py:260 | cached_clock: 31, curr_clock: 42
INFO flower 2021-04-08 07:21:25,767 | numpy_client.py:184 | Cache is stale, return ReadIns
DEBUG flower 2021-04-08 07:21:30,801 | numpy_client.py:228 | read: ReadRes(clock=32)
DEBUG flower 2021-04-08 07:21:30,809 | numpy_client.py:172 | fit, FitIns(clock=42)
DEBUG flower 2021-04-08 07:21:30,809 | numpy_client.py:260 | cached_clock: 32, curr_clock: 42
INFO flower 2021-04-08 07:21:32,024 | numpy_client.py:205 | Cache is fresh, return FitRes(clock=42)
DEBUG flower 2021-04-08 07:21:39,969 | numpy_client.py:172 | fit, FitIns(clock=43)
DEBUG flower 2021-04-08 07:21:39,969 | numpy_client.py:260 | cached_clock: 32, curr_clock: 43
INFO flower 2021-04-08 07:21:39,970 | numpy_client.py:184 | Cache is stale, return ReadIns
DEBUG flower 2021-04-08 07:21:44,903 | numpy_client.py:228 | read: ReadRes(clock=33)
DEBUG flower 2021-04-08 07:21:44,910 | numpy_client.py:172 | fit, FitIns(clock=43)
DEBUG flower 2021-04-08 07:21:44,911 | numpy_client.py:260 | cached_clock: 33, curr_clock: 43
INFO flower 2021-04-08 07:21:46,205 | numpy_client.py:205 | Cache is fresh, return FitRes(clock=43)
DEBUG flower 2021-04-08 07:21:53,684 | numpy_client.py:172 | fit, FitIns(clock=44)
DEBUG flower 2021-04-08 07:21:53,684 | numpy_client.py:260 | cached_clock: 33, curr_clock: 44
INFO flower 2021-04-08 07:21:53,684 | numpy_client.py:184 | Cache is stale, return ReadIns
DEBUG flower 2021-04-08 07:21:58,424 | numpy_client.py:228 | read: ReadRes(clock=34)
DEBUG flower 2021-04-08 07:21:58,432 | numpy_client.py:172 | fit, FitIns(clock=44)
DEBUG flower 2021-04-08 07:21:58,432 | numpy_client.py:260 | cached_clock: 34, curr_clock: 44
INFO flower 2021-04-08 07:21:59,726 | numpy_client.py:205 | Cache is fresh, return FitRes(clock=44)
DEBUG flower 2021-04-08 07:22:07,732 | numpy_client.py:172 | fit, FitIns(clock=45)
DEBUG flower 2021-04-08 07:22:07,732 | numpy_client.py:260 | cached_clock: 34, curr_clock: 45
INFO flower 2021-04-08 07:22:07,732 | numpy_client.py:184 | Cache is stale, return ReadIns
DEBUG flower 2021-04-08 07:22:12,521 | numpy_client.py:228 | read: ReadRes(clock=35)
DEBUG flower 2021-04-08 07:22:12,528 | numpy_client.py:172 | fit, FitIns(clock=45)
DEBUG flower 2021-04-08 07:22:12,528 | numpy_client.py:260 | cached_clock: 35, curr_clock: 45
INFO flower 2021-04-08 07:22:13,833 | numpy_client.py:205 | Cache is fresh, return FitRes(clock=45)
DEBUG flower 2021-04-08 07:22:21,481 | numpy_client.py:172 | fit, FitIns(clock=46)
DEBUG flower 2021-04-08 07:22:21,481 | numpy_client.py:260 | cached_clock: 35, curr_clock: 46
INFO flower 2021-04-08 07:22:21,481 | numpy_client.py:184 | Cache is stale, return ReadIns
DEBUG flower 2021-04-08 07:22:26,176 | numpy_client.py:228 | read: ReadRes(clock=36)
DEBUG flower 2021-04-08 07:22:26,183 | numpy_client.py:172 | fit, FitIns(clock=46)
DEBUG flower 2021-04-08 07:22:26,183 | numpy_client.py:260 | cached_clock: 36, curr_clock: 46
INFO flower 2021-04-08 07:22:27,520 | numpy_client.py:205 | Cache is fresh, return FitRes(clock=46)
DEBUG flower 2021-04-08 07:22:34,951 | numpy_client.py:172 | fit, FitIns(clock=47)
DEBUG flower 2021-04-08 07:22:34,951 | numpy_client.py:260 | cached_clock: 36, curr_clock: 47
INFO flower 2021-04-08 07:22:34,952 | numpy_client.py:184 | Cache is stale, return ReadIns
DEBUG flower 2021-04-08 07:22:39,701 | numpy_client.py:228 | read: ReadRes(clock=37)
DEBUG flower 2021-04-08 07:22:39,708 | numpy_client.py:172 | fit, FitIns(clock=47)
DEBUG flower 2021-04-08 07:22:39,708 | numpy_client.py:260 | cached_clock: 37, curr_clock: 47
INFO flower 2021-04-08 07:22:41,026 | numpy_client.py:205 | Cache is fresh, return FitRes(clock=47)
DEBUG flower 2021-04-08 07:22:48,688 | numpy_client.py:172 | fit, FitIns(clock=48)
DEBUG flower 2021-04-08 07:22:48,688 | numpy_client.py:260 | cached_clock: 37, curr_clock: 48
INFO flower 2021-04-08 07:22:48,688 | numpy_client.py:184 | Cache is stale, return ReadIns
DEBUG flower 2021-04-08 07:22:53,411 | numpy_client.py:228 | read: ReadRes(clock=38)
DEBUG flower 2021-04-08 07:22:53,418 | numpy_client.py:172 | fit, FitIns(clock=48)
DEBUG flower 2021-04-08 07:22:53,418 | numpy_client.py:260 | cached_clock: 38, curr_clock: 48
INFO flower 2021-04-08 07:22:54,706 | numpy_client.py:205 | Cache is fresh, return FitRes(clock=48)
DEBUG flower 2021-04-08 07:23:02,363 | numpy_client.py:172 | fit, FitIns(clock=49)
DEBUG flower 2021-04-08 07:23:02,363 | numpy_client.py:260 | cached_clock: 38, curr_clock: 49
INFO flower 2021-04-08 07:23:02,363 | numpy_client.py:184 | Cache is stale, return ReadIns
DEBUG flower 2021-04-08 07:23:07,100 | numpy_client.py:228 | read: ReadRes(clock=39)
DEBUG flower 2021-04-08 07:23:07,107 | numpy_client.py:172 | fit, FitIns(clock=49)
DEBUG flower 2021-04-08 07:23:07,108 | numpy_client.py:260 | cached_clock: 39, curr_clock: 49
INFO flower 2021-04-08 07:23:08,331 | numpy_client.py:205 | Cache is fresh, return FitRes(clock=49)
DEBUG flower 2021-04-08 07:23:08,332 | numpy_client.py:217 | The client finishes computing after 541 seconds
INFO flower 2021-04-08 07:25:38,848 | numpy_client.py:250 | [32;1m Loss: 16.777, Accuracy: 15.789%[0m
DEBUG flower 2021-04-08 07:25:39,878 | connection.py:68 | Insecure gRPC channel closed
INFO flower 2021-04-08 07:25:39,879 | app.py:74 | Disconnect and shut down
Namespace(idx=11, max_delay=0, min_delay=0, num_clients=31, server_ip='10.244.29.27:8080', staleness_bound=10)
I'm client 11
Start SSP client without delay
Files already downloaded and verified
Files already downloaded and verified
[32;1mClient 11: 819 train samples, 76 test samples[0m
loss=59.431280851364136, acc=0.19591346153846154
loss=58.8397011756897, acc=0.19591346153846154
loss=58.28111004829407, acc=0.19591346153846154
loss=57.73464488983154, acc=0.19591346153846154
loss=57.20233774185181, acc=0.19591346153846154
loss=56.677464962005615, acc=0.19591346153846154
loss=56.174864768981934, acc=0.19591346153846154
loss=55.66677117347717, acc=0.19591346153846154
loss=55.17998147010803, acc=0.19591346153846154
loss=54.652719497680664, acc=0.19591346153846154
loss=54.13141107559204, acc=0.19591346153846154
loss=53.58794355392456, acc=0.19591346153846154
loss=52.9908709526062, acc=0.19591346153846154
loss=69.75622141361237, acc=0.2704326923076923
loss=71.88793611526489, acc=0.3425480769230769
loss=70.35405421257019, acc=0.3485576923076923
loss=76.11119198799133, acc=0.125
loss=68.56793749332428, acc=0.34615384615384615
loss=65.2939909696579, acc=0.36658653846153844
loss=66.38792943954468, acc=0.3317307692307692
loss=63.64930737018585, acc=0.3713942307692308
loss=62.712480783462524, acc=0.37740384615384615
loss=63.87161958217621, acc=0.39302884615384615
loss=63.11559545993805, acc=0.3954326923076923
loss=60.48231244087219, acc=0.3954326923076923
loss=61.86823892593384, acc=0.3894230769230769
loss=77.81149911880493, acc=0.008413461538461538
loss=61.44341802597046, acc=0.3942307692307692
loss=63.53620886802673, acc=0.3954326923076923
loss=94.66180682182312, acc=0.004807692307692308
loss=60.69638514518738, acc=0.3641826923076923
loss=96.82373714447021, acc=0.003605769230769231
loss=59.446603298187256, acc=0.3737980769230769
loss=81.6834237575531, acc=0.004807692307692308
loss=61.85322380065918, acc=0.3954326923076923
loss=80.86476588249207, acc=0.014423076923076924
loss=86.5344569683075, acc=0.009615384615384616
loss=92.22183847427368, acc=0.002403846153846154
loss=63.091354846954346, acc=0.35216346153846156
loss=65.23556816577911, acc=0.4182692307692308
loss=67.621697306633, acc=0.40865384615384615
loss=81.64298272132874, acc=0.003605769230769231
loss=62.58897626399994, acc=0.41346153846153844
loss=81.00938868522644, acc=0.020432692307692308
loss=64.27742207050323, acc=0.390625
loss=80.55408143997192, acc=0.04447115384615385
loss=65.10306346416473, acc=0.40024038461538464
loss=66.3040622472763, acc=0.4170673076923077
loss=67.11141753196716, acc=0.4338942307692308
loss=81.06452202796936, acc=0.03245192307692308
Files already downloaded and verified
Files already downloaded and verified
Testing on full test set: 313, 1529.5725662708282, 0.2925
Testing on partial test set: 3, 16.777411937713623, 0.15789473684210525
