DEBUG flower 2021-04-10 20:02:38,833 | client.py:85 | Start SSP client without delay
DEBUG flower 2021-04-10 20:02:41,523 | connection.py:36 | ChannelConnectivity.IDLE
DEBUG flower 2021-04-10 20:02:41,524 | connection.py:36 | ChannelConnectivity.CONNECTING
DEBUG flower 2021-04-10 20:02:41,525 | connection.py:36 | ChannelConnectivity.READY
INFO flower 2021-04-10 20:02:41,526 | app.py:63 | Opened (insecure) gRPC connection
DEBUG flower 2021-04-10 20:02:41,526 | app.py:66 | Waiting for message from server...
DEBUG flower 2021-04-10 20:02:51,190 | app.py:68 | Received server message. Handling...
DEBUG flower 2021-04-10 20:02:51,191 | numpy_client.py:172 | fit, FitIns(clock=0)
INFO flower 2021-04-10 20:02:51,191 | numpy_client.py:184 | Cache is stale, return ReadIns
DEBUG flower 2021-04-10 20:02:51,191 | app.py:66 | Waiting for message from server...
DEBUG flower 2021-04-10 20:02:51,389 | app.py:68 | Received server message. Handling...
DEBUG flower 2021-04-10 20:02:51,390 | numpy_client.py:228 | read: ReadRes(clock=-1)
DEBUG flower 2021-04-10 20:02:51,407 | numpy_client.py:172 | fit, FitIns(clock=0)
DEBUG flower 2021-04-10 20:02:51,407 | numpy_client.py:260 | cached_clock: -1, curr_clock: 0
DEBUG flower 2021-04-10 20:02:52,302 | model_wrapper.py:21 | Load existing initial model
INFO flower 2021-04-10 20:02:52,306 | numpy_client.py:205 | Cache is fresh, return FitRes(clock=0)
DEBUG flower 2021-04-10 20:02:52,307 | app.py:66 | Waiting for message from server...
DEBUG flower 2021-04-10 20:02:52,322 | app.py:68 | Received server message. Handling...
DEBUG flower 2021-04-10 20:02:52,322 | numpy_client.py:238 | update_staleness: Staleness bound set to 30
DEBUG flower 2021-04-10 20:02:52,322 | app.py:66 | Waiting for message from server...
DEBUG flower 2021-04-10 20:02:52,338 | app.py:68 | Received server message. Handling...
DEBUG flower 2021-04-10 20:02:52,338 | numpy_client.py:172 | fit, FitIns(clock=1)
DEBUG flower 2021-04-10 20:02:52,338 | numpy_client.py:260 | cached_clock: -1, curr_clock: 1
INFO flower 2021-04-10 20:02:53,131 | numpy_client.py:205 | Cache is fresh, return FitRes(clock=1)
DEBUG flower 2021-04-10 20:02:53,132 | app.py:66 | Waiting for message from server...
DEBUG flower 2021-04-10 20:02:53,145 | app.py:68 | Received server message. Handling...
DEBUG flower 2021-04-10 20:02:53,145 | app.py:66 | Waiting for message from server...
DEBUG flower 2021-04-10 20:02:53,154 | app.py:68 | Received server message. Handling...
DEBUG flower 2021-04-10 20:02:53,154 | numpy_client.py:172 | fit, FitIns(clock=2)
DEBUG flower 2021-04-10 20:02:53,154 | numpy_client.py:260 | cached_clock: -1, curr_clock: 2
INFO flower 2021-04-10 20:02:54,009 | numpy_client.py:205 | Cache is fresh, return FitRes(clock=2)
DEBUG flower 2021-04-10 20:02:54,009 | app.py:66 | Waiting for message from server...
DEBUG flower 2021-04-10 20:02:54,021 | app.py:68 | Received server message. Handling...
DEBUG flower 2021-04-10 20:02:54,021 | app.py:66 | Waiting for message from server...
DEBUG flower 2021-04-10 20:02:54,030 | app.py:68 | Received server message. Handling...
DEBUG flower 2021-04-10 20:02:54,031 | numpy_client.py:172 | fit, FitIns(clock=3)
DEBUG flower 2021-04-10 20:02:54,031 | numpy_client.py:260 | cached_clock: -1, curr_clock: 3
INFO flower 2021-04-10 20:02:55,009 | numpy_client.py:205 | Cache is fresh, return FitRes(clock=3)
DEBUG flower 2021-04-10 20:02:55,010 | app.py:66 | Waiting for message from server...
DEBUG flower 2021-04-10 20:02:55,023 | app.py:68 | Received server message. Handling...
DEBUG flower 2021-04-10 20:02:55,023 | app.py:66 | Waiting for message from server...
DEBUG flower 2021-04-10 20:02:55,033 | app.py:68 | Received server message. Handling...
DEBUG flower 2021-04-10 20:02:55,033 | numpy_client.py:172 | fit, FitIns(clock=4)
DEBUG flower 2021-04-10 20:02:55,033 | numpy_client.py:260 | cached_clock: -1, curr_clock: 4
INFO flower 2021-04-10 20:02:55,831 | numpy_client.py:205 | Cache is fresh, return FitRes(clock=4)
DEBUG flower 2021-04-10 20:02:55,832 | app.py:66 | Waiting for message from server...
DEBUG flower 2021-04-10 20:02:55,846 | app.py:68 | Received server message. Handling...
DEBUG flower 2021-04-10 20:02:55,846 | app.py:66 | Waiting for message from server...
DEBUG flower 2021-04-10 20:02:55,863 | app.py:68 | Received server message. Handling...
DEBUG flower 2021-04-10 20:02:55,863 | numpy_client.py:172 | fit, FitIns(clock=5)
DEBUG flower 2021-04-10 20:02:55,863 | numpy_client.py:260 | cached_clock: -1, curr_clock: 5
INFO flower 2021-04-10 20:02:56,710 | numpy_client.py:205 | Cache is fresh, return FitRes(clock=5)
DEBUG flower 2021-04-10 20:02:56,711 | app.py:66 | Waiting for message from server...
DEBUG flower 2021-04-10 20:02:56,723 | app.py:68 | Received server message. Handling...
DEBUG flower 2021-04-10 20:02:56,723 | app.py:66 | Waiting for message from server...
DEBUG flower 2021-04-10 20:02:56,733 | app.py:68 | Received server message. Handling...
DEBUG flower 2021-04-10 20:02:56,733 | numpy_client.py:172 | fit, FitIns(clock=6)
DEBUG flower 2021-04-10 20:02:56,733 | numpy_client.py:260 | cached_clock: -1, curr_clock: 6
INFO flower 2021-04-10 20:02:57,523 | numpy_client.py:205 | Cache is fresh, return FitRes(clock=6)
DEBUG flower 2021-04-10 20:02:57,524 | app.py:66 | Waiting for message from server...
DEBUG flower 2021-04-10 20:02:57,542 | app.py:68 | Received server message. Handling...
DEBUG flower 2021-04-10 20:02:57,542 | app.py:66 | Waiting for message from server...
DEBUG flower 2021-04-10 20:02:57,560 | app.py:68 | Received server message. Handling...
DEBUG flower 2021-04-10 20:02:57,561 | numpy_client.py:172 | fit, FitIns(clock=7)
DEBUG flower 2021-04-10 20:02:57,561 | numpy_client.py:260 | cached_clock: -1, curr_clock: 7
INFO flower 2021-04-10 20:02:58,325 | numpy_client.py:205 | Cache is fresh, return FitRes(clock=7)
DEBUG flower 2021-04-10 20:02:58,325 | app.py:66 | Waiting for message from server...
DEBUG flower 2021-04-10 20:02:58,338 | app.py:68 | Received server message. Handling...
DEBUG flower 2021-04-10 20:02:58,338 | app.py:66 | Waiting for message from server...
DEBUG flower 2021-04-10 20:02:58,347 | app.py:68 | Received server message. Handling...
DEBUG flower 2021-04-10 20:02:58,348 | numpy_client.py:172 | fit, FitIns(clock=8)
DEBUG flower 2021-04-10 20:02:58,348 | numpy_client.py:260 | cached_clock: -1, curr_clock: 8
INFO flower 2021-04-10 20:02:59,204 | numpy_client.py:205 | Cache is fresh, return FitRes(clock=8)
DEBUG flower 2021-04-10 20:02:59,205 | app.py:66 | Waiting for message from server...
DEBUG flower 2021-04-10 20:02:59,218 | app.py:68 | Received server message. Handling...
DEBUG flower 2021-04-10 20:02:59,218 | app.py:66 | Waiting for message from server...
DEBUG flower 2021-04-10 20:02:59,228 | app.py:68 | Received server message. Handling...
DEBUG flower 2021-04-10 20:02:59,228 | numpy_client.py:172 | fit, FitIns(clock=9)
DEBUG flower 2021-04-10 20:02:59,228 | numpy_client.py:260 | cached_clock: -1, curr_clock: 9
INFO flower 2021-04-10 20:03:00,027 | numpy_client.py:205 | Cache is fresh, return FitRes(clock=9)
DEBUG flower 2021-04-10 20:03:00,028 | app.py:66 | Waiting for message from server...
DEBUG flower 2021-04-10 20:03:00,040 | app.py:68 | Received server message. Handling...
DEBUG flower 2021-04-10 20:03:00,040 | app.py:66 | Waiting for message from server...
DEBUG flower 2021-04-10 20:03:00,050 | app.py:68 | Received server message. Handling...
DEBUG flower 2021-04-10 20:03:00,050 | numpy_client.py:172 | fit, FitIns(clock=10)
DEBUG flower 2021-04-10 20:03:00,050 | numpy_client.py:260 | cached_clock: -1, curr_clock: 10
INFO flower 2021-04-10 20:03:00,905 | numpy_client.py:205 | Cache is fresh, return FitRes(clock=10)
DEBUG flower 2021-04-10 20:03:00,906 | app.py:66 | Waiting for message from server...
DEBUG flower 2021-04-10 20:03:00,919 | app.py:68 | Received server message. Handling...
DEBUG flower 2021-04-10 20:03:00,919 | app.py:66 | Waiting for message from server...
DEBUG flower 2021-04-10 20:03:00,929 | app.py:68 | Received server message. Handling...
DEBUG flower 2021-04-10 20:03:00,929 | numpy_client.py:172 | fit, FitIns(clock=11)
DEBUG flower 2021-04-10 20:03:00,929 | numpy_client.py:260 | cached_clock: -1, curr_clock: 11
INFO flower 2021-04-10 20:03:01,729 | numpy_client.py:205 | Cache is fresh, return FitRes(clock=11)
DEBUG flower 2021-04-10 20:03:01,729 | app.py:66 | Waiting for message from server...
DEBUG flower 2021-04-10 20:03:01,751 | app.py:68 | Received server message. Handling...
DEBUG flower 2021-04-10 20:03:01,751 | app.py:66 | Waiting for message from server...
DEBUG flower 2021-04-10 20:03:01,760 | app.py:68 | Received server message. Handling...
DEBUG flower 2021-04-10 20:03:01,760 | numpy_client.py:172 | fit, FitIns(clock=12)
DEBUG flower 2021-04-10 20:03:01,760 | numpy_client.py:260 | cached_clock: -1, curr_clock: 12
INFO flower 2021-04-10 20:03:02,807 | numpy_client.py:205 | Cache is fresh, return FitRes(clock=12)
DEBUG flower 2021-04-10 20:03:02,807 | app.py:66 | Waiting for message from server...
DEBUG flower 2021-04-10 20:03:02,820 | app.py:68 | Received server message. Handling...
DEBUG flower 2021-04-10 20:03:02,820 | app.py:66 | Waiting for message from server...
DEBUG flower 2021-04-10 20:03:02,830 | app.py:68 | Received server message. Handling...
DEBUG flower 2021-04-10 20:03:02,830 | numpy_client.py:172 | fit, FitIns(clock=13)
DEBUG flower 2021-04-10 20:03:02,830 | numpy_client.py:260 | cached_clock: -1, curr_clock: 13
INFO flower 2021-04-10 20:03:03,639 | numpy_client.py:205 | Cache is fresh, return FitRes(clock=13)
DEBUG flower 2021-04-10 20:03:03,640 | app.py:66 | Waiting for message from server...
DEBUG flower 2021-04-10 20:03:03,657 | app.py:68 | Received server message. Handling...
DEBUG flower 2021-04-10 20:03:03,658 | app.py:66 | Waiting for message from server...
DEBUG flower 2021-04-10 20:03:03,666 | app.py:68 | Received server message. Handling...
DEBUG flower 2021-04-10 20:03:03,666 | numpy_client.py:172 | fit, FitIns(clock=14)
DEBUG flower 2021-04-10 20:03:03,667 | numpy_client.py:260 | cached_clock: -1, curr_clock: 14
INFO flower 2021-04-10 20:03:04,525 | numpy_client.py:205 | Cache is fresh, return FitRes(clock=14)
DEBUG flower 2021-04-10 20:03:04,525 | app.py:66 | Waiting for message from server...
DEBUG flower 2021-04-10 20:03:04,552 | app.py:68 | Received server message. Handling...
DEBUG flower 2021-04-10 20:03:04,553 | app.py:66 | Waiting for message from server...
DEBUG flower 2021-04-10 20:03:04,575 | app.py:68 | Received server message. Handling...
DEBUG flower 2021-04-10 20:03:04,576 | numpy_client.py:172 | fit, FitIns(clock=15)
DEBUG flower 2021-04-10 20:03:04,576 | numpy_client.py:260 | cached_clock: -1, curr_clock: 15
INFO flower 2021-04-10 20:03:05,420 | numpy_client.py:205 | Cache is fresh, return FitRes(clock=15)
DEBUG flower 2021-04-10 20:03:05,421 | app.py:66 | Waiting for message from server...
DEBUG flower 2021-04-10 20:03:05,434 | app.py:68 | Received server message. Handling...
DEBUG flower 2021-04-10 20:03:05,434 | app.py:66 | Waiting for message from server...
DEBUG flower 2021-04-10 20:03:05,443 | app.py:68 | Received server message. Handling...
DEBUG flower 2021-04-10 20:03:05,443 | numpy_client.py:172 | fit, FitIns(clock=16)
DEBUG flower 2021-04-10 20:03:05,443 | numpy_client.py:260 | cached_clock: -1, curr_clock: 16
INFO flower 2021-04-10 20:03:06,235 | numpy_client.py:205 | Cache is fresh, return FitRes(clock=16)
DEBUG flower 2021-04-10 20:03:06,235 | app.py:66 | Waiting for message from server...
DEBUG flower 2021-04-10 20:03:06,247 | app.py:68 | Received server message. Handling...
DEBUG flower 2021-04-10 20:03:06,248 | app.py:66 | Waiting for message from server...
DEBUG flower 2021-04-10 20:03:06,258 | app.py:68 | Received server message. Handling...
DEBUG flower 2021-04-10 20:03:06,258 | numpy_client.py:172 | fit, FitIns(clock=17)
DEBUG flower 2021-04-10 20:03:06,258 | numpy_client.py:260 | cached_clock: -1, curr_clock: 17
INFO flower 2021-04-10 20:03:07,125 | numpy_client.py:205 | Cache is fresh, return FitRes(clock=17)
DEBUG flower 2021-04-10 20:03:07,126 | app.py:66 | Waiting for message from server...
DEBUG flower 2021-04-10 20:03:07,137 | app.py:68 | Received server message. Handling...
DEBUG flower 2021-04-10 20:03:07,137 | app.py:66 | Waiting for message from server...
DEBUG flower 2021-04-10 20:03:07,155 | app.py:68 | Received server message. Handling...
DEBUG flower 2021-04-10 20:03:07,156 | numpy_client.py:172 | fit, FitIns(clock=18)
DEBUG flower 2021-04-10 20:03:07,156 | numpy_client.py:260 | cached_clock: -1, curr_clock: 18
INFO flower 2021-04-10 20:03:07,928 | numpy_client.py:205 | Cache is fresh, return FitRes(clock=18)
DEBUG flower 2021-04-10 20:03:07,928 | app.py:66 | Waiting for message from server...
DEBUG flower 2021-04-10 20:03:07,941 | app.py:68 | Received server message. Handling...
DEBUG flower 2021-04-10 20:03:07,941 | app.py:66 | Waiting for message from server...
DEBUG flower 2021-04-10 20:03:07,951 | app.py:68 | Received server message. Handling...
DEBUG flower 2021-04-10 20:03:07,951 | numpy_client.py:172 | fit, FitIns(clock=19)
DEBUG flower 2021-04-10 20:03:07,951 | numpy_client.py:260 | cached_clock: -1, curr_clock: 19
INFO flower 2021-04-10 20:03:08,826 | numpy_client.py:205 | Cache is fresh, return FitRes(clock=19)
DEBUG flower 2021-04-10 20:03:08,827 | app.py:66 | Waiting for message from server...
DEBUG flower 2021-04-10 20:03:08,839 | app.py:68 | Received server message. Handling...
DEBUG flower 2021-04-10 20:03:08,839 | app.py:66 | Waiting for message from server...
DEBUG flower 2021-04-10 20:03:08,849 | app.py:68 | Received server message. Handling...
DEBUG flower 2021-04-10 20:03:08,849 | numpy_client.py:172 | fit, FitIns(clock=20)
DEBUG flower 2021-04-10 20:03:08,849 | numpy_client.py:260 | cached_clock: -1, curr_clock: 20
INFO flower 2021-04-10 20:03:09,702 | numpy_client.py:205 | Cache is fresh, return FitRes(clock=20)
DEBUG flower 2021-04-10 20:03:09,702 | app.py:66 | Waiting for message from server...
DEBUG flower 2021-04-10 20:03:09,715 | app.py:68 | Received server message. Handling...
DEBUG flower 2021-04-10 20:03:09,715 | app.py:66 | Waiting for message from server...
DEBUG flower 2021-04-10 20:03:09,724 | app.py:68 | Received server message. Handling...
DEBUG flower 2021-04-10 20:03:09,724 | numpy_client.py:172 | fit, FitIns(clock=21)
DEBUG flower 2021-04-10 20:03:09,724 | numpy_client.py:260 | cached_clock: -1, curr_clock: 21
INFO flower 2021-04-10 20:03:10,527 | numpy_client.py:205 | Cache is fresh, return FitRes(clock=21)
DEBUG flower 2021-04-10 20:03:10,528 | app.py:66 | Waiting for message from server...
DEBUG flower 2021-04-10 20:03:10,549 | app.py:68 | Received server message. Handling...
DEBUG flower 2021-04-10 20:03:10,549 | app.py:66 | Waiting for message from server...
DEBUG flower 2021-04-10 20:03:10,562 | app.py:68 | Received server message. Handling...
DEBUG flower 2021-04-10 20:03:10,563 | numpy_client.py:172 | fit, FitIns(clock=22)
DEBUG flower 2021-04-10 20:03:10,563 | numpy_client.py:260 | cached_clock: -1, curr_clock: 22
INFO flower 2021-04-10 20:03:11,422 | numpy_client.py:205 | Cache is fresh, return FitRes(clock=22)
DEBUG flower 2021-04-10 20:03:11,423 | app.py:66 | Waiting for message from server...
DEBUG flower 2021-04-10 20:03:11,443 | app.py:68 | Received server message. Handling...
DEBUG flower 2021-04-10 20:03:11,443 | app.py:66 | Waiting for message from server...
DEBUG flower 2021-04-10 20:03:11,453 | app.py:68 | Received server message. Handling...
DEBUG flower 2021-04-10 20:03:11,453 | numpy_client.py:172 | fit, FitIns(clock=23)
DEBUG flower 2021-04-10 20:03:11,454 | numpy_client.py:260 | cached_clock: -1, curr_clock: 23
INFO flower 2021-04-10 20:03:12,343 | numpy_client.py:205 | Cache is fresh, return FitRes(clock=23)
DEBUG flower 2021-04-10 20:03:12,344 | app.py:66 | Waiting for message from server...
DEBUG flower 2021-04-10 20:03:12,357 | app.py:68 | Received server message. Handling...
DEBUG flower 2021-04-10 20:03:12,358 | app.py:66 | Waiting for message from server...
DEBUG flower 2021-04-10 20:03:12,368 | app.py:68 | Received server message. Handling...
DEBUG flower 2021-04-10 20:03:12,368 | numpy_client.py:172 | fit, FitIns(clock=24)
DEBUG flower 2021-04-10 20:03:12,369 | numpy_client.py:260 | cached_clock: -1, curr_clock: 24
INFO flower 2021-04-10 20:03:13,223 | numpy_client.py:205 | Cache is fresh, return FitRes(clock=24)
DEBUG flower 2021-04-10 20:03:13,224 | app.py:66 | Waiting for message from server...
DEBUG flower 2021-04-10 20:03:13,237 | app.py:68 | Received server message. Handling...
DEBUG flower 2021-04-10 20:03:13,237 | app.py:66 | Waiting for message from server...
DEBUG flower 2021-04-10 20:03:13,248 | app.py:68 | Received server message. Handling...
DEBUG flower 2021-04-10 20:03:13,248 | numpy_client.py:172 | fit, FitIns(clock=25)
DEBUG flower 2021-04-10 20:03:13,248 | numpy_client.py:260 | cached_clock: -1, curr_clock: 25
INFO flower 2021-04-10 20:03:14,028 | numpy_client.py:205 | Cache is fresh, return FitRes(clock=25)
DEBUG flower 2021-04-10 20:03:14,029 | app.py:66 | Waiting for message from server...
DEBUG flower 2021-04-10 20:03:14,041 | app.py:68 | Received server message. Handling...
DEBUG flower 2021-04-10 20:03:14,041 | app.py:66 | Waiting for message from server...
DEBUG flower 2021-04-10 20:03:14,051 | app.py:68 | Received server message. Handling...
DEBUG flower 2021-04-10 20:03:14,051 | numpy_client.py:172 | fit, FitIns(clock=26)
DEBUG flower 2021-04-10 20:03:14,051 | numpy_client.py:260 | cached_clock: -1, curr_clock: 26
INFO flower 2021-04-10 20:03:14,906 | numpy_client.py:205 | Cache is fresh, return FitRes(clock=26)
DEBUG flower 2021-04-10 20:03:14,907 | app.py:66 | Waiting for message from server...
DEBUG flower 2021-04-10 20:03:14,919 | app.py:68 | Received server message. Handling...
DEBUG flower 2021-04-10 20:03:14,919 | app.py:66 | Waiting for message from server...
DEBUG flower 2021-04-10 20:03:14,928 | app.py:68 | Received server message. Handling...
DEBUG flower 2021-04-10 20:03:14,929 | numpy_client.py:172 | fit, FitIns(clock=27)
DEBUG flower 2021-04-10 20:03:14,929 | numpy_client.py:260 | cached_clock: -1, curr_clock: 27
INFO flower 2021-04-10 20:03:15,727 | numpy_client.py:205 | Cache is fresh, return FitRes(clock=27)
DEBUG flower 2021-04-10 20:03:15,727 | app.py:66 | Waiting for message from server...
DEBUG flower 2021-04-10 20:03:15,739 | app.py:68 | Received server message. Handling...
DEBUG flower 2021-04-10 20:03:15,739 | app.py:66 | Waiting for message from server...
DEBUG flower 2021-04-10 20:03:15,749 | app.py:68 | Received server message. Handling...
DEBUG flower 2021-04-10 20:03:15,749 | numpy_client.py:172 | fit, FitIns(clock=28)
DEBUG flower 2021-04-10 20:03:15,749 | numpy_client.py:260 | cached_clock: -1, curr_clock: 28
INFO flower 2021-04-10 20:03:16,610 | numpy_client.py:205 | Cache is fresh, return FitRes(clock=28)
DEBUG flower 2021-04-10 20:03:16,610 | app.py:66 | Waiting for message from server...
DEBUG flower 2021-04-10 20:03:16,623 | app.py:68 | Received server message. Handling...
DEBUG flower 2021-04-10 20:03:16,623 | app.py:66 | Waiting for message from server...
DEBUG flower 2021-04-10 20:03:16,632 | app.py:68 | Received server message. Handling...
DEBUG flower 2021-04-10 20:03:16,632 | numpy_client.py:172 | fit, FitIns(clock=29)
DEBUG flower 2021-04-10 20:03:16,632 | numpy_client.py:260 | cached_clock: -1, curr_clock: 29
INFO flower 2021-04-10 20:03:17,406 | numpy_client.py:205 | Cache is fresh, return FitRes(clock=29)
DEBUG flower 2021-04-10 20:03:17,406 | app.py:66 | Waiting for message from server...
DEBUG flower 2021-04-10 20:03:17,419 | app.py:68 | Received server message. Handling...
DEBUG flower 2021-04-10 20:03:17,419 | app.py:66 | Waiting for message from server...
DEBUG flower 2021-04-10 20:03:17,428 | app.py:68 | Received server message. Handling...
DEBUG flower 2021-04-10 20:03:17,429 | numpy_client.py:172 | fit, FitIns(clock=30)
DEBUG flower 2021-04-10 20:03:17,429 | numpy_client.py:260 | cached_clock: -1, curr_clock: 30
INFO flower 2021-04-10 20:03:17,429 | numpy_client.py:184 | Cache is stale, return ReadIns
DEBUG flower 2021-04-10 20:03:17,429 | app.py:66 | Waiting for message from server...
DEBUG flower 2021-04-10 20:04:10,403 | app.py:68 | Received server message. Handling...
DEBUG flower 2021-04-10 20:04:10,403 | numpy_client.py:228 | read: ReadRes(clock=0)
DEBUG flower 2021-04-10 20:04:10,413 | numpy_client.py:172 | fit, FitIns(clock=30)
DEBUG flower 2021-04-10 20:04:10,413 | numpy_client.py:260 | cached_clock: 0, curr_clock: 30
INFO flower 2021-04-10 20:04:11,220 | numpy_client.py:205 | Cache is fresh, return FitRes(clock=30)
DEBUG flower 2021-04-10 20:04:11,220 | app.py:66 | Waiting for message from server...
DEBUG flower 2021-04-10 20:04:11,233 | app.py:68 | Received server message. Handling...
DEBUG flower 2021-04-10 20:04:11,233 | app.py:66 | Waiting for message from server...
DEBUG flower 2021-04-10 20:04:11,243 | app.py:68 | Received server message. Handling...
DEBUG flower 2021-04-10 20:04:11,243 | numpy_client.py:172 | fit, FitIns(clock=31)
DEBUG flower 2021-04-10 20:04:11,243 | numpy_client.py:260 | cached_clock: 0, curr_clock: 31
INFO flower 2021-04-10 20:04:11,243 | numpy_client.py:184 | Cache is stale, return ReadIns
DEBUG flower 2021-04-10 20:04:11,244 | app.py:66 | Waiting for message from server...
DEBUG flower 2021-04-10 20:05:39,832 | app.py:68 | Received server message. Handling...
DEBUG flower 2021-04-10 20:05:39,833 | numpy_client.py:228 | read: ReadRes(clock=1)
DEBUG flower 2021-04-10 20:05:39,840 | numpy_client.py:172 | fit, FitIns(clock=31)
DEBUG flower 2021-04-10 20:05:39,840 | numpy_client.py:260 | cached_clock: 1, curr_clock: 31
INFO flower 2021-04-10 20:05:40,610 | numpy_client.py:205 | Cache is fresh, return FitRes(clock=31)
DEBUG flower 2021-04-10 20:05:40,611 | app.py:66 | Waiting for message from server...
DEBUG flower 2021-04-10 20:05:40,625 | app.py:68 | Received server message. Handling...
DEBUG flower 2021-04-10 20:05:40,625 | app.py:66 | Waiting for message from server...
DEBUG flower 2021-04-10 20:05:40,634 | app.py:68 | Received server message. Handling...
DEBUG flower 2021-04-10 20:05:40,635 | numpy_client.py:172 | fit, FitIns(clock=32)
DEBUG flower 2021-04-10 20:05:40,635 | numpy_client.py:260 | cached_clock: 1, curr_clock: 32
INFO flower 2021-04-10 20:05:40,635 | numpy_client.py:184 | Cache is stale, return ReadIns
DEBUG flower 2021-04-10 20:05:40,635 | app.py:66 | Waiting for message from server...
DEBUG flower 2021-04-10 20:06:54,097 | app.py:68 | Received server message. Handling...
DEBUG flower 2021-04-10 20:06:54,097 | numpy_client.py:228 | read: ReadRes(clock=2)
DEBUG flower 2021-04-10 20:06:54,105 | numpy_client.py:172 | fit, FitIns(clock=32)
DEBUG flower 2021-04-10 20:06:54,105 | numpy_client.py:260 | cached_clock: 2, curr_clock: 32
INFO flower 2021-04-10 20:06:54,916 | numpy_client.py:205 | Cache is fresh, return FitRes(clock=32)
DEBUG flower 2021-04-10 20:06:54,916 | app.py:66 | Waiting for message from server...
DEBUG flower 2021-04-10 20:06:54,929 | app.py:68 | Received server message. Handling...
DEBUG flower 2021-04-10 20:06:54,929 | app.py:66 | Waiting for message from server...
DEBUG flower 2021-04-10 20:06:54,938 | app.py:68 | Received server message. Handling...
DEBUG flower 2021-04-10 20:06:54,939 | numpy_client.py:172 | fit, FitIns(clock=33)
DEBUG flower 2021-04-10 20:06:54,939 | numpy_client.py:260 | cached_clock: 2, curr_clock: 33
INFO flower 2021-04-10 20:06:54,939 | numpy_client.py:184 | Cache is stale, return ReadIns
DEBUG flower 2021-04-10 20:06:54,940 | app.py:66 | Waiting for message from server...
DEBUG flower 2021-04-10 20:07:49,234 | app.py:68 | Received server message. Handling...
DEBUG flower 2021-04-10 20:07:49,235 | numpy_client.py:228 | read: ReadRes(clock=3)
DEBUG flower 2021-04-10 20:07:49,243 | numpy_client.py:172 | fit, FitIns(clock=33)
DEBUG flower 2021-04-10 20:07:49,243 | numpy_client.py:260 | cached_clock: 3, curr_clock: 33
INFO flower 2021-04-10 20:07:50,105 | numpy_client.py:205 | Cache is fresh, return FitRes(clock=33)
DEBUG flower 2021-04-10 20:07:50,106 | app.py:66 | Waiting for message from server...
DEBUG flower 2021-04-10 20:07:50,117 | app.py:68 | Received server message. Handling...
DEBUG flower 2021-04-10 20:07:50,118 | app.py:66 | Waiting for message from server...
DEBUG flower 2021-04-10 20:07:50,128 | app.py:68 | Received server message. Handling...
DEBUG flower 2021-04-10 20:07:50,128 | numpy_client.py:172 | fit, FitIns(clock=34)
DEBUG flower 2021-04-10 20:07:50,128 | numpy_client.py:260 | cached_clock: 3, curr_clock: 34
INFO flower 2021-04-10 20:07:50,128 | numpy_client.py:184 | Cache is stale, return ReadIns
DEBUG flower 2021-04-10 20:07:50,128 | app.py:66 | Waiting for message from server...
DEBUG flower 2021-04-10 20:08:47,251 | app.py:68 | Received server message. Handling...
DEBUG flower 2021-04-10 20:08:47,252 | numpy_client.py:228 | read: ReadRes(clock=4)
DEBUG flower 2021-04-10 20:08:47,259 | numpy_client.py:172 | fit, FitIns(clock=34)
DEBUG flower 2021-04-10 20:08:47,259 | numpy_client.py:260 | cached_clock: 4, curr_clock: 34
INFO flower 2021-04-10 20:08:48,111 | numpy_client.py:205 | Cache is fresh, return FitRes(clock=34)
DEBUG flower 2021-04-10 20:08:48,112 | app.py:66 | Waiting for message from server...
DEBUG flower 2021-04-10 20:08:48,125 | app.py:68 | Received server message. Handling...
DEBUG flower 2021-04-10 20:08:48,126 | app.py:66 | Waiting for message from server...
DEBUG flower 2021-04-10 20:08:48,136 | app.py:68 | Received server message. Handling...
DEBUG flower 2021-04-10 20:08:48,136 | numpy_client.py:172 | fit, FitIns(clock=35)
DEBUG flower 2021-04-10 20:08:48,136 | numpy_client.py:260 | cached_clock: 4, curr_clock: 35
INFO flower 2021-04-10 20:08:48,136 | numpy_client.py:184 | Cache is stale, return ReadIns
DEBUG flower 2021-04-10 20:08:48,137 | app.py:66 | Waiting for message from server...
DEBUG flower 2021-04-10 20:09:45,103 | app.py:68 | Received server message. Handling...
DEBUG flower 2021-04-10 20:09:45,104 | numpy_client.py:228 | read: ReadRes(clock=5)
DEBUG flower 2021-04-10 20:09:45,110 | numpy_client.py:172 | fit, FitIns(clock=35)
DEBUG flower 2021-04-10 20:09:45,111 | numpy_client.py:260 | cached_clock: 5, curr_clock: 35
INFO flower 2021-04-10 20:09:45,929 | numpy_client.py:205 | Cache is fresh, return FitRes(clock=35)
DEBUG flower 2021-04-10 20:09:45,930 | app.py:66 | Waiting for message from server...
DEBUG flower 2021-04-10 20:09:45,943 | app.py:68 | Received server message. Handling...
DEBUG flower 2021-04-10 20:09:45,943 | numpy_client.py:238 | update_staleness: Staleness bound set to 29
DEBUG flower 2021-04-10 20:09:45,943 | app.py:66 | Waiting for message from server...
DEBUG flower 2021-04-10 20:09:45,951 | app.py:68 | Received server message. Handling...
DEBUG flower 2021-04-10 20:09:45,952 | numpy_client.py:172 | fit, FitIns(clock=36)
DEBUG flower 2021-04-10 20:09:45,952 | numpy_client.py:260 | cached_clock: 5, curr_clock: 36
INFO flower 2021-04-10 20:09:45,952 | numpy_client.py:184 | Cache is stale, return ReadIns
DEBUG flower 2021-04-10 20:09:45,952 | app.py:66 | Waiting for message from server...
DEBUG flower 2021-04-10 20:12:43,926 | app.py:68 | Received server message. Handling...
DEBUG flower 2021-04-10 20:12:43,927 | numpy_client.py:228 | read: ReadRes(clock=7)
DEBUG flower 2021-04-10 20:12:43,934 | numpy_client.py:172 | fit, FitIns(clock=36)
DEBUG flower 2021-04-10 20:12:43,934 | numpy_client.py:260 | cached_clock: 7, curr_clock: 36
INFO flower 2021-04-10 20:12:44,718 | numpy_client.py:205 | Cache is fresh, return FitRes(clock=36)
DEBUG flower 2021-04-10 20:12:44,719 | app.py:66 | Waiting for message from server...
DEBUG flower 2021-04-10 20:12:44,733 | app.py:68 | Received server message. Handling...
DEBUG flower 2021-04-10 20:12:44,733 | app.py:66 | Waiting for message from server...
DEBUG flower 2021-04-10 20:12:44,743 | app.py:68 | Received server message. Handling...
DEBUG flower 2021-04-10 20:12:44,743 | numpy_client.py:172 | fit, FitIns(clock=37)
DEBUG flower 2021-04-10 20:12:44,743 | numpy_client.py:260 | cached_clock: 7, curr_clock: 37
INFO flower 2021-04-10 20:12:44,743 | numpy_client.py:184 | Cache is stale, return ReadIns
DEBUG flower 2021-04-10 20:12:44,744 | app.py:66 | Waiting for message from server...
DEBUG flower 2021-04-10 20:13:39,586 | app.py:68 | Received server message. Handling...
DEBUG flower 2021-04-10 20:13:39,587 | numpy_client.py:228 | read: ReadRes(clock=8)
DEBUG flower 2021-04-10 20:13:39,594 | numpy_client.py:172 | fit, FitIns(clock=37)
DEBUG flower 2021-04-10 20:13:39,594 | numpy_client.py:260 | cached_clock: 8, curr_clock: 37
INFO flower 2021-04-10 20:13:40,433 | numpy_client.py:205 | Cache is fresh, return FitRes(clock=37)
DEBUG flower 2021-04-10 20:13:40,434 | app.py:66 | Waiting for message from server...
DEBUG flower 2021-04-10 20:13:40,447 | app.py:68 | Received server message. Handling...
DEBUG flower 2021-04-10 20:13:40,447 | app.py:66 | Waiting for message from server...
DEBUG flower 2021-04-10 20:13:40,457 | app.py:68 | Received server message. Handling...
DEBUG flower 2021-04-10 20:13:40,457 | numpy_client.py:172 | fit, FitIns(clock=38)
DEBUG flower 2021-04-10 20:13:40,457 | numpy_client.py:260 | cached_clock: 8, curr_clock: 38
INFO flower 2021-04-10 20:13:40,457 | numpy_client.py:184 | Cache is stale, return ReadIns
DEBUG flower 2021-04-10 20:13:40,458 | app.py:66 | Waiting for message from server...
DEBUG flower 2021-04-10 20:14:44,809 | app.py:68 | Received server message. Handling...
DEBUG flower 2021-04-10 20:14:44,810 | numpy_client.py:228 | read: ReadRes(clock=9)
DEBUG flower 2021-04-10 20:14:44,817 | numpy_client.py:172 | fit, FitIns(clock=38)
DEBUG flower 2021-04-10 20:14:44,817 | numpy_client.py:260 | cached_clock: 9, curr_clock: 38
INFO flower 2021-04-10 20:14:45,628 | numpy_client.py:205 | Cache is fresh, return FitRes(clock=38)
DEBUG flower 2021-04-10 20:14:45,629 | app.py:66 | Waiting for message from server...
DEBUG flower 2021-04-10 20:14:45,643 | app.py:68 | Received server message. Handling...
DEBUG flower 2021-04-10 20:14:45,643 | app.py:66 | Waiting for message from server...
DEBUG flower 2021-04-10 20:14:45,653 | app.py:68 | Received server message. Handling...
DEBUG flower 2021-04-10 20:14:45,654 | numpy_client.py:172 | fit, FitIns(clock=39)
DEBUG flower 2021-04-10 20:14:45,654 | numpy_client.py:260 | cached_clock: 9, curr_clock: 39
INFO flower 2021-04-10 20:14:45,654 | numpy_client.py:184 | Cache is stale, return ReadIns
DEBUG flower 2021-04-10 20:14:45,654 | app.py:66 | Waiting for message from server...
DEBUG flower 2021-04-10 20:16:02,903 | app.py:68 | Received server message. Handling...
DEBUG flower 2021-04-10 20:16:02,903 | numpy_client.py:228 | read: ReadRes(clock=10)
DEBUG flower 2021-04-10 20:16:02,910 | numpy_client.py:172 | fit, FitIns(clock=39)
DEBUG flower 2021-04-10 20:16:02,911 | numpy_client.py:260 | cached_clock: 10, curr_clock: 39
INFO flower 2021-04-10 20:16:03,727 | numpy_client.py:205 | Cache is fresh, return FitRes(clock=39)
DEBUG flower 2021-04-10 20:16:03,728 | app.py:66 | Waiting for message from server...
DEBUG flower 2021-04-10 20:16:03,750 | app.py:68 | Received server message. Handling...
DEBUG flower 2021-04-10 20:16:03,750 | app.py:66 | Waiting for message from server...
DEBUG flower 2021-04-10 20:16:03,766 | app.py:68 | Received server message. Handling...
DEBUG flower 2021-04-10 20:16:03,766 | numpy_client.py:172 | fit, FitIns(clock=40)
DEBUG flower 2021-04-10 20:16:03,766 | numpy_client.py:260 | cached_clock: 10, curr_clock: 40
INFO flower 2021-04-10 20:16:03,766 | numpy_client.py:184 | Cache is stale, return ReadIns
DEBUG flower 2021-04-10 20:16:03,767 | app.py:66 | Waiting for message from server...
DEBUG flower 2021-04-10 20:17:25,202 | app.py:68 | Received server message. Handling...
DEBUG flower 2021-04-10 20:17:25,202 | numpy_client.py:228 | read: ReadRes(clock=11)
DEBUG flower 2021-04-10 20:17:25,216 | numpy_client.py:172 | fit, FitIns(clock=40)
DEBUG flower 2021-04-10 20:17:25,216 | numpy_client.py:260 | cached_clock: 11, curr_clock: 40
INFO flower 2021-04-10 20:17:26,109 | numpy_client.py:205 | Cache is fresh, return FitRes(clock=40)
DEBUG flower 2021-04-10 20:17:26,110 | app.py:66 | Waiting for message from server...
DEBUG flower 2021-04-10 20:17:26,123 | app.py:68 | Received server message. Handling...
DEBUG flower 2021-04-10 20:17:26,123 | app.py:66 | Waiting for message from server...
DEBUG flower 2021-04-10 20:17:26,132 | app.py:68 | Received server message. Handling...
DEBUG flower 2021-04-10 20:17:26,133 | numpy_client.py:172 | fit, FitIns(clock=41)
DEBUG flower 2021-04-10 20:17:26,133 | numpy_client.py:260 | cached_clock: 11, curr_clock: 41
INFO flower 2021-04-10 20:17:26,133 | numpy_client.py:184 | Cache is stale, return ReadIns
DEBUG flower 2021-04-10 20:17:26,133 | app.py:66 | Waiting for message from server...
DEBUG flower 2021-04-10 20:18:53,923 | app.py:68 | Received server message. Handling...
DEBUG flower 2021-04-10 20:18:53,923 | numpy_client.py:228 | read: ReadRes(clock=12)
DEBUG flower 2021-04-10 20:18:53,930 | numpy_client.py:172 | fit, FitIns(clock=41)
DEBUG flower 2021-04-10 20:18:53,930 | numpy_client.py:260 | cached_clock: 12, curr_clock: 41
INFO flower 2021-04-10 20:18:54,726 | numpy_client.py:205 | Cache is fresh, return FitRes(clock=41)
DEBUG flower 2021-04-10 20:18:54,727 | app.py:66 | Waiting for message from server...
DEBUG flower 2021-04-10 20:18:54,742 | app.py:68 | Received server message. Handling...
DEBUG flower 2021-04-10 20:18:54,742 | app.py:66 | Waiting for message from server...
DEBUG flower 2021-04-10 20:18:54,752 | app.py:68 | Received server message. Handling...
DEBUG flower 2021-04-10 20:18:54,753 | numpy_client.py:172 | fit, FitIns(clock=42)
DEBUG flower 2021-04-10 20:18:54,753 | numpy_client.py:260 | cached_clock: 12, curr_clock: 42
INFO flower 2021-04-10 20:18:54,753 | numpy_client.py:184 | Cache is stale, return ReadIns
DEBUG flower 2021-04-10 20:18:54,754 | app.py:66 | Waiting for message from server...
DEBUG flower 2021-04-10 20:20:15,598 | app.py:68 | Received server message. Handling...
DEBUG flower 2021-04-10 20:20:15,599 | numpy_client.py:228 | read: ReadRes(clock=13)
DEBUG flower 2021-04-10 20:20:15,610 | numpy_client.py:172 | fit, FitIns(clock=42)
DEBUG flower 2021-04-10 20:20:15,610 | numpy_client.py:260 | cached_clock: 13, curr_clock: 42
INFO flower 2021-04-10 20:20:16,431 | numpy_client.py:205 | Cache is fresh, return FitRes(clock=42)
DEBUG flower 2021-04-10 20:20:16,432 | app.py:66 | Waiting for message from server...
DEBUG flower 2021-04-10 20:20:16,445 | app.py:68 | Received server message. Handling...
DEBUG flower 2021-04-10 20:20:16,445 | app.py:66 | Waiting for message from server...
DEBUG flower 2021-04-10 20:20:16,454 | app.py:68 | Received server message. Handling...
DEBUG flower 2021-04-10 20:20:16,454 | numpy_client.py:172 | fit, FitIns(clock=43)
DEBUG flower 2021-04-10 20:20:16,454 | numpy_client.py:260 | cached_clock: 13, curr_clock: 43
INFO flower 2021-04-10 20:20:16,455 | numpy_client.py:184 | Cache is stale, return ReadIns
DEBUG flower 2021-04-10 20:20:16,455 | app.py:66 | Waiting for message from server...
DEBUG flower 2021-04-10 20:21:25,703 | app.py:68 | Received server message. Handling...
DEBUG flower 2021-04-10 20:21:25,703 | numpy_client.py:228 | read: ReadRes(clock=14)
DEBUG flower 2021-04-10 20:21:25,711 | numpy_client.py:172 | fit, FitIns(clock=43)
DEBUG flower 2021-04-10 20:21:25,711 | numpy_client.py:260 | cached_clock: 14, curr_clock: 43
INFO flower 2021-04-10 20:21:26,629 | numpy_client.py:205 | Cache is fresh, return FitRes(clock=43)
DEBUG flower 2021-04-10 20:21:26,630 | app.py:66 | Waiting for message from server...
DEBUG flower 2021-04-10 20:21:26,642 | app.py:68 | Received server message. Handling...
DEBUG flower 2021-04-10 20:21:26,642 | app.py:66 | Waiting for message from server...
DEBUG flower 2021-04-10 20:21:26,652 | app.py:68 | Received server message. Handling...
DEBUG flower 2021-04-10 20:21:26,652 | numpy_client.py:172 | fit, FitIns(clock=44)
DEBUG flower 2021-04-10 20:21:26,652 | numpy_client.py:260 | cached_clock: 14, curr_clock: 44
INFO flower 2021-04-10 20:21:26,652 | numpy_client.py:184 | Cache is stale, return ReadIns
DEBUG flower 2021-04-10 20:21:26,653 | app.py:66 | Waiting for message from server...
DEBUG flower 2021-04-10 20:22:21,386 | app.py:68 | Received server message. Handling...
DEBUG flower 2021-04-10 20:22:21,387 | numpy_client.py:228 | read: ReadRes(clock=15)
DEBUG flower 2021-04-10 20:22:21,410 | numpy_client.py:172 | fit, FitIns(clock=44)
DEBUG flower 2021-04-10 20:22:21,410 | numpy_client.py:260 | cached_clock: 15, curr_clock: 44
INFO flower 2021-04-10 20:22:22,228 | numpy_client.py:205 | Cache is fresh, return FitRes(clock=44)
DEBUG flower 2021-04-10 20:22:22,229 | app.py:66 | Waiting for message from server...
DEBUG flower 2021-04-10 20:22:22,248 | app.py:68 | Received server message. Handling...
DEBUG flower 2021-04-10 20:22:22,249 | app.py:66 | Waiting for message from server...
DEBUG flower 2021-04-10 20:22:22,264 | app.py:68 | Received server message. Handling...
DEBUG flower 2021-04-10 20:22:22,264 | numpy_client.py:172 | fit, FitIns(clock=45)
DEBUG flower 2021-04-10 20:22:22,264 | numpy_client.py:260 | cached_clock: 15, curr_clock: 45
INFO flower 2021-04-10 20:22:22,264 | numpy_client.py:184 | Cache is stale, return ReadIns
DEBUG flower 2021-04-10 20:22:22,265 | app.py:66 | Waiting for message from server...
DEBUG flower 2021-04-10 20:23:31,976 | app.py:68 | Received server message. Handling...
DEBUG flower 2021-04-10 20:23:31,976 | numpy_client.py:228 | read: ReadRes(clock=16)
DEBUG flower 2021-04-10 20:23:31,983 | numpy_client.py:172 | fit, FitIns(clock=45)
DEBUG flower 2021-04-10 20:23:31,983 | numpy_client.py:260 | cached_clock: 16, curr_clock: 45
INFO flower 2021-04-10 20:23:32,806 | numpy_client.py:205 | Cache is fresh, return FitRes(clock=45)
DEBUG flower 2021-04-10 20:23:32,807 | app.py:66 | Waiting for message from server...
DEBUG flower 2021-04-10 20:23:32,821 | app.py:68 | Received server message. Handling...
DEBUG flower 2021-04-10 20:23:32,821 | app.py:66 | Waiting for message from server...
DEBUG flower 2021-04-10 20:23:32,830 | app.py:68 | Received server message. Handling...
DEBUG flower 2021-04-10 20:23:32,831 | numpy_client.py:172 | fit, FitIns(clock=46)
DEBUG flower 2021-04-10 20:23:32,831 | numpy_client.py:260 | cached_clock: 16, curr_clock: 46
INFO flower 2021-04-10 20:23:32,831 | numpy_client.py:184 | Cache is stale, return ReadIns
DEBUG flower 2021-04-10 20:23:32,831 | app.py:66 | Waiting for message from server...
DEBUG flower 2021-04-10 20:24:23,757 | app.py:68 | Received server message. Handling...
DEBUG flower 2021-04-10 20:24:23,758 | numpy_client.py:228 | read: ReadRes(clock=17)
DEBUG flower 2021-04-10 20:24:23,765 | numpy_client.py:172 | fit, FitIns(clock=46)
DEBUG flower 2021-04-10 20:24:23,765 | numpy_client.py:260 | cached_clock: 17, curr_clock: 46
INFO flower 2021-04-10 20:24:24,537 | numpy_client.py:205 | Cache is fresh, return FitRes(clock=46)
DEBUG flower 2021-04-10 20:24:24,537 | app.py:66 | Waiting for message from server...
DEBUG flower 2021-04-10 20:24:24,559 | app.py:68 | Received server message. Handling...
DEBUG flower 2021-04-10 20:24:24,560 | app.py:66 | Waiting for message from server...
DEBUG flower 2021-04-10 20:24:24,569 | app.py:68 | Received server message. Handling...
DEBUG flower 2021-04-10 20:24:24,569 | numpy_client.py:172 | fit, FitIns(clock=47)
DEBUG flower 2021-04-10 20:24:24,570 | numpy_client.py:260 | cached_clock: 17, curr_clock: 47
INFO flower 2021-04-10 20:24:24,570 | numpy_client.py:184 | Cache is stale, return ReadIns
DEBUG flower 2021-04-10 20:24:24,570 | app.py:66 | Waiting for message from server...
DEBUG flower 2021-04-10 20:25:42,725 | app.py:68 | Received server message. Handling...
DEBUG flower 2021-04-10 20:25:42,726 | numpy_client.py:228 | read: ReadRes(clock=18)
DEBUG flower 2021-04-10 20:25:42,733 | numpy_client.py:172 | fit, FitIns(clock=47)
DEBUG flower 2021-04-10 20:25:42,733 | numpy_client.py:260 | cached_clock: 18, curr_clock: 47
INFO flower 2021-04-10 20:25:43,607 | numpy_client.py:205 | Cache is fresh, return FitRes(clock=47)
DEBUG flower 2021-04-10 20:25:43,607 | app.py:66 | Waiting for message from server...
DEBUG flower 2021-04-10 20:25:43,620 | app.py:68 | Received server message. Handling...
DEBUG flower 2021-04-10 20:25:43,620 | app.py:66 | Waiting for message from server...
DEBUG flower 2021-04-10 20:25:43,630 | app.py:68 | Received server message. Handling...
DEBUG flower 2021-04-10 20:25:43,630 | numpy_client.py:172 | fit, FitIns(clock=48)
DEBUG flower 2021-04-10 20:25:43,630 | numpy_client.py:260 | cached_clock: 18, curr_clock: 48
INFO flower 2021-04-10 20:25:43,630 | numpy_client.py:184 | Cache is stale, return ReadIns
DEBUG flower 2021-04-10 20:25:43,630 | app.py:66 | Waiting for message from server...
DEBUG flower 2021-04-10 20:26:59,730 | app.py:68 | Received server message. Handling...
DEBUG flower 2021-04-10 20:26:59,730 | numpy_client.py:228 | read: ReadRes(clock=19)
DEBUG flower 2021-04-10 20:26:59,737 | numpy_client.py:172 | fit, FitIns(clock=48)
DEBUG flower 2021-04-10 20:26:59,737 | numpy_client.py:260 | cached_clock: 19, curr_clock: 48
INFO flower 2021-04-10 20:27:00,506 | numpy_client.py:205 | Cache is fresh, return FitRes(clock=48)
DEBUG flower 2021-04-10 20:27:00,507 | app.py:66 | Waiting for message from server...
DEBUG flower 2021-04-10 20:27:00,528 | app.py:68 | Received server message. Handling...
DEBUG flower 2021-04-10 20:27:00,528 | app.py:66 | Waiting for message from server...
DEBUG flower 2021-04-10 20:27:00,538 | app.py:68 | Received server message. Handling...
DEBUG flower 2021-04-10 20:27:00,538 | numpy_client.py:172 | fit, FitIns(clock=49)
DEBUG flower 2021-04-10 20:27:00,538 | numpy_client.py:260 | cached_clock: 19, curr_clock: 49
INFO flower 2021-04-10 20:27:00,539 | numpy_client.py:184 | Cache is stale, return ReadIns
DEBUG flower 2021-04-10 20:27:00,539 | app.py:66 | Waiting for message from server...
DEBUG flower 2021-04-10 20:28:12,702 | app.py:68 | Received server message. Handling...
DEBUG flower 2021-04-10 20:28:12,703 | numpy_client.py:228 | read: ReadRes(clock=20)
DEBUG flower 2021-04-10 20:28:12,711 | numpy_client.py:172 | fit, FitIns(clock=49)
DEBUG flower 2021-04-10 20:28:12,711 | numpy_client.py:260 | cached_clock: 20, curr_clock: 49
INFO flower 2021-04-10 20:28:13,524 | numpy_client.py:205 | Cache is fresh, return FitRes(clock=49)
DEBUG flower 2021-04-10 20:28:13,524 | numpy_client.py:217 | The client finishes computing after 1522 seconds
DEBUG flower 2021-04-10 20:28:13,524 | app.py:66 | Waiting for message from server...
DEBUG flower 2021-04-10 20:28:13,539 | app.py:68 | Received server message. Handling...
DEBUG flower 2021-04-10 20:28:13,539 | app.py:66 | Waiting for message from server...
DEBUG flower 2021-04-10 21:04:10,699 | app.py:68 | Received server message. Handling...
INFO flower 2021-04-10 21:04:20,938 | numpy_client.py:250 | [32;1m Loss: 136.127, Accuracy: 0.000%[0m
DEBUG flower 2021-04-10 21:04:20,939 | app.py:66 | Waiting for message from server...
DEBUG flower 2021-04-10 21:04:23,290 | app.py:68 | Received server message. Handling...
DEBUG flower 2021-04-10 21:04:23,334 | connection.py:68 | Insecure gRPC channel closed
INFO flower 2021-04-10 21:04:23,334 | app.py:76 | Disconnect and shut down
Namespace(idx=2, max_delay=0, min_delay=0, num_clients=31, server_ip='10.244.50.51:8080', staleness_bound=1000)
I'm client 2
Files already downloaded and verified
Files already downloaded and verified
[32;1mClient 2: 534 train samples, 432 test samples[0m
loss=40.006115674972534, acc=0.0
loss=39.125932931900024, acc=0.0
loss=38.58476495742798, acc=0.07169117647058823
loss=38.04986357688904, acc=0.3235294117647059
loss=37.50754690170288, acc=0.3272058823529412
loss=36.96473526954651, acc=0.3272058823529412
loss=36.416126012802124, acc=0.3272058823529412
loss=35.84788107872009, acc=0.3272058823529412
loss=35.27559781074524, acc=0.3272058823529412
loss=34.66346001625061, acc=0.3272058823529412
loss=33.99868202209473, acc=0.3272058823529412
loss=33.220388650894165, acc=0.3272058823529412
loss=32.28820562362671, acc=0.3272058823529412
loss=31.09995996952057, acc=0.3272058823529412
loss=29.453244924545288, acc=0.3272058823529412
loss=27.1242094039917, acc=0.3180147058823529
loss=24.212396502494812, acc=0.375
loss=21.53227472305298, acc=0.35294117647058826
loss=20.043054819107056, acc=0.3602941176470588
loss=19.331344604492188, acc=0.35110294117647056
loss=18.983673572540283, acc=0.4264705882352941
loss=18.76086974143982, acc=0.42830882352941174
loss=18.594817519187927, acc=0.4172794117647059
loss=18.432341933250427, acc=0.44669117647058826
loss=18.30314564704895, acc=0.47610294117647056
loss=18.219396829605103, acc=0.44669117647058826
loss=18.018550157546997, acc=0.5036764705882353
loss=17.820409297943115, acc=0.49816176470588236
loss=17.655284523963928, acc=0.5202205882352942
loss=17.439640760421753, acc=0.5
loss=38.48850703239441, acc=0.3272058823529412
loss=40.333393812179565, acc=0.0
loss=42.28905534744263, acc=0.0
loss=28.0433931350708, acc=0.3272058823529412
loss=53.90129995346069, acc=0.0
loss=62.55440092086792, acc=0.0
loss=78.09790778160095, acc=0.0
loss=42.130590200424194, acc=0.4338235294117647
loss=77.5007176399231, acc=0.0
loss=75.36013221740723, acc=0.0
loss=76.43552803993225, acc=0.0
loss=59.073140382766724, acc=0.2647058823529412
loss=74.24543142318726, acc=0.0
loss=74.90870261192322, acc=0.0
loss=42.16788601875305, acc=0.4338235294117647
loss=14.570672631263733, acc=0.6047794117647058
loss=76.5512158870697, acc=0.0
loss=77.57848525047302, acc=0.0
loss=40.112024784088135, acc=0.43566176470588236
loss=75.86841177940369, acc=0.0
Files already downloaded and verified
Files already downloaded and verified
Testing on full test set: 313, 1801.0634973049164, 0.2875
Testing on partial test set: 14, 136.1273775100708, 0.0
