DEBUG flower 2021-04-08 12:34:11,982 | connection.py:36 | ChannelConnectivity.IDLE
DEBUG flower 2021-04-08 12:34:11,984 | connection.py:36 | ChannelConnectivity.READY
INFO flower 2021-04-08 12:34:11,984 | app.py:63 | Opened (insecure) gRPC connection
DEBUG flower 2021-04-08 12:34:15,770 | numpy_client.py:172 | fit, FitIns(clock=0)
INFO flower 2021-04-08 12:34:15,770 | numpy_client.py:184 | Cache is stale, return ReadIns
DEBUG flower 2021-04-08 12:34:15,971 | numpy_client.py:228 | read: ReadRes(clock=-1)
DEBUG flower 2021-04-08 12:34:15,987 | numpy_client.py:172 | fit, FitIns(clock=0)
DEBUG flower 2021-04-08 12:34:15,987 | numpy_client.py:260 | cached_clock: -1, curr_clock: 0
DEBUG flower 2021-04-08 12:34:17,196 | model_wrapper.py:21 | Load existing initial model
INFO flower 2021-04-08 12:34:17,199 | numpy_client.py:205 | Cache is fresh, return FitRes(clock=0)
DEBUG flower 2021-04-08 12:34:17,287 | numpy_client.py:172 | fit, FitIns(clock=1)
DEBUG flower 2021-04-08 12:34:17,287 | numpy_client.py:260 | cached_clock: -1, curr_clock: 1
INFO flower 2021-04-08 12:34:18,499 | numpy_client.py:205 | Cache is fresh, return FitRes(clock=1)
DEBUG flower 2021-04-08 12:34:18,522 | numpy_client.py:172 | fit, FitIns(clock=2)
DEBUG flower 2021-04-08 12:34:18,522 | numpy_client.py:260 | cached_clock: -1, curr_clock: 2
INFO flower 2021-04-08 12:34:19,776 | numpy_client.py:205 | Cache is fresh, return FitRes(clock=2)
DEBUG flower 2021-04-08 12:34:19,799 | numpy_client.py:172 | fit, FitIns(clock=3)
DEBUG flower 2021-04-08 12:34:19,799 | numpy_client.py:260 | cached_clock: -1, curr_clock: 3
INFO flower 2021-04-08 12:34:21,066 | numpy_client.py:205 | Cache is fresh, return FitRes(clock=3)
DEBUG flower 2021-04-08 12:34:29,374 | numpy_client.py:172 | fit, FitIns(clock=4)
DEBUG flower 2021-04-08 12:34:29,374 | numpy_client.py:260 | cached_clock: -1, curr_clock: 4
INFO flower 2021-04-08 12:34:30,667 | numpy_client.py:205 | Cache is fresh, return FitRes(clock=4)
DEBUG flower 2021-04-08 12:34:30,690 | numpy_client.py:172 | fit, FitIns(clock=5)
DEBUG flower 2021-04-08 12:34:30,691 | numpy_client.py:260 | cached_clock: -1, curr_clock: 5
INFO flower 2021-04-08 12:34:31,965 | numpy_client.py:205 | Cache is fresh, return FitRes(clock=5)
DEBUG flower 2021-04-08 12:34:31,983 | numpy_client.py:172 | fit, FitIns(clock=6)
DEBUG flower 2021-04-08 12:34:31,983 | numpy_client.py:260 | cached_clock: -1, curr_clock: 6
INFO flower 2021-04-08 12:34:33,271 | numpy_client.py:205 | Cache is fresh, return FitRes(clock=6)
DEBUG flower 2021-04-08 12:34:33,293 | numpy_client.py:172 | fit, FitIns(clock=7)
DEBUG flower 2021-04-08 12:34:33,293 | numpy_client.py:260 | cached_clock: -1, curr_clock: 7
INFO flower 2021-04-08 12:34:34,569 | numpy_client.py:205 | Cache is fresh, return FitRes(clock=7)
DEBUG flower 2021-04-08 12:34:44,078 | numpy_client.py:172 | fit, FitIns(clock=8)
DEBUG flower 2021-04-08 12:34:44,078 | numpy_client.py:260 | cached_clock: -1, curr_clock: 8
INFO flower 2021-04-08 12:34:45,377 | numpy_client.py:205 | Cache is fresh, return FitRes(clock=8)
DEBUG flower 2021-04-08 12:34:45,400 | numpy_client.py:172 | fit, FitIns(clock=9)
DEBUG flower 2021-04-08 12:34:45,400 | numpy_client.py:260 | cached_clock: -1, curr_clock: 9
INFO flower 2021-04-08 12:34:46,667 | numpy_client.py:205 | Cache is fresh, return FitRes(clock=9)
DEBUG flower 2021-04-08 12:34:46,699 | numpy_client.py:172 | fit, FitIns(clock=10)
DEBUG flower 2021-04-08 12:34:46,699 | numpy_client.py:260 | cached_clock: -1, curr_clock: 10
INFO flower 2021-04-08 12:34:46,699 | numpy_client.py:184 | Cache is stale, return ReadIns
DEBUG flower 2021-04-08 12:34:46,714 | numpy_client.py:228 | read: ReadRes(clock=1)
DEBUG flower 2021-04-08 12:34:46,721 | numpy_client.py:172 | fit, FitIns(clock=10)
DEBUG flower 2021-04-08 12:34:46,721 | numpy_client.py:260 | cached_clock: 1, curr_clock: 10
INFO flower 2021-04-08 12:34:47,896 | numpy_client.py:205 | Cache is fresh, return FitRes(clock=10)
DEBUG flower 2021-04-08 12:34:47,917 | numpy_client.py:172 | fit, FitIns(clock=11)
DEBUG flower 2021-04-08 12:34:47,917 | numpy_client.py:260 | cached_clock: 1, curr_clock: 11
INFO flower 2021-04-08 12:34:49,079 | numpy_client.py:205 | Cache is fresh, return FitRes(clock=11)
DEBUG flower 2021-04-08 12:34:57,240 | numpy_client.py:172 | fit, FitIns(clock=12)
DEBUG flower 2021-04-08 12:34:57,246 | numpy_client.py:260 | cached_clock: 1, curr_clock: 12
INFO flower 2021-04-08 12:34:57,246 | numpy_client.py:184 | Cache is stale, return ReadIns
DEBUG flower 2021-04-08 12:34:57,277 | numpy_client.py:228 | read: ReadRes(clock=2)
DEBUG flower 2021-04-08 12:34:57,285 | numpy_client.py:172 | fit, FitIns(clock=12)
DEBUG flower 2021-04-08 12:34:57,286 | numpy_client.py:260 | cached_clock: 2, curr_clock: 12
INFO flower 2021-04-08 12:34:58,491 | numpy_client.py:205 | Cache is fresh, return FitRes(clock=12)
DEBUG flower 2021-04-08 12:34:58,514 | numpy_client.py:172 | fit, FitIns(clock=13)
DEBUG flower 2021-04-08 12:34:58,514 | numpy_client.py:260 | cached_clock: 2, curr_clock: 13
INFO flower 2021-04-08 12:34:58,514 | numpy_client.py:184 | Cache is stale, return ReadIns
DEBUG flower 2021-04-08 12:35:01,883 | numpy_client.py:228 | read: ReadRes(clock=3)
DEBUG flower 2021-04-08 12:35:01,890 | numpy_client.py:172 | fit, FitIns(clock=13)
DEBUG flower 2021-04-08 12:35:01,890 | numpy_client.py:260 | cached_clock: 3, curr_clock: 13
INFO flower 2021-04-08 12:35:02,974 | numpy_client.py:205 | Cache is fresh, return FitRes(clock=13)
DEBUG flower 2021-04-08 12:35:11,174 | numpy_client.py:172 | fit, FitIns(clock=14)
DEBUG flower 2021-04-08 12:35:11,174 | numpy_client.py:260 | cached_clock: 3, curr_clock: 14
INFO flower 2021-04-08 12:35:11,174 | numpy_client.py:184 | Cache is stale, return ReadIns
DEBUG flower 2021-04-08 12:35:15,686 | numpy_client.py:228 | read: ReadRes(clock=4)
DEBUG flower 2021-04-08 12:35:15,693 | numpy_client.py:172 | fit, FitIns(clock=14)
DEBUG flower 2021-04-08 12:35:15,694 | numpy_client.py:260 | cached_clock: 4, curr_clock: 14
INFO flower 2021-04-08 12:35:16,773 | numpy_client.py:205 | Cache is fresh, return FitRes(clock=14)
DEBUG flower 2021-04-08 12:35:24,676 | numpy_client.py:172 | fit, FitIns(clock=15)
DEBUG flower 2021-04-08 12:35:24,677 | numpy_client.py:260 | cached_clock: 4, curr_clock: 15
INFO flower 2021-04-08 12:35:24,677 | numpy_client.py:184 | Cache is stale, return ReadIns
DEBUG flower 2021-04-08 12:35:29,208 | numpy_client.py:228 | read: ReadRes(clock=5)
DEBUG flower 2021-04-08 12:35:29,216 | numpy_client.py:172 | fit, FitIns(clock=15)
DEBUG flower 2021-04-08 12:35:29,216 | numpy_client.py:260 | cached_clock: 5, curr_clock: 15
INFO flower 2021-04-08 12:35:30,199 | numpy_client.py:205 | Cache is fresh, return FitRes(clock=15)
DEBUG flower 2021-04-08 12:35:38,135 | numpy_client.py:172 | fit, FitIns(clock=16)
DEBUG flower 2021-04-08 12:35:38,136 | numpy_client.py:260 | cached_clock: 5, curr_clock: 16
INFO flower 2021-04-08 12:35:38,136 | numpy_client.py:184 | Cache is stale, return ReadIns
DEBUG flower 2021-04-08 12:35:42,675 | numpy_client.py:228 | read: ReadRes(clock=6)
DEBUG flower 2021-04-08 12:35:42,683 | numpy_client.py:172 | fit, FitIns(clock=16)
DEBUG flower 2021-04-08 12:35:42,683 | numpy_client.py:260 | cached_clock: 6, curr_clock: 16
INFO flower 2021-04-08 12:35:43,698 | numpy_client.py:205 | Cache is fresh, return FitRes(clock=16)
DEBUG flower 2021-04-08 12:35:51,655 | numpy_client.py:172 | fit, FitIns(clock=17)
DEBUG flower 2021-04-08 12:35:51,656 | numpy_client.py:260 | cached_clock: 6, curr_clock: 17
INFO flower 2021-04-08 12:35:51,656 | numpy_client.py:184 | Cache is stale, return ReadIns
DEBUG flower 2021-04-08 12:35:56,173 | numpy_client.py:228 | read: ReadRes(clock=7)
DEBUG flower 2021-04-08 12:35:56,180 | numpy_client.py:172 | fit, FitIns(clock=17)
DEBUG flower 2021-04-08 12:35:56,181 | numpy_client.py:260 | cached_clock: 7, curr_clock: 17
INFO flower 2021-04-08 12:35:57,302 | numpy_client.py:205 | Cache is fresh, return FitRes(clock=17)
DEBUG flower 2021-04-08 12:36:05,092 | numpy_client.py:172 | fit, FitIns(clock=18)
DEBUG flower 2021-04-08 12:36:05,092 | numpy_client.py:260 | cached_clock: 7, curr_clock: 18
INFO flower 2021-04-08 12:36:05,092 | numpy_client.py:184 | Cache is stale, return ReadIns
DEBUG flower 2021-04-08 12:36:09,595 | numpy_client.py:228 | read: ReadRes(clock=8)
DEBUG flower 2021-04-08 12:36:09,602 | numpy_client.py:172 | fit, FitIns(clock=18)
DEBUG flower 2021-04-08 12:36:09,602 | numpy_client.py:260 | cached_clock: 8, curr_clock: 18
INFO flower 2021-04-08 12:36:10,784 | numpy_client.py:205 | Cache is fresh, return FitRes(clock=18)
DEBUG flower 2021-04-08 12:36:18,683 | numpy_client.py:172 | fit, FitIns(clock=19)
DEBUG flower 2021-04-08 12:36:18,683 | numpy_client.py:260 | cached_clock: 8, curr_clock: 19
INFO flower 2021-04-08 12:36:18,683 | numpy_client.py:184 | Cache is stale, return ReadIns
DEBUG flower 2021-04-08 12:36:23,361 | numpy_client.py:228 | read: ReadRes(clock=9)
DEBUG flower 2021-04-08 12:36:23,374 | numpy_client.py:172 | fit, FitIns(clock=19)
DEBUG flower 2021-04-08 12:36:23,375 | numpy_client.py:260 | cached_clock: 9, curr_clock: 19
INFO flower 2021-04-08 12:36:24,573 | numpy_client.py:205 | Cache is fresh, return FitRes(clock=19)
DEBUG flower 2021-04-08 12:36:32,494 | numpy_client.py:172 | fit, FitIns(clock=20)
DEBUG flower 2021-04-08 12:36:32,495 | numpy_client.py:260 | cached_clock: 9, curr_clock: 20
INFO flower 2021-04-08 12:36:32,495 | numpy_client.py:184 | Cache is stale, return ReadIns
DEBUG flower 2021-04-08 12:36:37,358 | numpy_client.py:228 | read: ReadRes(clock=10)
DEBUG flower 2021-04-08 12:36:37,366 | numpy_client.py:172 | fit, FitIns(clock=20)
DEBUG flower 2021-04-08 12:36:37,366 | numpy_client.py:260 | cached_clock: 10, curr_clock: 20
INFO flower 2021-04-08 12:36:38,576 | numpy_client.py:205 | Cache is fresh, return FitRes(clock=20)
DEBUG flower 2021-04-08 12:36:46,213 | numpy_client.py:172 | fit, FitIns(clock=21)
DEBUG flower 2021-04-08 12:36:46,213 | numpy_client.py:260 | cached_clock: 10, curr_clock: 21
INFO flower 2021-04-08 12:36:46,213 | numpy_client.py:184 | Cache is stale, return ReadIns
DEBUG flower 2021-04-08 12:36:50,906 | numpy_client.py:228 | read: ReadRes(clock=11)
DEBUG flower 2021-04-08 12:36:50,913 | numpy_client.py:172 | fit, FitIns(clock=21)
DEBUG flower 2021-04-08 12:36:50,913 | numpy_client.py:260 | cached_clock: 11, curr_clock: 21
INFO flower 2021-04-08 12:36:51,988 | numpy_client.py:205 | Cache is fresh, return FitRes(clock=21)
DEBUG flower 2021-04-08 12:37:00,088 | numpy_client.py:172 | fit, FitIns(clock=22)
DEBUG flower 2021-04-08 12:37:00,089 | numpy_client.py:260 | cached_clock: 11, curr_clock: 22
INFO flower 2021-04-08 12:37:00,089 | numpy_client.py:184 | Cache is stale, return ReadIns
DEBUG flower 2021-04-08 12:37:04,942 | numpy_client.py:228 | read: ReadRes(clock=12)
DEBUG flower 2021-04-08 12:37:04,949 | numpy_client.py:172 | fit, FitIns(clock=22)
DEBUG flower 2021-04-08 12:37:04,949 | numpy_client.py:260 | cached_clock: 12, curr_clock: 22
INFO flower 2021-04-08 12:37:06,090 | numpy_client.py:205 | Cache is fresh, return FitRes(clock=22)
DEBUG flower 2021-04-08 12:37:13,375 | numpy_client.py:172 | fit, FitIns(clock=23)
DEBUG flower 2021-04-08 12:37:13,375 | numpy_client.py:260 | cached_clock: 12, curr_clock: 23
INFO flower 2021-04-08 12:37:13,375 | numpy_client.py:184 | Cache is stale, return ReadIns
DEBUG flower 2021-04-08 12:37:18,153 | numpy_client.py:228 | read: ReadRes(clock=13)
DEBUG flower 2021-04-08 12:37:18,160 | numpy_client.py:172 | fit, FitIns(clock=23)
DEBUG flower 2021-04-08 12:37:18,160 | numpy_client.py:260 | cached_clock: 13, curr_clock: 23
INFO flower 2021-04-08 12:37:19,305 | numpy_client.py:205 | Cache is fresh, return FitRes(clock=23)
DEBUG flower 2021-04-08 12:37:27,112 | numpy_client.py:172 | fit, FitIns(clock=24)
DEBUG flower 2021-04-08 12:37:27,112 | numpy_client.py:260 | cached_clock: 13, curr_clock: 24
INFO flower 2021-04-08 12:37:27,112 | numpy_client.py:184 | Cache is stale, return ReadIns
DEBUG flower 2021-04-08 12:37:31,837 | numpy_client.py:228 | read: ReadRes(clock=14)
DEBUG flower 2021-04-08 12:37:31,844 | numpy_client.py:172 | fit, FitIns(clock=24)
DEBUG flower 2021-04-08 12:37:31,844 | numpy_client.py:260 | cached_clock: 14, curr_clock: 24
INFO flower 2021-04-08 12:37:32,983 | numpy_client.py:205 | Cache is fresh, return FitRes(clock=24)
DEBUG flower 2021-04-08 12:37:40,897 | numpy_client.py:172 | fit, FitIns(clock=25)
DEBUG flower 2021-04-08 12:37:40,897 | numpy_client.py:260 | cached_clock: 14, curr_clock: 25
INFO flower 2021-04-08 12:37:40,897 | numpy_client.py:184 | Cache is stale, return ReadIns
DEBUG flower 2021-04-08 12:37:45,662 | numpy_client.py:228 | read: ReadRes(clock=15)
DEBUG flower 2021-04-08 12:37:45,669 | numpy_client.py:172 | fit, FitIns(clock=25)
DEBUG flower 2021-04-08 12:37:45,670 | numpy_client.py:260 | cached_clock: 15, curr_clock: 25
INFO flower 2021-04-08 12:37:46,810 | numpy_client.py:205 | Cache is fresh, return FitRes(clock=25)
DEBUG flower 2021-04-08 12:37:54,535 | numpy_client.py:172 | fit, FitIns(clock=26)
DEBUG flower 2021-04-08 12:37:54,535 | numpy_client.py:260 | cached_clock: 15, curr_clock: 26
INFO flower 2021-04-08 12:37:54,535 | numpy_client.py:184 | Cache is stale, return ReadIns
DEBUG flower 2021-04-08 12:37:59,307 | numpy_client.py:228 | read: ReadRes(clock=16)
DEBUG flower 2021-04-08 12:37:59,314 | numpy_client.py:172 | fit, FitIns(clock=26)
DEBUG flower 2021-04-08 12:37:59,314 | numpy_client.py:260 | cached_clock: 16, curr_clock: 26
INFO flower 2021-04-08 12:38:00,398 | numpy_client.py:205 | Cache is fresh, return FitRes(clock=26)
DEBUG flower 2021-04-08 12:38:08,200 | numpy_client.py:172 | fit, FitIns(clock=27)
DEBUG flower 2021-04-08 12:38:08,201 | numpy_client.py:260 | cached_clock: 16, curr_clock: 27
INFO flower 2021-04-08 12:38:08,201 | numpy_client.py:184 | Cache is stale, return ReadIns
DEBUG flower 2021-04-08 12:38:13,028 | numpy_client.py:228 | read: ReadRes(clock=17)
DEBUG flower 2021-04-08 12:38:13,036 | numpy_client.py:172 | fit, FitIns(clock=27)
DEBUG flower 2021-04-08 12:38:13,036 | numpy_client.py:260 | cached_clock: 17, curr_clock: 27
INFO flower 2021-04-08 12:38:14,201 | numpy_client.py:205 | Cache is fresh, return FitRes(clock=27)
DEBUG flower 2021-04-08 12:38:21,816 | numpy_client.py:172 | fit, FitIns(clock=28)
DEBUG flower 2021-04-08 12:38:21,816 | numpy_client.py:260 | cached_clock: 17, curr_clock: 28
INFO flower 2021-04-08 12:38:21,816 | numpy_client.py:184 | Cache is stale, return ReadIns
DEBUG flower 2021-04-08 12:38:26,550 | numpy_client.py:228 | read: ReadRes(clock=18)
DEBUG flower 2021-04-08 12:38:26,558 | numpy_client.py:172 | fit, FitIns(clock=28)
DEBUG flower 2021-04-08 12:38:26,558 | numpy_client.py:260 | cached_clock: 18, curr_clock: 28
INFO flower 2021-04-08 12:38:27,707 | numpy_client.py:205 | Cache is fresh, return FitRes(clock=28)
DEBUG flower 2021-04-08 12:38:35,208 | numpy_client.py:172 | fit, FitIns(clock=29)
DEBUG flower 2021-04-08 12:38:35,208 | numpy_client.py:260 | cached_clock: 18, curr_clock: 29
INFO flower 2021-04-08 12:38:35,209 | numpy_client.py:184 | Cache is stale, return ReadIns
DEBUG flower 2021-04-08 12:38:40,142 | numpy_client.py:228 | read: ReadRes(clock=19)
DEBUG flower 2021-04-08 12:38:40,149 | numpy_client.py:172 | fit, FitIns(clock=29)
DEBUG flower 2021-04-08 12:38:40,149 | numpy_client.py:260 | cached_clock: 19, curr_clock: 29
INFO flower 2021-04-08 12:38:41,367 | numpy_client.py:205 | Cache is fresh, return FitRes(clock=29)
DEBUG flower 2021-04-08 12:38:48,618 | numpy_client.py:172 | fit, FitIns(clock=30)
DEBUG flower 2021-04-08 12:38:48,619 | numpy_client.py:260 | cached_clock: 19, curr_clock: 30
INFO flower 2021-04-08 12:38:48,619 | numpy_client.py:184 | Cache is stale, return ReadIns
DEBUG flower 2021-04-08 12:38:53,335 | numpy_client.py:228 | read: ReadRes(clock=20)
DEBUG flower 2021-04-08 12:38:53,342 | numpy_client.py:172 | fit, FitIns(clock=30)
DEBUG flower 2021-04-08 12:38:53,342 | numpy_client.py:260 | cached_clock: 20, curr_clock: 30
INFO flower 2021-04-08 12:38:54,492 | numpy_client.py:205 | Cache is fresh, return FitRes(clock=30)
DEBUG flower 2021-04-08 12:39:02,245 | numpy_client.py:172 | fit, FitIns(clock=31)
DEBUG flower 2021-04-08 12:39:02,246 | numpy_client.py:260 | cached_clock: 20, curr_clock: 31
INFO flower 2021-04-08 12:39:02,246 | numpy_client.py:184 | Cache is stale, return ReadIns
DEBUG flower 2021-04-08 12:39:07,036 | numpy_client.py:228 | read: ReadRes(clock=21)
DEBUG flower 2021-04-08 12:39:07,043 | numpy_client.py:172 | fit, FitIns(clock=31)
DEBUG flower 2021-04-08 12:39:07,044 | numpy_client.py:260 | cached_clock: 21, curr_clock: 31
INFO flower 2021-04-08 12:39:08,206 | numpy_client.py:205 | Cache is fresh, return FitRes(clock=31)
DEBUG flower 2021-04-08 12:39:15,815 | numpy_client.py:172 | fit, FitIns(clock=32)
DEBUG flower 2021-04-08 12:39:15,815 | numpy_client.py:260 | cached_clock: 21, curr_clock: 32
INFO flower 2021-04-08 12:39:15,815 | numpy_client.py:184 | Cache is stale, return ReadIns
DEBUG flower 2021-04-08 12:39:20,672 | numpy_client.py:228 | read: ReadRes(clock=22)
DEBUG flower 2021-04-08 12:39:20,679 | numpy_client.py:172 | fit, FitIns(clock=32)
DEBUG flower 2021-04-08 12:39:20,679 | numpy_client.py:260 | cached_clock: 22, curr_clock: 32
INFO flower 2021-04-08 12:39:21,865 | numpy_client.py:205 | Cache is fresh, return FitRes(clock=32)
DEBUG flower 2021-04-08 12:39:30,006 | numpy_client.py:172 | fit, FitIns(clock=33)
DEBUG flower 2021-04-08 12:39:30,006 | numpy_client.py:260 | cached_clock: 22, curr_clock: 33
INFO flower 2021-04-08 12:39:30,006 | numpy_client.py:184 | Cache is stale, return ReadIns
DEBUG flower 2021-04-08 12:39:34,981 | numpy_client.py:228 | read: ReadRes(clock=23)
DEBUG flower 2021-04-08 12:39:34,988 | numpy_client.py:172 | fit, FitIns(clock=33)
DEBUG flower 2021-04-08 12:39:34,988 | numpy_client.py:260 | cached_clock: 23, curr_clock: 33
INFO flower 2021-04-08 12:39:36,071 | numpy_client.py:205 | Cache is fresh, return FitRes(clock=33)
DEBUG flower 2021-04-08 12:39:43,670 | numpy_client.py:172 | fit, FitIns(clock=34)
DEBUG flower 2021-04-08 12:39:43,671 | numpy_client.py:260 | cached_clock: 23, curr_clock: 34
INFO flower 2021-04-08 12:39:43,671 | numpy_client.py:184 | Cache is stale, return ReadIns
DEBUG flower 2021-04-08 12:39:48,429 | numpy_client.py:228 | read: ReadRes(clock=24)
DEBUG flower 2021-04-08 12:39:48,437 | numpy_client.py:172 | fit, FitIns(clock=34)
DEBUG flower 2021-04-08 12:39:48,437 | numpy_client.py:260 | cached_clock: 24, curr_clock: 34
INFO flower 2021-04-08 12:39:49,509 | numpy_client.py:205 | Cache is fresh, return FitRes(clock=34)
DEBUG flower 2021-04-08 12:39:57,314 | numpy_client.py:172 | fit, FitIns(clock=35)
DEBUG flower 2021-04-08 12:39:57,314 | numpy_client.py:260 | cached_clock: 24, curr_clock: 35
INFO flower 2021-04-08 12:39:57,314 | numpy_client.py:184 | Cache is stale, return ReadIns
DEBUG flower 2021-04-08 12:40:02,135 | numpy_client.py:228 | read: ReadRes(clock=25)
DEBUG flower 2021-04-08 12:40:02,142 | numpy_client.py:172 | fit, FitIns(clock=35)
DEBUG flower 2021-04-08 12:40:02,142 | numpy_client.py:260 | cached_clock: 25, curr_clock: 35
INFO flower 2021-04-08 12:40:03,265 | numpy_client.py:205 | Cache is fresh, return FitRes(clock=35)
DEBUG flower 2021-04-08 12:40:11,889 | numpy_client.py:172 | fit, FitIns(clock=36)
DEBUG flower 2021-04-08 12:40:11,889 | numpy_client.py:260 | cached_clock: 25, curr_clock: 36
INFO flower 2021-04-08 12:40:11,890 | numpy_client.py:184 | Cache is stale, return ReadIns
DEBUG flower 2021-04-08 12:40:16,644 | numpy_client.py:228 | read: ReadRes(clock=26)
DEBUG flower 2021-04-08 12:40:16,652 | numpy_client.py:172 | fit, FitIns(clock=36)
DEBUG flower 2021-04-08 12:40:16,652 | numpy_client.py:260 | cached_clock: 26, curr_clock: 36
INFO flower 2021-04-08 12:40:17,699 | numpy_client.py:205 | Cache is fresh, return FitRes(clock=36)
DEBUG flower 2021-04-08 12:40:26,058 | numpy_client.py:172 | fit, FitIns(clock=37)
DEBUG flower 2021-04-08 12:40:26,059 | numpy_client.py:260 | cached_clock: 26, curr_clock: 37
INFO flower 2021-04-08 12:40:26,059 | numpy_client.py:184 | Cache is stale, return ReadIns
DEBUG flower 2021-04-08 12:40:30,746 | numpy_client.py:228 | read: ReadRes(clock=27)
DEBUG flower 2021-04-08 12:40:30,753 | numpy_client.py:172 | fit, FitIns(clock=37)
DEBUG flower 2021-04-08 12:40:30,753 | numpy_client.py:260 | cached_clock: 27, curr_clock: 37
INFO flower 2021-04-08 12:40:31,990 | numpy_client.py:205 | Cache is fresh, return FitRes(clock=37)
DEBUG flower 2021-04-08 12:40:40,093 | numpy_client.py:172 | fit, FitIns(clock=38)
DEBUG flower 2021-04-08 12:40:40,093 | numpy_client.py:260 | cached_clock: 27, curr_clock: 38
INFO flower 2021-04-08 12:40:40,093 | numpy_client.py:184 | Cache is stale, return ReadIns
DEBUG flower 2021-04-08 12:40:45,031 | numpy_client.py:228 | read: ReadRes(clock=28)
DEBUG flower 2021-04-08 12:40:45,038 | numpy_client.py:172 | fit, FitIns(clock=38)
DEBUG flower 2021-04-08 12:40:45,038 | numpy_client.py:260 | cached_clock: 28, curr_clock: 38
INFO flower 2021-04-08 12:40:46,174 | numpy_client.py:205 | Cache is fresh, return FitRes(clock=38)
DEBUG flower 2021-04-08 12:40:53,294 | numpy_client.py:172 | fit, FitIns(clock=39)
DEBUG flower 2021-04-08 12:40:53,294 | numpy_client.py:260 | cached_clock: 28, curr_clock: 39
INFO flower 2021-04-08 12:40:53,295 | numpy_client.py:184 | Cache is stale, return ReadIns
DEBUG flower 2021-04-08 12:40:57,917 | numpy_client.py:228 | read: ReadRes(clock=29)
DEBUG flower 2021-04-08 12:40:57,924 | numpy_client.py:172 | fit, FitIns(clock=39)
DEBUG flower 2021-04-08 12:40:57,924 | numpy_client.py:260 | cached_clock: 29, curr_clock: 39
INFO flower 2021-04-08 12:40:59,069 | numpy_client.py:205 | Cache is fresh, return FitRes(clock=39)
DEBUG flower 2021-04-08 12:41:06,750 | numpy_client.py:172 | fit, FitIns(clock=40)
DEBUG flower 2021-04-08 12:41:06,751 | numpy_client.py:260 | cached_clock: 29, curr_clock: 40
INFO flower 2021-04-08 12:41:06,751 | numpy_client.py:184 | Cache is stale, return ReadIns
DEBUG flower 2021-04-08 12:41:11,510 | numpy_client.py:228 | read: ReadRes(clock=30)
DEBUG flower 2021-04-08 12:41:11,517 | numpy_client.py:172 | fit, FitIns(clock=40)
DEBUG flower 2021-04-08 12:41:11,517 | numpy_client.py:260 | cached_clock: 30, curr_clock: 40
INFO flower 2021-04-08 12:41:12,582 | numpy_client.py:205 | Cache is fresh, return FitRes(clock=40)
DEBUG flower 2021-04-08 12:41:20,422 | numpy_client.py:172 | fit, FitIns(clock=41)
DEBUG flower 2021-04-08 12:41:20,422 | numpy_client.py:260 | cached_clock: 30, curr_clock: 41
INFO flower 2021-04-08 12:41:20,422 | numpy_client.py:184 | Cache is stale, return ReadIns
DEBUG flower 2021-04-08 12:41:25,228 | numpy_client.py:228 | read: ReadRes(clock=31)
DEBUG flower 2021-04-08 12:41:25,236 | numpy_client.py:172 | fit, FitIns(clock=41)
DEBUG flower 2021-04-08 12:41:25,236 | numpy_client.py:260 | cached_clock: 31, curr_clock: 41
INFO flower 2021-04-08 12:41:26,293 | numpy_client.py:205 | Cache is fresh, return FitRes(clock=41)
DEBUG flower 2021-04-08 12:41:33,861 | numpy_client.py:172 | fit, FitIns(clock=42)
DEBUG flower 2021-04-08 12:41:33,861 | numpy_client.py:260 | cached_clock: 31, curr_clock: 42
INFO flower 2021-04-08 12:41:33,861 | numpy_client.py:184 | Cache is stale, return ReadIns
DEBUG flower 2021-04-08 12:41:38,547 | numpy_client.py:228 | read: ReadRes(clock=32)
DEBUG flower 2021-04-08 12:41:38,554 | numpy_client.py:172 | fit, FitIns(clock=42)
DEBUG flower 2021-04-08 12:41:38,554 | numpy_client.py:260 | cached_clock: 32, curr_clock: 42
INFO flower 2021-04-08 12:41:39,677 | numpy_client.py:205 | Cache is fresh, return FitRes(clock=42)
DEBUG flower 2021-04-08 12:41:47,559 | numpy_client.py:172 | fit, FitIns(clock=43)
DEBUG flower 2021-04-08 12:41:47,559 | numpy_client.py:260 | cached_clock: 32, curr_clock: 43
INFO flower 2021-04-08 12:41:47,559 | numpy_client.py:184 | Cache is stale, return ReadIns
DEBUG flower 2021-04-08 12:41:52,284 | numpy_client.py:228 | read: ReadRes(clock=33)
DEBUG flower 2021-04-08 12:41:52,291 | numpy_client.py:172 | fit, FitIns(clock=43)
DEBUG flower 2021-04-08 12:41:52,291 | numpy_client.py:260 | cached_clock: 33, curr_clock: 43
INFO flower 2021-04-08 12:41:53,373 | numpy_client.py:205 | Cache is fresh, return FitRes(clock=43)
DEBUG flower 2021-04-08 12:42:01,252 | numpy_client.py:172 | fit, FitIns(clock=44)
DEBUG flower 2021-04-08 12:42:01,252 | numpy_client.py:260 | cached_clock: 33, curr_clock: 44
INFO flower 2021-04-08 12:42:01,253 | numpy_client.py:184 | Cache is stale, return ReadIns
DEBUG flower 2021-04-08 12:42:06,157 | numpy_client.py:228 | read: ReadRes(clock=34)
DEBUG flower 2021-04-08 12:42:06,164 | numpy_client.py:172 | fit, FitIns(clock=44)
DEBUG flower 2021-04-08 12:42:06,164 | numpy_client.py:260 | cached_clock: 34, curr_clock: 44
INFO flower 2021-04-08 12:42:07,295 | numpy_client.py:205 | Cache is fresh, return FitRes(clock=44)
DEBUG flower 2021-04-08 12:42:15,069 | numpy_client.py:172 | fit, FitIns(clock=45)
DEBUG flower 2021-04-08 12:42:15,069 | numpy_client.py:260 | cached_clock: 34, curr_clock: 45
INFO flower 2021-04-08 12:42:15,069 | numpy_client.py:184 | Cache is stale, return ReadIns
DEBUG flower 2021-04-08 12:42:19,820 | numpy_client.py:228 | read: ReadRes(clock=35)
DEBUG flower 2021-04-08 12:42:19,827 | numpy_client.py:172 | fit, FitIns(clock=45)
DEBUG flower 2021-04-08 12:42:19,827 | numpy_client.py:260 | cached_clock: 35, curr_clock: 45
INFO flower 2021-04-08 12:42:20,968 | numpy_client.py:205 | Cache is fresh, return FitRes(clock=45)
DEBUG flower 2021-04-08 12:42:28,668 | numpy_client.py:172 | fit, FitIns(clock=46)
DEBUG flower 2021-04-08 12:42:28,669 | numpy_client.py:260 | cached_clock: 35, curr_clock: 46
INFO flower 2021-04-08 12:42:28,669 | numpy_client.py:184 | Cache is stale, return ReadIns
DEBUG flower 2021-04-08 12:42:33,439 | numpy_client.py:228 | read: ReadRes(clock=36)
DEBUG flower 2021-04-08 12:42:33,446 | numpy_client.py:172 | fit, FitIns(clock=46)
DEBUG flower 2021-04-08 12:42:33,446 | numpy_client.py:260 | cached_clock: 36, curr_clock: 46
INFO flower 2021-04-08 12:42:34,675 | numpy_client.py:205 | Cache is fresh, return FitRes(clock=46)
DEBUG flower 2021-04-08 12:42:42,396 | numpy_client.py:172 | fit, FitIns(clock=47)
DEBUG flower 2021-04-08 12:42:42,396 | numpy_client.py:260 | cached_clock: 36, curr_clock: 47
INFO flower 2021-04-08 12:42:42,396 | numpy_client.py:184 | Cache is stale, return ReadIns
DEBUG flower 2021-04-08 12:42:47,258 | numpy_client.py:228 | read: ReadRes(clock=37)
DEBUG flower 2021-04-08 12:42:47,265 | numpy_client.py:172 | fit, FitIns(clock=47)
DEBUG flower 2021-04-08 12:42:47,265 | numpy_client.py:260 | cached_clock: 37, curr_clock: 47
INFO flower 2021-04-08 12:42:48,467 | numpy_client.py:205 | Cache is fresh, return FitRes(clock=47)
DEBUG flower 2021-04-08 12:42:55,909 | numpy_client.py:172 | fit, FitIns(clock=48)
DEBUG flower 2021-04-08 12:42:55,910 | numpy_client.py:260 | cached_clock: 37, curr_clock: 48
INFO flower 2021-04-08 12:42:55,910 | numpy_client.py:184 | Cache is stale, return ReadIns
DEBUG flower 2021-04-08 12:43:00,578 | numpy_client.py:228 | read: ReadRes(clock=38)
DEBUG flower 2021-04-08 12:43:00,585 | numpy_client.py:172 | fit, FitIns(clock=48)
DEBUG flower 2021-04-08 12:43:00,585 | numpy_client.py:260 | cached_clock: 38, curr_clock: 48
INFO flower 2021-04-08 12:43:01,799 | numpy_client.py:205 | Cache is fresh, return FitRes(clock=48)
DEBUG flower 2021-04-08 12:43:09,409 | numpy_client.py:172 | fit, FitIns(clock=49)
DEBUG flower 2021-04-08 12:43:09,409 | numpy_client.py:260 | cached_clock: 38, curr_clock: 49
INFO flower 2021-04-08 12:43:09,409 | numpy_client.py:184 | Cache is stale, return ReadIns
DEBUG flower 2021-04-08 12:43:14,150 | numpy_client.py:228 | read: ReadRes(clock=39)
DEBUG flower 2021-04-08 12:43:14,159 | numpy_client.py:172 | fit, FitIns(clock=49)
DEBUG flower 2021-04-08 12:43:14,160 | numpy_client.py:260 | cached_clock: 39, curr_clock: 49
INFO flower 2021-04-08 12:43:15,370 | numpy_client.py:205 | Cache is fresh, return FitRes(clock=49)
DEBUG flower 2021-04-08 12:43:23,346 | numpy_client.py:172 | fit, FitIns(clock=50)
DEBUG flower 2021-04-08 12:43:23,347 | numpy_client.py:260 | cached_clock: 39, curr_clock: 50
INFO flower 2021-04-08 12:43:23,347 | numpy_client.py:184 | Cache is stale, return ReadIns
DEBUG flower 2021-04-08 12:43:28,140 | numpy_client.py:228 | read: ReadRes(clock=40)
DEBUG flower 2021-04-08 12:43:28,147 | numpy_client.py:172 | fit, FitIns(clock=50)
DEBUG flower 2021-04-08 12:43:28,147 | numpy_client.py:260 | cached_clock: 40, curr_clock: 50
INFO flower 2021-04-08 12:43:29,301 | numpy_client.py:205 | Cache is fresh, return FitRes(clock=50)
DEBUG flower 2021-04-08 12:43:36,664 | numpy_client.py:172 | fit, FitIns(clock=51)
DEBUG flower 2021-04-08 12:43:36,664 | numpy_client.py:260 | cached_clock: 40, curr_clock: 51
INFO flower 2021-04-08 12:43:36,664 | numpy_client.py:184 | Cache is stale, return ReadIns
DEBUG flower 2021-04-08 12:43:41,485 | numpy_client.py:228 | read: ReadRes(clock=41)
DEBUG flower 2021-04-08 12:43:41,493 | numpy_client.py:172 | fit, FitIns(clock=51)
DEBUG flower 2021-04-08 12:43:41,493 | numpy_client.py:260 | cached_clock: 41, curr_clock: 51
INFO flower 2021-04-08 12:43:42,602 | numpy_client.py:205 | Cache is fresh, return FitRes(clock=51)
DEBUG flower 2021-04-08 12:43:50,361 | numpy_client.py:172 | fit, FitIns(clock=52)
DEBUG flower 2021-04-08 12:43:50,361 | numpy_client.py:260 | cached_clock: 41, curr_clock: 52
INFO flower 2021-04-08 12:43:50,361 | numpy_client.py:184 | Cache is stale, return ReadIns
DEBUG flower 2021-04-08 12:43:54,887 | numpy_client.py:228 | read: ReadRes(clock=42)
DEBUG flower 2021-04-08 12:43:54,895 | numpy_client.py:172 | fit, FitIns(clock=52)
DEBUG flower 2021-04-08 12:43:54,895 | numpy_client.py:260 | cached_clock: 42, curr_clock: 52
INFO flower 2021-04-08 12:43:55,979 | numpy_client.py:205 | Cache is fresh, return FitRes(clock=52)
DEBUG flower 2021-04-08 12:44:04,862 | numpy_client.py:172 | fit, FitIns(clock=53)
DEBUG flower 2021-04-08 12:44:04,862 | numpy_client.py:260 | cached_clock: 42, curr_clock: 53
INFO flower 2021-04-08 12:44:04,862 | numpy_client.py:184 | Cache is stale, return ReadIns
DEBUG flower 2021-04-08 12:44:09,944 | numpy_client.py:228 | read: ReadRes(clock=43)
DEBUG flower 2021-04-08 12:44:09,951 | numpy_client.py:172 | fit, FitIns(clock=53)
DEBUG flower 2021-04-08 12:44:09,951 | numpy_client.py:260 | cached_clock: 43, curr_clock: 53
INFO flower 2021-04-08 12:44:10,890 | numpy_client.py:205 | Cache is fresh, return FitRes(clock=53)
DEBUG flower 2021-04-08 12:44:18,631 | numpy_client.py:172 | fit, FitIns(clock=54)
DEBUG flower 2021-04-08 12:44:18,631 | numpy_client.py:260 | cached_clock: 43, curr_clock: 54
INFO flower 2021-04-08 12:44:18,631 | numpy_client.py:184 | Cache is stale, return ReadIns
DEBUG flower 2021-04-08 12:44:23,429 | numpy_client.py:228 | read: ReadRes(clock=44)
DEBUG flower 2021-04-08 12:44:23,436 | numpy_client.py:172 | fit, FitIns(clock=54)
DEBUG flower 2021-04-08 12:44:23,436 | numpy_client.py:260 | cached_clock: 44, curr_clock: 54
INFO flower 2021-04-08 12:44:24,496 | numpy_client.py:205 | Cache is fresh, return FitRes(clock=54)
DEBUG flower 2021-04-08 12:44:32,255 | numpy_client.py:172 | fit, FitIns(clock=55)
DEBUG flower 2021-04-08 12:44:32,255 | numpy_client.py:260 | cached_clock: 44, curr_clock: 55
INFO flower 2021-04-08 12:44:32,255 | numpy_client.py:184 | Cache is stale, return ReadIns
DEBUG flower 2021-04-08 12:44:37,010 | numpy_client.py:228 | read: ReadRes(clock=45)
DEBUG flower 2021-04-08 12:44:37,017 | numpy_client.py:172 | fit, FitIns(clock=55)
DEBUG flower 2021-04-08 12:44:37,017 | numpy_client.py:260 | cached_clock: 45, curr_clock: 55
INFO flower 2021-04-08 12:44:37,995 | numpy_client.py:205 | Cache is fresh, return FitRes(clock=55)
DEBUG flower 2021-04-08 12:44:45,683 | numpy_client.py:172 | fit, FitIns(clock=56)
DEBUG flower 2021-04-08 12:44:45,684 | numpy_client.py:260 | cached_clock: 45, curr_clock: 56
INFO flower 2021-04-08 12:44:45,684 | numpy_client.py:184 | Cache is stale, return ReadIns
DEBUG flower 2021-04-08 12:44:50,426 | numpy_client.py:228 | read: ReadRes(clock=46)
DEBUG flower 2021-04-08 12:44:50,434 | numpy_client.py:172 | fit, FitIns(clock=56)
DEBUG flower 2021-04-08 12:44:50,434 | numpy_client.py:260 | cached_clock: 46, curr_clock: 56
INFO flower 2021-04-08 12:44:51,389 | numpy_client.py:205 | Cache is fresh, return FitRes(clock=56)
DEBUG flower 2021-04-08 12:45:00,245 | numpy_client.py:172 | fit, FitIns(clock=57)
DEBUG flower 2021-04-08 12:45:00,245 | numpy_client.py:260 | cached_clock: 46, curr_clock: 57
INFO flower 2021-04-08 12:45:00,245 | numpy_client.py:184 | Cache is stale, return ReadIns
DEBUG flower 2021-04-08 12:45:05,250 | numpy_client.py:228 | read: ReadRes(clock=47)
DEBUG flower 2021-04-08 12:45:05,257 | numpy_client.py:172 | fit, FitIns(clock=57)
DEBUG flower 2021-04-08 12:45:05,258 | numpy_client.py:260 | cached_clock: 47, curr_clock: 57
INFO flower 2021-04-08 12:45:06,291 | numpy_client.py:205 | Cache is fresh, return FitRes(clock=57)
DEBUG flower 2021-04-08 12:45:14,068 | numpy_client.py:172 | fit, FitIns(clock=58)
DEBUG flower 2021-04-08 12:45:14,068 | numpy_client.py:260 | cached_clock: 47, curr_clock: 58
INFO flower 2021-04-08 12:45:14,068 | numpy_client.py:184 | Cache is stale, return ReadIns
DEBUG flower 2021-04-08 12:45:18,820 | numpy_client.py:228 | read: ReadRes(clock=48)
DEBUG flower 2021-04-08 12:45:18,827 | numpy_client.py:172 | fit, FitIns(clock=58)
DEBUG flower 2021-04-08 12:45:18,827 | numpy_client.py:260 | cached_clock: 48, curr_clock: 58
INFO flower 2021-04-08 12:45:19,876 | numpy_client.py:205 | Cache is fresh, return FitRes(clock=58)
DEBUG flower 2021-04-08 12:45:27,383 | numpy_client.py:172 | fit, FitIns(clock=59)
DEBUG flower 2021-04-08 12:45:27,383 | numpy_client.py:260 | cached_clock: 48, curr_clock: 59
INFO flower 2021-04-08 12:45:27,383 | numpy_client.py:184 | Cache is stale, return ReadIns
DEBUG flower 2021-04-08 12:45:32,068 | numpy_client.py:228 | read: ReadRes(clock=49)
DEBUG flower 2021-04-08 12:45:32,075 | numpy_client.py:172 | fit, FitIns(clock=59)
DEBUG flower 2021-04-08 12:45:32,075 | numpy_client.py:260 | cached_clock: 49, curr_clock: 59
INFO flower 2021-04-08 12:45:33,203 | numpy_client.py:205 | Cache is fresh, return FitRes(clock=59)
DEBUG flower 2021-04-08 12:45:41,828 | numpy_client.py:172 | fit, FitIns(clock=60)
DEBUG flower 2021-04-08 12:45:41,828 | numpy_client.py:260 | cached_clock: 49, curr_clock: 60
INFO flower 2021-04-08 12:45:41,829 | numpy_client.py:184 | Cache is stale, return ReadIns
DEBUG flower 2021-04-08 12:45:46,712 | numpy_client.py:228 | read: ReadRes(clock=50)
DEBUG flower 2021-04-08 12:45:46,720 | numpy_client.py:172 | fit, FitIns(clock=60)
DEBUG flower 2021-04-08 12:45:46,720 | numpy_client.py:260 | cached_clock: 50, curr_clock: 60
INFO flower 2021-04-08 12:45:47,768 | numpy_client.py:205 | Cache is fresh, return FitRes(clock=60)
DEBUG flower 2021-04-08 12:45:55,695 | numpy_client.py:172 | fit, FitIns(clock=61)
DEBUG flower 2021-04-08 12:45:55,696 | numpy_client.py:260 | cached_clock: 50, curr_clock: 61
INFO flower 2021-04-08 12:45:55,696 | numpy_client.py:184 | Cache is stale, return ReadIns
DEBUG flower 2021-04-08 12:46:00,528 | numpy_client.py:228 | read: ReadRes(clock=51)
DEBUG flower 2021-04-08 12:46:00,535 | numpy_client.py:172 | fit, FitIns(clock=61)
DEBUG flower 2021-04-08 12:46:00,535 | numpy_client.py:260 | cached_clock: 51, curr_clock: 61
INFO flower 2021-04-08 12:46:01,594 | numpy_client.py:205 | Cache is fresh, return FitRes(clock=61)
DEBUG flower 2021-04-08 12:46:09,403 | numpy_client.py:172 | fit, FitIns(clock=62)
DEBUG flower 2021-04-08 12:46:09,403 | numpy_client.py:260 | cached_clock: 51, curr_clock: 62
INFO flower 2021-04-08 12:46:09,403 | numpy_client.py:184 | Cache is stale, return ReadIns
DEBUG flower 2021-04-08 12:46:14,154 | numpy_client.py:228 | read: ReadRes(clock=52)
DEBUG flower 2021-04-08 12:46:14,161 | numpy_client.py:172 | fit, FitIns(clock=62)
DEBUG flower 2021-04-08 12:46:14,161 | numpy_client.py:260 | cached_clock: 52, curr_clock: 62
INFO flower 2021-04-08 12:46:15,282 | numpy_client.py:205 | Cache is fresh, return FitRes(clock=62)
DEBUG flower 2021-04-08 12:46:23,285 | numpy_client.py:172 | fit, FitIns(clock=63)
DEBUG flower 2021-04-08 12:46:23,285 | numpy_client.py:260 | cached_clock: 52, curr_clock: 63
INFO flower 2021-04-08 12:46:23,285 | numpy_client.py:184 | Cache is stale, return ReadIns
DEBUG flower 2021-04-08 12:46:28,054 | numpy_client.py:228 | read: ReadRes(clock=53)
DEBUG flower 2021-04-08 12:46:28,061 | numpy_client.py:172 | fit, FitIns(clock=63)
DEBUG flower 2021-04-08 12:46:28,061 | numpy_client.py:260 | cached_clock: 53, curr_clock: 63
INFO flower 2021-04-08 12:46:29,194 | numpy_client.py:205 | Cache is fresh, return FitRes(clock=63)
DEBUG flower 2021-04-08 12:46:36,715 | numpy_client.py:172 | fit, FitIns(clock=64)
DEBUG flower 2021-04-08 12:46:36,715 | numpy_client.py:260 | cached_clock: 53, curr_clock: 64
INFO flower 2021-04-08 12:46:36,715 | numpy_client.py:184 | Cache is stale, return ReadIns
DEBUG flower 2021-04-08 12:46:41,452 | numpy_client.py:228 | read: ReadRes(clock=54)
DEBUG flower 2021-04-08 12:46:41,459 | numpy_client.py:172 | fit, FitIns(clock=64)
DEBUG flower 2021-04-08 12:46:41,459 | numpy_client.py:260 | cached_clock: 54, curr_clock: 64
INFO flower 2021-04-08 12:46:42,582 | numpy_client.py:205 | Cache is fresh, return FitRes(clock=64)
DEBUG flower 2021-04-08 12:46:50,256 | numpy_client.py:172 | fit, FitIns(clock=65)
DEBUG flower 2021-04-08 12:46:50,257 | numpy_client.py:260 | cached_clock: 54, curr_clock: 65
INFO flower 2021-04-08 12:46:50,257 | numpy_client.py:184 | Cache is stale, return ReadIns
DEBUG flower 2021-04-08 12:46:54,835 | numpy_client.py:228 | read: ReadRes(clock=55)
DEBUG flower 2021-04-08 12:46:54,842 | numpy_client.py:172 | fit, FitIns(clock=65)
DEBUG flower 2021-04-08 12:46:54,843 | numpy_client.py:260 | cached_clock: 55, curr_clock: 65
INFO flower 2021-04-08 12:46:55,894 | numpy_client.py:205 | Cache is fresh, return FitRes(clock=65)
DEBUG flower 2021-04-08 12:47:04,056 | numpy_client.py:172 | fit, FitIns(clock=66)
DEBUG flower 2021-04-08 12:47:04,057 | numpy_client.py:260 | cached_clock: 55, curr_clock: 66
INFO flower 2021-04-08 12:47:04,057 | numpy_client.py:184 | Cache is stale, return ReadIns
DEBUG flower 2021-04-08 12:47:08,824 | numpy_client.py:228 | read: ReadRes(clock=56)
DEBUG flower 2021-04-08 12:47:08,831 | numpy_client.py:172 | fit, FitIns(clock=66)
DEBUG flower 2021-04-08 12:47:08,831 | numpy_client.py:260 | cached_clock: 56, curr_clock: 66
INFO flower 2021-04-08 12:47:09,794 | numpy_client.py:205 | Cache is fresh, return FitRes(clock=66)
DEBUG flower 2021-04-08 12:47:18,135 | numpy_client.py:172 | fit, FitIns(clock=67)
DEBUG flower 2021-04-08 12:47:18,136 | numpy_client.py:260 | cached_clock: 56, curr_clock: 67
INFO flower 2021-04-08 12:47:18,136 | numpy_client.py:184 | Cache is stale, return ReadIns
DEBUG flower 2021-04-08 12:47:22,930 | numpy_client.py:228 | read: ReadRes(clock=57)
DEBUG flower 2021-04-08 12:47:22,937 | numpy_client.py:172 | fit, FitIns(clock=67)
DEBUG flower 2021-04-08 12:47:22,938 | numpy_client.py:260 | cached_clock: 57, curr_clock: 67
INFO flower 2021-04-08 12:47:23,999 | numpy_client.py:205 | Cache is fresh, return FitRes(clock=67)
DEBUG flower 2021-04-08 12:47:31,911 | numpy_client.py:172 | fit, FitIns(clock=68)
DEBUG flower 2021-04-08 12:47:31,911 | numpy_client.py:260 | cached_clock: 57, curr_clock: 68
INFO flower 2021-04-08 12:47:31,911 | numpy_client.py:184 | Cache is stale, return ReadIns
DEBUG flower 2021-04-08 12:47:36,819 | numpy_client.py:228 | read: ReadRes(clock=58)
DEBUG flower 2021-04-08 12:47:36,827 | numpy_client.py:172 | fit, FitIns(clock=68)
DEBUG flower 2021-04-08 12:47:36,827 | numpy_client.py:260 | cached_clock: 58, curr_clock: 68
INFO flower 2021-04-08 12:47:37,792 | numpy_client.py:205 | Cache is fresh, return FitRes(clock=68)
DEBUG flower 2021-04-08 12:47:45,349 | numpy_client.py:172 | fit, FitIns(clock=69)
DEBUG flower 2021-04-08 12:47:45,349 | numpy_client.py:260 | cached_clock: 58, curr_clock: 69
INFO flower 2021-04-08 12:47:45,350 | numpy_client.py:184 | Cache is stale, return ReadIns
DEBUG flower 2021-04-08 12:47:50,334 | numpy_client.py:228 | read: ReadRes(clock=59)
DEBUG flower 2021-04-08 12:47:50,341 | numpy_client.py:172 | fit, FitIns(clock=69)
DEBUG flower 2021-04-08 12:47:50,341 | numpy_client.py:260 | cached_clock: 59, curr_clock: 69
INFO flower 2021-04-08 12:47:51,394 | numpy_client.py:205 | Cache is fresh, return FitRes(clock=69)
DEBUG flower 2021-04-08 12:47:58,916 | numpy_client.py:172 | fit, FitIns(clock=70)
DEBUG flower 2021-04-08 12:47:58,916 | numpy_client.py:260 | cached_clock: 59, curr_clock: 70
INFO flower 2021-04-08 12:47:58,916 | numpy_client.py:184 | Cache is stale, return ReadIns
DEBUG flower 2021-04-08 12:48:03,599 | numpy_client.py:228 | read: ReadRes(clock=60)
DEBUG flower 2021-04-08 12:48:03,606 | numpy_client.py:172 | fit, FitIns(clock=70)
DEBUG flower 2021-04-08 12:48:03,606 | numpy_client.py:260 | cached_clock: 60, curr_clock: 70
INFO flower 2021-04-08 12:48:04,675 | numpy_client.py:205 | Cache is fresh, return FitRes(clock=70)
DEBUG flower 2021-04-08 12:48:12,663 | numpy_client.py:172 | fit, FitIns(clock=71)
DEBUG flower 2021-04-08 12:48:12,663 | numpy_client.py:260 | cached_clock: 60, curr_clock: 71
INFO flower 2021-04-08 12:48:12,663 | numpy_client.py:184 | Cache is stale, return ReadIns
DEBUG flower 2021-04-08 12:48:17,662 | numpy_client.py:228 | read: ReadRes(clock=61)
DEBUG flower 2021-04-08 12:48:17,669 | numpy_client.py:172 | fit, FitIns(clock=71)
DEBUG flower 2021-04-08 12:48:17,669 | numpy_client.py:260 | cached_clock: 61, curr_clock: 71
INFO flower 2021-04-08 12:48:18,692 | numpy_client.py:205 | Cache is fresh, return FitRes(clock=71)
DEBUG flower 2021-04-08 12:48:26,570 | numpy_client.py:172 | fit, FitIns(clock=72)
DEBUG flower 2021-04-08 12:48:26,570 | numpy_client.py:260 | cached_clock: 61, curr_clock: 72
INFO flower 2021-04-08 12:48:26,570 | numpy_client.py:184 | Cache is stale, return ReadIns
DEBUG flower 2021-04-08 12:48:31,431 | numpy_client.py:228 | read: ReadRes(clock=62)
DEBUG flower 2021-04-08 12:48:31,438 | numpy_client.py:172 | fit, FitIns(clock=72)
DEBUG flower 2021-04-08 12:48:31,439 | numpy_client.py:260 | cached_clock: 62, curr_clock: 72
INFO flower 2021-04-08 12:48:32,581 | numpy_client.py:205 | Cache is fresh, return FitRes(clock=72)
DEBUG flower 2021-04-08 12:48:40,278 | numpy_client.py:172 | fit, FitIns(clock=73)
DEBUG flower 2021-04-08 12:48:40,278 | numpy_client.py:260 | cached_clock: 62, curr_clock: 73
INFO flower 2021-04-08 12:48:40,279 | numpy_client.py:184 | Cache is stale, return ReadIns
DEBUG flower 2021-04-08 12:48:45,132 | numpy_client.py:228 | read: ReadRes(clock=63)
DEBUG flower 2021-04-08 12:48:45,139 | numpy_client.py:172 | fit, FitIns(clock=73)
DEBUG flower 2021-04-08 12:48:45,139 | numpy_client.py:260 | cached_clock: 63, curr_clock: 73
INFO flower 2021-04-08 12:48:46,290 | numpy_client.py:205 | Cache is fresh, return FitRes(clock=73)
DEBUG flower 2021-04-08 12:48:54,160 | numpy_client.py:172 | fit, FitIns(clock=74)
DEBUG flower 2021-04-08 12:48:54,160 | numpy_client.py:260 | cached_clock: 63, curr_clock: 74
INFO flower 2021-04-08 12:48:54,161 | numpy_client.py:184 | Cache is stale, return ReadIns
DEBUG flower 2021-04-08 12:48:59,098 | numpy_client.py:228 | read: ReadRes(clock=64)
DEBUG flower 2021-04-08 12:48:59,105 | numpy_client.py:172 | fit, FitIns(clock=74)
DEBUG flower 2021-04-08 12:48:59,105 | numpy_client.py:260 | cached_clock: 64, curr_clock: 74
INFO flower 2021-04-08 12:49:00,177 | numpy_client.py:205 | Cache is fresh, return FitRes(clock=74)
DEBUG flower 2021-04-08 12:49:08,951 | numpy_client.py:172 | fit, FitIns(clock=75)
DEBUG flower 2021-04-08 12:49:08,951 | numpy_client.py:260 | cached_clock: 64, curr_clock: 75
INFO flower 2021-04-08 12:49:08,951 | numpy_client.py:184 | Cache is stale, return ReadIns
DEBUG flower 2021-04-08 12:49:13,953 | numpy_client.py:228 | read: ReadRes(clock=65)
DEBUG flower 2021-04-08 12:49:13,960 | numpy_client.py:172 | fit, FitIns(clock=75)
DEBUG flower 2021-04-08 12:49:13,961 | numpy_client.py:260 | cached_clock: 65, curr_clock: 75
INFO flower 2021-04-08 12:49:15,098 | numpy_client.py:205 | Cache is fresh, return FitRes(clock=75)
DEBUG flower 2021-04-08 12:49:22,740 | numpy_client.py:172 | fit, FitIns(clock=76)
DEBUG flower 2021-04-08 12:49:22,740 | numpy_client.py:260 | cached_clock: 65, curr_clock: 76
INFO flower 2021-04-08 12:49:22,740 | numpy_client.py:184 | Cache is stale, return ReadIns
DEBUG flower 2021-04-08 12:49:27,529 | numpy_client.py:228 | read: ReadRes(clock=66)
DEBUG flower 2021-04-08 12:49:27,537 | numpy_client.py:172 | fit, FitIns(clock=76)
DEBUG flower 2021-04-08 12:49:27,537 | numpy_client.py:260 | cached_clock: 66, curr_clock: 76
INFO flower 2021-04-08 12:49:28,694 | numpy_client.py:205 | Cache is fresh, return FitRes(clock=76)
DEBUG flower 2021-04-08 12:49:35,931 | numpy_client.py:172 | fit, FitIns(clock=77)
DEBUG flower 2021-04-08 12:49:35,931 | numpy_client.py:260 | cached_clock: 66, curr_clock: 77
INFO flower 2021-04-08 12:49:35,932 | numpy_client.py:184 | Cache is stale, return ReadIns
DEBUG flower 2021-04-08 12:49:40,738 | numpy_client.py:228 | read: ReadRes(clock=67)
DEBUG flower 2021-04-08 12:49:40,745 | numpy_client.py:172 | fit, FitIns(clock=77)
DEBUG flower 2021-04-08 12:49:40,745 | numpy_client.py:260 | cached_clock: 67, curr_clock: 77
INFO flower 2021-04-08 12:49:41,882 | numpy_client.py:205 | Cache is fresh, return FitRes(clock=77)
DEBUG flower 2021-04-08 12:49:49,094 | numpy_client.py:172 | fit, FitIns(clock=78)
DEBUG flower 2021-04-08 12:49:49,094 | numpy_client.py:260 | cached_clock: 67, curr_clock: 78
INFO flower 2021-04-08 12:49:49,094 | numpy_client.py:184 | Cache is stale, return ReadIns
DEBUG flower 2021-04-08 12:49:54,138 | numpy_client.py:228 | read: ReadRes(clock=68)
DEBUG flower 2021-04-08 12:49:54,145 | numpy_client.py:172 | fit, FitIns(clock=78)
DEBUG flower 2021-04-08 12:49:54,145 | numpy_client.py:260 | cached_clock: 68, curr_clock: 78
INFO flower 2021-04-08 12:49:55,291 | numpy_client.py:205 | Cache is fresh, return FitRes(clock=78)
DEBUG flower 2021-04-08 12:50:03,081 | numpy_client.py:172 | fit, FitIns(clock=79)
DEBUG flower 2021-04-08 12:50:03,081 | numpy_client.py:260 | cached_clock: 68, curr_clock: 79
INFO flower 2021-04-08 12:50:03,081 | numpy_client.py:184 | Cache is stale, return ReadIns
DEBUG flower 2021-04-08 12:50:07,936 | numpy_client.py:228 | read: ReadRes(clock=69)
DEBUG flower 2021-04-08 12:50:07,943 | numpy_client.py:172 | fit, FitIns(clock=79)
DEBUG flower 2021-04-08 12:50:07,943 | numpy_client.py:260 | cached_clock: 69, curr_clock: 79
INFO flower 2021-04-08 12:50:09,094 | numpy_client.py:205 | Cache is fresh, return FitRes(clock=79)
DEBUG flower 2021-04-08 12:50:16,495 | numpy_client.py:172 | fit, FitIns(clock=80)
DEBUG flower 2021-04-08 12:50:16,495 | numpy_client.py:260 | cached_clock: 69, curr_clock: 80
INFO flower 2021-04-08 12:50:16,495 | numpy_client.py:184 | Cache is stale, return ReadIns
DEBUG flower 2021-04-08 12:50:21,327 | numpy_client.py:228 | read: ReadRes(clock=70)
DEBUG flower 2021-04-08 12:50:21,334 | numpy_client.py:172 | fit, FitIns(clock=80)
DEBUG flower 2021-04-08 12:50:21,334 | numpy_client.py:260 | cached_clock: 70, curr_clock: 80
INFO flower 2021-04-08 12:50:22,503 | numpy_client.py:205 | Cache is fresh, return FitRes(clock=80)
DEBUG flower 2021-04-08 12:50:30,084 | numpy_client.py:172 | fit, FitIns(clock=81)
DEBUG flower 2021-04-08 12:50:30,084 | numpy_client.py:260 | cached_clock: 70, curr_clock: 81
INFO flower 2021-04-08 12:50:30,085 | numpy_client.py:184 | Cache is stale, return ReadIns
DEBUG flower 2021-04-08 12:50:35,061 | numpy_client.py:228 | read: ReadRes(clock=71)
DEBUG flower 2021-04-08 12:50:35,068 | numpy_client.py:172 | fit, FitIns(clock=81)
DEBUG flower 2021-04-08 12:50:35,068 | numpy_client.py:260 | cached_clock: 71, curr_clock: 81
INFO flower 2021-04-08 12:50:36,187 | numpy_client.py:205 | Cache is fresh, return FitRes(clock=81)
DEBUG flower 2021-04-08 12:50:44,147 | numpy_client.py:172 | fit, FitIns(clock=82)
DEBUG flower 2021-04-08 12:50:44,148 | numpy_client.py:260 | cached_clock: 71, curr_clock: 82
INFO flower 2021-04-08 12:50:44,148 | numpy_client.py:184 | Cache is stale, return ReadIns
DEBUG flower 2021-04-08 12:50:49,144 | numpy_client.py:228 | read: ReadRes(clock=72)
DEBUG flower 2021-04-08 12:50:49,152 | numpy_client.py:172 | fit, FitIns(clock=82)
DEBUG flower 2021-04-08 12:50:49,152 | numpy_client.py:260 | cached_clock: 72, curr_clock: 82
INFO flower 2021-04-08 12:50:50,308 | numpy_client.py:205 | Cache is fresh, return FitRes(clock=82)
DEBUG flower 2021-04-08 12:50:58,090 | numpy_client.py:172 | fit, FitIns(clock=83)
DEBUG flower 2021-04-08 12:50:58,090 | numpy_client.py:260 | cached_clock: 72, curr_clock: 83
INFO flower 2021-04-08 12:50:58,090 | numpy_client.py:184 | Cache is stale, return ReadIns
DEBUG flower 2021-04-08 12:51:02,925 | numpy_client.py:228 | read: ReadRes(clock=73)
DEBUG flower 2021-04-08 12:51:02,933 | numpy_client.py:172 | fit, FitIns(clock=83)
DEBUG flower 2021-04-08 12:51:02,933 | numpy_client.py:260 | cached_clock: 73, curr_clock: 83
INFO flower 2021-04-08 12:51:03,898 | numpy_client.py:205 | Cache is fresh, return FitRes(clock=83)
DEBUG flower 2021-04-08 12:51:12,235 | numpy_client.py:172 | fit, FitIns(clock=84)
DEBUG flower 2021-04-08 12:51:12,235 | numpy_client.py:260 | cached_clock: 73, curr_clock: 84
INFO flower 2021-04-08 12:51:12,235 | numpy_client.py:184 | Cache is stale, return ReadIns
DEBUG flower 2021-04-08 12:51:17,151 | numpy_client.py:228 | read: ReadRes(clock=74)
DEBUG flower 2021-04-08 12:51:17,159 | numpy_client.py:172 | fit, FitIns(clock=84)
DEBUG flower 2021-04-08 12:51:17,159 | numpy_client.py:260 | cached_clock: 74, curr_clock: 84
INFO flower 2021-04-08 12:51:18,271 | numpy_client.py:205 | Cache is fresh, return FitRes(clock=84)
DEBUG flower 2021-04-08 12:51:26,054 | numpy_client.py:172 | fit, FitIns(clock=85)
DEBUG flower 2021-04-08 12:51:26,054 | numpy_client.py:260 | cached_clock: 74, curr_clock: 85
INFO flower 2021-04-08 12:51:26,054 | numpy_client.py:184 | Cache is stale, return ReadIns
DEBUG flower 2021-04-08 12:51:30,844 | numpy_client.py:228 | read: ReadRes(clock=75)
DEBUG flower 2021-04-08 12:51:30,852 | numpy_client.py:172 | fit, FitIns(clock=85)
DEBUG flower 2021-04-08 12:51:30,852 | numpy_client.py:260 | cached_clock: 75, curr_clock: 85
INFO flower 2021-04-08 12:51:31,980 | numpy_client.py:205 | Cache is fresh, return FitRes(clock=85)
DEBUG flower 2021-04-08 12:51:39,866 | numpy_client.py:172 | fit, FitIns(clock=86)
DEBUG flower 2021-04-08 12:51:39,866 | numpy_client.py:260 | cached_clock: 75, curr_clock: 86
INFO flower 2021-04-08 12:51:39,867 | numpy_client.py:184 | Cache is stale, return ReadIns
DEBUG flower 2021-04-08 12:51:44,726 | numpy_client.py:228 | read: ReadRes(clock=76)
DEBUG flower 2021-04-08 12:51:44,733 | numpy_client.py:172 | fit, FitIns(clock=86)
DEBUG flower 2021-04-08 12:51:44,734 | numpy_client.py:260 | cached_clock: 76, curr_clock: 86
INFO flower 2021-04-08 12:51:45,873 | numpy_client.py:205 | Cache is fresh, return FitRes(clock=86)
DEBUG flower 2021-04-08 12:51:53,474 | numpy_client.py:172 | fit, FitIns(clock=87)
DEBUG flower 2021-04-08 12:51:53,474 | numpy_client.py:260 | cached_clock: 76, curr_clock: 87
INFO flower 2021-04-08 12:51:53,474 | numpy_client.py:184 | Cache is stale, return ReadIns
DEBUG flower 2021-04-08 12:51:58,323 | numpy_client.py:228 | read: ReadRes(clock=77)
DEBUG flower 2021-04-08 12:51:58,330 | numpy_client.py:172 | fit, FitIns(clock=87)
DEBUG flower 2021-04-08 12:51:58,330 | numpy_client.py:260 | cached_clock: 77, curr_clock: 87
INFO flower 2021-04-08 12:51:59,386 | numpy_client.py:205 | Cache is fresh, return FitRes(clock=87)
DEBUG flower 2021-04-08 12:52:07,364 | numpy_client.py:172 | fit, FitIns(clock=88)
DEBUG flower 2021-04-08 12:52:07,365 | numpy_client.py:260 | cached_clock: 77, curr_clock: 88
INFO flower 2021-04-08 12:52:07,365 | numpy_client.py:184 | Cache is stale, return ReadIns
DEBUG flower 2021-04-08 12:52:12,154 | numpy_client.py:228 | read: ReadRes(clock=78)
DEBUG flower 2021-04-08 12:52:12,161 | numpy_client.py:172 | fit, FitIns(clock=88)
DEBUG flower 2021-04-08 12:52:12,161 | numpy_client.py:260 | cached_clock: 78, curr_clock: 88
INFO flower 2021-04-08 12:52:13,368 | numpy_client.py:205 | Cache is fresh, return FitRes(clock=88)
DEBUG flower 2021-04-08 12:52:21,051 | numpy_client.py:172 | fit, FitIns(clock=89)
DEBUG flower 2021-04-08 12:52:21,051 | numpy_client.py:260 | cached_clock: 78, curr_clock: 89
INFO flower 2021-04-08 12:52:21,051 | numpy_client.py:184 | Cache is stale, return ReadIns
DEBUG flower 2021-04-08 12:52:26,023 | numpy_client.py:228 | read: ReadRes(clock=79)
DEBUG flower 2021-04-08 12:52:26,031 | numpy_client.py:172 | fit, FitIns(clock=89)
DEBUG flower 2021-04-08 12:52:26,031 | numpy_client.py:260 | cached_clock: 79, curr_clock: 89
INFO flower 2021-04-08 12:52:27,096 | numpy_client.py:205 | Cache is fresh, return FitRes(clock=89)
DEBUG flower 2021-04-08 12:52:34,879 | numpy_client.py:172 | fit, FitIns(clock=90)
DEBUG flower 2021-04-08 12:52:34,879 | numpy_client.py:260 | cached_clock: 79, curr_clock: 90
INFO flower 2021-04-08 12:52:34,879 | numpy_client.py:184 | Cache is stale, return ReadIns
DEBUG flower 2021-04-08 12:52:39,497 | numpy_client.py:228 | read: ReadRes(clock=80)
DEBUG flower 2021-04-08 12:52:39,504 | numpy_client.py:172 | fit, FitIns(clock=90)
DEBUG flower 2021-04-08 12:52:39,504 | numpy_client.py:260 | cached_clock: 80, curr_clock: 90
INFO flower 2021-04-08 12:52:40,593 | numpy_client.py:205 | Cache is fresh, return FitRes(clock=90)
DEBUG flower 2021-04-08 12:52:48,147 | numpy_client.py:172 | fit, FitIns(clock=91)
DEBUG flower 2021-04-08 12:52:48,147 | numpy_client.py:260 | cached_clock: 80, curr_clock: 91
INFO flower 2021-04-08 12:52:48,147 | numpy_client.py:184 | Cache is stale, return ReadIns
DEBUG flower 2021-04-08 12:52:53,119 | numpy_client.py:228 | read: ReadRes(clock=81)
DEBUG flower 2021-04-08 12:52:53,125 | numpy_client.py:172 | fit, FitIns(clock=91)
DEBUG flower 2021-04-08 12:52:53,125 | numpy_client.py:260 | cached_clock: 81, curr_clock: 91
INFO flower 2021-04-08 12:52:54,197 | numpy_client.py:205 | Cache is fresh, return FitRes(clock=91)
DEBUG flower 2021-04-08 12:53:02,098 | numpy_client.py:172 | fit, FitIns(clock=92)
DEBUG flower 2021-04-08 12:53:02,098 | numpy_client.py:260 | cached_clock: 81, curr_clock: 92
INFO flower 2021-04-08 12:53:02,099 | numpy_client.py:184 | Cache is stale, return ReadIns
DEBUG flower 2021-04-08 12:53:07,074 | numpy_client.py:228 | read: ReadRes(clock=82)
DEBUG flower 2021-04-08 12:53:07,081 | numpy_client.py:172 | fit, FitIns(clock=92)
DEBUG flower 2021-04-08 12:53:07,081 | numpy_client.py:260 | cached_clock: 82, curr_clock: 92
INFO flower 2021-04-08 12:53:08,199 | numpy_client.py:205 | Cache is fresh, return FitRes(clock=92)
DEBUG flower 2021-04-08 12:53:17,648 | numpy_client.py:172 | fit, FitIns(clock=93)
DEBUG flower 2021-04-08 12:53:17,648 | numpy_client.py:260 | cached_clock: 82, curr_clock: 93
INFO flower 2021-04-08 12:53:17,648 | numpy_client.py:184 | Cache is stale, return ReadIns
DEBUG flower 2021-04-08 12:53:22,382 | numpy_client.py:228 | read: ReadRes(clock=83)
DEBUG flower 2021-04-08 12:53:22,390 | numpy_client.py:172 | fit, FitIns(clock=93)
DEBUG flower 2021-04-08 12:53:22,390 | numpy_client.py:260 | cached_clock: 83, curr_clock: 93
INFO flower 2021-04-08 12:53:23,567 | numpy_client.py:205 | Cache is fresh, return FitRes(clock=93)
DEBUG flower 2021-04-08 12:53:31,478 | numpy_client.py:172 | fit, FitIns(clock=94)
DEBUG flower 2021-04-08 12:53:31,478 | numpy_client.py:260 | cached_clock: 83, curr_clock: 94
INFO flower 2021-04-08 12:53:31,478 | numpy_client.py:184 | Cache is stale, return ReadIns
DEBUG flower 2021-04-08 12:53:36,444 | numpy_client.py:228 | read: ReadRes(clock=84)
DEBUG flower 2021-04-08 12:53:36,451 | numpy_client.py:172 | fit, FitIns(clock=94)
DEBUG flower 2021-04-08 12:53:36,451 | numpy_client.py:260 | cached_clock: 84, curr_clock: 94
INFO flower 2021-04-08 12:53:37,596 | numpy_client.py:205 | Cache is fresh, return FitRes(clock=94)
DEBUG flower 2021-04-08 12:53:45,711 | numpy_client.py:172 | fit, FitIns(clock=95)
DEBUG flower 2021-04-08 12:53:45,711 | numpy_client.py:260 | cached_clock: 84, curr_clock: 95
INFO flower 2021-04-08 12:53:45,712 | numpy_client.py:184 | Cache is stale, return ReadIns
DEBUG flower 2021-04-08 12:53:50,620 | numpy_client.py:228 | read: ReadRes(clock=85)
DEBUG flower 2021-04-08 12:53:50,628 | numpy_client.py:172 | fit, FitIns(clock=95)
DEBUG flower 2021-04-08 12:53:50,628 | numpy_client.py:260 | cached_clock: 85, curr_clock: 95
INFO flower 2021-04-08 12:53:51,788 | numpy_client.py:205 | Cache is fresh, return FitRes(clock=95)
DEBUG flower 2021-04-08 12:53:59,211 | numpy_client.py:172 | fit, FitIns(clock=96)
DEBUG flower 2021-04-08 12:53:59,211 | numpy_client.py:260 | cached_clock: 85, curr_clock: 96
INFO flower 2021-04-08 12:53:59,211 | numpy_client.py:184 | Cache is stale, return ReadIns
DEBUG flower 2021-04-08 12:54:03,979 | numpy_client.py:228 | read: ReadRes(clock=86)
DEBUG flower 2021-04-08 12:54:03,986 | numpy_client.py:172 | fit, FitIns(clock=96)
DEBUG flower 2021-04-08 12:54:03,986 | numpy_client.py:260 | cached_clock: 86, curr_clock: 96
INFO flower 2021-04-08 12:54:05,087 | numpy_client.py:205 | Cache is fresh, return FitRes(clock=96)
DEBUG flower 2021-04-08 12:54:12,753 | numpy_client.py:172 | fit, FitIns(clock=97)
DEBUG flower 2021-04-08 12:54:12,753 | numpy_client.py:260 | cached_clock: 86, curr_clock: 97
INFO flower 2021-04-08 12:54:12,754 | numpy_client.py:184 | Cache is stale, return ReadIns
DEBUG flower 2021-04-08 12:54:17,740 | numpy_client.py:228 | read: ReadRes(clock=87)
DEBUG flower 2021-04-08 12:54:17,747 | numpy_client.py:172 | fit, FitIns(clock=97)
DEBUG flower 2021-04-08 12:54:17,747 | numpy_client.py:260 | cached_clock: 87, curr_clock: 97
INFO flower 2021-04-08 12:54:18,968 | numpy_client.py:205 | Cache is fresh, return FitRes(clock=97)
DEBUG flower 2021-04-08 12:54:26,697 | numpy_client.py:172 | fit, FitIns(clock=98)
DEBUG flower 2021-04-08 12:54:26,697 | numpy_client.py:260 | cached_clock: 87, curr_clock: 98
INFO flower 2021-04-08 12:54:26,697 | numpy_client.py:184 | Cache is stale, return ReadIns
DEBUG flower 2021-04-08 12:54:31,402 | numpy_client.py:228 | read: ReadRes(clock=88)
DEBUG flower 2021-04-08 12:54:31,410 | numpy_client.py:172 | fit, FitIns(clock=98)
DEBUG flower 2021-04-08 12:54:31,410 | numpy_client.py:260 | cached_clock: 88, curr_clock: 98
INFO flower 2021-04-08 12:54:32,482 | numpy_client.py:205 | Cache is fresh, return FitRes(clock=98)
DEBUG flower 2021-04-08 12:54:40,427 | numpy_client.py:172 | fit, FitIns(clock=99)
DEBUG flower 2021-04-08 12:54:40,427 | numpy_client.py:260 | cached_clock: 88, curr_clock: 99
INFO flower 2021-04-08 12:54:40,427 | numpy_client.py:184 | Cache is stale, return ReadIns
DEBUG flower 2021-04-08 12:54:45,225 | numpy_client.py:228 | read: ReadRes(clock=89)
DEBUG flower 2021-04-08 12:54:45,232 | numpy_client.py:172 | fit, FitIns(clock=99)
DEBUG flower 2021-04-08 12:54:45,233 | numpy_client.py:260 | cached_clock: 89, curr_clock: 99
INFO flower 2021-04-08 12:54:46,389 | numpy_client.py:205 | Cache is fresh, return FitRes(clock=99)
DEBUG flower 2021-04-08 12:54:46,389 | numpy_client.py:217 | The client finishes computing after 1230 seconds
INFO flower 2021-04-08 12:57:21,567 | numpy_client.py:250 | [32;1m Loss: 8.684, Accuracy: 61.481%[0m
DEBUG flower 2021-04-08 12:57:22,618 | connection.py:68 | Insecure gRPC channel closed
INFO flower 2021-04-08 12:57:22,618 | app.py:74 | Disconnect and shut down
Namespace(idx=22, max_delay=0, min_delay=0, num_clients=31, server_ip='10.244.37.27:8080', staleness_bound=10)
I'm client 22
Start SSP client without delay
Files already downloaded and verified
Files already downloaded and verified
[32;1mClient 22: 667 train samples, 270 test samples[0m
loss=47.80710768699646, acc=0.19791666666666666
loss=47.55623435974121, acc=0.19791666666666666
loss=47.176955223083496, acc=0.19791666666666666
loss=46.80746364593506, acc=0.19791666666666666
loss=46.44069504737854, acc=0.19791666666666666
loss=46.06692981719971, acc=0.19791666666666666
loss=45.676952838897705, acc=0.19791666666666666
loss=45.26438665390015, acc=0.19791666666666666
loss=44.82010269165039, acc=0.19940476190476192
loss=44.32508826255798, acc=0.20535714285714285
loss=43.745954513549805, acc=0.20684523809523808
loss=43.02897930145264, acc=0.22023809523809523
loss=47.06267189979553, acc=0.22321428571428573
loss=56.18885540962219, acc=0.19047619047619047
loss=32.09446883201599, acc=0.3482142857142857
loss=63.358147382736206, acc=0.24107142857142858
loss=61.60544037818909, acc=0.24702380952380953
loss=31.439908027648926, acc=0.3556547619047619
loss=51.6849889755249, acc=0.2693452380952381
loss=51.72979211807251, acc=0.3169642857142857
loss=53.12269735336304, acc=0.2708333333333333
loss=50.163265347480774, acc=0.3601190476190476
loss=52.121960401535034, acc=0.33035714285714285
loss=49.23036742210388, acc=0.375
loss=51.38742935657501, acc=0.3392857142857143
loss=45.769134879112244, acc=0.39285714285714285
loss=47.87950956821442, acc=0.3869047619047619
loss=48.8126562833786, acc=0.3898809523809524
loss=49.44260585308075, acc=0.3943452380952381
loss=50.21924912929535, acc=0.29910714285714285
loss=40.19405782222748, acc=0.34672619047619047
loss=43.13308894634247, acc=0.3913690476190476
loss=44.97621548175812, acc=0.28869047619047616
loss=40.6759467124939, acc=0.3125
loss=45.090869069099426, acc=0.33035714285714285
loss=41.763261795043945, acc=0.34523809523809523
loss=46.84774971008301, acc=0.33630952380952384
loss=47.327327370643616, acc=0.33035714285714285
loss=47.20520269870758, acc=0.33482142857142855
loss=44.85413610935211, acc=0.3630952380952381
loss=48.24467945098877, acc=0.2604166666666667
loss=42.05218482017517, acc=0.3586309523809524
loss=46.17137360572815, acc=0.27827380952380953
loss=48.30923235416412, acc=0.27232142857142855
loss=49.31530511379242, acc=0.2708333333333333
loss=49.8421505689621, acc=0.27976190476190477
loss=50.16743242740631, acc=0.28869047619047616
loss=42.704031586647034, acc=0.3630952380952381
loss=44.76596558094025, acc=0.25744047619047616
loss=46.77119767665863, acc=0.27529761904761907
loss=47.71996521949768, acc=0.28422619047619047
loss=40.60199749469757, acc=0.36904761904761907
loss=42.869617342948914, acc=0.3943452380952381
loss=43.819159150123596, acc=0.28125
loss=45.72717523574829, acc=0.27380952380952384
loss=39.68795907497406, acc=0.3854166666666667
loss=43.685726165771484, acc=0.28273809523809523
loss=45.918118476867676, acc=0.27976190476190477
loss=39.03117895126343, acc=0.3913690476190476
loss=43.022398591041565, acc=0.3080357142857143
loss=45.6683691740036, acc=0.29464285714285715
loss=38.621350049972534, acc=0.3898809523809524
loss=42.35502076148987, acc=0.31547619047619047
loss=38.14495921134949, acc=0.38839285714285715
loss=40.95036172866821, acc=0.32142857142857145
loss=44.12793147563934, acc=0.30952380952380953
loss=38.24105882644653, acc=0.38839285714285715
loss=41.615763664245605, acc=0.31398809523809523
loss=38.12271249294281, acc=0.39732142857142855
loss=41.31529998779297, acc=0.40773809523809523
loss=40.23165321350098, acc=0.3169642857142857
loss=43.02549624443054, acc=0.31845238095238093
loss=44.05659806728363, acc=0.32589285714285715
loss=44.779239535331726, acc=0.32589285714285715
loss=45.45486521720886, acc=0.33035714285714285
loss=45.88827097415924, acc=0.3333333333333333
loss=37.98445677757263, acc=0.39285714285714285
loss=42.74798095226288, acc=0.31994047619047616
loss=45.40234553813934, acc=0.3125
loss=46.73897457122803, acc=0.30952380952380953
loss=47.6214302778244, acc=0.3080357142857143
loss=48.116233825683594, acc=0.30654761904761907
loss=48.471105217933655, acc=0.31101190476190477
loss=37.62075734138489, acc=0.3943452380952381
loss=41.59541165828705, acc=0.31547619047619047
loss=45.44903922080994, acc=0.31101190476190477
loss=46.98018300533295, acc=0.30505952380952384
loss=47.85775554180145, acc=0.30654761904761907
loss=36.73150360584259, acc=0.39732142857142855
loss=40.07346749305725, acc=0.32142857142857145
loss=44.19357526302338, acc=0.3229166666666667
loss=45.76079964637756, acc=0.31547619047619047
loss=46.70226514339447, acc=0.3169642857142857
loss=47.453786969184875, acc=0.31845238095238093
loss=48.09818696975708, acc=0.31994047619047616
loss=36.55191695690155, acc=0.40773809523809523
loss=38.85482132434845, acc=0.40625
loss=40.22739017009735, acc=0.40476190476190477
loss=41.08171582221985, acc=0.41517857142857145
loss=39.81206572055817, acc=0.33779761904761907
Files already downloaded and verified
Files already downloaded and verified
Testing on full test set: 313, 1181.0899510383606, 0.354
Testing on partial test set: 9, 8.683966219425201, 0.6148148148148148
