DEBUG flower 2021-04-08 09:24:24,786 | connection.py:36 | ChannelConnectivity.IDLE
DEBUG flower 2021-04-08 09:24:24,788 | connection.py:36 | ChannelConnectivity.CONNECTING
INFO flower 2021-04-08 09:24:24,788 | app.py:63 | Opened (insecure) gRPC connection
DEBUG flower 2021-04-08 09:24:24,789 | connection.py:36 | ChannelConnectivity.READY
DEBUG flower 2021-04-08 09:24:27,042 | numpy_client.py:172 | fit, FitIns(clock=0)
INFO flower 2021-04-08 09:24:27,043 | numpy_client.py:184 | Cache is stale, return ReadIns
DEBUG flower 2021-04-08 09:24:27,175 | numpy_client.py:228 | read: ReadRes(clock=-1)
DEBUG flower 2021-04-08 09:24:27,191 | numpy_client.py:172 | fit, FitIns(clock=0)
DEBUG flower 2021-04-08 09:24:27,191 | numpy_client.py:260 | cached_clock: -1, curr_clock: 0
INFO flower 2021-04-08 09:24:31,081 | numpy_client.py:205 | Cache is fresh, return FitRes(clock=0)
DEBUG flower 2021-04-08 09:24:31,105 | numpy_client.py:172 | fit, FitIns(clock=1)
DEBUG flower 2021-04-08 09:24:31,105 | numpy_client.py:260 | cached_clock: -1, curr_clock: 1
INFO flower 2021-04-08 09:24:31,105 | numpy_client.py:184 | Cache is stale, return ReadIns
DEBUG flower 2021-04-08 09:24:32,512 | numpy_client.py:228 | read: ReadRes(clock=0)
DEBUG flower 2021-04-08 09:24:32,519 | numpy_client.py:172 | fit, FitIns(clock=1)
DEBUG flower 2021-04-08 09:24:32,520 | numpy_client.py:260 | cached_clock: 0, curr_clock: 1
INFO flower 2021-04-08 09:24:36,482 | numpy_client.py:205 | Cache is fresh, return FitRes(clock=1)
DEBUG flower 2021-04-08 09:24:41,340 | numpy_client.py:172 | fit, FitIns(clock=2)
DEBUG flower 2021-04-08 09:24:41,340 | numpy_client.py:260 | cached_clock: 0, curr_clock: 2
INFO flower 2021-04-08 09:24:41,340 | numpy_client.py:184 | Cache is stale, return ReadIns
DEBUG flower 2021-04-08 09:24:46,678 | numpy_client.py:228 | read: ReadRes(clock=1)
DEBUG flower 2021-04-08 09:24:46,686 | numpy_client.py:172 | fit, FitIns(clock=2)
DEBUG flower 2021-04-08 09:24:46,686 | numpy_client.py:260 | cached_clock: 1, curr_clock: 2
INFO flower 2021-04-08 09:24:50,280 | numpy_client.py:205 | Cache is fresh, return FitRes(clock=2)
DEBUG flower 2021-04-08 09:24:56,679 | numpy_client.py:172 | fit, FitIns(clock=3)
DEBUG flower 2021-04-08 09:24:56,679 | numpy_client.py:260 | cached_clock: 1, curr_clock: 3
INFO flower 2021-04-08 09:24:56,679 | numpy_client.py:184 | Cache is stale, return ReadIns
DEBUG flower 2021-04-08 09:25:01,830 | numpy_client.py:228 | read: ReadRes(clock=2)
DEBUG flower 2021-04-08 09:25:01,837 | numpy_client.py:172 | fit, FitIns(clock=3)
DEBUG flower 2021-04-08 09:25:01,837 | numpy_client.py:260 | cached_clock: 2, curr_clock: 3
INFO flower 2021-04-08 09:25:05,492 | numpy_client.py:205 | Cache is fresh, return FitRes(clock=3)
DEBUG flower 2021-04-08 09:25:10,871 | numpy_client.py:172 | fit, FitIns(clock=4)
DEBUG flower 2021-04-08 09:25:10,871 | numpy_client.py:260 | cached_clock: 2, curr_clock: 4
INFO flower 2021-04-08 09:25:10,871 | numpy_client.py:184 | Cache is stale, return ReadIns
DEBUG flower 2021-04-08 09:25:15,460 | numpy_client.py:228 | read: ReadRes(clock=3)
DEBUG flower 2021-04-08 09:25:15,468 | numpy_client.py:172 | fit, FitIns(clock=4)
DEBUG flower 2021-04-08 09:25:15,468 | numpy_client.py:260 | cached_clock: 3, curr_clock: 4
INFO flower 2021-04-08 09:25:19,206 | numpy_client.py:205 | Cache is fresh, return FitRes(clock=4)
DEBUG flower 2021-04-08 09:25:24,619 | numpy_client.py:172 | fit, FitIns(clock=5)
DEBUG flower 2021-04-08 09:25:24,619 | numpy_client.py:260 | cached_clock: 3, curr_clock: 5
INFO flower 2021-04-08 09:25:24,619 | numpy_client.py:184 | Cache is stale, return ReadIns
DEBUG flower 2021-04-08 09:25:29,121 | numpy_client.py:228 | read: ReadRes(clock=4)
DEBUG flower 2021-04-08 09:25:29,128 | numpy_client.py:172 | fit, FitIns(clock=5)
DEBUG flower 2021-04-08 09:25:29,128 | numpy_client.py:260 | cached_clock: 4, curr_clock: 5
INFO flower 2021-04-08 09:25:32,685 | numpy_client.py:205 | Cache is fresh, return FitRes(clock=5)
DEBUG flower 2021-04-08 09:25:38,563 | numpy_client.py:172 | fit, FitIns(clock=6)
DEBUG flower 2021-04-08 09:25:38,563 | numpy_client.py:260 | cached_clock: 4, curr_clock: 6
INFO flower 2021-04-08 09:25:38,563 | numpy_client.py:184 | Cache is stale, return ReadIns
DEBUG flower 2021-04-08 09:25:43,175 | numpy_client.py:228 | read: ReadRes(clock=5)
DEBUG flower 2021-04-08 09:25:43,182 | numpy_client.py:172 | fit, FitIns(clock=6)
DEBUG flower 2021-04-08 09:25:43,182 | numpy_client.py:260 | cached_clock: 5, curr_clock: 6
INFO flower 2021-04-08 09:25:46,686 | numpy_client.py:205 | Cache is fresh, return FitRes(clock=6)
DEBUG flower 2021-04-08 09:25:52,023 | numpy_client.py:172 | fit, FitIns(clock=7)
DEBUG flower 2021-04-08 09:25:52,023 | numpy_client.py:260 | cached_clock: 5, curr_clock: 7
INFO flower 2021-04-08 09:25:52,024 | numpy_client.py:184 | Cache is stale, return ReadIns
DEBUG flower 2021-04-08 09:25:56,420 | numpy_client.py:228 | read: ReadRes(clock=6)
DEBUG flower 2021-04-08 09:25:56,428 | numpy_client.py:172 | fit, FitIns(clock=7)
DEBUG flower 2021-04-08 09:25:56,428 | numpy_client.py:260 | cached_clock: 6, curr_clock: 7
INFO flower 2021-04-08 09:25:59,879 | numpy_client.py:205 | Cache is fresh, return FitRes(clock=7)
DEBUG flower 2021-04-08 09:26:05,343 | numpy_client.py:172 | fit, FitIns(clock=8)
DEBUG flower 2021-04-08 09:26:05,343 | numpy_client.py:260 | cached_clock: 6, curr_clock: 8
INFO flower 2021-04-08 09:26:05,343 | numpy_client.py:184 | Cache is stale, return ReadIns
DEBUG flower 2021-04-08 09:26:09,828 | numpy_client.py:228 | read: ReadRes(clock=7)
DEBUG flower 2021-04-08 09:26:09,836 | numpy_client.py:172 | fit, FitIns(clock=8)
DEBUG flower 2021-04-08 09:26:09,836 | numpy_client.py:260 | cached_clock: 7, curr_clock: 8
INFO flower 2021-04-08 09:26:13,179 | numpy_client.py:205 | Cache is fresh, return FitRes(clock=8)
DEBUG flower 2021-04-08 09:26:18,801 | numpy_client.py:172 | fit, FitIns(clock=9)
DEBUG flower 2021-04-08 09:26:18,802 | numpy_client.py:260 | cached_clock: 7, curr_clock: 9
INFO flower 2021-04-08 09:26:18,802 | numpy_client.py:184 | Cache is stale, return ReadIns
DEBUG flower 2021-04-08 09:26:23,475 | numpy_client.py:228 | read: ReadRes(clock=8)
DEBUG flower 2021-04-08 09:26:23,482 | numpy_client.py:172 | fit, FitIns(clock=9)
DEBUG flower 2021-04-08 09:26:23,482 | numpy_client.py:260 | cached_clock: 8, curr_clock: 9
INFO flower 2021-04-08 09:26:26,911 | numpy_client.py:205 | Cache is fresh, return FitRes(clock=9)
DEBUG flower 2021-04-08 09:26:32,540 | numpy_client.py:172 | fit, FitIns(clock=10)
DEBUG flower 2021-04-08 09:26:32,541 | numpy_client.py:260 | cached_clock: 8, curr_clock: 10
INFO flower 2021-04-08 09:26:32,541 | numpy_client.py:184 | Cache is stale, return ReadIns
DEBUG flower 2021-04-08 09:26:37,074 | numpy_client.py:228 | read: ReadRes(clock=9)
DEBUG flower 2021-04-08 09:26:37,082 | numpy_client.py:172 | fit, FitIns(clock=10)
DEBUG flower 2021-04-08 09:26:37,082 | numpy_client.py:260 | cached_clock: 9, curr_clock: 10
INFO flower 2021-04-08 09:26:40,513 | numpy_client.py:205 | Cache is fresh, return FitRes(clock=10)
DEBUG flower 2021-04-08 09:26:46,206 | numpy_client.py:172 | fit, FitIns(clock=11)
DEBUG flower 2021-04-08 09:26:46,207 | numpy_client.py:260 | cached_clock: 9, curr_clock: 11
INFO flower 2021-04-08 09:26:46,207 | numpy_client.py:184 | Cache is stale, return ReadIns
DEBUG flower 2021-04-08 09:26:51,037 | numpy_client.py:228 | read: ReadRes(clock=10)
DEBUG flower 2021-04-08 09:26:51,044 | numpy_client.py:172 | fit, FitIns(clock=11)
DEBUG flower 2021-04-08 09:26:51,044 | numpy_client.py:260 | cached_clock: 10, curr_clock: 11
INFO flower 2021-04-08 09:26:54,696 | numpy_client.py:205 | Cache is fresh, return FitRes(clock=11)
DEBUG flower 2021-04-08 09:27:00,166 | numpy_client.py:172 | fit, FitIns(clock=12)
DEBUG flower 2021-04-08 09:27:00,166 | numpy_client.py:260 | cached_clock: 10, curr_clock: 12
INFO flower 2021-04-08 09:27:00,166 | numpy_client.py:184 | Cache is stale, return ReadIns
DEBUG flower 2021-04-08 09:27:04,744 | numpy_client.py:228 | read: ReadRes(clock=11)
DEBUG flower 2021-04-08 09:27:04,752 | numpy_client.py:172 | fit, FitIns(clock=12)
DEBUG flower 2021-04-08 09:27:04,752 | numpy_client.py:260 | cached_clock: 11, curr_clock: 12
INFO flower 2021-04-08 09:27:08,588 | numpy_client.py:205 | Cache is fresh, return FitRes(clock=12)
DEBUG flower 2021-04-08 09:27:14,076 | numpy_client.py:172 | fit, FitIns(clock=13)
DEBUG flower 2021-04-08 09:27:14,076 | numpy_client.py:260 | cached_clock: 11, curr_clock: 13
INFO flower 2021-04-08 09:27:14,077 | numpy_client.py:184 | Cache is stale, return ReadIns
DEBUG flower 2021-04-08 09:27:18,675 | numpy_client.py:228 | read: ReadRes(clock=12)
DEBUG flower 2021-04-08 09:27:18,684 | numpy_client.py:172 | fit, FitIns(clock=13)
DEBUG flower 2021-04-08 09:27:18,684 | numpy_client.py:260 | cached_clock: 12, curr_clock: 13
INFO flower 2021-04-08 09:27:22,113 | numpy_client.py:205 | Cache is fresh, return FitRes(clock=13)
DEBUG flower 2021-04-08 09:27:27,730 | numpy_client.py:172 | fit, FitIns(clock=14)
DEBUG flower 2021-04-08 09:27:27,730 | numpy_client.py:260 | cached_clock: 12, curr_clock: 14
INFO flower 2021-04-08 09:27:27,731 | numpy_client.py:184 | Cache is stale, return ReadIns
DEBUG flower 2021-04-08 09:27:32,381 | numpy_client.py:228 | read: ReadRes(clock=13)
DEBUG flower 2021-04-08 09:27:32,391 | numpy_client.py:172 | fit, FitIns(clock=14)
DEBUG flower 2021-04-08 09:27:32,391 | numpy_client.py:260 | cached_clock: 13, curr_clock: 14
INFO flower 2021-04-08 09:27:35,817 | numpy_client.py:205 | Cache is fresh, return FitRes(clock=14)
DEBUG flower 2021-04-08 09:27:41,632 | numpy_client.py:172 | fit, FitIns(clock=15)
DEBUG flower 2021-04-08 09:27:41,632 | numpy_client.py:260 | cached_clock: 13, curr_clock: 15
INFO flower 2021-04-08 09:27:41,632 | numpy_client.py:184 | Cache is stale, return ReadIns
DEBUG flower 2021-04-08 09:27:45,862 | numpy_client.py:228 | read: ReadRes(clock=14)
DEBUG flower 2021-04-08 09:27:45,869 | numpy_client.py:172 | fit, FitIns(clock=15)
DEBUG flower 2021-04-08 09:27:45,870 | numpy_client.py:260 | cached_clock: 14, curr_clock: 15
INFO flower 2021-04-08 09:27:49,295 | numpy_client.py:205 | Cache is fresh, return FitRes(clock=15)
DEBUG flower 2021-04-08 09:27:55,172 | numpy_client.py:172 | fit, FitIns(clock=16)
DEBUG flower 2021-04-08 09:27:55,173 | numpy_client.py:260 | cached_clock: 14, curr_clock: 16
INFO flower 2021-04-08 09:27:55,173 | numpy_client.py:184 | Cache is stale, return ReadIns
DEBUG flower 2021-04-08 09:27:59,695 | numpy_client.py:228 | read: ReadRes(clock=15)
DEBUG flower 2021-04-08 09:27:59,702 | numpy_client.py:172 | fit, FitIns(clock=16)
DEBUG flower 2021-04-08 09:27:59,702 | numpy_client.py:260 | cached_clock: 15, curr_clock: 16
INFO flower 2021-04-08 09:28:03,013 | numpy_client.py:205 | Cache is fresh, return FitRes(clock=16)
DEBUG flower 2021-04-08 09:28:09,036 | numpy_client.py:172 | fit, FitIns(clock=17)
DEBUG flower 2021-04-08 09:28:09,036 | numpy_client.py:260 | cached_clock: 15, curr_clock: 17
INFO flower 2021-04-08 09:28:09,036 | numpy_client.py:184 | Cache is stale, return ReadIns
DEBUG flower 2021-04-08 09:28:13,424 | numpy_client.py:228 | read: ReadRes(clock=16)
DEBUG flower 2021-04-08 09:28:13,431 | numpy_client.py:172 | fit, FitIns(clock=17)
DEBUG flower 2021-04-08 09:28:13,432 | numpy_client.py:260 | cached_clock: 16, curr_clock: 17
INFO flower 2021-04-08 09:28:16,579 | numpy_client.py:205 | Cache is fresh, return FitRes(clock=17)
DEBUG flower 2021-04-08 09:28:22,951 | numpy_client.py:172 | fit, FitIns(clock=18)
DEBUG flower 2021-04-08 09:28:22,951 | numpy_client.py:260 | cached_clock: 16, curr_clock: 18
INFO flower 2021-04-08 09:28:22,951 | numpy_client.py:184 | Cache is stale, return ReadIns
DEBUG flower 2021-04-08 09:28:27,212 | numpy_client.py:228 | read: ReadRes(clock=17)
DEBUG flower 2021-04-08 09:28:27,219 | numpy_client.py:172 | fit, FitIns(clock=18)
DEBUG flower 2021-04-08 09:28:27,220 | numpy_client.py:260 | cached_clock: 17, curr_clock: 18
INFO flower 2021-04-08 09:28:30,590 | numpy_client.py:205 | Cache is fresh, return FitRes(clock=18)
DEBUG flower 2021-04-08 09:28:36,218 | numpy_client.py:172 | fit, FitIns(clock=19)
DEBUG flower 2021-04-08 09:28:36,218 | numpy_client.py:260 | cached_clock: 17, curr_clock: 19
INFO flower 2021-04-08 09:28:36,218 | numpy_client.py:184 | Cache is stale, return ReadIns
DEBUG flower 2021-04-08 09:28:40,775 | numpy_client.py:228 | read: ReadRes(clock=18)
DEBUG flower 2021-04-08 09:28:40,782 | numpy_client.py:172 | fit, FitIns(clock=19)
DEBUG flower 2021-04-08 09:28:40,782 | numpy_client.py:260 | cached_clock: 18, curr_clock: 19
INFO flower 2021-04-08 09:28:44,183 | numpy_client.py:205 | Cache is fresh, return FitRes(clock=19)
DEBUG flower 2021-04-08 09:28:49,919 | numpy_client.py:172 | fit, FitIns(clock=20)
DEBUG flower 2021-04-08 09:28:49,919 | numpy_client.py:260 | cached_clock: 18, curr_clock: 20
INFO flower 2021-04-08 09:28:49,919 | numpy_client.py:184 | Cache is stale, return ReadIns
DEBUG flower 2021-04-08 09:28:54,417 | numpy_client.py:228 | read: ReadRes(clock=19)
DEBUG flower 2021-04-08 09:28:54,425 | numpy_client.py:172 | fit, FitIns(clock=20)
DEBUG flower 2021-04-08 09:28:54,425 | numpy_client.py:260 | cached_clock: 19, curr_clock: 20
INFO flower 2021-04-08 09:28:57,796 | numpy_client.py:205 | Cache is fresh, return FitRes(clock=20)
DEBUG flower 2021-04-08 09:29:03,589 | numpy_client.py:172 | fit, FitIns(clock=21)
DEBUG flower 2021-04-08 09:29:03,589 | numpy_client.py:260 | cached_clock: 19, curr_clock: 21
INFO flower 2021-04-08 09:29:03,589 | numpy_client.py:184 | Cache is stale, return ReadIns
DEBUG flower 2021-04-08 09:29:08,274 | numpy_client.py:228 | read: ReadRes(clock=20)
DEBUG flower 2021-04-08 09:29:08,281 | numpy_client.py:172 | fit, FitIns(clock=21)
DEBUG flower 2021-04-08 09:29:08,282 | numpy_client.py:260 | cached_clock: 20, curr_clock: 21
INFO flower 2021-04-08 09:29:11,590 | numpy_client.py:205 | Cache is fresh, return FitRes(clock=21)
DEBUG flower 2021-04-08 09:29:16,909 | numpy_client.py:172 | fit, FitIns(clock=22)
DEBUG flower 2021-04-08 09:29:16,910 | numpy_client.py:260 | cached_clock: 20, curr_clock: 22
INFO flower 2021-04-08 09:29:16,910 | numpy_client.py:184 | Cache is stale, return ReadIns
DEBUG flower 2021-04-08 09:29:21,328 | numpy_client.py:228 | read: ReadRes(clock=21)
DEBUG flower 2021-04-08 09:29:21,334 | numpy_client.py:172 | fit, FitIns(clock=22)
DEBUG flower 2021-04-08 09:29:21,335 | numpy_client.py:260 | cached_clock: 21, curr_clock: 22
INFO flower 2021-04-08 09:29:24,709 | numpy_client.py:205 | Cache is fresh, return FitRes(clock=22)
DEBUG flower 2021-04-08 09:29:30,733 | numpy_client.py:172 | fit, FitIns(clock=23)
DEBUG flower 2021-04-08 09:29:30,733 | numpy_client.py:260 | cached_clock: 21, curr_clock: 23
INFO flower 2021-04-08 09:29:30,733 | numpy_client.py:184 | Cache is stale, return ReadIns
DEBUG flower 2021-04-08 09:29:35,475 | numpy_client.py:228 | read: ReadRes(clock=22)
DEBUG flower 2021-04-08 09:29:35,482 | numpy_client.py:172 | fit, FitIns(clock=23)
DEBUG flower 2021-04-08 09:29:35,483 | numpy_client.py:260 | cached_clock: 22, curr_clock: 23
INFO flower 2021-04-08 09:29:39,101 | numpy_client.py:205 | Cache is fresh, return FitRes(clock=23)
DEBUG flower 2021-04-08 09:29:44,373 | numpy_client.py:172 | fit, FitIns(clock=24)
DEBUG flower 2021-04-08 09:29:44,373 | numpy_client.py:260 | cached_clock: 22, curr_clock: 24
INFO flower 2021-04-08 09:29:44,373 | numpy_client.py:184 | Cache is stale, return ReadIns
DEBUG flower 2021-04-08 09:29:48,987 | numpy_client.py:228 | read: ReadRes(clock=23)
DEBUG flower 2021-04-08 09:29:48,994 | numpy_client.py:172 | fit, FitIns(clock=24)
DEBUG flower 2021-04-08 09:29:48,994 | numpy_client.py:260 | cached_clock: 23, curr_clock: 24
INFO flower 2021-04-08 09:29:52,380 | numpy_client.py:205 | Cache is fresh, return FitRes(clock=24)
DEBUG flower 2021-04-08 09:29:57,839 | numpy_client.py:172 | fit, FitIns(clock=25)
DEBUG flower 2021-04-08 09:29:57,839 | numpy_client.py:260 | cached_clock: 23, curr_clock: 25
INFO flower 2021-04-08 09:29:57,840 | numpy_client.py:184 | Cache is stale, return ReadIns
DEBUG flower 2021-04-08 09:30:02,290 | numpy_client.py:228 | read: ReadRes(clock=24)
DEBUG flower 2021-04-08 09:30:02,297 | numpy_client.py:172 | fit, FitIns(clock=25)
DEBUG flower 2021-04-08 09:30:02,297 | numpy_client.py:260 | cached_clock: 24, curr_clock: 25
INFO flower 2021-04-08 09:30:05,885 | numpy_client.py:205 | Cache is fresh, return FitRes(clock=25)
DEBUG flower 2021-04-08 09:30:11,630 | numpy_client.py:172 | fit, FitIns(clock=26)
DEBUG flower 2021-04-08 09:30:11,630 | numpy_client.py:260 | cached_clock: 24, curr_clock: 26
INFO flower 2021-04-08 09:30:11,630 | numpy_client.py:184 | Cache is stale, return ReadIns
DEBUG flower 2021-04-08 09:30:16,014 | numpy_client.py:228 | read: ReadRes(clock=25)
DEBUG flower 2021-04-08 09:30:16,022 | numpy_client.py:172 | fit, FitIns(clock=26)
DEBUG flower 2021-04-08 09:30:16,022 | numpy_client.py:260 | cached_clock: 25, curr_clock: 26
INFO flower 2021-04-08 09:30:19,411 | numpy_client.py:205 | Cache is fresh, return FitRes(clock=26)
DEBUG flower 2021-04-08 09:30:25,364 | numpy_client.py:172 | fit, FitIns(clock=27)
DEBUG flower 2021-04-08 09:30:25,364 | numpy_client.py:260 | cached_clock: 25, curr_clock: 27
INFO flower 2021-04-08 09:30:25,364 | numpy_client.py:184 | Cache is stale, return ReadIns
DEBUG flower 2021-04-08 09:30:29,728 | numpy_client.py:228 | read: ReadRes(clock=26)
DEBUG flower 2021-04-08 09:30:29,735 | numpy_client.py:172 | fit, FitIns(clock=27)
DEBUG flower 2021-04-08 09:30:29,736 | numpy_client.py:260 | cached_clock: 26, curr_clock: 27
INFO flower 2021-04-08 09:30:33,578 | numpy_client.py:205 | Cache is fresh, return FitRes(clock=27)
DEBUG flower 2021-04-08 09:30:38,471 | numpy_client.py:172 | fit, FitIns(clock=28)
DEBUG flower 2021-04-08 09:30:38,471 | numpy_client.py:260 | cached_clock: 26, curr_clock: 28
INFO flower 2021-04-08 09:30:38,471 | numpy_client.py:184 | Cache is stale, return ReadIns
DEBUG flower 2021-04-08 09:30:42,784 | numpy_client.py:228 | read: ReadRes(clock=27)
DEBUG flower 2021-04-08 09:30:42,792 | numpy_client.py:172 | fit, FitIns(clock=28)
DEBUG flower 2021-04-08 09:30:42,792 | numpy_client.py:260 | cached_clock: 27, curr_clock: 28
INFO flower 2021-04-08 09:30:46,483 | numpy_client.py:205 | Cache is fresh, return FitRes(clock=28)
DEBUG flower 2021-04-08 09:30:51,929 | numpy_client.py:172 | fit, FitIns(clock=29)
DEBUG flower 2021-04-08 09:30:51,929 | numpy_client.py:260 | cached_clock: 27, curr_clock: 29
INFO flower 2021-04-08 09:30:51,930 | numpy_client.py:184 | Cache is stale, return ReadIns
DEBUG flower 2021-04-08 09:30:56,444 | numpy_client.py:228 | read: ReadRes(clock=28)
DEBUG flower 2021-04-08 09:30:56,451 | numpy_client.py:172 | fit, FitIns(clock=29)
DEBUG flower 2021-04-08 09:30:56,451 | numpy_client.py:260 | cached_clock: 28, curr_clock: 29
INFO flower 2021-04-08 09:31:00,179 | numpy_client.py:205 | Cache is fresh, return FitRes(clock=29)
DEBUG flower 2021-04-08 09:31:05,365 | numpy_client.py:172 | fit, FitIns(clock=30)
DEBUG flower 2021-04-08 09:31:05,365 | numpy_client.py:260 | cached_clock: 28, curr_clock: 30
INFO flower 2021-04-08 09:31:05,366 | numpy_client.py:184 | Cache is stale, return ReadIns
DEBUG flower 2021-04-08 09:31:09,614 | numpy_client.py:228 | read: ReadRes(clock=29)
DEBUG flower 2021-04-08 09:31:09,621 | numpy_client.py:172 | fit, FitIns(clock=30)
DEBUG flower 2021-04-08 09:31:09,622 | numpy_client.py:260 | cached_clock: 29, curr_clock: 30
INFO flower 2021-04-08 09:31:13,290 | numpy_client.py:205 | Cache is fresh, return FitRes(clock=30)
DEBUG flower 2021-04-08 09:31:18,340 | numpy_client.py:172 | fit, FitIns(clock=31)
DEBUG flower 2021-04-08 09:31:18,341 | numpy_client.py:260 | cached_clock: 29, curr_clock: 31
INFO flower 2021-04-08 09:31:18,341 | numpy_client.py:184 | Cache is stale, return ReadIns
DEBUG flower 2021-04-08 09:31:22,928 | numpy_client.py:228 | read: ReadRes(clock=30)
DEBUG flower 2021-04-08 09:31:22,935 | numpy_client.py:172 | fit, FitIns(clock=31)
DEBUG flower 2021-04-08 09:31:22,935 | numpy_client.py:260 | cached_clock: 30, curr_clock: 31
INFO flower 2021-04-08 09:31:26,505 | numpy_client.py:205 | Cache is fresh, return FitRes(clock=31)
DEBUG flower 2021-04-08 09:31:32,240 | numpy_client.py:172 | fit, FitIns(clock=32)
DEBUG flower 2021-04-08 09:31:32,240 | numpy_client.py:260 | cached_clock: 30, curr_clock: 32
INFO flower 2021-04-08 09:31:32,241 | numpy_client.py:184 | Cache is stale, return ReadIns
DEBUG flower 2021-04-08 09:31:36,822 | numpy_client.py:228 | read: ReadRes(clock=31)
DEBUG flower 2021-04-08 09:31:36,829 | numpy_client.py:172 | fit, FitIns(clock=32)
DEBUG flower 2021-04-08 09:31:36,829 | numpy_client.py:260 | cached_clock: 31, curr_clock: 32
INFO flower 2021-04-08 09:31:40,489 | numpy_client.py:205 | Cache is fresh, return FitRes(clock=32)
DEBUG flower 2021-04-08 09:31:46,391 | numpy_client.py:172 | fit, FitIns(clock=33)
DEBUG flower 2021-04-08 09:31:46,391 | numpy_client.py:260 | cached_clock: 31, curr_clock: 33
INFO flower 2021-04-08 09:31:46,391 | numpy_client.py:184 | Cache is stale, return ReadIns
DEBUG flower 2021-04-08 09:31:50,905 | numpy_client.py:228 | read: ReadRes(clock=32)
DEBUG flower 2021-04-08 09:31:50,912 | numpy_client.py:172 | fit, FitIns(clock=33)
DEBUG flower 2021-04-08 09:31:50,912 | numpy_client.py:260 | cached_clock: 32, curr_clock: 33
INFO flower 2021-04-08 09:31:54,386 | numpy_client.py:205 | Cache is fresh, return FitRes(clock=33)
DEBUG flower 2021-04-08 09:32:00,278 | numpy_client.py:172 | fit, FitIns(clock=34)
DEBUG flower 2021-04-08 09:32:00,278 | numpy_client.py:260 | cached_clock: 32, curr_clock: 34
INFO flower 2021-04-08 09:32:00,278 | numpy_client.py:184 | Cache is stale, return ReadIns
DEBUG flower 2021-04-08 09:32:04,732 | numpy_client.py:228 | read: ReadRes(clock=33)
DEBUG flower 2021-04-08 09:32:04,739 | numpy_client.py:172 | fit, FitIns(clock=34)
DEBUG flower 2021-04-08 09:32:04,740 | numpy_client.py:260 | cached_clock: 33, curr_clock: 34
INFO flower 2021-04-08 09:32:08,294 | numpy_client.py:205 | Cache is fresh, return FitRes(clock=34)
DEBUG flower 2021-04-08 09:32:13,716 | numpy_client.py:172 | fit, FitIns(clock=35)
DEBUG flower 2021-04-08 09:32:13,716 | numpy_client.py:260 | cached_clock: 33, curr_clock: 35
INFO flower 2021-04-08 09:32:13,716 | numpy_client.py:184 | Cache is stale, return ReadIns
DEBUG flower 2021-04-08 09:32:18,334 | numpy_client.py:228 | read: ReadRes(clock=34)
DEBUG flower 2021-04-08 09:32:18,341 | numpy_client.py:172 | fit, FitIns(clock=35)
DEBUG flower 2021-04-08 09:32:18,341 | numpy_client.py:260 | cached_clock: 34, curr_clock: 35
INFO flower 2021-04-08 09:32:21,911 | numpy_client.py:205 | Cache is fresh, return FitRes(clock=35)
DEBUG flower 2021-04-08 09:32:27,403 | numpy_client.py:172 | fit, FitIns(clock=36)
DEBUG flower 2021-04-08 09:32:27,403 | numpy_client.py:260 | cached_clock: 34, curr_clock: 36
INFO flower 2021-04-08 09:32:27,403 | numpy_client.py:184 | Cache is stale, return ReadIns
DEBUG flower 2021-04-08 09:32:31,936 | numpy_client.py:228 | read: ReadRes(clock=35)
DEBUG flower 2021-04-08 09:32:31,943 | numpy_client.py:172 | fit, FitIns(clock=36)
DEBUG flower 2021-04-08 09:32:31,943 | numpy_client.py:260 | cached_clock: 35, curr_clock: 36
INFO flower 2021-04-08 09:32:35,283 | numpy_client.py:205 | Cache is fresh, return FitRes(clock=36)
DEBUG flower 2021-04-08 09:32:41,027 | numpy_client.py:172 | fit, FitIns(clock=37)
DEBUG flower 2021-04-08 09:32:41,027 | numpy_client.py:260 | cached_clock: 35, curr_clock: 37
INFO flower 2021-04-08 09:32:41,027 | numpy_client.py:184 | Cache is stale, return ReadIns
DEBUG flower 2021-04-08 09:32:45,681 | numpy_client.py:228 | read: ReadRes(clock=36)
DEBUG flower 2021-04-08 09:32:45,688 | numpy_client.py:172 | fit, FitIns(clock=37)
DEBUG flower 2021-04-08 09:32:45,688 | numpy_client.py:260 | cached_clock: 36, curr_clock: 37
INFO flower 2021-04-08 09:32:49,395 | numpy_client.py:205 | Cache is fresh, return FitRes(clock=37)
DEBUG flower 2021-04-08 09:32:55,633 | numpy_client.py:172 | fit, FitIns(clock=38)
DEBUG flower 2021-04-08 09:32:55,633 | numpy_client.py:260 | cached_clock: 36, curr_clock: 38
INFO flower 2021-04-08 09:32:55,633 | numpy_client.py:184 | Cache is stale, return ReadIns
DEBUG flower 2021-04-08 09:32:59,925 | numpy_client.py:228 | read: ReadRes(clock=37)
DEBUG flower 2021-04-08 09:32:59,933 | numpy_client.py:172 | fit, FitIns(clock=38)
DEBUG flower 2021-04-08 09:32:59,933 | numpy_client.py:260 | cached_clock: 37, curr_clock: 38
INFO flower 2021-04-08 09:33:03,383 | numpy_client.py:205 | Cache is fresh, return FitRes(clock=38)
DEBUG flower 2021-04-08 09:33:08,985 | numpy_client.py:172 | fit, FitIns(clock=39)
DEBUG flower 2021-04-08 09:33:08,986 | numpy_client.py:260 | cached_clock: 37, curr_clock: 39
INFO flower 2021-04-08 09:33:08,986 | numpy_client.py:184 | Cache is stale, return ReadIns
DEBUG flower 2021-04-08 09:33:13,975 | numpy_client.py:228 | read: ReadRes(clock=38)
DEBUG flower 2021-04-08 09:33:13,982 | numpy_client.py:172 | fit, FitIns(clock=39)
DEBUG flower 2021-04-08 09:33:13,983 | numpy_client.py:260 | cached_clock: 38, curr_clock: 39
INFO flower 2021-04-08 09:33:17,576 | numpy_client.py:205 | Cache is fresh, return FitRes(clock=39)
DEBUG flower 2021-04-08 09:33:22,990 | numpy_client.py:172 | fit, FitIns(clock=40)
DEBUG flower 2021-04-08 09:33:22,990 | numpy_client.py:260 | cached_clock: 38, curr_clock: 40
INFO flower 2021-04-08 09:33:22,990 | numpy_client.py:184 | Cache is stale, return ReadIns
DEBUG flower 2021-04-08 09:33:27,480 | numpy_client.py:228 | read: ReadRes(clock=39)
DEBUG flower 2021-04-08 09:33:27,487 | numpy_client.py:172 | fit, FitIns(clock=40)
DEBUG flower 2021-04-08 09:33:27,488 | numpy_client.py:260 | cached_clock: 39, curr_clock: 40
INFO flower 2021-04-08 09:33:31,095 | numpy_client.py:205 | Cache is fresh, return FitRes(clock=40)
DEBUG flower 2021-04-08 09:33:36,596 | numpy_client.py:172 | fit, FitIns(clock=41)
DEBUG flower 2021-04-08 09:33:36,597 | numpy_client.py:260 | cached_clock: 39, curr_clock: 41
INFO flower 2021-04-08 09:33:36,597 | numpy_client.py:184 | Cache is stale, return ReadIns
DEBUG flower 2021-04-08 09:33:41,300 | numpy_client.py:228 | read: ReadRes(clock=40)
DEBUG flower 2021-04-08 09:33:41,308 | numpy_client.py:172 | fit, FitIns(clock=41)
DEBUG flower 2021-04-08 09:33:41,308 | numpy_client.py:260 | cached_clock: 40, curr_clock: 41
INFO flower 2021-04-08 09:33:44,809 | numpy_client.py:205 | Cache is fresh, return FitRes(clock=41)
DEBUG flower 2021-04-08 09:33:50,394 | numpy_client.py:172 | fit, FitIns(clock=42)
DEBUG flower 2021-04-08 09:33:50,394 | numpy_client.py:260 | cached_clock: 40, curr_clock: 42
INFO flower 2021-04-08 09:33:50,394 | numpy_client.py:184 | Cache is stale, return ReadIns
DEBUG flower 2021-04-08 09:33:55,144 | numpy_client.py:228 | read: ReadRes(clock=41)
DEBUG flower 2021-04-08 09:33:55,152 | numpy_client.py:172 | fit, FitIns(clock=42)
DEBUG flower 2021-04-08 09:33:55,152 | numpy_client.py:260 | cached_clock: 41, curr_clock: 42
INFO flower 2021-04-08 09:33:58,595 | numpy_client.py:205 | Cache is fresh, return FitRes(clock=42)
DEBUG flower 2021-04-08 09:34:04,699 | numpy_client.py:172 | fit, FitIns(clock=43)
DEBUG flower 2021-04-08 09:34:04,699 | numpy_client.py:260 | cached_clock: 41, curr_clock: 43
INFO flower 2021-04-08 09:34:04,700 | numpy_client.py:184 | Cache is stale, return ReadIns
DEBUG flower 2021-04-08 09:34:08,887 | numpy_client.py:228 | read: ReadRes(clock=42)
DEBUG flower 2021-04-08 09:34:08,894 | numpy_client.py:172 | fit, FitIns(clock=43)
DEBUG flower 2021-04-08 09:34:08,894 | numpy_client.py:260 | cached_clock: 42, curr_clock: 43
INFO flower 2021-04-08 09:34:12,695 | numpy_client.py:205 | Cache is fresh, return FitRes(clock=43)
DEBUG flower 2021-04-08 09:34:18,020 | numpy_client.py:172 | fit, FitIns(clock=44)
DEBUG flower 2021-04-08 09:34:18,020 | numpy_client.py:260 | cached_clock: 42, curr_clock: 44
INFO flower 2021-04-08 09:34:18,021 | numpy_client.py:184 | Cache is stale, return ReadIns
DEBUG flower 2021-04-08 09:34:22,675 | numpy_client.py:228 | read: ReadRes(clock=43)
DEBUG flower 2021-04-08 09:34:22,682 | numpy_client.py:172 | fit, FitIns(clock=44)
DEBUG flower 2021-04-08 09:34:22,682 | numpy_client.py:260 | cached_clock: 43, curr_clock: 44
INFO flower 2021-04-08 09:34:26,313 | numpy_client.py:205 | Cache is fresh, return FitRes(clock=44)
DEBUG flower 2021-04-08 09:34:32,024 | numpy_client.py:172 | fit, FitIns(clock=45)
DEBUG flower 2021-04-08 09:34:32,025 | numpy_client.py:260 | cached_clock: 43, curr_clock: 45
INFO flower 2021-04-08 09:34:32,025 | numpy_client.py:184 | Cache is stale, return ReadIns
DEBUG flower 2021-04-08 09:34:37,018 | numpy_client.py:228 | read: ReadRes(clock=44)
DEBUG flower 2021-04-08 09:34:37,026 | numpy_client.py:172 | fit, FitIns(clock=45)
DEBUG flower 2021-04-08 09:34:37,026 | numpy_client.py:260 | cached_clock: 44, curr_clock: 45
INFO flower 2021-04-08 09:34:40,708 | numpy_client.py:205 | Cache is fresh, return FitRes(clock=45)
DEBUG flower 2021-04-08 09:34:46,038 | numpy_client.py:172 | fit, FitIns(clock=46)
DEBUG flower 2021-04-08 09:34:46,039 | numpy_client.py:260 | cached_clock: 44, curr_clock: 46
INFO flower 2021-04-08 09:34:46,039 | numpy_client.py:184 | Cache is stale, return ReadIns
DEBUG flower 2021-04-08 09:34:50,575 | numpy_client.py:228 | read: ReadRes(clock=45)
DEBUG flower 2021-04-08 09:34:50,583 | numpy_client.py:172 | fit, FitIns(clock=46)
DEBUG flower 2021-04-08 09:34:50,583 | numpy_client.py:260 | cached_clock: 45, curr_clock: 46
INFO flower 2021-04-08 09:34:54,102 | numpy_client.py:205 | Cache is fresh, return FitRes(clock=46)
DEBUG flower 2021-04-08 09:34:59,851 | numpy_client.py:172 | fit, FitIns(clock=47)
DEBUG flower 2021-04-08 09:34:59,851 | numpy_client.py:260 | cached_clock: 45, curr_clock: 47
INFO flower 2021-04-08 09:34:59,851 | numpy_client.py:184 | Cache is stale, return ReadIns
DEBUG flower 2021-04-08 09:35:04,375 | numpy_client.py:228 | read: ReadRes(clock=46)
DEBUG flower 2021-04-08 09:35:04,382 | numpy_client.py:172 | fit, FitIns(clock=47)
DEBUG flower 2021-04-08 09:35:04,382 | numpy_client.py:260 | cached_clock: 46, curr_clock: 47
INFO flower 2021-04-08 09:35:07,993 | numpy_client.py:205 | Cache is fresh, return FitRes(clock=47)
DEBUG flower 2021-04-08 09:35:13,685 | numpy_client.py:172 | fit, FitIns(clock=48)
DEBUG flower 2021-04-08 09:35:13,685 | numpy_client.py:260 | cached_clock: 46, curr_clock: 48
INFO flower 2021-04-08 09:35:13,685 | numpy_client.py:184 | Cache is stale, return ReadIns
DEBUG flower 2021-04-08 09:35:18,340 | numpy_client.py:228 | read: ReadRes(clock=47)
DEBUG flower 2021-04-08 09:35:18,348 | numpy_client.py:172 | fit, FitIns(clock=48)
DEBUG flower 2021-04-08 09:35:18,348 | numpy_client.py:260 | cached_clock: 47, curr_clock: 48
INFO flower 2021-04-08 09:35:21,896 | numpy_client.py:205 | Cache is fresh, return FitRes(clock=48)
DEBUG flower 2021-04-08 09:35:27,097 | numpy_client.py:172 | fit, FitIns(clock=49)
DEBUG flower 2021-04-08 09:35:27,097 | numpy_client.py:260 | cached_clock: 47, curr_clock: 49
INFO flower 2021-04-08 09:35:27,098 | numpy_client.py:184 | Cache is stale, return ReadIns
DEBUG flower 2021-04-08 09:35:31,814 | numpy_client.py:228 | read: ReadRes(clock=48)
DEBUG flower 2021-04-08 09:35:31,821 | numpy_client.py:172 | fit, FitIns(clock=49)
DEBUG flower 2021-04-08 09:35:31,821 | numpy_client.py:260 | cached_clock: 48, curr_clock: 49
INFO flower 2021-04-08 09:35:35,309 | numpy_client.py:205 | Cache is fresh, return FitRes(clock=49)
DEBUG flower 2021-04-08 09:35:40,757 | numpy_client.py:172 | fit, FitIns(clock=50)
DEBUG flower 2021-04-08 09:35:40,757 | numpy_client.py:260 | cached_clock: 48, curr_clock: 50
INFO flower 2021-04-08 09:35:40,757 | numpy_client.py:184 | Cache is stale, return ReadIns
DEBUG flower 2021-04-08 09:35:45,475 | numpy_client.py:228 | read: ReadRes(clock=49)
DEBUG flower 2021-04-08 09:35:45,483 | numpy_client.py:172 | fit, FitIns(clock=50)
DEBUG flower 2021-04-08 09:35:45,483 | numpy_client.py:260 | cached_clock: 49, curr_clock: 50
INFO flower 2021-04-08 09:35:49,188 | numpy_client.py:205 | Cache is fresh, return FitRes(clock=50)
DEBUG flower 2021-04-08 09:35:54,698 | numpy_client.py:172 | fit, FitIns(clock=51)
DEBUG flower 2021-04-08 09:35:54,698 | numpy_client.py:260 | cached_clock: 49, curr_clock: 51
INFO flower 2021-04-08 09:35:54,699 | numpy_client.py:184 | Cache is stale, return ReadIns
DEBUG flower 2021-04-08 09:35:59,012 | numpy_client.py:228 | read: ReadRes(clock=50)
DEBUG flower 2021-04-08 09:35:59,019 | numpy_client.py:172 | fit, FitIns(clock=51)
DEBUG flower 2021-04-08 09:35:59,019 | numpy_client.py:260 | cached_clock: 50, curr_clock: 51
INFO flower 2021-04-08 09:36:02,680 | numpy_client.py:205 | Cache is fresh, return FitRes(clock=51)
DEBUG flower 2021-04-08 09:36:07,987 | numpy_client.py:172 | fit, FitIns(clock=52)
DEBUG flower 2021-04-08 09:36:07,988 | numpy_client.py:260 | cached_clock: 50, curr_clock: 52
INFO flower 2021-04-08 09:36:07,988 | numpy_client.py:184 | Cache is stale, return ReadIns
DEBUG flower 2021-04-08 09:36:12,611 | numpy_client.py:228 | read: ReadRes(clock=51)
DEBUG flower 2021-04-08 09:36:12,618 | numpy_client.py:172 | fit, FitIns(clock=52)
DEBUG flower 2021-04-08 09:36:12,618 | numpy_client.py:260 | cached_clock: 51, curr_clock: 52
INFO flower 2021-04-08 09:36:16,182 | numpy_client.py:205 | Cache is fresh, return FitRes(clock=52)
DEBUG flower 2021-04-08 09:36:21,740 | numpy_client.py:172 | fit, FitIns(clock=53)
DEBUG flower 2021-04-08 09:36:21,740 | numpy_client.py:260 | cached_clock: 51, curr_clock: 53
INFO flower 2021-04-08 09:36:21,741 | numpy_client.py:184 | Cache is stale, return ReadIns
DEBUG flower 2021-04-08 09:36:26,221 | numpy_client.py:228 | read: ReadRes(clock=52)
DEBUG flower 2021-04-08 09:36:26,228 | numpy_client.py:172 | fit, FitIns(clock=53)
DEBUG flower 2021-04-08 09:36:26,229 | numpy_client.py:260 | cached_clock: 52, curr_clock: 53
INFO flower 2021-04-08 09:36:29,998 | numpy_client.py:205 | Cache is fresh, return FitRes(clock=53)
DEBUG flower 2021-04-08 09:36:35,787 | numpy_client.py:172 | fit, FitIns(clock=54)
DEBUG flower 2021-04-08 09:36:35,787 | numpy_client.py:260 | cached_clock: 52, curr_clock: 54
INFO flower 2021-04-08 09:36:35,787 | numpy_client.py:184 | Cache is stale, return ReadIns
DEBUG flower 2021-04-08 09:36:40,475 | numpy_client.py:228 | read: ReadRes(clock=53)
DEBUG flower 2021-04-08 09:36:40,483 | numpy_client.py:172 | fit, FitIns(clock=54)
DEBUG flower 2021-04-08 09:36:40,483 | numpy_client.py:260 | cached_clock: 53, curr_clock: 54
INFO flower 2021-04-08 09:36:43,980 | numpy_client.py:205 | Cache is fresh, return FitRes(clock=54)
DEBUG flower 2021-04-08 09:36:50,114 | numpy_client.py:172 | fit, FitIns(clock=55)
DEBUG flower 2021-04-08 09:36:50,114 | numpy_client.py:260 | cached_clock: 53, curr_clock: 55
INFO flower 2021-04-08 09:36:50,114 | numpy_client.py:184 | Cache is stale, return ReadIns
DEBUG flower 2021-04-08 09:36:54,818 | numpy_client.py:228 | read: ReadRes(clock=54)
DEBUG flower 2021-04-08 09:36:54,826 | numpy_client.py:172 | fit, FitIns(clock=55)
DEBUG flower 2021-04-08 09:36:54,826 | numpy_client.py:260 | cached_clock: 54, curr_clock: 55
INFO flower 2021-04-08 09:36:58,600 | numpy_client.py:205 | Cache is fresh, return FitRes(clock=55)
DEBUG flower 2021-04-08 09:37:04,330 | numpy_client.py:172 | fit, FitIns(clock=56)
DEBUG flower 2021-04-08 09:37:04,331 | numpy_client.py:260 | cached_clock: 54, curr_clock: 56
INFO flower 2021-04-08 09:37:04,331 | numpy_client.py:184 | Cache is stale, return ReadIns
DEBUG flower 2021-04-08 09:37:08,715 | numpy_client.py:228 | read: ReadRes(clock=55)
DEBUG flower 2021-04-08 09:37:08,723 | numpy_client.py:172 | fit, FitIns(clock=56)
DEBUG flower 2021-04-08 09:37:08,723 | numpy_client.py:260 | cached_clock: 55, curr_clock: 56
INFO flower 2021-04-08 09:37:12,490 | numpy_client.py:205 | Cache is fresh, return FitRes(clock=56)
DEBUG flower 2021-04-08 09:37:18,009 | numpy_client.py:172 | fit, FitIns(clock=57)
DEBUG flower 2021-04-08 09:37:18,009 | numpy_client.py:260 | cached_clock: 55, curr_clock: 57
INFO flower 2021-04-08 09:37:18,009 | numpy_client.py:184 | Cache is stale, return ReadIns
DEBUG flower 2021-04-08 09:37:22,501 | numpy_client.py:228 | read: ReadRes(clock=56)
DEBUG flower 2021-04-08 09:37:22,509 | numpy_client.py:172 | fit, FitIns(clock=57)
DEBUG flower 2021-04-08 09:37:22,509 | numpy_client.py:260 | cached_clock: 56, curr_clock: 57
INFO flower 2021-04-08 09:37:26,100 | numpy_client.py:205 | Cache is fresh, return FitRes(clock=57)
DEBUG flower 2021-04-08 09:37:31,717 | numpy_client.py:172 | fit, FitIns(clock=58)
DEBUG flower 2021-04-08 09:37:31,717 | numpy_client.py:260 | cached_clock: 56, curr_clock: 58
INFO flower 2021-04-08 09:37:31,717 | numpy_client.py:184 | Cache is stale, return ReadIns
DEBUG flower 2021-04-08 09:37:36,265 | numpy_client.py:228 | read: ReadRes(clock=57)
DEBUG flower 2021-04-08 09:37:36,272 | numpy_client.py:172 | fit, FitIns(clock=58)
DEBUG flower 2021-04-08 09:37:36,273 | numpy_client.py:260 | cached_clock: 57, curr_clock: 58
INFO flower 2021-04-08 09:37:39,887 | numpy_client.py:205 | Cache is fresh, return FitRes(clock=58)
DEBUG flower 2021-04-08 09:37:45,331 | numpy_client.py:172 | fit, FitIns(clock=59)
DEBUG flower 2021-04-08 09:37:45,331 | numpy_client.py:260 | cached_clock: 57, curr_clock: 59
INFO flower 2021-04-08 09:37:45,332 | numpy_client.py:184 | Cache is stale, return ReadIns
DEBUG flower 2021-04-08 09:37:49,708 | numpy_client.py:228 | read: ReadRes(clock=58)
DEBUG flower 2021-04-08 09:37:49,715 | numpy_client.py:172 | fit, FitIns(clock=59)
DEBUG flower 2021-04-08 09:37:49,716 | numpy_client.py:260 | cached_clock: 58, curr_clock: 59
INFO flower 2021-04-08 09:37:53,289 | numpy_client.py:205 | Cache is fresh, return FitRes(clock=59)
DEBUG flower 2021-04-08 09:37:58,770 | numpy_client.py:172 | fit, FitIns(clock=60)
DEBUG flower 2021-04-08 09:37:58,770 | numpy_client.py:260 | cached_clock: 58, curr_clock: 60
INFO flower 2021-04-08 09:37:58,770 | numpy_client.py:184 | Cache is stale, return ReadIns
DEBUG flower 2021-04-08 09:38:03,330 | numpy_client.py:228 | read: ReadRes(clock=59)
DEBUG flower 2021-04-08 09:38:03,337 | numpy_client.py:172 | fit, FitIns(clock=60)
DEBUG flower 2021-04-08 09:38:03,337 | numpy_client.py:260 | cached_clock: 59, curr_clock: 60
INFO flower 2021-04-08 09:38:07,280 | numpy_client.py:205 | Cache is fresh, return FitRes(clock=60)
DEBUG flower 2021-04-08 09:38:12,154 | numpy_client.py:172 | fit, FitIns(clock=61)
DEBUG flower 2021-04-08 09:38:12,155 | numpy_client.py:260 | cached_clock: 59, curr_clock: 61
INFO flower 2021-04-08 09:38:12,155 | numpy_client.py:184 | Cache is stale, return ReadIns
DEBUG flower 2021-04-08 09:38:16,642 | numpy_client.py:228 | read: ReadRes(clock=60)
DEBUG flower 2021-04-08 09:38:16,677 | numpy_client.py:172 | fit, FitIns(clock=61)
DEBUG flower 2021-04-08 09:38:16,678 | numpy_client.py:260 | cached_clock: 60, curr_clock: 61
INFO flower 2021-04-08 09:38:20,279 | numpy_client.py:205 | Cache is fresh, return FitRes(clock=61)
DEBUG flower 2021-04-08 09:38:26,016 | numpy_client.py:172 | fit, FitIns(clock=62)
DEBUG flower 2021-04-08 09:38:26,016 | numpy_client.py:260 | cached_clock: 60, curr_clock: 62
INFO flower 2021-04-08 09:38:26,017 | numpy_client.py:184 | Cache is stale, return ReadIns
DEBUG flower 2021-04-08 09:38:30,253 | numpy_client.py:228 | read: ReadRes(clock=61)
DEBUG flower 2021-04-08 09:38:30,261 | numpy_client.py:172 | fit, FitIns(clock=62)
DEBUG flower 2021-04-08 09:38:30,261 | numpy_client.py:260 | cached_clock: 61, curr_clock: 62
INFO flower 2021-04-08 09:38:33,889 | numpy_client.py:205 | Cache is fresh, return FitRes(clock=62)
DEBUG flower 2021-04-08 09:38:39,495 | numpy_client.py:172 | fit, FitIns(clock=63)
DEBUG flower 2021-04-08 09:38:39,495 | numpy_client.py:260 | cached_clock: 61, curr_clock: 63
INFO flower 2021-04-08 09:38:39,495 | numpy_client.py:184 | Cache is stale, return ReadIns
DEBUG flower 2021-04-08 09:38:44,053 | numpy_client.py:228 | read: ReadRes(clock=62)
DEBUG flower 2021-04-08 09:38:44,080 | numpy_client.py:172 | fit, FitIns(clock=63)
DEBUG flower 2021-04-08 09:38:44,081 | numpy_client.py:260 | cached_clock: 62, curr_clock: 63
INFO flower 2021-04-08 09:38:47,600 | numpy_client.py:205 | Cache is fresh, return FitRes(clock=63)
DEBUG flower 2021-04-08 09:38:53,380 | numpy_client.py:172 | fit, FitIns(clock=64)
DEBUG flower 2021-04-08 09:38:53,381 | numpy_client.py:260 | cached_clock: 62, curr_clock: 64
INFO flower 2021-04-08 09:38:53,381 | numpy_client.py:184 | Cache is stale, return ReadIns
DEBUG flower 2021-04-08 09:38:58,301 | numpy_client.py:228 | read: ReadRes(clock=63)
DEBUG flower 2021-04-08 09:38:58,308 | numpy_client.py:172 | fit, FitIns(clock=64)
DEBUG flower 2021-04-08 09:38:58,308 | numpy_client.py:260 | cached_clock: 63, curr_clock: 64
INFO flower 2021-04-08 09:39:01,979 | numpy_client.py:205 | Cache is fresh, return FitRes(clock=64)
DEBUG flower 2021-04-08 09:39:07,325 | numpy_client.py:172 | fit, FitIns(clock=65)
DEBUG flower 2021-04-08 09:39:07,325 | numpy_client.py:260 | cached_clock: 63, curr_clock: 65
INFO flower 2021-04-08 09:39:07,325 | numpy_client.py:184 | Cache is stale, return ReadIns
DEBUG flower 2021-04-08 09:39:11,977 | numpy_client.py:228 | read: ReadRes(clock=64)
DEBUG flower 2021-04-08 09:39:11,984 | numpy_client.py:172 | fit, FitIns(clock=65)
DEBUG flower 2021-04-08 09:39:11,984 | numpy_client.py:260 | cached_clock: 64, curr_clock: 65
INFO flower 2021-04-08 09:39:15,704 | numpy_client.py:205 | Cache is fresh, return FitRes(clock=65)
DEBUG flower 2021-04-08 09:39:21,221 | numpy_client.py:172 | fit, FitIns(clock=66)
DEBUG flower 2021-04-08 09:39:21,221 | numpy_client.py:260 | cached_clock: 64, curr_clock: 66
INFO flower 2021-04-08 09:39:21,221 | numpy_client.py:184 | Cache is stale, return ReadIns
DEBUG flower 2021-04-08 09:39:25,573 | numpy_client.py:228 | read: ReadRes(clock=65)
DEBUG flower 2021-04-08 09:39:25,581 | numpy_client.py:172 | fit, FitIns(clock=66)
DEBUG flower 2021-04-08 09:39:25,581 | numpy_client.py:260 | cached_clock: 65, curr_clock: 66
INFO flower 2021-04-08 09:39:29,096 | numpy_client.py:205 | Cache is fresh, return FitRes(clock=66)
DEBUG flower 2021-04-08 09:39:34,618 | numpy_client.py:172 | fit, FitIns(clock=67)
DEBUG flower 2021-04-08 09:39:34,618 | numpy_client.py:260 | cached_clock: 65, curr_clock: 67
INFO flower 2021-04-08 09:39:34,618 | numpy_client.py:184 | Cache is stale, return ReadIns
DEBUG flower 2021-04-08 09:39:39,180 | numpy_client.py:228 | read: ReadRes(clock=66)
DEBUG flower 2021-04-08 09:39:39,188 | numpy_client.py:172 | fit, FitIns(clock=67)
DEBUG flower 2021-04-08 09:39:39,188 | numpy_client.py:260 | cached_clock: 66, curr_clock: 67
INFO flower 2021-04-08 09:39:42,578 | numpy_client.py:205 | Cache is fresh, return FitRes(clock=67)
DEBUG flower 2021-04-08 09:39:48,257 | numpy_client.py:172 | fit, FitIns(clock=68)
DEBUG flower 2021-04-08 09:39:48,257 | numpy_client.py:260 | cached_clock: 66, curr_clock: 68
INFO flower 2021-04-08 09:39:48,258 | numpy_client.py:184 | Cache is stale, return ReadIns
DEBUG flower 2021-04-08 09:39:52,630 | numpy_client.py:228 | read: ReadRes(clock=67)
DEBUG flower 2021-04-08 09:39:52,637 | numpy_client.py:172 | fit, FitIns(clock=68)
DEBUG flower 2021-04-08 09:39:52,637 | numpy_client.py:260 | cached_clock: 67, curr_clock: 68
INFO flower 2021-04-08 09:39:56,386 | numpy_client.py:205 | Cache is fresh, return FitRes(clock=68)
DEBUG flower 2021-04-08 09:40:01,529 | numpy_client.py:172 | fit, FitIns(clock=69)
DEBUG flower 2021-04-08 09:40:01,529 | numpy_client.py:260 | cached_clock: 67, curr_clock: 69
INFO flower 2021-04-08 09:40:01,530 | numpy_client.py:184 | Cache is stale, return ReadIns
DEBUG flower 2021-04-08 09:40:05,708 | numpy_client.py:228 | read: ReadRes(clock=68)
DEBUG flower 2021-04-08 09:40:05,713 | numpy_client.py:172 | fit, FitIns(clock=69)
DEBUG flower 2021-04-08 09:40:05,713 | numpy_client.py:260 | cached_clock: 68, curr_clock: 69
INFO flower 2021-04-08 09:40:09,283 | numpy_client.py:205 | Cache is fresh, return FitRes(clock=69)
DEBUG flower 2021-04-08 09:40:14,881 | numpy_client.py:172 | fit, FitIns(clock=70)
DEBUG flower 2021-04-08 09:40:14,881 | numpy_client.py:260 | cached_clock: 68, curr_clock: 70
INFO flower 2021-04-08 09:40:14,882 | numpy_client.py:184 | Cache is stale, return ReadIns
DEBUG flower 2021-04-08 09:40:19,415 | numpy_client.py:228 | read: ReadRes(clock=69)
DEBUG flower 2021-04-08 09:40:19,422 | numpy_client.py:172 | fit, FitIns(clock=70)
DEBUG flower 2021-04-08 09:40:19,422 | numpy_client.py:260 | cached_clock: 69, curr_clock: 70
INFO flower 2021-04-08 09:40:22,997 | numpy_client.py:205 | Cache is fresh, return FitRes(clock=70)
DEBUG flower 2021-04-08 09:40:28,519 | numpy_client.py:172 | fit, FitIns(clock=71)
DEBUG flower 2021-04-08 09:40:28,520 | numpy_client.py:260 | cached_clock: 69, curr_clock: 71
INFO flower 2021-04-08 09:40:28,520 | numpy_client.py:184 | Cache is stale, return ReadIns
DEBUG flower 2021-04-08 09:40:33,227 | numpy_client.py:228 | read: ReadRes(clock=70)
DEBUG flower 2021-04-08 09:40:33,234 | numpy_client.py:172 | fit, FitIns(clock=71)
DEBUG flower 2021-04-08 09:40:33,235 | numpy_client.py:260 | cached_clock: 70, curr_clock: 71
INFO flower 2021-04-08 09:40:36,797 | numpy_client.py:205 | Cache is fresh, return FitRes(clock=71)
DEBUG flower 2021-04-08 09:40:42,574 | numpy_client.py:172 | fit, FitIns(clock=72)
DEBUG flower 2021-04-08 09:40:42,574 | numpy_client.py:260 | cached_clock: 70, curr_clock: 72
INFO flower 2021-04-08 09:40:42,574 | numpy_client.py:184 | Cache is stale, return ReadIns
DEBUG flower 2021-04-08 09:40:47,101 | numpy_client.py:228 | read: ReadRes(clock=71)
DEBUG flower 2021-04-08 09:40:47,109 | numpy_client.py:172 | fit, FitIns(clock=72)
DEBUG flower 2021-04-08 09:40:47,109 | numpy_client.py:260 | cached_clock: 71, curr_clock: 72
INFO flower 2021-04-08 09:40:50,877 | numpy_client.py:205 | Cache is fresh, return FitRes(clock=72)
DEBUG flower 2021-04-08 09:40:55,634 | numpy_client.py:172 | fit, FitIns(clock=73)
DEBUG flower 2021-04-08 09:40:55,634 | numpy_client.py:260 | cached_clock: 71, curr_clock: 73
INFO flower 2021-04-08 09:40:55,634 | numpy_client.py:184 | Cache is stale, return ReadIns
DEBUG flower 2021-04-08 09:41:00,675 | numpy_client.py:228 | read: ReadRes(clock=72)
DEBUG flower 2021-04-08 09:41:00,682 | numpy_client.py:172 | fit, FitIns(clock=73)
DEBUG flower 2021-04-08 09:41:00,683 | numpy_client.py:260 | cached_clock: 72, curr_clock: 73
INFO flower 2021-04-08 09:41:04,582 | numpy_client.py:205 | Cache is fresh, return FitRes(clock=73)
DEBUG flower 2021-04-08 09:41:09,614 | numpy_client.py:172 | fit, FitIns(clock=74)
DEBUG flower 2021-04-08 09:41:09,614 | numpy_client.py:260 | cached_clock: 72, curr_clock: 74
INFO flower 2021-04-08 09:41:09,614 | numpy_client.py:184 | Cache is stale, return ReadIns
DEBUG flower 2021-04-08 09:41:14,024 | numpy_client.py:228 | read: ReadRes(clock=73)
DEBUG flower 2021-04-08 09:41:14,031 | numpy_client.py:172 | fit, FitIns(clock=74)
DEBUG flower 2021-04-08 09:41:14,031 | numpy_client.py:260 | cached_clock: 73, curr_clock: 74
INFO flower 2021-04-08 09:41:17,696 | numpy_client.py:205 | Cache is fresh, return FitRes(clock=74)
DEBUG flower 2021-04-08 09:41:23,207 | numpy_client.py:172 | fit, FitIns(clock=75)
DEBUG flower 2021-04-08 09:41:23,207 | numpy_client.py:260 | cached_clock: 73, curr_clock: 75
INFO flower 2021-04-08 09:41:23,207 | numpy_client.py:184 | Cache is stale, return ReadIns
DEBUG flower 2021-04-08 09:41:27,475 | numpy_client.py:228 | read: ReadRes(clock=74)
DEBUG flower 2021-04-08 09:41:27,483 | numpy_client.py:172 | fit, FitIns(clock=75)
DEBUG flower 2021-04-08 09:41:27,483 | numpy_client.py:260 | cached_clock: 74, curr_clock: 75
INFO flower 2021-04-08 09:41:31,196 | numpy_client.py:205 | Cache is fresh, return FitRes(clock=75)
DEBUG flower 2021-04-08 09:41:36,807 | numpy_client.py:172 | fit, FitIns(clock=76)
DEBUG flower 2021-04-08 09:41:36,808 | numpy_client.py:260 | cached_clock: 74, curr_clock: 76
INFO flower 2021-04-08 09:41:36,808 | numpy_client.py:184 | Cache is stale, return ReadIns
DEBUG flower 2021-04-08 09:41:41,131 | numpy_client.py:228 | read: ReadRes(clock=75)
DEBUG flower 2021-04-08 09:41:41,138 | numpy_client.py:172 | fit, FitIns(clock=76)
DEBUG flower 2021-04-08 09:41:41,139 | numpy_client.py:260 | cached_clock: 75, curr_clock: 76
INFO flower 2021-04-08 09:41:44,395 | numpy_client.py:205 | Cache is fresh, return FitRes(clock=76)
DEBUG flower 2021-04-08 09:41:50,674 | numpy_client.py:172 | fit, FitIns(clock=77)
DEBUG flower 2021-04-08 09:41:50,674 | numpy_client.py:260 | cached_clock: 75, curr_clock: 77
INFO flower 2021-04-08 09:41:50,674 | numpy_client.py:184 | Cache is stale, return ReadIns
DEBUG flower 2021-04-08 09:41:55,429 | numpy_client.py:228 | read: ReadRes(clock=76)
DEBUG flower 2021-04-08 09:41:55,436 | numpy_client.py:172 | fit, FitIns(clock=77)
DEBUG flower 2021-04-08 09:41:55,436 | numpy_client.py:260 | cached_clock: 76, curr_clock: 77
INFO flower 2021-04-08 09:41:58,983 | numpy_client.py:205 | Cache is fresh, return FitRes(clock=77)
DEBUG flower 2021-04-08 09:42:05,237 | numpy_client.py:172 | fit, FitIns(clock=78)
DEBUG flower 2021-04-08 09:42:05,237 | numpy_client.py:260 | cached_clock: 76, curr_clock: 78
INFO flower 2021-04-08 09:42:05,237 | numpy_client.py:184 | Cache is stale, return ReadIns
DEBUG flower 2021-04-08 09:42:09,944 | numpy_client.py:228 | read: ReadRes(clock=77)
DEBUG flower 2021-04-08 09:42:09,979 | numpy_client.py:172 | fit, FitIns(clock=78)
DEBUG flower 2021-04-08 09:42:09,980 | numpy_client.py:260 | cached_clock: 77, curr_clock: 78
INFO flower 2021-04-08 09:42:13,495 | numpy_client.py:205 | Cache is fresh, return FitRes(clock=78)
DEBUG flower 2021-04-08 09:42:19,329 | numpy_client.py:172 | fit, FitIns(clock=79)
DEBUG flower 2021-04-08 09:42:19,329 | numpy_client.py:260 | cached_clock: 77, curr_clock: 79
INFO flower 2021-04-08 09:42:19,329 | numpy_client.py:184 | Cache is stale, return ReadIns
DEBUG flower 2021-04-08 09:42:23,874 | numpy_client.py:228 | read: ReadRes(clock=78)
DEBUG flower 2021-04-08 09:42:23,881 | numpy_client.py:172 | fit, FitIns(clock=79)
DEBUG flower 2021-04-08 09:42:23,881 | numpy_client.py:260 | cached_clock: 78, curr_clock: 79
INFO flower 2021-04-08 09:42:27,404 | numpy_client.py:205 | Cache is fresh, return FitRes(clock=79)
DEBUG flower 2021-04-08 09:42:32,911 | numpy_client.py:172 | fit, FitIns(clock=80)
DEBUG flower 2021-04-08 09:42:32,912 | numpy_client.py:260 | cached_clock: 78, curr_clock: 80
INFO flower 2021-04-08 09:42:32,912 | numpy_client.py:184 | Cache is stale, return ReadIns
DEBUG flower 2021-04-08 09:42:38,027 | numpy_client.py:228 | read: ReadRes(clock=79)
DEBUG flower 2021-04-08 09:42:38,035 | numpy_client.py:172 | fit, FitIns(clock=80)
DEBUG flower 2021-04-08 09:42:38,035 | numpy_client.py:260 | cached_clock: 79, curr_clock: 80
INFO flower 2021-04-08 09:42:41,612 | numpy_client.py:205 | Cache is fresh, return FitRes(clock=80)
DEBUG flower 2021-04-08 09:42:46,830 | numpy_client.py:172 | fit, FitIns(clock=81)
DEBUG flower 2021-04-08 09:42:46,830 | numpy_client.py:260 | cached_clock: 79, curr_clock: 81
INFO flower 2021-04-08 09:42:46,830 | numpy_client.py:184 | Cache is stale, return ReadIns
DEBUG flower 2021-04-08 09:42:51,451 | numpy_client.py:228 | read: ReadRes(clock=80)
DEBUG flower 2021-04-08 09:42:51,459 | numpy_client.py:172 | fit, FitIns(clock=81)
DEBUG flower 2021-04-08 09:42:51,459 | numpy_client.py:260 | cached_clock: 80, curr_clock: 81
INFO flower 2021-04-08 09:42:54,881 | numpy_client.py:205 | Cache is fresh, return FitRes(clock=81)
DEBUG flower 2021-04-08 09:43:00,519 | numpy_client.py:172 | fit, FitIns(clock=82)
DEBUG flower 2021-04-08 09:43:00,519 | numpy_client.py:260 | cached_clock: 80, curr_clock: 82
INFO flower 2021-04-08 09:43:00,519 | numpy_client.py:184 | Cache is stale, return ReadIns
DEBUG flower 2021-04-08 09:43:04,831 | numpy_client.py:228 | read: ReadRes(clock=81)
DEBUG flower 2021-04-08 09:43:04,838 | numpy_client.py:172 | fit, FitIns(clock=82)
DEBUG flower 2021-04-08 09:43:04,839 | numpy_client.py:260 | cached_clock: 81, curr_clock: 82
INFO flower 2021-04-08 09:43:08,395 | numpy_client.py:205 | Cache is fresh, return FitRes(clock=82)
DEBUG flower 2021-04-08 09:43:13,891 | numpy_client.py:172 | fit, FitIns(clock=83)
DEBUG flower 2021-04-08 09:43:13,891 | numpy_client.py:260 | cached_clock: 81, curr_clock: 83
INFO flower 2021-04-08 09:43:13,892 | numpy_client.py:184 | Cache is stale, return ReadIns
DEBUG flower 2021-04-08 09:43:18,230 | numpy_client.py:228 | read: ReadRes(clock=82)
DEBUG flower 2021-04-08 09:43:18,237 | numpy_client.py:172 | fit, FitIns(clock=83)
DEBUG flower 2021-04-08 09:43:18,237 | numpy_client.py:260 | cached_clock: 82, curr_clock: 83
INFO flower 2021-04-08 09:43:21,695 | numpy_client.py:205 | Cache is fresh, return FitRes(clock=83)
DEBUG flower 2021-04-08 09:43:27,493 | numpy_client.py:172 | fit, FitIns(clock=84)
DEBUG flower 2021-04-08 09:43:27,494 | numpy_client.py:260 | cached_clock: 82, curr_clock: 84
INFO flower 2021-04-08 09:43:27,494 | numpy_client.py:184 | Cache is stale, return ReadIns
DEBUG flower 2021-04-08 09:43:31,975 | numpy_client.py:228 | read: ReadRes(clock=83)
DEBUG flower 2021-04-08 09:43:31,982 | numpy_client.py:172 | fit, FitIns(clock=84)
DEBUG flower 2021-04-08 09:43:31,982 | numpy_client.py:260 | cached_clock: 83, curr_clock: 84
INFO flower 2021-04-08 09:43:35,690 | numpy_client.py:205 | Cache is fresh, return FitRes(clock=84)
DEBUG flower 2021-04-08 09:43:40,873 | numpy_client.py:172 | fit, FitIns(clock=85)
DEBUG flower 2021-04-08 09:43:40,873 | numpy_client.py:260 | cached_clock: 83, curr_clock: 85
INFO flower 2021-04-08 09:43:40,874 | numpy_client.py:184 | Cache is stale, return ReadIns
DEBUG flower 2021-04-08 09:43:45,332 | numpy_client.py:228 | read: ReadRes(clock=84)
DEBUG flower 2021-04-08 09:43:45,339 | numpy_client.py:172 | fit, FitIns(clock=85)
DEBUG flower 2021-04-08 09:43:45,339 | numpy_client.py:260 | cached_clock: 84, curr_clock: 85
INFO flower 2021-04-08 09:43:49,080 | numpy_client.py:205 | Cache is fresh, return FitRes(clock=85)
DEBUG flower 2021-04-08 09:43:54,617 | numpy_client.py:172 | fit, FitIns(clock=86)
DEBUG flower 2021-04-08 09:43:54,617 | numpy_client.py:260 | cached_clock: 84, curr_clock: 86
INFO flower 2021-04-08 09:43:54,618 | numpy_client.py:184 | Cache is stale, return ReadIns
DEBUG flower 2021-04-08 09:43:59,175 | numpy_client.py:228 | read: ReadRes(clock=85)
DEBUG flower 2021-04-08 09:43:59,182 | numpy_client.py:172 | fit, FitIns(clock=86)
DEBUG flower 2021-04-08 09:43:59,182 | numpy_client.py:260 | cached_clock: 85, curr_clock: 86
INFO flower 2021-04-08 09:44:02,783 | numpy_client.py:205 | Cache is fresh, return FitRes(clock=86)
DEBUG flower 2021-04-08 09:44:08,243 | numpy_client.py:172 | fit, FitIns(clock=87)
DEBUG flower 2021-04-08 09:44:08,244 | numpy_client.py:260 | cached_clock: 85, curr_clock: 87
INFO flower 2021-04-08 09:44:08,244 | numpy_client.py:184 | Cache is stale, return ReadIns
DEBUG flower 2021-04-08 09:44:12,765 | numpy_client.py:228 | read: ReadRes(clock=86)
DEBUG flower 2021-04-08 09:44:12,771 | numpy_client.py:172 | fit, FitIns(clock=87)
DEBUG flower 2021-04-08 09:44:12,771 | numpy_client.py:260 | cached_clock: 86, curr_clock: 87
INFO flower 2021-04-08 09:44:16,383 | numpy_client.py:205 | Cache is fresh, return FitRes(clock=87)
DEBUG flower 2021-04-08 09:44:21,756 | numpy_client.py:172 | fit, FitIns(clock=88)
DEBUG flower 2021-04-08 09:44:21,756 | numpy_client.py:260 | cached_clock: 86, curr_clock: 88
INFO flower 2021-04-08 09:44:21,756 | numpy_client.py:184 | Cache is stale, return ReadIns
DEBUG flower 2021-04-08 09:44:26,287 | numpy_client.py:228 | read: ReadRes(clock=87)
DEBUG flower 2021-04-08 09:44:26,294 | numpy_client.py:172 | fit, FitIns(clock=88)
DEBUG flower 2021-04-08 09:44:26,294 | numpy_client.py:260 | cached_clock: 87, curr_clock: 88
INFO flower 2021-04-08 09:44:29,893 | numpy_client.py:205 | Cache is fresh, return FitRes(clock=88)
DEBUG flower 2021-04-08 09:44:35,477 | numpy_client.py:172 | fit, FitIns(clock=89)
DEBUG flower 2021-04-08 09:44:35,477 | numpy_client.py:260 | cached_clock: 87, curr_clock: 89
INFO flower 2021-04-08 09:44:35,477 | numpy_client.py:184 | Cache is stale, return ReadIns
DEBUG flower 2021-04-08 09:44:39,799 | numpy_client.py:228 | read: ReadRes(clock=88)
DEBUG flower 2021-04-08 09:44:39,806 | numpy_client.py:172 | fit, FitIns(clock=89)
DEBUG flower 2021-04-08 09:44:39,806 | numpy_client.py:260 | cached_clock: 88, curr_clock: 89
INFO flower 2021-04-08 09:44:43,286 | numpy_client.py:205 | Cache is fresh, return FitRes(clock=89)
DEBUG flower 2021-04-08 09:44:49,040 | numpy_client.py:172 | fit, FitIns(clock=90)
DEBUG flower 2021-04-08 09:44:49,040 | numpy_client.py:260 | cached_clock: 88, curr_clock: 90
INFO flower 2021-04-08 09:44:49,041 | numpy_client.py:184 | Cache is stale, return ReadIns
DEBUG flower 2021-04-08 09:44:53,575 | numpy_client.py:228 | read: ReadRes(clock=89)
DEBUG flower 2021-04-08 09:44:53,582 | numpy_client.py:172 | fit, FitIns(clock=90)
DEBUG flower 2021-04-08 09:44:53,583 | numpy_client.py:260 | cached_clock: 89, curr_clock: 90
INFO flower 2021-04-08 09:44:57,100 | numpy_client.py:205 | Cache is fresh, return FitRes(clock=90)
DEBUG flower 2021-04-08 09:45:03,236 | numpy_client.py:172 | fit, FitIns(clock=91)
DEBUG flower 2021-04-08 09:45:03,237 | numpy_client.py:260 | cached_clock: 89, curr_clock: 91
INFO flower 2021-04-08 09:45:03,237 | numpy_client.py:184 | Cache is stale, return ReadIns
DEBUG flower 2021-04-08 09:45:07,824 | numpy_client.py:228 | read: ReadRes(clock=90)
DEBUG flower 2021-04-08 09:45:07,831 | numpy_client.py:172 | fit, FitIns(clock=91)
DEBUG flower 2021-04-08 09:45:07,831 | numpy_client.py:260 | cached_clock: 90, curr_clock: 91
INFO flower 2021-04-08 09:45:11,393 | numpy_client.py:205 | Cache is fresh, return FitRes(clock=91)
DEBUG flower 2021-04-08 09:45:17,749 | numpy_client.py:172 | fit, FitIns(clock=92)
DEBUG flower 2021-04-08 09:45:17,750 | numpy_client.py:260 | cached_clock: 90, curr_clock: 92
INFO flower 2021-04-08 09:45:17,750 | numpy_client.py:184 | Cache is stale, return ReadIns
DEBUG flower 2021-04-08 09:45:22,175 | numpy_client.py:228 | read: ReadRes(clock=91)
DEBUG flower 2021-04-08 09:45:22,183 | numpy_client.py:172 | fit, FitIns(clock=92)
DEBUG flower 2021-04-08 09:45:22,183 | numpy_client.py:260 | cached_clock: 91, curr_clock: 92
INFO flower 2021-04-08 09:45:25,595 | numpy_client.py:205 | Cache is fresh, return FitRes(clock=92)
DEBUG flower 2021-04-08 09:45:31,287 | numpy_client.py:172 | fit, FitIns(clock=93)
DEBUG flower 2021-04-08 09:45:31,287 | numpy_client.py:260 | cached_clock: 91, curr_clock: 93
INFO flower 2021-04-08 09:45:31,287 | numpy_client.py:184 | Cache is stale, return ReadIns
DEBUG flower 2021-04-08 09:45:36,038 | numpy_client.py:228 | read: ReadRes(clock=92)
DEBUG flower 2021-04-08 09:45:36,045 | numpy_client.py:172 | fit, FitIns(clock=93)
DEBUG flower 2021-04-08 09:45:36,045 | numpy_client.py:260 | cached_clock: 92, curr_clock: 93
INFO flower 2021-04-08 09:45:39,397 | numpy_client.py:205 | Cache is fresh, return FitRes(clock=93)
DEBUG flower 2021-04-08 09:45:45,170 | numpy_client.py:172 | fit, FitIns(clock=94)
DEBUG flower 2021-04-08 09:45:45,170 | numpy_client.py:260 | cached_clock: 92, curr_clock: 94
INFO flower 2021-04-08 09:45:45,170 | numpy_client.py:184 | Cache is stale, return ReadIns
DEBUG flower 2021-04-08 09:45:49,830 | numpy_client.py:228 | read: ReadRes(clock=93)
DEBUG flower 2021-04-08 09:45:49,837 | numpy_client.py:172 | fit, FitIns(clock=94)
DEBUG flower 2021-04-08 09:45:49,838 | numpy_client.py:260 | cached_clock: 93, curr_clock: 94
INFO flower 2021-04-08 09:45:53,397 | numpy_client.py:205 | Cache is fresh, return FitRes(clock=94)
DEBUG flower 2021-04-08 09:45:59,008 | numpy_client.py:172 | fit, FitIns(clock=95)
DEBUG flower 2021-04-08 09:45:59,008 | numpy_client.py:260 | cached_clock: 93, curr_clock: 95
INFO flower 2021-04-08 09:45:59,009 | numpy_client.py:184 | Cache is stale, return ReadIns
DEBUG flower 2021-04-08 09:46:03,297 | numpy_client.py:228 | read: ReadRes(clock=94)
DEBUG flower 2021-04-08 09:46:03,305 | numpy_client.py:172 | fit, FitIns(clock=95)
DEBUG flower 2021-04-08 09:46:03,305 | numpy_client.py:260 | cached_clock: 94, curr_clock: 95
INFO flower 2021-04-08 09:46:06,780 | numpy_client.py:205 | Cache is fresh, return FitRes(clock=95)
DEBUG flower 2021-04-08 09:46:12,575 | numpy_client.py:172 | fit, FitIns(clock=96)
DEBUG flower 2021-04-08 09:46:12,575 | numpy_client.py:260 | cached_clock: 94, curr_clock: 96
INFO flower 2021-04-08 09:46:12,575 | numpy_client.py:184 | Cache is stale, return ReadIns
DEBUG flower 2021-04-08 09:46:16,975 | numpy_client.py:228 | read: ReadRes(clock=95)
DEBUG flower 2021-04-08 09:46:16,982 | numpy_client.py:172 | fit, FitIns(clock=96)
DEBUG flower 2021-04-08 09:46:16,982 | numpy_client.py:260 | cached_clock: 95, curr_clock: 96
INFO flower 2021-04-08 09:46:20,395 | numpy_client.py:205 | Cache is fresh, return FitRes(clock=96)
DEBUG flower 2021-04-08 09:46:26,064 | numpy_client.py:172 | fit, FitIns(clock=97)
DEBUG flower 2021-04-08 09:46:26,064 | numpy_client.py:260 | cached_clock: 95, curr_clock: 97
INFO flower 2021-04-08 09:46:26,065 | numpy_client.py:184 | Cache is stale, return ReadIns
DEBUG flower 2021-04-08 09:46:30,814 | numpy_client.py:228 | read: ReadRes(clock=96)
DEBUG flower 2021-04-08 09:46:30,821 | numpy_client.py:172 | fit, FitIns(clock=97)
DEBUG flower 2021-04-08 09:46:30,821 | numpy_client.py:260 | cached_clock: 96, curr_clock: 97
INFO flower 2021-04-08 09:46:34,616 | numpy_client.py:205 | Cache is fresh, return FitRes(clock=97)
DEBUG flower 2021-04-08 09:46:40,074 | numpy_client.py:172 | fit, FitIns(clock=98)
DEBUG flower 2021-04-08 09:46:40,074 | numpy_client.py:260 | cached_clock: 96, curr_clock: 98
INFO flower 2021-04-08 09:46:40,074 | numpy_client.py:184 | Cache is stale, return ReadIns
DEBUG flower 2021-04-08 09:46:44,521 | numpy_client.py:228 | read: ReadRes(clock=97)
DEBUG flower 2021-04-08 09:46:44,528 | numpy_client.py:172 | fit, FitIns(clock=98)
DEBUG flower 2021-04-08 09:46:44,528 | numpy_client.py:260 | cached_clock: 97, curr_clock: 98
INFO flower 2021-04-08 09:46:47,879 | numpy_client.py:205 | Cache is fresh, return FitRes(clock=98)
DEBUG flower 2021-04-08 09:46:53,822 | numpy_client.py:172 | fit, FitIns(clock=99)
DEBUG flower 2021-04-08 09:46:53,822 | numpy_client.py:260 | cached_clock: 97, curr_clock: 99
INFO flower 2021-04-08 09:46:53,822 | numpy_client.py:184 | Cache is stale, return ReadIns
DEBUG flower 2021-04-08 09:46:58,229 | numpy_client.py:228 | read: ReadRes(clock=98)
DEBUG flower 2021-04-08 09:46:58,236 | numpy_client.py:172 | fit, FitIns(clock=99)
DEBUG flower 2021-04-08 09:46:58,236 | numpy_client.py:260 | cached_clock: 98, curr_clock: 99
INFO flower 2021-04-08 09:47:01,690 | numpy_client.py:205 | Cache is fresh, return FitRes(clock=99)
DEBUG flower 2021-04-08 09:47:01,690 | numpy_client.py:217 | The client finishes computing after 1354 seconds
INFO flower 2021-04-08 09:47:33,579 | numpy_client.py:250 | [32;1m Loss: 43.126, Accuracy: 16.754%[0m
DEBUG flower 2021-04-08 09:47:33,911 | connection.py:68 | Insecure gRPC channel closed
INFO flower 2021-04-08 09:47:33,912 | app.py:74 | Disconnect and shut down
Namespace(idx=26, max_delay=0, min_delay=0, num_clients=31, server_ip='10.244.29.27:8080', staleness_bound=1)
I'm client 26
Start SSP client without delay
Files already downloaded and verified
Files already downloaded and verified
[32;1mClient 26: 2123 train samples, 382 test samples[0m
loss=152.6501109600067, acc=0.19776119402985073
loss=145.9486825466156, acc=0.19776119402985073
loss=136.3974916934967, acc=0.19776119402985073
loss=115.8112119436264, acc=0.208955223880597
loss=112.47182822227478, acc=0.21222014925373134
loss=138.65994119644165, acc=0.19542910447761194
loss=143.53974974155426, acc=0.21688432835820895
loss=144.6388565301895, acc=0.2080223880597015
loss=114.51461184024811, acc=0.21455223880597016
loss=136.00560557842255, acc=0.21735074626865672
loss=140.16105616092682, acc=0.23507462686567165
loss=114.4158263206482, acc=0.23694029850746268
loss=134.20686328411102, acc=0.24207089552238806
loss=113.49158215522766, acc=0.24813432835820895
loss=112.24890160560608, acc=0.27658582089552236
loss=133.40061330795288, acc=0.23507462686567165
loss=113.40434098243713, acc=0.27798507462686567
loss=111.15590274333954, acc=0.2933768656716418
loss=110.79892182350159, acc=0.29524253731343286
loss=130.2878509759903, acc=0.2416044776119403
loss=136.05375182628632, acc=0.2593283582089552
loss=138.63318574428558, acc=0.25093283582089554
loss=138.91975486278534, acc=0.2490671641791045
loss=110.22700989246368, acc=0.32649253731343286
loss=107.41571295261383, acc=0.3423507462686567
loss=106.21590602397919, acc=0.35261194029850745
loss=126.22361445426941, acc=0.2630597014925373
loss=106.49106729030609, acc=0.35494402985074625
loss=123.05604255199432, acc=0.279384328358209
loss=105.11229407787323, acc=0.35634328358208955
loss=121.42917859554291, acc=0.2887126865671642
loss=103.71403539180756, acc=0.37826492537313433
loss=119.95622646808624, acc=0.2957089552238806
loss=124.03227841854095, acc=0.29524253731343286
loss=102.1144950389862, acc=0.3871268656716418
loss=100.51127600669861, acc=0.40205223880597013
loss=99.90447628498077, acc=0.39365671641791045
loss=99.9157520532608, acc=0.4099813432835821
loss=97.52816224098206, acc=0.41511194029850745
loss=96.91655373573303, acc=0.43283582089552236
loss=96.27839362621307, acc=0.4295708955223881
loss=95.2070038318634, acc=0.43330223880597013
loss=94.11465156078339, acc=0.4528917910447761
loss=112.99372446537018, acc=0.35027985074626866
loss=93.8675879240036, acc=0.44822761194029853
loss=92.91149163246155, acc=0.44776119402985076
loss=110.04599726200104, acc=0.3726679104477612
loss=92.95897972583771, acc=0.457089552238806
loss=110.60045027732849, acc=0.38199626865671643
loss=92.11871886253357, acc=0.46222014925373134
loss=91.16354644298553, acc=0.466884328358209
loss=107.35604441165924, acc=0.40345149253731344
loss=113.35830903053284, acc=0.3871268656716418
loss=114.68979144096375, acc=0.3978544776119403
loss=115.41671335697174, acc=0.39925373134328357
loss=117.84402394294739, acc=0.396455223880597
loss=120.15883696079254, acc=0.373134328358209
loss=91.05058741569519, acc=0.46968283582089554
loss=108.43715810775757, acc=0.4085820895522388
loss=113.33368360996246, acc=0.39972014925373134
loss=89.82747662067413, acc=0.48600746268656714
loss=88.79195165634155, acc=0.49347014925373134
loss=104.9207079410553, acc=0.43330223880597013
loss=107.96841943264008, acc=0.417910447761194
loss=88.44114416837692, acc=0.48973880597014924
loss=105.27960073947906, acc=0.4239738805970149
loss=87.48264616727829, acc=0.5023320895522388
loss=86.70697438716888, acc=0.4976679104477612
loss=101.40550166368484, acc=0.44169776119402987
loss=106.04842817783356, acc=0.4454291044776119
loss=86.82000184059143, acc=0.49486940298507465
loss=85.5619403719902, acc=0.503731343283582
loss=85.32613241672516, acc=0.503731343283582
loss=100.07139241695404, acc=0.4664179104477612
loss=104.44199979305267, acc=0.447294776119403
loss=105.8355348110199, acc=0.4430970149253731
loss=106.39167892932892, acc=0.43423507462686567
loss=84.6683686375618, acc=0.5107276119402985
loss=83.75233799219131, acc=0.5051305970149254
loss=83.68439549207687, acc=0.5172574626865671
loss=83.48101204633713, acc=0.5247201492537313
loss=98.90623331069946, acc=0.46968283582089554
loss=100.90987783670425, acc=0.47294776119402987
loss=83.33922892808914, acc=0.5237873134328358
loss=100.72296392917633, acc=0.4626865671641791
loss=102.57732164859772, acc=0.44776119402985076
loss=102.57447385787964, acc=0.46222014925373134
loss=83.08425331115723, acc=0.523320895522388
loss=82.73845839500427, acc=0.523320895522388
loss=97.18921220302582, acc=0.47947761194029853
loss=100.14906495809555, acc=0.47994402985074625
loss=101.83680719137192, acc=0.46455223880597013
loss=82.83417004346848, acc=0.5293843283582089
loss=97.34173768758774, acc=0.480410447761194
loss=83.38340198993683, acc=0.527518656716418
loss=95.93531340360641, acc=0.4822761194029851
loss=98.96392810344696, acc=0.4724813432835821
loss=100.29592853784561, acc=0.470615671641791
loss=101.11006700992584, acc=0.46828358208955223
loss=103.27973926067352, acc=0.46968283582089554
Files already downloaded and verified
Files already downloaded and verified
Testing on full test set: 313, 1092.4322669506073, 0.2622
Testing on partial test set: 12, 43.125906229019165, 0.16753926701570682
