DEBUG flower 2021-04-08 09:24:20,789 | connection.py:36 | ChannelConnectivity.IDLE
INFO flower 2021-04-08 09:24:20,791 | app.py:63 | Opened (insecure) gRPC connection
DEBUG flower 2021-04-08 09:24:20,791 | connection.py:36 | ChannelConnectivity.READY
DEBUG flower 2021-04-08 09:24:27,151 | numpy_client.py:172 | fit, FitIns(clock=0)
INFO flower 2021-04-08 09:24:27,151 | numpy_client.py:184 | Cache is stale, return ReadIns
DEBUG flower 2021-04-08 09:24:27,315 | numpy_client.py:228 | read: ReadRes(clock=-1)
DEBUG flower 2021-04-08 09:24:27,329 | numpy_client.py:172 | fit, FitIns(clock=0)
DEBUG flower 2021-04-08 09:24:27,329 | numpy_client.py:260 | cached_clock: -1, curr_clock: 0
INFO flower 2021-04-08 09:24:28,580 | numpy_client.py:205 | Cache is fresh, return FitRes(clock=0)
DEBUG flower 2021-04-08 09:24:28,611 | numpy_client.py:172 | fit, FitIns(clock=1)
DEBUG flower 2021-04-08 09:24:28,611 | numpy_client.py:260 | cached_clock: -1, curr_clock: 1
INFO flower 2021-04-08 09:24:28,611 | numpy_client.py:184 | Cache is stale, return ReadIns
DEBUG flower 2021-04-08 09:24:32,473 | numpy_client.py:228 | read: ReadRes(clock=0)
DEBUG flower 2021-04-08 09:24:32,480 | numpy_client.py:172 | fit, FitIns(clock=1)
DEBUG flower 2021-04-08 09:24:32,480 | numpy_client.py:260 | cached_clock: 0, curr_clock: 1
INFO flower 2021-04-08 09:24:33,789 | numpy_client.py:205 | Cache is fresh, return FitRes(clock=1)
DEBUG flower 2021-04-08 09:24:41,063 | numpy_client.py:172 | fit, FitIns(clock=2)
DEBUG flower 2021-04-08 09:24:41,063 | numpy_client.py:260 | cached_clock: 0, curr_clock: 2
INFO flower 2021-04-08 09:24:41,063 | numpy_client.py:184 | Cache is stale, return ReadIns
DEBUG flower 2021-04-08 09:24:46,577 | numpy_client.py:228 | read: ReadRes(clock=1)
DEBUG flower 2021-04-08 09:24:46,588 | numpy_client.py:172 | fit, FitIns(clock=2)
DEBUG flower 2021-04-08 09:24:46,588 | numpy_client.py:260 | cached_clock: 1, curr_clock: 2
INFO flower 2021-04-08 09:24:47,885 | numpy_client.py:205 | Cache is fresh, return FitRes(clock=2)
DEBUG flower 2021-04-08 09:24:56,418 | numpy_client.py:172 | fit, FitIns(clock=3)
DEBUG flower 2021-04-08 09:24:56,418 | numpy_client.py:260 | cached_clock: 1, curr_clock: 3
INFO flower 2021-04-08 09:24:56,418 | numpy_client.py:184 | Cache is stale, return ReadIns
DEBUG flower 2021-04-08 09:25:01,877 | numpy_client.py:228 | read: ReadRes(clock=2)
DEBUG flower 2021-04-08 09:25:01,884 | numpy_client.py:172 | fit, FitIns(clock=3)
DEBUG flower 2021-04-08 09:25:01,885 | numpy_client.py:260 | cached_clock: 2, curr_clock: 3
INFO flower 2021-04-08 09:25:03,110 | numpy_client.py:205 | Cache is fresh, return FitRes(clock=3)
DEBUG flower 2021-04-08 09:25:10,613 | numpy_client.py:172 | fit, FitIns(clock=4)
DEBUG flower 2021-04-08 09:25:10,613 | numpy_client.py:260 | cached_clock: 2, curr_clock: 4
INFO flower 2021-04-08 09:25:10,613 | numpy_client.py:184 | Cache is stale, return ReadIns
DEBUG flower 2021-04-08 09:25:15,354 | numpy_client.py:228 | read: ReadRes(clock=3)
DEBUG flower 2021-04-08 09:25:15,362 | numpy_client.py:172 | fit, FitIns(clock=4)
DEBUG flower 2021-04-08 09:25:15,362 | numpy_client.py:260 | cached_clock: 3, curr_clock: 4
INFO flower 2021-04-08 09:25:16,489 | numpy_client.py:205 | Cache is fresh, return FitRes(clock=4)
DEBUG flower 2021-04-08 09:25:24,310 | numpy_client.py:172 | fit, FitIns(clock=5)
DEBUG flower 2021-04-08 09:25:24,310 | numpy_client.py:260 | cached_clock: 3, curr_clock: 5
INFO flower 2021-04-08 09:25:24,311 | numpy_client.py:184 | Cache is stale, return ReadIns
DEBUG flower 2021-04-08 09:25:29,122 | numpy_client.py:228 | read: ReadRes(clock=4)
DEBUG flower 2021-04-08 09:25:29,130 | numpy_client.py:172 | fit, FitIns(clock=5)
DEBUG flower 2021-04-08 09:25:29,130 | numpy_client.py:260 | cached_clock: 4, curr_clock: 5
INFO flower 2021-04-08 09:25:30,312 | numpy_client.py:205 | Cache is fresh, return FitRes(clock=5)
DEBUG flower 2021-04-08 09:25:38,345 | numpy_client.py:172 | fit, FitIns(clock=6)
DEBUG flower 2021-04-08 09:25:38,345 | numpy_client.py:260 | cached_clock: 4, curr_clock: 6
INFO flower 2021-04-08 09:25:38,345 | numpy_client.py:184 | Cache is stale, return ReadIns
DEBUG flower 2021-04-08 09:25:43,278 | numpy_client.py:228 | read: ReadRes(clock=5)
DEBUG flower 2021-04-08 09:25:43,290 | numpy_client.py:172 | fit, FitIns(clock=6)
DEBUG flower 2021-04-08 09:25:43,290 | numpy_client.py:260 | cached_clock: 5, curr_clock: 6
INFO flower 2021-04-08 09:25:44,405 | numpy_client.py:205 | Cache is fresh, return FitRes(clock=6)
DEBUG flower 2021-04-08 09:25:51,835 | numpy_client.py:172 | fit, FitIns(clock=7)
DEBUG flower 2021-04-08 09:25:51,835 | numpy_client.py:260 | cached_clock: 5, curr_clock: 7
INFO flower 2021-04-08 09:25:51,835 | numpy_client.py:184 | Cache is stale, return ReadIns
DEBUG flower 2021-04-08 09:25:56,434 | numpy_client.py:228 | read: ReadRes(clock=6)
DEBUG flower 2021-04-08 09:25:56,442 | numpy_client.py:172 | fit, FitIns(clock=7)
DEBUG flower 2021-04-08 09:25:56,442 | numpy_client.py:260 | cached_clock: 6, curr_clock: 7
INFO flower 2021-04-08 09:25:57,578 | numpy_client.py:205 | Cache is fresh, return FitRes(clock=7)
DEBUG flower 2021-04-08 09:26:05,060 | numpy_client.py:172 | fit, FitIns(clock=8)
DEBUG flower 2021-04-08 09:26:05,061 | numpy_client.py:260 | cached_clock: 6, curr_clock: 8
INFO flower 2021-04-08 09:26:05,061 | numpy_client.py:184 | Cache is stale, return ReadIns
DEBUG flower 2021-04-08 09:26:09,829 | numpy_client.py:228 | read: ReadRes(clock=7)
DEBUG flower 2021-04-08 09:26:09,837 | numpy_client.py:172 | fit, FitIns(clock=8)
DEBUG flower 2021-04-08 09:26:09,837 | numpy_client.py:260 | cached_clock: 7, curr_clock: 8
INFO flower 2021-04-08 09:26:10,985 | numpy_client.py:205 | Cache is fresh, return FitRes(clock=8)
DEBUG flower 2021-04-08 09:26:18,544 | numpy_client.py:172 | fit, FitIns(clock=9)
DEBUG flower 2021-04-08 09:26:18,544 | numpy_client.py:260 | cached_clock: 7, curr_clock: 9
INFO flower 2021-04-08 09:26:18,545 | numpy_client.py:184 | Cache is stale, return ReadIns
DEBUG flower 2021-04-08 09:26:23,410 | numpy_client.py:228 | read: ReadRes(clock=8)
DEBUG flower 2021-04-08 09:26:23,417 | numpy_client.py:172 | fit, FitIns(clock=9)
DEBUG flower 2021-04-08 09:26:23,417 | numpy_client.py:260 | cached_clock: 8, curr_clock: 9
INFO flower 2021-04-08 09:26:24,496 | numpy_client.py:205 | Cache is fresh, return FitRes(clock=9)
DEBUG flower 2021-04-08 09:26:32,253 | numpy_client.py:172 | fit, FitIns(clock=10)
DEBUG flower 2021-04-08 09:26:32,253 | numpy_client.py:260 | cached_clock: 8, curr_clock: 10
INFO flower 2021-04-08 09:26:32,253 | numpy_client.py:184 | Cache is stale, return ReadIns
DEBUG flower 2021-04-08 09:26:37,044 | numpy_client.py:228 | read: ReadRes(clock=9)
DEBUG flower 2021-04-08 09:26:37,051 | numpy_client.py:172 | fit, FitIns(clock=10)
DEBUG flower 2021-04-08 09:26:37,051 | numpy_client.py:260 | cached_clock: 9, curr_clock: 10
INFO flower 2021-04-08 09:26:38,213 | numpy_client.py:205 | Cache is fresh, return FitRes(clock=10)
DEBUG flower 2021-04-08 09:26:45,976 | numpy_client.py:172 | fit, FitIns(clock=11)
DEBUG flower 2021-04-08 09:26:45,976 | numpy_client.py:260 | cached_clock: 9, curr_clock: 11
INFO flower 2021-04-08 09:26:45,976 | numpy_client.py:184 | Cache is stale, return ReadIns
DEBUG flower 2021-04-08 09:26:51,006 | numpy_client.py:228 | read: ReadRes(clock=10)
DEBUG flower 2021-04-08 09:26:51,013 | numpy_client.py:172 | fit, FitIns(clock=11)
DEBUG flower 2021-04-08 09:26:51,014 | numpy_client.py:260 | cached_clock: 10, curr_clock: 11
INFO flower 2021-04-08 09:26:52,111 | numpy_client.py:205 | Cache is fresh, return FitRes(clock=11)
DEBUG flower 2021-04-08 09:26:59,841 | numpy_client.py:172 | fit, FitIns(clock=12)
DEBUG flower 2021-04-08 09:26:59,841 | numpy_client.py:260 | cached_clock: 10, curr_clock: 12
INFO flower 2021-04-08 09:26:59,841 | numpy_client.py:184 | Cache is stale, return ReadIns
DEBUG flower 2021-04-08 09:27:04,735 | numpy_client.py:228 | read: ReadRes(clock=11)
DEBUG flower 2021-04-08 09:27:04,742 | numpy_client.py:172 | fit, FitIns(clock=12)
DEBUG flower 2021-04-08 09:27:04,742 | numpy_client.py:260 | cached_clock: 11, curr_clock: 12
INFO flower 2021-04-08 09:27:05,807 | numpy_client.py:205 | Cache is fresh, return FitRes(clock=12)
DEBUG flower 2021-04-08 09:27:13,783 | numpy_client.py:172 | fit, FitIns(clock=13)
DEBUG flower 2021-04-08 09:27:13,783 | numpy_client.py:260 | cached_clock: 11, curr_clock: 13
INFO flower 2021-04-08 09:27:13,784 | numpy_client.py:184 | Cache is stale, return ReadIns
DEBUG flower 2021-04-08 09:27:18,574 | numpy_client.py:228 | read: ReadRes(clock=12)
DEBUG flower 2021-04-08 09:27:18,582 | numpy_client.py:172 | fit, FitIns(clock=13)
DEBUG flower 2021-04-08 09:27:18,582 | numpy_client.py:260 | cached_clock: 12, curr_clock: 13
INFO flower 2021-04-08 09:27:19,703 | numpy_client.py:205 | Cache is fresh, return FitRes(clock=13)
DEBUG flower 2021-04-08 09:27:27,465 | numpy_client.py:172 | fit, FitIns(clock=14)
DEBUG flower 2021-04-08 09:27:27,465 | numpy_client.py:260 | cached_clock: 12, curr_clock: 14
INFO flower 2021-04-08 09:27:27,465 | numpy_client.py:184 | Cache is stale, return ReadIns
DEBUG flower 2021-04-08 09:27:32,477 | numpy_client.py:228 | read: ReadRes(clock=13)
DEBUG flower 2021-04-08 09:27:32,485 | numpy_client.py:172 | fit, FitIns(clock=14)
DEBUG flower 2021-04-08 09:27:32,485 | numpy_client.py:260 | cached_clock: 13, curr_clock: 14
INFO flower 2021-04-08 09:27:33,510 | numpy_client.py:205 | Cache is fresh, return FitRes(clock=14)
DEBUG flower 2021-04-08 09:27:41,352 | numpy_client.py:172 | fit, FitIns(clock=15)
DEBUG flower 2021-04-08 09:27:41,352 | numpy_client.py:260 | cached_clock: 13, curr_clock: 15
INFO flower 2021-04-08 09:27:41,353 | numpy_client.py:184 | Cache is stale, return ReadIns
DEBUG flower 2021-04-08 09:27:45,947 | numpy_client.py:228 | read: ReadRes(clock=14)
DEBUG flower 2021-04-08 09:27:45,954 | numpy_client.py:172 | fit, FitIns(clock=15)
DEBUG flower 2021-04-08 09:27:45,954 | numpy_client.py:260 | cached_clock: 14, curr_clock: 15
INFO flower 2021-04-08 09:27:47,076 | numpy_client.py:205 | Cache is fresh, return FitRes(clock=15)
DEBUG flower 2021-04-08 09:27:54,934 | numpy_client.py:172 | fit, FitIns(clock=16)
DEBUG flower 2021-04-08 09:27:54,934 | numpy_client.py:260 | cached_clock: 14, curr_clock: 16
INFO flower 2021-04-08 09:27:54,934 | numpy_client.py:184 | Cache is stale, return ReadIns
DEBUG flower 2021-04-08 09:27:59,627 | numpy_client.py:228 | read: ReadRes(clock=15)
DEBUG flower 2021-04-08 09:27:59,634 | numpy_client.py:172 | fit, FitIns(clock=16)
DEBUG flower 2021-04-08 09:27:59,634 | numpy_client.py:260 | cached_clock: 15, curr_clock: 16
INFO flower 2021-04-08 09:28:00,680 | numpy_client.py:205 | Cache is fresh, return FitRes(clock=16)
DEBUG flower 2021-04-08 09:28:08,774 | numpy_client.py:172 | fit, FitIns(clock=17)
DEBUG flower 2021-04-08 09:28:08,774 | numpy_client.py:260 | cached_clock: 15, curr_clock: 17
INFO flower 2021-04-08 09:28:08,774 | numpy_client.py:184 | Cache is stale, return ReadIns
DEBUG flower 2021-04-08 09:28:13,618 | numpy_client.py:228 | read: ReadRes(clock=16)
DEBUG flower 2021-04-08 09:28:13,626 | numpy_client.py:172 | fit, FitIns(clock=17)
DEBUG flower 2021-04-08 09:28:13,626 | numpy_client.py:260 | cached_clock: 16, curr_clock: 17
INFO flower 2021-04-08 09:28:14,601 | numpy_client.py:205 | Cache is fresh, return FitRes(clock=17)
DEBUG flower 2021-04-08 09:28:22,651 | numpy_client.py:172 | fit, FitIns(clock=18)
DEBUG flower 2021-04-08 09:28:22,652 | numpy_client.py:260 | cached_clock: 16, curr_clock: 18
INFO flower 2021-04-08 09:28:22,652 | numpy_client.py:184 | Cache is stale, return ReadIns
DEBUG flower 2021-04-08 09:28:27,240 | numpy_client.py:228 | read: ReadRes(clock=17)
DEBUG flower 2021-04-08 09:28:27,247 | numpy_client.py:172 | fit, FitIns(clock=18)
DEBUG flower 2021-04-08 09:28:27,247 | numpy_client.py:260 | cached_clock: 17, curr_clock: 18
INFO flower 2021-04-08 09:28:28,310 | numpy_client.py:205 | Cache is fresh, return FitRes(clock=18)
DEBUG flower 2021-04-08 09:28:35,981 | numpy_client.py:172 | fit, FitIns(clock=19)
DEBUG flower 2021-04-08 09:28:35,981 | numpy_client.py:260 | cached_clock: 17, curr_clock: 19
INFO flower 2021-04-08 09:28:35,981 | numpy_client.py:184 | Cache is stale, return ReadIns
DEBUG flower 2021-04-08 09:28:40,726 | numpy_client.py:228 | read: ReadRes(clock=18)
DEBUG flower 2021-04-08 09:28:40,734 | numpy_client.py:172 | fit, FitIns(clock=19)
DEBUG flower 2021-04-08 09:28:40,734 | numpy_client.py:260 | cached_clock: 18, curr_clock: 19
INFO flower 2021-04-08 09:28:41,792 | numpy_client.py:205 | Cache is fresh, return FitRes(clock=19)
DEBUG flower 2021-04-08 09:28:49,648 | numpy_client.py:172 | fit, FitIns(clock=20)
DEBUG flower 2021-04-08 09:28:49,649 | numpy_client.py:260 | cached_clock: 18, curr_clock: 20
INFO flower 2021-04-08 09:28:49,649 | numpy_client.py:184 | Cache is stale, return ReadIns
DEBUG flower 2021-04-08 09:28:54,405 | numpy_client.py:228 | read: ReadRes(clock=19)
DEBUG flower 2021-04-08 09:28:54,413 | numpy_client.py:172 | fit, FitIns(clock=20)
DEBUG flower 2021-04-08 09:28:54,413 | numpy_client.py:260 | cached_clock: 19, curr_clock: 20
INFO flower 2021-04-08 09:28:55,511 | numpy_client.py:205 | Cache is fresh, return FitRes(clock=20)
DEBUG flower 2021-04-08 09:29:03,337 | numpy_client.py:172 | fit, FitIns(clock=21)
DEBUG flower 2021-04-08 09:29:03,338 | numpy_client.py:260 | cached_clock: 19, curr_clock: 21
INFO flower 2021-04-08 09:29:03,338 | numpy_client.py:184 | Cache is stale, return ReadIns
DEBUG flower 2021-04-08 09:29:08,277 | numpy_client.py:228 | read: ReadRes(clock=20)
DEBUG flower 2021-04-08 09:29:08,284 | numpy_client.py:172 | fit, FitIns(clock=21)
DEBUG flower 2021-04-08 09:29:08,284 | numpy_client.py:260 | cached_clock: 20, curr_clock: 21
INFO flower 2021-04-08 09:29:09,380 | numpy_client.py:205 | Cache is fresh, return FitRes(clock=21)
DEBUG flower 2021-04-08 09:29:16,677 | numpy_client.py:172 | fit, FitIns(clock=22)
DEBUG flower 2021-04-08 09:29:16,678 | numpy_client.py:260 | cached_clock: 20, curr_clock: 22
INFO flower 2021-04-08 09:29:16,678 | numpy_client.py:184 | Cache is stale, return ReadIns
DEBUG flower 2021-04-08 09:29:21,336 | numpy_client.py:228 | read: ReadRes(clock=21)
DEBUG flower 2021-04-08 09:29:21,344 | numpy_client.py:172 | fit, FitIns(clock=22)
DEBUG flower 2021-04-08 09:29:21,344 | numpy_client.py:260 | cached_clock: 21, curr_clock: 22
INFO flower 2021-04-08 09:29:22,399 | numpy_client.py:205 | Cache is fresh, return FitRes(clock=22)
DEBUG flower 2021-04-08 09:29:30,502 | numpy_client.py:172 | fit, FitIns(clock=23)
DEBUG flower 2021-04-08 09:29:30,502 | numpy_client.py:260 | cached_clock: 21, curr_clock: 23
INFO flower 2021-04-08 09:29:30,503 | numpy_client.py:184 | Cache is stale, return ReadIns
DEBUG flower 2021-04-08 09:29:35,403 | numpy_client.py:228 | read: ReadRes(clock=22)
DEBUG flower 2021-04-08 09:29:35,410 | numpy_client.py:172 | fit, FitIns(clock=23)
DEBUG flower 2021-04-08 09:29:35,410 | numpy_client.py:260 | cached_clock: 22, curr_clock: 23
INFO flower 2021-04-08 09:29:36,503 | numpy_client.py:205 | Cache is fresh, return FitRes(clock=23)
DEBUG flower 2021-04-08 09:29:44,095 | numpy_client.py:172 | fit, FitIns(clock=24)
DEBUG flower 2021-04-08 09:29:44,095 | numpy_client.py:260 | cached_clock: 22, curr_clock: 24
INFO flower 2021-04-08 09:29:44,095 | numpy_client.py:184 | Cache is stale, return ReadIns
DEBUG flower 2021-04-08 09:29:49,000 | numpy_client.py:228 | read: ReadRes(clock=23)
DEBUG flower 2021-04-08 09:29:49,007 | numpy_client.py:172 | fit, FitIns(clock=24)
DEBUG flower 2021-04-08 09:29:49,007 | numpy_client.py:260 | cached_clock: 23, curr_clock: 24
INFO flower 2021-04-08 09:29:50,084 | numpy_client.py:205 | Cache is fresh, return FitRes(clock=24)
DEBUG flower 2021-04-08 09:29:57,565 | numpy_client.py:172 | fit, FitIns(clock=25)
DEBUG flower 2021-04-08 09:29:57,565 | numpy_client.py:260 | cached_clock: 23, curr_clock: 25
INFO flower 2021-04-08 09:29:57,565 | numpy_client.py:184 | Cache is stale, return ReadIns
DEBUG flower 2021-04-08 09:30:02,320 | numpy_client.py:228 | read: ReadRes(clock=24)
DEBUG flower 2021-04-08 09:30:02,328 | numpy_client.py:172 | fit, FitIns(clock=25)
DEBUG flower 2021-04-08 09:30:02,328 | numpy_client.py:260 | cached_clock: 24, curr_clock: 25
INFO flower 2021-04-08 09:30:03,309 | numpy_client.py:205 | Cache is fresh, return FitRes(clock=25)
DEBUG flower 2021-04-08 09:30:11,348 | numpy_client.py:172 | fit, FitIns(clock=26)
DEBUG flower 2021-04-08 09:30:11,348 | numpy_client.py:260 | cached_clock: 24, curr_clock: 26
INFO flower 2021-04-08 09:30:11,349 | numpy_client.py:184 | Cache is stale, return ReadIns
DEBUG flower 2021-04-08 09:30:16,077 | numpy_client.py:228 | read: ReadRes(clock=25)
DEBUG flower 2021-04-08 09:30:16,084 | numpy_client.py:172 | fit, FitIns(clock=26)
DEBUG flower 2021-04-08 09:30:16,085 | numpy_client.py:260 | cached_clock: 25, curr_clock: 26
INFO flower 2021-04-08 09:30:17,103 | numpy_client.py:205 | Cache is fresh, return FitRes(clock=26)
DEBUG flower 2021-04-08 09:30:25,117 | numpy_client.py:172 | fit, FitIns(clock=27)
DEBUG flower 2021-04-08 09:30:25,117 | numpy_client.py:260 | cached_clock: 25, curr_clock: 27
INFO flower 2021-04-08 09:30:25,117 | numpy_client.py:184 | Cache is stale, return ReadIns
DEBUG flower 2021-04-08 09:30:29,741 | numpy_client.py:228 | read: ReadRes(clock=26)
DEBUG flower 2021-04-08 09:30:29,749 | numpy_client.py:172 | fit, FitIns(clock=27)
DEBUG flower 2021-04-08 09:30:29,749 | numpy_client.py:260 | cached_clock: 26, curr_clock: 27
INFO flower 2021-04-08 09:30:30,715 | numpy_client.py:205 | Cache is fresh, return FitRes(clock=27)
DEBUG flower 2021-04-08 09:30:38,168 | numpy_client.py:172 | fit, FitIns(clock=28)
DEBUG flower 2021-04-08 09:30:38,169 | numpy_client.py:260 | cached_clock: 26, curr_clock: 28
INFO flower 2021-04-08 09:30:38,169 | numpy_client.py:184 | Cache is stale, return ReadIns
DEBUG flower 2021-04-08 09:30:42,877 | numpy_client.py:228 | read: ReadRes(clock=27)
DEBUG flower 2021-04-08 09:30:42,885 | numpy_client.py:172 | fit, FitIns(clock=28)
DEBUG flower 2021-04-08 09:30:42,885 | numpy_client.py:260 | cached_clock: 27, curr_clock: 28
INFO flower 2021-04-08 09:30:44,003 | numpy_client.py:205 | Cache is fresh, return FitRes(clock=28)
DEBUG flower 2021-04-08 09:30:51,678 | numpy_client.py:172 | fit, FitIns(clock=29)
DEBUG flower 2021-04-08 09:30:51,679 | numpy_client.py:260 | cached_clock: 27, curr_clock: 29
INFO flower 2021-04-08 09:30:51,679 | numpy_client.py:184 | Cache is stale, return ReadIns
DEBUG flower 2021-04-08 09:30:56,352 | numpy_client.py:228 | read: ReadRes(clock=28)
DEBUG flower 2021-04-08 09:30:56,359 | numpy_client.py:172 | fit, FitIns(clock=29)
DEBUG flower 2021-04-08 09:30:56,360 | numpy_client.py:260 | cached_clock: 28, curr_clock: 29
INFO flower 2021-04-08 09:30:57,390 | numpy_client.py:205 | Cache is fresh, return FitRes(clock=29)
DEBUG flower 2021-04-08 09:31:05,038 | numpy_client.py:172 | fit, FitIns(clock=30)
DEBUG flower 2021-04-08 09:31:05,038 | numpy_client.py:260 | cached_clock: 28, curr_clock: 30
INFO flower 2021-04-08 09:31:05,038 | numpy_client.py:184 | Cache is stale, return ReadIns
DEBUG flower 2021-04-08 09:31:09,640 | numpy_client.py:228 | read: ReadRes(clock=29)
DEBUG flower 2021-04-08 09:31:09,647 | numpy_client.py:172 | fit, FitIns(clock=30)
DEBUG flower 2021-04-08 09:31:09,647 | numpy_client.py:260 | cached_clock: 29, curr_clock: 30
INFO flower 2021-04-08 09:31:10,710 | numpy_client.py:205 | Cache is fresh, return FitRes(clock=30)
DEBUG flower 2021-04-08 09:31:18,074 | numpy_client.py:172 | fit, FitIns(clock=31)
DEBUG flower 2021-04-08 09:31:18,074 | numpy_client.py:260 | cached_clock: 29, curr_clock: 31
INFO flower 2021-04-08 09:31:18,075 | numpy_client.py:184 | Cache is stale, return ReadIns
DEBUG flower 2021-04-08 09:31:22,921 | numpy_client.py:228 | read: ReadRes(clock=30)
DEBUG flower 2021-04-08 09:31:22,928 | numpy_client.py:172 | fit, FitIns(clock=31)
DEBUG flower 2021-04-08 09:31:22,928 | numpy_client.py:260 | cached_clock: 30, curr_clock: 31
INFO flower 2021-04-08 09:31:24,001 | numpy_client.py:205 | Cache is fresh, return FitRes(clock=31)
DEBUG flower 2021-04-08 09:31:31,943 | numpy_client.py:172 | fit, FitIns(clock=32)
DEBUG flower 2021-04-08 09:31:31,943 | numpy_client.py:260 | cached_clock: 30, curr_clock: 32
INFO flower 2021-04-08 09:31:31,943 | numpy_client.py:184 | Cache is stale, return ReadIns
DEBUG flower 2021-04-08 09:31:36,822 | numpy_client.py:228 | read: ReadRes(clock=31)
DEBUG flower 2021-04-08 09:31:36,829 | numpy_client.py:172 | fit, FitIns(clock=32)
DEBUG flower 2021-04-08 09:31:36,830 | numpy_client.py:260 | cached_clock: 31, curr_clock: 32
INFO flower 2021-04-08 09:31:37,819 | numpy_client.py:205 | Cache is fresh, return FitRes(clock=32)
DEBUG flower 2021-04-08 09:31:46,076 | numpy_client.py:172 | fit, FitIns(clock=33)
DEBUG flower 2021-04-08 09:31:46,076 | numpy_client.py:260 | cached_clock: 31, curr_clock: 33
INFO flower 2021-04-08 09:31:46,076 | numpy_client.py:184 | Cache is stale, return ReadIns
DEBUG flower 2021-04-08 09:31:50,916 | numpy_client.py:228 | read: ReadRes(clock=32)
DEBUG flower 2021-04-08 09:31:50,923 | numpy_client.py:172 | fit, FitIns(clock=33)
DEBUG flower 2021-04-08 09:31:50,923 | numpy_client.py:260 | cached_clock: 32, curr_clock: 33
INFO flower 2021-04-08 09:31:52,002 | numpy_client.py:205 | Cache is fresh, return FitRes(clock=33)
DEBUG flower 2021-04-08 09:31:59,981 | numpy_client.py:172 | fit, FitIns(clock=34)
DEBUG flower 2021-04-08 09:31:59,982 | numpy_client.py:260 | cached_clock: 32, curr_clock: 34
INFO flower 2021-04-08 09:31:59,982 | numpy_client.py:184 | Cache is stale, return ReadIns
DEBUG flower 2021-04-08 09:32:04,738 | numpy_client.py:228 | read: ReadRes(clock=33)
DEBUG flower 2021-04-08 09:32:04,745 | numpy_client.py:172 | fit, FitIns(clock=34)
DEBUG flower 2021-04-08 09:32:04,745 | numpy_client.py:260 | cached_clock: 33, curr_clock: 34
INFO flower 2021-04-08 09:32:05,810 | numpy_client.py:205 | Cache is fresh, return FitRes(clock=34)
DEBUG flower 2021-04-08 09:32:13,433 | numpy_client.py:172 | fit, FitIns(clock=35)
DEBUG flower 2021-04-08 09:32:13,433 | numpy_client.py:260 | cached_clock: 33, curr_clock: 35
INFO flower 2021-04-08 09:32:13,433 | numpy_client.py:184 | Cache is stale, return ReadIns
DEBUG flower 2021-04-08 09:32:18,308 | numpy_client.py:228 | read: ReadRes(clock=34)
DEBUG flower 2021-04-08 09:32:18,314 | numpy_client.py:172 | fit, FitIns(clock=35)
DEBUG flower 2021-04-08 09:32:18,314 | numpy_client.py:260 | cached_clock: 34, curr_clock: 35
INFO flower 2021-04-08 09:32:19,484 | numpy_client.py:205 | Cache is fresh, return FitRes(clock=35)
DEBUG flower 2021-04-08 09:32:27,149 | numpy_client.py:172 | fit, FitIns(clock=36)
DEBUG flower 2021-04-08 09:32:27,150 | numpy_client.py:260 | cached_clock: 34, curr_clock: 36
INFO flower 2021-04-08 09:32:27,150 | numpy_client.py:184 | Cache is stale, return ReadIns
DEBUG flower 2021-04-08 09:32:31,808 | numpy_client.py:228 | read: ReadRes(clock=35)
DEBUG flower 2021-04-08 09:32:31,813 | numpy_client.py:172 | fit, FitIns(clock=36)
DEBUG flower 2021-04-08 09:32:31,813 | numpy_client.py:260 | cached_clock: 35, curr_clock: 36
INFO flower 2021-04-08 09:32:32,999 | numpy_client.py:205 | Cache is fresh, return FitRes(clock=36)
DEBUG flower 2021-04-08 09:32:40,780 | numpy_client.py:172 | fit, FitIns(clock=37)
DEBUG flower 2021-04-08 09:32:40,780 | numpy_client.py:260 | cached_clock: 35, curr_clock: 37
INFO flower 2021-04-08 09:32:40,780 | numpy_client.py:184 | Cache is stale, return ReadIns
DEBUG flower 2021-04-08 09:32:45,692 | numpy_client.py:228 | read: ReadRes(clock=36)
DEBUG flower 2021-04-08 09:32:45,700 | numpy_client.py:172 | fit, FitIns(clock=37)
DEBUG flower 2021-04-08 09:32:45,700 | numpy_client.py:260 | cached_clock: 36, curr_clock: 37
INFO flower 2021-04-08 09:32:46,803 | numpy_client.py:205 | Cache is fresh, return FitRes(clock=37)
DEBUG flower 2021-04-08 09:32:55,325 | numpy_client.py:172 | fit, FitIns(clock=38)
DEBUG flower 2021-04-08 09:32:55,326 | numpy_client.py:260 | cached_clock: 36, curr_clock: 38
INFO flower 2021-04-08 09:32:55,326 | numpy_client.py:184 | Cache is stale, return ReadIns
DEBUG flower 2021-04-08 09:32:59,911 | numpy_client.py:228 | read: ReadRes(clock=37)
DEBUG flower 2021-04-08 09:32:59,918 | numpy_client.py:172 | fit, FitIns(clock=38)
DEBUG flower 2021-04-08 09:32:59,918 | numpy_client.py:260 | cached_clock: 37, curr_clock: 38
INFO flower 2021-04-08 09:33:01,100 | numpy_client.py:205 | Cache is fresh, return FitRes(clock=38)
DEBUG flower 2021-04-08 09:33:08,756 | numpy_client.py:172 | fit, FitIns(clock=39)
DEBUG flower 2021-04-08 09:33:08,756 | numpy_client.py:260 | cached_clock: 37, curr_clock: 39
INFO flower 2021-04-08 09:33:08,756 | numpy_client.py:184 | Cache is stale, return ReadIns
DEBUG flower 2021-04-08 09:33:13,819 | numpy_client.py:228 | read: ReadRes(clock=38)
DEBUG flower 2021-04-08 09:33:13,827 | numpy_client.py:172 | fit, FitIns(clock=39)
DEBUG flower 2021-04-08 09:33:13,827 | numpy_client.py:260 | cached_clock: 38, curr_clock: 39
INFO flower 2021-04-08 09:33:14,989 | numpy_client.py:205 | Cache is fresh, return FitRes(clock=39)
DEBUG flower 2021-04-08 09:33:22,715 | numpy_client.py:172 | fit, FitIns(clock=40)
DEBUG flower 2021-04-08 09:33:22,715 | numpy_client.py:260 | cached_clock: 38, curr_clock: 40
INFO flower 2021-04-08 09:33:22,715 | numpy_client.py:184 | Cache is stale, return ReadIns
DEBUG flower 2021-04-08 09:33:27,264 | numpy_client.py:228 | read: ReadRes(clock=39)
DEBUG flower 2021-04-08 09:33:27,272 | numpy_client.py:172 | fit, FitIns(clock=40)
DEBUG flower 2021-04-08 09:33:27,272 | numpy_client.py:260 | cached_clock: 39, curr_clock: 40
INFO flower 2021-04-08 09:33:28,403 | numpy_client.py:205 | Cache is fresh, return FitRes(clock=40)
DEBUG flower 2021-04-08 09:33:36,278 | numpy_client.py:172 | fit, FitIns(clock=41)
DEBUG flower 2021-04-08 09:33:36,279 | numpy_client.py:260 | cached_clock: 39, curr_clock: 41
INFO flower 2021-04-08 09:33:36,279 | numpy_client.py:184 | Cache is stale, return ReadIns
DEBUG flower 2021-04-08 09:33:41,323 | numpy_client.py:228 | read: ReadRes(clock=40)
DEBUG flower 2021-04-08 09:33:41,330 | numpy_client.py:172 | fit, FitIns(clock=41)
DEBUG flower 2021-04-08 09:33:41,330 | numpy_client.py:260 | cached_clock: 40, curr_clock: 41
INFO flower 2021-04-08 09:33:42,391 | numpy_client.py:205 | Cache is fresh, return FitRes(clock=41)
DEBUG flower 2021-04-08 09:33:50,171 | numpy_client.py:172 | fit, FitIns(clock=42)
DEBUG flower 2021-04-08 09:33:50,171 | numpy_client.py:260 | cached_clock: 40, curr_clock: 42
INFO flower 2021-04-08 09:33:50,171 | numpy_client.py:184 | Cache is stale, return ReadIns
DEBUG flower 2021-04-08 09:33:54,977 | numpy_client.py:228 | read: ReadRes(clock=41)
DEBUG flower 2021-04-08 09:33:54,984 | numpy_client.py:172 | fit, FitIns(clock=42)
DEBUG flower 2021-04-08 09:33:54,984 | numpy_client.py:260 | cached_clock: 41, curr_clock: 42
INFO flower 2021-04-08 09:33:56,088 | numpy_client.py:205 | Cache is fresh, return FitRes(clock=42)
DEBUG flower 2021-04-08 09:34:04,445 | numpy_client.py:172 | fit, FitIns(clock=43)
DEBUG flower 2021-04-08 09:34:04,446 | numpy_client.py:260 | cached_clock: 41, curr_clock: 43
INFO flower 2021-04-08 09:34:04,446 | numpy_client.py:184 | Cache is stale, return ReadIns
DEBUG flower 2021-04-08 09:34:09,125 | numpy_client.py:228 | read: ReadRes(clock=42)
DEBUG flower 2021-04-08 09:34:09,132 | numpy_client.py:172 | fit, FitIns(clock=43)
DEBUG flower 2021-04-08 09:34:09,132 | numpy_client.py:260 | cached_clock: 42, curr_clock: 43
INFO flower 2021-04-08 09:34:10,194 | numpy_client.py:205 | Cache is fresh, return FitRes(clock=43)
DEBUG flower 2021-04-08 09:34:17,778 | numpy_client.py:172 | fit, FitIns(clock=44)
DEBUG flower 2021-04-08 09:34:17,778 | numpy_client.py:260 | cached_clock: 42, curr_clock: 44
INFO flower 2021-04-08 09:34:17,778 | numpy_client.py:184 | Cache is stale, return ReadIns
DEBUG flower 2021-04-08 09:34:22,677 | numpy_client.py:228 | read: ReadRes(clock=43)
DEBUG flower 2021-04-08 09:34:22,684 | numpy_client.py:172 | fit, FitIns(clock=44)
DEBUG flower 2021-04-08 09:34:22,684 | numpy_client.py:260 | cached_clock: 43, curr_clock: 44
INFO flower 2021-04-08 09:34:23,789 | numpy_client.py:205 | Cache is fresh, return FitRes(clock=44)
DEBUG flower 2021-04-08 09:34:31,770 | numpy_client.py:172 | fit, FitIns(clock=45)
DEBUG flower 2021-04-08 09:34:31,770 | numpy_client.py:260 | cached_clock: 43, curr_clock: 45
INFO flower 2021-04-08 09:34:31,770 | numpy_client.py:184 | Cache is stale, return ReadIns
DEBUG flower 2021-04-08 09:34:37,009 | numpy_client.py:228 | read: ReadRes(clock=44)
DEBUG flower 2021-04-08 09:34:37,016 | numpy_client.py:172 | fit, FitIns(clock=45)
DEBUG flower 2021-04-08 09:34:37,016 | numpy_client.py:260 | cached_clock: 44, curr_clock: 45
INFO flower 2021-04-08 09:34:38,005 | numpy_client.py:205 | Cache is fresh, return FitRes(clock=45)
DEBUG flower 2021-04-08 09:34:45,738 | numpy_client.py:172 | fit, FitIns(clock=46)
DEBUG flower 2021-04-08 09:34:45,738 | numpy_client.py:260 | cached_clock: 44, curr_clock: 46
INFO flower 2021-04-08 09:34:45,738 | numpy_client.py:184 | Cache is stale, return ReadIns
DEBUG flower 2021-04-08 09:34:50,349 | numpy_client.py:228 | read: ReadRes(clock=45)
DEBUG flower 2021-04-08 09:34:50,357 | numpy_client.py:172 | fit, FitIns(clock=46)
DEBUG flower 2021-04-08 09:34:50,357 | numpy_client.py:260 | cached_clock: 45, curr_clock: 46
INFO flower 2021-04-08 09:34:51,381 | numpy_client.py:205 | Cache is fresh, return FitRes(clock=46)
DEBUG flower 2021-04-08 09:34:59,552 | numpy_client.py:172 | fit, FitIns(clock=47)
DEBUG flower 2021-04-08 09:34:59,552 | numpy_client.py:260 | cached_clock: 45, curr_clock: 47
INFO flower 2021-04-08 09:34:59,552 | numpy_client.py:184 | Cache is stale, return ReadIns
DEBUG flower 2021-04-08 09:35:04,270 | numpy_client.py:228 | read: ReadRes(clock=46)
DEBUG flower 2021-04-08 09:35:04,277 | numpy_client.py:172 | fit, FitIns(clock=47)
DEBUG flower 2021-04-08 09:35:04,277 | numpy_client.py:260 | cached_clock: 46, curr_clock: 47
INFO flower 2021-04-08 09:35:05,289 | numpy_client.py:205 | Cache is fresh, return FitRes(clock=47)
DEBUG flower 2021-04-08 09:35:13,418 | numpy_client.py:172 | fit, FitIns(clock=48)
DEBUG flower 2021-04-08 09:35:13,418 | numpy_client.py:260 | cached_clock: 46, curr_clock: 48
INFO flower 2021-04-08 09:35:13,418 | numpy_client.py:184 | Cache is stale, return ReadIns
DEBUG flower 2021-04-08 09:35:18,315 | numpy_client.py:228 | read: ReadRes(clock=47)
DEBUG flower 2021-04-08 09:35:18,323 | numpy_client.py:172 | fit, FitIns(clock=48)
DEBUG flower 2021-04-08 09:35:18,323 | numpy_client.py:260 | cached_clock: 47, curr_clock: 48
INFO flower 2021-04-08 09:35:19,304 | numpy_client.py:205 | Cache is fresh, return FitRes(clock=48)
DEBUG flower 2021-04-08 09:35:26,836 | numpy_client.py:172 | fit, FitIns(clock=49)
DEBUG flower 2021-04-08 09:35:26,836 | numpy_client.py:260 | cached_clock: 47, curr_clock: 49
INFO flower 2021-04-08 09:35:26,837 | numpy_client.py:184 | Cache is stale, return ReadIns
DEBUG flower 2021-04-08 09:35:31,817 | numpy_client.py:228 | read: ReadRes(clock=48)
DEBUG flower 2021-04-08 09:35:31,825 | numpy_client.py:172 | fit, FitIns(clock=49)
DEBUG flower 2021-04-08 09:35:31,825 | numpy_client.py:260 | cached_clock: 48, curr_clock: 49
INFO flower 2021-04-08 09:35:32,803 | numpy_client.py:205 | Cache is fresh, return FitRes(clock=49)
DEBUG flower 2021-04-08 09:35:40,499 | numpy_client.py:172 | fit, FitIns(clock=50)
DEBUG flower 2021-04-08 09:35:40,500 | numpy_client.py:260 | cached_clock: 48, curr_clock: 50
INFO flower 2021-04-08 09:35:40,500 | numpy_client.py:184 | Cache is stale, return ReadIns
DEBUG flower 2021-04-08 09:35:45,427 | numpy_client.py:228 | read: ReadRes(clock=49)
DEBUG flower 2021-04-08 09:35:45,434 | numpy_client.py:172 | fit, FitIns(clock=50)
DEBUG flower 2021-04-08 09:35:45,434 | numpy_client.py:260 | cached_clock: 49, curr_clock: 50
INFO flower 2021-04-08 09:35:46,485 | numpy_client.py:205 | Cache is fresh, return FitRes(clock=50)
DEBUG flower 2021-04-08 09:35:54,381 | numpy_client.py:172 | fit, FitIns(clock=51)
DEBUG flower 2021-04-08 09:35:54,381 | numpy_client.py:260 | cached_clock: 49, curr_clock: 51
INFO flower 2021-04-08 09:35:54,381 | numpy_client.py:184 | Cache is stale, return ReadIns
DEBUG flower 2021-04-08 09:35:59,177 | numpy_client.py:228 | read: ReadRes(clock=50)
DEBUG flower 2021-04-08 09:35:59,184 | numpy_client.py:172 | fit, FitIns(clock=51)
DEBUG flower 2021-04-08 09:35:59,185 | numpy_client.py:260 | cached_clock: 50, curr_clock: 51
INFO flower 2021-04-08 09:36:00,314 | numpy_client.py:205 | Cache is fresh, return FitRes(clock=51)
DEBUG flower 2021-04-08 09:36:07,738 | numpy_client.py:172 | fit, FitIns(clock=52)
DEBUG flower 2021-04-08 09:36:07,738 | numpy_client.py:260 | cached_clock: 50, curr_clock: 52
INFO flower 2021-04-08 09:36:07,739 | numpy_client.py:184 | Cache is stale, return ReadIns
DEBUG flower 2021-04-08 09:36:12,629 | numpy_client.py:228 | read: ReadRes(clock=51)
DEBUG flower 2021-04-08 09:36:12,637 | numpy_client.py:172 | fit, FitIns(clock=52)
DEBUG flower 2021-04-08 09:36:12,637 | numpy_client.py:260 | cached_clock: 51, curr_clock: 52
INFO flower 2021-04-08 09:36:13,695 | numpy_client.py:205 | Cache is fresh, return FitRes(clock=52)
DEBUG flower 2021-04-08 09:36:21,471 | numpy_client.py:172 | fit, FitIns(clock=53)
DEBUG flower 2021-04-08 09:36:21,471 | numpy_client.py:260 | cached_clock: 51, curr_clock: 53
INFO flower 2021-04-08 09:36:21,471 | numpy_client.py:184 | Cache is stale, return ReadIns
DEBUG flower 2021-04-08 09:36:26,224 | numpy_client.py:228 | read: ReadRes(clock=52)
DEBUG flower 2021-04-08 09:36:26,231 | numpy_client.py:172 | fit, FitIns(clock=53)
DEBUG flower 2021-04-08 09:36:26,231 | numpy_client.py:260 | cached_clock: 52, curr_clock: 53
INFO flower 2021-04-08 09:36:27,300 | numpy_client.py:205 | Cache is fresh, return FitRes(clock=53)
DEBUG flower 2021-04-08 09:36:35,446 | numpy_client.py:172 | fit, FitIns(clock=54)
DEBUG flower 2021-04-08 09:36:35,446 | numpy_client.py:260 | cached_clock: 52, curr_clock: 54
INFO flower 2021-04-08 09:36:35,446 | numpy_client.py:184 | Cache is stale, return ReadIns
DEBUG flower 2021-04-08 09:36:40,440 | numpy_client.py:228 | read: ReadRes(clock=53)
DEBUG flower 2021-04-08 09:36:40,448 | numpy_client.py:172 | fit, FitIns(clock=54)
DEBUG flower 2021-04-08 09:36:40,448 | numpy_client.py:260 | cached_clock: 53, curr_clock: 54
INFO flower 2021-04-08 09:36:41,588 | numpy_client.py:205 | Cache is fresh, return FitRes(clock=54)
DEBUG flower 2021-04-08 09:36:49,854 | numpy_client.py:172 | fit, FitIns(clock=55)
DEBUG flower 2021-04-08 09:36:49,855 | numpy_client.py:260 | cached_clock: 53, curr_clock: 55
INFO flower 2021-04-08 09:36:49,855 | numpy_client.py:184 | Cache is stale, return ReadIns
DEBUG flower 2021-04-08 09:36:54,830 | numpy_client.py:228 | read: ReadRes(clock=54)
DEBUG flower 2021-04-08 09:36:54,837 | numpy_client.py:172 | fit, FitIns(clock=55)
DEBUG flower 2021-04-08 09:36:54,837 | numpy_client.py:260 | cached_clock: 54, curr_clock: 55
INFO flower 2021-04-08 09:36:55,989 | numpy_client.py:205 | Cache is fresh, return FitRes(clock=55)
DEBUG flower 2021-04-08 09:37:04,042 | numpy_client.py:172 | fit, FitIns(clock=56)
DEBUG flower 2021-04-08 09:37:04,042 | numpy_client.py:260 | cached_clock: 54, curr_clock: 56
INFO flower 2021-04-08 09:37:04,042 | numpy_client.py:184 | Cache is stale, return ReadIns
DEBUG flower 2021-04-08 09:37:08,677 | numpy_client.py:228 | read: ReadRes(clock=55)
DEBUG flower 2021-04-08 09:37:08,684 | numpy_client.py:172 | fit, FitIns(clock=56)
DEBUG flower 2021-04-08 09:37:08,684 | numpy_client.py:260 | cached_clock: 55, curr_clock: 56
INFO flower 2021-04-08 09:37:09,804 | numpy_client.py:205 | Cache is fresh, return FitRes(clock=56)
DEBUG flower 2021-04-08 09:37:17,701 | numpy_client.py:172 | fit, FitIns(clock=57)
DEBUG flower 2021-04-08 09:37:17,701 | numpy_client.py:260 | cached_clock: 55, curr_clock: 57
INFO flower 2021-04-08 09:37:17,701 | numpy_client.py:184 | Cache is stale, return ReadIns
DEBUG flower 2021-04-08 09:37:22,274 | numpy_client.py:228 | read: ReadRes(clock=56)
DEBUG flower 2021-04-08 09:37:22,282 | numpy_client.py:172 | fit, FitIns(clock=57)
DEBUG flower 2021-04-08 09:37:22,282 | numpy_client.py:260 | cached_clock: 56, curr_clock: 57
INFO flower 2021-04-08 09:37:23,406 | numpy_client.py:205 | Cache is fresh, return FitRes(clock=57)
DEBUG flower 2021-04-08 09:37:31,423 | numpy_client.py:172 | fit, FitIns(clock=58)
DEBUG flower 2021-04-08 09:37:31,423 | numpy_client.py:260 | cached_clock: 56, curr_clock: 58
INFO flower 2021-04-08 09:37:31,424 | numpy_client.py:184 | Cache is stale, return ReadIns
DEBUG flower 2021-04-08 09:37:36,377 | numpy_client.py:228 | read: ReadRes(clock=57)
DEBUG flower 2021-04-08 09:37:36,385 | numpy_client.py:172 | fit, FitIns(clock=58)
DEBUG flower 2021-04-08 09:37:36,385 | numpy_client.py:260 | cached_clock: 57, curr_clock: 58
INFO flower 2021-04-08 09:37:37,511 | numpy_client.py:205 | Cache is fresh, return FitRes(clock=58)
DEBUG flower 2021-04-08 09:37:45,080 | numpy_client.py:172 | fit, FitIns(clock=59)
DEBUG flower 2021-04-08 09:37:45,080 | numpy_client.py:260 | cached_clock: 57, curr_clock: 59
INFO flower 2021-04-08 09:37:45,081 | numpy_client.py:184 | Cache is stale, return ReadIns
DEBUG flower 2021-04-08 09:37:49,720 | numpy_client.py:228 | read: ReadRes(clock=58)
DEBUG flower 2021-04-08 09:37:49,727 | numpy_client.py:172 | fit, FitIns(clock=59)
DEBUG flower 2021-04-08 09:37:49,727 | numpy_client.py:260 | cached_clock: 58, curr_clock: 59
INFO flower 2021-04-08 09:37:50,806 | numpy_client.py:205 | Cache is fresh, return FitRes(clock=59)
DEBUG flower 2021-04-08 09:37:58,491 | numpy_client.py:172 | fit, FitIns(clock=60)
DEBUG flower 2021-04-08 09:37:58,492 | numpy_client.py:260 | cached_clock: 58, curr_clock: 60
INFO flower 2021-04-08 09:37:58,492 | numpy_client.py:184 | Cache is stale, return ReadIns
DEBUG flower 2021-04-08 09:38:03,213 | numpy_client.py:228 | read: ReadRes(clock=59)
DEBUG flower 2021-04-08 09:38:03,220 | numpy_client.py:172 | fit, FitIns(clock=60)
DEBUG flower 2021-04-08 09:38:03,220 | numpy_client.py:260 | cached_clock: 59, curr_clock: 60
INFO flower 2021-04-08 09:38:04,388 | numpy_client.py:205 | Cache is fresh, return FitRes(clock=60)
DEBUG flower 2021-04-08 09:38:11,831 | numpy_client.py:172 | fit, FitIns(clock=61)
DEBUG flower 2021-04-08 09:38:11,831 | numpy_client.py:260 | cached_clock: 59, curr_clock: 61
INFO flower 2021-04-08 09:38:11,831 | numpy_client.py:184 | Cache is stale, return ReadIns
DEBUG flower 2021-04-08 09:38:16,720 | numpy_client.py:228 | read: ReadRes(clock=60)
DEBUG flower 2021-04-08 09:38:16,726 | numpy_client.py:172 | fit, FitIns(clock=61)
DEBUG flower 2021-04-08 09:38:16,726 | numpy_client.py:260 | cached_clock: 60, curr_clock: 61
INFO flower 2021-04-08 09:38:17,805 | numpy_client.py:205 | Cache is fresh, return FitRes(clock=61)
DEBUG flower 2021-04-08 09:38:25,736 | numpy_client.py:172 | fit, FitIns(clock=62)
DEBUG flower 2021-04-08 09:38:25,736 | numpy_client.py:260 | cached_clock: 60, curr_clock: 62
INFO flower 2021-04-08 09:38:25,737 | numpy_client.py:184 | Cache is stale, return ReadIns
DEBUG flower 2021-04-08 09:38:30,377 | numpy_client.py:228 | read: ReadRes(clock=61)
DEBUG flower 2021-04-08 09:38:30,386 | numpy_client.py:172 | fit, FitIns(clock=62)
DEBUG flower 2021-04-08 09:38:30,387 | numpy_client.py:260 | cached_clock: 61, curr_clock: 62
INFO flower 2021-04-08 09:38:31,408 | numpy_client.py:205 | Cache is fresh, return FitRes(clock=62)
DEBUG flower 2021-04-08 09:38:39,201 | numpy_client.py:172 | fit, FitIns(clock=63)
DEBUG flower 2021-04-08 09:38:39,201 | numpy_client.py:260 | cached_clock: 61, curr_clock: 63
INFO flower 2021-04-08 09:38:39,201 | numpy_client.py:184 | Cache is stale, return ReadIns
DEBUG flower 2021-04-08 09:38:44,136 | numpy_client.py:228 | read: ReadRes(clock=62)
DEBUG flower 2021-04-08 09:38:44,143 | numpy_client.py:172 | fit, FitIns(clock=63)
DEBUG flower 2021-04-08 09:38:44,143 | numpy_client.py:260 | cached_clock: 62, curr_clock: 63
INFO flower 2021-04-08 09:38:45,384 | numpy_client.py:205 | Cache is fresh, return FitRes(clock=63)
DEBUG flower 2021-04-08 09:38:53,136 | numpy_client.py:172 | fit, FitIns(clock=64)
DEBUG flower 2021-04-08 09:38:53,136 | numpy_client.py:260 | cached_clock: 62, curr_clock: 64
INFO flower 2021-04-08 09:38:53,136 | numpy_client.py:184 | Cache is stale, return ReadIns
DEBUG flower 2021-04-08 09:38:58,327 | numpy_client.py:228 | read: ReadRes(clock=63)
DEBUG flower 2021-04-08 09:38:58,335 | numpy_client.py:172 | fit, FitIns(clock=64)
DEBUG flower 2021-04-08 09:38:58,335 | numpy_client.py:260 | cached_clock: 63, curr_clock: 64
INFO flower 2021-04-08 09:38:59,508 | numpy_client.py:205 | Cache is fresh, return FitRes(clock=64)
DEBUG flower 2021-04-08 09:39:07,062 | numpy_client.py:172 | fit, FitIns(clock=65)
DEBUG flower 2021-04-08 09:39:07,063 | numpy_client.py:260 | cached_clock: 63, curr_clock: 65
INFO flower 2021-04-08 09:39:07,063 | numpy_client.py:184 | Cache is stale, return ReadIns
DEBUG flower 2021-04-08 09:39:12,106 | numpy_client.py:228 | read: ReadRes(clock=64)
DEBUG flower 2021-04-08 09:39:12,113 | numpy_client.py:172 | fit, FitIns(clock=65)
DEBUG flower 2021-04-08 09:39:12,141 | numpy_client.py:260 | cached_clock: 64, curr_clock: 65
INFO flower 2021-04-08 09:39:13,208 | numpy_client.py:205 | Cache is fresh, return FitRes(clock=65)
DEBUG flower 2021-04-08 09:39:20,968 | numpy_client.py:172 | fit, FitIns(clock=66)
DEBUG flower 2021-04-08 09:39:20,968 | numpy_client.py:260 | cached_clock: 64, curr_clock: 66
INFO flower 2021-04-08 09:39:20,968 | numpy_client.py:184 | Cache is stale, return ReadIns
DEBUG flower 2021-04-08 09:39:25,538 | numpy_client.py:228 | read: ReadRes(clock=65)
DEBUG flower 2021-04-08 09:39:25,545 | numpy_client.py:172 | fit, FitIns(clock=66)
DEBUG flower 2021-04-08 09:39:25,545 | numpy_client.py:260 | cached_clock: 65, curr_clock: 66
INFO flower 2021-04-08 09:39:26,782 | numpy_client.py:205 | Cache is fresh, return FitRes(clock=66)
DEBUG flower 2021-04-08 09:39:34,367 | numpy_client.py:172 | fit, FitIns(clock=67)
DEBUG flower 2021-04-08 09:39:34,368 | numpy_client.py:260 | cached_clock: 65, curr_clock: 67
INFO flower 2021-04-08 09:39:34,368 | numpy_client.py:184 | Cache is stale, return ReadIns
DEBUG flower 2021-04-08 09:39:39,217 | numpy_client.py:228 | read: ReadRes(clock=66)
DEBUG flower 2021-04-08 09:39:39,224 | numpy_client.py:172 | fit, FitIns(clock=67)
DEBUG flower 2021-04-08 09:39:39,224 | numpy_client.py:260 | cached_clock: 66, curr_clock: 67
INFO flower 2021-04-08 09:39:40,280 | numpy_client.py:205 | Cache is fresh, return FitRes(clock=67)
DEBUG flower 2021-04-08 09:39:48,041 | numpy_client.py:172 | fit, FitIns(clock=68)
DEBUG flower 2021-04-08 09:39:48,041 | numpy_client.py:260 | cached_clock: 66, curr_clock: 68
INFO flower 2021-04-08 09:39:48,041 | numpy_client.py:184 | Cache is stale, return ReadIns
DEBUG flower 2021-04-08 09:39:52,714 | numpy_client.py:228 | read: ReadRes(clock=67)
DEBUG flower 2021-04-08 09:39:52,721 | numpy_client.py:172 | fit, FitIns(clock=68)
DEBUG flower 2021-04-08 09:39:52,721 | numpy_client.py:260 | cached_clock: 67, curr_clock: 68
INFO flower 2021-04-08 09:39:53,804 | numpy_client.py:205 | Cache is fresh, return FitRes(clock=68)
DEBUG flower 2021-04-08 09:40:01,251 | numpy_client.py:172 | fit, FitIns(clock=69)
DEBUG flower 2021-04-08 09:40:01,251 | numpy_client.py:260 | cached_clock: 67, curr_clock: 69
INFO flower 2021-04-08 09:40:01,251 | numpy_client.py:184 | Cache is stale, return ReadIns
DEBUG flower 2021-04-08 09:40:05,877 | numpy_client.py:228 | read: ReadRes(clock=68)
DEBUG flower 2021-04-08 09:40:05,885 | numpy_client.py:172 | fit, FitIns(clock=69)
DEBUG flower 2021-04-08 09:40:05,885 | numpy_client.py:260 | cached_clock: 68, curr_clock: 69
INFO flower 2021-04-08 09:40:07,009 | numpy_client.py:205 | Cache is fresh, return FitRes(clock=69)
DEBUG flower 2021-04-08 09:40:14,650 | numpy_client.py:172 | fit, FitIns(clock=70)
DEBUG flower 2021-04-08 09:40:14,650 | numpy_client.py:260 | cached_clock: 68, curr_clock: 70
INFO flower 2021-04-08 09:40:14,650 | numpy_client.py:184 | Cache is stale, return ReadIns
DEBUG flower 2021-04-08 09:40:19,405 | numpy_client.py:228 | read: ReadRes(clock=69)
DEBUG flower 2021-04-08 09:40:19,412 | numpy_client.py:172 | fit, FitIns(clock=70)
DEBUG flower 2021-04-08 09:40:19,412 | numpy_client.py:260 | cached_clock: 69, curr_clock: 70
INFO flower 2021-04-08 09:40:20,511 | numpy_client.py:205 | Cache is fresh, return FitRes(clock=70)
DEBUG flower 2021-04-08 09:40:28,249 | numpy_client.py:172 | fit, FitIns(clock=71)
DEBUG flower 2021-04-08 09:40:28,249 | numpy_client.py:260 | cached_clock: 69, curr_clock: 71
INFO flower 2021-04-08 09:40:28,250 | numpy_client.py:184 | Cache is stale, return ReadIns
DEBUG flower 2021-04-08 09:40:33,224 | numpy_client.py:228 | read: ReadRes(clock=70)
DEBUG flower 2021-04-08 09:40:33,231 | numpy_client.py:172 | fit, FitIns(clock=71)
DEBUG flower 2021-04-08 09:40:33,231 | numpy_client.py:260 | cached_clock: 70, curr_clock: 71
INFO flower 2021-04-08 09:40:34,300 | numpy_client.py:205 | Cache is fresh, return FitRes(clock=71)
DEBUG flower 2021-04-08 09:40:42,337 | numpy_client.py:172 | fit, FitIns(clock=72)
DEBUG flower 2021-04-08 09:40:42,338 | numpy_client.py:260 | cached_clock: 70, curr_clock: 72
INFO flower 2021-04-08 09:40:42,338 | numpy_client.py:184 | Cache is stale, return ReadIns
DEBUG flower 2021-04-08 09:40:47,178 | numpy_client.py:228 | read: ReadRes(clock=71)
DEBUG flower 2021-04-08 09:40:47,185 | numpy_client.py:172 | fit, FitIns(clock=72)
DEBUG flower 2021-04-08 09:40:47,186 | numpy_client.py:260 | cached_clock: 71, curr_clock: 72
INFO flower 2021-04-08 09:40:48,293 | numpy_client.py:205 | Cache is fresh, return FitRes(clock=72)
DEBUG flower 2021-04-08 09:40:55,349 | numpy_client.py:172 | fit, FitIns(clock=73)
DEBUG flower 2021-04-08 09:40:55,350 | numpy_client.py:260 | cached_clock: 71, curr_clock: 73
INFO flower 2021-04-08 09:40:55,350 | numpy_client.py:184 | Cache is stale, return ReadIns
DEBUG flower 2021-04-08 09:41:00,594 | numpy_client.py:228 | read: ReadRes(clock=72)
DEBUG flower 2021-04-08 09:41:00,602 | numpy_client.py:172 | fit, FitIns(clock=73)
DEBUG flower 2021-04-08 09:41:00,602 | numpy_client.py:260 | cached_clock: 72, curr_clock: 73
INFO flower 2021-04-08 09:41:01,610 | numpy_client.py:205 | Cache is fresh, return FitRes(clock=73)
DEBUG flower 2021-04-08 09:41:09,284 | numpy_client.py:172 | fit, FitIns(clock=74)
DEBUG flower 2021-04-08 09:41:09,284 | numpy_client.py:260 | cached_clock: 72, curr_clock: 74
INFO flower 2021-04-08 09:41:09,284 | numpy_client.py:184 | Cache is stale, return ReadIns
DEBUG flower 2021-04-08 09:41:13,928 | numpy_client.py:228 | read: ReadRes(clock=73)
DEBUG flower 2021-04-08 09:41:13,935 | numpy_client.py:172 | fit, FitIns(clock=74)
DEBUG flower 2021-04-08 09:41:13,935 | numpy_client.py:260 | cached_clock: 73, curr_clock: 74
INFO flower 2021-04-08 09:41:15,004 | numpy_client.py:205 | Cache is fresh, return FitRes(clock=74)
DEBUG flower 2021-04-08 09:41:22,910 | numpy_client.py:172 | fit, FitIns(clock=75)
DEBUG flower 2021-04-08 09:41:22,911 | numpy_client.py:260 | cached_clock: 73, curr_clock: 75
INFO flower 2021-04-08 09:41:22,911 | numpy_client.py:184 | Cache is stale, return ReadIns
DEBUG flower 2021-04-08 09:41:27,477 | numpy_client.py:228 | read: ReadRes(clock=74)
DEBUG flower 2021-04-08 09:41:27,485 | numpy_client.py:172 | fit, FitIns(clock=75)
DEBUG flower 2021-04-08 09:41:27,485 | numpy_client.py:260 | cached_clock: 74, curr_clock: 75
INFO flower 2021-04-08 09:41:28,610 | numpy_client.py:205 | Cache is fresh, return FitRes(clock=75)
DEBUG flower 2021-04-08 09:41:36,564 | numpy_client.py:172 | fit, FitIns(clock=76)
DEBUG flower 2021-04-08 09:41:36,565 | numpy_client.py:260 | cached_clock: 74, curr_clock: 76
INFO flower 2021-04-08 09:41:36,565 | numpy_client.py:184 | Cache is stale, return ReadIns
DEBUG flower 2021-04-08 09:41:41,054 | numpy_client.py:228 | read: ReadRes(clock=75)
DEBUG flower 2021-04-08 09:41:41,065 | numpy_client.py:172 | fit, FitIns(clock=76)
DEBUG flower 2021-04-08 09:41:41,065 | numpy_client.py:260 | cached_clock: 75, curr_clock: 76
INFO flower 2021-04-08 09:41:42,202 | numpy_client.py:205 | Cache is fresh, return FitRes(clock=76)
DEBUG flower 2021-04-08 09:41:50,440 | numpy_client.py:172 | fit, FitIns(clock=77)
DEBUG flower 2021-04-08 09:41:50,440 | numpy_client.py:260 | cached_clock: 75, curr_clock: 77
INFO flower 2021-04-08 09:41:50,440 | numpy_client.py:184 | Cache is stale, return ReadIns
DEBUG flower 2021-04-08 09:41:55,414 | numpy_client.py:228 | read: ReadRes(clock=76)
DEBUG flower 2021-04-08 09:41:55,422 | numpy_client.py:172 | fit, FitIns(clock=77)
DEBUG flower 2021-04-08 09:41:55,422 | numpy_client.py:260 | cached_clock: 76, curr_clock: 77
INFO flower 2021-04-08 09:41:56,610 | numpy_client.py:205 | Cache is fresh, return FitRes(clock=77)
DEBUG flower 2021-04-08 09:42:05,004 | numpy_client.py:172 | fit, FitIns(clock=78)
DEBUG flower 2021-04-08 09:42:05,005 | numpy_client.py:260 | cached_clock: 76, curr_clock: 78
INFO flower 2021-04-08 09:42:05,005 | numpy_client.py:184 | Cache is stale, return ReadIns
DEBUG flower 2021-04-08 09:42:09,992 | numpy_client.py:228 | read: ReadRes(clock=77)
DEBUG flower 2021-04-08 09:42:10,000 | numpy_client.py:172 | fit, FitIns(clock=78)
DEBUG flower 2021-04-08 09:42:10,000 | numpy_client.py:260 | cached_clock: 77, curr_clock: 78
INFO flower 2021-04-08 09:42:11,097 | numpy_client.py:205 | Cache is fresh, return FitRes(clock=78)
DEBUG flower 2021-04-08 09:42:19,066 | numpy_client.py:172 | fit, FitIns(clock=79)
DEBUG flower 2021-04-08 09:42:19,066 | numpy_client.py:260 | cached_clock: 77, curr_clock: 79
INFO flower 2021-04-08 09:42:19,066 | numpy_client.py:184 | Cache is stale, return ReadIns
DEBUG flower 2021-04-08 09:42:23,877 | numpy_client.py:228 | read: ReadRes(clock=78)
DEBUG flower 2021-04-08 09:42:23,885 | numpy_client.py:172 | fit, FitIns(clock=79)
DEBUG flower 2021-04-08 09:42:23,885 | numpy_client.py:260 | cached_clock: 78, curr_clock: 79
INFO flower 2021-04-08 09:42:25,003 | numpy_client.py:205 | Cache is fresh, return FitRes(clock=79)
DEBUG flower 2021-04-08 09:42:32,639 | numpy_client.py:172 | fit, FitIns(clock=80)
DEBUG flower 2021-04-08 09:42:32,639 | numpy_client.py:260 | cached_clock: 78, curr_clock: 80
INFO flower 2021-04-08 09:42:32,639 | numpy_client.py:184 | Cache is stale, return ReadIns
DEBUG flower 2021-04-08 09:42:38,025 | numpy_client.py:228 | read: ReadRes(clock=79)
DEBUG flower 2021-04-08 09:42:38,032 | numpy_client.py:172 | fit, FitIns(clock=80)
DEBUG flower 2021-04-08 09:42:38,032 | numpy_client.py:260 | cached_clock: 79, curr_clock: 80
INFO flower 2021-04-08 09:42:39,076 | numpy_client.py:205 | Cache is fresh, return FitRes(clock=80)
DEBUG flower 2021-04-08 09:42:46,533 | numpy_client.py:172 | fit, FitIns(clock=81)
DEBUG flower 2021-04-08 09:42:46,533 | numpy_client.py:260 | cached_clock: 79, curr_clock: 81
INFO flower 2021-04-08 09:42:46,534 | numpy_client.py:184 | Cache is stale, return ReadIns
DEBUG flower 2021-04-08 09:42:51,397 | numpy_client.py:228 | read: ReadRes(clock=80)
DEBUG flower 2021-04-08 09:42:51,404 | numpy_client.py:172 | fit, FitIns(clock=81)
DEBUG flower 2021-04-08 09:42:51,404 | numpy_client.py:260 | cached_clock: 80, curr_clock: 81
INFO flower 2021-04-08 09:42:52,507 | numpy_client.py:205 | Cache is fresh, return FitRes(clock=81)
DEBUG flower 2021-04-08 09:43:00,273 | numpy_client.py:172 | fit, FitIns(clock=82)
DEBUG flower 2021-04-08 09:43:00,273 | numpy_client.py:260 | cached_clock: 80, curr_clock: 82
INFO flower 2021-04-08 09:43:00,273 | numpy_client.py:184 | Cache is stale, return ReadIns
DEBUG flower 2021-04-08 09:43:04,733 | numpy_client.py:228 | read: ReadRes(clock=81)
DEBUG flower 2021-04-08 09:43:04,740 | numpy_client.py:172 | fit, FitIns(clock=82)
DEBUG flower 2021-04-08 09:43:04,740 | numpy_client.py:260 | cached_clock: 81, curr_clock: 82
INFO flower 2021-04-08 09:43:05,811 | numpy_client.py:205 | Cache is fresh, return FitRes(clock=82)
DEBUG flower 2021-04-08 09:43:13,633 | numpy_client.py:172 | fit, FitIns(clock=83)
DEBUG flower 2021-04-08 09:43:13,634 | numpy_client.py:260 | cached_clock: 81, curr_clock: 83
INFO flower 2021-04-08 09:43:13,634 | numpy_client.py:184 | Cache is stale, return ReadIns
DEBUG flower 2021-04-08 09:43:18,331 | numpy_client.py:228 | read: ReadRes(clock=82)
DEBUG flower 2021-04-08 09:43:18,338 | numpy_client.py:172 | fit, FitIns(clock=83)
DEBUG flower 2021-04-08 09:43:18,339 | numpy_client.py:260 | cached_clock: 82, curr_clock: 83
INFO flower 2021-04-08 09:43:19,411 | numpy_client.py:205 | Cache is fresh, return FitRes(clock=83)
DEBUG flower 2021-04-08 09:43:27,257 | numpy_client.py:172 | fit, FitIns(clock=84)
DEBUG flower 2021-04-08 09:43:27,257 | numpy_client.py:260 | cached_clock: 82, curr_clock: 84
INFO flower 2021-04-08 09:43:27,257 | numpy_client.py:184 | Cache is stale, return ReadIns
DEBUG flower 2021-04-08 09:43:31,924 | numpy_client.py:228 | read: ReadRes(clock=83)
DEBUG flower 2021-04-08 09:43:31,931 | numpy_client.py:172 | fit, FitIns(clock=84)
DEBUG flower 2021-04-08 09:43:31,931 | numpy_client.py:260 | cached_clock: 83, curr_clock: 84
INFO flower 2021-04-08 09:43:33,009 | numpy_client.py:205 | Cache is fresh, return FitRes(clock=84)
DEBUG flower 2021-04-08 09:43:40,560 | numpy_client.py:172 | fit, FitIns(clock=85)
DEBUG flower 2021-04-08 09:43:40,561 | numpy_client.py:260 | cached_clock: 83, curr_clock: 85
INFO flower 2021-04-08 09:43:40,561 | numpy_client.py:184 | Cache is stale, return ReadIns
DEBUG flower 2021-04-08 09:43:45,201 | numpy_client.py:228 | read: ReadRes(clock=84)
DEBUG flower 2021-04-08 09:43:45,207 | numpy_client.py:172 | fit, FitIns(clock=85)
DEBUG flower 2021-04-08 09:43:45,208 | numpy_client.py:260 | cached_clock: 84, curr_clock: 85
INFO flower 2021-04-08 09:43:46,324 | numpy_client.py:205 | Cache is fresh, return FitRes(clock=85)
DEBUG flower 2021-04-08 09:43:54,335 | numpy_client.py:172 | fit, FitIns(clock=86)
DEBUG flower 2021-04-08 09:43:54,335 | numpy_client.py:260 | cached_clock: 84, curr_clock: 86
INFO flower 2021-04-08 09:43:54,335 | numpy_client.py:184 | Cache is stale, return ReadIns
DEBUG flower 2021-04-08 09:43:59,082 | numpy_client.py:228 | read: ReadRes(clock=85)
DEBUG flower 2021-04-08 09:43:59,089 | numpy_client.py:172 | fit, FitIns(clock=86)
DEBUG flower 2021-04-08 09:43:59,090 | numpy_client.py:260 | cached_clock: 85, curr_clock: 86
INFO flower 2021-04-08 09:44:00,207 | numpy_client.py:205 | Cache is fresh, return FitRes(clock=86)
DEBUG flower 2021-04-08 09:44:07,978 | numpy_client.py:172 | fit, FitIns(clock=87)
DEBUG flower 2021-04-08 09:44:07,978 | numpy_client.py:260 | cached_clock: 85, curr_clock: 87
INFO flower 2021-04-08 09:44:07,979 | numpy_client.py:184 | Cache is stale, return ReadIns
DEBUG flower 2021-04-08 09:44:12,931 | numpy_client.py:228 | read: ReadRes(clock=86)
DEBUG flower 2021-04-08 09:44:12,938 | numpy_client.py:172 | fit, FitIns(clock=87)
DEBUG flower 2021-04-08 09:44:12,938 | numpy_client.py:260 | cached_clock: 86, curr_clock: 87
INFO flower 2021-04-08 09:44:14,079 | numpy_client.py:205 | Cache is fresh, return FitRes(clock=87)
DEBUG flower 2021-04-08 09:44:21,511 | numpy_client.py:172 | fit, FitIns(clock=88)
DEBUG flower 2021-04-08 09:44:21,511 | numpy_client.py:260 | cached_clock: 86, curr_clock: 88
INFO flower 2021-04-08 09:44:21,511 | numpy_client.py:184 | Cache is stale, return ReadIns
DEBUG flower 2021-04-08 09:44:26,219 | numpy_client.py:228 | read: ReadRes(clock=87)
DEBUG flower 2021-04-08 09:44:26,227 | numpy_client.py:172 | fit, FitIns(clock=88)
DEBUG flower 2021-04-08 09:44:26,227 | numpy_client.py:260 | cached_clock: 87, curr_clock: 88
INFO flower 2021-04-08 09:44:27,393 | numpy_client.py:205 | Cache is fresh, return FitRes(clock=88)
DEBUG flower 2021-04-08 09:44:35,189 | numpy_client.py:172 | fit, FitIns(clock=89)
DEBUG flower 2021-04-08 09:44:35,189 | numpy_client.py:260 | cached_clock: 87, curr_clock: 89
INFO flower 2021-04-08 09:44:35,190 | numpy_client.py:184 | Cache is stale, return ReadIns
DEBUG flower 2021-04-08 09:44:39,877 | numpy_client.py:228 | read: ReadRes(clock=88)
DEBUG flower 2021-04-08 09:44:39,883 | numpy_client.py:172 | fit, FitIns(clock=89)
DEBUG flower 2021-04-08 09:44:39,883 | numpy_client.py:260 | cached_clock: 88, curr_clock: 89
INFO flower 2021-04-08 09:44:41,093 | numpy_client.py:205 | Cache is fresh, return FitRes(clock=89)
DEBUG flower 2021-04-08 09:44:48,798 | numpy_client.py:172 | fit, FitIns(clock=90)
DEBUG flower 2021-04-08 09:44:48,799 | numpy_client.py:260 | cached_clock: 88, curr_clock: 90
INFO flower 2021-04-08 09:44:48,799 | numpy_client.py:184 | Cache is stale, return ReadIns
DEBUG flower 2021-04-08 09:44:53,535 | numpy_client.py:228 | read: ReadRes(clock=89)
DEBUG flower 2021-04-08 09:44:53,545 | numpy_client.py:172 | fit, FitIns(clock=90)
DEBUG flower 2021-04-08 09:44:53,545 | numpy_client.py:260 | cached_clock: 89, curr_clock: 90
INFO flower 2021-04-08 09:44:54,622 | numpy_client.py:205 | Cache is fresh, return FitRes(clock=90)
DEBUG flower 2021-04-08 09:45:02,984 | numpy_client.py:172 | fit, FitIns(clock=91)
DEBUG flower 2021-04-08 09:45:02,984 | numpy_client.py:260 | cached_clock: 89, curr_clock: 91
INFO flower 2021-04-08 09:45:02,984 | numpy_client.py:184 | Cache is stale, return ReadIns
DEBUG flower 2021-04-08 09:45:07,820 | numpy_client.py:228 | read: ReadRes(clock=90)
DEBUG flower 2021-04-08 09:45:07,827 | numpy_client.py:172 | fit, FitIns(clock=91)
DEBUG flower 2021-04-08 09:45:07,827 | numpy_client.py:260 | cached_clock: 90, curr_clock: 91
INFO flower 2021-04-08 09:45:09,002 | numpy_client.py:205 | Cache is fresh, return FitRes(clock=91)
DEBUG flower 2021-04-08 09:45:17,484 | numpy_client.py:172 | fit, FitIns(clock=92)
DEBUG flower 2021-04-08 09:45:17,484 | numpy_client.py:260 | cached_clock: 90, curr_clock: 92
INFO flower 2021-04-08 09:45:17,484 | numpy_client.py:184 | Cache is stale, return ReadIns
DEBUG flower 2021-04-08 09:45:22,173 | numpy_client.py:228 | read: ReadRes(clock=91)
DEBUG flower 2021-04-08 09:45:22,181 | numpy_client.py:172 | fit, FitIns(clock=92)
DEBUG flower 2021-04-08 09:45:22,181 | numpy_client.py:260 | cached_clock: 91, curr_clock: 92
INFO flower 2021-04-08 09:45:23,303 | numpy_client.py:205 | Cache is fresh, return FitRes(clock=92)
DEBUG flower 2021-04-08 09:45:31,046 | numpy_client.py:172 | fit, FitIns(clock=93)
DEBUG flower 2021-04-08 09:45:31,046 | numpy_client.py:260 | cached_clock: 91, curr_clock: 93
INFO flower 2021-04-08 09:45:31,046 | numpy_client.py:184 | Cache is stale, return ReadIns
DEBUG flower 2021-04-08 09:45:36,032 | numpy_client.py:228 | read: ReadRes(clock=92)
DEBUG flower 2021-04-08 09:45:36,039 | numpy_client.py:172 | fit, FitIns(clock=93)
DEBUG flower 2021-04-08 09:45:36,040 | numpy_client.py:260 | cached_clock: 92, curr_clock: 93
INFO flower 2021-04-08 09:45:37,086 | numpy_client.py:205 | Cache is fresh, return FitRes(clock=93)
DEBUG flower 2021-04-08 09:45:44,950 | numpy_client.py:172 | fit, FitIns(clock=94)
DEBUG flower 2021-04-08 09:45:44,950 | numpy_client.py:260 | cached_clock: 92, curr_clock: 94
INFO flower 2021-04-08 09:45:44,951 | numpy_client.py:184 | Cache is stale, return ReadIns
DEBUG flower 2021-04-08 09:45:49,918 | numpy_client.py:228 | read: ReadRes(clock=93)
DEBUG flower 2021-04-08 09:45:49,925 | numpy_client.py:172 | fit, FitIns(clock=94)
DEBUG flower 2021-04-08 09:45:49,925 | numpy_client.py:260 | cached_clock: 93, curr_clock: 94
INFO flower 2021-04-08 09:45:51,089 | numpy_client.py:205 | Cache is fresh, return FitRes(clock=94)
DEBUG flower 2021-04-08 09:45:58,773 | numpy_client.py:172 | fit, FitIns(clock=95)
DEBUG flower 2021-04-08 09:45:58,773 | numpy_client.py:260 | cached_clock: 93, curr_clock: 95
INFO flower 2021-04-08 09:45:58,773 | numpy_client.py:184 | Cache is stale, return ReadIns
DEBUG flower 2021-04-08 09:46:03,312 | numpy_client.py:228 | read: ReadRes(clock=94)
DEBUG flower 2021-04-08 09:46:03,319 | numpy_client.py:172 | fit, FitIns(clock=95)
DEBUG flower 2021-04-08 09:46:03,319 | numpy_client.py:260 | cached_clock: 94, curr_clock: 95
INFO flower 2021-04-08 09:46:04,400 | numpy_client.py:205 | Cache is fresh, return FitRes(clock=95)
DEBUG flower 2021-04-08 09:46:12,315 | numpy_client.py:172 | fit, FitIns(clock=96)
DEBUG flower 2021-04-08 09:46:12,315 | numpy_client.py:260 | cached_clock: 94, curr_clock: 96
INFO flower 2021-04-08 09:46:12,315 | numpy_client.py:184 | Cache is stale, return ReadIns
DEBUG flower 2021-04-08 09:46:16,872 | numpy_client.py:228 | read: ReadRes(clock=95)
DEBUG flower 2021-04-08 09:46:16,880 | numpy_client.py:172 | fit, FitIns(clock=96)
DEBUG flower 2021-04-08 09:46:16,880 | numpy_client.py:260 | cached_clock: 95, curr_clock: 96
INFO flower 2021-04-08 09:46:18,082 | numpy_client.py:205 | Cache is fresh, return FitRes(clock=96)
DEBUG flower 2021-04-08 09:46:25,838 | numpy_client.py:172 | fit, FitIns(clock=97)
DEBUG flower 2021-04-08 09:46:25,839 | numpy_client.py:260 | cached_clock: 95, curr_clock: 97
INFO flower 2021-04-08 09:46:25,839 | numpy_client.py:184 | Cache is stale, return ReadIns
DEBUG flower 2021-04-08 09:46:30,829 | numpy_client.py:228 | read: ReadRes(clock=96)
DEBUG flower 2021-04-08 09:46:30,837 | numpy_client.py:172 | fit, FitIns(clock=97)
DEBUG flower 2021-04-08 09:46:30,837 | numpy_client.py:260 | cached_clock: 96, curr_clock: 97
INFO flower 2021-04-08 09:46:31,877 | numpy_client.py:205 | Cache is fresh, return FitRes(clock=97)
DEBUG flower 2021-04-08 09:46:39,776 | numpy_client.py:172 | fit, FitIns(clock=98)
DEBUG flower 2021-04-08 09:46:39,776 | numpy_client.py:260 | cached_clock: 96, curr_clock: 98
INFO flower 2021-04-08 09:46:39,776 | numpy_client.py:184 | Cache is stale, return ReadIns
DEBUG flower 2021-04-08 09:46:44,380 | numpy_client.py:228 | read: ReadRes(clock=97)
DEBUG flower 2021-04-08 09:46:44,388 | numpy_client.py:172 | fit, FitIns(clock=98)
DEBUG flower 2021-04-08 09:46:44,388 | numpy_client.py:260 | cached_clock: 97, curr_clock: 98
INFO flower 2021-04-08 09:46:45,408 | numpy_client.py:205 | Cache is fresh, return FitRes(clock=98)
DEBUG flower 2021-04-08 09:46:53,564 | numpy_client.py:172 | fit, FitIns(clock=99)
DEBUG flower 2021-04-08 09:46:53,565 | numpy_client.py:260 | cached_clock: 97, curr_clock: 99
INFO flower 2021-04-08 09:46:53,565 | numpy_client.py:184 | Cache is stale, return ReadIns
DEBUG flower 2021-04-08 09:46:58,303 | numpy_client.py:228 | read: ReadRes(clock=98)
DEBUG flower 2021-04-08 09:46:58,310 | numpy_client.py:172 | fit, FitIns(clock=99)
DEBUG flower 2021-04-08 09:46:58,310 | numpy_client.py:260 | cached_clock: 98, curr_clock: 99
INFO flower 2021-04-08 09:46:59,320 | numpy_client.py:205 | Cache is fresh, return FitRes(clock=99)
DEBUG flower 2021-04-08 09:46:59,320 | numpy_client.py:217 | The client finishes computing after 1351 seconds
INFO flower 2021-04-08 09:47:33,726 | numpy_client.py:250 | [32;1m Loss: 39.996, Accuracy: 21.631%[0m
DEBUG flower 2021-04-08 09:47:33,901 | connection.py:68 | Insecure gRPC channel closed
INFO flower 2021-04-08 09:47:33,901 | app.py:74 | Disconnect and shut down
Namespace(idx=14, max_delay=0, min_delay=0, num_clients=31, server_ip='10.244.29.27:8080', staleness_bound=1)
I'm client 14
Start SSP client without delay
Files already downloaded and verified
Files already downloaded and verified
[32;1mClient 14: 667 train samples, 282 test samples[0m
loss=47.81471610069275, acc=0.0818452380952381
loss=48.40896248817444, acc=0.0
loss=49.42103171348572, acc=0.02976190476190476
loss=54.53225517272949, acc=0.16071428571428573
loss=63.722172260284424, acc=0.19642857142857142
loss=44.99474310874939, acc=0.21577380952380953
loss=47.25049090385437, acc=0.20386904761904762
loss=48.31122279167175, acc=0.20982142857142858
loss=56.1757709980011, acc=0.17559523809523808
loss=48.38338625431061, acc=0.2425595238095238
loss=50.019207239151, acc=0.28720238095238093
loss=56.27355432510376, acc=0.17113095238095238
loss=49.23548090457916, acc=0.2663690476190476
loss=56.6867311000824, acc=0.21875
loss=64.95292901992798, acc=0.20238095238095238
loss=49.08380305767059, acc=0.2604166666666667
loss=55.017882347106934, acc=0.20833333333333334
loss=63.93947744369507, acc=0.19642857142857142
loss=67.69566202163696, acc=0.17261904761904762
loss=48.66851484775543, acc=0.2857142857142857
loss=51.85415196418762, acc=0.2916666666666667
loss=52.45561718940735, acc=0.31101190476190477
loss=53.86293888092041, acc=0.34077380952380953
loss=54.203081130981445, acc=0.2425595238095238
loss=62.47898244857788, acc=0.1875
loss=65.25372219085693, acc=0.21726190476190477
loss=48.6029326915741, acc=0.3392857142857143
loss=56.31957793235779, acc=0.23809523809523808
loss=49.28076720237732, acc=0.34077380952380953
loss=57.859426736831665, acc=0.23660714285714285
loss=49.33063983917236, acc=0.35119047619047616
loss=57.88166260719299, acc=0.21279761904761904
loss=48.85037016868591, acc=0.3541666666666667
loss=51.50593602657318, acc=0.3705357142857143
loss=57.44984555244446, acc=0.24702380952380953
loss=61.03424346446991, acc=0.2916666666666667
loss=62.79568028450012, acc=0.2916666666666667
loss=62.84259259700775, acc=0.30952380952380953
loss=62.15003156661987, acc=0.31101190476190477
loss=63.00732707977295, acc=0.2857142857142857
loss=62.47470533847809, acc=0.2961309523809524
loss=62.63483226299286, acc=0.3080357142857143
loss=61.819820404052734, acc=0.29017857142857145
loss=46.69166171550751, acc=0.36904761904761907
loss=57.90040588378906, acc=0.24553571428571427
loss=60.46754026412964, acc=0.25148809523809523
loss=47.30117404460907, acc=0.3630952380952381
loss=56.51626801490784, acc=0.24851190476190477
loss=47.89766597747803, acc=0.3869047619047619
loss=56.32930552959442, acc=0.24702380952380953
loss=58.48560118675232, acc=0.23511904761904762
loss=47.9681670665741, acc=0.37351190476190477
loss=50.33868145942688, acc=0.38839285714285715
loss=50.71470296382904, acc=0.41369047619047616
loss=50.88772368431091, acc=0.40029761904761907
loss=51.25229775905609, acc=0.41220238095238093
loss=51.99361312389374, acc=0.4166666666666667
loss=52.34203910827637, acc=0.31398809523809523
loss=46.9051558971405, acc=0.41517857142857145
loss=49.5375372171402, acc=0.43452380952380953
loss=52.100746393203735, acc=0.3169642857142857
loss=54.18242013454437, acc=0.33482142857142855
loss=46.75160074234009, acc=0.4375
loss=49.43489754199982, acc=0.42857142857142855
loss=52.08823001384735, acc=0.34226190476190477
loss=46.97128784656525, acc=0.41964285714285715
loss=52.441269636154175, acc=0.33779761904761907
loss=53.96862304210663, acc=0.3288690476190476
loss=47.219809889793396, acc=0.4330357142857143
loss=49.37192714214325, acc=0.4375
loss=52.85374915599823, acc=0.33482142857142855
loss=53.72907042503357, acc=0.3392857142857143
loss=55.0128493309021, acc=0.36607142857142855
loss=47.26634967327118, acc=0.4330357142857143
loss=48.65094780921936, acc=0.4494047619047619
loss=49.93079948425293, acc=0.45089285714285715
loss=49.160155296325684, acc=0.46279761904761907
loss=52.53837060928345, acc=0.31845238095238093
loss=54.462878823280334, acc=0.34672619047619047
loss=54.89407396316528, acc=0.3318452380952381
loss=55.33125901222229, acc=0.3586309523809524
loss=48.65757095813751, acc=0.44345238095238093
loss=49.32356894016266, acc=0.47619047619047616
loss=52.93127632141113, acc=0.3556547619047619
loss=48.27757811546326, acc=0.4479166666666667
loss=49.106197476387024, acc=0.4732142857142857
loss=49.25189733505249, acc=0.49702380952380953
loss=52.62384045124054, acc=0.33482142857142855
loss=53.30779528617859, acc=0.34970238095238093
loss=46.917362451553345, acc=0.49702380952380953
loss=49.203580021858215, acc=0.45089285714285715
loss=50.09066826105118, acc=0.47470238095238093
loss=52.304595589637756, acc=0.34970238095238093
loss=47.81882357597351, acc=0.47767857142857145
loss=52.12795615196228, acc=0.3541666666666667
loss=46.85984551906586, acc=0.49107142857142855
loss=49.57560336589813, acc=0.47023809523809523
loss=50.30187153816223, acc=0.4538690476190476
loss=50.0498788356781, acc=0.4642857142857143
loss=50.344149470329285, acc=0.45535714285714285
Files already downloaded and verified
Files already downloaded and verified
Testing on full test set: 313, 1092.4322669506073, 0.2622
Testing on partial test set: 9, 39.99578285217285, 0.21631205673758866
