DEBUG flower 2021-04-08 09:24:16,774 | connection.py:36 | ChannelConnectivity.IDLE
INFO flower 2021-04-08 09:24:16,775 | app.py:63 | Opened (insecure) gRPC connection
DEBUG flower 2021-04-08 09:24:16,776 | connection.py:36 | ChannelConnectivity.READY
DEBUG flower 2021-04-08 09:24:27,190 | numpy_client.py:172 | fit, FitIns(clock=0)
INFO flower 2021-04-08 09:24:27,190 | numpy_client.py:184 | Cache is stale, return ReadIns
DEBUG flower 2021-04-08 09:24:27,414 | numpy_client.py:228 | read: ReadRes(clock=-1)
DEBUG flower 2021-04-08 09:24:27,432 | numpy_client.py:172 | fit, FitIns(clock=0)
DEBUG flower 2021-04-08 09:24:27,433 | numpy_client.py:260 | cached_clock: -1, curr_clock: 0
INFO flower 2021-04-08 09:24:31,059 | numpy_client.py:205 | Cache is fresh, return FitRes(clock=0)
DEBUG flower 2021-04-08 09:24:31,092 | numpy_client.py:172 | fit, FitIns(clock=1)
DEBUG flower 2021-04-08 09:24:31,092 | numpy_client.py:260 | cached_clock: -1, curr_clock: 1
INFO flower 2021-04-08 09:24:31,092 | numpy_client.py:184 | Cache is stale, return ReadIns
DEBUG flower 2021-04-08 09:24:32,643 | numpy_client.py:228 | read: ReadRes(clock=0)
DEBUG flower 2021-04-08 09:24:32,651 | numpy_client.py:172 | fit, FitIns(clock=1)
DEBUG flower 2021-04-08 09:24:32,651 | numpy_client.py:260 | cached_clock: 0, curr_clock: 1
INFO flower 2021-04-08 09:24:36,159 | numpy_client.py:205 | Cache is fresh, return FitRes(clock=1)
DEBUG flower 2021-04-08 09:24:41,330 | numpy_client.py:172 | fit, FitIns(clock=2)
DEBUG flower 2021-04-08 09:24:41,330 | numpy_client.py:260 | cached_clock: 0, curr_clock: 2
INFO flower 2021-04-08 09:24:41,330 | numpy_client.py:184 | Cache is stale, return ReadIns
DEBUG flower 2021-04-08 09:24:46,659 | numpy_client.py:228 | read: ReadRes(clock=1)
DEBUG flower 2021-04-08 09:24:46,666 | numpy_client.py:172 | fit, FitIns(clock=2)
DEBUG flower 2021-04-08 09:24:46,666 | numpy_client.py:260 | cached_clock: 1, curr_clock: 2
INFO flower 2021-04-08 09:24:50,255 | numpy_client.py:205 | Cache is fresh, return FitRes(clock=2)
DEBUG flower 2021-04-08 09:24:56,675 | numpy_client.py:172 | fit, FitIns(clock=3)
DEBUG flower 2021-04-08 09:24:56,675 | numpy_client.py:260 | cached_clock: 1, curr_clock: 3
INFO flower 2021-04-08 09:24:56,675 | numpy_client.py:184 | Cache is stale, return ReadIns
DEBUG flower 2021-04-08 09:25:01,748 | numpy_client.py:228 | read: ReadRes(clock=2)
DEBUG flower 2021-04-08 09:25:01,756 | numpy_client.py:172 | fit, FitIns(clock=3)
DEBUG flower 2021-04-08 09:25:01,756 | numpy_client.py:260 | cached_clock: 2, curr_clock: 3
INFO flower 2021-04-08 09:25:05,374 | numpy_client.py:205 | Cache is fresh, return FitRes(clock=3)
DEBUG flower 2021-04-08 09:25:10,862 | numpy_client.py:172 | fit, FitIns(clock=4)
DEBUG flower 2021-04-08 09:25:10,863 | numpy_client.py:260 | cached_clock: 2, curr_clock: 4
INFO flower 2021-04-08 09:25:10,863 | numpy_client.py:184 | Cache is stale, return ReadIns
DEBUG flower 2021-04-08 09:25:15,306 | numpy_client.py:228 | read: ReadRes(clock=3)
DEBUG flower 2021-04-08 09:25:15,314 | numpy_client.py:172 | fit, FitIns(clock=4)
DEBUG flower 2021-04-08 09:25:15,314 | numpy_client.py:260 | cached_clock: 3, curr_clock: 4
INFO flower 2021-04-08 09:25:18,870 | numpy_client.py:205 | Cache is fresh, return FitRes(clock=4)
DEBUG flower 2021-04-08 09:25:24,559 | numpy_client.py:172 | fit, FitIns(clock=5)
DEBUG flower 2021-04-08 09:25:24,560 | numpy_client.py:260 | cached_clock: 3, curr_clock: 5
INFO flower 2021-04-08 09:25:24,560 | numpy_client.py:184 | Cache is stale, return ReadIns
DEBUG flower 2021-04-08 09:25:29,070 | numpy_client.py:228 | read: ReadRes(clock=4)
DEBUG flower 2021-04-08 09:25:29,078 | numpy_client.py:172 | fit, FitIns(clock=5)
DEBUG flower 2021-04-08 09:25:29,078 | numpy_client.py:260 | cached_clock: 4, curr_clock: 5
INFO flower 2021-04-08 09:25:32,869 | numpy_client.py:205 | Cache is fresh, return FitRes(clock=5)
DEBUG flower 2021-04-08 09:25:38,614 | numpy_client.py:172 | fit, FitIns(clock=6)
DEBUG flower 2021-04-08 09:25:38,614 | numpy_client.py:260 | cached_clock: 4, curr_clock: 6
INFO flower 2021-04-08 09:25:38,614 | numpy_client.py:184 | Cache is stale, return ReadIns
DEBUG flower 2021-04-08 09:25:43,254 | numpy_client.py:228 | read: ReadRes(clock=5)
DEBUG flower 2021-04-08 09:25:43,261 | numpy_client.py:172 | fit, FitIns(clock=6)
DEBUG flower 2021-04-08 09:25:43,261 | numpy_client.py:260 | cached_clock: 5, curr_clock: 6
INFO flower 2021-04-08 09:25:47,044 | numpy_client.py:205 | Cache is fresh, return FitRes(clock=6)
DEBUG flower 2021-04-08 09:25:52,063 | numpy_client.py:172 | fit, FitIns(clock=7)
DEBUG flower 2021-04-08 09:25:52,064 | numpy_client.py:260 | cached_clock: 5, curr_clock: 7
INFO flower 2021-04-08 09:25:52,064 | numpy_client.py:184 | Cache is stale, return ReadIns
DEBUG flower 2021-04-08 09:25:56,436 | numpy_client.py:228 | read: ReadRes(clock=6)
DEBUG flower 2021-04-08 09:25:56,444 | numpy_client.py:172 | fit, FitIns(clock=7)
DEBUG flower 2021-04-08 09:25:56,445 | numpy_client.py:260 | cached_clock: 6, curr_clock: 7
INFO flower 2021-04-08 09:26:00,155 | numpy_client.py:205 | Cache is fresh, return FitRes(clock=7)
DEBUG flower 2021-04-08 09:26:05,362 | numpy_client.py:172 | fit, FitIns(clock=8)
DEBUG flower 2021-04-08 09:26:05,363 | numpy_client.py:260 | cached_clock: 6, curr_clock: 8
INFO flower 2021-04-08 09:26:05,363 | numpy_client.py:184 | Cache is stale, return ReadIns
DEBUG flower 2021-04-08 09:26:09,770 | numpy_client.py:228 | read: ReadRes(clock=7)
DEBUG flower 2021-04-08 09:26:09,778 | numpy_client.py:172 | fit, FitIns(clock=8)
DEBUG flower 2021-04-08 09:26:09,778 | numpy_client.py:260 | cached_clock: 7, curr_clock: 8
INFO flower 2021-04-08 09:26:13,356 | numpy_client.py:205 | Cache is fresh, return FitRes(clock=8)
DEBUG flower 2021-04-08 09:26:18,844 | numpy_client.py:172 | fit, FitIns(clock=9)
DEBUG flower 2021-04-08 09:26:18,844 | numpy_client.py:260 | cached_clock: 7, curr_clock: 9
INFO flower 2021-04-08 09:26:18,845 | numpy_client.py:184 | Cache is stale, return ReadIns
DEBUG flower 2021-04-08 09:26:23,542 | numpy_client.py:228 | read: ReadRes(clock=8)
DEBUG flower 2021-04-08 09:26:23,550 | numpy_client.py:172 | fit, FitIns(clock=9)
DEBUG flower 2021-04-08 09:26:23,550 | numpy_client.py:260 | cached_clock: 8, curr_clock: 9
INFO flower 2021-04-08 09:26:27,243 | numpy_client.py:205 | Cache is fresh, return FitRes(clock=9)
DEBUG flower 2021-04-08 09:26:32,577 | numpy_client.py:172 | fit, FitIns(clock=10)
DEBUG flower 2021-04-08 09:26:32,578 | numpy_client.py:260 | cached_clock: 8, curr_clock: 10
INFO flower 2021-04-08 09:26:32,578 | numpy_client.py:184 | Cache is stale, return ReadIns
DEBUG flower 2021-04-08 09:26:37,065 | numpy_client.py:228 | read: ReadRes(clock=9)
DEBUG flower 2021-04-08 09:26:37,073 | numpy_client.py:172 | fit, FitIns(clock=10)
DEBUG flower 2021-04-08 09:26:37,073 | numpy_client.py:260 | cached_clock: 9, curr_clock: 10
INFO flower 2021-04-08 09:26:40,658 | numpy_client.py:205 | Cache is fresh, return FitRes(clock=10)
DEBUG flower 2021-04-08 09:26:46,256 | numpy_client.py:172 | fit, FitIns(clock=11)
DEBUG flower 2021-04-08 09:26:46,256 | numpy_client.py:260 | cached_clock: 9, curr_clock: 11
INFO flower 2021-04-08 09:26:46,257 | numpy_client.py:184 | Cache is stale, return ReadIns
DEBUG flower 2021-04-08 09:26:51,056 | numpy_client.py:228 | read: ReadRes(clock=10)
DEBUG flower 2021-04-08 09:26:51,064 | numpy_client.py:172 | fit, FitIns(clock=11)
DEBUG flower 2021-04-08 09:26:51,064 | numpy_client.py:260 | cached_clock: 10, curr_clock: 11
INFO flower 2021-04-08 09:26:54,680 | numpy_client.py:205 | Cache is fresh, return FitRes(clock=11)
DEBUG flower 2021-04-08 09:27:00,158 | numpy_client.py:172 | fit, FitIns(clock=12)
DEBUG flower 2021-04-08 09:27:00,159 | numpy_client.py:260 | cached_clock: 10, curr_clock: 12
INFO flower 2021-04-08 09:27:00,159 | numpy_client.py:184 | Cache is stale, return ReadIns
DEBUG flower 2021-04-08 09:27:04,756 | numpy_client.py:228 | read: ReadRes(clock=11)
DEBUG flower 2021-04-08 09:27:04,764 | numpy_client.py:172 | fit, FitIns(clock=12)
DEBUG flower 2021-04-08 09:27:04,764 | numpy_client.py:260 | cached_clock: 11, curr_clock: 12
INFO flower 2021-04-08 09:27:08,356 | numpy_client.py:205 | Cache is fresh, return FitRes(clock=12)
DEBUG flower 2021-04-08 09:27:14,055 | numpy_client.py:172 | fit, FitIns(clock=13)
DEBUG flower 2021-04-08 09:27:14,055 | numpy_client.py:260 | cached_clock: 11, curr_clock: 13
INFO flower 2021-04-08 09:27:14,055 | numpy_client.py:184 | Cache is stale, return ReadIns
DEBUG flower 2021-04-08 09:27:18,667 | numpy_client.py:228 | read: ReadRes(clock=12)
DEBUG flower 2021-04-08 09:27:18,675 | numpy_client.py:172 | fit, FitIns(clock=13)
DEBUG flower 2021-04-08 09:27:18,675 | numpy_client.py:260 | cached_clock: 12, curr_clock: 13
INFO flower 2021-04-08 09:27:22,346 | numpy_client.py:205 | Cache is fresh, return FitRes(clock=13)
DEBUG flower 2021-04-08 09:27:27,772 | numpy_client.py:172 | fit, FitIns(clock=14)
DEBUG flower 2021-04-08 09:27:27,772 | numpy_client.py:260 | cached_clock: 12, curr_clock: 14
INFO flower 2021-04-08 09:27:27,773 | numpy_client.py:184 | Cache is stale, return ReadIns
DEBUG flower 2021-04-08 09:27:32,459 | numpy_client.py:228 | read: ReadRes(clock=13)
DEBUG flower 2021-04-08 09:27:32,466 | numpy_client.py:172 | fit, FitIns(clock=14)
DEBUG flower 2021-04-08 09:27:32,466 | numpy_client.py:260 | cached_clock: 13, curr_clock: 14
INFO flower 2021-04-08 09:27:36,074 | numpy_client.py:205 | Cache is fresh, return FitRes(clock=14)
DEBUG flower 2021-04-08 09:27:41,664 | numpy_client.py:172 | fit, FitIns(clock=15)
DEBUG flower 2021-04-08 09:27:41,664 | numpy_client.py:260 | cached_clock: 13, curr_clock: 15
INFO flower 2021-04-08 09:27:41,665 | numpy_client.py:184 | Cache is stale, return ReadIns
DEBUG flower 2021-04-08 09:27:45,886 | numpy_client.py:228 | read: ReadRes(clock=14)
DEBUG flower 2021-04-08 09:27:45,893 | numpy_client.py:172 | fit, FitIns(clock=15)
DEBUG flower 2021-04-08 09:27:45,893 | numpy_client.py:260 | cached_clock: 14, curr_clock: 15
INFO flower 2021-04-08 09:27:49,455 | numpy_client.py:205 | Cache is fresh, return FitRes(clock=15)
DEBUG flower 2021-04-08 09:27:55,228 | numpy_client.py:172 | fit, FitIns(clock=16)
DEBUG flower 2021-04-08 09:27:55,228 | numpy_client.py:260 | cached_clock: 14, curr_clock: 16
INFO flower 2021-04-08 09:27:55,228 | numpy_client.py:184 | Cache is stale, return ReadIns
DEBUG flower 2021-04-08 09:27:59,762 | numpy_client.py:228 | read: ReadRes(clock=15)
DEBUG flower 2021-04-08 09:27:59,769 | numpy_client.py:172 | fit, FitIns(clock=16)
DEBUG flower 2021-04-08 09:27:59,769 | numpy_client.py:260 | cached_clock: 15, curr_clock: 16
INFO flower 2021-04-08 09:28:03,254 | numpy_client.py:205 | Cache is fresh, return FitRes(clock=16)
DEBUG flower 2021-04-08 09:28:09,070 | numpy_client.py:172 | fit, FitIns(clock=17)
DEBUG flower 2021-04-08 09:28:09,071 | numpy_client.py:260 | cached_clock: 15, curr_clock: 17
INFO flower 2021-04-08 09:28:09,071 | numpy_client.py:184 | Cache is stale, return ReadIns
DEBUG flower 2021-04-08 09:28:13,642 | numpy_client.py:228 | read: ReadRes(clock=16)
DEBUG flower 2021-04-08 09:28:13,650 | numpy_client.py:172 | fit, FitIns(clock=17)
DEBUG flower 2021-04-08 09:28:13,650 | numpy_client.py:260 | cached_clock: 16, curr_clock: 17
INFO flower 2021-04-08 09:28:17,157 | numpy_client.py:205 | Cache is fresh, return FitRes(clock=17)
DEBUG flower 2021-04-08 09:28:23,018 | numpy_client.py:172 | fit, FitIns(clock=18)
DEBUG flower 2021-04-08 09:28:23,019 | numpy_client.py:260 | cached_clock: 16, curr_clock: 18
INFO flower 2021-04-08 09:28:23,019 | numpy_client.py:184 | Cache is stale, return ReadIns
DEBUG flower 2021-04-08 09:28:27,261 | numpy_client.py:228 | read: ReadRes(clock=17)
DEBUG flower 2021-04-08 09:28:27,268 | numpy_client.py:172 | fit, FitIns(clock=18)
DEBUG flower 2021-04-08 09:28:27,269 | numpy_client.py:260 | cached_clock: 17, curr_clock: 18
INFO flower 2021-04-08 09:28:30,779 | numpy_client.py:205 | Cache is fresh, return FitRes(clock=18)
DEBUG flower 2021-04-08 09:28:36,272 | numpy_client.py:172 | fit, FitIns(clock=19)
DEBUG flower 2021-04-08 09:28:36,272 | numpy_client.py:260 | cached_clock: 17, curr_clock: 19
INFO flower 2021-04-08 09:28:36,273 | numpy_client.py:184 | Cache is stale, return ReadIns
DEBUG flower 2021-04-08 09:28:40,751 | numpy_client.py:228 | read: ReadRes(clock=18)
DEBUG flower 2021-04-08 09:28:40,758 | numpy_client.py:172 | fit, FitIns(clock=19)
DEBUG flower 2021-04-08 09:28:40,758 | numpy_client.py:260 | cached_clock: 18, curr_clock: 19
INFO flower 2021-04-08 09:28:44,279 | numpy_client.py:205 | Cache is fresh, return FitRes(clock=19)
DEBUG flower 2021-04-08 09:28:49,936 | numpy_client.py:172 | fit, FitIns(clock=20)
DEBUG flower 2021-04-08 09:28:49,936 | numpy_client.py:260 | cached_clock: 18, curr_clock: 20
INFO flower 2021-04-08 09:28:49,937 | numpy_client.py:184 | Cache is stale, return ReadIns
DEBUG flower 2021-04-08 09:28:54,543 | numpy_client.py:228 | read: ReadRes(clock=19)
DEBUG flower 2021-04-08 09:28:54,550 | numpy_client.py:172 | fit, FitIns(clock=20)
DEBUG flower 2021-04-08 09:28:54,551 | numpy_client.py:260 | cached_clock: 19, curr_clock: 20
INFO flower 2021-04-08 09:28:58,055 | numpy_client.py:205 | Cache is fresh, return FitRes(clock=20)
DEBUG flower 2021-04-08 09:29:03,652 | numpy_client.py:172 | fit, FitIns(clock=21)
DEBUG flower 2021-04-08 09:29:03,652 | numpy_client.py:260 | cached_clock: 19, curr_clock: 21
INFO flower 2021-04-08 09:29:03,652 | numpy_client.py:184 | Cache is stale, return ReadIns
DEBUG flower 2021-04-08 09:29:08,082 | numpy_client.py:228 | read: ReadRes(clock=20)
DEBUG flower 2021-04-08 09:29:08,089 | numpy_client.py:172 | fit, FitIns(clock=21)
DEBUG flower 2021-04-08 09:29:08,090 | numpy_client.py:260 | cached_clock: 20, curr_clock: 21
INFO flower 2021-04-08 09:29:11,946 | numpy_client.py:205 | Cache is fresh, return FitRes(clock=21)
DEBUG flower 2021-04-08 09:29:16,966 | numpy_client.py:172 | fit, FitIns(clock=22)
DEBUG flower 2021-04-08 09:29:16,966 | numpy_client.py:260 | cached_clock: 20, curr_clock: 22
INFO flower 2021-04-08 09:29:16,966 | numpy_client.py:184 | Cache is stale, return ReadIns
DEBUG flower 2021-04-08 09:29:21,348 | numpy_client.py:228 | read: ReadRes(clock=21)
DEBUG flower 2021-04-08 09:29:21,356 | numpy_client.py:172 | fit, FitIns(clock=22)
DEBUG flower 2021-04-08 09:29:21,356 | numpy_client.py:260 | cached_clock: 21, curr_clock: 22
INFO flower 2021-04-08 09:29:25,045 | numpy_client.py:205 | Cache is fresh, return FitRes(clock=22)
DEBUG flower 2021-04-08 09:29:30,790 | numpy_client.py:172 | fit, FitIns(clock=23)
DEBUG flower 2021-04-08 09:29:30,791 | numpy_client.py:260 | cached_clock: 21, curr_clock: 23
INFO flower 2021-04-08 09:29:30,791 | numpy_client.py:184 | Cache is stale, return ReadIns
DEBUG flower 2021-04-08 09:29:35,443 | numpy_client.py:228 | read: ReadRes(clock=22)
DEBUG flower 2021-04-08 09:29:35,450 | numpy_client.py:172 | fit, FitIns(clock=23)
DEBUG flower 2021-04-08 09:29:35,450 | numpy_client.py:260 | cached_clock: 22, curr_clock: 23
INFO flower 2021-04-08 09:29:38,969 | numpy_client.py:205 | Cache is fresh, return FitRes(clock=23)
DEBUG flower 2021-04-08 09:29:44,367 | numpy_client.py:172 | fit, FitIns(clock=24)
DEBUG flower 2021-04-08 09:29:44,367 | numpy_client.py:260 | cached_clock: 22, curr_clock: 24
INFO flower 2021-04-08 09:29:44,367 | numpy_client.py:184 | Cache is stale, return ReadIns
DEBUG flower 2021-04-08 09:29:49,052 | numpy_client.py:228 | read: ReadRes(clock=23)
DEBUG flower 2021-04-08 09:29:49,060 | numpy_client.py:172 | fit, FitIns(clock=24)
DEBUG flower 2021-04-08 09:29:49,060 | numpy_client.py:260 | cached_clock: 23, curr_clock: 24
INFO flower 2021-04-08 09:29:52,679 | numpy_client.py:205 | Cache is fresh, return FitRes(clock=24)
DEBUG flower 2021-04-08 09:29:57,886 | numpy_client.py:172 | fit, FitIns(clock=25)
DEBUG flower 2021-04-08 09:29:57,886 | numpy_client.py:260 | cached_clock: 23, curr_clock: 25
INFO flower 2021-04-08 09:29:57,887 | numpy_client.py:184 | Cache is stale, return ReadIns
DEBUG flower 2021-04-08 09:30:02,253 | numpy_client.py:228 | read: ReadRes(clock=24)
DEBUG flower 2021-04-08 09:30:02,261 | numpy_client.py:172 | fit, FitIns(clock=25)
DEBUG flower 2021-04-08 09:30:02,261 | numpy_client.py:260 | cached_clock: 24, curr_clock: 25
INFO flower 2021-04-08 09:30:05,844 | numpy_client.py:205 | Cache is fresh, return FitRes(clock=25)
DEBUG flower 2021-04-08 09:30:11,616 | numpy_client.py:172 | fit, FitIns(clock=26)
DEBUG flower 2021-04-08 09:30:11,616 | numpy_client.py:260 | cached_clock: 24, curr_clock: 26
INFO flower 2021-04-08 09:30:11,616 | numpy_client.py:184 | Cache is stale, return ReadIns
DEBUG flower 2021-04-08 09:30:15,942 | numpy_client.py:228 | read: ReadRes(clock=25)
DEBUG flower 2021-04-08 09:30:15,950 | numpy_client.py:172 | fit, FitIns(clock=26)
DEBUG flower 2021-04-08 09:30:15,950 | numpy_client.py:260 | cached_clock: 25, curr_clock: 26
INFO flower 2021-04-08 09:30:19,459 | numpy_client.py:205 | Cache is fresh, return FitRes(clock=26)
DEBUG flower 2021-04-08 09:30:25,379 | numpy_client.py:172 | fit, FitIns(clock=27)
DEBUG flower 2021-04-08 09:30:25,380 | numpy_client.py:260 | cached_clock: 25, curr_clock: 27
INFO flower 2021-04-08 09:30:25,380 | numpy_client.py:184 | Cache is stale, return ReadIns
DEBUG flower 2021-04-08 09:30:29,765 | numpy_client.py:228 | read: ReadRes(clock=26)
DEBUG flower 2021-04-08 09:30:29,772 | numpy_client.py:172 | fit, FitIns(clock=27)
DEBUG flower 2021-04-08 09:30:29,772 | numpy_client.py:260 | cached_clock: 26, curr_clock: 27
INFO flower 2021-04-08 09:30:33,541 | numpy_client.py:205 | Cache is fresh, return FitRes(clock=27)
DEBUG flower 2021-04-08 09:30:38,461 | numpy_client.py:172 | fit, FitIns(clock=28)
DEBUG flower 2021-04-08 09:30:38,461 | numpy_client.py:260 | cached_clock: 26, curr_clock: 28
INFO flower 2021-04-08 09:30:38,461 | numpy_client.py:184 | Cache is stale, return ReadIns
DEBUG flower 2021-04-08 09:30:42,849 | numpy_client.py:228 | read: ReadRes(clock=27)
DEBUG flower 2021-04-08 09:30:42,856 | numpy_client.py:172 | fit, FitIns(clock=28)
DEBUG flower 2021-04-08 09:30:42,856 | numpy_client.py:260 | cached_clock: 27, curr_clock: 28
INFO flower 2021-04-08 09:30:46,476 | numpy_client.py:205 | Cache is fresh, return FitRes(clock=28)
DEBUG flower 2021-04-08 09:30:51,925 | numpy_client.py:172 | fit, FitIns(clock=29)
DEBUG flower 2021-04-08 09:30:51,925 | numpy_client.py:260 | cached_clock: 27, curr_clock: 29
INFO flower 2021-04-08 09:30:51,925 | numpy_client.py:184 | Cache is stale, return ReadIns
DEBUG flower 2021-04-08 09:30:56,425 | numpy_client.py:228 | read: ReadRes(clock=28)
DEBUG flower 2021-04-08 09:30:56,433 | numpy_client.py:172 | fit, FitIns(clock=29)
DEBUG flower 2021-04-08 09:30:56,433 | numpy_client.py:260 | cached_clock: 28, curr_clock: 29
INFO flower 2021-04-08 09:30:59,959 | numpy_client.py:205 | Cache is fresh, return FitRes(clock=29)
DEBUG flower 2021-04-08 09:31:05,355 | numpy_client.py:172 | fit, FitIns(clock=30)
DEBUG flower 2021-04-08 09:31:05,355 | numpy_client.py:260 | cached_clock: 28, curr_clock: 30
INFO flower 2021-04-08 09:31:05,356 | numpy_client.py:184 | Cache is stale, return ReadIns
DEBUG flower 2021-04-08 09:31:09,743 | numpy_client.py:228 | read: ReadRes(clock=29)
DEBUG flower 2021-04-08 09:31:09,750 | numpy_client.py:172 | fit, FitIns(clock=30)
DEBUG flower 2021-04-08 09:31:09,750 | numpy_client.py:260 | cached_clock: 29, curr_clock: 30
INFO flower 2021-04-08 09:31:13,341 | numpy_client.py:205 | Cache is fresh, return FitRes(clock=30)
DEBUG flower 2021-04-08 09:31:18,355 | numpy_client.py:172 | fit, FitIns(clock=31)
DEBUG flower 2021-04-08 09:31:18,355 | numpy_client.py:260 | cached_clock: 29, curr_clock: 31
INFO flower 2021-04-08 09:31:18,356 | numpy_client.py:184 | Cache is stale, return ReadIns
DEBUG flower 2021-04-08 09:31:22,829 | numpy_client.py:228 | read: ReadRes(clock=30)
DEBUG flower 2021-04-08 09:31:22,836 | numpy_client.py:172 | fit, FitIns(clock=31)
DEBUG flower 2021-04-08 09:31:22,837 | numpy_client.py:260 | cached_clock: 30, curr_clock: 31
INFO flower 2021-04-08 09:31:26,358 | numpy_client.py:205 | Cache is fresh, return FitRes(clock=31)
DEBUG flower 2021-04-08 09:31:32,196 | numpy_client.py:172 | fit, FitIns(clock=32)
DEBUG flower 2021-04-08 09:31:32,197 | numpy_client.py:260 | cached_clock: 30, curr_clock: 32
INFO flower 2021-04-08 09:31:32,197 | numpy_client.py:184 | Cache is stale, return ReadIns
DEBUG flower 2021-04-08 09:31:36,841 | numpy_client.py:228 | read: ReadRes(clock=31)
DEBUG flower 2021-04-08 09:31:36,847 | numpy_client.py:172 | fit, FitIns(clock=32)
DEBUG flower 2021-04-08 09:31:36,847 | numpy_client.py:260 | cached_clock: 31, curr_clock: 32
INFO flower 2021-04-08 09:31:40,366 | numpy_client.py:205 | Cache is fresh, return FitRes(clock=32)
DEBUG flower 2021-04-08 09:31:46,359 | numpy_client.py:172 | fit, FitIns(clock=33)
DEBUG flower 2021-04-08 09:31:46,359 | numpy_client.py:260 | cached_clock: 31, curr_clock: 33
INFO flower 2021-04-08 09:31:46,359 | numpy_client.py:184 | Cache is stale, return ReadIns
DEBUG flower 2021-04-08 09:31:50,800 | numpy_client.py:228 | read: ReadRes(clock=32)
DEBUG flower 2021-04-08 09:31:50,808 | numpy_client.py:172 | fit, FitIns(clock=33)
DEBUG flower 2021-04-08 09:31:50,808 | numpy_client.py:260 | cached_clock: 32, curr_clock: 33
INFO flower 2021-04-08 09:31:54,358 | numpy_client.py:205 | Cache is fresh, return FitRes(clock=33)
DEBUG flower 2021-04-08 09:32:00,254 | numpy_client.py:172 | fit, FitIns(clock=34)
DEBUG flower 2021-04-08 09:32:00,255 | numpy_client.py:260 | cached_clock: 32, curr_clock: 34
INFO flower 2021-04-08 09:32:00,255 | numpy_client.py:184 | Cache is stale, return ReadIns
DEBUG flower 2021-04-08 09:32:04,484 | numpy_client.py:228 | read: ReadRes(clock=33)
DEBUG flower 2021-04-08 09:32:04,491 | numpy_client.py:172 | fit, FitIns(clock=34)
DEBUG flower 2021-04-08 09:32:04,491 | numpy_client.py:260 | cached_clock: 33, curr_clock: 34
INFO flower 2021-04-08 09:32:07,976 | numpy_client.py:205 | Cache is fresh, return FitRes(clock=34)
DEBUG flower 2021-04-08 09:32:13,658 | numpy_client.py:172 | fit, FitIns(clock=35)
DEBUG flower 2021-04-08 09:32:13,658 | numpy_client.py:260 | cached_clock: 33, curr_clock: 35
INFO flower 2021-04-08 09:32:13,658 | numpy_client.py:184 | Cache is stale, return ReadIns
DEBUG flower 2021-04-08 09:32:18,341 | numpy_client.py:228 | read: ReadRes(clock=34)
DEBUG flower 2021-04-08 09:32:18,348 | numpy_client.py:172 | fit, FitIns(clock=35)
DEBUG flower 2021-04-08 09:32:18,348 | numpy_client.py:260 | cached_clock: 34, curr_clock: 35
INFO flower 2021-04-08 09:32:21,952 | numpy_client.py:205 | Cache is fresh, return FitRes(clock=35)
DEBUG flower 2021-04-08 09:32:27,423 | numpy_client.py:172 | fit, FitIns(clock=36)
DEBUG flower 2021-04-08 09:32:27,423 | numpy_client.py:260 | cached_clock: 34, curr_clock: 36
INFO flower 2021-04-08 09:32:27,424 | numpy_client.py:184 | Cache is stale, return ReadIns
DEBUG flower 2021-04-08 09:32:31,956 | numpy_client.py:228 | read: ReadRes(clock=35)
DEBUG flower 2021-04-08 09:32:31,963 | numpy_client.py:172 | fit, FitIns(clock=36)
DEBUG flower 2021-04-08 09:32:31,963 | numpy_client.py:260 | cached_clock: 35, curr_clock: 36
INFO flower 2021-04-08 09:32:35,660 | numpy_client.py:205 | Cache is fresh, return FitRes(clock=36)
DEBUG flower 2021-04-08 09:32:41,087 | numpy_client.py:172 | fit, FitIns(clock=37)
DEBUG flower 2021-04-08 09:32:41,087 | numpy_client.py:260 | cached_clock: 35, curr_clock: 37
INFO flower 2021-04-08 09:32:41,088 | numpy_client.py:184 | Cache is stale, return ReadIns
DEBUG flower 2021-04-08 09:32:45,743 | numpy_client.py:228 | read: ReadRes(clock=36)
DEBUG flower 2021-04-08 09:32:45,751 | numpy_client.py:172 | fit, FitIns(clock=37)
DEBUG flower 2021-04-08 09:32:45,751 | numpy_client.py:260 | cached_clock: 36, curr_clock: 37
INFO flower 2021-04-08 09:32:49,276 | numpy_client.py:205 | Cache is fresh, return FitRes(clock=37)
DEBUG flower 2021-04-08 09:32:55,615 | numpy_client.py:172 | fit, FitIns(clock=38)
DEBUG flower 2021-04-08 09:32:55,615 | numpy_client.py:260 | cached_clock: 36, curr_clock: 38
INFO flower 2021-04-08 09:32:55,615 | numpy_client.py:184 | Cache is stale, return ReadIns
DEBUG flower 2021-04-08 09:32:59,970 | numpy_client.py:228 | read: ReadRes(clock=37)
DEBUG flower 2021-04-08 09:32:59,977 | numpy_client.py:172 | fit, FitIns(clock=38)
DEBUG flower 2021-04-08 09:32:59,977 | numpy_client.py:260 | cached_clock: 37, curr_clock: 38
INFO flower 2021-04-08 09:33:03,658 | numpy_client.py:205 | Cache is fresh, return FitRes(clock=38)
DEBUG flower 2021-04-08 09:33:09,043 | numpy_client.py:172 | fit, FitIns(clock=39)
DEBUG flower 2021-04-08 09:33:09,043 | numpy_client.py:260 | cached_clock: 37, curr_clock: 39
INFO flower 2021-04-08 09:33:09,044 | numpy_client.py:184 | Cache is stale, return ReadIns
DEBUG flower 2021-04-08 09:33:13,963 | numpy_client.py:228 | read: ReadRes(clock=38)
DEBUG flower 2021-04-08 09:33:13,970 | numpy_client.py:172 | fit, FitIns(clock=39)
DEBUG flower 2021-04-08 09:33:13,971 | numpy_client.py:260 | cached_clock: 38, curr_clock: 39
INFO flower 2021-04-08 09:33:17,454 | numpy_client.py:205 | Cache is fresh, return FitRes(clock=39)
DEBUG flower 2021-04-08 09:33:22,979 | numpy_client.py:172 | fit, FitIns(clock=40)
DEBUG flower 2021-04-08 09:33:22,979 | numpy_client.py:260 | cached_clock: 38, curr_clock: 40
INFO flower 2021-04-08 09:33:22,980 | numpy_client.py:184 | Cache is stale, return ReadIns
DEBUG flower 2021-04-08 09:33:27,504 | numpy_client.py:228 | read: ReadRes(clock=39)
DEBUG flower 2021-04-08 09:33:27,512 | numpy_client.py:172 | fit, FitIns(clock=40)
DEBUG flower 2021-04-08 09:33:27,512 | numpy_client.py:260 | cached_clock: 39, curr_clock: 40
INFO flower 2021-04-08 09:33:31,074 | numpy_client.py:205 | Cache is fresh, return FitRes(clock=40)
DEBUG flower 2021-04-08 09:33:36,576 | numpy_client.py:172 | fit, FitIns(clock=41)
DEBUG flower 2021-04-08 09:33:36,576 | numpy_client.py:260 | cached_clock: 39, curr_clock: 41
INFO flower 2021-04-08 09:33:36,576 | numpy_client.py:184 | Cache is stale, return ReadIns
DEBUG flower 2021-04-08 09:33:41,343 | numpy_client.py:228 | read: ReadRes(clock=40)
DEBUG flower 2021-04-08 09:33:41,351 | numpy_client.py:172 | fit, FitIns(clock=41)
DEBUG flower 2021-04-08 09:33:41,351 | numpy_client.py:260 | cached_clock: 40, curr_clock: 41
INFO flower 2021-04-08 09:33:45,046 | numpy_client.py:205 | Cache is fresh, return FitRes(clock=41)
DEBUG flower 2021-04-08 09:33:50,449 | numpy_client.py:172 | fit, FitIns(clock=42)
DEBUG flower 2021-04-08 09:33:50,450 | numpy_client.py:260 | cached_clock: 40, curr_clock: 42
INFO flower 2021-04-08 09:33:50,450 | numpy_client.py:184 | Cache is stale, return ReadIns
DEBUG flower 2021-04-08 09:33:55,168 | numpy_client.py:228 | read: ReadRes(clock=41)
DEBUG flower 2021-04-08 09:33:55,176 | numpy_client.py:172 | fit, FitIns(clock=42)
DEBUG flower 2021-04-08 09:33:55,176 | numpy_client.py:260 | cached_clock: 41, curr_clock: 42
INFO flower 2021-04-08 09:33:58,757 | numpy_client.py:205 | Cache is fresh, return FitRes(clock=42)
DEBUG flower 2021-04-08 09:34:04,725 | numpy_client.py:172 | fit, FitIns(clock=43)
DEBUG flower 2021-04-08 09:34:04,725 | numpy_client.py:260 | cached_clock: 41, curr_clock: 43
INFO flower 2021-04-08 09:34:04,725 | numpy_client.py:184 | Cache is stale, return ReadIns
DEBUG flower 2021-04-08 09:34:09,049 | numpy_client.py:228 | read: ReadRes(clock=42)
DEBUG flower 2021-04-08 09:34:09,056 | numpy_client.py:172 | fit, FitIns(clock=43)
DEBUG flower 2021-04-08 09:34:09,056 | numpy_client.py:260 | cached_clock: 42, curr_clock: 43
INFO flower 2021-04-08 09:34:12,847 | numpy_client.py:205 | Cache is fresh, return FitRes(clock=43)
DEBUG flower 2021-04-08 09:34:18,053 | numpy_client.py:172 | fit, FitIns(clock=44)
DEBUG flower 2021-04-08 09:34:18,054 | numpy_client.py:260 | cached_clock: 42, curr_clock: 44
INFO flower 2021-04-08 09:34:18,054 | numpy_client.py:184 | Cache is stale, return ReadIns
DEBUG flower 2021-04-08 09:34:22,517 | numpy_client.py:228 | read: ReadRes(clock=43)
DEBUG flower 2021-04-08 09:34:22,525 | numpy_client.py:172 | fit, FitIns(clock=44)
DEBUG flower 2021-04-08 09:34:22,525 | numpy_client.py:260 | cached_clock: 43, curr_clock: 44
INFO flower 2021-04-08 09:34:26,058 | numpy_client.py:205 | Cache is fresh, return FitRes(clock=44)
DEBUG flower 2021-04-08 09:34:31,979 | numpy_client.py:172 | fit, FitIns(clock=45)
DEBUG flower 2021-04-08 09:34:31,979 | numpy_client.py:260 | cached_clock: 43, curr_clock: 45
INFO flower 2021-04-08 09:34:31,980 | numpy_client.py:184 | Cache is stale, return ReadIns
DEBUG flower 2021-04-08 09:34:37,043 | numpy_client.py:228 | read: ReadRes(clock=44)
DEBUG flower 2021-04-08 09:34:37,050 | numpy_client.py:172 | fit, FitIns(clock=45)
DEBUG flower 2021-04-08 09:34:37,050 | numpy_client.py:260 | cached_clock: 44, curr_clock: 45
INFO flower 2021-04-08 09:34:40,641 | numpy_client.py:205 | Cache is fresh, return FitRes(clock=45)
DEBUG flower 2021-04-08 09:34:46,031 | numpy_client.py:172 | fit, FitIns(clock=46)
DEBUG flower 2021-04-08 09:34:46,031 | numpy_client.py:260 | cached_clock: 44, curr_clock: 46
INFO flower 2021-04-08 09:34:46,031 | numpy_client.py:184 | Cache is stale, return ReadIns
DEBUG flower 2021-04-08 09:34:50,543 | numpy_client.py:228 | read: ReadRes(clock=45)
DEBUG flower 2021-04-08 09:34:50,550 | numpy_client.py:172 | fit, FitIns(clock=46)
DEBUG flower 2021-04-08 09:34:50,551 | numpy_client.py:260 | cached_clock: 45, curr_clock: 46
INFO flower 2021-04-08 09:34:54,179 | numpy_client.py:205 | Cache is fresh, return FitRes(clock=46)
DEBUG flower 2021-04-08 09:34:59,866 | numpy_client.py:172 | fit, FitIns(clock=47)
DEBUG flower 2021-04-08 09:34:59,866 | numpy_client.py:260 | cached_clock: 45, curr_clock: 47
INFO flower 2021-04-08 09:34:59,866 | numpy_client.py:184 | Cache is stale, return ReadIns
DEBUG flower 2021-04-08 09:35:04,543 | numpy_client.py:228 | read: ReadRes(clock=46)
DEBUG flower 2021-04-08 09:35:04,551 | numpy_client.py:172 | fit, FitIns(clock=47)
DEBUG flower 2021-04-08 09:35:04,551 | numpy_client.py:260 | cached_clock: 46, curr_clock: 47
INFO flower 2021-04-08 09:35:08,144 | numpy_client.py:205 | Cache is fresh, return FitRes(clock=47)
DEBUG flower 2021-04-08 09:35:13,717 | numpy_client.py:172 | fit, FitIns(clock=48)
DEBUG flower 2021-04-08 09:35:13,717 | numpy_client.py:260 | cached_clock: 46, curr_clock: 48
INFO flower 2021-04-08 09:35:13,717 | numpy_client.py:184 | Cache is stale, return ReadIns
DEBUG flower 2021-04-08 09:35:18,348 | numpy_client.py:228 | read: ReadRes(clock=47)
DEBUG flower 2021-04-08 09:35:18,355 | numpy_client.py:172 | fit, FitIns(clock=48)
DEBUG flower 2021-04-08 09:35:18,356 | numpy_client.py:260 | cached_clock: 47, curr_clock: 48
INFO flower 2021-04-08 09:35:21,948 | numpy_client.py:205 | Cache is fresh, return FitRes(clock=48)
DEBUG flower 2021-04-08 09:35:27,124 | numpy_client.py:172 | fit, FitIns(clock=49)
DEBUG flower 2021-04-08 09:35:27,124 | numpy_client.py:260 | cached_clock: 47, curr_clock: 49
INFO flower 2021-04-08 09:35:27,124 | numpy_client.py:184 | Cache is stale, return ReadIns
DEBUG flower 2021-04-08 09:35:31,839 | numpy_client.py:228 | read: ReadRes(clock=48)
DEBUG flower 2021-04-08 09:35:31,846 | numpy_client.py:172 | fit, FitIns(clock=49)
DEBUG flower 2021-04-08 09:35:31,846 | numpy_client.py:260 | cached_clock: 48, curr_clock: 49
INFO flower 2021-04-08 09:35:35,468 | numpy_client.py:205 | Cache is fresh, return FitRes(clock=49)
DEBUG flower 2021-04-08 09:35:40,811 | numpy_client.py:172 | fit, FitIns(clock=50)
DEBUG flower 2021-04-08 09:35:40,812 | numpy_client.py:260 | cached_clock: 48, curr_clock: 50
INFO flower 2021-04-08 09:35:40,812 | numpy_client.py:184 | Cache is stale, return ReadIns
DEBUG flower 2021-04-08 09:35:45,446 | numpy_client.py:228 | read: ReadRes(clock=49)
DEBUG flower 2021-04-08 09:35:45,453 | numpy_client.py:172 | fit, FitIns(clock=50)
DEBUG flower 2021-04-08 09:35:45,453 | numpy_client.py:260 | cached_clock: 49, curr_clock: 50
INFO flower 2021-04-08 09:35:48,980 | numpy_client.py:205 | Cache is fresh, return FitRes(clock=50)
DEBUG flower 2021-04-08 09:35:54,675 | numpy_client.py:172 | fit, FitIns(clock=51)
DEBUG flower 2021-04-08 09:35:54,676 | numpy_client.py:260 | cached_clock: 49, curr_clock: 51
INFO flower 2021-04-08 09:35:54,676 | numpy_client.py:184 | Cache is stale, return ReadIns
DEBUG flower 2021-04-08 09:35:58,903 | numpy_client.py:228 | read: ReadRes(clock=50)
DEBUG flower 2021-04-08 09:35:58,910 | numpy_client.py:172 | fit, FitIns(clock=51)
DEBUG flower 2021-04-08 09:35:58,911 | numpy_client.py:260 | cached_clock: 50, curr_clock: 51
INFO flower 2021-04-08 09:36:02,555 | numpy_client.py:205 | Cache is fresh, return FitRes(clock=51)
DEBUG flower 2021-04-08 09:36:07,982 | numpy_client.py:172 | fit, FitIns(clock=52)
DEBUG flower 2021-04-08 09:36:07,982 | numpy_client.py:260 | cached_clock: 50, curr_clock: 52
INFO flower 2021-04-08 09:36:07,982 | numpy_client.py:184 | Cache is stale, return ReadIns
DEBUG flower 2021-04-08 09:36:12,652 | numpy_client.py:228 | read: ReadRes(clock=51)
DEBUG flower 2021-04-08 09:36:12,660 | numpy_client.py:172 | fit, FitIns(clock=52)
DEBUG flower 2021-04-08 09:36:12,660 | numpy_client.py:260 | cached_clock: 51, curr_clock: 52
INFO flower 2021-04-08 09:36:16,558 | numpy_client.py:205 | Cache is fresh, return FitRes(clock=52)
DEBUG flower 2021-04-08 09:36:21,801 | numpy_client.py:172 | fit, FitIns(clock=53)
DEBUG flower 2021-04-08 09:36:21,801 | numpy_client.py:260 | cached_clock: 51, curr_clock: 53
INFO flower 2021-04-08 09:36:21,802 | numpy_client.py:184 | Cache is stale, return ReadIns
DEBUG flower 2021-04-08 09:36:26,251 | numpy_client.py:228 | read: ReadRes(clock=52)
DEBUG flower 2021-04-08 09:36:26,259 | numpy_client.py:172 | fit, FitIns(clock=53)
DEBUG flower 2021-04-08 09:36:26,259 | numpy_client.py:260 | cached_clock: 52, curr_clock: 53
INFO flower 2021-04-08 09:36:29,755 | numpy_client.py:205 | Cache is fresh, return FitRes(clock=53)
DEBUG flower 2021-04-08 09:36:35,741 | numpy_client.py:172 | fit, FitIns(clock=54)
DEBUG flower 2021-04-08 09:36:35,741 | numpy_client.py:260 | cached_clock: 52, curr_clock: 54
INFO flower 2021-04-08 09:36:35,741 | numpy_client.py:184 | Cache is stale, return ReadIns
DEBUG flower 2021-04-08 09:36:40,461 | numpy_client.py:228 | read: ReadRes(clock=53)
DEBUG flower 2021-04-08 09:36:40,468 | numpy_client.py:172 | fit, FitIns(clock=54)
DEBUG flower 2021-04-08 09:36:40,468 | numpy_client.py:260 | cached_clock: 53, curr_clock: 54
INFO flower 2021-04-08 09:36:44,557 | numpy_client.py:205 | Cache is fresh, return FitRes(clock=54)
DEBUG flower 2021-04-08 09:36:50,176 | numpy_client.py:172 | fit, FitIns(clock=55)
DEBUG flower 2021-04-08 09:36:50,177 | numpy_client.py:260 | cached_clock: 53, curr_clock: 55
INFO flower 2021-04-08 09:36:50,177 | numpy_client.py:184 | Cache is stale, return ReadIns
DEBUG flower 2021-04-08 09:36:54,853 | numpy_client.py:228 | read: ReadRes(clock=54)
DEBUG flower 2021-04-08 09:36:54,860 | numpy_client.py:172 | fit, FitIns(clock=55)
DEBUG flower 2021-04-08 09:36:54,860 | numpy_client.py:260 | cached_clock: 54, curr_clock: 55
INFO flower 2021-04-08 09:36:58,450 | numpy_client.py:205 | Cache is fresh, return FitRes(clock=55)
DEBUG flower 2021-04-08 09:37:04,320 | numpy_client.py:172 | fit, FitIns(clock=56)
DEBUG flower 2021-04-08 09:37:04,320 | numpy_client.py:260 | cached_clock: 54, curr_clock: 56
INFO flower 2021-04-08 09:37:04,321 | numpy_client.py:184 | Cache is stale, return ReadIns
DEBUG flower 2021-04-08 09:37:08,651 | numpy_client.py:228 | read: ReadRes(clock=55)
DEBUG flower 2021-04-08 09:37:08,658 | numpy_client.py:172 | fit, FitIns(clock=56)
DEBUG flower 2021-04-08 09:37:08,658 | numpy_client.py:260 | cached_clock: 55, curr_clock: 56
INFO flower 2021-04-08 09:37:12,352 | numpy_client.py:205 | Cache is fresh, return FitRes(clock=56)
DEBUG flower 2021-04-08 09:37:17,986 | numpy_client.py:172 | fit, FitIns(clock=57)
DEBUG flower 2021-04-08 09:37:17,986 | numpy_client.py:260 | cached_clock: 55, curr_clock: 57
INFO flower 2021-04-08 09:37:17,987 | numpy_client.py:184 | Cache is stale, return ReadIns
DEBUG flower 2021-04-08 09:37:22,386 | numpy_client.py:228 | read: ReadRes(clock=56)
DEBUG flower 2021-04-08 09:37:22,394 | numpy_client.py:172 | fit, FitIns(clock=57)
DEBUG flower 2021-04-08 09:37:22,394 | numpy_client.py:260 | cached_clock: 56, curr_clock: 57
INFO flower 2021-04-08 09:37:26,078 | numpy_client.py:205 | Cache is fresh, return FitRes(clock=57)
DEBUG flower 2021-04-08 09:37:31,701 | numpy_client.py:172 | fit, FitIns(clock=58)
DEBUG flower 2021-04-08 09:37:31,701 | numpy_client.py:260 | cached_clock: 56, curr_clock: 58
INFO flower 2021-04-08 09:37:31,701 | numpy_client.py:184 | Cache is stale, return ReadIns
DEBUG flower 2021-04-08 09:37:36,244 | numpy_client.py:228 | read: ReadRes(clock=57)
DEBUG flower 2021-04-08 09:37:36,252 | numpy_client.py:172 | fit, FitIns(clock=58)
DEBUG flower 2021-04-08 09:37:36,252 | numpy_client.py:260 | cached_clock: 57, curr_clock: 58
INFO flower 2021-04-08 09:37:39,845 | numpy_client.py:205 | Cache is fresh, return FitRes(clock=58)
DEBUG flower 2021-04-08 09:37:45,320 | numpy_client.py:172 | fit, FitIns(clock=59)
DEBUG flower 2021-04-08 09:37:45,320 | numpy_client.py:260 | cached_clock: 57, curr_clock: 59
INFO flower 2021-04-08 09:37:45,321 | numpy_client.py:184 | Cache is stale, return ReadIns
DEBUG flower 2021-04-08 09:37:49,644 | numpy_client.py:228 | read: ReadRes(clock=58)
DEBUG flower 2021-04-08 09:37:49,652 | numpy_client.py:172 | fit, FitIns(clock=59)
DEBUG flower 2021-04-08 09:37:49,652 | numpy_client.py:260 | cached_clock: 58, curr_clock: 59
INFO flower 2021-04-08 09:37:53,263 | numpy_client.py:205 | Cache is fresh, return FitRes(clock=59)
DEBUG flower 2021-04-08 09:37:58,752 | numpy_client.py:172 | fit, FitIns(clock=60)
DEBUG flower 2021-04-08 09:37:58,752 | numpy_client.py:260 | cached_clock: 58, curr_clock: 60
INFO flower 2021-04-08 09:37:58,753 | numpy_client.py:184 | Cache is stale, return ReadIns
DEBUG flower 2021-04-08 09:38:03,334 | numpy_client.py:228 | read: ReadRes(clock=59)
DEBUG flower 2021-04-08 09:38:03,342 | numpy_client.py:172 | fit, FitIns(clock=60)
DEBUG flower 2021-04-08 09:38:03,342 | numpy_client.py:260 | cached_clock: 59, curr_clock: 60
INFO flower 2021-04-08 09:38:07,054 | numpy_client.py:205 | Cache is fresh, return FitRes(clock=60)
DEBUG flower 2021-04-08 09:38:12,144 | numpy_client.py:172 | fit, FitIns(clock=61)
DEBUG flower 2021-04-08 09:38:12,145 | numpy_client.py:260 | cached_clock: 59, curr_clock: 61
INFO flower 2021-04-08 09:38:12,145 | numpy_client.py:184 | Cache is stale, return ReadIns
DEBUG flower 2021-04-08 09:38:16,749 | numpy_client.py:228 | read: ReadRes(clock=60)
DEBUG flower 2021-04-08 09:38:16,756 | numpy_client.py:172 | fit, FitIns(clock=61)
DEBUG flower 2021-04-08 09:38:16,756 | numpy_client.py:260 | cached_clock: 60, curr_clock: 61
INFO flower 2021-04-08 09:38:20,357 | numpy_client.py:205 | Cache is fresh, return FitRes(clock=61)
DEBUG flower 2021-04-08 09:38:26,044 | numpy_client.py:172 | fit, FitIns(clock=62)
DEBUG flower 2021-04-08 09:38:26,044 | numpy_client.py:260 | cached_clock: 60, curr_clock: 62
INFO flower 2021-04-08 09:38:26,044 | numpy_client.py:184 | Cache is stale, return ReadIns
DEBUG flower 2021-04-08 09:38:30,343 | numpy_client.py:228 | read: ReadRes(clock=61)
DEBUG flower 2021-04-08 09:38:30,351 | numpy_client.py:172 | fit, FitIns(clock=62)
DEBUG flower 2021-04-08 09:38:30,351 | numpy_client.py:260 | cached_clock: 61, curr_clock: 62
INFO flower 2021-04-08 09:38:33,958 | numpy_client.py:205 | Cache is fresh, return FitRes(clock=62)
DEBUG flower 2021-04-08 09:38:39,535 | numpy_client.py:172 | fit, FitIns(clock=63)
DEBUG flower 2021-04-08 09:38:39,535 | numpy_client.py:260 | cached_clock: 61, curr_clock: 63
INFO flower 2021-04-08 09:38:39,535 | numpy_client.py:184 | Cache is stale, return ReadIns
DEBUG flower 2021-04-08 09:38:44,160 | numpy_client.py:228 | read: ReadRes(clock=62)
DEBUG flower 2021-04-08 09:38:44,167 | numpy_client.py:172 | fit, FitIns(clock=63)
DEBUG flower 2021-04-08 09:38:44,167 | numpy_client.py:260 | cached_clock: 62, curr_clock: 63
INFO flower 2021-04-08 09:38:47,848 | numpy_client.py:205 | Cache is fresh, return FitRes(clock=63)
DEBUG flower 2021-04-08 09:38:53,428 | numpy_client.py:172 | fit, FitIns(clock=64)
DEBUG flower 2021-04-08 09:38:53,428 | numpy_client.py:260 | cached_clock: 62, curr_clock: 64
INFO flower 2021-04-08 09:38:53,429 | numpy_client.py:184 | Cache is stale, return ReadIns
DEBUG flower 2021-04-08 09:38:58,346 | numpy_client.py:228 | read: ReadRes(clock=63)
DEBUG flower 2021-04-08 09:38:58,353 | numpy_client.py:172 | fit, FitIns(clock=64)
DEBUG flower 2021-04-08 09:38:58,353 | numpy_client.py:260 | cached_clock: 63, curr_clock: 64
INFO flower 2021-04-08 09:39:01,942 | numpy_client.py:205 | Cache is fresh, return FitRes(clock=64)
DEBUG flower 2021-04-08 09:39:07,308 | numpy_client.py:172 | fit, FitIns(clock=65)
DEBUG flower 2021-04-08 09:39:07,308 | numpy_client.py:260 | cached_clock: 63, curr_clock: 65
INFO flower 2021-04-08 09:39:07,309 | numpy_client.py:184 | Cache is stale, return ReadIns
DEBUG flower 2021-04-08 09:39:12,120 | numpy_client.py:228 | read: ReadRes(clock=64)
DEBUG flower 2021-04-08 09:39:12,127 | numpy_client.py:172 | fit, FitIns(clock=65)
DEBUG flower 2021-04-08 09:39:12,127 | numpy_client.py:260 | cached_clock: 64, curr_clock: 65
INFO flower 2021-04-08 09:39:15,859 | numpy_client.py:205 | Cache is fresh, return FitRes(clock=65)
DEBUG flower 2021-04-08 09:39:21,240 | numpy_client.py:172 | fit, FitIns(clock=66)
DEBUG flower 2021-04-08 09:39:21,240 | numpy_client.py:260 | cached_clock: 64, curr_clock: 66
INFO flower 2021-04-08 09:39:21,240 | numpy_client.py:184 | Cache is stale, return ReadIns
DEBUG flower 2021-04-08 09:39:25,652 | numpy_client.py:228 | read: ReadRes(clock=65)
DEBUG flower 2021-04-08 09:39:25,659 | numpy_client.py:172 | fit, FitIns(clock=66)
DEBUG flower 2021-04-08 09:39:25,659 | numpy_client.py:260 | cached_clock: 65, curr_clock: 66
INFO flower 2021-04-08 09:39:29,149 | numpy_client.py:205 | Cache is fresh, return FitRes(clock=66)
DEBUG flower 2021-04-08 09:39:34,633 | numpy_client.py:172 | fit, FitIns(clock=67)
DEBUG flower 2021-04-08 09:39:34,634 | numpy_client.py:260 | cached_clock: 65, curr_clock: 67
INFO flower 2021-04-08 09:39:34,634 | numpy_client.py:184 | Cache is stale, return ReadIns
DEBUG flower 2021-04-08 09:39:39,130 | numpy_client.py:228 | read: ReadRes(clock=66)
DEBUG flower 2021-04-08 09:39:39,138 | numpy_client.py:172 | fit, FitIns(clock=67)
DEBUG flower 2021-04-08 09:39:39,138 | numpy_client.py:260 | cached_clock: 66, curr_clock: 67
INFO flower 2021-04-08 09:39:42,858 | numpy_client.py:205 | Cache is fresh, return FitRes(clock=67)
DEBUG flower 2021-04-08 09:39:48,309 | numpy_client.py:172 | fit, FitIns(clock=68)
DEBUG flower 2021-04-08 09:39:48,309 | numpy_client.py:260 | cached_clock: 66, curr_clock: 68
INFO flower 2021-04-08 09:39:48,310 | numpy_client.py:184 | Cache is stale, return ReadIns
DEBUG flower 2021-04-08 09:39:52,747 | numpy_client.py:228 | read: ReadRes(clock=67)
DEBUG flower 2021-04-08 09:39:52,754 | numpy_client.py:172 | fit, FitIns(clock=68)
DEBUG flower 2021-04-08 09:39:52,754 | numpy_client.py:260 | cached_clock: 67, curr_clock: 68
INFO flower 2021-04-08 09:39:56,373 | numpy_client.py:205 | Cache is fresh, return FitRes(clock=68)
DEBUG flower 2021-04-08 09:40:01,518 | numpy_client.py:172 | fit, FitIns(clock=69)
DEBUG flower 2021-04-08 09:40:01,519 | numpy_client.py:260 | cached_clock: 67, curr_clock: 69
INFO flower 2021-04-08 09:40:01,519 | numpy_client.py:184 | Cache is stale, return ReadIns
DEBUG flower 2021-04-08 09:40:05,843 | numpy_client.py:228 | read: ReadRes(clock=68)
DEBUG flower 2021-04-08 09:40:05,850 | numpy_client.py:172 | fit, FitIns(clock=69)
DEBUG flower 2021-04-08 09:40:05,850 | numpy_client.py:260 | cached_clock: 68, curr_clock: 69
INFO flower 2021-04-08 09:40:09,380 | numpy_client.py:205 | Cache is fresh, return FitRes(clock=69)
DEBUG flower 2021-04-08 09:40:14,911 | numpy_client.py:172 | fit, FitIns(clock=70)
DEBUG flower 2021-04-08 09:40:14,911 | numpy_client.py:260 | cached_clock: 68, curr_clock: 70
INFO flower 2021-04-08 09:40:14,912 | numpy_client.py:184 | Cache is stale, return ReadIns
DEBUG flower 2021-04-08 09:40:19,443 | numpy_client.py:228 | read: ReadRes(clock=69)
DEBUG flower 2021-04-08 09:40:19,450 | numpy_client.py:172 | fit, FitIns(clock=70)
DEBUG flower 2021-04-08 09:40:19,450 | numpy_client.py:260 | cached_clock: 69, curr_clock: 70
INFO flower 2021-04-08 09:40:23,060 | numpy_client.py:205 | Cache is fresh, return FitRes(clock=70)
DEBUG flower 2021-04-08 09:40:28,544 | numpy_client.py:172 | fit, FitIns(clock=71)
DEBUG flower 2021-04-08 09:40:28,544 | numpy_client.py:260 | cached_clock: 69, curr_clock: 71
INFO flower 2021-04-08 09:40:28,545 | numpy_client.py:184 | Cache is stale, return ReadIns
DEBUG flower 2021-04-08 09:40:33,245 | numpy_client.py:228 | read: ReadRes(clock=70)
DEBUG flower 2021-04-08 09:40:33,252 | numpy_client.py:172 | fit, FitIns(clock=71)
DEBUG flower 2021-04-08 09:40:33,253 | numpy_client.py:260 | cached_clock: 70, curr_clock: 71
INFO flower 2021-04-08 09:40:36,855 | numpy_client.py:205 | Cache is fresh, return FitRes(clock=71)
DEBUG flower 2021-04-08 09:40:42,595 | numpy_client.py:172 | fit, FitIns(clock=72)
DEBUG flower 2021-04-08 09:40:42,595 | numpy_client.py:260 | cached_clock: 70, curr_clock: 72
INFO flower 2021-04-08 09:40:42,595 | numpy_client.py:184 | Cache is stale, return ReadIns
DEBUG flower 2021-04-08 09:40:47,143 | numpy_client.py:228 | read: ReadRes(clock=71)
DEBUG flower 2021-04-08 09:40:47,151 | numpy_client.py:172 | fit, FitIns(clock=72)
DEBUG flower 2021-04-08 09:40:47,151 | numpy_client.py:260 | cached_clock: 71, curr_clock: 72
INFO flower 2021-04-08 09:40:50,745 | numpy_client.py:205 | Cache is fresh, return FitRes(clock=72)
DEBUG flower 2021-04-08 09:40:55,625 | numpy_client.py:172 | fit, FitIns(clock=73)
DEBUG flower 2021-04-08 09:40:55,625 | numpy_client.py:260 | cached_clock: 71, curr_clock: 73
INFO flower 2021-04-08 09:40:55,626 | numpy_client.py:184 | Cache is stale, return ReadIns
DEBUG flower 2021-04-08 09:41:00,657 | numpy_client.py:228 | read: ReadRes(clock=72)
DEBUG flower 2021-04-08 09:41:00,665 | numpy_client.py:172 | fit, FitIns(clock=73)
DEBUG flower 2021-04-08 09:41:00,665 | numpy_client.py:260 | cached_clock: 72, curr_clock: 73
INFO flower 2021-04-08 09:41:04,351 | numpy_client.py:205 | Cache is fresh, return FitRes(clock=73)
DEBUG flower 2021-04-08 09:41:09,576 | numpy_client.py:172 | fit, FitIns(clock=74)
DEBUG flower 2021-04-08 09:41:09,576 | numpy_client.py:260 | cached_clock: 72, curr_clock: 74
INFO flower 2021-04-08 09:41:09,576 | numpy_client.py:184 | Cache is stale, return ReadIns
DEBUG flower 2021-04-08 09:41:14,042 | numpy_client.py:228 | read: ReadRes(clock=73)
DEBUG flower 2021-04-08 09:41:14,049 | numpy_client.py:172 | fit, FitIns(clock=74)
DEBUG flower 2021-04-08 09:41:14,050 | numpy_client.py:260 | cached_clock: 73, curr_clock: 74
INFO flower 2021-04-08 09:41:17,744 | numpy_client.py:205 | Cache is fresh, return FitRes(clock=74)
DEBUG flower 2021-04-08 09:41:23,231 | numpy_client.py:172 | fit, FitIns(clock=75)
DEBUG flower 2021-04-08 09:41:23,231 | numpy_client.py:260 | cached_clock: 73, curr_clock: 75
INFO flower 2021-04-08 09:41:23,232 | numpy_client.py:184 | Cache is stale, return ReadIns
DEBUG flower 2021-04-08 09:41:27,461 | numpy_client.py:228 | read: ReadRes(clock=74)
DEBUG flower 2021-04-08 09:41:27,469 | numpy_client.py:172 | fit, FitIns(clock=75)
DEBUG flower 2021-04-08 09:41:27,469 | numpy_client.py:260 | cached_clock: 74, curr_clock: 75
INFO flower 2021-04-08 09:41:30,865 | numpy_client.py:205 | Cache is fresh, return FitRes(clock=75)
DEBUG flower 2021-04-08 09:41:36,785 | numpy_client.py:172 | fit, FitIns(clock=76)
DEBUG flower 2021-04-08 09:41:36,785 | numpy_client.py:260 | cached_clock: 74, curr_clock: 76
INFO flower 2021-04-08 09:41:36,785 | numpy_client.py:184 | Cache is stale, return ReadIns
DEBUG flower 2021-04-08 09:41:41,242 | numpy_client.py:228 | read: ReadRes(clock=75)
DEBUG flower 2021-04-08 09:41:41,250 | numpy_client.py:172 | fit, FitIns(clock=76)
DEBUG flower 2021-04-08 09:41:41,250 | numpy_client.py:260 | cached_clock: 75, curr_clock: 76
INFO flower 2021-04-08 09:41:44,778 | numpy_client.py:205 | Cache is fresh, return FitRes(clock=76)
DEBUG flower 2021-04-08 09:41:50,722 | numpy_client.py:172 | fit, FitIns(clock=77)
DEBUG flower 2021-04-08 09:41:50,723 | numpy_client.py:260 | cached_clock: 75, curr_clock: 77
INFO flower 2021-04-08 09:41:50,723 | numpy_client.py:184 | Cache is stale, return ReadIns
DEBUG flower 2021-04-08 09:41:55,437 | numpy_client.py:228 | read: ReadRes(clock=76)
DEBUG flower 2021-04-08 09:41:55,445 | numpy_client.py:172 | fit, FitIns(clock=77)
DEBUG flower 2021-04-08 09:41:55,445 | numpy_client.py:260 | cached_clock: 76, curr_clock: 77
INFO flower 2021-04-08 09:41:59,048 | numpy_client.py:205 | Cache is fresh, return FitRes(clock=77)
DEBUG flower 2021-04-08 09:42:05,272 | numpy_client.py:172 | fit, FitIns(clock=78)
DEBUG flower 2021-04-08 09:42:05,272 | numpy_client.py:260 | cached_clock: 76, curr_clock: 78
INFO flower 2021-04-08 09:42:05,272 | numpy_client.py:184 | Cache is stale, return ReadIns
DEBUG flower 2021-04-08 09:42:09,980 | numpy_client.py:228 | read: ReadRes(clock=77)
DEBUG flower 2021-04-08 09:42:09,988 | numpy_client.py:172 | fit, FitIns(clock=78)
DEBUG flower 2021-04-08 09:42:09,988 | numpy_client.py:260 | cached_clock: 77, curr_clock: 78
INFO flower 2021-04-08 09:42:13,345 | numpy_client.py:205 | Cache is fresh, return FitRes(clock=78)
DEBUG flower 2021-04-08 09:42:19,308 | numpy_client.py:172 | fit, FitIns(clock=79)
DEBUG flower 2021-04-08 09:42:19,308 | numpy_client.py:260 | cached_clock: 77, curr_clock: 79
INFO flower 2021-04-08 09:42:19,309 | numpy_client.py:184 | Cache is stale, return ReadIns
DEBUG flower 2021-04-08 09:42:23,943 | numpy_client.py:228 | read: ReadRes(clock=78)
DEBUG flower 2021-04-08 09:42:23,951 | numpy_client.py:172 | fit, FitIns(clock=79)
DEBUG flower 2021-04-08 09:42:23,951 | numpy_client.py:260 | cached_clock: 78, curr_clock: 79
INFO flower 2021-04-08 09:42:27,558 | numpy_client.py:205 | Cache is fresh, return FitRes(clock=79)
DEBUG flower 2021-04-08 09:42:32,942 | numpy_client.py:172 | fit, FitIns(clock=80)
DEBUG flower 2021-04-08 09:42:32,942 | numpy_client.py:260 | cached_clock: 78, curr_clock: 80
INFO flower 2021-04-08 09:42:32,942 | numpy_client.py:184 | Cache is stale, return ReadIns
DEBUG flower 2021-04-08 09:42:38,036 | numpy_client.py:228 | read: ReadRes(clock=79)
DEBUG flower 2021-04-08 09:42:38,043 | numpy_client.py:172 | fit, FitIns(clock=80)
DEBUG flower 2021-04-08 09:42:38,043 | numpy_client.py:260 | cached_clock: 79, curr_clock: 80
INFO flower 2021-04-08 09:42:41,754 | numpy_client.py:205 | Cache is fresh, return FitRes(clock=80)
DEBUG flower 2021-04-08 09:42:46,856 | numpy_client.py:172 | fit, FitIns(clock=81)
DEBUG flower 2021-04-08 09:42:46,857 | numpy_client.py:260 | cached_clock: 79, curr_clock: 81
INFO flower 2021-04-08 09:42:46,857 | numpy_client.py:184 | Cache is stale, return ReadIns
DEBUG flower 2021-04-08 09:42:51,457 | numpy_client.py:228 | read: ReadRes(clock=80)
DEBUG flower 2021-04-08 09:42:51,464 | numpy_client.py:172 | fit, FitIns(clock=81)
DEBUG flower 2021-04-08 09:42:51,464 | numpy_client.py:260 | cached_clock: 80, curr_clock: 81
INFO flower 2021-04-08 09:42:55,075 | numpy_client.py:205 | Cache is fresh, return FitRes(clock=81)
DEBUG flower 2021-04-08 09:43:00,579 | numpy_client.py:172 | fit, FitIns(clock=82)
DEBUG flower 2021-04-08 09:43:00,579 | numpy_client.py:260 | cached_clock: 80, curr_clock: 82
INFO flower 2021-04-08 09:43:00,579 | numpy_client.py:184 | Cache is stale, return ReadIns
DEBUG flower 2021-04-08 09:43:04,892 | numpy_client.py:228 | read: ReadRes(clock=81)
DEBUG flower 2021-04-08 09:43:04,899 | numpy_client.py:172 | fit, FitIns(clock=82)
DEBUG flower 2021-04-08 09:43:04,899 | numpy_client.py:260 | cached_clock: 81, curr_clock: 82
INFO flower 2021-04-08 09:43:08,548 | numpy_client.py:205 | Cache is fresh, return FitRes(clock=82)
DEBUG flower 2021-04-08 09:43:13,920 | numpy_client.py:172 | fit, FitIns(clock=83)
DEBUG flower 2021-04-08 09:43:13,920 | numpy_client.py:260 | cached_clock: 81, curr_clock: 83
INFO flower 2021-04-08 09:43:13,921 | numpy_client.py:184 | Cache is stale, return ReadIns
DEBUG flower 2021-04-08 09:43:18,343 | numpy_client.py:228 | read: ReadRes(clock=82)
DEBUG flower 2021-04-08 09:43:18,351 | numpy_client.py:172 | fit, FitIns(clock=83)
DEBUG flower 2021-04-08 09:43:18,351 | numpy_client.py:260 | cached_clock: 82, curr_clock: 83
INFO flower 2021-04-08 09:43:22,049 | numpy_client.py:205 | Cache is fresh, return FitRes(clock=83)
DEBUG flower 2021-04-08 09:43:27,567 | numpy_client.py:172 | fit, FitIns(clock=84)
DEBUG flower 2021-04-08 09:43:27,567 | numpy_client.py:260 | cached_clock: 82, curr_clock: 84
INFO flower 2021-04-08 09:43:27,567 | numpy_client.py:184 | Cache is stale, return ReadIns
DEBUG flower 2021-04-08 09:43:31,954 | numpy_client.py:228 | read: ReadRes(clock=83)
DEBUG flower 2021-04-08 09:43:31,962 | numpy_client.py:172 | fit, FitIns(clock=84)
DEBUG flower 2021-04-08 09:43:31,962 | numpy_client.py:260 | cached_clock: 83, curr_clock: 84
INFO flower 2021-04-08 09:43:35,579 | numpy_client.py:205 | Cache is fresh, return FitRes(clock=84)
DEBUG flower 2021-04-08 09:43:40,857 | numpy_client.py:172 | fit, FitIns(clock=85)
DEBUG flower 2021-04-08 09:43:40,857 | numpy_client.py:260 | cached_clock: 83, curr_clock: 85
INFO flower 2021-04-08 09:43:40,858 | numpy_client.py:184 | Cache is stale, return ReadIns
DEBUG flower 2021-04-08 09:43:45,359 | numpy_client.py:228 | read: ReadRes(clock=84)
DEBUG flower 2021-04-08 09:43:45,367 | numpy_client.py:172 | fit, FitIns(clock=85)
DEBUG flower 2021-04-08 09:43:45,367 | numpy_client.py:260 | cached_clock: 84, curr_clock: 85
INFO flower 2021-04-08 09:43:48,959 | numpy_client.py:205 | Cache is fresh, return FitRes(clock=85)
DEBUG flower 2021-04-08 09:43:54,609 | numpy_client.py:172 | fit, FitIns(clock=86)
DEBUG flower 2021-04-08 09:43:54,609 | numpy_client.py:260 | cached_clock: 84, curr_clock: 86
INFO flower 2021-04-08 09:43:54,609 | numpy_client.py:184 | Cache is stale, return ReadIns
DEBUG flower 2021-04-08 09:43:59,151 | numpy_client.py:228 | read: ReadRes(clock=85)
DEBUG flower 2021-04-08 09:43:59,159 | numpy_client.py:172 | fit, FitIns(clock=86)
DEBUG flower 2021-04-08 09:43:59,159 | numpy_client.py:260 | cached_clock: 85, curr_clock: 86
INFO flower 2021-04-08 09:44:02,655 | numpy_client.py:205 | Cache is fresh, return FitRes(clock=86)
DEBUG flower 2021-04-08 09:44:08,220 | numpy_client.py:172 | fit, FitIns(clock=87)
DEBUG flower 2021-04-08 09:44:08,220 | numpy_client.py:260 | cached_clock: 85, curr_clock: 87
INFO flower 2021-04-08 09:44:08,221 | numpy_client.py:184 | Cache is stale, return ReadIns
DEBUG flower 2021-04-08 09:44:12,949 | numpy_client.py:228 | read: ReadRes(clock=86)
DEBUG flower 2021-04-08 09:44:12,956 | numpy_client.py:172 | fit, FitIns(clock=87)
DEBUG flower 2021-04-08 09:44:12,957 | numpy_client.py:260 | cached_clock: 86, curr_clock: 87
INFO flower 2021-04-08 09:44:16,646 | numpy_client.py:205 | Cache is fresh, return FitRes(clock=87)
DEBUG flower 2021-04-08 09:44:21,801 | numpy_client.py:172 | fit, FitIns(clock=88)
DEBUG flower 2021-04-08 09:44:21,801 | numpy_client.py:260 | cached_clock: 86, curr_clock: 88
INFO flower 2021-04-08 09:44:21,801 | numpy_client.py:184 | Cache is stale, return ReadIns
DEBUG flower 2021-04-08 09:44:26,347 | numpy_client.py:228 | read: ReadRes(clock=87)
DEBUG flower 2021-04-08 09:44:26,355 | numpy_client.py:172 | fit, FitIns(clock=88)
DEBUG flower 2021-04-08 09:44:26,355 | numpy_client.py:260 | cached_clock: 87, curr_clock: 88
INFO flower 2021-04-08 09:44:29,957 | numpy_client.py:205 | Cache is fresh, return FitRes(clock=88)
DEBUG flower 2021-04-08 09:44:35,498 | numpy_client.py:172 | fit, FitIns(clock=89)
DEBUG flower 2021-04-08 09:44:35,498 | numpy_client.py:260 | cached_clock: 87, curr_clock: 89
INFO flower 2021-04-08 09:44:35,498 | numpy_client.py:184 | Cache is stale, return ReadIns
DEBUG flower 2021-04-08 09:44:39,853 | numpy_client.py:228 | read: ReadRes(clock=88)
DEBUG flower 2021-04-08 09:44:39,861 | numpy_client.py:172 | fit, FitIns(clock=89)
DEBUG flower 2021-04-08 09:44:39,861 | numpy_client.py:260 | cached_clock: 88, curr_clock: 89
INFO flower 2021-04-08 09:44:43,349 | numpy_client.py:205 | Cache is fresh, return FitRes(clock=89)
DEBUG flower 2021-04-08 09:44:49,081 | numpy_client.py:172 | fit, FitIns(clock=90)
DEBUG flower 2021-04-08 09:44:49,081 | numpy_client.py:260 | cached_clock: 88, curr_clock: 90
INFO flower 2021-04-08 09:44:49,081 | numpy_client.py:184 | Cache is stale, return ReadIns
DEBUG flower 2021-04-08 09:44:53,552 | numpy_client.py:228 | read: ReadRes(clock=89)
DEBUG flower 2021-04-08 09:44:53,559 | numpy_client.py:172 | fit, FitIns(clock=90)
DEBUG flower 2021-04-08 09:44:53,560 | numpy_client.py:260 | cached_clock: 89, curr_clock: 90
INFO flower 2021-04-08 09:44:57,242 | numpy_client.py:205 | Cache is fresh, return FitRes(clock=90)
DEBUG flower 2021-04-08 09:45:03,266 | numpy_client.py:172 | fit, FitIns(clock=91)
DEBUG flower 2021-04-08 09:45:03,266 | numpy_client.py:260 | cached_clock: 89, curr_clock: 91
INFO flower 2021-04-08 09:45:03,266 | numpy_client.py:184 | Cache is stale, return ReadIns
DEBUG flower 2021-04-08 09:45:07,842 | numpy_client.py:228 | read: ReadRes(clock=90)
DEBUG flower 2021-04-08 09:45:07,850 | numpy_client.py:172 | fit, FitIns(clock=91)
DEBUG flower 2021-04-08 09:45:07,850 | numpy_client.py:260 | cached_clock: 90, curr_clock: 91
INFO flower 2021-04-08 09:45:11,378 | numpy_client.py:205 | Cache is fresh, return FitRes(clock=91)
DEBUG flower 2021-04-08 09:45:17,737 | numpy_client.py:172 | fit, FitIns(clock=92)
DEBUG flower 2021-04-08 09:45:17,737 | numpy_client.py:260 | cached_clock: 90, curr_clock: 92
INFO flower 2021-04-08 09:45:17,737 | numpy_client.py:184 | Cache is stale, return ReadIns
DEBUG flower 2021-04-08 09:45:22,246 | numpy_client.py:228 | read: ReadRes(clock=91)
DEBUG flower 2021-04-08 09:45:22,253 | numpy_client.py:172 | fit, FitIns(clock=92)
DEBUG flower 2021-04-08 09:45:22,253 | numpy_client.py:260 | cached_clock: 91, curr_clock: 92
INFO flower 2021-04-08 09:45:25,855 | numpy_client.py:205 | Cache is fresh, return FitRes(clock=92)
DEBUG flower 2021-04-08 09:45:31,336 | numpy_client.py:172 | fit, FitIns(clock=93)
DEBUG flower 2021-04-08 09:45:31,336 | numpy_client.py:260 | cached_clock: 91, curr_clock: 93
INFO flower 2021-04-08 09:45:31,337 | numpy_client.py:184 | Cache is stale, return ReadIns
DEBUG flower 2021-04-08 09:45:36,016 | numpy_client.py:228 | read: ReadRes(clock=92)
DEBUG flower 2021-04-08 09:45:36,022 | numpy_client.py:172 | fit, FitIns(clock=93)
DEBUG flower 2021-04-08 09:45:36,022 | numpy_client.py:260 | cached_clock: 92, curr_clock: 93
INFO flower 2021-04-08 09:45:39,765 | numpy_client.py:205 | Cache is fresh, return FitRes(clock=93)
DEBUG flower 2021-04-08 09:45:45,230 | numpy_client.py:172 | fit, FitIns(clock=94)
DEBUG flower 2021-04-08 09:45:45,231 | numpy_client.py:260 | cached_clock: 92, curr_clock: 94
INFO flower 2021-04-08 09:45:45,231 | numpy_client.py:184 | Cache is stale, return ReadIns
DEBUG flower 2021-04-08 09:45:49,923 | numpy_client.py:228 | read: ReadRes(clock=93)
DEBUG flower 2021-04-08 09:45:49,930 | numpy_client.py:172 | fit, FitIns(clock=94)
DEBUG flower 2021-04-08 09:45:49,930 | numpy_client.py:260 | cached_clock: 93, curr_clock: 94
INFO flower 2021-04-08 09:45:53,545 | numpy_client.py:205 | Cache is fresh, return FitRes(clock=94)
DEBUG flower 2021-04-08 09:45:59,056 | numpy_client.py:172 | fit, FitIns(clock=95)
DEBUG flower 2021-04-08 09:45:59,056 | numpy_client.py:260 | cached_clock: 93, curr_clock: 95
INFO flower 2021-04-08 09:45:59,057 | numpy_client.py:184 | Cache is stale, return ReadIns
DEBUG flower 2021-04-08 09:46:03,325 | numpy_client.py:228 | read: ReadRes(clock=94)
DEBUG flower 2021-04-08 09:46:03,332 | numpy_client.py:172 | fit, FitIns(clock=95)
DEBUG flower 2021-04-08 09:46:03,332 | numpy_client.py:260 | cached_clock: 94, curr_clock: 95
INFO flower 2021-04-08 09:46:06,872 | numpy_client.py:205 | Cache is fresh, return FitRes(clock=95)
DEBUG flower 2021-04-08 09:46:12,589 | numpy_client.py:172 | fit, FitIns(clock=96)
DEBUG flower 2021-04-08 09:46:12,590 | numpy_client.py:260 | cached_clock: 94, curr_clock: 96
INFO flower 2021-04-08 09:46:12,590 | numpy_client.py:184 | Cache is stale, return ReadIns
DEBUG flower 2021-04-08 09:46:17,048 | numpy_client.py:228 | read: ReadRes(clock=95)
DEBUG flower 2021-04-08 09:46:17,055 | numpy_client.py:172 | fit, FitIns(clock=96)
DEBUG flower 2021-04-08 09:46:17,055 | numpy_client.py:260 | cached_clock: 95, curr_clock: 96
INFO flower 2021-04-08 09:46:20,746 | numpy_client.py:205 | Cache is fresh, return FitRes(clock=96)
DEBUG flower 2021-04-08 09:46:26,143 | numpy_client.py:172 | fit, FitIns(clock=97)
DEBUG flower 2021-04-08 09:46:26,143 | numpy_client.py:260 | cached_clock: 95, curr_clock: 97
INFO flower 2021-04-08 09:46:26,144 | numpy_client.py:184 | Cache is stale, return ReadIns
DEBUG flower 2021-04-08 09:46:30,847 | numpy_client.py:228 | read: ReadRes(clock=96)
DEBUG flower 2021-04-08 09:46:30,855 | numpy_client.py:172 | fit, FitIns(clock=97)
DEBUG flower 2021-04-08 09:46:30,855 | numpy_client.py:260 | cached_clock: 96, curr_clock: 97
INFO flower 2021-04-08 09:46:34,455 | numpy_client.py:205 | Cache is fresh, return FitRes(clock=97)
DEBUG flower 2021-04-08 09:46:40,035 | numpy_client.py:172 | fit, FitIns(clock=98)
DEBUG flower 2021-04-08 09:46:40,035 | numpy_client.py:260 | cached_clock: 96, curr_clock: 98
INFO flower 2021-04-08 09:46:40,036 | numpy_client.py:184 | Cache is stale, return ReadIns
DEBUG flower 2021-04-08 09:46:44,543 | numpy_client.py:228 | read: ReadRes(clock=97)
DEBUG flower 2021-04-08 09:46:44,550 | numpy_client.py:172 | fit, FitIns(clock=98)
DEBUG flower 2021-04-08 09:46:44,550 | numpy_client.py:260 | cached_clock: 97, curr_clock: 98
INFO flower 2021-04-08 09:46:47,954 | numpy_client.py:205 | Cache is fresh, return FitRes(clock=98)
DEBUG flower 2021-04-08 09:46:53,842 | numpy_client.py:172 | fit, FitIns(clock=99)
DEBUG flower 2021-04-08 09:46:53,842 | numpy_client.py:260 | cached_clock: 97, curr_clock: 99
INFO flower 2021-04-08 09:46:53,842 | numpy_client.py:184 | Cache is stale, return ReadIns
DEBUG flower 2021-04-08 09:46:58,346 | numpy_client.py:228 | read: ReadRes(clock=98)
DEBUG flower 2021-04-08 09:46:58,353 | numpy_client.py:172 | fit, FitIns(clock=99)
DEBUG flower 2021-04-08 09:46:58,353 | numpy_client.py:260 | cached_clock: 98, curr_clock: 99
INFO flower 2021-04-08 09:47:01,855 | numpy_client.py:205 | Cache is fresh, return FitRes(clock=99)
DEBUG flower 2021-04-08 09:47:01,855 | numpy_client.py:217 | The client finishes computing after 1354 seconds
INFO flower 2021-04-08 09:47:33,059 | numpy_client.py:250 | [32;1m Loss: 54.345, Accuracy: 34.413%[0m
DEBUG flower 2021-04-08 09:47:33,917 | connection.py:68 | Insecure gRPC channel closed
INFO flower 2021-04-08 09:47:33,918 | app.py:74 | Disconnect and shut down
Namespace(idx=2, max_delay=0, min_delay=0, num_clients=31, server_ip='10.244.29.27:8080', staleness_bound=1)
I'm client 2
Start SSP client without delay
Files already downloaded and verified
Files already downloaded and verified
[32;1mClient 2: 2275 train samples, 494 test samples[0m
loss=164.29465699195862, acc=0.1974826388888889
loss=162.6029634475708, acc=0.1974826388888889
loss=159.94316709041595, acc=0.1974826388888889
loss=150.2847317457199, acc=0.2113715277777778
loss=153.4493658542633, acc=0.21875
loss=182.4209270477295, acc=0.1870659722222222
loss=189.68241834640503, acc=0.1892361111111111
loss=192.1347439289093, acc=0.1935763888888889
loss=166.24990618228912, acc=0.2230902777777778
loss=186.57649683952332, acc=0.18619791666666666
loss=191.43462443351746, acc=0.18055555555555555
loss=171.33430194854736, acc=0.2365451388888889
loss=187.52591156959534, acc=0.15928819444444445
loss=173.60620546340942, acc=0.23741319444444445
loss=175.66415965557098, acc=0.2599826388888889
loss=185.28627157211304, acc=0.1401909722222222
loss=172.8024501800537, acc=0.2269965277777778
loss=176.54035449028015, acc=0.2560763888888889
loss=177.0635211467743, acc=0.2682291666666667
loss=183.22751331329346, acc=0.14149305555555555
loss=194.02002811431885, acc=0.1150173611111111
loss=194.4951000213623, acc=0.12760416666666666
loss=196.7462899684906, acc=0.11371527777777778
loss=158.09931528568268, acc=0.2925347222222222
loss=155.65375757217407, acc=0.3220486111111111
loss=155.58753502368927, acc=0.3355034722222222
loss=180.74909579753876, acc=0.13541666666666666
loss=157.26107692718506, acc=0.3090277777777778
loss=182.94350373744965, acc=0.13194444444444445
loss=158.3635915517807, acc=0.3207465277777778
loss=183.85958528518677, acc=0.1349826388888889
loss=160.65084946155548, acc=0.32421875
loss=183.84300303459167, acc=0.12890625
loss=193.33900427818298, acc=0.11588541666666667
loss=162.0439933538437, acc=0.3285590277777778
loss=159.9251583814621, acc=0.3428819444444444
loss=163.49302518367767, acc=0.3441840277777778
loss=157.3696005344391, acc=0.359375
loss=159.23015332221985, acc=0.3493923611111111
loss=157.79308903217316, acc=0.3611111111111111
loss=155.4280961751938, acc=0.3667534722222222
loss=155.30512762069702, acc=0.37109375
loss=152.1398137807846, acc=0.37890625
loss=174.9485193490982, acc=0.2048611111111111
loss=149.82480490207672, acc=0.3671875
loss=151.0228966474533, acc=0.37890625
loss=176.1323126554489, acc=0.20616319444444445
loss=149.1767542362213, acc=0.3780381944444444
loss=178.98400557041168, acc=0.2065972222222222
loss=148.47095918655396, acc=0.3849826388888889
loss=145.40694564580917, acc=0.3884548611111111
loss=175.72240364551544, acc=0.2417534722222222
loss=183.40750694274902, acc=0.2092013888888889
loss=188.5601955652237, acc=0.20052083333333334
loss=190.70361351966858, acc=0.1974826388888889
loss=191.17519211769104, acc=0.19401041666666666
loss=193.37455654144287, acc=0.18489583333333334
loss=138.91125977039337, acc=0.4084201388888889
loss=175.635258436203, acc=0.24913194444444445
loss=186.99541306495667, acc=0.21961805555555555
loss=137.94966769218445, acc=0.4149305555555556
loss=136.01418977975845, acc=0.4262152777777778
loss=169.2472549676895, acc=0.2769097222222222
loss=176.2745577096939, acc=0.2625868055555556
loss=136.2578798532486, acc=0.4079861111111111
loss=170.94983530044556, acc=0.2682291666666667
loss=138.58998572826385, acc=0.4123263888888889
loss=136.5092412829399, acc=0.4262152777777778
loss=165.99585497379303, acc=0.2855902777777778
loss=172.35706400871277, acc=0.2717013888888889
loss=134.7674542069435, acc=0.42578125
loss=133.29927790164948, acc=0.4288194444444444
loss=132.8386116027832, acc=0.4270833333333333
loss=163.45611763000488, acc=0.2955729166666667
loss=168.2060911655426, acc=0.2951388888888889
loss=169.81715857982635, acc=0.2942708333333333
loss=168.44625198841095, acc=0.2960069444444444
loss=131.7341811656952, acc=0.4309895833333333
loss=128.24342733621597, acc=0.4388020833333333
loss=127.47824031114578, acc=0.4457465277777778
loss=127.81466937065125, acc=0.4440104166666667
loss=162.18507826328278, acc=0.3298611111111111
loss=166.90331864356995, acc=0.3159722222222222
loss=131.75003325939178, acc=0.4188368055555556
loss=163.33797657489777, acc=0.31640625
loss=168.67738342285156, acc=0.3142361111111111
loss=167.17124712467194, acc=0.3016493055555556
loss=130.44937723875046, acc=0.4327256944444444
loss=130.4422857761383, acc=0.4548611111111111
loss=159.06335854530334, acc=0.34375
loss=162.82613676786423, acc=0.3337673611111111
loss=165.8097641468048, acc=0.3246527777777778
loss=132.23509275913239, acc=0.4353298611111111
loss=162.84684669971466, acc=0.3216145833333333
loss=131.16468977928162, acc=0.4401041666666667
loss=165.02650320529938, acc=0.3203125
loss=168.9664272069931, acc=0.3077256944444444
loss=167.06739342212677, acc=0.3198784722222222
loss=163.7241326570511, acc=0.3198784722222222
loss=164.30690333247185, acc=0.3263888888888889
Files already downloaded and verified
Files already downloaded and verified
Testing on full test set: 313, 1092.4322669506073, 0.2622
Testing on partial test set: 16, 54.344555377960205, 0.3441295546558704
