DEBUG flower 2021-04-08 09:24:25,725 | connection.py:36 | ChannelConnectivity.IDLE
DEBUG flower 2021-04-08 09:24:25,727 | connection.py:36 | ChannelConnectivity.READY
INFO flower 2021-04-08 09:24:25,728 | app.py:63 | Opened (insecure) gRPC connection
DEBUG flower 2021-04-08 09:24:27,007 | numpy_client.py:172 | fit, FitIns(clock=0)
INFO flower 2021-04-08 09:24:27,007 | numpy_client.py:184 | Cache is stale, return ReadIns
DEBUG flower 2021-04-08 09:24:27,191 | numpy_client.py:228 | read: ReadRes(clock=-1)
DEBUG flower 2021-04-08 09:24:27,207 | numpy_client.py:172 | fit, FitIns(clock=0)
DEBUG flower 2021-04-08 09:24:27,207 | numpy_client.py:260 | cached_clock: -1, curr_clock: 0
INFO flower 2021-04-08 09:24:30,208 | numpy_client.py:205 | Cache is fresh, return FitRes(clock=0)
DEBUG flower 2021-04-08 09:24:30,231 | numpy_client.py:172 | fit, FitIns(clock=1)
DEBUG flower 2021-04-08 09:24:30,232 | numpy_client.py:260 | cached_clock: -1, curr_clock: 1
INFO flower 2021-04-08 09:24:30,232 | numpy_client.py:184 | Cache is stale, return ReadIns
DEBUG flower 2021-04-08 09:24:32,597 | numpy_client.py:228 | read: ReadRes(clock=0)
DEBUG flower 2021-04-08 09:24:32,604 | numpy_client.py:172 | fit, FitIns(clock=1)
DEBUG flower 2021-04-08 09:24:32,604 | numpy_client.py:260 | cached_clock: 0, curr_clock: 1
INFO flower 2021-04-08 09:24:35,194 | numpy_client.py:205 | Cache is fresh, return FitRes(clock=1)
DEBUG flower 2021-04-08 09:24:41,219 | numpy_client.py:172 | fit, FitIns(clock=2)
DEBUG flower 2021-04-08 09:24:41,219 | numpy_client.py:260 | cached_clock: 0, curr_clock: 2
INFO flower 2021-04-08 09:24:41,219 | numpy_client.py:184 | Cache is stale, return ReadIns
DEBUG flower 2021-04-08 09:24:46,696 | numpy_client.py:228 | read: ReadRes(clock=1)
DEBUG flower 2021-04-08 09:24:46,703 | numpy_client.py:172 | fit, FitIns(clock=2)
DEBUG flower 2021-04-08 09:24:46,703 | numpy_client.py:260 | cached_clock: 1, curr_clock: 2
INFO flower 2021-04-08 09:24:49,398 | numpy_client.py:205 | Cache is fresh, return FitRes(clock=2)
DEBUG flower 2021-04-08 09:24:56,594 | numpy_client.py:172 | fit, FitIns(clock=3)
DEBUG flower 2021-04-08 09:24:56,594 | numpy_client.py:260 | cached_clock: 1, curr_clock: 3
INFO flower 2021-04-08 09:24:56,594 | numpy_client.py:184 | Cache is stale, return ReadIns
DEBUG flower 2021-04-08 09:25:01,845 | numpy_client.py:228 | read: ReadRes(clock=2)
DEBUG flower 2021-04-08 09:25:01,852 | numpy_client.py:172 | fit, FitIns(clock=3)
DEBUG flower 2021-04-08 09:25:01,853 | numpy_client.py:260 | cached_clock: 2, curr_clock: 3
INFO flower 2021-04-08 09:25:04,703 | numpy_client.py:205 | Cache is fresh, return FitRes(clock=3)
DEBUG flower 2021-04-08 09:25:10,788 | numpy_client.py:172 | fit, FitIns(clock=4)
DEBUG flower 2021-04-08 09:25:10,789 | numpy_client.py:260 | cached_clock: 2, curr_clock: 4
INFO flower 2021-04-08 09:25:10,789 | numpy_client.py:184 | Cache is stale, return ReadIns
DEBUG flower 2021-04-08 09:25:15,514 | numpy_client.py:228 | read: ReadRes(clock=3)
DEBUG flower 2021-04-08 09:25:15,522 | numpy_client.py:172 | fit, FitIns(clock=4)
DEBUG flower 2021-04-08 09:25:15,522 | numpy_client.py:260 | cached_clock: 3, curr_clock: 4
INFO flower 2021-04-08 09:25:18,504 | numpy_client.py:205 | Cache is fresh, return FitRes(clock=4)
DEBUG flower 2021-04-08 09:25:24,545 | numpy_client.py:172 | fit, FitIns(clock=5)
DEBUG flower 2021-04-08 09:25:24,545 | numpy_client.py:260 | cached_clock: 3, curr_clock: 5
INFO flower 2021-04-08 09:25:24,545 | numpy_client.py:184 | Cache is stale, return ReadIns
DEBUG flower 2021-04-08 09:25:29,209 | numpy_client.py:228 | read: ReadRes(clock=4)
DEBUG flower 2021-04-08 09:25:29,216 | numpy_client.py:172 | fit, FitIns(clock=5)
DEBUG flower 2021-04-08 09:25:29,216 | numpy_client.py:260 | cached_clock: 4, curr_clock: 5
INFO flower 2021-04-08 09:25:32,132 | numpy_client.py:205 | Cache is fresh, return FitRes(clock=5)
DEBUG flower 2021-04-08 09:25:38,531 | numpy_client.py:172 | fit, FitIns(clock=6)
DEBUG flower 2021-04-08 09:25:38,531 | numpy_client.py:260 | cached_clock: 4, curr_clock: 6
INFO flower 2021-04-08 09:25:38,531 | numpy_client.py:184 | Cache is stale, return ReadIns
DEBUG flower 2021-04-08 09:25:43,297 | numpy_client.py:228 | read: ReadRes(clock=5)
DEBUG flower 2021-04-08 09:25:43,305 | numpy_client.py:172 | fit, FitIns(clock=6)
DEBUG flower 2021-04-08 09:25:43,305 | numpy_client.py:260 | cached_clock: 5, curr_clock: 6
INFO flower 2021-04-08 09:25:46,026 | numpy_client.py:205 | Cache is fresh, return FitRes(clock=6)
DEBUG flower 2021-04-08 09:25:51,979 | numpy_client.py:172 | fit, FitIns(clock=7)
DEBUG flower 2021-04-08 09:25:51,979 | numpy_client.py:260 | cached_clock: 5, curr_clock: 7
INFO flower 2021-04-08 09:25:51,979 | numpy_client.py:184 | Cache is stale, return ReadIns
DEBUG flower 2021-04-08 09:25:56,496 | numpy_client.py:228 | read: ReadRes(clock=6)
DEBUG flower 2021-04-08 09:25:56,504 | numpy_client.py:172 | fit, FitIns(clock=7)
DEBUG flower 2021-04-08 09:25:56,504 | numpy_client.py:260 | cached_clock: 6, curr_clock: 7
INFO flower 2021-04-08 09:25:59,303 | numpy_client.py:205 | Cache is fresh, return FitRes(clock=7)
DEBUG flower 2021-04-08 09:26:05,267 | numpy_client.py:172 | fit, FitIns(clock=8)
DEBUG flower 2021-04-08 09:26:05,268 | numpy_client.py:260 | cached_clock: 6, curr_clock: 8
INFO flower 2021-04-08 09:26:05,268 | numpy_client.py:184 | Cache is stale, return ReadIns
DEBUG flower 2021-04-08 09:26:09,606 | numpy_client.py:228 | read: ReadRes(clock=7)
DEBUG flower 2021-04-08 09:26:09,614 | numpy_client.py:172 | fit, FitIns(clock=8)
DEBUG flower 2021-04-08 09:26:09,614 | numpy_client.py:260 | cached_clock: 7, curr_clock: 8
INFO flower 2021-04-08 09:26:12,402 | numpy_client.py:205 | Cache is fresh, return FitRes(clock=8)
DEBUG flower 2021-04-08 09:26:18,763 | numpy_client.py:172 | fit, FitIns(clock=9)
DEBUG flower 2021-04-08 09:26:18,763 | numpy_client.py:260 | cached_clock: 7, curr_clock: 9
INFO flower 2021-04-08 09:26:18,764 | numpy_client.py:184 | Cache is stale, return ReadIns
DEBUG flower 2021-04-08 09:26:23,468 | numpy_client.py:228 | read: ReadRes(clock=8)
DEBUG flower 2021-04-08 09:26:23,475 | numpy_client.py:172 | fit, FitIns(clock=9)
DEBUG flower 2021-04-08 09:26:23,475 | numpy_client.py:260 | cached_clock: 8, curr_clock: 9
INFO flower 2021-04-08 09:26:26,122 | numpy_client.py:205 | Cache is fresh, return FitRes(clock=9)
DEBUG flower 2021-04-08 09:26:32,463 | numpy_client.py:172 | fit, FitIns(clock=10)
DEBUG flower 2021-04-08 09:26:32,463 | numpy_client.py:260 | cached_clock: 8, curr_clock: 10
INFO flower 2021-04-08 09:26:32,464 | numpy_client.py:184 | Cache is stale, return ReadIns
DEBUG flower 2021-04-08 09:26:36,967 | numpy_client.py:228 | read: ReadRes(clock=9)
DEBUG flower 2021-04-08 09:26:36,972 | numpy_client.py:172 | fit, FitIns(clock=10)
DEBUG flower 2021-04-08 09:26:36,972 | numpy_client.py:260 | cached_clock: 9, curr_clock: 10
INFO flower 2021-04-08 09:26:39,932 | numpy_client.py:205 | Cache is fresh, return FitRes(clock=10)
DEBUG flower 2021-04-08 09:26:46,171 | numpy_client.py:172 | fit, FitIns(clock=11)
DEBUG flower 2021-04-08 09:26:46,171 | numpy_client.py:260 | cached_clock: 9, curr_clock: 11
INFO flower 2021-04-08 09:26:46,171 | numpy_client.py:184 | Cache is stale, return ReadIns
DEBUG flower 2021-04-08 09:26:51,066 | numpy_client.py:228 | read: ReadRes(clock=10)
DEBUG flower 2021-04-08 09:26:51,073 | numpy_client.py:172 | fit, FitIns(clock=11)
DEBUG flower 2021-04-08 09:26:51,073 | numpy_client.py:260 | cached_clock: 10, curr_clock: 11
INFO flower 2021-04-08 09:26:53,914 | numpy_client.py:205 | Cache is fresh, return FitRes(clock=11)
DEBUG flower 2021-04-08 09:27:00,079 | numpy_client.py:172 | fit, FitIns(clock=12)
DEBUG flower 2021-04-08 09:27:00,080 | numpy_client.py:260 | cached_clock: 10, curr_clock: 12
INFO flower 2021-04-08 09:27:00,080 | numpy_client.py:184 | Cache is stale, return ReadIns
DEBUG flower 2021-04-08 09:27:04,795 | numpy_client.py:228 | read: ReadRes(clock=11)
DEBUG flower 2021-04-08 09:27:04,802 | numpy_client.py:172 | fit, FitIns(clock=12)
DEBUG flower 2021-04-08 09:27:04,803 | numpy_client.py:260 | cached_clock: 11, curr_clock: 12
INFO flower 2021-04-08 09:27:07,503 | numpy_client.py:205 | Cache is fresh, return FitRes(clock=12)
DEBUG flower 2021-04-08 09:27:13,985 | numpy_client.py:172 | fit, FitIns(clock=13)
DEBUG flower 2021-04-08 09:27:13,985 | numpy_client.py:260 | cached_clock: 11, curr_clock: 13
INFO flower 2021-04-08 09:27:13,986 | numpy_client.py:184 | Cache is stale, return ReadIns
DEBUG flower 2021-04-08 09:27:18,675 | numpy_client.py:228 | read: ReadRes(clock=12)
DEBUG flower 2021-04-08 09:27:18,681 | numpy_client.py:172 | fit, FitIns(clock=13)
DEBUG flower 2021-04-08 09:27:18,682 | numpy_client.py:260 | cached_clock: 12, curr_clock: 13
INFO flower 2021-04-08 09:27:21,511 | numpy_client.py:205 | Cache is fresh, return FitRes(clock=13)
DEBUG flower 2021-04-08 09:27:27,692 | numpy_client.py:172 | fit, FitIns(clock=14)
DEBUG flower 2021-04-08 09:27:27,692 | numpy_client.py:260 | cached_clock: 12, curr_clock: 14
INFO flower 2021-04-08 09:27:27,692 | numpy_client.py:184 | Cache is stale, return ReadIns
DEBUG flower 2021-04-08 09:27:32,342 | numpy_client.py:228 | read: ReadRes(clock=13)
DEBUG flower 2021-04-08 09:27:32,349 | numpy_client.py:172 | fit, FitIns(clock=14)
DEBUG flower 2021-04-08 09:27:32,349 | numpy_client.py:260 | cached_clock: 13, curr_clock: 14
INFO flower 2021-04-08 09:27:35,402 | numpy_client.py:205 | Cache is fresh, return FitRes(clock=14)
DEBUG flower 2021-04-08 09:27:41,579 | numpy_client.py:172 | fit, FitIns(clock=15)
DEBUG flower 2021-04-08 09:27:41,580 | numpy_client.py:260 | cached_clock: 13, curr_clock: 15
INFO flower 2021-04-08 09:27:41,580 | numpy_client.py:184 | Cache is stale, return ReadIns
DEBUG flower 2021-04-08 09:27:45,962 | numpy_client.py:228 | read: ReadRes(clock=14)
DEBUG flower 2021-04-08 09:27:45,970 | numpy_client.py:172 | fit, FitIns(clock=15)
DEBUG flower 2021-04-08 09:27:45,970 | numpy_client.py:260 | cached_clock: 14, curr_clock: 15
INFO flower 2021-04-08 09:27:48,818 | numpy_client.py:205 | Cache is fresh, return FitRes(clock=15)
DEBUG flower 2021-04-08 09:27:55,164 | numpy_client.py:172 | fit, FitIns(clock=16)
DEBUG flower 2021-04-08 09:27:55,165 | numpy_client.py:260 | cached_clock: 14, curr_clock: 16
INFO flower 2021-04-08 09:27:55,165 | numpy_client.py:184 | Cache is stale, return ReadIns
DEBUG flower 2021-04-08 09:27:59,757 | numpy_client.py:228 | read: ReadRes(clock=15)
DEBUG flower 2021-04-08 09:27:59,764 | numpy_client.py:172 | fit, FitIns(clock=16)
DEBUG flower 2021-04-08 09:27:59,764 | numpy_client.py:260 | cached_clock: 15, curr_clock: 16
INFO flower 2021-04-08 09:28:02,608 | numpy_client.py:205 | Cache is fresh, return FitRes(clock=16)
DEBUG flower 2021-04-08 09:28:08,997 | numpy_client.py:172 | fit, FitIns(clock=17)
DEBUG flower 2021-04-08 09:28:08,997 | numpy_client.py:260 | cached_clock: 15, curr_clock: 17
INFO flower 2021-04-08 09:28:08,998 | numpy_client.py:184 | Cache is stale, return ReadIns
DEBUG flower 2021-04-08 09:28:13,532 | numpy_client.py:228 | read: ReadRes(clock=16)
DEBUG flower 2021-04-08 09:28:13,540 | numpy_client.py:172 | fit, FitIns(clock=17)
DEBUG flower 2021-04-08 09:28:13,540 | numpy_client.py:260 | cached_clock: 16, curr_clock: 17
INFO flower 2021-04-08 09:28:16,509 | numpy_client.py:205 | Cache is fresh, return FitRes(clock=17)
DEBUG flower 2021-04-08 09:28:22,920 | numpy_client.py:172 | fit, FitIns(clock=18)
DEBUG flower 2021-04-08 09:28:22,921 | numpy_client.py:260 | cached_clock: 16, curr_clock: 18
INFO flower 2021-04-08 09:28:22,921 | numpy_client.py:184 | Cache is stale, return ReadIns
DEBUG flower 2021-04-08 09:28:27,260 | numpy_client.py:228 | read: ReadRes(clock=17)
DEBUG flower 2021-04-08 09:28:27,268 | numpy_client.py:172 | fit, FitIns(clock=18)
DEBUG flower 2021-04-08 09:28:27,268 | numpy_client.py:260 | cached_clock: 17, curr_clock: 18
INFO flower 2021-04-08 09:28:30,198 | numpy_client.py:205 | Cache is fresh, return FitRes(clock=18)
DEBUG flower 2021-04-08 09:28:36,196 | numpy_client.py:172 | fit, FitIns(clock=19)
DEBUG flower 2021-04-08 09:28:36,196 | numpy_client.py:260 | cached_clock: 17, curr_clock: 19
INFO flower 2021-04-08 09:28:36,196 | numpy_client.py:184 | Cache is stale, return ReadIns
DEBUG flower 2021-04-08 09:28:40,708 | numpy_client.py:228 | read: ReadRes(clock=18)
DEBUG flower 2021-04-08 09:28:40,716 | numpy_client.py:172 | fit, FitIns(clock=19)
DEBUG flower 2021-04-08 09:28:40,716 | numpy_client.py:260 | cached_clock: 18, curr_clock: 19
INFO flower 2021-04-08 09:28:43,631 | numpy_client.py:205 | Cache is fresh, return FitRes(clock=19)
DEBUG flower 2021-04-08 09:28:49,881 | numpy_client.py:172 | fit, FitIns(clock=20)
DEBUG flower 2021-04-08 09:28:49,881 | numpy_client.py:260 | cached_clock: 18, curr_clock: 20
INFO flower 2021-04-08 09:28:49,881 | numpy_client.py:184 | Cache is stale, return ReadIns
DEBUG flower 2021-04-08 09:28:54,447 | numpy_client.py:228 | read: ReadRes(clock=19)
DEBUG flower 2021-04-08 09:28:54,454 | numpy_client.py:172 | fit, FitIns(clock=20)
DEBUG flower 2021-04-08 09:28:54,455 | numpy_client.py:260 | cached_clock: 19, curr_clock: 20
INFO flower 2021-04-08 09:28:57,401 | numpy_client.py:205 | Cache is fresh, return FitRes(clock=20)
DEBUG flower 2021-04-08 09:29:03,567 | numpy_client.py:172 | fit, FitIns(clock=21)
DEBUG flower 2021-04-08 09:29:03,567 | numpy_client.py:260 | cached_clock: 19, curr_clock: 21
INFO flower 2021-04-08 09:29:03,568 | numpy_client.py:184 | Cache is stale, return ReadIns
DEBUG flower 2021-04-08 09:29:08,131 | numpy_client.py:228 | read: ReadRes(clock=20)
DEBUG flower 2021-04-08 09:29:08,139 | numpy_client.py:172 | fit, FitIns(clock=21)
DEBUG flower 2021-04-08 09:29:08,139 | numpy_client.py:260 | cached_clock: 20, curr_clock: 21
INFO flower 2021-04-08 09:29:10,908 | numpy_client.py:205 | Cache is fresh, return FitRes(clock=21)
DEBUG flower 2021-04-08 09:29:16,845 | numpy_client.py:172 | fit, FitIns(clock=22)
DEBUG flower 2021-04-08 09:29:16,845 | numpy_client.py:260 | cached_clock: 20, curr_clock: 22
INFO flower 2021-04-08 09:29:16,845 | numpy_client.py:184 | Cache is stale, return ReadIns
DEBUG flower 2021-04-08 09:29:21,251 | numpy_client.py:228 | read: ReadRes(clock=21)
DEBUG flower 2021-04-08 09:29:21,258 | numpy_client.py:172 | fit, FitIns(clock=22)
DEBUG flower 2021-04-08 09:29:21,258 | numpy_client.py:260 | cached_clock: 21, curr_clock: 22
INFO flower 2021-04-08 09:29:24,012 | numpy_client.py:205 | Cache is fresh, return FitRes(clock=22)
DEBUG flower 2021-04-08 09:29:30,705 | numpy_client.py:172 | fit, FitIns(clock=23)
DEBUG flower 2021-04-08 09:29:30,705 | numpy_client.py:260 | cached_clock: 21, curr_clock: 23
INFO flower 2021-04-08 09:29:30,705 | numpy_client.py:184 | Cache is stale, return ReadIns
DEBUG flower 2021-04-08 09:29:35,429 | numpy_client.py:228 | read: ReadRes(clock=22)
DEBUG flower 2021-04-08 09:29:35,436 | numpy_client.py:172 | fit, FitIns(clock=23)
DEBUG flower 2021-04-08 09:29:35,437 | numpy_client.py:260 | cached_clock: 22, curr_clock: 23
INFO flower 2021-04-08 09:29:38,309 | numpy_client.py:205 | Cache is fresh, return FitRes(clock=23)
DEBUG flower 2021-04-08 09:29:44,292 | numpy_client.py:172 | fit, FitIns(clock=24)
DEBUG flower 2021-04-08 09:29:44,292 | numpy_client.py:260 | cached_clock: 22, curr_clock: 24
INFO flower 2021-04-08 09:29:44,293 | numpy_client.py:184 | Cache is stale, return ReadIns
DEBUG flower 2021-04-08 09:29:49,046 | numpy_client.py:228 | read: ReadRes(clock=23)
DEBUG flower 2021-04-08 09:29:49,053 | numpy_client.py:172 | fit, FitIns(clock=24)
DEBUG flower 2021-04-08 09:29:49,053 | numpy_client.py:260 | cached_clock: 23, curr_clock: 24
INFO flower 2021-04-08 09:29:51,898 | numpy_client.py:205 | Cache is fresh, return FitRes(clock=24)
DEBUG flower 2021-04-08 09:29:57,798 | numpy_client.py:172 | fit, FitIns(clock=25)
DEBUG flower 2021-04-08 09:29:57,799 | numpy_client.py:260 | cached_clock: 23, curr_clock: 25
INFO flower 2021-04-08 09:29:57,799 | numpy_client.py:184 | Cache is stale, return ReadIns
DEBUG flower 2021-04-08 09:30:02,301 | numpy_client.py:228 | read: ReadRes(clock=24)
DEBUG flower 2021-04-08 09:30:02,309 | numpy_client.py:172 | fit, FitIns(clock=25)
DEBUG flower 2021-04-08 09:30:02,309 | numpy_client.py:260 | cached_clock: 24, curr_clock: 25
INFO flower 2021-04-08 09:30:05,009 | numpy_client.py:205 | Cache is fresh, return FitRes(clock=25)
DEBUG flower 2021-04-08 09:30:11,545 | numpy_client.py:172 | fit, FitIns(clock=26)
DEBUG flower 2021-04-08 09:30:11,545 | numpy_client.py:260 | cached_clock: 24, curr_clock: 26
INFO flower 2021-04-08 09:30:11,545 | numpy_client.py:184 | Cache is stale, return ReadIns
DEBUG flower 2021-04-08 09:30:16,030 | numpy_client.py:228 | read: ReadRes(clock=25)
DEBUG flower 2021-04-08 09:30:16,037 | numpy_client.py:172 | fit, FitIns(clock=26)
DEBUG flower 2021-04-08 09:30:16,037 | numpy_client.py:260 | cached_clock: 25, curr_clock: 26
INFO flower 2021-04-08 09:30:18,633 | numpy_client.py:205 | Cache is fresh, return FitRes(clock=26)
DEBUG flower 2021-04-08 09:30:25,336 | numpy_client.py:172 | fit, FitIns(clock=27)
DEBUG flower 2021-04-08 09:30:25,336 | numpy_client.py:260 | cached_clock: 25, curr_clock: 27
INFO flower 2021-04-08 09:30:25,336 | numpy_client.py:184 | Cache is stale, return ReadIns
DEBUG flower 2021-04-08 09:30:29,763 | numpy_client.py:228 | read: ReadRes(clock=26)
DEBUG flower 2021-04-08 09:30:29,770 | numpy_client.py:172 | fit, FitIns(clock=27)
DEBUG flower 2021-04-08 09:30:29,770 | numpy_client.py:260 | cached_clock: 26, curr_clock: 27
INFO flower 2021-04-08 09:30:32,706 | numpy_client.py:205 | Cache is fresh, return FitRes(clock=27)
DEBUG flower 2021-04-08 09:30:38,383 | numpy_client.py:172 | fit, FitIns(clock=28)
DEBUG flower 2021-04-08 09:30:38,383 | numpy_client.py:260 | cached_clock: 26, curr_clock: 28
INFO flower 2021-04-08 09:30:38,383 | numpy_client.py:184 | Cache is stale, return ReadIns
DEBUG flower 2021-04-08 09:30:42,847 | numpy_client.py:228 | read: ReadRes(clock=27)
DEBUG flower 2021-04-08 09:30:42,854 | numpy_client.py:172 | fit, FitIns(clock=28)
DEBUG flower 2021-04-08 09:30:42,854 | numpy_client.py:260 | cached_clock: 27, curr_clock: 28
INFO flower 2021-04-08 09:30:45,613 | numpy_client.py:205 | Cache is fresh, return FitRes(clock=28)
DEBUG flower 2021-04-08 09:30:51,855 | numpy_client.py:172 | fit, FitIns(clock=29)
DEBUG flower 2021-04-08 09:30:51,856 | numpy_client.py:260 | cached_clock: 27, curr_clock: 29
INFO flower 2021-04-08 09:30:51,856 | numpy_client.py:184 | Cache is stale, return ReadIns
DEBUG flower 2021-04-08 09:30:56,495 | numpy_client.py:228 | read: ReadRes(clock=28)
DEBUG flower 2021-04-08 09:30:56,503 | numpy_client.py:172 | fit, FitIns(clock=29)
DEBUG flower 2021-04-08 09:30:56,503 | numpy_client.py:260 | cached_clock: 28, curr_clock: 29
INFO flower 2021-04-08 09:30:59,401 | numpy_client.py:205 | Cache is fresh, return FitRes(clock=29)
DEBUG flower 2021-04-08 09:31:05,282 | numpy_client.py:172 | fit, FitIns(clock=30)
DEBUG flower 2021-04-08 09:31:05,282 | numpy_client.py:260 | cached_clock: 28, curr_clock: 30
INFO flower 2021-04-08 09:31:05,282 | numpy_client.py:184 | Cache is stale, return ReadIns
DEBUG flower 2021-04-08 09:31:09,650 | numpy_client.py:228 | read: ReadRes(clock=29)
DEBUG flower 2021-04-08 09:31:09,657 | numpy_client.py:172 | fit, FitIns(clock=30)
DEBUG flower 2021-04-08 09:31:09,657 | numpy_client.py:260 | cached_clock: 29, curr_clock: 30
INFO flower 2021-04-08 09:31:12,499 | numpy_client.py:205 | Cache is fresh, return FitRes(clock=30)
DEBUG flower 2021-04-08 09:31:18,272 | numpy_client.py:172 | fit, FitIns(clock=31)
DEBUG flower 2021-04-08 09:31:18,272 | numpy_client.py:260 | cached_clock: 29, curr_clock: 31
INFO flower 2021-04-08 09:31:18,272 | numpy_client.py:184 | Cache is stale, return ReadIns
DEBUG flower 2021-04-08 09:31:22,913 | numpy_client.py:228 | read: ReadRes(clock=30)
DEBUG flower 2021-04-08 09:31:22,920 | numpy_client.py:172 | fit, FitIns(clock=31)
DEBUG flower 2021-04-08 09:31:22,920 | numpy_client.py:260 | cached_clock: 30, curr_clock: 31
INFO flower 2021-04-08 09:31:25,802 | numpy_client.py:205 | Cache is fresh, return FitRes(clock=31)
DEBUG flower 2021-04-08 09:31:32,160 | numpy_client.py:172 | fit, FitIns(clock=32)
DEBUG flower 2021-04-08 09:31:32,160 | numpy_client.py:260 | cached_clock: 30, curr_clock: 32
INFO flower 2021-04-08 09:31:32,160 | numpy_client.py:184 | Cache is stale, return ReadIns
DEBUG flower 2021-04-08 09:31:36,839 | numpy_client.py:228 | read: ReadRes(clock=31)
DEBUG flower 2021-04-08 09:31:36,847 | numpy_client.py:172 | fit, FitIns(clock=32)
DEBUG flower 2021-04-08 09:31:36,847 | numpy_client.py:260 | cached_clock: 31, curr_clock: 32
INFO flower 2021-04-08 09:31:39,697 | numpy_client.py:205 | Cache is fresh, return FitRes(clock=32)
DEBUG flower 2021-04-08 09:31:46,316 | numpy_client.py:172 | fit, FitIns(clock=33)
DEBUG flower 2021-04-08 09:31:46,317 | numpy_client.py:260 | cached_clock: 31, curr_clock: 33
INFO flower 2021-04-08 09:31:46,317 | numpy_client.py:184 | Cache is stale, return ReadIns
DEBUG flower 2021-04-08 09:31:50,894 | numpy_client.py:228 | read: ReadRes(clock=32)
DEBUG flower 2021-04-08 09:31:50,901 | numpy_client.py:172 | fit, FitIns(clock=33)
DEBUG flower 2021-04-08 09:31:50,901 | numpy_client.py:260 | cached_clock: 32, curr_clock: 33
INFO flower 2021-04-08 09:31:53,912 | numpy_client.py:205 | Cache is fresh, return FitRes(clock=33)
DEBUG flower 2021-04-08 09:32:00,221 | numpy_client.py:172 | fit, FitIns(clock=34)
DEBUG flower 2021-04-08 09:32:00,222 | numpy_client.py:260 | cached_clock: 32, curr_clock: 34
INFO flower 2021-04-08 09:32:00,222 | numpy_client.py:184 | Cache is stale, return ReadIns
DEBUG flower 2021-04-08 09:32:04,755 | numpy_client.py:228 | read: ReadRes(clock=33)
DEBUG flower 2021-04-08 09:32:04,763 | numpy_client.py:172 | fit, FitIns(clock=34)
DEBUG flower 2021-04-08 09:32:04,763 | numpy_client.py:260 | cached_clock: 33, curr_clock: 34
INFO flower 2021-04-08 09:32:07,526 | numpy_client.py:205 | Cache is fresh, return FitRes(clock=34)
DEBUG flower 2021-04-08 09:32:13,633 | numpy_client.py:172 | fit, FitIns(clock=35)
DEBUG flower 2021-04-08 09:32:13,633 | numpy_client.py:260 | cached_clock: 33, curr_clock: 35
INFO flower 2021-04-08 09:32:13,633 | numpy_client.py:184 | Cache is stale, return ReadIns
DEBUG flower 2021-04-08 09:32:18,340 | numpy_client.py:228 | read: ReadRes(clock=34)
DEBUG flower 2021-04-08 09:32:18,348 | numpy_client.py:172 | fit, FitIns(clock=35)
DEBUG flower 2021-04-08 09:32:18,348 | numpy_client.py:260 | cached_clock: 34, curr_clock: 35
INFO flower 2021-04-08 09:32:21,201 | numpy_client.py:205 | Cache is fresh, return FitRes(clock=35)
DEBUG flower 2021-04-08 09:32:27,347 | numpy_client.py:172 | fit, FitIns(clock=36)
DEBUG flower 2021-04-08 09:32:27,347 | numpy_client.py:260 | cached_clock: 34, curr_clock: 36
INFO flower 2021-04-08 09:32:27,347 | numpy_client.py:184 | Cache is stale, return ReadIns
DEBUG flower 2021-04-08 09:32:31,954 | numpy_client.py:228 | read: ReadRes(clock=35)
DEBUG flower 2021-04-08 09:32:31,961 | numpy_client.py:172 | fit, FitIns(clock=36)
DEBUG flower 2021-04-08 09:32:31,961 | numpy_client.py:260 | cached_clock: 35, curr_clock: 36
INFO flower 2021-04-08 09:32:34,532 | numpy_client.py:205 | Cache is fresh, return FitRes(clock=36)
DEBUG flower 2021-04-08 09:32:40,973 | numpy_client.py:172 | fit, FitIns(clock=37)
DEBUG flower 2021-04-08 09:32:40,973 | numpy_client.py:260 | cached_clock: 35, curr_clock: 37
INFO flower 2021-04-08 09:32:40,974 | numpy_client.py:184 | Cache is stale, return ReadIns
DEBUG flower 2021-04-08 09:32:45,725 | numpy_client.py:228 | read: ReadRes(clock=36)
DEBUG flower 2021-04-08 09:32:45,732 | numpy_client.py:172 | fit, FitIns(clock=37)
DEBUG flower 2021-04-08 09:32:45,732 | numpy_client.py:260 | cached_clock: 36, curr_clock: 37
INFO flower 2021-04-08 09:32:48,797 | numpy_client.py:205 | Cache is fresh, return FitRes(clock=37)
DEBUG flower 2021-04-08 09:32:55,562 | numpy_client.py:172 | fit, FitIns(clock=38)
DEBUG flower 2021-04-08 09:32:55,562 | numpy_client.py:260 | cached_clock: 36, curr_clock: 38
INFO flower 2021-04-08 09:32:55,563 | numpy_client.py:184 | Cache is stale, return ReadIns
DEBUG flower 2021-04-08 09:33:00,039 | numpy_client.py:228 | read: ReadRes(clock=37)
DEBUG flower 2021-04-08 09:33:00,047 | numpy_client.py:172 | fit, FitIns(clock=38)
DEBUG flower 2021-04-08 09:33:00,047 | numpy_client.py:260 | cached_clock: 37, curr_clock: 38
INFO flower 2021-04-08 09:33:02,712 | numpy_client.py:205 | Cache is fresh, return FitRes(clock=38)
DEBUG flower 2021-04-08 09:33:08,930 | numpy_client.py:172 | fit, FitIns(clock=39)
DEBUG flower 2021-04-08 09:33:08,931 | numpy_client.py:260 | cached_clock: 37, curr_clock: 39
INFO flower 2021-04-08 09:33:08,931 | numpy_client.py:184 | Cache is stale, return ReadIns
DEBUG flower 2021-04-08 09:33:13,967 | numpy_client.py:228 | read: ReadRes(clock=38)
DEBUG flower 2021-04-08 09:33:13,974 | numpy_client.py:172 | fit, FitIns(clock=39)
DEBUG flower 2021-04-08 09:33:13,974 | numpy_client.py:260 | cached_clock: 38, curr_clock: 39
INFO flower 2021-04-08 09:33:17,021 | numpy_client.py:205 | Cache is fresh, return FitRes(clock=39)
DEBUG flower 2021-04-08 09:33:22,935 | numpy_client.py:172 | fit, FitIns(clock=40)
DEBUG flower 2021-04-08 09:33:22,935 | numpy_client.py:260 | cached_clock: 38, curr_clock: 40
INFO flower 2021-04-08 09:33:22,935 | numpy_client.py:184 | Cache is stale, return ReadIns
DEBUG flower 2021-04-08 09:33:27,310 | numpy_client.py:228 | read: ReadRes(clock=39)
DEBUG flower 2021-04-08 09:33:27,317 | numpy_client.py:172 | fit, FitIns(clock=40)
DEBUG flower 2021-04-08 09:33:27,317 | numpy_client.py:260 | cached_clock: 39, curr_clock: 40
INFO flower 2021-04-08 09:33:30,305 | numpy_client.py:205 | Cache is fresh, return FitRes(clock=40)
DEBUG flower 2021-04-08 09:33:36,518 | numpy_client.py:172 | fit, FitIns(clock=41)
DEBUG flower 2021-04-08 09:33:36,518 | numpy_client.py:260 | cached_clock: 39, curr_clock: 41
INFO flower 2021-04-08 09:33:36,519 | numpy_client.py:184 | Cache is stale, return ReadIns
DEBUG flower 2021-04-08 09:33:41,395 | numpy_client.py:228 | read: ReadRes(clock=40)
DEBUG flower 2021-04-08 09:33:41,402 | numpy_client.py:172 | fit, FitIns(clock=41)
DEBUG flower 2021-04-08 09:33:41,403 | numpy_client.py:260 | cached_clock: 40, curr_clock: 41
INFO flower 2021-04-08 09:33:44,306 | numpy_client.py:205 | Cache is fresh, return FitRes(clock=41)
DEBUG flower 2021-04-08 09:33:50,366 | numpy_client.py:172 | fit, FitIns(clock=42)
DEBUG flower 2021-04-08 09:33:50,366 | numpy_client.py:260 | cached_clock: 40, curr_clock: 42
INFO flower 2021-04-08 09:33:50,367 | numpy_client.py:184 | Cache is stale, return ReadIns
DEBUG flower 2021-04-08 09:33:55,196 | numpy_client.py:228 | read: ReadRes(clock=41)
DEBUG flower 2021-04-08 09:33:55,203 | numpy_client.py:172 | fit, FitIns(clock=42)
DEBUG flower 2021-04-08 09:33:55,203 | numpy_client.py:260 | cached_clock: 41, curr_clock: 42
INFO flower 2021-04-08 09:33:58,097 | numpy_client.py:205 | Cache is fresh, return FitRes(clock=42)
DEBUG flower 2021-04-08 09:34:04,662 | numpy_client.py:172 | fit, FitIns(clock=43)
DEBUG flower 2021-04-08 09:34:04,662 | numpy_client.py:260 | cached_clock: 41, curr_clock: 43
INFO flower 2021-04-08 09:34:04,662 | numpy_client.py:184 | Cache is stale, return ReadIns
DEBUG flower 2021-04-08 09:34:09,062 | numpy_client.py:228 | read: ReadRes(clock=42)
DEBUG flower 2021-04-08 09:34:09,069 | numpy_client.py:172 | fit, FitIns(clock=43)
DEBUG flower 2021-04-08 09:34:09,069 | numpy_client.py:260 | cached_clock: 42, curr_clock: 43
INFO flower 2021-04-08 09:34:11,928 | numpy_client.py:205 | Cache is fresh, return FitRes(clock=43)
DEBUG flower 2021-04-08 09:34:17,969 | numpy_client.py:172 | fit, FitIns(clock=44)
DEBUG flower 2021-04-08 09:34:17,970 | numpy_client.py:260 | cached_clock: 42, curr_clock: 44
INFO flower 2021-04-08 09:34:17,970 | numpy_client.py:184 | Cache is stale, return ReadIns
DEBUG flower 2021-04-08 09:34:22,647 | numpy_client.py:228 | read: ReadRes(clock=43)
DEBUG flower 2021-04-08 09:34:22,654 | numpy_client.py:172 | fit, FitIns(clock=44)
DEBUG flower 2021-04-08 09:34:22,654 | numpy_client.py:260 | cached_clock: 43, curr_clock: 44
INFO flower 2021-04-08 09:34:25,224 | numpy_client.py:205 | Cache is fresh, return FitRes(clock=44)
DEBUG flower 2021-04-08 09:34:31,934 | numpy_client.py:172 | fit, FitIns(clock=45)
DEBUG flower 2021-04-08 09:34:31,934 | numpy_client.py:260 | cached_clock: 43, curr_clock: 45
INFO flower 2021-04-08 09:34:31,935 | numpy_client.py:184 | Cache is stale, return ReadIns
DEBUG flower 2021-04-08 09:34:36,887 | numpy_client.py:228 | read: ReadRes(clock=44)
DEBUG flower 2021-04-08 09:34:36,894 | numpy_client.py:172 | fit, FitIns(clock=45)
DEBUG flower 2021-04-08 09:34:36,894 | numpy_client.py:260 | cached_clock: 44, curr_clock: 45
INFO flower 2021-04-08 09:34:39,621 | numpy_client.py:205 | Cache is fresh, return FitRes(clock=45)
DEBUG flower 2021-04-08 09:34:45,937 | numpy_client.py:172 | fit, FitIns(clock=46)
DEBUG flower 2021-04-08 09:34:45,937 | numpy_client.py:260 | cached_clock: 44, curr_clock: 46
INFO flower 2021-04-08 09:34:45,937 | numpy_client.py:184 | Cache is stale, return ReadIns
DEBUG flower 2021-04-08 09:34:50,545 | numpy_client.py:228 | read: ReadRes(clock=45)
DEBUG flower 2021-04-08 09:34:50,552 | numpy_client.py:172 | fit, FitIns(clock=46)
DEBUG flower 2021-04-08 09:34:50,552 | numpy_client.py:260 | cached_clock: 45, curr_clock: 46
INFO flower 2021-04-08 09:34:53,605 | numpy_client.py:205 | Cache is fresh, return FitRes(clock=46)
DEBUG flower 2021-04-08 09:34:59,795 | numpy_client.py:172 | fit, FitIns(clock=47)
DEBUG flower 2021-04-08 09:34:59,796 | numpy_client.py:260 | cached_clock: 45, curr_clock: 47
INFO flower 2021-04-08 09:34:59,796 | numpy_client.py:184 | Cache is stale, return ReadIns
DEBUG flower 2021-04-08 09:35:04,531 | numpy_client.py:228 | read: ReadRes(clock=46)
DEBUG flower 2021-04-08 09:35:04,595 | numpy_client.py:172 | fit, FitIns(clock=47)
DEBUG flower 2021-04-08 09:35:04,595 | numpy_client.py:260 | cached_clock: 46, curr_clock: 47
INFO flower 2021-04-08 09:35:07,236 | numpy_client.py:205 | Cache is fresh, return FitRes(clock=47)
DEBUG flower 2021-04-08 09:35:13,636 | numpy_client.py:172 | fit, FitIns(clock=48)
DEBUG flower 2021-04-08 09:35:13,636 | numpy_client.py:260 | cached_clock: 46, curr_clock: 48
INFO flower 2021-04-08 09:35:13,636 | numpy_client.py:184 | Cache is stale, return ReadIns
DEBUG flower 2021-04-08 09:35:18,349 | numpy_client.py:228 | read: ReadRes(clock=47)
DEBUG flower 2021-04-08 09:35:18,356 | numpy_client.py:172 | fit, FitIns(clock=48)
DEBUG flower 2021-04-08 09:35:18,356 | numpy_client.py:260 | cached_clock: 47, curr_clock: 48
INFO flower 2021-04-08 09:35:21,218 | numpy_client.py:205 | Cache is fresh, return FitRes(clock=48)
DEBUG flower 2021-04-08 09:35:27,050 | numpy_client.py:172 | fit, FitIns(clock=49)
DEBUG flower 2021-04-08 09:35:27,051 | numpy_client.py:260 | cached_clock: 47, curr_clock: 49
INFO flower 2021-04-08 09:35:27,051 | numpy_client.py:184 | Cache is stale, return ReadIns
DEBUG flower 2021-04-08 09:35:31,840 | numpy_client.py:228 | read: ReadRes(clock=48)
DEBUG flower 2021-04-08 09:35:31,847 | numpy_client.py:172 | fit, FitIns(clock=49)
DEBUG flower 2021-04-08 09:35:31,847 | numpy_client.py:260 | cached_clock: 48, curr_clock: 49
INFO flower 2021-04-08 09:35:34,702 | numpy_client.py:205 | Cache is fresh, return FitRes(clock=49)
DEBUG flower 2021-04-08 09:35:40,717 | numpy_client.py:172 | fit, FitIns(clock=50)
DEBUG flower 2021-04-08 09:35:40,717 | numpy_client.py:260 | cached_clock: 48, curr_clock: 50
INFO flower 2021-04-08 09:35:40,717 | numpy_client.py:184 | Cache is stale, return ReadIns
DEBUG flower 2021-04-08 09:35:45,326 | numpy_client.py:228 | read: ReadRes(clock=49)
DEBUG flower 2021-04-08 09:35:45,333 | numpy_client.py:172 | fit, FitIns(clock=50)
DEBUG flower 2021-04-08 09:35:45,333 | numpy_client.py:260 | cached_clock: 49, curr_clock: 50
INFO flower 2021-04-08 09:35:48,020 | numpy_client.py:205 | Cache is fresh, return FitRes(clock=50)
DEBUG flower 2021-04-08 09:35:54,581 | numpy_client.py:172 | fit, FitIns(clock=51)
DEBUG flower 2021-04-08 09:35:54,582 | numpy_client.py:260 | cached_clock: 49, curr_clock: 51
INFO flower 2021-04-08 09:35:54,582 | numpy_client.py:184 | Cache is stale, return ReadIns
DEBUG flower 2021-04-08 09:35:58,927 | numpy_client.py:228 | read: ReadRes(clock=50)
DEBUG flower 2021-04-08 09:35:58,935 | numpy_client.py:172 | fit, FitIns(clock=51)
DEBUG flower 2021-04-08 09:35:58,935 | numpy_client.py:260 | cached_clock: 50, curr_clock: 51
INFO flower 2021-04-08 09:36:01,705 | numpy_client.py:205 | Cache is fresh, return FitRes(clock=51)
DEBUG flower 2021-04-08 09:36:07,907 | numpy_client.py:172 | fit, FitIns(clock=52)
DEBUG flower 2021-04-08 09:36:07,908 | numpy_client.py:260 | cached_clock: 50, curr_clock: 52
INFO flower 2021-04-08 09:36:07,908 | numpy_client.py:184 | Cache is stale, return ReadIns
DEBUG flower 2021-04-08 09:36:12,643 | numpy_client.py:228 | read: ReadRes(clock=51)
DEBUG flower 2021-04-08 09:36:12,651 | numpy_client.py:172 | fit, FitIns(clock=52)
DEBUG flower 2021-04-08 09:36:12,651 | numpy_client.py:260 | cached_clock: 51, curr_clock: 52
INFO flower 2021-04-08 09:36:15,625 | numpy_client.py:205 | Cache is fresh, return FitRes(clock=52)
DEBUG flower 2021-04-08 09:36:21,705 | numpy_client.py:172 | fit, FitIns(clock=53)
DEBUG flower 2021-04-08 09:36:21,705 | numpy_client.py:260 | cached_clock: 51, curr_clock: 53
INFO flower 2021-04-08 09:36:21,705 | numpy_client.py:184 | Cache is stale, return ReadIns
DEBUG flower 2021-04-08 09:36:26,253 | numpy_client.py:228 | read: ReadRes(clock=52)
DEBUG flower 2021-04-08 09:36:26,260 | numpy_client.py:172 | fit, FitIns(clock=53)
DEBUG flower 2021-04-08 09:36:26,260 | numpy_client.py:260 | cached_clock: 52, curr_clock: 53
INFO flower 2021-04-08 09:36:29,001 | numpy_client.py:205 | Cache is fresh, return FitRes(clock=53)
DEBUG flower 2021-04-08 09:36:35,683 | numpy_client.py:172 | fit, FitIns(clock=54)
DEBUG flower 2021-04-08 09:36:35,684 | numpy_client.py:260 | cached_clock: 52, curr_clock: 54
INFO flower 2021-04-08 09:36:35,684 | numpy_client.py:184 | Cache is stale, return ReadIns
DEBUG flower 2021-04-08 09:36:40,458 | numpy_client.py:228 | read: ReadRes(clock=53)
DEBUG flower 2021-04-08 09:36:40,465 | numpy_client.py:172 | fit, FitIns(clock=54)
DEBUG flower 2021-04-08 09:36:40,465 | numpy_client.py:260 | cached_clock: 53, curr_clock: 54
INFO flower 2021-04-08 09:36:43,202 | numpy_client.py:205 | Cache is fresh, return FitRes(clock=54)
DEBUG flower 2021-04-08 09:36:50,050 | numpy_client.py:172 | fit, FitIns(clock=55)
DEBUG flower 2021-04-08 09:36:50,050 | numpy_client.py:260 | cached_clock: 53, curr_clock: 55
INFO flower 2021-04-08 09:36:50,050 | numpy_client.py:184 | Cache is stale, return ReadIns
DEBUG flower 2021-04-08 09:36:54,854 | numpy_client.py:228 | read: ReadRes(clock=54)
DEBUG flower 2021-04-08 09:36:54,862 | numpy_client.py:172 | fit, FitIns(clock=55)
DEBUG flower 2021-04-08 09:36:54,862 | numpy_client.py:260 | cached_clock: 54, curr_clock: 55
INFO flower 2021-04-08 09:36:57,502 | numpy_client.py:205 | Cache is fresh, return FitRes(clock=55)
DEBUG flower 2021-04-08 09:37:04,251 | numpy_client.py:172 | fit, FitIns(clock=56)
DEBUG flower 2021-04-08 09:37:04,251 | numpy_client.py:260 | cached_clock: 54, curr_clock: 56
INFO flower 2021-04-08 09:37:04,251 | numpy_client.py:184 | Cache is stale, return ReadIns
DEBUG flower 2021-04-08 09:37:08,744 | numpy_client.py:228 | read: ReadRes(clock=55)
DEBUG flower 2021-04-08 09:37:08,751 | numpy_client.py:172 | fit, FitIns(clock=56)
DEBUG flower 2021-04-08 09:37:08,751 | numpy_client.py:260 | cached_clock: 55, curr_clock: 56
INFO flower 2021-04-08 09:37:11,622 | numpy_client.py:205 | Cache is fresh, return FitRes(clock=56)
DEBUG flower 2021-04-08 09:37:17,936 | numpy_client.py:172 | fit, FitIns(clock=57)
DEBUG flower 2021-04-08 09:37:17,936 | numpy_client.py:260 | cached_clock: 55, curr_clock: 57
INFO flower 2021-04-08 09:37:17,936 | numpy_client.py:184 | Cache is stale, return ReadIns
DEBUG flower 2021-04-08 09:37:22,500 | numpy_client.py:228 | read: ReadRes(clock=56)
DEBUG flower 2021-04-08 09:37:22,507 | numpy_client.py:172 | fit, FitIns(clock=57)
DEBUG flower 2021-04-08 09:37:22,507 | numpy_client.py:260 | cached_clock: 56, curr_clock: 57
INFO flower 2021-04-08 09:37:25,136 | numpy_client.py:205 | Cache is fresh, return FitRes(clock=57)
DEBUG flower 2021-04-08 09:37:31,633 | numpy_client.py:172 | fit, FitIns(clock=58)
DEBUG flower 2021-04-08 09:37:31,633 | numpy_client.py:260 | cached_clock: 56, curr_clock: 58
INFO flower 2021-04-08 09:37:31,633 | numpy_client.py:184 | Cache is stale, return ReadIns
DEBUG flower 2021-04-08 09:37:36,354 | numpy_client.py:228 | read: ReadRes(clock=57)
DEBUG flower 2021-04-08 09:37:36,361 | numpy_client.py:172 | fit, FitIns(clock=58)
DEBUG flower 2021-04-08 09:37:36,361 | numpy_client.py:260 | cached_clock: 57, curr_clock: 58
INFO flower 2021-04-08 09:37:38,998 | numpy_client.py:205 | Cache is fresh, return FitRes(clock=58)
DEBUG flower 2021-04-08 09:37:45,249 | numpy_client.py:172 | fit, FitIns(clock=59)
DEBUG flower 2021-04-08 09:37:45,249 | numpy_client.py:260 | cached_clock: 57, curr_clock: 59
INFO flower 2021-04-08 09:37:45,249 | numpy_client.py:184 | Cache is stale, return ReadIns
DEBUG flower 2021-04-08 09:37:49,710 | numpy_client.py:228 | read: ReadRes(clock=58)
DEBUG flower 2021-04-08 09:37:49,718 | numpy_client.py:172 | fit, FitIns(clock=59)
DEBUG flower 2021-04-08 09:37:49,718 | numpy_client.py:260 | cached_clock: 58, curr_clock: 59
INFO flower 2021-04-08 09:37:52,308 | numpy_client.py:205 | Cache is fresh, return FitRes(clock=59)
DEBUG flower 2021-04-08 09:37:58,698 | numpy_client.py:172 | fit, FitIns(clock=60)
DEBUG flower 2021-04-08 09:37:58,698 | numpy_client.py:260 | cached_clock: 58, curr_clock: 60
INFO flower 2021-04-08 09:37:58,698 | numpy_client.py:184 | Cache is stale, return ReadIns
DEBUG flower 2021-04-08 09:38:03,294 | numpy_client.py:228 | read: ReadRes(clock=59)
DEBUG flower 2021-04-08 09:38:03,301 | numpy_client.py:172 | fit, FitIns(clock=60)
DEBUG flower 2021-04-08 09:38:03,301 | numpy_client.py:260 | cached_clock: 59, curr_clock: 60
INFO flower 2021-04-08 09:38:06,001 | numpy_client.py:205 | Cache is fresh, return FitRes(clock=60)
DEBUG flower 2021-04-08 09:38:12,068 | numpy_client.py:172 | fit, FitIns(clock=61)
DEBUG flower 2021-04-08 09:38:12,069 | numpy_client.py:260 | cached_clock: 59, curr_clock: 61
INFO flower 2021-04-08 09:38:12,069 | numpy_client.py:184 | Cache is stale, return ReadIns
DEBUG flower 2021-04-08 09:38:16,747 | numpy_client.py:228 | read: ReadRes(clock=60)
DEBUG flower 2021-04-08 09:38:16,754 | numpy_client.py:172 | fit, FitIns(clock=61)
DEBUG flower 2021-04-08 09:38:16,754 | numpy_client.py:260 | cached_clock: 60, curr_clock: 61
INFO flower 2021-04-08 09:38:19,396 | numpy_client.py:205 | Cache is fresh, return FitRes(clock=61)
DEBUG flower 2021-04-08 09:38:25,964 | numpy_client.py:172 | fit, FitIns(clock=62)
DEBUG flower 2021-04-08 09:38:25,964 | numpy_client.py:260 | cached_clock: 60, curr_clock: 62
INFO flower 2021-04-08 09:38:25,964 | numpy_client.py:184 | Cache is stale, return ReadIns
DEBUG flower 2021-04-08 09:38:30,294 | numpy_client.py:228 | read: ReadRes(clock=61)
DEBUG flower 2021-04-08 09:38:30,301 | numpy_client.py:172 | fit, FitIns(clock=62)
DEBUG flower 2021-04-08 09:38:30,301 | numpy_client.py:260 | cached_clock: 61, curr_clock: 62
INFO flower 2021-04-08 09:38:33,021 | numpy_client.py:205 | Cache is fresh, return FitRes(clock=62)
DEBUG flower 2021-04-08 09:38:39,440 | numpy_client.py:172 | fit, FitIns(clock=63)
DEBUG flower 2021-04-08 09:38:39,441 | numpy_client.py:260 | cached_clock: 61, curr_clock: 63
INFO flower 2021-04-08 09:38:39,441 | numpy_client.py:184 | Cache is stale, return ReadIns
DEBUG flower 2021-04-08 09:38:44,123 | numpy_client.py:228 | read: ReadRes(clock=62)
DEBUG flower 2021-04-08 09:38:44,131 | numpy_client.py:172 | fit, FitIns(clock=63)
DEBUG flower 2021-04-08 09:38:44,131 | numpy_client.py:260 | cached_clock: 62, curr_clock: 63
INFO flower 2021-04-08 09:38:46,798 | numpy_client.py:205 | Cache is fresh, return FitRes(clock=63)
DEBUG flower 2021-04-08 09:38:53,331 | numpy_client.py:172 | fit, FitIns(clock=64)
DEBUG flower 2021-04-08 09:38:53,331 | numpy_client.py:260 | cached_clock: 62, curr_clock: 64
INFO flower 2021-04-08 09:38:53,331 | numpy_client.py:184 | Cache is stale, return ReadIns
DEBUG flower 2021-04-08 09:38:58,351 | numpy_client.py:228 | read: ReadRes(clock=63)
DEBUG flower 2021-04-08 09:38:58,358 | numpy_client.py:172 | fit, FitIns(clock=64)
DEBUG flower 2021-04-08 09:38:58,358 | numpy_client.py:260 | cached_clock: 63, curr_clock: 64
INFO flower 2021-04-08 09:39:01,124 | numpy_client.py:205 | Cache is fresh, return FitRes(clock=64)
DEBUG flower 2021-04-08 09:39:07,249 | numpy_client.py:172 | fit, FitIns(clock=65)
DEBUG flower 2021-04-08 09:39:07,250 | numpy_client.py:260 | cached_clock: 63, curr_clock: 65
INFO flower 2021-04-08 09:39:07,250 | numpy_client.py:184 | Cache is stale, return ReadIns
DEBUG flower 2021-04-08 09:39:11,911 | numpy_client.py:228 | read: ReadRes(clock=64)
DEBUG flower 2021-04-08 09:39:11,919 | numpy_client.py:172 | fit, FitIns(clock=65)
DEBUG flower 2021-04-08 09:39:11,919 | numpy_client.py:260 | cached_clock: 64, curr_clock: 65
INFO flower 2021-04-08 09:39:14,806 | numpy_client.py:205 | Cache is fresh, return FitRes(clock=65)
DEBUG flower 2021-04-08 09:39:21,157 | numpy_client.py:172 | fit, FitIns(clock=66)
DEBUG flower 2021-04-08 09:39:21,157 | numpy_client.py:260 | cached_clock: 64, curr_clock: 66
INFO flower 2021-04-08 09:39:21,157 | numpy_client.py:184 | Cache is stale, return ReadIns
DEBUG flower 2021-04-08 09:39:25,657 | numpy_client.py:228 | read: ReadRes(clock=65)
DEBUG flower 2021-04-08 09:39:25,665 | numpy_client.py:172 | fit, FitIns(clock=66)
DEBUG flower 2021-04-08 09:39:25,665 | numpy_client.py:260 | cached_clock: 65, curr_clock: 66
INFO flower 2021-04-08 09:39:28,614 | numpy_client.py:205 | Cache is fresh, return FitRes(clock=66)
DEBUG flower 2021-04-08 09:39:34,582 | numpy_client.py:172 | fit, FitIns(clock=67)
DEBUG flower 2021-04-08 09:39:34,582 | numpy_client.py:260 | cached_clock: 65, curr_clock: 67
INFO flower 2021-04-08 09:39:34,582 | numpy_client.py:184 | Cache is stale, return ReadIns
DEBUG flower 2021-04-08 09:39:39,239 | numpy_client.py:228 | read: ReadRes(clock=66)
DEBUG flower 2021-04-08 09:39:39,245 | numpy_client.py:172 | fit, FitIns(clock=67)
DEBUG flower 2021-04-08 09:39:39,245 | numpy_client.py:260 | cached_clock: 66, curr_clock: 67
INFO flower 2021-04-08 09:39:41,927 | numpy_client.py:205 | Cache is fresh, return FitRes(clock=67)
DEBUG flower 2021-04-08 09:39:48,234 | numpy_client.py:172 | fit, FitIns(clock=68)
DEBUG flower 2021-04-08 09:39:48,234 | numpy_client.py:260 | cached_clock: 66, curr_clock: 68
INFO flower 2021-04-08 09:39:48,234 | numpy_client.py:184 | Cache is stale, return ReadIns
DEBUG flower 2021-04-08 09:39:52,751 | numpy_client.py:228 | read: ReadRes(clock=67)
DEBUG flower 2021-04-08 09:39:52,759 | numpy_client.py:172 | fit, FitIns(clock=68)
DEBUG flower 2021-04-08 09:39:52,759 | numpy_client.py:260 | cached_clock: 67, curr_clock: 68
INFO flower 2021-04-08 09:39:55,308 | numpy_client.py:205 | Cache is fresh, return FitRes(clock=68)
DEBUG flower 2021-04-08 09:40:01,431 | numpy_client.py:172 | fit, FitIns(clock=69)
DEBUG flower 2021-04-08 09:40:01,432 | numpy_client.py:260 | cached_clock: 67, curr_clock: 69
INFO flower 2021-04-08 09:40:01,432 | numpy_client.py:184 | Cache is stale, return ReadIns
DEBUG flower 2021-04-08 09:40:05,780 | numpy_client.py:228 | read: ReadRes(clock=68)
DEBUG flower 2021-04-08 09:40:05,787 | numpy_client.py:172 | fit, FitIns(clock=69)
DEBUG flower 2021-04-08 09:40:05,787 | numpy_client.py:260 | cached_clock: 68, curr_clock: 69
INFO flower 2021-04-08 09:40:08,511 | numpy_client.py:205 | Cache is fresh, return FitRes(clock=69)
DEBUG flower 2021-04-08 09:40:14,853 | numpy_client.py:172 | fit, FitIns(clock=70)
DEBUG flower 2021-04-08 09:40:14,854 | numpy_client.py:260 | cached_clock: 68, curr_clock: 70
INFO flower 2021-04-08 09:40:14,854 | numpy_client.py:184 | Cache is stale, return ReadIns
DEBUG flower 2021-04-08 09:40:19,441 | numpy_client.py:228 | read: ReadRes(clock=69)
DEBUG flower 2021-04-08 09:40:19,448 | numpy_client.py:172 | fit, FitIns(clock=70)
DEBUG flower 2021-04-08 09:40:19,448 | numpy_client.py:260 | cached_clock: 69, curr_clock: 70
INFO flower 2021-04-08 09:40:22,215 | numpy_client.py:205 | Cache is fresh, return FitRes(clock=70)
DEBUG flower 2021-04-08 09:40:28,471 | numpy_client.py:172 | fit, FitIns(clock=71)
DEBUG flower 2021-04-08 09:40:28,471 | numpy_client.py:260 | cached_clock: 69, curr_clock: 71
INFO flower 2021-04-08 09:40:28,471 | numpy_client.py:184 | Cache is stale, return ReadIns
DEBUG flower 2021-04-08 09:40:33,194 | numpy_client.py:228 | read: ReadRes(clock=70)
DEBUG flower 2021-04-08 09:40:33,202 | numpy_client.py:172 | fit, FitIns(clock=71)
DEBUG flower 2021-04-08 09:40:33,202 | numpy_client.py:260 | cached_clock: 70, curr_clock: 71
INFO flower 2021-04-08 09:40:36,001 | numpy_client.py:205 | Cache is fresh, return FitRes(clock=71)
DEBUG flower 2021-04-08 09:40:42,524 | numpy_client.py:172 | fit, FitIns(clock=72)
DEBUG flower 2021-04-08 09:40:42,524 | numpy_client.py:260 | cached_clock: 70, curr_clock: 72
INFO flower 2021-04-08 09:40:42,524 | numpy_client.py:184 | Cache is stale, return ReadIns
DEBUG flower 2021-04-08 09:40:47,150 | numpy_client.py:228 | read: ReadRes(clock=71)
DEBUG flower 2021-04-08 09:40:47,158 | numpy_client.py:172 | fit, FitIns(clock=72)
DEBUG flower 2021-04-08 09:40:47,158 | numpy_client.py:260 | cached_clock: 71, curr_clock: 72
INFO flower 2021-04-08 09:40:49,808 | numpy_client.py:205 | Cache is fresh, return FitRes(clock=72)
DEBUG flower 2021-04-08 09:40:55,542 | numpy_client.py:172 | fit, FitIns(clock=73)
DEBUG flower 2021-04-08 09:40:55,542 | numpy_client.py:260 | cached_clock: 71, curr_clock: 73
INFO flower 2021-04-08 09:40:55,542 | numpy_client.py:184 | Cache is stale, return ReadIns
DEBUG flower 2021-04-08 09:41:00,695 | numpy_client.py:228 | read: ReadRes(clock=72)
DEBUG flower 2021-04-08 09:41:00,702 | numpy_client.py:172 | fit, FitIns(clock=73)
DEBUG flower 2021-04-08 09:41:00,702 | numpy_client.py:260 | cached_clock: 72, curr_clock: 73
INFO flower 2021-04-08 09:41:03,410 | numpy_client.py:205 | Cache is fresh, return FitRes(clock=73)
DEBUG flower 2021-04-08 09:41:09,499 | numpy_client.py:172 | fit, FitIns(clock=74)
DEBUG flower 2021-04-08 09:41:09,499 | numpy_client.py:260 | cached_clock: 72, curr_clock: 74
INFO flower 2021-04-08 09:41:09,500 | numpy_client.py:184 | Cache is stale, return ReadIns
DEBUG flower 2021-04-08 09:41:14,041 | numpy_client.py:228 | read: ReadRes(clock=73)
DEBUG flower 2021-04-08 09:41:14,048 | numpy_client.py:172 | fit, FitIns(clock=74)
DEBUG flower 2021-04-08 09:41:14,049 | numpy_client.py:260 | cached_clock: 73, curr_clock: 74
INFO flower 2021-04-08 09:41:16,911 | numpy_client.py:205 | Cache is fresh, return FitRes(clock=74)
DEBUG flower 2021-04-08 09:41:23,163 | numpy_client.py:172 | fit, FitIns(clock=75)
DEBUG flower 2021-04-08 09:41:23,163 | numpy_client.py:260 | cached_clock: 73, curr_clock: 75
INFO flower 2021-04-08 09:41:23,163 | numpy_client.py:184 | Cache is stale, return ReadIns
DEBUG flower 2021-04-08 09:41:27,469 | numpy_client.py:228 | read: ReadRes(clock=74)
DEBUG flower 2021-04-08 09:41:27,476 | numpy_client.py:172 | fit, FitIns(clock=75)
DEBUG flower 2021-04-08 09:41:27,477 | numpy_client.py:260 | cached_clock: 74, curr_clock: 75
INFO flower 2021-04-08 09:41:30,317 | numpy_client.py:205 | Cache is fresh, return FitRes(clock=75)
DEBUG flower 2021-04-08 09:41:36,768 | numpy_client.py:172 | fit, FitIns(clock=76)
DEBUG flower 2021-04-08 09:41:36,768 | numpy_client.py:260 | cached_clock: 74, curr_clock: 76
INFO flower 2021-04-08 09:41:36,768 | numpy_client.py:184 | Cache is stale, return ReadIns
DEBUG flower 2021-04-08 09:41:41,149 | numpy_client.py:228 | read: ReadRes(clock=75)
DEBUG flower 2021-04-08 09:41:41,156 | numpy_client.py:172 | fit, FitIns(clock=76)
DEBUG flower 2021-04-08 09:41:41,157 | numpy_client.py:260 | cached_clock: 75, curr_clock: 76
INFO flower 2021-04-08 09:41:43,920 | numpy_client.py:205 | Cache is fresh, return FitRes(clock=76)
DEBUG flower 2021-04-08 09:41:50,639 | numpy_client.py:172 | fit, FitIns(clock=77)
DEBUG flower 2021-04-08 09:41:50,639 | numpy_client.py:260 | cached_clock: 75, curr_clock: 77
INFO flower 2021-04-08 09:41:50,639 | numpy_client.py:184 | Cache is stale, return ReadIns
DEBUG flower 2021-04-08 09:41:55,439 | numpy_client.py:228 | read: ReadRes(clock=76)
DEBUG flower 2021-04-08 09:41:55,446 | numpy_client.py:172 | fit, FitIns(clock=77)
DEBUG flower 2021-04-08 09:41:55,447 | numpy_client.py:260 | cached_clock: 76, curr_clock: 77
INFO flower 2021-04-08 09:41:58,102 | numpy_client.py:205 | Cache is fresh, return FitRes(clock=77)
DEBUG flower 2021-04-08 09:42:05,187 | numpy_client.py:172 | fit, FitIns(clock=78)
DEBUG flower 2021-04-08 09:42:05,188 | numpy_client.py:260 | cached_clock: 76, curr_clock: 78
INFO flower 2021-04-08 09:42:05,188 | numpy_client.py:184 | Cache is stale, return ReadIns
DEBUG flower 2021-04-08 09:42:09,908 | numpy_client.py:228 | read: ReadRes(clock=77)
DEBUG flower 2021-04-08 09:42:09,915 | numpy_client.py:172 | fit, FitIns(clock=78)
DEBUG flower 2021-04-08 09:42:09,915 | numpy_client.py:260 | cached_clock: 77, curr_clock: 78
INFO flower 2021-04-08 09:42:12,899 | numpy_client.py:205 | Cache is fresh, return FitRes(clock=78)
DEBUG flower 2021-04-08 09:42:19,271 | numpy_client.py:172 | fit, FitIns(clock=79)
DEBUG flower 2021-04-08 09:42:19,271 | numpy_client.py:260 | cached_clock: 77, curr_clock: 79
INFO flower 2021-04-08 09:42:19,271 | numpy_client.py:184 | Cache is stale, return ReadIns
DEBUG flower 2021-04-08 09:42:23,948 | numpy_client.py:228 | read: ReadRes(clock=78)
DEBUG flower 2021-04-08 09:42:23,955 | numpy_client.py:172 | fit, FitIns(clock=79)
DEBUG flower 2021-04-08 09:42:23,955 | numpy_client.py:260 | cached_clock: 78, curr_clock: 79
INFO flower 2021-04-08 09:42:26,822 | numpy_client.py:205 | Cache is fresh, return FitRes(clock=79)
DEBUG flower 2021-04-08 09:42:32,865 | numpy_client.py:172 | fit, FitIns(clock=80)
DEBUG flower 2021-04-08 09:42:32,866 | numpy_client.py:260 | cached_clock: 78, curr_clock: 80
INFO flower 2021-04-08 09:42:32,866 | numpy_client.py:184 | Cache is stale, return ReadIns
DEBUG flower 2021-04-08 09:42:38,095 | numpy_client.py:228 | read: ReadRes(clock=79)
DEBUG flower 2021-04-08 09:42:38,103 | numpy_client.py:172 | fit, FitIns(clock=80)
DEBUG flower 2021-04-08 09:42:38,103 | numpy_client.py:260 | cached_clock: 79, curr_clock: 80
INFO flower 2021-04-08 09:42:40,803 | numpy_client.py:205 | Cache is fresh, return FitRes(clock=80)
DEBUG flower 2021-04-08 09:42:46,765 | numpy_client.py:172 | fit, FitIns(clock=81)
DEBUG flower 2021-04-08 09:42:46,765 | numpy_client.py:260 | cached_clock: 79, curr_clock: 81
INFO flower 2021-04-08 09:42:46,765 | numpy_client.py:184 | Cache is stale, return ReadIns
DEBUG flower 2021-04-08 09:42:51,395 | numpy_client.py:228 | read: ReadRes(clock=80)
DEBUG flower 2021-04-08 09:42:51,402 | numpy_client.py:172 | fit, FitIns(clock=81)
DEBUG flower 2021-04-08 09:42:51,402 | numpy_client.py:260 | cached_clock: 80, curr_clock: 81
INFO flower 2021-04-08 09:42:54,216 | numpy_client.py:205 | Cache is fresh, return FitRes(clock=81)
DEBUG flower 2021-04-08 09:43:00,483 | numpy_client.py:172 | fit, FitIns(clock=82)
DEBUG flower 2021-04-08 09:43:00,484 | numpy_client.py:260 | cached_clock: 80, curr_clock: 82
INFO flower 2021-04-08 09:43:00,484 | numpy_client.py:184 | Cache is stale, return ReadIns
DEBUG flower 2021-04-08 09:43:04,807 | numpy_client.py:228 | read: ReadRes(clock=81)
DEBUG flower 2021-04-08 09:43:04,815 | numpy_client.py:172 | fit, FitIns(clock=82)
DEBUG flower 2021-04-08 09:43:04,815 | numpy_client.py:260 | cached_clock: 81, curr_clock: 82
INFO flower 2021-04-08 09:43:07,702 | numpy_client.py:205 | Cache is fresh, return FitRes(clock=82)
DEBUG flower 2021-04-08 09:43:13,855 | numpy_client.py:172 | fit, FitIns(clock=83)
DEBUG flower 2021-04-08 09:43:13,855 | numpy_client.py:260 | cached_clock: 81, curr_clock: 83
INFO flower 2021-04-08 09:43:13,855 | numpy_client.py:184 | Cache is stale, return ReadIns
DEBUG flower 2021-04-08 09:43:18,353 | numpy_client.py:228 | read: ReadRes(clock=82)
DEBUG flower 2021-04-08 09:43:18,359 | numpy_client.py:172 | fit, FitIns(clock=83)
DEBUG flower 2021-04-08 09:43:18,359 | numpy_client.py:260 | cached_clock: 82, curr_clock: 83
INFO flower 2021-04-08 09:43:21,208 | numpy_client.py:205 | Cache is fresh, return FitRes(clock=83)
DEBUG flower 2021-04-08 09:43:27,481 | numpy_client.py:172 | fit, FitIns(clock=84)
DEBUG flower 2021-04-08 09:43:27,481 | numpy_client.py:260 | cached_clock: 82, curr_clock: 84
INFO flower 2021-04-08 09:43:27,481 | numpy_client.py:184 | Cache is stale, return ReadIns
DEBUG flower 2021-04-08 09:43:31,950 | numpy_client.py:228 | read: ReadRes(clock=83)
DEBUG flower 2021-04-08 09:43:31,958 | numpy_client.py:172 | fit, FitIns(clock=84)
DEBUG flower 2021-04-08 09:43:31,958 | numpy_client.py:260 | cached_clock: 83, curr_clock: 84
INFO flower 2021-04-08 09:43:34,806 | numpy_client.py:205 | Cache is fresh, return FitRes(clock=84)
DEBUG flower 2021-04-08 09:43:40,785 | numpy_client.py:172 | fit, FitIns(clock=85)
DEBUG flower 2021-04-08 09:43:40,785 | numpy_client.py:260 | cached_clock: 83, curr_clock: 85
INFO flower 2021-04-08 09:43:40,786 | numpy_client.py:184 | Cache is stale, return ReadIns
DEBUG flower 2021-04-08 09:43:45,308 | numpy_client.py:228 | read: ReadRes(clock=84)
DEBUG flower 2021-04-08 09:43:45,316 | numpy_client.py:172 | fit, FitIns(clock=85)
DEBUG flower 2021-04-08 09:43:45,316 | numpy_client.py:260 | cached_clock: 84, curr_clock: 85
INFO flower 2021-04-08 09:43:48,094 | numpy_client.py:205 | Cache is fresh, return FitRes(clock=85)
DEBUG flower 2021-04-08 09:43:54,532 | numpy_client.py:172 | fit, FitIns(clock=86)
DEBUG flower 2021-04-08 09:43:54,533 | numpy_client.py:260 | cached_clock: 84, curr_clock: 86
INFO flower 2021-04-08 09:43:54,533 | numpy_client.py:184 | Cache is stale, return ReadIns
DEBUG flower 2021-04-08 09:43:59,147 | numpy_client.py:228 | read: ReadRes(clock=85)
DEBUG flower 2021-04-08 09:43:59,154 | numpy_client.py:172 | fit, FitIns(clock=86)
DEBUG flower 2021-04-08 09:43:59,155 | numpy_client.py:260 | cached_clock: 85, curr_clock: 86
INFO flower 2021-04-08 09:44:01,919 | numpy_client.py:205 | Cache is fresh, return FitRes(clock=86)
DEBUG flower 2021-04-08 09:44:08,170 | numpy_client.py:172 | fit, FitIns(clock=87)
DEBUG flower 2021-04-08 09:44:08,170 | numpy_client.py:260 | cached_clock: 85, curr_clock: 87
INFO flower 2021-04-08 09:44:08,170 | numpy_client.py:184 | Cache is stale, return ReadIns
DEBUG flower 2021-04-08 09:44:12,948 | numpy_client.py:228 | read: ReadRes(clock=86)
DEBUG flower 2021-04-08 09:44:12,955 | numpy_client.py:172 | fit, FitIns(clock=87)
DEBUG flower 2021-04-08 09:44:12,955 | numpy_client.py:260 | cached_clock: 86, curr_clock: 87
INFO flower 2021-04-08 09:44:15,596 | numpy_client.py:205 | Cache is fresh, return FitRes(clock=87)
DEBUG flower 2021-04-08 09:44:21,699 | numpy_client.py:172 | fit, FitIns(clock=88)
DEBUG flower 2021-04-08 09:44:21,699 | numpy_client.py:260 | cached_clock: 86, curr_clock: 88
INFO flower 2021-04-08 09:44:21,699 | numpy_client.py:184 | Cache is stale, return ReadIns
DEBUG flower 2021-04-08 09:44:26,348 | numpy_client.py:228 | read: ReadRes(clock=87)
DEBUG flower 2021-04-08 09:44:26,355 | numpy_client.py:172 | fit, FitIns(clock=88)
DEBUG flower 2021-04-08 09:44:26,355 | numpy_client.py:260 | cached_clock: 87, curr_clock: 88
INFO flower 2021-04-08 09:44:29,206 | numpy_client.py:205 | Cache is fresh, return FitRes(clock=88)
DEBUG flower 2021-04-08 09:44:35,419 | numpy_client.py:172 | fit, FitIns(clock=89)
DEBUG flower 2021-04-08 09:44:35,419 | numpy_client.py:260 | cached_clock: 87, curr_clock: 89
INFO flower 2021-04-08 09:44:35,419 | numpy_client.py:184 | Cache is stale, return ReadIns
DEBUG flower 2021-04-08 09:44:39,849 | numpy_client.py:228 | read: ReadRes(clock=88)
DEBUG flower 2021-04-08 09:44:39,856 | numpy_client.py:172 | fit, FitIns(clock=89)
DEBUG flower 2021-04-08 09:44:39,856 | numpy_client.py:260 | cached_clock: 88, curr_clock: 89
INFO flower 2021-04-08 09:44:42,704 | numpy_client.py:205 | Cache is fresh, return FitRes(clock=89)
DEBUG flower 2021-04-08 09:44:49,013 | numpy_client.py:172 | fit, FitIns(clock=90)
DEBUG flower 2021-04-08 09:44:49,014 | numpy_client.py:260 | cached_clock: 88, curr_clock: 90
INFO flower 2021-04-08 09:44:49,014 | numpy_client.py:184 | Cache is stale, return ReadIns
DEBUG flower 2021-04-08 09:44:53,533 | numpy_client.py:228 | read: ReadRes(clock=89)
DEBUG flower 2021-04-08 09:44:53,540 | numpy_client.py:172 | fit, FitIns(clock=90)
DEBUG flower 2021-04-08 09:44:53,540 | numpy_client.py:260 | cached_clock: 89, curr_clock: 90
INFO flower 2021-04-08 09:44:56,228 | numpy_client.py:205 | Cache is fresh, return FitRes(clock=90)
DEBUG flower 2021-04-08 09:45:03,172 | numpy_client.py:172 | fit, FitIns(clock=91)
DEBUG flower 2021-04-08 09:45:03,173 | numpy_client.py:260 | cached_clock: 89, curr_clock: 91
INFO flower 2021-04-08 09:45:03,173 | numpy_client.py:184 | Cache is stale, return ReadIns
DEBUG flower 2021-04-08 09:45:07,832 | numpy_client.py:228 | read: ReadRes(clock=90)
DEBUG flower 2021-04-08 09:45:07,838 | numpy_client.py:172 | fit, FitIns(clock=91)
DEBUG flower 2021-04-08 09:45:07,838 | numpy_client.py:260 | cached_clock: 90, curr_clock: 91
INFO flower 2021-04-08 09:45:10,513 | numpy_client.py:205 | Cache is fresh, return FitRes(clock=91)
DEBUG flower 2021-04-08 09:45:17,652 | numpy_client.py:172 | fit, FitIns(clock=92)
DEBUG flower 2021-04-08 09:45:17,653 | numpy_client.py:260 | cached_clock: 90, curr_clock: 92
INFO flower 2021-04-08 09:45:17,653 | numpy_client.py:184 | Cache is stale, return ReadIns
DEBUG flower 2021-04-08 09:45:22,223 | numpy_client.py:228 | read: ReadRes(clock=91)
DEBUG flower 2021-04-08 09:45:22,230 | numpy_client.py:172 | fit, FitIns(clock=92)
DEBUG flower 2021-04-08 09:45:22,231 | numpy_client.py:260 | cached_clock: 91, curr_clock: 92
INFO flower 2021-04-08 09:45:25,003 | numpy_client.py:205 | Cache is fresh, return FitRes(clock=92)
DEBUG flower 2021-04-08 09:45:31,258 | numpy_client.py:172 | fit, FitIns(clock=93)
DEBUG flower 2021-04-08 09:45:31,258 | numpy_client.py:260 | cached_clock: 91, curr_clock: 93
INFO flower 2021-04-08 09:45:31,258 | numpy_client.py:184 | Cache is stale, return ReadIns
DEBUG flower 2021-04-08 09:45:36,095 | numpy_client.py:228 | read: ReadRes(clock=92)
DEBUG flower 2021-04-08 09:45:36,102 | numpy_client.py:172 | fit, FitIns(clock=93)
DEBUG flower 2021-04-08 09:45:36,102 | numpy_client.py:260 | cached_clock: 92, curr_clock: 93
INFO flower 2021-04-08 09:45:38,801 | numpy_client.py:205 | Cache is fresh, return FitRes(clock=93)
DEBUG flower 2021-04-08 09:45:45,137 | numpy_client.py:172 | fit, FitIns(clock=94)
DEBUG flower 2021-04-08 09:45:45,138 | numpy_client.py:260 | cached_clock: 92, curr_clock: 94
INFO flower 2021-04-08 09:45:45,138 | numpy_client.py:184 | Cache is stale, return ReadIns
DEBUG flower 2021-04-08 09:45:49,943 | numpy_client.py:228 | read: ReadRes(clock=93)
DEBUG flower 2021-04-08 09:45:49,950 | numpy_client.py:172 | fit, FitIns(clock=94)
DEBUG flower 2021-04-08 09:45:49,950 | numpy_client.py:260 | cached_clock: 93, curr_clock: 94
INFO flower 2021-04-08 09:45:52,712 | numpy_client.py:205 | Cache is fresh, return FitRes(clock=94)
DEBUG flower 2021-04-08 09:45:58,977 | numpy_client.py:172 | fit, FitIns(clock=95)
DEBUG flower 2021-04-08 09:45:58,977 | numpy_client.py:260 | cached_clock: 93, curr_clock: 95
INFO flower 2021-04-08 09:45:58,977 | numpy_client.py:184 | Cache is stale, return ReadIns
DEBUG flower 2021-04-08 09:46:03,466 | numpy_client.py:228 | read: ReadRes(clock=94)
DEBUG flower 2021-04-08 09:46:03,474 | numpy_client.py:172 | fit, FitIns(clock=95)
DEBUG flower 2021-04-08 09:46:03,474 | numpy_client.py:260 | cached_clock: 94, curr_clock: 95
INFO flower 2021-04-08 09:46:06,104 | numpy_client.py:205 | Cache is fresh, return FitRes(clock=95)
DEBUG flower 2021-04-08 09:46:12,535 | numpy_client.py:172 | fit, FitIns(clock=96)
DEBUG flower 2021-04-08 09:46:12,535 | numpy_client.py:260 | cached_clock: 94, curr_clock: 96
INFO flower 2021-04-08 09:46:12,535 | numpy_client.py:184 | Cache is stale, return ReadIns
DEBUG flower 2021-04-08 09:46:17,044 | numpy_client.py:228 | read: ReadRes(clock=95)
DEBUG flower 2021-04-08 09:46:17,051 | numpy_client.py:172 | fit, FitIns(clock=96)
DEBUG flower 2021-04-08 09:46:17,051 | numpy_client.py:260 | cached_clock: 95, curr_clock: 96
INFO flower 2021-04-08 09:46:19,913 | numpy_client.py:205 | Cache is fresh, return FitRes(clock=96)
DEBUG flower 2021-04-08 09:46:26,045 | numpy_client.py:172 | fit, FitIns(clock=97)
DEBUG flower 2021-04-08 09:46:26,046 | numpy_client.py:260 | cached_clock: 95, curr_clock: 97
INFO flower 2021-04-08 09:46:26,046 | numpy_client.py:184 | Cache is stale, return ReadIns
DEBUG flower 2021-04-08 09:46:30,795 | numpy_client.py:228 | read: ReadRes(clock=96)
DEBUG flower 2021-04-08 09:46:30,802 | numpy_client.py:172 | fit, FitIns(clock=97)
DEBUG flower 2021-04-08 09:46:30,802 | numpy_client.py:260 | cached_clock: 96, curr_clock: 97
INFO flower 2021-04-08 09:46:33,610 | numpy_client.py:205 | Cache is fresh, return FitRes(clock=97)
DEBUG flower 2021-04-08 09:46:39,981 | numpy_client.py:172 | fit, FitIns(clock=98)
DEBUG flower 2021-04-08 09:46:39,981 | numpy_client.py:260 | cached_clock: 96, curr_clock: 98
INFO flower 2021-04-08 09:46:39,981 | numpy_client.py:184 | Cache is stale, return ReadIns
DEBUG flower 2021-04-08 09:46:44,516 | numpy_client.py:228 | read: ReadRes(clock=97)
DEBUG flower 2021-04-08 09:46:44,523 | numpy_client.py:172 | fit, FitIns(clock=98)
DEBUG flower 2021-04-08 09:46:44,523 | numpy_client.py:260 | cached_clock: 97, curr_clock: 98
INFO flower 2021-04-08 09:46:47,228 | numpy_client.py:205 | Cache is fresh, return FitRes(clock=98)
DEBUG flower 2021-04-08 09:46:53,784 | numpy_client.py:172 | fit, FitIns(clock=99)
DEBUG flower 2021-04-08 09:46:53,784 | numpy_client.py:260 | cached_clock: 97, curr_clock: 99
INFO flower 2021-04-08 09:46:53,784 | numpy_client.py:184 | Cache is stale, return ReadIns
DEBUG flower 2021-04-08 09:46:58,334 | numpy_client.py:228 | read: ReadRes(clock=98)
DEBUG flower 2021-04-08 09:46:58,341 | numpy_client.py:172 | fit, FitIns(clock=99)
DEBUG flower 2021-04-08 09:46:58,341 | numpy_client.py:260 | cached_clock: 98, curr_clock: 99
INFO flower 2021-04-08 09:47:01,028 | numpy_client.py:205 | Cache is fresh, return FitRes(clock=99)
DEBUG flower 2021-04-08 09:47:01,028 | numpy_client.py:217 | The client finishes computing after 1353 seconds
INFO flower 2021-04-08 09:47:33,805 | numpy_client.py:250 | [32;1m Loss: 80.381, Accuracy: 0.820%[0m
DEBUG flower 2021-04-08 09:47:33,920 | connection.py:68 | Insecure gRPC channel closed
INFO flower 2021-04-08 09:47:33,920 | app.py:74 | Disconnect and shut down
Namespace(idx=29, max_delay=0, min_delay=0, num_clients=31, server_ip='10.244.29.27:8080', staleness_bound=1)
I'm client 29
Start SSP client without delay
Files already downloaded and verified
Files already downloaded and verified
[32;1mClient 29: 1668 train samples, 488 test samples[0m
loss=119.74026346206665, acc=0.1509433962264151
loss=121.54156804084778, acc=0.14386792452830188
loss=123.99718523025513, acc=0.14386792452830188
loss=129.79508018493652, acc=0.15507075471698112
loss=137.87563467025757, acc=0.18160377358490565
loss=134.235769033432, acc=0.18691037735849056
loss=139.95029711723328, acc=0.1957547169811321
loss=140.2621591091156, acc=0.17511792452830188
loss=136.03728413581848, acc=0.18808962264150944
loss=140.60181379318237, acc=0.17629716981132076
loss=144.99584341049194, acc=0.19221698113207547
loss=138.25829029083252, acc=0.17688679245283018
loss=141.78037095069885, acc=0.15919811320754718
loss=139.61930537223816, acc=0.19044811320754718
loss=146.55139017105103, acc=0.17806603773584906
loss=141.2944655418396, acc=0.11379716981132075
loss=137.8977711200714, acc=0.1580188679245283
loss=145.98427772521973, acc=0.1645047169811321
loss=151.336590051651, acc=0.15389150943396226
loss=140.2921462059021, acc=0.10495283018867925
loss=146.52341103553772, acc=0.09964622641509434
loss=147.6276078224182, acc=0.10790094339622641
loss=150.15020966529846, acc=0.10023584905660378
loss=133.69705820083618, acc=0.1645047169811321
loss=140.70271253585815, acc=0.1821933962264151
loss=144.07360410690308, acc=0.18514150943396226
loss=140.1595857143402, acc=0.11615566037735849
loss=135.9679148197174, acc=0.18101415094339623
loss=141.72952103614807, acc=0.11084905660377359
loss=137.79022526741028, acc=0.19162735849056603
loss=141.296865940094, acc=0.11910377358490566
loss=139.30272567272186, acc=0.19103773584905662
loss=140.60361862182617, acc=0.12912735849056603
loss=148.46553444862366, acc=0.11025943396226415
loss=139.2646198272705, acc=0.1957547169811321
loss=143.35089945793152, acc=0.21875
loss=143.94940662384033, acc=0.21462264150943397
loss=143.51531648635864, acc=0.2104952830188679
loss=144.0867781639099, acc=0.20931603773584906
loss=143.21229696273804, acc=0.2028301886792453
loss=144.77887201309204, acc=0.2045990566037736
loss=141.95457935333252, acc=0.20813679245283018
loss=141.3941457271576, acc=0.21226415094339623
loss=133.62407672405243, acc=0.17688679245283018
loss=134.9723414182663, acc=0.22228773584905662
loss=135.94136762619019, acc=0.2411556603773585
loss=136.0107226371765, acc=0.17099056603773585
loss=133.5666847229004, acc=0.2270047169811321
loss=137.19816267490387, acc=0.19162735849056603
loss=132.51962387561798, acc=0.23879716981132076
loss=134.6167367696762, acc=0.2417452830188679
loss=135.7376605272293, acc=0.19103773584905662
loss=139.09372067451477, acc=0.19870283018867924
loss=142.4192212820053, acc=0.19693396226415094
loss=144.79877424240112, acc=0.18808962264150944
loss=143.1312049627304, acc=0.19221698113207547
loss=144.45287787914276, acc=0.1963443396226415
loss=126.01622354984283, acc=0.24233490566037735
loss=135.47272145748138, acc=0.21285377358490565
loss=140.85280632972717, acc=0.21285377358490565
loss=125.72227728366852, acc=0.24646226415094338
loss=127.74829018115997, acc=0.2505896226415094
loss=131.03230035305023, acc=0.21875
loss=136.35191988945007, acc=0.2240566037735849
loss=125.30661249160767, acc=0.24587264150943397
loss=133.70658922195435, acc=0.2169811320754717
loss=129.5867943763733, acc=0.24587264150943397
loss=128.59772908687592, acc=0.24705188679245282
loss=132.29304552078247, acc=0.22464622641509435
loss=135.6028014421463, acc=0.22877358490566038
loss=125.35976099967957, acc=0.263561320754717
loss=128.34438753128052, acc=0.25766509433962265
loss=129.1901251077652, acc=0.25412735849056606
loss=131.32344210147858, acc=0.2329009433962264
loss=136.54765570163727, acc=0.22995283018867924
loss=134.5357346534729, acc=0.24705188679245282
loss=133.06822907924652, acc=0.25
loss=124.50524127483368, acc=0.2665094339622642
loss=124.22168612480164, acc=0.27299528301886794
loss=125.38283979892731, acc=0.26297169811320753
loss=125.16925382614136, acc=0.27004716981132076
loss=133.60322272777557, acc=0.25707547169811323
loss=136.65768837928772, acc=0.267688679245283
loss=126.23968636989594, acc=0.2706367924528302
loss=133.954887509346, acc=0.2606132075471698
loss=137.36714375019073, acc=0.27535377358490565
loss=137.30915796756744, acc=0.26297169811320753
loss=124.29229402542114, acc=0.28125
loss=120.73071360588074, acc=0.30424528301886794
loss=132.8455857038498, acc=0.26827830188679247
loss=134.94080197811127, acc=0.2641509433962264
loss=134.5690153837204, acc=0.27299528301886794
loss=123.71007978916168, acc=0.2824292452830189
loss=133.41733527183533, acc=0.27476415094339623
loss=125.96171176433563, acc=0.27712264150943394
loss=134.21891796588898, acc=0.2865566037735849
loss=136.92235100269318, acc=0.2818396226415094
loss=139.01031577587128, acc=0.26120283018867924
loss=135.16449463367462, acc=0.28537735849056606
loss=139.74400854110718, acc=0.2706367924528302
Files already downloaded and verified
Files already downloaded and verified
Testing on full test set: 313, 1092.4322669506073, 0.2622
Testing on partial test set: 16, 80.38052034378052, 0.00819672131147541
