DEBUG flower 2021-04-08 11:46:17,428 | connection.py:36 | ChannelConnectivity.IDLE
DEBUG flower 2021-04-08 11:46:17,430 | connection.py:36 | ChannelConnectivity.READY
INFO flower 2021-04-08 11:46:17,430 | app.py:63 | Opened (insecure) gRPC connection
DEBUG flower 2021-04-08 11:46:26,132 | numpy_client.py:172 | fit, FitIns(clock=0)
INFO flower 2021-04-08 11:46:26,132 | numpy_client.py:184 | Cache is stale, return ReadIns
DEBUG flower 2021-04-08 11:46:26,266 | numpy_client.py:228 | read: ReadRes(clock=-1)
DEBUG flower 2021-04-08 11:46:26,284 | numpy_client.py:172 | fit, FitIns(clock=0)
DEBUG flower 2021-04-08 11:46:26,284 | numpy_client.py:260 | cached_clock: -1, curr_clock: 0
DEBUG flower 2021-04-08 11:46:29,616 | model_wrapper.py:21 | Load existing initial model
INFO flower 2021-04-08 11:46:29,619 | numpy_client.py:205 | Cache is fresh, return FitRes(clock=0)
DEBUG flower 2021-04-08 11:46:29,641 | numpy_client.py:172 | fit, FitIns(clock=1)
DEBUG flower 2021-04-08 11:46:29,641 | numpy_client.py:260 | cached_clock: -1, curr_clock: 1
INFO flower 2021-04-08 11:46:33,111 | numpy_client.py:205 | Cache is fresh, return FitRes(clock=1)
DEBUG flower 2021-04-08 11:46:40,318 | numpy_client.py:172 | fit, FitIns(clock=2)
DEBUG flower 2021-04-08 11:46:40,318 | numpy_client.py:260 | cached_clock: -1, curr_clock: 2
INFO flower 2021-04-08 11:46:40,318 | numpy_client.py:184 | Cache is stale, return ReadIns
DEBUG flower 2021-04-08 11:46:40,404 | numpy_client.py:228 | read: ReadRes(clock=0)
DEBUG flower 2021-04-08 11:46:40,411 | numpy_client.py:172 | fit, FitIns(clock=2)
DEBUG flower 2021-04-08 11:46:40,411 | numpy_client.py:260 | cached_clock: 0, curr_clock: 2
INFO flower 2021-04-08 11:46:43,636 | numpy_client.py:205 | Cache is fresh, return FitRes(clock=2)
DEBUG flower 2021-04-08 11:46:43,660 | numpy_client.py:172 | fit, FitIns(clock=3)
DEBUG flower 2021-04-08 11:46:43,660 | numpy_client.py:260 | cached_clock: 0, curr_clock: 3
INFO flower 2021-04-08 11:46:43,660 | numpy_client.py:184 | Cache is stale, return ReadIns
DEBUG flower 2021-04-08 11:46:45,109 | numpy_client.py:228 | read: ReadRes(clock=1)
DEBUG flower 2021-04-08 11:46:45,117 | numpy_client.py:172 | fit, FitIns(clock=3)
DEBUG flower 2021-04-08 11:46:45,117 | numpy_client.py:260 | cached_clock: 1, curr_clock: 3
INFO flower 2021-04-08 11:46:48,639 | numpy_client.py:205 | Cache is fresh, return FitRes(clock=3)
DEBUG flower 2021-04-08 11:46:55,170 | numpy_client.py:172 | fit, FitIns(clock=4)
DEBUG flower 2021-04-08 11:46:55,171 | numpy_client.py:260 | cached_clock: 1, curr_clock: 4
INFO flower 2021-04-08 11:46:55,171 | numpy_client.py:184 | Cache is stale, return ReadIns
DEBUG flower 2021-04-08 11:47:00,038 | numpy_client.py:228 | read: ReadRes(clock=2)
DEBUG flower 2021-04-08 11:47:00,046 | numpy_client.py:172 | fit, FitIns(clock=4)
DEBUG flower 2021-04-08 11:47:00,046 | numpy_client.py:260 | cached_clock: 2, curr_clock: 4
INFO flower 2021-04-08 11:47:03,416 | numpy_client.py:205 | Cache is fresh, return FitRes(clock=4)
DEBUG flower 2021-04-08 11:47:10,480 | numpy_client.py:172 | fit, FitIns(clock=5)
DEBUG flower 2021-04-08 11:47:10,480 | numpy_client.py:260 | cached_clock: 2, curr_clock: 5
INFO flower 2021-04-08 11:47:10,480 | numpy_client.py:184 | Cache is stale, return ReadIns
DEBUG flower 2021-04-08 11:47:15,099 | numpy_client.py:228 | read: ReadRes(clock=3)
DEBUG flower 2021-04-08 11:47:15,107 | numpy_client.py:172 | fit, FitIns(clock=5)
DEBUG flower 2021-04-08 11:47:15,107 | numpy_client.py:260 | cached_clock: 3, curr_clock: 5
INFO flower 2021-04-08 11:47:18,521 | numpy_client.py:205 | Cache is fresh, return FitRes(clock=5)
DEBUG flower 2021-04-08 11:47:24,233 | numpy_client.py:172 | fit, FitIns(clock=6)
DEBUG flower 2021-04-08 11:47:24,233 | numpy_client.py:260 | cached_clock: 3, curr_clock: 6
INFO flower 2021-04-08 11:47:24,234 | numpy_client.py:184 | Cache is stale, return ReadIns
DEBUG flower 2021-04-08 11:47:28,819 | numpy_client.py:228 | read: ReadRes(clock=4)
DEBUG flower 2021-04-08 11:47:28,827 | numpy_client.py:172 | fit, FitIns(clock=6)
DEBUG flower 2021-04-08 11:47:28,827 | numpy_client.py:260 | cached_clock: 4, curr_clock: 6
INFO flower 2021-04-08 11:47:32,323 | numpy_client.py:205 | Cache is fresh, return FitRes(clock=6)
DEBUG flower 2021-04-08 11:47:38,192 | numpy_client.py:172 | fit, FitIns(clock=7)
DEBUG flower 2021-04-08 11:47:38,193 | numpy_client.py:260 | cached_clock: 4, curr_clock: 7
INFO flower 2021-04-08 11:47:38,193 | numpy_client.py:184 | Cache is stale, return ReadIns
DEBUG flower 2021-04-08 11:47:42,915 | numpy_client.py:228 | read: ReadRes(clock=5)
DEBUG flower 2021-04-08 11:47:42,923 | numpy_client.py:172 | fit, FitIns(clock=7)
DEBUG flower 2021-04-08 11:47:42,923 | numpy_client.py:260 | cached_clock: 5, curr_clock: 7
INFO flower 2021-04-08 11:47:46,221 | numpy_client.py:205 | Cache is fresh, return FitRes(clock=7)
DEBUG flower 2021-04-08 11:47:51,788 | numpy_client.py:172 | fit, FitIns(clock=8)
DEBUG flower 2021-04-08 11:47:51,788 | numpy_client.py:260 | cached_clock: 5, curr_clock: 8
INFO flower 2021-04-08 11:47:51,789 | numpy_client.py:184 | Cache is stale, return ReadIns
DEBUG flower 2021-04-08 11:47:56,092 | numpy_client.py:228 | read: ReadRes(clock=6)
DEBUG flower 2021-04-08 11:47:56,100 | numpy_client.py:172 | fit, FitIns(clock=8)
DEBUG flower 2021-04-08 11:47:56,100 | numpy_client.py:260 | cached_clock: 6, curr_clock: 8
INFO flower 2021-04-08 11:47:59,424 | numpy_client.py:205 | Cache is fresh, return FitRes(clock=8)
DEBUG flower 2021-04-08 11:48:05,099 | numpy_client.py:172 | fit, FitIns(clock=9)
DEBUG flower 2021-04-08 11:48:05,099 | numpy_client.py:260 | cached_clock: 6, curr_clock: 9
INFO flower 2021-04-08 11:48:05,100 | numpy_client.py:184 | Cache is stale, return ReadIns
DEBUG flower 2021-04-08 11:48:09,885 | numpy_client.py:228 | read: ReadRes(clock=7)
DEBUG flower 2021-04-08 11:48:09,893 | numpy_client.py:172 | fit, FitIns(clock=9)
DEBUG flower 2021-04-08 11:48:09,893 | numpy_client.py:260 | cached_clock: 7, curr_clock: 9
INFO flower 2021-04-08 11:48:13,240 | numpy_client.py:205 | Cache is fresh, return FitRes(clock=9)
DEBUG flower 2021-04-08 11:48:19,238 | numpy_client.py:172 | fit, FitIns(clock=10)
DEBUG flower 2021-04-08 11:48:19,239 | numpy_client.py:260 | cached_clock: 7, curr_clock: 10
INFO flower 2021-04-08 11:48:19,239 | numpy_client.py:184 | Cache is stale, return ReadIns
DEBUG flower 2021-04-08 11:48:23,549 | numpy_client.py:228 | read: ReadRes(clock=8)
DEBUG flower 2021-04-08 11:48:23,557 | numpy_client.py:172 | fit, FitIns(clock=10)
DEBUG flower 2021-04-08 11:48:23,557 | numpy_client.py:260 | cached_clock: 8, curr_clock: 10
INFO flower 2021-04-08 11:48:26,851 | numpy_client.py:205 | Cache is fresh, return FitRes(clock=10)
DEBUG flower 2021-04-08 11:48:32,741 | numpy_client.py:172 | fit, FitIns(clock=11)
DEBUG flower 2021-04-08 11:48:32,741 | numpy_client.py:260 | cached_clock: 8, curr_clock: 11
INFO flower 2021-04-08 11:48:32,742 | numpy_client.py:184 | Cache is stale, return ReadIns
DEBUG flower 2021-04-08 11:48:37,295 | numpy_client.py:228 | read: ReadRes(clock=9)
DEBUG flower 2021-04-08 11:48:37,302 | numpy_client.py:172 | fit, FitIns(clock=11)
DEBUG flower 2021-04-08 11:48:37,302 | numpy_client.py:260 | cached_clock: 9, curr_clock: 11
INFO flower 2021-04-08 11:48:40,534 | numpy_client.py:205 | Cache is fresh, return FitRes(clock=11)
DEBUG flower 2021-04-08 11:48:46,484 | numpy_client.py:172 | fit, FitIns(clock=12)
DEBUG flower 2021-04-08 11:48:46,484 | numpy_client.py:260 | cached_clock: 9, curr_clock: 12
INFO flower 2021-04-08 11:48:46,485 | numpy_client.py:184 | Cache is stale, return ReadIns
DEBUG flower 2021-04-08 11:48:50,802 | numpy_client.py:228 | read: ReadRes(clock=10)
DEBUG flower 2021-04-08 11:48:50,812 | numpy_client.py:172 | fit, FitIns(clock=12)
DEBUG flower 2021-04-08 11:48:50,812 | numpy_client.py:260 | cached_clock: 10, curr_clock: 12
INFO flower 2021-04-08 11:48:54,221 | numpy_client.py:205 | Cache is fresh, return FitRes(clock=12)
DEBUG flower 2021-04-08 11:48:59,890 | numpy_client.py:172 | fit, FitIns(clock=13)
DEBUG flower 2021-04-08 11:48:59,891 | numpy_client.py:260 | cached_clock: 10, curr_clock: 13
INFO flower 2021-04-08 11:48:59,891 | numpy_client.py:184 | Cache is stale, return ReadIns
DEBUG flower 2021-04-08 11:49:04,403 | numpy_client.py:228 | read: ReadRes(clock=11)
DEBUG flower 2021-04-08 11:49:04,411 | numpy_client.py:172 | fit, FitIns(clock=13)
DEBUG flower 2021-04-08 11:49:04,411 | numpy_client.py:260 | cached_clock: 11, curr_clock: 13
INFO flower 2021-04-08 11:49:07,817 | numpy_client.py:205 | Cache is fresh, return FitRes(clock=13)
DEBUG flower 2021-04-08 11:49:13,144 | numpy_client.py:172 | fit, FitIns(clock=14)
DEBUG flower 2021-04-08 11:49:13,144 | numpy_client.py:260 | cached_clock: 11, curr_clock: 14
INFO flower 2021-04-08 11:49:13,144 | numpy_client.py:184 | Cache is stale, return ReadIns
DEBUG flower 2021-04-08 11:49:17,612 | numpy_client.py:228 | read: ReadRes(clock=12)
DEBUG flower 2021-04-08 11:49:17,620 | numpy_client.py:172 | fit, FitIns(clock=14)
DEBUG flower 2021-04-08 11:49:17,620 | numpy_client.py:260 | cached_clock: 12, curr_clock: 14
INFO flower 2021-04-08 11:49:21,011 | numpy_client.py:205 | Cache is fresh, return FitRes(clock=14)
DEBUG flower 2021-04-08 11:49:26,999 | numpy_client.py:172 | fit, FitIns(clock=15)
DEBUG flower 2021-04-08 11:49:26,999 | numpy_client.py:260 | cached_clock: 12, curr_clock: 15
INFO flower 2021-04-08 11:49:26,999 | numpy_client.py:184 | Cache is stale, return ReadIns
DEBUG flower 2021-04-08 11:49:31,425 | numpy_client.py:228 | read: ReadRes(clock=13)
DEBUG flower 2021-04-08 11:49:31,433 | numpy_client.py:172 | fit, FitIns(clock=15)
DEBUG flower 2021-04-08 11:49:31,433 | numpy_client.py:260 | cached_clock: 13, curr_clock: 15
INFO flower 2021-04-08 11:49:34,843 | numpy_client.py:205 | Cache is fresh, return FitRes(clock=15)
DEBUG flower 2021-04-08 11:49:40,548 | numpy_client.py:172 | fit, FitIns(clock=16)
DEBUG flower 2021-04-08 11:49:40,548 | numpy_client.py:260 | cached_clock: 13, curr_clock: 16
INFO flower 2021-04-08 11:49:40,548 | numpy_client.py:184 | Cache is stale, return ReadIns
DEBUG flower 2021-04-08 11:49:44,900 | numpy_client.py:228 | read: ReadRes(clock=14)
DEBUG flower 2021-04-08 11:49:44,908 | numpy_client.py:172 | fit, FitIns(clock=16)
DEBUG flower 2021-04-08 11:49:44,908 | numpy_client.py:260 | cached_clock: 14, curr_clock: 16
INFO flower 2021-04-08 11:49:48,312 | numpy_client.py:205 | Cache is fresh, return FitRes(clock=16)
DEBUG flower 2021-04-08 11:49:54,429 | numpy_client.py:172 | fit, FitIns(clock=17)
DEBUG flower 2021-04-08 11:49:54,430 | numpy_client.py:260 | cached_clock: 14, curr_clock: 17
INFO flower 2021-04-08 11:49:54,430 | numpy_client.py:184 | Cache is stale, return ReadIns
DEBUG flower 2021-04-08 11:49:58,604 | numpy_client.py:228 | read: ReadRes(clock=15)
DEBUG flower 2021-04-08 11:49:58,611 | numpy_client.py:172 | fit, FitIns(clock=17)
DEBUG flower 2021-04-08 11:49:58,611 | numpy_client.py:260 | cached_clock: 15, curr_clock: 17
INFO flower 2021-04-08 11:50:02,023 | numpy_client.py:205 | Cache is fresh, return FitRes(clock=17)
DEBUG flower 2021-04-08 11:50:08,027 | numpy_client.py:172 | fit, FitIns(clock=18)
DEBUG flower 2021-04-08 11:50:08,027 | numpy_client.py:260 | cached_clock: 15, curr_clock: 18
INFO flower 2021-04-08 11:50:08,028 | numpy_client.py:184 | Cache is stale, return ReadIns
DEBUG flower 2021-04-08 11:50:12,242 | numpy_client.py:228 | read: ReadRes(clock=16)
DEBUG flower 2021-04-08 11:50:12,250 | numpy_client.py:172 | fit, FitIns(clock=18)
DEBUG flower 2021-04-08 11:50:12,250 | numpy_client.py:260 | cached_clock: 16, curr_clock: 18
INFO flower 2021-04-08 11:50:15,628 | numpy_client.py:205 | Cache is fresh, return FitRes(clock=18)
DEBUG flower 2021-04-08 11:50:21,620 | numpy_client.py:172 | fit, FitIns(clock=19)
DEBUG flower 2021-04-08 11:50:21,620 | numpy_client.py:260 | cached_clock: 16, curr_clock: 19
INFO flower 2021-04-08 11:50:21,620 | numpy_client.py:184 | Cache is stale, return ReadIns
DEBUG flower 2021-04-08 11:50:26,206 | numpy_client.py:228 | read: ReadRes(clock=17)
DEBUG flower 2021-04-08 11:50:26,214 | numpy_client.py:172 | fit, FitIns(clock=19)
DEBUG flower 2021-04-08 11:50:26,214 | numpy_client.py:260 | cached_clock: 17, curr_clock: 19
INFO flower 2021-04-08 11:50:29,708 | numpy_client.py:205 | Cache is fresh, return FitRes(clock=19)
DEBUG flower 2021-04-08 11:50:35,372 | numpy_client.py:172 | fit, FitIns(clock=20)
DEBUG flower 2021-04-08 11:50:35,372 | numpy_client.py:260 | cached_clock: 17, curr_clock: 20
INFO flower 2021-04-08 11:50:35,373 | numpy_client.py:184 | Cache is stale, return ReadIns
DEBUG flower 2021-04-08 11:50:39,586 | numpy_client.py:228 | read: ReadRes(clock=18)
DEBUG flower 2021-04-08 11:50:39,594 | numpy_client.py:172 | fit, FitIns(clock=20)
DEBUG flower 2021-04-08 11:50:39,594 | numpy_client.py:260 | cached_clock: 18, curr_clock: 20
INFO flower 2021-04-08 11:50:43,044 | numpy_client.py:205 | Cache is fresh, return FitRes(clock=20)
DEBUG flower 2021-04-08 11:50:48,710 | numpy_client.py:172 | fit, FitIns(clock=21)
DEBUG flower 2021-04-08 11:50:48,710 | numpy_client.py:260 | cached_clock: 18, curr_clock: 21
INFO flower 2021-04-08 11:50:48,710 | numpy_client.py:184 | Cache is stale, return ReadIns
DEBUG flower 2021-04-08 11:50:52,948 | numpy_client.py:228 | read: ReadRes(clock=19)
DEBUG flower 2021-04-08 11:50:52,956 | numpy_client.py:172 | fit, FitIns(clock=21)
DEBUG flower 2021-04-08 11:50:52,956 | numpy_client.py:260 | cached_clock: 19, curr_clock: 21
INFO flower 2021-04-08 11:50:56,347 | numpy_client.py:205 | Cache is fresh, return FitRes(clock=21)
DEBUG flower 2021-04-08 11:51:02,149 | numpy_client.py:172 | fit, FitIns(clock=22)
DEBUG flower 2021-04-08 11:51:02,149 | numpy_client.py:260 | cached_clock: 19, curr_clock: 22
INFO flower 2021-04-08 11:51:02,149 | numpy_client.py:184 | Cache is stale, return ReadIns
DEBUG flower 2021-04-08 11:51:06,686 | numpy_client.py:228 | read: ReadRes(clock=20)
DEBUG flower 2021-04-08 11:51:06,694 | numpy_client.py:172 | fit, FitIns(clock=22)
DEBUG flower 2021-04-08 11:51:06,694 | numpy_client.py:260 | cached_clock: 20, curr_clock: 22
INFO flower 2021-04-08 11:51:10,021 | numpy_client.py:205 | Cache is fresh, return FitRes(clock=22)
DEBUG flower 2021-04-08 11:51:15,720 | numpy_client.py:172 | fit, FitIns(clock=23)
DEBUG flower 2021-04-08 11:51:15,721 | numpy_client.py:260 | cached_clock: 20, curr_clock: 23
INFO flower 2021-04-08 11:51:15,721 | numpy_client.py:184 | Cache is stale, return ReadIns
DEBUG flower 2021-04-08 11:51:20,122 | numpy_client.py:228 | read: ReadRes(clock=21)
DEBUG flower 2021-04-08 11:51:20,129 | numpy_client.py:172 | fit, FitIns(clock=23)
DEBUG flower 2021-04-08 11:51:20,129 | numpy_client.py:260 | cached_clock: 21, curr_clock: 23
INFO flower 2021-04-08 11:51:23,520 | numpy_client.py:205 | Cache is fresh, return FitRes(clock=23)
DEBUG flower 2021-04-08 11:51:29,418 | numpy_client.py:172 | fit, FitIns(clock=24)
DEBUG flower 2021-04-08 11:51:29,418 | numpy_client.py:260 | cached_clock: 21, curr_clock: 24
INFO flower 2021-04-08 11:51:29,418 | numpy_client.py:184 | Cache is stale, return ReadIns
DEBUG flower 2021-04-08 11:51:33,692 | numpy_client.py:228 | read: ReadRes(clock=22)
DEBUG flower 2021-04-08 11:51:33,700 | numpy_client.py:172 | fit, FitIns(clock=24)
DEBUG flower 2021-04-08 11:51:33,700 | numpy_client.py:260 | cached_clock: 22, curr_clock: 24
INFO flower 2021-04-08 11:51:37,026 | numpy_client.py:205 | Cache is fresh, return FitRes(clock=24)
DEBUG flower 2021-04-08 11:51:42,971 | numpy_client.py:172 | fit, FitIns(clock=25)
DEBUG flower 2021-04-08 11:51:42,972 | numpy_client.py:260 | cached_clock: 22, curr_clock: 25
INFO flower 2021-04-08 11:51:42,972 | numpy_client.py:184 | Cache is stale, return ReadIns
DEBUG flower 2021-04-08 11:51:47,385 | numpy_client.py:228 | read: ReadRes(clock=23)
DEBUG flower 2021-04-08 11:51:47,392 | numpy_client.py:172 | fit, FitIns(clock=25)
DEBUG flower 2021-04-08 11:51:47,392 | numpy_client.py:260 | cached_clock: 23, curr_clock: 25
INFO flower 2021-04-08 11:51:50,833 | numpy_client.py:205 | Cache is fresh, return FitRes(clock=25)
DEBUG flower 2021-04-08 11:51:56,492 | numpy_client.py:172 | fit, FitIns(clock=26)
DEBUG flower 2021-04-08 11:51:56,492 | numpy_client.py:260 | cached_clock: 23, curr_clock: 26
INFO flower 2021-04-08 11:51:56,492 | numpy_client.py:184 | Cache is stale, return ReadIns
DEBUG flower 2021-04-08 11:52:00,805 | numpy_client.py:228 | read: ReadRes(clock=24)
DEBUG flower 2021-04-08 11:52:00,812 | numpy_client.py:172 | fit, FitIns(clock=26)
DEBUG flower 2021-04-08 11:52:00,812 | numpy_client.py:260 | cached_clock: 24, curr_clock: 26
INFO flower 2021-04-08 11:52:04,304 | numpy_client.py:205 | Cache is fresh, return FitRes(clock=26)
DEBUG flower 2021-04-08 11:52:10,024 | numpy_client.py:172 | fit, FitIns(clock=27)
DEBUG flower 2021-04-08 11:52:10,025 | numpy_client.py:260 | cached_clock: 24, curr_clock: 27
INFO flower 2021-04-08 11:52:10,025 | numpy_client.py:184 | Cache is stale, return ReadIns
DEBUG flower 2021-04-08 11:52:14,576 | numpy_client.py:228 | read: ReadRes(clock=25)
DEBUG flower 2021-04-08 11:52:14,584 | numpy_client.py:172 | fit, FitIns(clock=27)
DEBUG flower 2021-04-08 11:52:14,584 | numpy_client.py:260 | cached_clock: 25, curr_clock: 27
INFO flower 2021-04-08 11:52:17,842 | numpy_client.py:205 | Cache is fresh, return FitRes(clock=27)
DEBUG flower 2021-04-08 11:52:23,510 | numpy_client.py:172 | fit, FitIns(clock=28)
DEBUG flower 2021-04-08 11:52:23,510 | numpy_client.py:260 | cached_clock: 25, curr_clock: 28
INFO flower 2021-04-08 11:52:23,510 | numpy_client.py:184 | Cache is stale, return ReadIns
DEBUG flower 2021-04-08 11:52:28,019 | numpy_client.py:228 | read: ReadRes(clock=26)
DEBUG flower 2021-04-08 11:52:28,026 | numpy_client.py:172 | fit, FitIns(clock=28)
DEBUG flower 2021-04-08 11:52:28,026 | numpy_client.py:260 | cached_clock: 26, curr_clock: 28
INFO flower 2021-04-08 11:52:31,412 | numpy_client.py:205 | Cache is fresh, return FitRes(clock=28)
DEBUG flower 2021-04-08 11:52:36,903 | numpy_client.py:172 | fit, FitIns(clock=29)
DEBUG flower 2021-04-08 11:52:36,903 | numpy_client.py:260 | cached_clock: 26, curr_clock: 29
INFO flower 2021-04-08 11:52:36,904 | numpy_client.py:184 | Cache is stale, return ReadIns
DEBUG flower 2021-04-08 11:52:41,617 | numpy_client.py:228 | read: ReadRes(clock=27)
DEBUG flower 2021-04-08 11:52:41,624 | numpy_client.py:172 | fit, FitIns(clock=29)
DEBUG flower 2021-04-08 11:52:41,625 | numpy_client.py:260 | cached_clock: 27, curr_clock: 29
INFO flower 2021-04-08 11:52:45,108 | numpy_client.py:205 | Cache is fresh, return FitRes(clock=29)
DEBUG flower 2021-04-08 11:52:50,875 | numpy_client.py:172 | fit, FitIns(clock=30)
DEBUG flower 2021-04-08 11:52:50,876 | numpy_client.py:260 | cached_clock: 27, curr_clock: 30
INFO flower 2021-04-08 11:52:50,876 | numpy_client.py:184 | Cache is stale, return ReadIns
DEBUG flower 2021-04-08 11:52:55,313 | numpy_client.py:228 | read: ReadRes(clock=28)
DEBUG flower 2021-04-08 11:52:55,321 | numpy_client.py:172 | fit, FitIns(clock=30)
DEBUG flower 2021-04-08 11:52:55,321 | numpy_client.py:260 | cached_clock: 28, curr_clock: 30
INFO flower 2021-04-08 11:52:58,724 | numpy_client.py:205 | Cache is fresh, return FitRes(clock=30)
DEBUG flower 2021-04-08 11:53:04,606 | numpy_client.py:172 | fit, FitIns(clock=31)
DEBUG flower 2021-04-08 11:53:04,606 | numpy_client.py:260 | cached_clock: 28, curr_clock: 31
INFO flower 2021-04-08 11:53:04,606 | numpy_client.py:184 | Cache is stale, return ReadIns
DEBUG flower 2021-04-08 11:53:09,005 | numpy_client.py:228 | read: ReadRes(clock=29)
DEBUG flower 2021-04-08 11:53:09,012 | numpy_client.py:172 | fit, FitIns(clock=31)
DEBUG flower 2021-04-08 11:53:09,012 | numpy_client.py:260 | cached_clock: 29, curr_clock: 31
INFO flower 2021-04-08 11:53:12,428 | numpy_client.py:205 | Cache is fresh, return FitRes(clock=31)
DEBUG flower 2021-04-08 11:53:18,122 | numpy_client.py:172 | fit, FitIns(clock=32)
DEBUG flower 2021-04-08 11:53:18,122 | numpy_client.py:260 | cached_clock: 29, curr_clock: 32
INFO flower 2021-04-08 11:53:18,123 | numpy_client.py:184 | Cache is stale, return ReadIns
DEBUG flower 2021-04-08 11:53:22,294 | numpy_client.py:228 | read: ReadRes(clock=30)
DEBUG flower 2021-04-08 11:53:22,302 | numpy_client.py:172 | fit, FitIns(clock=32)
DEBUG flower 2021-04-08 11:53:22,302 | numpy_client.py:260 | cached_clock: 30, curr_clock: 32
INFO flower 2021-04-08 11:53:25,627 | numpy_client.py:205 | Cache is fresh, return FitRes(clock=32)
DEBUG flower 2021-04-08 11:53:31,326 | numpy_client.py:172 | fit, FitIns(clock=33)
DEBUG flower 2021-04-08 11:53:31,327 | numpy_client.py:260 | cached_clock: 30, curr_clock: 33
INFO flower 2021-04-08 11:53:31,327 | numpy_client.py:184 | Cache is stale, return ReadIns
DEBUG flower 2021-04-08 11:53:35,381 | numpy_client.py:228 | read: ReadRes(clock=31)
DEBUG flower 2021-04-08 11:53:35,389 | numpy_client.py:172 | fit, FitIns(clock=33)
DEBUG flower 2021-04-08 11:53:35,389 | numpy_client.py:260 | cached_clock: 31, curr_clock: 33
INFO flower 2021-04-08 11:53:38,823 | numpy_client.py:205 | Cache is fresh, return FitRes(clock=33)
DEBUG flower 2021-04-08 11:53:44,137 | numpy_client.py:172 | fit, FitIns(clock=34)
DEBUG flower 2021-04-08 11:53:44,137 | numpy_client.py:260 | cached_clock: 31, curr_clock: 34
INFO flower 2021-04-08 11:53:44,137 | numpy_client.py:184 | Cache is stale, return ReadIns
DEBUG flower 2021-04-08 11:53:48,567 | numpy_client.py:228 | read: ReadRes(clock=32)
DEBUG flower 2021-04-08 11:53:48,574 | numpy_client.py:172 | fit, FitIns(clock=34)
DEBUG flower 2021-04-08 11:53:48,574 | numpy_client.py:260 | cached_clock: 32, curr_clock: 34
INFO flower 2021-04-08 11:53:52,006 | numpy_client.py:205 | Cache is fresh, return FitRes(clock=34)
DEBUG flower 2021-04-08 11:53:57,744 | numpy_client.py:172 | fit, FitIns(clock=35)
DEBUG flower 2021-04-08 11:53:57,744 | numpy_client.py:260 | cached_clock: 32, curr_clock: 35
INFO flower 2021-04-08 11:53:57,744 | numpy_client.py:184 | Cache is stale, return ReadIns
DEBUG flower 2021-04-08 11:54:02,093 | numpy_client.py:228 | read: ReadRes(clock=33)
DEBUG flower 2021-04-08 11:54:02,101 | numpy_client.py:172 | fit, FitIns(clock=35)
DEBUG flower 2021-04-08 11:54:02,101 | numpy_client.py:260 | cached_clock: 33, curr_clock: 35
INFO flower 2021-04-08 11:54:05,516 | numpy_client.py:205 | Cache is fresh, return FitRes(clock=35)
DEBUG flower 2021-04-08 11:54:11,112 | numpy_client.py:172 | fit, FitIns(clock=36)
DEBUG flower 2021-04-08 11:54:11,112 | numpy_client.py:260 | cached_clock: 33, curr_clock: 36
INFO flower 2021-04-08 11:54:11,112 | numpy_client.py:184 | Cache is stale, return ReadIns
DEBUG flower 2021-04-08 11:54:15,282 | numpy_client.py:228 | read: ReadRes(clock=34)
DEBUG flower 2021-04-08 11:54:15,290 | numpy_client.py:172 | fit, FitIns(clock=36)
DEBUG flower 2021-04-08 11:54:15,290 | numpy_client.py:260 | cached_clock: 34, curr_clock: 36
INFO flower 2021-04-08 11:54:18,544 | numpy_client.py:205 | Cache is fresh, return FitRes(clock=36)
DEBUG flower 2021-04-08 11:54:24,343 | numpy_client.py:172 | fit, FitIns(clock=37)
DEBUG flower 2021-04-08 11:54:24,344 | numpy_client.py:260 | cached_clock: 34, curr_clock: 37
INFO flower 2021-04-08 11:54:24,344 | numpy_client.py:184 | Cache is stale, return ReadIns
DEBUG flower 2021-04-08 11:54:28,717 | numpy_client.py:228 | read: ReadRes(clock=35)
DEBUG flower 2021-04-08 11:54:28,724 | numpy_client.py:172 | fit, FitIns(clock=37)
DEBUG flower 2021-04-08 11:54:28,724 | numpy_client.py:260 | cached_clock: 35, curr_clock: 37
INFO flower 2021-04-08 11:54:32,055 | numpy_client.py:205 | Cache is fresh, return FitRes(clock=37)
DEBUG flower 2021-04-08 11:54:37,738 | numpy_client.py:172 | fit, FitIns(clock=38)
DEBUG flower 2021-04-08 11:54:37,739 | numpy_client.py:260 | cached_clock: 35, curr_clock: 38
INFO flower 2021-04-08 11:54:37,739 | numpy_client.py:184 | Cache is stale, return ReadIns
DEBUG flower 2021-04-08 11:54:41,992 | numpy_client.py:228 | read: ReadRes(clock=36)
DEBUG flower 2021-04-08 11:54:42,001 | numpy_client.py:172 | fit, FitIns(clock=38)
DEBUG flower 2021-04-08 11:54:42,001 | numpy_client.py:260 | cached_clock: 36, curr_clock: 38
INFO flower 2021-04-08 11:54:45,409 | numpy_client.py:205 | Cache is fresh, return FitRes(clock=38)
DEBUG flower 2021-04-08 11:54:51,242 | numpy_client.py:172 | fit, FitIns(clock=39)
DEBUG flower 2021-04-08 11:54:51,242 | numpy_client.py:260 | cached_clock: 36, curr_clock: 39
INFO flower 2021-04-08 11:54:51,242 | numpy_client.py:184 | Cache is stale, return ReadIns
DEBUG flower 2021-04-08 11:54:55,498 | numpy_client.py:228 | read: ReadRes(clock=37)
DEBUG flower 2021-04-08 11:54:55,505 | numpy_client.py:172 | fit, FitIns(clock=39)
DEBUG flower 2021-04-08 11:54:55,505 | numpy_client.py:260 | cached_clock: 37, curr_clock: 39
INFO flower 2021-04-08 11:54:58,910 | numpy_client.py:205 | Cache is fresh, return FitRes(clock=39)
DEBUG flower 2021-04-08 11:55:04,507 | numpy_client.py:172 | fit, FitIns(clock=40)
DEBUG flower 2021-04-08 11:55:04,507 | numpy_client.py:260 | cached_clock: 37, curr_clock: 40
INFO flower 2021-04-08 11:55:04,508 | numpy_client.py:184 | Cache is stale, return ReadIns
DEBUG flower 2021-04-08 11:55:08,696 | numpy_client.py:228 | read: ReadRes(clock=38)
DEBUG flower 2021-04-08 11:55:08,703 | numpy_client.py:172 | fit, FitIns(clock=40)
DEBUG flower 2021-04-08 11:55:08,703 | numpy_client.py:260 | cached_clock: 38, curr_clock: 40
INFO flower 2021-04-08 11:55:12,020 | numpy_client.py:205 | Cache is fresh, return FitRes(clock=40)
DEBUG flower 2021-04-08 11:55:17,592 | numpy_client.py:172 | fit, FitIns(clock=41)
DEBUG flower 2021-04-08 11:55:17,592 | numpy_client.py:260 | cached_clock: 38, curr_clock: 41
INFO flower 2021-04-08 11:55:17,593 | numpy_client.py:184 | Cache is stale, return ReadIns
DEBUG flower 2021-04-08 11:55:22,092 | numpy_client.py:228 | read: ReadRes(clock=39)
DEBUG flower 2021-04-08 11:55:22,107 | numpy_client.py:172 | fit, FitIns(clock=41)
DEBUG flower 2021-04-08 11:55:22,108 | numpy_client.py:260 | cached_clock: 39, curr_clock: 41
INFO flower 2021-04-08 11:55:25,624 | numpy_client.py:205 | Cache is fresh, return FitRes(clock=41)
DEBUG flower 2021-04-08 11:55:31,268 | numpy_client.py:172 | fit, FitIns(clock=42)
DEBUG flower 2021-04-08 11:55:31,268 | numpy_client.py:260 | cached_clock: 39, curr_clock: 42
INFO flower 2021-04-08 11:55:31,268 | numpy_client.py:184 | Cache is stale, return ReadIns
DEBUG flower 2021-04-08 11:55:35,810 | numpy_client.py:228 | read: ReadRes(clock=40)
DEBUG flower 2021-04-08 11:55:35,818 | numpy_client.py:172 | fit, FitIns(clock=42)
DEBUG flower 2021-04-08 11:55:35,818 | numpy_client.py:260 | cached_clock: 40, curr_clock: 42
INFO flower 2021-04-08 11:55:39,121 | numpy_client.py:205 | Cache is fresh, return FitRes(clock=42)
DEBUG flower 2021-04-08 11:55:44,885 | numpy_client.py:172 | fit, FitIns(clock=43)
DEBUG flower 2021-04-08 11:55:44,886 | numpy_client.py:260 | cached_clock: 40, curr_clock: 43
INFO flower 2021-04-08 11:55:44,886 | numpy_client.py:184 | Cache is stale, return ReadIns
DEBUG flower 2021-04-08 11:55:49,200 | numpy_client.py:228 | read: ReadRes(clock=41)
DEBUG flower 2021-04-08 11:55:49,207 | numpy_client.py:172 | fit, FitIns(clock=43)
DEBUG flower 2021-04-08 11:55:49,207 | numpy_client.py:260 | cached_clock: 41, curr_clock: 43
INFO flower 2021-04-08 11:55:52,624 | numpy_client.py:205 | Cache is fresh, return FitRes(clock=43)
DEBUG flower 2021-04-08 11:55:58,775 | numpy_client.py:172 | fit, FitIns(clock=44)
DEBUG flower 2021-04-08 11:55:58,777 | numpy_client.py:260 | cached_clock: 41, curr_clock: 44
INFO flower 2021-04-08 11:55:58,778 | numpy_client.py:184 | Cache is stale, return ReadIns
DEBUG flower 2021-04-08 11:56:03,076 | numpy_client.py:228 | read: ReadRes(clock=42)
DEBUG flower 2021-04-08 11:56:03,085 | numpy_client.py:172 | fit, FitIns(clock=44)
DEBUG flower 2021-04-08 11:56:03,086 | numpy_client.py:260 | cached_clock: 42, curr_clock: 44
INFO flower 2021-04-08 11:56:06,609 | numpy_client.py:205 | Cache is fresh, return FitRes(clock=44)
DEBUG flower 2021-04-08 11:56:11,676 | numpy_client.py:172 | fit, FitIns(clock=45)
DEBUG flower 2021-04-08 11:56:11,677 | numpy_client.py:260 | cached_clock: 42, curr_clock: 45
INFO flower 2021-04-08 11:56:11,677 | numpy_client.py:184 | Cache is stale, return ReadIns
DEBUG flower 2021-04-08 11:56:15,872 | numpy_client.py:228 | read: ReadRes(clock=43)
DEBUG flower 2021-04-08 11:56:15,879 | numpy_client.py:172 | fit, FitIns(clock=45)
DEBUG flower 2021-04-08 11:56:15,879 | numpy_client.py:260 | cached_clock: 43, curr_clock: 45
INFO flower 2021-04-08 11:56:19,318 | numpy_client.py:205 | Cache is fresh, return FitRes(clock=45)
DEBUG flower 2021-04-08 11:56:24,822 | numpy_client.py:172 | fit, FitIns(clock=46)
DEBUG flower 2021-04-08 11:56:24,823 | numpy_client.py:260 | cached_clock: 43, curr_clock: 46
INFO flower 2021-04-08 11:56:24,823 | numpy_client.py:184 | Cache is stale, return ReadIns
DEBUG flower 2021-04-08 11:56:28,955 | numpy_client.py:228 | read: ReadRes(clock=44)
DEBUG flower 2021-04-08 11:56:28,962 | numpy_client.py:172 | fit, FitIns(clock=46)
DEBUG flower 2021-04-08 11:56:28,962 | numpy_client.py:260 | cached_clock: 44, curr_clock: 46
INFO flower 2021-04-08 11:56:32,414 | numpy_client.py:205 | Cache is fresh, return FitRes(clock=46)
DEBUG flower 2021-04-08 11:56:37,729 | numpy_client.py:172 | fit, FitIns(clock=47)
DEBUG flower 2021-04-08 11:56:37,730 | numpy_client.py:260 | cached_clock: 44, curr_clock: 47
INFO flower 2021-04-08 11:56:37,730 | numpy_client.py:184 | Cache is stale, return ReadIns
DEBUG flower 2021-04-08 11:56:42,219 | numpy_client.py:228 | read: ReadRes(clock=45)
DEBUG flower 2021-04-08 11:56:42,226 | numpy_client.py:172 | fit, FitIns(clock=47)
DEBUG flower 2021-04-08 11:56:42,227 | numpy_client.py:260 | cached_clock: 45, curr_clock: 47
INFO flower 2021-04-08 11:56:45,709 | numpy_client.py:205 | Cache is fresh, return FitRes(clock=47)
DEBUG flower 2021-04-08 11:56:51,560 | numpy_client.py:172 | fit, FitIns(clock=48)
DEBUG flower 2021-04-08 11:56:51,561 | numpy_client.py:260 | cached_clock: 45, curr_clock: 48
INFO flower 2021-04-08 11:56:51,561 | numpy_client.py:184 | Cache is stale, return ReadIns
DEBUG flower 2021-04-08 11:56:56,188 | numpy_client.py:228 | read: ReadRes(clock=46)
DEBUG flower 2021-04-08 11:56:56,195 | numpy_client.py:172 | fit, FitIns(clock=48)
DEBUG flower 2021-04-08 11:56:56,196 | numpy_client.py:260 | cached_clock: 46, curr_clock: 48
INFO flower 2021-04-08 11:56:59,526 | numpy_client.py:205 | Cache is fresh, return FitRes(clock=48)
DEBUG flower 2021-04-08 11:57:05,193 | numpy_client.py:172 | fit, FitIns(clock=49)
DEBUG flower 2021-04-08 11:57:05,193 | numpy_client.py:260 | cached_clock: 46, curr_clock: 49
INFO flower 2021-04-08 11:57:05,193 | numpy_client.py:184 | Cache is stale, return ReadIns
DEBUG flower 2021-04-08 11:57:09,696 | numpy_client.py:228 | read: ReadRes(clock=47)
DEBUG flower 2021-04-08 11:57:09,704 | numpy_client.py:172 | fit, FitIns(clock=49)
DEBUG flower 2021-04-08 11:57:09,704 | numpy_client.py:260 | cached_clock: 47, curr_clock: 49
INFO flower 2021-04-08 11:57:13,207 | numpy_client.py:205 | Cache is fresh, return FitRes(clock=49)
DEBUG flower 2021-04-08 11:57:18,811 | numpy_client.py:172 | fit, FitIns(clock=50)
DEBUG flower 2021-04-08 11:57:18,811 | numpy_client.py:260 | cached_clock: 47, curr_clock: 50
INFO flower 2021-04-08 11:57:18,812 | numpy_client.py:184 | Cache is stale, return ReadIns
DEBUG flower 2021-04-08 11:57:22,963 | numpy_client.py:228 | read: ReadRes(clock=48)
DEBUG flower 2021-04-08 11:57:22,971 | numpy_client.py:172 | fit, FitIns(clock=50)
DEBUG flower 2021-04-08 11:57:22,971 | numpy_client.py:260 | cached_clock: 48, curr_clock: 50
INFO flower 2021-04-08 11:57:26,334 | numpy_client.py:205 | Cache is fresh, return FitRes(clock=50)
DEBUG flower 2021-04-08 11:57:32,308 | numpy_client.py:172 | fit, FitIns(clock=51)
DEBUG flower 2021-04-08 11:57:32,308 | numpy_client.py:260 | cached_clock: 48, curr_clock: 51
INFO flower 2021-04-08 11:57:32,309 | numpy_client.py:184 | Cache is stale, return ReadIns
DEBUG flower 2021-04-08 11:57:36,562 | numpy_client.py:228 | read: ReadRes(clock=49)
DEBUG flower 2021-04-08 11:57:36,569 | numpy_client.py:172 | fit, FitIns(clock=51)
DEBUG flower 2021-04-08 11:57:36,569 | numpy_client.py:260 | cached_clock: 49, curr_clock: 51
INFO flower 2021-04-08 11:57:40,009 | numpy_client.py:205 | Cache is fresh, return FitRes(clock=51)
DEBUG flower 2021-04-08 11:57:45,579 | numpy_client.py:172 | fit, FitIns(clock=52)
DEBUG flower 2021-04-08 11:57:45,580 | numpy_client.py:260 | cached_clock: 49, curr_clock: 52
INFO flower 2021-04-08 11:57:45,580 | numpy_client.py:184 | Cache is stale, return ReadIns
DEBUG flower 2021-04-08 11:57:50,441 | numpy_client.py:228 | read: ReadRes(clock=50)
DEBUG flower 2021-04-08 11:57:50,448 | numpy_client.py:172 | fit, FitIns(clock=52)
DEBUG flower 2021-04-08 11:57:50,449 | numpy_client.py:260 | cached_clock: 50, curr_clock: 52
INFO flower 2021-04-08 11:57:53,909 | numpy_client.py:205 | Cache is fresh, return FitRes(clock=52)
DEBUG flower 2021-04-08 11:57:59,894 | numpy_client.py:172 | fit, FitIns(clock=53)
DEBUG flower 2021-04-08 11:57:59,894 | numpy_client.py:260 | cached_clock: 50, curr_clock: 53
INFO flower 2021-04-08 11:57:59,894 | numpy_client.py:184 | Cache is stale, return ReadIns
DEBUG flower 2021-04-08 11:58:04,922 | numpy_client.py:228 | read: ReadRes(clock=51)
DEBUG flower 2021-04-08 11:58:04,929 | numpy_client.py:172 | fit, FitIns(clock=53)
DEBUG flower 2021-04-08 11:58:04,930 | numpy_client.py:260 | cached_clock: 51, curr_clock: 53
INFO flower 2021-04-08 11:58:08,526 | numpy_client.py:205 | Cache is fresh, return FitRes(clock=53)
DEBUG flower 2021-04-08 11:58:14,038 | numpy_client.py:172 | fit, FitIns(clock=54)
DEBUG flower 2021-04-08 11:58:14,038 | numpy_client.py:260 | cached_clock: 51, curr_clock: 54
INFO flower 2021-04-08 11:58:14,038 | numpy_client.py:184 | Cache is stale, return ReadIns
DEBUG flower 2021-04-08 11:58:18,493 | numpy_client.py:228 | read: ReadRes(clock=52)
DEBUG flower 2021-04-08 11:58:18,500 | numpy_client.py:172 | fit, FitIns(clock=54)
DEBUG flower 2021-04-08 11:58:18,501 | numpy_client.py:260 | cached_clock: 52, curr_clock: 54
INFO flower 2021-04-08 11:58:21,909 | numpy_client.py:205 | Cache is fresh, return FitRes(clock=54)
DEBUG flower 2021-04-08 11:58:27,429 | numpy_client.py:172 | fit, FitIns(clock=55)
DEBUG flower 2021-04-08 11:58:27,429 | numpy_client.py:260 | cached_clock: 52, curr_clock: 55
INFO flower 2021-04-08 11:58:27,429 | numpy_client.py:184 | Cache is stale, return ReadIns
DEBUG flower 2021-04-08 11:58:31,754 | numpy_client.py:228 | read: ReadRes(clock=53)
DEBUG flower 2021-04-08 11:58:31,761 | numpy_client.py:172 | fit, FitIns(clock=55)
DEBUG flower 2021-04-08 11:58:31,761 | numpy_client.py:260 | cached_clock: 53, curr_clock: 55
INFO flower 2021-04-08 11:58:35,222 | numpy_client.py:205 | Cache is fresh, return FitRes(clock=55)
DEBUG flower 2021-04-08 11:58:41,191 | numpy_client.py:172 | fit, FitIns(clock=56)
DEBUG flower 2021-04-08 11:58:41,192 | numpy_client.py:260 | cached_clock: 53, curr_clock: 56
INFO flower 2021-04-08 11:58:41,192 | numpy_client.py:184 | Cache is stale, return ReadIns
DEBUG flower 2021-04-08 11:58:45,685 | numpy_client.py:228 | read: ReadRes(clock=54)
DEBUG flower 2021-04-08 11:58:45,693 | numpy_client.py:172 | fit, FitIns(clock=56)
DEBUG flower 2021-04-08 11:58:45,693 | numpy_client.py:260 | cached_clock: 54, curr_clock: 56
INFO flower 2021-04-08 11:58:49,128 | numpy_client.py:205 | Cache is fresh, return FitRes(clock=56)
DEBUG flower 2021-04-08 11:58:54,889 | numpy_client.py:172 | fit, FitIns(clock=57)
DEBUG flower 2021-04-08 11:58:54,889 | numpy_client.py:260 | cached_clock: 54, curr_clock: 57
INFO flower 2021-04-08 11:58:54,890 | numpy_client.py:184 | Cache is stale, return ReadIns
DEBUG flower 2021-04-08 11:58:59,206 | numpy_client.py:228 | read: ReadRes(clock=55)
DEBUG flower 2021-04-08 11:58:59,214 | numpy_client.py:172 | fit, FitIns(clock=57)
DEBUG flower 2021-04-08 11:58:59,214 | numpy_client.py:260 | cached_clock: 55, curr_clock: 57
INFO flower 2021-04-08 11:59:02,709 | numpy_client.py:205 | Cache is fresh, return FitRes(clock=57)
DEBUG flower 2021-04-08 11:59:08,435 | numpy_client.py:172 | fit, FitIns(clock=58)
DEBUG flower 2021-04-08 11:59:08,435 | numpy_client.py:260 | cached_clock: 55, curr_clock: 58
INFO flower 2021-04-08 11:59:08,435 | numpy_client.py:184 | Cache is stale, return ReadIns
DEBUG flower 2021-04-08 11:59:12,884 | numpy_client.py:228 | read: ReadRes(clock=56)
DEBUG flower 2021-04-08 11:59:12,908 | numpy_client.py:172 | fit, FitIns(clock=58)
DEBUG flower 2021-04-08 11:59:12,908 | numpy_client.py:260 | cached_clock: 56, curr_clock: 58
INFO flower 2021-04-08 11:59:16,324 | numpy_client.py:205 | Cache is fresh, return FitRes(clock=58)
DEBUG flower 2021-04-08 11:59:21,998 | numpy_client.py:172 | fit, FitIns(clock=59)
DEBUG flower 2021-04-08 11:59:21,998 | numpy_client.py:260 | cached_clock: 56, curr_clock: 59
INFO flower 2021-04-08 11:59:21,999 | numpy_client.py:184 | Cache is stale, return ReadIns
DEBUG flower 2021-04-08 11:59:26,704 | numpy_client.py:228 | read: ReadRes(clock=57)
DEBUG flower 2021-04-08 11:59:26,712 | numpy_client.py:172 | fit, FitIns(clock=59)
DEBUG flower 2021-04-08 11:59:26,712 | numpy_client.py:260 | cached_clock: 57, curr_clock: 59
INFO flower 2021-04-08 11:59:30,109 | numpy_client.py:205 | Cache is fresh, return FitRes(clock=59)
DEBUG flower 2021-04-08 11:59:35,844 | numpy_client.py:172 | fit, FitIns(clock=60)
DEBUG flower 2021-04-08 11:59:35,845 | numpy_client.py:260 | cached_clock: 57, curr_clock: 60
INFO flower 2021-04-08 11:59:35,845 | numpy_client.py:184 | Cache is stale, return ReadIns
DEBUG flower 2021-04-08 11:59:40,504 | numpy_client.py:228 | read: ReadRes(clock=58)
DEBUG flower 2021-04-08 11:59:40,511 | numpy_client.py:172 | fit, FitIns(clock=60)
DEBUG flower 2021-04-08 11:59:40,511 | numpy_client.py:260 | cached_clock: 58, curr_clock: 60
INFO flower 2021-04-08 11:59:43,921 | numpy_client.py:205 | Cache is fresh, return FitRes(clock=60)
DEBUG flower 2021-04-08 11:59:49,905 | numpy_client.py:172 | fit, FitIns(clock=61)
DEBUG flower 2021-04-08 11:59:49,906 | numpy_client.py:260 | cached_clock: 58, curr_clock: 61
INFO flower 2021-04-08 11:59:49,906 | numpy_client.py:184 | Cache is stale, return ReadIns
DEBUG flower 2021-04-08 11:59:54,604 | numpy_client.py:228 | read: ReadRes(clock=59)
DEBUG flower 2021-04-08 11:59:54,611 | numpy_client.py:172 | fit, FitIns(clock=61)
DEBUG flower 2021-04-08 11:59:54,612 | numpy_client.py:260 | cached_clock: 59, curr_clock: 61
INFO flower 2021-04-08 11:59:58,012 | numpy_client.py:205 | Cache is fresh, return FitRes(clock=61)
DEBUG flower 2021-04-08 12:00:03,789 | numpy_client.py:172 | fit, FitIns(clock=62)
DEBUG flower 2021-04-08 12:00:03,789 | numpy_client.py:260 | cached_clock: 59, curr_clock: 62
INFO flower 2021-04-08 12:00:03,790 | numpy_client.py:184 | Cache is stale, return ReadIns
DEBUG flower 2021-04-08 12:00:08,138 | numpy_client.py:228 | read: ReadRes(clock=60)
DEBUG flower 2021-04-08 12:00:08,146 | numpy_client.py:172 | fit, FitIns(clock=62)
DEBUG flower 2021-04-08 12:00:08,146 | numpy_client.py:260 | cached_clock: 60, curr_clock: 62
INFO flower 2021-04-08 12:00:11,525 | numpy_client.py:205 | Cache is fresh, return FitRes(clock=62)
DEBUG flower 2021-04-08 12:00:17,126 | numpy_client.py:172 | fit, FitIns(clock=63)
DEBUG flower 2021-04-08 12:00:17,127 | numpy_client.py:260 | cached_clock: 60, curr_clock: 63
INFO flower 2021-04-08 12:00:17,127 | numpy_client.py:184 | Cache is stale, return ReadIns
DEBUG flower 2021-04-08 12:00:21,181 | numpy_client.py:228 | read: ReadRes(clock=61)
DEBUG flower 2021-04-08 12:00:21,188 | numpy_client.py:172 | fit, FitIns(clock=63)
DEBUG flower 2021-04-08 12:00:21,188 | numpy_client.py:260 | cached_clock: 61, curr_clock: 63
INFO flower 2021-04-08 12:00:24,710 | numpy_client.py:205 | Cache is fresh, return FitRes(clock=63)
DEBUG flower 2021-04-08 12:00:30,245 | numpy_client.py:172 | fit, FitIns(clock=64)
DEBUG flower 2021-04-08 12:00:30,246 | numpy_client.py:260 | cached_clock: 61, curr_clock: 64
INFO flower 2021-04-08 12:00:30,246 | numpy_client.py:184 | Cache is stale, return ReadIns
DEBUG flower 2021-04-08 12:00:35,005 | numpy_client.py:228 | read: ReadRes(clock=62)
DEBUG flower 2021-04-08 12:00:35,013 | numpy_client.py:172 | fit, FitIns(clock=64)
DEBUG flower 2021-04-08 12:00:35,013 | numpy_client.py:260 | cached_clock: 62, curr_clock: 64
INFO flower 2021-04-08 12:00:38,324 | numpy_client.py:205 | Cache is fresh, return FitRes(clock=64)
DEBUG flower 2021-04-08 12:00:43,979 | numpy_client.py:172 | fit, FitIns(clock=65)
DEBUG flower 2021-04-08 12:00:43,979 | numpy_client.py:260 | cached_clock: 62, curr_clock: 65
INFO flower 2021-04-08 12:00:43,980 | numpy_client.py:184 | Cache is stale, return ReadIns
DEBUG flower 2021-04-08 12:00:48,415 | numpy_client.py:228 | read: ReadRes(clock=63)
DEBUG flower 2021-04-08 12:00:48,423 | numpy_client.py:172 | fit, FitIns(clock=65)
DEBUG flower 2021-04-08 12:00:48,423 | numpy_client.py:260 | cached_clock: 63, curr_clock: 65
INFO flower 2021-04-08 12:00:51,724 | numpy_client.py:205 | Cache is fresh, return FitRes(clock=65)
DEBUG flower 2021-04-08 12:00:57,482 | numpy_client.py:172 | fit, FitIns(clock=66)
DEBUG flower 2021-04-08 12:00:57,483 | numpy_client.py:260 | cached_clock: 63, curr_clock: 66
INFO flower 2021-04-08 12:00:57,483 | numpy_client.py:184 | Cache is stale, return ReadIns
DEBUG flower 2021-04-08 12:01:02,206 | numpy_client.py:228 | read: ReadRes(clock=64)
DEBUG flower 2021-04-08 12:01:02,216 | numpy_client.py:172 | fit, FitIns(clock=66)
DEBUG flower 2021-04-08 12:01:02,216 | numpy_client.py:260 | cached_clock: 64, curr_clock: 66
INFO flower 2021-04-08 12:01:05,612 | numpy_client.py:205 | Cache is fresh, return FitRes(clock=66)
DEBUG flower 2021-04-08 12:01:11,510 | numpy_client.py:172 | fit, FitIns(clock=67)
DEBUG flower 2021-04-08 12:01:11,510 | numpy_client.py:260 | cached_clock: 64, curr_clock: 67
INFO flower 2021-04-08 12:01:11,510 | numpy_client.py:184 | Cache is stale, return ReadIns
DEBUG flower 2021-04-08 12:01:15,720 | numpy_client.py:228 | read: ReadRes(clock=65)
DEBUG flower 2021-04-08 12:01:15,727 | numpy_client.py:172 | fit, FitIns(clock=67)
DEBUG flower 2021-04-08 12:01:15,727 | numpy_client.py:260 | cached_clock: 65, curr_clock: 67
INFO flower 2021-04-08 12:01:19,311 | numpy_client.py:205 | Cache is fresh, return FitRes(clock=67)
DEBUG flower 2021-04-08 12:01:25,195 | numpy_client.py:172 | fit, FitIns(clock=68)
DEBUG flower 2021-04-08 12:01:25,196 | numpy_client.py:260 | cached_clock: 65, curr_clock: 68
INFO flower 2021-04-08 12:01:25,196 | numpy_client.py:184 | Cache is stale, return ReadIns
DEBUG flower 2021-04-08 12:01:29,265 | numpy_client.py:228 | read: ReadRes(clock=66)
DEBUG flower 2021-04-08 12:01:29,273 | numpy_client.py:172 | fit, FitIns(clock=68)
DEBUG flower 2021-04-08 12:01:29,273 | numpy_client.py:260 | cached_clock: 66, curr_clock: 68
INFO flower 2021-04-08 12:01:32,706 | numpy_client.py:205 | Cache is fresh, return FitRes(clock=68)
DEBUG flower 2021-04-08 12:01:38,310 | numpy_client.py:172 | fit, FitIns(clock=69)
DEBUG flower 2021-04-08 12:01:38,310 | numpy_client.py:260 | cached_clock: 66, curr_clock: 69
INFO flower 2021-04-08 12:01:38,310 | numpy_client.py:184 | Cache is stale, return ReadIns
DEBUG flower 2021-04-08 12:01:42,936 | numpy_client.py:228 | read: ReadRes(clock=67)
DEBUG flower 2021-04-08 12:01:42,946 | numpy_client.py:172 | fit, FitIns(clock=69)
DEBUG flower 2021-04-08 12:01:42,947 | numpy_client.py:260 | cached_clock: 67, curr_clock: 69
INFO flower 2021-04-08 12:01:46,326 | numpy_client.py:205 | Cache is fresh, return FitRes(clock=69)
DEBUG flower 2021-04-08 12:01:52,119 | numpy_client.py:172 | fit, FitIns(clock=70)
DEBUG flower 2021-04-08 12:01:52,119 | numpy_client.py:260 | cached_clock: 67, curr_clock: 70
INFO flower 2021-04-08 12:01:52,119 | numpy_client.py:184 | Cache is stale, return ReadIns
DEBUG flower 2021-04-08 12:01:56,327 | numpy_client.py:228 | read: ReadRes(clock=68)
DEBUG flower 2021-04-08 12:01:56,335 | numpy_client.py:172 | fit, FitIns(clock=70)
DEBUG flower 2021-04-08 12:01:56,335 | numpy_client.py:260 | cached_clock: 68, curr_clock: 70
INFO flower 2021-04-08 12:01:59,720 | numpy_client.py:205 | Cache is fresh, return FitRes(clock=70)
DEBUG flower 2021-04-08 12:02:05,547 | numpy_client.py:172 | fit, FitIns(clock=71)
DEBUG flower 2021-04-08 12:02:05,547 | numpy_client.py:260 | cached_clock: 68, curr_clock: 71
INFO flower 2021-04-08 12:02:05,547 | numpy_client.py:184 | Cache is stale, return ReadIns
DEBUG flower 2021-04-08 12:02:09,672 | numpy_client.py:228 | read: ReadRes(clock=69)
DEBUG flower 2021-04-08 12:02:09,679 | numpy_client.py:172 | fit, FitIns(clock=71)
DEBUG flower 2021-04-08 12:02:09,679 | numpy_client.py:260 | cached_clock: 69, curr_clock: 71
INFO flower 2021-04-08 12:02:13,034 | numpy_client.py:205 | Cache is fresh, return FitRes(clock=71)
DEBUG flower 2021-04-08 12:02:19,350 | numpy_client.py:172 | fit, FitIns(clock=72)
DEBUG flower 2021-04-08 12:02:19,350 | numpy_client.py:260 | cached_clock: 69, curr_clock: 72
INFO flower 2021-04-08 12:02:19,350 | numpy_client.py:184 | Cache is stale, return ReadIns
DEBUG flower 2021-04-08 12:02:23,604 | numpy_client.py:228 | read: ReadRes(clock=70)
DEBUG flower 2021-04-08 12:02:23,612 | numpy_client.py:172 | fit, FitIns(clock=72)
DEBUG flower 2021-04-08 12:02:23,612 | numpy_client.py:260 | cached_clock: 70, curr_clock: 72
INFO flower 2021-04-08 12:02:27,011 | numpy_client.py:205 | Cache is fresh, return FitRes(clock=72)
DEBUG flower 2021-04-08 12:02:31,976 | numpy_client.py:172 | fit, FitIns(clock=73)
DEBUG flower 2021-04-08 12:02:31,976 | numpy_client.py:260 | cached_clock: 70, curr_clock: 73
INFO flower 2021-04-08 12:02:31,976 | numpy_client.py:184 | Cache is stale, return ReadIns
DEBUG flower 2021-04-08 12:02:36,200 | numpy_client.py:228 | read: ReadRes(clock=71)
DEBUG flower 2021-04-08 12:02:36,208 | numpy_client.py:172 | fit, FitIns(clock=73)
DEBUG flower 2021-04-08 12:02:36,208 | numpy_client.py:260 | cached_clock: 71, curr_clock: 73
INFO flower 2021-04-08 12:02:39,614 | numpy_client.py:205 | Cache is fresh, return FitRes(clock=73)
DEBUG flower 2021-04-08 12:02:45,361 | numpy_client.py:172 | fit, FitIns(clock=74)
DEBUG flower 2021-04-08 12:02:45,361 | numpy_client.py:260 | cached_clock: 71, curr_clock: 74
INFO flower 2021-04-08 12:02:45,361 | numpy_client.py:184 | Cache is stale, return ReadIns
DEBUG flower 2021-04-08 12:02:50,505 | numpy_client.py:228 | read: ReadRes(clock=72)
DEBUG flower 2021-04-08 12:02:50,513 | numpy_client.py:172 | fit, FitIns(clock=74)
DEBUG flower 2021-04-08 12:02:50,513 | numpy_client.py:260 | cached_clock: 72, curr_clock: 74
INFO flower 2021-04-08 12:02:54,026 | numpy_client.py:205 | Cache is fresh, return FitRes(clock=74)
DEBUG flower 2021-04-08 12:02:59,964 | numpy_client.py:172 | fit, FitIns(clock=75)
DEBUG flower 2021-04-08 12:02:59,964 | numpy_client.py:260 | cached_clock: 72, curr_clock: 75
INFO flower 2021-04-08 12:02:59,964 | numpy_client.py:184 | Cache is stale, return ReadIns
DEBUG flower 2021-04-08 12:03:04,705 | numpy_client.py:228 | read: ReadRes(clock=73)
DEBUG flower 2021-04-08 12:03:04,712 | numpy_client.py:172 | fit, FitIns(clock=75)
DEBUG flower 2021-04-08 12:03:04,712 | numpy_client.py:260 | cached_clock: 73, curr_clock: 75
INFO flower 2021-04-08 12:03:08,207 | numpy_client.py:205 | Cache is fresh, return FitRes(clock=75)
DEBUG flower 2021-04-08 12:03:13,936 | numpy_client.py:172 | fit, FitIns(clock=76)
DEBUG flower 2021-04-08 12:03:13,937 | numpy_client.py:260 | cached_clock: 73, curr_clock: 76
INFO flower 2021-04-08 12:03:13,937 | numpy_client.py:184 | Cache is stale, return ReadIns
DEBUG flower 2021-04-08 12:03:18,512 | numpy_client.py:228 | read: ReadRes(clock=74)
DEBUG flower 2021-04-08 12:03:18,520 | numpy_client.py:172 | fit, FitIns(clock=76)
DEBUG flower 2021-04-08 12:03:18,520 | numpy_client.py:260 | cached_clock: 74, curr_clock: 76
INFO flower 2021-04-08 12:03:21,752 | numpy_client.py:205 | Cache is fresh, return FitRes(clock=76)
DEBUG flower 2021-04-08 12:03:27,574 | numpy_client.py:172 | fit, FitIns(clock=77)
DEBUG flower 2021-04-08 12:03:27,575 | numpy_client.py:260 | cached_clock: 74, curr_clock: 77
INFO flower 2021-04-08 12:03:27,575 | numpy_client.py:184 | Cache is stale, return ReadIns
DEBUG flower 2021-04-08 12:03:32,196 | numpy_client.py:228 | read: ReadRes(clock=75)
DEBUG flower 2021-04-08 12:03:32,203 | numpy_client.py:172 | fit, FitIns(clock=77)
DEBUG flower 2021-04-08 12:03:32,204 | numpy_client.py:260 | cached_clock: 75, curr_clock: 77
INFO flower 2021-04-08 12:03:35,625 | numpy_client.py:205 | Cache is fresh, return FitRes(clock=77)
DEBUG flower 2021-04-08 12:03:41,401 | numpy_client.py:172 | fit, FitIns(clock=78)
DEBUG flower 2021-04-08 12:03:41,401 | numpy_client.py:260 | cached_clock: 75, curr_clock: 78
INFO flower 2021-04-08 12:03:41,401 | numpy_client.py:184 | Cache is stale, return ReadIns
DEBUG flower 2021-04-08 12:03:46,059 | numpy_client.py:228 | read: ReadRes(clock=76)
DEBUG flower 2021-04-08 12:03:46,066 | numpy_client.py:172 | fit, FitIns(clock=78)
DEBUG flower 2021-04-08 12:03:46,066 | numpy_client.py:260 | cached_clock: 76, curr_clock: 78
INFO flower 2021-04-08 12:03:49,507 | numpy_client.py:205 | Cache is fresh, return FitRes(clock=78)
DEBUG flower 2021-04-08 12:03:55,018 | numpy_client.py:172 | fit, FitIns(clock=79)
DEBUG flower 2021-04-08 12:03:55,019 | numpy_client.py:260 | cached_clock: 76, curr_clock: 79
INFO flower 2021-04-08 12:03:55,019 | numpy_client.py:184 | Cache is stale, return ReadIns
DEBUG flower 2021-04-08 12:03:59,368 | numpy_client.py:228 | read: ReadRes(clock=77)
DEBUG flower 2021-04-08 12:03:59,375 | numpy_client.py:172 | fit, FitIns(clock=79)
DEBUG flower 2021-04-08 12:03:59,375 | numpy_client.py:260 | cached_clock: 77, curr_clock: 79
INFO flower 2021-04-08 12:04:02,720 | numpy_client.py:205 | Cache is fresh, return FitRes(clock=79)
DEBUG flower 2021-04-08 12:04:08,432 | numpy_client.py:172 | fit, FitIns(clock=80)
DEBUG flower 2021-04-08 12:04:08,432 | numpy_client.py:260 | cached_clock: 77, curr_clock: 80
INFO flower 2021-04-08 12:04:08,432 | numpy_client.py:184 | Cache is stale, return ReadIns
DEBUG flower 2021-04-08 12:04:12,977 | numpy_client.py:228 | read: ReadRes(clock=78)
DEBUG flower 2021-04-08 12:04:12,984 | numpy_client.py:172 | fit, FitIns(clock=80)
DEBUG flower 2021-04-08 12:04:12,984 | numpy_client.py:260 | cached_clock: 78, curr_clock: 80
INFO flower 2021-04-08 12:04:16,411 | numpy_client.py:205 | Cache is fresh, return FitRes(clock=80)
DEBUG flower 2021-04-08 12:04:22,606 | numpy_client.py:172 | fit, FitIns(clock=81)
DEBUG flower 2021-04-08 12:04:22,606 | numpy_client.py:260 | cached_clock: 78, curr_clock: 81
INFO flower 2021-04-08 12:04:22,606 | numpy_client.py:184 | Cache is stale, return ReadIns
DEBUG flower 2021-04-08 12:04:26,669 | numpy_client.py:228 | read: ReadRes(clock=79)
DEBUG flower 2021-04-08 12:04:26,676 | numpy_client.py:172 | fit, FitIns(clock=81)
DEBUG flower 2021-04-08 12:04:26,677 | numpy_client.py:260 | cached_clock: 79, curr_clock: 81
INFO flower 2021-04-08 12:04:30,106 | numpy_client.py:205 | Cache is fresh, return FitRes(clock=81)
DEBUG flower 2021-04-08 12:04:35,880 | numpy_client.py:172 | fit, FitIns(clock=82)
DEBUG flower 2021-04-08 12:04:35,880 | numpy_client.py:260 | cached_clock: 79, curr_clock: 82
INFO flower 2021-04-08 12:04:35,881 | numpy_client.py:184 | Cache is stale, return ReadIns
DEBUG flower 2021-04-08 12:04:40,170 | numpy_client.py:228 | read: ReadRes(clock=80)
DEBUG flower 2021-04-08 12:04:40,178 | numpy_client.py:172 | fit, FitIns(clock=82)
DEBUG flower 2021-04-08 12:04:40,178 | numpy_client.py:260 | cached_clock: 80, curr_clock: 82
INFO flower 2021-04-08 12:04:43,624 | numpy_client.py:205 | Cache is fresh, return FitRes(clock=82)
DEBUG flower 2021-04-08 12:04:49,058 | numpy_client.py:172 | fit, FitIns(clock=83)
DEBUG flower 2021-04-08 12:04:49,058 | numpy_client.py:260 | cached_clock: 80, curr_clock: 83
INFO flower 2021-04-08 12:04:49,059 | numpy_client.py:184 | Cache is stale, return ReadIns
DEBUG flower 2021-04-08 12:04:53,537 | numpy_client.py:228 | read: ReadRes(clock=81)
DEBUG flower 2021-04-08 12:04:53,546 | numpy_client.py:172 | fit, FitIns(clock=83)
DEBUG flower 2021-04-08 12:04:53,546 | numpy_client.py:260 | cached_clock: 81, curr_clock: 83
INFO flower 2021-04-08 12:04:57,108 | numpy_client.py:205 | Cache is fresh, return FitRes(clock=83)
DEBUG flower 2021-04-08 12:05:02,665 | numpy_client.py:172 | fit, FitIns(clock=84)
DEBUG flower 2021-04-08 12:05:02,666 | numpy_client.py:260 | cached_clock: 81, curr_clock: 84
INFO flower 2021-04-08 12:05:02,666 | numpy_client.py:184 | Cache is stale, return ReadIns
DEBUG flower 2021-04-08 12:05:07,298 | numpy_client.py:228 | read: ReadRes(clock=82)
DEBUG flower 2021-04-08 12:05:07,306 | numpy_client.py:172 | fit, FitIns(clock=84)
DEBUG flower 2021-04-08 12:05:07,306 | numpy_client.py:260 | cached_clock: 82, curr_clock: 84
INFO flower 2021-04-08 12:05:10,708 | numpy_client.py:205 | Cache is fresh, return FitRes(clock=84)
DEBUG flower 2021-04-08 12:05:16,797 | numpy_client.py:172 | fit, FitIns(clock=85)
DEBUG flower 2021-04-08 12:05:16,797 | numpy_client.py:260 | cached_clock: 82, curr_clock: 85
INFO flower 2021-04-08 12:05:16,797 | numpy_client.py:184 | Cache is stale, return ReadIns
DEBUG flower 2021-04-08 12:05:21,411 | numpy_client.py:228 | read: ReadRes(clock=83)
DEBUG flower 2021-04-08 12:05:21,418 | numpy_client.py:172 | fit, FitIns(clock=85)
DEBUG flower 2021-04-08 12:05:21,418 | numpy_client.py:260 | cached_clock: 83, curr_clock: 85
INFO flower 2021-04-08 12:05:24,928 | numpy_client.py:205 | Cache is fresh, return FitRes(clock=85)
DEBUG flower 2021-04-08 12:05:30,681 | numpy_client.py:172 | fit, FitIns(clock=86)
DEBUG flower 2021-04-08 12:05:30,681 | numpy_client.py:260 | cached_clock: 83, curr_clock: 86
INFO flower 2021-04-08 12:05:30,681 | numpy_client.py:184 | Cache is stale, return ReadIns
DEBUG flower 2021-04-08 12:05:34,900 | numpy_client.py:228 | read: ReadRes(clock=84)
DEBUG flower 2021-04-08 12:05:34,907 | numpy_client.py:172 | fit, FitIns(clock=86)
DEBUG flower 2021-04-08 12:05:34,907 | numpy_client.py:260 | cached_clock: 84, curr_clock: 86
INFO flower 2021-04-08 12:05:38,411 | numpy_client.py:205 | Cache is fresh, return FitRes(clock=86)
DEBUG flower 2021-04-08 12:05:43,821 | numpy_client.py:172 | fit, FitIns(clock=87)
DEBUG flower 2021-04-08 12:05:43,821 | numpy_client.py:260 | cached_clock: 84, curr_clock: 87
INFO flower 2021-04-08 12:05:43,821 | numpy_client.py:184 | Cache is stale, return ReadIns
DEBUG flower 2021-04-08 12:05:48,605 | numpy_client.py:228 | read: ReadRes(clock=85)
DEBUG flower 2021-04-08 12:05:48,612 | numpy_client.py:172 | fit, FitIns(clock=87)
DEBUG flower 2021-04-08 12:05:48,612 | numpy_client.py:260 | cached_clock: 85, curr_clock: 87
INFO flower 2021-04-08 12:05:51,941 | numpy_client.py:205 | Cache is fresh, return FitRes(clock=87)
DEBUG flower 2021-04-08 12:05:58,520 | numpy_client.py:172 | fit, FitIns(clock=88)
DEBUG flower 2021-04-08 12:05:58,521 | numpy_client.py:260 | cached_clock: 85, curr_clock: 88
INFO flower 2021-04-08 12:05:58,521 | numpy_client.py:184 | Cache is stale, return ReadIns
DEBUG flower 2021-04-08 12:06:03,127 | numpy_client.py:228 | read: ReadRes(clock=86)
DEBUG flower 2021-04-08 12:06:03,134 | numpy_client.py:172 | fit, FitIns(clock=88)
DEBUG flower 2021-04-08 12:06:03,134 | numpy_client.py:260 | cached_clock: 86, curr_clock: 88
INFO flower 2021-04-08 12:06:06,703 | numpy_client.py:205 | Cache is fresh, return FitRes(clock=88)
DEBUG flower 2021-04-08 12:06:12,021 | numpy_client.py:172 | fit, FitIns(clock=89)
DEBUG flower 2021-04-08 12:06:12,021 | numpy_client.py:260 | cached_clock: 86, curr_clock: 89
INFO flower 2021-04-08 12:06:12,021 | numpy_client.py:184 | Cache is stale, return ReadIns
DEBUG flower 2021-04-08 12:06:16,253 | numpy_client.py:228 | read: ReadRes(clock=87)
DEBUG flower 2021-04-08 12:06:16,267 | numpy_client.py:172 | fit, FitIns(clock=89)
DEBUG flower 2021-04-08 12:06:16,267 | numpy_client.py:260 | cached_clock: 87, curr_clock: 89
INFO flower 2021-04-08 12:06:19,626 | numpy_client.py:205 | Cache is fresh, return FitRes(clock=89)
DEBUG flower 2021-04-08 12:06:26,378 | numpy_client.py:172 | fit, FitIns(clock=90)
DEBUG flower 2021-04-08 12:06:26,378 | numpy_client.py:260 | cached_clock: 87, curr_clock: 90
INFO flower 2021-04-08 12:06:26,378 | numpy_client.py:184 | Cache is stale, return ReadIns
DEBUG flower 2021-04-08 12:06:30,693 | numpy_client.py:228 | read: ReadRes(clock=88)
DEBUG flower 2021-04-08 12:06:30,700 | numpy_client.py:172 | fit, FitIns(clock=90)
DEBUG flower 2021-04-08 12:06:30,700 | numpy_client.py:260 | cached_clock: 88, curr_clock: 90
INFO flower 2021-04-08 12:06:34,119 | numpy_client.py:205 | Cache is fresh, return FitRes(clock=90)
DEBUG flower 2021-04-08 12:06:39,924 | numpy_client.py:172 | fit, FitIns(clock=91)
DEBUG flower 2021-04-08 12:06:39,924 | numpy_client.py:260 | cached_clock: 88, curr_clock: 91
INFO flower 2021-04-08 12:06:39,925 | numpy_client.py:184 | Cache is stale, return ReadIns
DEBUG flower 2021-04-08 12:06:44,357 | numpy_client.py:228 | read: ReadRes(clock=89)
DEBUG flower 2021-04-08 12:06:44,364 | numpy_client.py:172 | fit, FitIns(clock=91)
DEBUG flower 2021-04-08 12:06:44,365 | numpy_client.py:260 | cached_clock: 89, curr_clock: 91
INFO flower 2021-04-08 12:06:47,725 | numpy_client.py:205 | Cache is fresh, return FitRes(clock=91)
DEBUG flower 2021-04-08 12:06:53,031 | numpy_client.py:172 | fit, FitIns(clock=92)
DEBUG flower 2021-04-08 12:06:53,031 | numpy_client.py:260 | cached_clock: 89, curr_clock: 92
INFO flower 2021-04-08 12:06:53,031 | numpy_client.py:184 | Cache is stale, return ReadIns
DEBUG flower 2021-04-08 12:06:57,487 | numpy_client.py:228 | read: ReadRes(clock=90)
DEBUG flower 2021-04-08 12:06:57,494 | numpy_client.py:172 | fit, FitIns(clock=92)
DEBUG flower 2021-04-08 12:06:57,494 | numpy_client.py:260 | cached_clock: 90, curr_clock: 92
INFO flower 2021-04-08 12:07:00,926 | numpy_client.py:205 | Cache is fresh, return FitRes(clock=92)
DEBUG flower 2021-04-08 12:07:06,607 | numpy_client.py:172 | fit, FitIns(clock=93)
DEBUG flower 2021-04-08 12:07:06,607 | numpy_client.py:260 | cached_clock: 90, curr_clock: 93
INFO flower 2021-04-08 12:07:06,607 | numpy_client.py:184 | Cache is stale, return ReadIns
DEBUG flower 2021-04-08 12:07:10,680 | numpy_client.py:228 | read: ReadRes(clock=91)
DEBUG flower 2021-04-08 12:07:10,688 | numpy_client.py:172 | fit, FitIns(clock=93)
DEBUG flower 2021-04-08 12:07:10,688 | numpy_client.py:260 | cached_clock: 91, curr_clock: 93
INFO flower 2021-04-08 12:07:14,125 | numpy_client.py:205 | Cache is fresh, return FitRes(clock=93)
DEBUG flower 2021-04-08 12:07:19,795 | numpy_client.py:172 | fit, FitIns(clock=94)
DEBUG flower 2021-04-08 12:07:19,795 | numpy_client.py:260 | cached_clock: 91, curr_clock: 94
INFO flower 2021-04-08 12:07:19,796 | numpy_client.py:184 | Cache is stale, return ReadIns
DEBUG flower 2021-04-08 12:07:24,494 | numpy_client.py:228 | read: ReadRes(clock=92)
DEBUG flower 2021-04-08 12:07:24,501 | numpy_client.py:172 | fit, FitIns(clock=94)
DEBUG flower 2021-04-08 12:07:24,501 | numpy_client.py:260 | cached_clock: 92, curr_clock: 94
INFO flower 2021-04-08 12:07:28,110 | numpy_client.py:205 | Cache is fresh, return FitRes(clock=94)
DEBUG flower 2021-04-08 12:07:33,676 | numpy_client.py:172 | fit, FitIns(clock=95)
DEBUG flower 2021-04-08 12:07:33,676 | numpy_client.py:260 | cached_clock: 92, curr_clock: 95
INFO flower 2021-04-08 12:07:33,677 | numpy_client.py:184 | Cache is stale, return ReadIns
DEBUG flower 2021-04-08 12:07:38,013 | numpy_client.py:228 | read: ReadRes(clock=93)
DEBUG flower 2021-04-08 12:07:38,021 | numpy_client.py:172 | fit, FitIns(clock=95)
DEBUG flower 2021-04-08 12:07:38,021 | numpy_client.py:260 | cached_clock: 93, curr_clock: 95
INFO flower 2021-04-08 12:07:41,342 | numpy_client.py:205 | Cache is fresh, return FitRes(clock=95)
DEBUG flower 2021-04-08 12:07:47,758 | numpy_client.py:172 | fit, FitIns(clock=96)
DEBUG flower 2021-04-08 12:07:47,759 | numpy_client.py:260 | cached_clock: 93, curr_clock: 96
INFO flower 2021-04-08 12:07:47,759 | numpy_client.py:184 | Cache is stale, return ReadIns
DEBUG flower 2021-04-08 12:07:52,500 | numpy_client.py:228 | read: ReadRes(clock=94)
DEBUG flower 2021-04-08 12:07:52,507 | numpy_client.py:172 | fit, FitIns(clock=96)
DEBUG flower 2021-04-08 12:07:52,507 | numpy_client.py:260 | cached_clock: 94, curr_clock: 96
INFO flower 2021-04-08 12:07:56,011 | numpy_client.py:205 | Cache is fresh, return FitRes(clock=96)
DEBUG flower 2021-04-08 12:08:01,629 | numpy_client.py:172 | fit, FitIns(clock=97)
DEBUG flower 2021-04-08 12:08:01,629 | numpy_client.py:260 | cached_clock: 94, curr_clock: 97
INFO flower 2021-04-08 12:08:01,629 | numpy_client.py:184 | Cache is stale, return ReadIns
DEBUG flower 2021-04-08 12:08:06,311 | numpy_client.py:228 | read: ReadRes(clock=95)
DEBUG flower 2021-04-08 12:08:06,319 | numpy_client.py:172 | fit, FitIns(clock=97)
DEBUG flower 2021-04-08 12:08:06,319 | numpy_client.py:260 | cached_clock: 95, curr_clock: 97
INFO flower 2021-04-08 12:08:09,835 | numpy_client.py:205 | Cache is fresh, return FitRes(clock=97)
DEBUG flower 2021-04-08 12:08:15,600 | numpy_client.py:172 | fit, FitIns(clock=98)
DEBUG flower 2021-04-08 12:08:15,600 | numpy_client.py:260 | cached_clock: 95, curr_clock: 98
INFO flower 2021-04-08 12:08:15,600 | numpy_client.py:184 | Cache is stale, return ReadIns
DEBUG flower 2021-04-08 12:08:20,017 | numpy_client.py:228 | read: ReadRes(clock=96)
DEBUG flower 2021-04-08 12:08:20,024 | numpy_client.py:172 | fit, FitIns(clock=98)
DEBUG flower 2021-04-08 12:08:20,024 | numpy_client.py:260 | cached_clock: 96, curr_clock: 98
INFO flower 2021-04-08 12:08:23,425 | numpy_client.py:205 | Cache is fresh, return FitRes(clock=98)
DEBUG flower 2021-04-08 12:08:29,459 | numpy_client.py:172 | fit, FitIns(clock=99)
DEBUG flower 2021-04-08 12:08:29,459 | numpy_client.py:260 | cached_clock: 96, curr_clock: 99
INFO flower 2021-04-08 12:08:29,459 | numpy_client.py:184 | Cache is stale, return ReadIns
DEBUG flower 2021-04-08 12:08:33,914 | numpy_client.py:228 | read: ReadRes(clock=97)
DEBUG flower 2021-04-08 12:08:33,921 | numpy_client.py:172 | fit, FitIns(clock=99)
DEBUG flower 2021-04-08 12:08:33,921 | numpy_client.py:260 | cached_clock: 97, curr_clock: 99
INFO flower 2021-04-08 12:08:37,403 | numpy_client.py:205 | Cache is fresh, return FitRes(clock=99)
DEBUG flower 2021-04-08 12:08:37,404 | numpy_client.py:217 | The client finishes computing after 1331 seconds
INFO flower 2021-04-08 12:09:20,022 | numpy_client.py:250 | [32;1m Loss: 19.219, Accuracy: 39.374%[0m
DEBUG flower 2021-04-08 12:09:21,116 | connection.py:68 | Insecure gRPC channel closed
INFO flower 2021-04-08 12:09:21,116 | app.py:74 | Disconnect and shut down
Namespace(idx=6, max_delay=0, min_delay=0, num_clients=31, server_ip='10.244.37.27:8080', staleness_bound=2)
I'm client 6
Start SSP client without delay
Files already downloaded and verified
Files already downloaded and verified
[32;1mClient 6: 2154 train samples, 447 test samples[0m
loss=152.42626357078552, acc=0.19806985294117646
loss=156.49878311157227, acc=0.10477941176470588
loss=150.76824688911438, acc=0.19761029411764705
loss=154.77993869781494, acc=0.13786764705882354
loss=153.99854135513306, acc=0.20036764705882354
loss=153.01231575012207, acc=0.21277573529411764
loss=148.48467886447906, acc=0.19761029411764705
loss=149.43947803974152, acc=0.20955882352941177
loss=152.1539717912674, acc=0.22472426470588236
loss=153.44086074829102, acc=0.22564338235294118
loss=154.08668839931488, acc=0.23575367647058823
loss=154.37304973602295, acc=0.23069852941176472
loss=166.87139105796814, acc=0.24126838235294118
loss=158.6707582473755, acc=0.22012867647058823
loss=160.5312670469284, acc=0.22334558823529413
loss=161.02812826633453, acc=0.22150735294117646
loss=161.173889875412, acc=0.22380514705882354
loss=167.15348529815674, acc=0.24126838235294118
loss=159.16834354400635, acc=0.23069852941176472
loss=160.9886040687561, acc=0.22931985294117646
loss=161.22436010837555, acc=0.23161764705882354
loss=160.94668018817902, acc=0.23207720588235295
loss=160.2944449186325, acc=0.234375
loss=159.78174793720245, acc=0.23851102941176472
loss=159.18104648590088, acc=0.2426470588235294
loss=158.69041895866394, acc=0.24494485294117646
loss=161.95114612579346, acc=0.12270220588235294
loss=157.14215552806854, acc=0.22977941176470587
loss=161.27588641643524, acc=0.23115808823529413
loss=162.68881452083588, acc=0.23069852941176472
loss=163.19898653030396, acc=0.2265625
loss=163.36348640918732, acc=0.22886029411764705
loss=163.46035778522491, acc=0.22748161764705882
loss=163.4485615491867, acc=0.22794117647058823
loss=163.3461422920227, acc=0.22840073529411764
loss=163.25757229328156, acc=0.22840073529411764
loss=163.06814348697662, acc=0.22977941176470587
loss=162.90612256526947, acc=0.23207720588235295
loss=162.72461128234863, acc=0.23115808823529413
loss=162.55984497070312, acc=0.23253676470588236
loss=162.4890809059143, acc=0.23805147058823528
loss=162.41557431221008, acc=0.23988970588235295
loss=162.25931429862976, acc=0.23897058823529413
loss=162.14925181865692, acc=0.24080882352941177
loss=162.16071486473083, acc=0.23805147058823528
loss=162.01736855506897, acc=0.23805147058823528
loss=161.86078524589539, acc=0.23713235294117646
loss=161.73104465007782, acc=0.23667279411764705
loss=161.65978062152863, acc=0.23988970588235295
loss=161.56443774700165, acc=0.23943014705882354
loss=161.31470894813538, acc=0.23943014705882354
loss=161.09648478031158, acc=0.24126838235294118
loss=160.94458556175232, acc=0.24586397058823528
loss=160.7315253019333, acc=0.24816176470588236
loss=160.57239651679993, acc=0.24678308823529413
loss=160.3871899843216, acc=0.24724264705882354
loss=160.0877959728241, acc=0.2509191176470588
loss=159.75551509857178, acc=0.25
loss=159.42277920246124, acc=0.24908088235294118
loss=159.02205157279968, acc=0.2545955882352941
loss=158.7500559091568, acc=0.2532169117647059
loss=158.27910721302032, acc=0.25505514705882354
loss=157.85503256320953, acc=0.2587316176470588
loss=157.29745173454285, acc=0.2601102941176471
loss=156.92608666419983, acc=0.2610294117647059
loss=156.43000733852386, acc=0.26286764705882354
loss=155.70081496238708, acc=0.26516544117647056
loss=155.37055122852325, acc=0.2647058823529412
loss=154.792178273201, acc=0.26746323529411764
loss=154.31294226646423, acc=0.2688419117647059
loss=153.85651671886444, acc=0.2697610294117647
loss=153.19159376621246, acc=0.2702205882352941
loss=142.05283510684967, acc=0.2853860294117647
loss=152.4362392425537, acc=0.2780330882352941
loss=153.67536211013794, acc=0.27205882352941174
loss=154.38703763484955, acc=0.2679227941176471
loss=154.66415798664093, acc=0.2688419117647059
loss=154.5294485092163, acc=0.26838235294117646
loss=154.49373412132263, acc=0.26838235294117646
loss=154.74972140789032, acc=0.27068014705882354
loss=154.51572382450104, acc=0.2702205882352941
loss=154.3490264415741, acc=0.2697610294117647
loss=154.39746797084808, acc=0.2711397058823529
loss=154.03994953632355, acc=0.26838235294117646
loss=153.83733904361725, acc=0.26608455882352944
loss=153.78364622592926, acc=0.26608455882352944
loss=147.39048182964325, acc=0.2743566176470588
loss=153.0135097503662, acc=0.2766544117647059
loss=153.76975166797638, acc=0.2775735294117647
loss=154.8000991344452, acc=0.2734375
loss=154.92692255973816, acc=0.2766544117647059
loss=155.5970640182495, acc=0.2734375
loss=155.77880716323853, acc=0.2775735294117647
loss=155.9012895822525, acc=0.27849264705882354
loss=155.9387001991272, acc=0.2775735294117647
loss=155.90140759944916, acc=0.2775735294117647
loss=156.19095027446747, acc=0.2757352941176471
loss=149.68501007556915, acc=0.27389705882352944
loss=153.6986266374588, acc=0.2849264705882353
loss=156.67832934856415, acc=0.28262867647058826
Files already downloaded and verified
Files already downloaded and verified
Testing on full test set: 313, 1357.0713429450989, 0.2087
Testing on partial test set: 14, 19.219114661216736, 0.39373601789709173
