DEBUG flower 2021-04-08 11:46:20,804 | connection.py:36 | ChannelConnectivity.IDLE
DEBUG flower 2021-04-08 11:46:20,806 | connection.py:36 | ChannelConnectivity.READY
INFO flower 2021-04-08 11:46:20,806 | app.py:63 | Opened (insecure) gRPC connection
DEBUG flower 2021-04-08 11:46:26,051 | numpy_client.py:172 | fit, FitIns(clock=0)
INFO flower 2021-04-08 11:46:26,051 | numpy_client.py:184 | Cache is stale, return ReadIns
DEBUG flower 2021-04-08 11:46:26,241 | numpy_client.py:228 | read: ReadRes(clock=-1)
DEBUG flower 2021-04-08 11:46:26,258 | numpy_client.py:172 | fit, FitIns(clock=0)
DEBUG flower 2021-04-08 11:46:26,258 | numpy_client.py:260 | cached_clock: -1, curr_clock: 0
DEBUG flower 2021-04-08 11:46:28,233 | model_wrapper.py:21 | Load existing initial model
INFO flower 2021-04-08 11:46:28,243 | numpy_client.py:205 | Cache is fresh, return FitRes(clock=0)
DEBUG flower 2021-04-08 11:46:28,264 | numpy_client.py:172 | fit, FitIns(clock=1)
DEBUG flower 2021-04-08 11:46:28,264 | numpy_client.py:260 | cached_clock: -1, curr_clock: 1
INFO flower 2021-04-08 11:46:30,313 | numpy_client.py:205 | Cache is fresh, return FitRes(clock=1)
DEBUG flower 2021-04-08 11:46:30,335 | numpy_client.py:172 | fit, FitIns(clock=2)
DEBUG flower 2021-04-08 11:46:30,335 | numpy_client.py:260 | cached_clock: -1, curr_clock: 2
INFO flower 2021-04-08 11:46:30,335 | numpy_client.py:184 | Cache is stale, return ReadIns
DEBUG flower 2021-04-08 11:46:31,274 | numpy_client.py:228 | read: ReadRes(clock=0)
DEBUG flower 2021-04-08 11:46:31,281 | numpy_client.py:172 | fit, FitIns(clock=2)
DEBUG flower 2021-04-08 11:46:31,281 | numpy_client.py:260 | cached_clock: 0, curr_clock: 2
INFO flower 2021-04-08 11:46:33,314 | numpy_client.py:205 | Cache is fresh, return FitRes(clock=2)
DEBUG flower 2021-04-08 11:46:40,369 | numpy_client.py:172 | fit, FitIns(clock=3)
DEBUG flower 2021-04-08 11:46:40,369 | numpy_client.py:260 | cached_clock: 0, curr_clock: 3
INFO flower 2021-04-08 11:46:40,369 | numpy_client.py:184 | Cache is stale, return ReadIns
DEBUG flower 2021-04-08 11:46:45,058 | numpy_client.py:228 | read: ReadRes(clock=1)
DEBUG flower 2021-04-08 11:46:45,065 | numpy_client.py:172 | fit, FitIns(clock=3)
DEBUG flower 2021-04-08 11:46:45,065 | numpy_client.py:260 | cached_clock: 1, curr_clock: 3
INFO flower 2021-04-08 11:46:47,016 | numpy_client.py:205 | Cache is fresh, return FitRes(clock=3)
DEBUG flower 2021-04-08 11:46:55,005 | numpy_client.py:172 | fit, FitIns(clock=4)
DEBUG flower 2021-04-08 11:46:55,005 | numpy_client.py:260 | cached_clock: 1, curr_clock: 4
INFO flower 2021-04-08 11:46:55,005 | numpy_client.py:184 | Cache is stale, return ReadIns
DEBUG flower 2021-04-08 11:47:00,104 | numpy_client.py:228 | read: ReadRes(clock=2)
DEBUG flower 2021-04-08 11:47:00,111 | numpy_client.py:172 | fit, FitIns(clock=4)
DEBUG flower 2021-04-08 11:47:00,111 | numpy_client.py:260 | cached_clock: 2, curr_clock: 4
INFO flower 2021-04-08 11:47:02,312 | numpy_client.py:205 | Cache is fresh, return FitRes(clock=4)
DEBUG flower 2021-04-08 11:47:10,362 | numpy_client.py:172 | fit, FitIns(clock=5)
DEBUG flower 2021-04-08 11:47:10,362 | numpy_client.py:260 | cached_clock: 2, curr_clock: 5
INFO flower 2021-04-08 11:47:10,362 | numpy_client.py:184 | Cache is stale, return ReadIns
DEBUG flower 2021-04-08 11:47:15,130 | numpy_client.py:228 | read: ReadRes(clock=3)
DEBUG flower 2021-04-08 11:47:15,138 | numpy_client.py:172 | fit, FitIns(clock=5)
DEBUG flower 2021-04-08 11:47:15,138 | numpy_client.py:260 | cached_clock: 3, curr_clock: 5
INFO flower 2021-04-08 11:47:17,111 | numpy_client.py:205 | Cache is fresh, return FitRes(clock=5)
DEBUG flower 2021-04-08 11:47:24,087 | numpy_client.py:172 | fit, FitIns(clock=6)
DEBUG flower 2021-04-08 11:47:24,088 | numpy_client.py:260 | cached_clock: 3, curr_clock: 6
INFO flower 2021-04-08 11:47:24,088 | numpy_client.py:184 | Cache is stale, return ReadIns
DEBUG flower 2021-04-08 11:47:28,809 | numpy_client.py:228 | read: ReadRes(clock=4)
DEBUG flower 2021-04-08 11:47:28,817 | numpy_client.py:172 | fit, FitIns(clock=6)
DEBUG flower 2021-04-08 11:47:28,817 | numpy_client.py:260 | cached_clock: 4, curr_clock: 6
INFO flower 2021-04-08 11:47:30,918 | numpy_client.py:205 | Cache is fresh, return FitRes(clock=6)
DEBUG flower 2021-04-08 11:47:38,071 | numpy_client.py:172 | fit, FitIns(clock=7)
DEBUG flower 2021-04-08 11:47:38,072 | numpy_client.py:260 | cached_clock: 4, curr_clock: 7
INFO flower 2021-04-08 11:47:38,072 | numpy_client.py:184 | Cache is stale, return ReadIns
DEBUG flower 2021-04-08 11:47:42,953 | numpy_client.py:228 | read: ReadRes(clock=5)
DEBUG flower 2021-04-08 11:47:42,961 | numpy_client.py:172 | fit, FitIns(clock=7)
DEBUG flower 2021-04-08 11:47:42,961 | numpy_client.py:260 | cached_clock: 5, curr_clock: 7
INFO flower 2021-04-08 11:47:44,911 | numpy_client.py:205 | Cache is fresh, return FitRes(clock=7)
DEBUG flower 2021-04-08 11:47:51,640 | numpy_client.py:172 | fit, FitIns(clock=8)
DEBUG flower 2021-04-08 11:47:51,640 | numpy_client.py:260 | cached_clock: 5, curr_clock: 8
INFO flower 2021-04-08 11:47:51,640 | numpy_client.py:184 | Cache is stale, return ReadIns
DEBUG flower 2021-04-08 11:47:56,004 | numpy_client.py:228 | read: ReadRes(clock=6)
DEBUG flower 2021-04-08 11:47:56,011 | numpy_client.py:172 | fit, FitIns(clock=8)
DEBUG flower 2021-04-08 11:47:56,011 | numpy_client.py:260 | cached_clock: 6, curr_clock: 8
INFO flower 2021-04-08 11:47:58,124 | numpy_client.py:205 | Cache is fresh, return FitRes(clock=8)
DEBUG flower 2021-04-08 11:48:04,969 | numpy_client.py:172 | fit, FitIns(clock=9)
DEBUG flower 2021-04-08 11:48:04,969 | numpy_client.py:260 | cached_clock: 6, curr_clock: 9
INFO flower 2021-04-08 11:48:04,969 | numpy_client.py:184 | Cache is stale, return ReadIns
DEBUG flower 2021-04-08 11:48:09,922 | numpy_client.py:228 | read: ReadRes(clock=7)
DEBUG flower 2021-04-08 11:48:09,930 | numpy_client.py:172 | fit, FitIns(clock=9)
DEBUG flower 2021-04-08 11:48:09,930 | numpy_client.py:260 | cached_clock: 7, curr_clock: 9
INFO flower 2021-04-08 11:48:12,111 | numpy_client.py:205 | Cache is fresh, return FitRes(clock=9)
DEBUG flower 2021-04-08 11:48:19,095 | numpy_client.py:172 | fit, FitIns(clock=10)
DEBUG flower 2021-04-08 11:48:19,095 | numpy_client.py:260 | cached_clock: 7, curr_clock: 10
INFO flower 2021-04-08 11:48:19,095 | numpy_client.py:184 | Cache is stale, return ReadIns
DEBUG flower 2021-04-08 11:48:23,630 | numpy_client.py:228 | read: ReadRes(clock=8)
DEBUG flower 2021-04-08 11:48:23,637 | numpy_client.py:172 | fit, FitIns(clock=10)
DEBUG flower 2021-04-08 11:48:23,638 | numpy_client.py:260 | cached_clock: 8, curr_clock: 10
INFO flower 2021-04-08 11:48:25,707 | numpy_client.py:205 | Cache is fresh, return FitRes(clock=10)
DEBUG flower 2021-04-08 11:48:32,621 | numpy_client.py:172 | fit, FitIns(clock=11)
DEBUG flower 2021-04-08 11:48:32,622 | numpy_client.py:260 | cached_clock: 8, curr_clock: 11
INFO flower 2021-04-08 11:48:32,622 | numpy_client.py:184 | Cache is stale, return ReadIns
DEBUG flower 2021-04-08 11:48:37,329 | numpy_client.py:228 | read: ReadRes(clock=9)
DEBUG flower 2021-04-08 11:48:37,337 | numpy_client.py:172 | fit, FitIns(clock=11)
DEBUG flower 2021-04-08 11:48:37,337 | numpy_client.py:260 | cached_clock: 9, curr_clock: 11
INFO flower 2021-04-08 11:48:39,311 | numpy_client.py:205 | Cache is fresh, return FitRes(clock=11)
DEBUG flower 2021-04-08 11:48:46,353 | numpy_client.py:172 | fit, FitIns(clock=12)
DEBUG flower 2021-04-08 11:48:46,353 | numpy_client.py:260 | cached_clock: 9, curr_clock: 12
INFO flower 2021-04-08 11:48:46,353 | numpy_client.py:184 | Cache is stale, return ReadIns
DEBUG flower 2021-04-08 11:48:50,776 | numpy_client.py:228 | read: ReadRes(clock=10)
DEBUG flower 2021-04-08 11:48:50,784 | numpy_client.py:172 | fit, FitIns(clock=12)
DEBUG flower 2021-04-08 11:48:50,784 | numpy_client.py:260 | cached_clock: 10, curr_clock: 12
INFO flower 2021-04-08 11:48:52,820 | numpy_client.py:205 | Cache is fresh, return FitRes(clock=12)
DEBUG flower 2021-04-08 11:48:59,750 | numpy_client.py:172 | fit, FitIns(clock=13)
DEBUG flower 2021-04-08 11:48:59,751 | numpy_client.py:260 | cached_clock: 10, curr_clock: 13
INFO flower 2021-04-08 11:48:59,751 | numpy_client.py:184 | Cache is stale, return ReadIns
DEBUG flower 2021-04-08 11:49:04,421 | numpy_client.py:228 | read: ReadRes(clock=11)
DEBUG flower 2021-04-08 11:49:04,428 | numpy_client.py:172 | fit, FitIns(clock=13)
DEBUG flower 2021-04-08 11:49:04,428 | numpy_client.py:260 | cached_clock: 11, curr_clock: 13
INFO flower 2021-04-08 11:49:06,521 | numpy_client.py:205 | Cache is fresh, return FitRes(clock=13)
DEBUG flower 2021-04-08 11:49:13,006 | numpy_client.py:172 | fit, FitIns(clock=14)
DEBUG flower 2021-04-08 11:49:13,006 | numpy_client.py:260 | cached_clock: 11, curr_clock: 14
INFO flower 2021-04-08 11:49:13,006 | numpy_client.py:184 | Cache is stale, return ReadIns
DEBUG flower 2021-04-08 11:49:17,605 | numpy_client.py:228 | read: ReadRes(clock=12)
DEBUG flower 2021-04-08 11:49:17,615 | numpy_client.py:172 | fit, FitIns(clock=14)
DEBUG flower 2021-04-08 11:49:17,615 | numpy_client.py:260 | cached_clock: 12, curr_clock: 14
INFO flower 2021-04-08 11:49:19,738 | numpy_client.py:205 | Cache is fresh, return FitRes(clock=14)
DEBUG flower 2021-04-08 11:49:26,875 | numpy_client.py:172 | fit, FitIns(clock=15)
DEBUG flower 2021-04-08 11:49:26,875 | numpy_client.py:260 | cached_clock: 12, curr_clock: 15
INFO flower 2021-04-08 11:49:26,876 | numpy_client.py:184 | Cache is stale, return ReadIns
DEBUG flower 2021-04-08 11:49:31,463 | numpy_client.py:228 | read: ReadRes(clock=13)
DEBUG flower 2021-04-08 11:49:31,470 | numpy_client.py:172 | fit, FitIns(clock=15)
DEBUG flower 2021-04-08 11:49:31,470 | numpy_client.py:260 | cached_clock: 13, curr_clock: 15
INFO flower 2021-04-08 11:49:33,425 | numpy_client.py:205 | Cache is fresh, return FitRes(clock=15)
DEBUG flower 2021-04-08 11:49:40,407 | numpy_client.py:172 | fit, FitIns(clock=16)
DEBUG flower 2021-04-08 11:49:40,407 | numpy_client.py:260 | cached_clock: 13, curr_clock: 16
INFO flower 2021-04-08 11:49:40,407 | numpy_client.py:184 | Cache is stale, return ReadIns
DEBUG flower 2021-04-08 11:49:44,910 | numpy_client.py:228 | read: ReadRes(clock=14)
DEBUG flower 2021-04-08 11:49:44,917 | numpy_client.py:172 | fit, FitIns(clock=16)
DEBUG flower 2021-04-08 11:49:44,917 | numpy_client.py:260 | cached_clock: 14, curr_clock: 16
INFO flower 2021-04-08 11:49:46,833 | numpy_client.py:205 | Cache is fresh, return FitRes(clock=16)
DEBUG flower 2021-04-08 11:49:54,311 | numpy_client.py:172 | fit, FitIns(clock=17)
DEBUG flower 2021-04-08 11:49:54,311 | numpy_client.py:260 | cached_clock: 14, curr_clock: 17
INFO flower 2021-04-08 11:49:54,311 | numpy_client.py:184 | Cache is stale, return ReadIns
DEBUG flower 2021-04-08 11:49:58,620 | numpy_client.py:228 | read: ReadRes(clock=15)
DEBUG flower 2021-04-08 11:49:58,628 | numpy_client.py:172 | fit, FitIns(clock=17)
DEBUG flower 2021-04-08 11:49:58,628 | numpy_client.py:260 | cached_clock: 15, curr_clock: 17
INFO flower 2021-04-08 11:50:00,613 | numpy_client.py:205 | Cache is fresh, return FitRes(clock=17)
DEBUG flower 2021-04-08 11:50:07,871 | numpy_client.py:172 | fit, FitIns(clock=18)
DEBUG flower 2021-04-08 11:50:07,871 | numpy_client.py:260 | cached_clock: 15, curr_clock: 18
INFO flower 2021-04-08 11:50:07,871 | numpy_client.py:184 | Cache is stale, return ReadIns
DEBUG flower 2021-04-08 11:50:12,305 | numpy_client.py:228 | read: ReadRes(clock=16)
DEBUG flower 2021-04-08 11:50:12,313 | numpy_client.py:172 | fit, FitIns(clock=18)
DEBUG flower 2021-04-08 11:50:12,313 | numpy_client.py:260 | cached_clock: 16, curr_clock: 18
INFO flower 2021-04-08 11:50:14,309 | numpy_client.py:205 | Cache is fresh, return FitRes(clock=18)
DEBUG flower 2021-04-08 11:50:21,462 | numpy_client.py:172 | fit, FitIns(clock=19)
DEBUG flower 2021-04-08 11:50:21,462 | numpy_client.py:260 | cached_clock: 16, curr_clock: 19
INFO flower 2021-04-08 11:50:21,462 | numpy_client.py:184 | Cache is stale, return ReadIns
DEBUG flower 2021-04-08 11:50:26,222 | numpy_client.py:228 | read: ReadRes(clock=17)
DEBUG flower 2021-04-08 11:50:26,229 | numpy_client.py:172 | fit, FitIns(clock=19)
DEBUG flower 2021-04-08 11:50:26,229 | numpy_client.py:260 | cached_clock: 17, curr_clock: 19
INFO flower 2021-04-08 11:50:28,216 | numpy_client.py:205 | Cache is fresh, return FitRes(clock=19)
DEBUG flower 2021-04-08 11:50:35,224 | numpy_client.py:172 | fit, FitIns(clock=20)
DEBUG flower 2021-04-08 11:50:35,225 | numpy_client.py:260 | cached_clock: 17, curr_clock: 20
INFO flower 2021-04-08 11:50:35,225 | numpy_client.py:184 | Cache is stale, return ReadIns
DEBUG flower 2021-04-08 11:50:39,605 | numpy_client.py:228 | read: ReadRes(clock=18)
DEBUG flower 2021-04-08 11:50:39,612 | numpy_client.py:172 | fit, FitIns(clock=20)
DEBUG flower 2021-04-08 11:50:39,612 | numpy_client.py:260 | cached_clock: 18, curr_clock: 20
INFO flower 2021-04-08 11:50:41,624 | numpy_client.py:205 | Cache is fresh, return FitRes(clock=20)
DEBUG flower 2021-04-08 11:50:48,535 | numpy_client.py:172 | fit, FitIns(clock=21)
DEBUG flower 2021-04-08 11:50:48,535 | numpy_client.py:260 | cached_clock: 18, curr_clock: 21
INFO flower 2021-04-08 11:50:48,535 | numpy_client.py:184 | Cache is stale, return ReadIns
DEBUG flower 2021-04-08 11:50:53,037 | numpy_client.py:228 | read: ReadRes(clock=19)
DEBUG flower 2021-04-08 11:50:53,044 | numpy_client.py:172 | fit, FitIns(clock=21)
DEBUG flower 2021-04-08 11:50:53,044 | numpy_client.py:260 | cached_clock: 19, curr_clock: 21
INFO flower 2021-04-08 11:50:54,930 | numpy_client.py:205 | Cache is fresh, return FitRes(clock=21)
DEBUG flower 2021-04-08 11:51:02,007 | numpy_client.py:172 | fit, FitIns(clock=22)
DEBUG flower 2021-04-08 11:51:02,007 | numpy_client.py:260 | cached_clock: 19, curr_clock: 22
INFO flower 2021-04-08 11:51:02,007 | numpy_client.py:184 | Cache is stale, return ReadIns
DEBUG flower 2021-04-08 11:51:06,754 | numpy_client.py:228 | read: ReadRes(clock=20)
DEBUG flower 2021-04-08 11:51:06,761 | numpy_client.py:172 | fit, FitIns(clock=22)
DEBUG flower 2021-04-08 11:51:06,761 | numpy_client.py:260 | cached_clock: 20, curr_clock: 22
INFO flower 2021-04-08 11:51:08,813 | numpy_client.py:205 | Cache is fresh, return FitRes(clock=22)
DEBUG flower 2021-04-08 11:51:15,614 | numpy_client.py:172 | fit, FitIns(clock=23)
DEBUG flower 2021-04-08 11:51:15,614 | numpy_client.py:260 | cached_clock: 20, curr_clock: 23
INFO flower 2021-04-08 11:51:15,614 | numpy_client.py:184 | Cache is stale, return ReadIns
DEBUG flower 2021-04-08 11:51:20,235 | numpy_client.py:228 | read: ReadRes(clock=21)
DEBUG flower 2021-04-08 11:51:20,243 | numpy_client.py:172 | fit, FitIns(clock=23)
DEBUG flower 2021-04-08 11:51:20,243 | numpy_client.py:260 | cached_clock: 21, curr_clock: 23
INFO flower 2021-04-08 11:51:22,232 | numpy_client.py:205 | Cache is fresh, return FitRes(clock=23)
DEBUG flower 2021-04-08 11:51:29,288 | numpy_client.py:172 | fit, FitIns(clock=24)
DEBUG flower 2021-04-08 11:51:29,288 | numpy_client.py:260 | cached_clock: 21, curr_clock: 24
INFO flower 2021-04-08 11:51:29,289 | numpy_client.py:184 | Cache is stale, return ReadIns
DEBUG flower 2021-04-08 11:51:33,725 | numpy_client.py:228 | read: ReadRes(clock=22)
DEBUG flower 2021-04-08 11:51:33,732 | numpy_client.py:172 | fit, FitIns(clock=24)
DEBUG flower 2021-04-08 11:51:33,732 | numpy_client.py:260 | cached_clock: 22, curr_clock: 24
INFO flower 2021-04-08 11:51:35,736 | numpy_client.py:205 | Cache is fresh, return FitRes(clock=24)
DEBUG flower 2021-04-08 11:51:42,818 | numpy_client.py:172 | fit, FitIns(clock=25)
DEBUG flower 2021-04-08 11:51:42,818 | numpy_client.py:260 | cached_clock: 22, curr_clock: 25
INFO flower 2021-04-08 11:51:42,819 | numpy_client.py:184 | Cache is stale, return ReadIns
DEBUG flower 2021-04-08 11:51:47,505 | numpy_client.py:228 | read: ReadRes(clock=23)
DEBUG flower 2021-04-08 11:51:47,512 | numpy_client.py:172 | fit, FitIns(clock=25)
DEBUG flower 2021-04-08 11:51:47,512 | numpy_client.py:260 | cached_clock: 23, curr_clock: 25
INFO flower 2021-04-08 11:51:49,429 | numpy_client.py:205 | Cache is fresh, return FitRes(clock=25)
DEBUG flower 2021-04-08 11:51:56,329 | numpy_client.py:172 | fit, FitIns(clock=26)
DEBUG flower 2021-04-08 11:51:56,329 | numpy_client.py:260 | cached_clock: 23, curr_clock: 26
INFO flower 2021-04-08 11:51:56,329 | numpy_client.py:184 | Cache is stale, return ReadIns
DEBUG flower 2021-04-08 11:52:00,808 | numpy_client.py:228 | read: ReadRes(clock=24)
DEBUG flower 2021-04-08 11:52:00,815 | numpy_client.py:172 | fit, FitIns(clock=26)
DEBUG flower 2021-04-08 11:52:00,815 | numpy_client.py:260 | cached_clock: 24, curr_clock: 26
INFO flower 2021-04-08 11:52:02,918 | numpy_client.py:205 | Cache is fresh, return FitRes(clock=26)
DEBUG flower 2021-04-08 11:52:09,869 | numpy_client.py:172 | fit, FitIns(clock=27)
DEBUG flower 2021-04-08 11:52:09,870 | numpy_client.py:260 | cached_clock: 24, curr_clock: 27
INFO flower 2021-04-08 11:52:09,870 | numpy_client.py:184 | Cache is stale, return ReadIns
DEBUG flower 2021-04-08 11:52:14,657 | numpy_client.py:228 | read: ReadRes(clock=25)
DEBUG flower 2021-04-08 11:52:14,665 | numpy_client.py:172 | fit, FitIns(clock=27)
DEBUG flower 2021-04-08 11:52:14,665 | numpy_client.py:260 | cached_clock: 25, curr_clock: 27
INFO flower 2021-04-08 11:52:16,712 | numpy_client.py:205 | Cache is fresh, return FitRes(clock=27)
DEBUG flower 2021-04-08 11:52:23,387 | numpy_client.py:172 | fit, FitIns(clock=28)
DEBUG flower 2021-04-08 11:52:23,388 | numpy_client.py:260 | cached_clock: 25, curr_clock: 28
INFO flower 2021-04-08 11:52:23,388 | numpy_client.py:184 | Cache is stale, return ReadIns
DEBUG flower 2021-04-08 11:52:28,057 | numpy_client.py:228 | read: ReadRes(clock=26)
DEBUG flower 2021-04-08 11:52:28,065 | numpy_client.py:172 | fit, FitIns(clock=28)
DEBUG flower 2021-04-08 11:52:28,065 | numpy_client.py:260 | cached_clock: 26, curr_clock: 28
INFO flower 2021-04-08 11:52:30,011 | numpy_client.py:205 | Cache is fresh, return FitRes(clock=28)
DEBUG flower 2021-04-08 11:52:36,789 | numpy_client.py:172 | fit, FitIns(clock=29)
DEBUG flower 2021-04-08 11:52:36,789 | numpy_client.py:260 | cached_clock: 26, curr_clock: 29
INFO flower 2021-04-08 11:52:36,790 | numpy_client.py:184 | Cache is stale, return ReadIns
DEBUG flower 2021-04-08 11:52:41,653 | numpy_client.py:228 | read: ReadRes(clock=27)
DEBUG flower 2021-04-08 11:52:41,660 | numpy_client.py:172 | fit, FitIns(clock=29)
DEBUG flower 2021-04-08 11:52:41,660 | numpy_client.py:260 | cached_clock: 27, curr_clock: 29
INFO flower 2021-04-08 11:52:43,610 | numpy_client.py:205 | Cache is fresh, return FitRes(clock=29)
DEBUG flower 2021-04-08 11:52:50,721 | numpy_client.py:172 | fit, FitIns(clock=30)
DEBUG flower 2021-04-08 11:52:50,722 | numpy_client.py:260 | cached_clock: 27, curr_clock: 30
INFO flower 2021-04-08 11:52:50,722 | numpy_client.py:184 | Cache is stale, return ReadIns
DEBUG flower 2021-04-08 11:52:55,336 | numpy_client.py:228 | read: ReadRes(clock=28)
DEBUG flower 2021-04-08 11:52:55,344 | numpy_client.py:172 | fit, FitIns(clock=30)
DEBUG flower 2021-04-08 11:52:55,344 | numpy_client.py:260 | cached_clock: 28, curr_clock: 30
INFO flower 2021-04-08 11:52:57,405 | numpy_client.py:205 | Cache is fresh, return FitRes(clock=30)
DEBUG flower 2021-04-08 11:53:04,473 | numpy_client.py:172 | fit, FitIns(clock=31)
DEBUG flower 2021-04-08 11:53:04,473 | numpy_client.py:260 | cached_clock: 28, curr_clock: 31
INFO flower 2021-04-08 11:53:04,473 | numpy_client.py:184 | Cache is stale, return ReadIns
DEBUG flower 2021-04-08 11:53:09,005 | numpy_client.py:228 | read: ReadRes(clock=29)
DEBUG flower 2021-04-08 11:53:09,012 | numpy_client.py:172 | fit, FitIns(clock=31)
DEBUG flower 2021-04-08 11:53:09,012 | numpy_client.py:260 | cached_clock: 29, curr_clock: 31
INFO flower 2021-04-08 11:53:11,032 | numpy_client.py:205 | Cache is fresh, return FitRes(clock=31)
DEBUG flower 2021-04-08 11:53:17,996 | numpy_client.py:172 | fit, FitIns(clock=32)
DEBUG flower 2021-04-08 11:53:17,996 | numpy_client.py:260 | cached_clock: 29, curr_clock: 32
INFO flower 2021-04-08 11:53:17,996 | numpy_client.py:184 | Cache is stale, return ReadIns
DEBUG flower 2021-04-08 11:53:22,327 | numpy_client.py:228 | read: ReadRes(clock=30)
DEBUG flower 2021-04-08 11:53:22,335 | numpy_client.py:172 | fit, FitIns(clock=32)
DEBUG flower 2021-04-08 11:53:22,335 | numpy_client.py:260 | cached_clock: 30, curr_clock: 32
INFO flower 2021-04-08 11:53:24,235 | numpy_client.py:205 | Cache is fresh, return FitRes(clock=32)
DEBUG flower 2021-04-08 11:53:31,185 | numpy_client.py:172 | fit, FitIns(clock=33)
DEBUG flower 2021-04-08 11:53:31,185 | numpy_client.py:260 | cached_clock: 30, curr_clock: 33
INFO flower 2021-04-08 11:53:31,186 | numpy_client.py:184 | Cache is stale, return ReadIns
DEBUG flower 2021-04-08 11:53:35,505 | numpy_client.py:228 | read: ReadRes(clock=31)
DEBUG flower 2021-04-08 11:53:35,512 | numpy_client.py:172 | fit, FitIns(clock=33)
DEBUG flower 2021-04-08 11:53:35,512 | numpy_client.py:260 | cached_clock: 31, curr_clock: 33
INFO flower 2021-04-08 11:53:37,516 | numpy_client.py:205 | Cache is fresh, return FitRes(clock=33)
DEBUG flower 2021-04-08 11:53:44,014 | numpy_client.py:172 | fit, FitIns(clock=34)
DEBUG flower 2021-04-08 11:53:44,014 | numpy_client.py:260 | cached_clock: 31, curr_clock: 34
INFO flower 2021-04-08 11:53:44,014 | numpy_client.py:184 | Cache is stale, return ReadIns
DEBUG flower 2021-04-08 11:53:48,630 | numpy_client.py:228 | read: ReadRes(clock=32)
DEBUG flower 2021-04-08 11:53:48,638 | numpy_client.py:172 | fit, FitIns(clock=34)
DEBUG flower 2021-04-08 11:53:48,638 | numpy_client.py:260 | cached_clock: 32, curr_clock: 34
INFO flower 2021-04-08 11:53:50,635 | numpy_client.py:205 | Cache is fresh, return FitRes(clock=34)
DEBUG flower 2021-04-08 11:53:57,589 | numpy_client.py:172 | fit, FitIns(clock=35)
DEBUG flower 2021-04-08 11:53:57,589 | numpy_client.py:260 | cached_clock: 32, curr_clock: 35
INFO flower 2021-04-08 11:53:57,589 | numpy_client.py:184 | Cache is stale, return ReadIns
DEBUG flower 2021-04-08 11:54:02,205 | numpy_client.py:228 | read: ReadRes(clock=33)
DEBUG flower 2021-04-08 11:54:02,213 | numpy_client.py:172 | fit, FitIns(clock=35)
DEBUG flower 2021-04-08 11:54:02,213 | numpy_client.py:260 | cached_clock: 33, curr_clock: 35
INFO flower 2021-04-08 11:54:04,233 | numpy_client.py:205 | Cache is fresh, return FitRes(clock=35)
DEBUG flower 2021-04-08 11:54:10,964 | numpy_client.py:172 | fit, FitIns(clock=36)
DEBUG flower 2021-04-08 11:54:10,965 | numpy_client.py:260 | cached_clock: 33, curr_clock: 36
INFO flower 2021-04-08 11:54:10,965 | numpy_client.py:184 | Cache is stale, return ReadIns
DEBUG flower 2021-04-08 11:54:15,344 | numpy_client.py:228 | read: ReadRes(clock=34)
DEBUG flower 2021-04-08 11:54:15,352 | numpy_client.py:172 | fit, FitIns(clock=36)
DEBUG flower 2021-04-08 11:54:15,352 | numpy_client.py:260 | cached_clock: 34, curr_clock: 36
INFO flower 2021-04-08 11:54:17,333 | numpy_client.py:205 | Cache is fresh, return FitRes(clock=36)
DEBUG flower 2021-04-08 11:54:24,213 | numpy_client.py:172 | fit, FitIns(clock=37)
DEBUG flower 2021-04-08 11:54:24,214 | numpy_client.py:260 | cached_clock: 34, curr_clock: 37
INFO flower 2021-04-08 11:54:24,214 | numpy_client.py:184 | Cache is stale, return ReadIns
DEBUG flower 2021-04-08 11:54:28,743 | numpy_client.py:228 | read: ReadRes(clock=35)
DEBUG flower 2021-04-08 11:54:28,750 | numpy_client.py:172 | fit, FitIns(clock=37)
DEBUG flower 2021-04-08 11:54:28,750 | numpy_client.py:260 | cached_clock: 35, curr_clock: 37
INFO flower 2021-04-08 11:54:30,711 | numpy_client.py:205 | Cache is fresh, return FitRes(clock=37)
DEBUG flower 2021-04-08 11:54:37,581 | numpy_client.py:172 | fit, FitIns(clock=38)
DEBUG flower 2021-04-08 11:54:37,581 | numpy_client.py:260 | cached_clock: 35, curr_clock: 38
INFO flower 2021-04-08 11:54:37,581 | numpy_client.py:184 | Cache is stale, return ReadIns
DEBUG flower 2021-04-08 11:54:42,041 | numpy_client.py:228 | read: ReadRes(clock=36)
DEBUG flower 2021-04-08 11:54:42,049 | numpy_client.py:172 | fit, FitIns(clock=38)
DEBUG flower 2021-04-08 11:54:42,049 | numpy_client.py:260 | cached_clock: 36, curr_clock: 38
INFO flower 2021-04-08 11:54:44,035 | numpy_client.py:205 | Cache is fresh, return FitRes(clock=38)
DEBUG flower 2021-04-08 11:54:51,115 | numpy_client.py:172 | fit, FitIns(clock=39)
DEBUG flower 2021-04-08 11:54:51,115 | numpy_client.py:260 | cached_clock: 36, curr_clock: 39
INFO flower 2021-04-08 11:54:51,116 | numpy_client.py:184 | Cache is stale, return ReadIns
DEBUG flower 2021-04-08 11:54:55,605 | numpy_client.py:228 | read: ReadRes(clock=37)
DEBUG flower 2021-04-08 11:54:55,612 | numpy_client.py:172 | fit, FitIns(clock=39)
DEBUG flower 2021-04-08 11:54:55,613 | numpy_client.py:260 | cached_clock: 37, curr_clock: 39
INFO flower 2021-04-08 11:54:57,630 | numpy_client.py:205 | Cache is fresh, return FitRes(clock=39)
DEBUG flower 2021-04-08 11:55:04,382 | numpy_client.py:172 | fit, FitIns(clock=40)
DEBUG flower 2021-04-08 11:55:04,382 | numpy_client.py:260 | cached_clock: 37, curr_clock: 40
INFO flower 2021-04-08 11:55:04,382 | numpy_client.py:184 | Cache is stale, return ReadIns
DEBUG flower 2021-04-08 11:55:08,725 | numpy_client.py:228 | read: ReadRes(clock=38)
DEBUG flower 2021-04-08 11:55:08,732 | numpy_client.py:172 | fit, FitIns(clock=40)
DEBUG flower 2021-04-08 11:55:08,732 | numpy_client.py:260 | cached_clock: 38, curr_clock: 40
INFO flower 2021-04-08 11:55:10,714 | numpy_client.py:205 | Cache is fresh, return FitRes(clock=40)
DEBUG flower 2021-04-08 11:55:17,475 | numpy_client.py:172 | fit, FitIns(clock=41)
DEBUG flower 2021-04-08 11:55:17,475 | numpy_client.py:260 | cached_clock: 38, curr_clock: 41
INFO flower 2021-04-08 11:55:17,475 | numpy_client.py:184 | Cache is stale, return ReadIns
DEBUG flower 2021-04-08 11:55:21,974 | numpy_client.py:228 | read: ReadRes(clock=39)
DEBUG flower 2021-04-08 11:55:21,982 | numpy_client.py:172 | fit, FitIns(clock=41)
DEBUG flower 2021-04-08 11:55:21,982 | numpy_client.py:260 | cached_clock: 39, curr_clock: 41
INFO flower 2021-04-08 11:55:24,010 | numpy_client.py:205 | Cache is fresh, return FitRes(clock=41)
DEBUG flower 2021-04-08 11:55:31,106 | numpy_client.py:172 | fit, FitIns(clock=42)
DEBUG flower 2021-04-08 11:55:31,107 | numpy_client.py:260 | cached_clock: 39, curr_clock: 42
INFO flower 2021-04-08 11:55:31,107 | numpy_client.py:184 | Cache is stale, return ReadIns
DEBUG flower 2021-04-08 11:55:35,843 | numpy_client.py:228 | read: ReadRes(clock=40)
DEBUG flower 2021-04-08 11:55:35,851 | numpy_client.py:172 | fit, FitIns(clock=42)
DEBUG flower 2021-04-08 11:55:35,851 | numpy_client.py:260 | cached_clock: 40, curr_clock: 42
INFO flower 2021-04-08 11:55:37,811 | numpy_client.py:205 | Cache is fresh, return FitRes(clock=42)
DEBUG flower 2021-04-08 11:55:44,765 | numpy_client.py:172 | fit, FitIns(clock=43)
DEBUG flower 2021-04-08 11:55:44,766 | numpy_client.py:260 | cached_clock: 40, curr_clock: 43
INFO flower 2021-04-08 11:55:44,766 | numpy_client.py:184 | Cache is stale, return ReadIns
DEBUG flower 2021-04-08 11:55:49,185 | numpy_client.py:228 | read: ReadRes(clock=41)
DEBUG flower 2021-04-08 11:55:49,193 | numpy_client.py:172 | fit, FitIns(clock=43)
DEBUG flower 2021-04-08 11:55:49,193 | numpy_client.py:260 | cached_clock: 41, curr_clock: 43
INFO flower 2021-04-08 11:55:51,212 | numpy_client.py:205 | Cache is fresh, return FitRes(clock=43)
DEBUG flower 2021-04-08 11:55:58,655 | numpy_client.py:172 | fit, FitIns(clock=44)
DEBUG flower 2021-04-08 11:55:58,655 | numpy_client.py:260 | cached_clock: 41, curr_clock: 44
INFO flower 2021-04-08 11:55:58,656 | numpy_client.py:184 | Cache is stale, return ReadIns
DEBUG flower 2021-04-08 11:56:03,150 | numpy_client.py:228 | read: ReadRes(clock=42)
DEBUG flower 2021-04-08 11:56:03,157 | numpy_client.py:172 | fit, FitIns(clock=44)
DEBUG flower 2021-04-08 11:56:03,157 | numpy_client.py:260 | cached_clock: 42, curr_clock: 44
INFO flower 2021-04-08 11:56:05,112 | numpy_client.py:205 | Cache is fresh, return FitRes(clock=44)
DEBUG flower 2021-04-08 11:56:11,546 | numpy_client.py:172 | fit, FitIns(clock=45)
DEBUG flower 2021-04-08 11:56:11,546 | numpy_client.py:260 | cached_clock: 42, curr_clock: 45
INFO flower 2021-04-08 11:56:11,547 | numpy_client.py:184 | Cache is stale, return ReadIns
DEBUG flower 2021-04-08 11:56:15,917 | numpy_client.py:228 | read: ReadRes(clock=43)
DEBUG flower 2021-04-08 11:56:15,924 | numpy_client.py:172 | fit, FitIns(clock=45)
DEBUG flower 2021-04-08 11:56:15,925 | numpy_client.py:260 | cached_clock: 43, curr_clock: 45
INFO flower 2021-04-08 11:56:17,937 | numpy_client.py:205 | Cache is fresh, return FitRes(clock=45)
DEBUG flower 2021-04-08 11:56:24,692 | numpy_client.py:172 | fit, FitIns(clock=46)
DEBUG flower 2021-04-08 11:56:24,692 | numpy_client.py:260 | cached_clock: 43, curr_clock: 46
INFO flower 2021-04-08 11:56:24,693 | numpy_client.py:184 | Cache is stale, return ReadIns
DEBUG flower 2021-04-08 11:56:29,039 | numpy_client.py:228 | read: ReadRes(clock=44)
DEBUG flower 2021-04-08 11:56:29,047 | numpy_client.py:172 | fit, FitIns(clock=46)
DEBUG flower 2021-04-08 11:56:29,047 | numpy_client.py:260 | cached_clock: 44, curr_clock: 46
INFO flower 2021-04-08 11:56:31,015 | numpy_client.py:205 | Cache is fresh, return FitRes(clock=46)
DEBUG flower 2021-04-08 11:56:37,580 | numpy_client.py:172 | fit, FitIns(clock=47)
DEBUG flower 2021-04-08 11:56:37,580 | numpy_client.py:260 | cached_clock: 44, curr_clock: 47
INFO flower 2021-04-08 11:56:37,580 | numpy_client.py:184 | Cache is stale, return ReadIns
DEBUG flower 2021-04-08 11:56:42,183 | numpy_client.py:228 | read: ReadRes(clock=45)
DEBUG flower 2021-04-08 11:56:42,190 | numpy_client.py:172 | fit, FitIns(clock=47)
DEBUG flower 2021-04-08 11:56:42,190 | numpy_client.py:260 | cached_clock: 45, curr_clock: 47
INFO flower 2021-04-08 11:56:44,239 | numpy_client.py:205 | Cache is fresh, return FitRes(clock=47)
DEBUG flower 2021-04-08 11:56:51,416 | numpy_client.py:172 | fit, FitIns(clock=48)
DEBUG flower 2021-04-08 11:56:51,417 | numpy_client.py:260 | cached_clock: 45, curr_clock: 48
INFO flower 2021-04-08 11:56:51,417 | numpy_client.py:184 | Cache is stale, return ReadIns
DEBUG flower 2021-04-08 11:56:56,251 | numpy_client.py:228 | read: ReadRes(clock=46)
DEBUG flower 2021-04-08 11:56:56,258 | numpy_client.py:172 | fit, FitIns(clock=48)
DEBUG flower 2021-04-08 11:56:56,258 | numpy_client.py:260 | cached_clock: 46, curr_clock: 48
INFO flower 2021-04-08 11:56:58,312 | numpy_client.py:205 | Cache is fresh, return FitRes(clock=48)
DEBUG flower 2021-04-08 11:57:05,082 | numpy_client.py:172 | fit, FitIns(clock=49)
DEBUG flower 2021-04-08 11:57:05,082 | numpy_client.py:260 | cached_clock: 46, curr_clock: 49
INFO flower 2021-04-08 11:57:05,082 | numpy_client.py:184 | Cache is stale, return ReadIns
DEBUG flower 2021-04-08 11:57:09,723 | numpy_client.py:228 | read: ReadRes(clock=47)
DEBUG flower 2021-04-08 11:57:09,730 | numpy_client.py:172 | fit, FitIns(clock=49)
DEBUG flower 2021-04-08 11:57:09,731 | numpy_client.py:260 | cached_clock: 47, curr_clock: 49
INFO flower 2021-04-08 11:57:11,816 | numpy_client.py:205 | Cache is fresh, return FitRes(clock=49)
DEBUG flower 2021-04-08 11:57:18,639 | numpy_client.py:172 | fit, FitIns(clock=50)
DEBUG flower 2021-04-08 11:57:18,639 | numpy_client.py:260 | cached_clock: 47, curr_clock: 50
INFO flower 2021-04-08 11:57:18,639 | numpy_client.py:184 | Cache is stale, return ReadIns
DEBUG flower 2021-04-08 11:57:23,105 | numpy_client.py:228 | read: ReadRes(clock=48)
DEBUG flower 2021-04-08 11:57:23,113 | numpy_client.py:172 | fit, FitIns(clock=50)
DEBUG flower 2021-04-08 11:57:23,113 | numpy_client.py:260 | cached_clock: 48, curr_clock: 50
INFO flower 2021-04-08 11:57:25,112 | numpy_client.py:205 | Cache is fresh, return FitRes(clock=50)
DEBUG flower 2021-04-08 11:57:32,197 | numpy_client.py:172 | fit, FitIns(clock=51)
DEBUG flower 2021-04-08 11:57:32,197 | numpy_client.py:260 | cached_clock: 48, curr_clock: 51
INFO flower 2021-04-08 11:57:32,197 | numpy_client.py:184 | Cache is stale, return ReadIns
DEBUG flower 2021-04-08 11:57:36,622 | numpy_client.py:228 | read: ReadRes(clock=49)
DEBUG flower 2021-04-08 11:57:36,630 | numpy_client.py:172 | fit, FitIns(clock=51)
DEBUG flower 2021-04-08 11:57:36,630 | numpy_client.py:260 | cached_clock: 49, curr_clock: 51
INFO flower 2021-04-08 11:57:38,807 | numpy_client.py:205 | Cache is fresh, return FitRes(clock=51)
DEBUG flower 2021-04-08 11:57:45,501 | numpy_client.py:172 | fit, FitIns(clock=52)
DEBUG flower 2021-04-08 11:57:45,501 | numpy_client.py:260 | cached_clock: 49, curr_clock: 52
INFO flower 2021-04-08 11:57:45,501 | numpy_client.py:184 | Cache is stale, return ReadIns
DEBUG flower 2021-04-08 11:57:50,636 | numpy_client.py:228 | read: ReadRes(clock=50)
DEBUG flower 2021-04-08 11:57:50,644 | numpy_client.py:172 | fit, FitIns(clock=52)
DEBUG flower 2021-04-08 11:57:50,644 | numpy_client.py:260 | cached_clock: 50, curr_clock: 52
INFO flower 2021-04-08 11:57:52,611 | numpy_client.py:205 | Cache is fresh, return FitRes(clock=52)
DEBUG flower 2021-04-08 11:57:59,781 | numpy_client.py:172 | fit, FitIns(clock=53)
DEBUG flower 2021-04-08 11:57:59,782 | numpy_client.py:260 | cached_clock: 50, curr_clock: 53
INFO flower 2021-04-08 11:57:59,782 | numpy_client.py:184 | Cache is stale, return ReadIns
DEBUG flower 2021-04-08 11:58:05,018 | numpy_client.py:228 | read: ReadRes(clock=51)
DEBUG flower 2021-04-08 11:58:05,025 | numpy_client.py:172 | fit, FitIns(clock=53)
DEBUG flower 2021-04-08 11:58:05,025 | numpy_client.py:260 | cached_clock: 51, curr_clock: 53
INFO flower 2021-04-08 11:58:07,033 | numpy_client.py:205 | Cache is fresh, return FitRes(clock=53)
DEBUG flower 2021-04-08 11:58:13,882 | numpy_client.py:172 | fit, FitIns(clock=54)
DEBUG flower 2021-04-08 11:58:13,882 | numpy_client.py:260 | cached_clock: 51, curr_clock: 54
INFO flower 2021-04-08 11:58:13,883 | numpy_client.py:184 | Cache is stale, return ReadIns
DEBUG flower 2021-04-08 11:58:18,545 | numpy_client.py:228 | read: ReadRes(clock=52)
DEBUG flower 2021-04-08 11:58:18,552 | numpy_client.py:172 | fit, FitIns(clock=54)
DEBUG flower 2021-04-08 11:58:18,552 | numpy_client.py:260 | cached_clock: 52, curr_clock: 54
INFO flower 2021-04-08 11:58:20,440 | numpy_client.py:205 | Cache is fresh, return FitRes(clock=54)
DEBUG flower 2021-04-08 11:58:27,271 | numpy_client.py:172 | fit, FitIns(clock=55)
DEBUG flower 2021-04-08 11:58:27,272 | numpy_client.py:260 | cached_clock: 52, curr_clock: 55
INFO flower 2021-04-08 11:58:27,272 | numpy_client.py:184 | Cache is stale, return ReadIns
DEBUG flower 2021-04-08 11:58:31,829 | numpy_client.py:228 | read: ReadRes(clock=53)
DEBUG flower 2021-04-08 11:58:31,836 | numpy_client.py:172 | fit, FitIns(clock=55)
DEBUG flower 2021-04-08 11:58:31,837 | numpy_client.py:260 | cached_clock: 53, curr_clock: 55
INFO flower 2021-04-08 11:58:33,836 | numpy_client.py:205 | Cache is fresh, return FitRes(clock=55)
DEBUG flower 2021-04-08 11:58:41,064 | numpy_client.py:172 | fit, FitIns(clock=56)
DEBUG flower 2021-04-08 11:58:41,065 | numpy_client.py:260 | cached_clock: 53, curr_clock: 56
INFO flower 2021-04-08 11:58:41,065 | numpy_client.py:184 | Cache is stale, return ReadIns
DEBUG flower 2021-04-08 11:58:45,805 | numpy_client.py:228 | read: ReadRes(clock=54)
DEBUG flower 2021-04-08 11:58:45,812 | numpy_client.py:172 | fit, FitIns(clock=56)
DEBUG flower 2021-04-08 11:58:45,813 | numpy_client.py:260 | cached_clock: 54, curr_clock: 56
INFO flower 2021-04-08 11:58:47,812 | numpy_client.py:205 | Cache is fresh, return FitRes(clock=56)
DEBUG flower 2021-04-08 11:58:54,772 | numpy_client.py:172 | fit, FitIns(clock=57)
DEBUG flower 2021-04-08 11:58:54,772 | numpy_client.py:260 | cached_clock: 54, curr_clock: 57
INFO flower 2021-04-08 11:58:54,772 | numpy_client.py:184 | Cache is stale, return ReadIns
DEBUG flower 2021-04-08 11:58:59,195 | numpy_client.py:228 | read: ReadRes(clock=55)
DEBUG flower 2021-04-08 11:58:59,202 | numpy_client.py:172 | fit, FitIns(clock=57)
DEBUG flower 2021-04-08 11:58:59,202 | numpy_client.py:260 | cached_clock: 55, curr_clock: 57
INFO flower 2021-04-08 11:59:01,232 | numpy_client.py:205 | Cache is fresh, return FitRes(clock=57)
DEBUG flower 2021-04-08 11:59:08,287 | numpy_client.py:172 | fit, FitIns(clock=58)
DEBUG flower 2021-04-08 11:59:08,288 | numpy_client.py:260 | cached_clock: 55, curr_clock: 58
INFO flower 2021-04-08 11:59:08,288 | numpy_client.py:184 | Cache is stale, return ReadIns
DEBUG flower 2021-04-08 11:59:12,912 | numpy_client.py:228 | read: ReadRes(clock=56)
DEBUG flower 2021-04-08 11:59:12,919 | numpy_client.py:172 | fit, FitIns(clock=58)
DEBUG flower 2021-04-08 11:59:12,919 | numpy_client.py:260 | cached_clock: 56, curr_clock: 58
INFO flower 2021-04-08 11:59:14,930 | numpy_client.py:205 | Cache is fresh, return FitRes(clock=58)
DEBUG flower 2021-04-08 11:59:21,881 | numpy_client.py:172 | fit, FitIns(clock=59)
DEBUG flower 2021-04-08 11:59:21,881 | numpy_client.py:260 | cached_clock: 56, curr_clock: 59
INFO flower 2021-04-08 11:59:21,881 | numpy_client.py:184 | Cache is stale, return ReadIns
DEBUG flower 2021-04-08 11:59:26,738 | numpy_client.py:228 | read: ReadRes(clock=57)
DEBUG flower 2021-04-08 11:59:26,746 | numpy_client.py:172 | fit, FitIns(clock=59)
DEBUG flower 2021-04-08 11:59:26,746 | numpy_client.py:260 | cached_clock: 57, curr_clock: 59
INFO flower 2021-04-08 11:59:28,632 | numpy_client.py:205 | Cache is fresh, return FitRes(clock=59)
DEBUG flower 2021-04-08 11:59:35,713 | numpy_client.py:172 | fit, FitIns(clock=60)
DEBUG flower 2021-04-08 11:59:35,713 | numpy_client.py:260 | cached_clock: 57, curr_clock: 60
INFO flower 2021-04-08 11:59:35,714 | numpy_client.py:184 | Cache is stale, return ReadIns
DEBUG flower 2021-04-08 11:59:40,543 | numpy_client.py:228 | read: ReadRes(clock=58)
DEBUG flower 2021-04-08 11:59:40,551 | numpy_client.py:172 | fit, FitIns(clock=60)
DEBUG flower 2021-04-08 11:59:40,551 | numpy_client.py:260 | cached_clock: 58, curr_clock: 60
INFO flower 2021-04-08 11:59:42,514 | numpy_client.py:205 | Cache is fresh, return FitRes(clock=60)
DEBUG flower 2021-04-08 11:59:49,740 | numpy_client.py:172 | fit, FitIns(clock=61)
DEBUG flower 2021-04-08 11:59:49,740 | numpy_client.py:260 | cached_clock: 58, curr_clock: 61
INFO flower 2021-04-08 11:59:49,741 | numpy_client.py:184 | Cache is stale, return ReadIns
DEBUG flower 2021-04-08 11:59:54,604 | numpy_client.py:228 | read: ReadRes(clock=59)
DEBUG flower 2021-04-08 11:59:54,611 | numpy_client.py:172 | fit, FitIns(clock=61)
DEBUG flower 2021-04-08 11:59:54,612 | numpy_client.py:260 | cached_clock: 59, curr_clock: 61
INFO flower 2021-04-08 11:59:56,715 | numpy_client.py:205 | Cache is fresh, return FitRes(clock=61)
DEBUG flower 2021-04-08 12:00:03,652 | numpy_client.py:172 | fit, FitIns(clock=62)
DEBUG flower 2021-04-08 12:00:03,653 | numpy_client.py:260 | cached_clock: 59, curr_clock: 62
INFO flower 2021-04-08 12:00:03,653 | numpy_client.py:184 | Cache is stale, return ReadIns
DEBUG flower 2021-04-08 12:00:08,232 | numpy_client.py:228 | read: ReadRes(clock=60)
DEBUG flower 2021-04-08 12:00:08,240 | numpy_client.py:172 | fit, FitIns(clock=62)
DEBUG flower 2021-04-08 12:00:08,240 | numpy_client.py:260 | cached_clock: 60, curr_clock: 62
INFO flower 2021-04-08 12:00:10,437 | numpy_client.py:205 | Cache is fresh, return FitRes(clock=62)
DEBUG flower 2021-04-08 12:00:17,004 | numpy_client.py:172 | fit, FitIns(clock=63)
DEBUG flower 2021-04-08 12:00:17,005 | numpy_client.py:260 | cached_clock: 60, curr_clock: 63
INFO flower 2021-04-08 12:00:17,005 | numpy_client.py:184 | Cache is stale, return ReadIns
DEBUG flower 2021-04-08 12:00:21,232 | numpy_client.py:228 | read: ReadRes(clock=61)
DEBUG flower 2021-04-08 12:00:21,240 | numpy_client.py:172 | fit, FitIns(clock=63)
DEBUG flower 2021-04-08 12:00:21,240 | numpy_client.py:260 | cached_clock: 61, curr_clock: 63
INFO flower 2021-04-08 12:00:23,235 | numpy_client.py:205 | Cache is fresh, return FitRes(clock=63)
DEBUG flower 2021-04-08 12:00:30,096 | numpy_client.py:172 | fit, FitIns(clock=64)
DEBUG flower 2021-04-08 12:00:30,096 | numpy_client.py:260 | cached_clock: 61, curr_clock: 64
INFO flower 2021-04-08 12:00:30,096 | numpy_client.py:184 | Cache is stale, return ReadIns
DEBUG flower 2021-04-08 12:00:35,020 | numpy_client.py:228 | read: ReadRes(clock=62)
DEBUG flower 2021-04-08 12:00:35,027 | numpy_client.py:172 | fit, FitIns(clock=64)
DEBUG flower 2021-04-08 12:00:35,028 | numpy_client.py:260 | cached_clock: 62, curr_clock: 64
INFO flower 2021-04-08 12:00:37,036 | numpy_client.py:205 | Cache is fresh, return FitRes(clock=64)
DEBUG flower 2021-04-08 12:00:43,859 | numpy_client.py:172 | fit, FitIns(clock=65)
DEBUG flower 2021-04-08 12:00:43,859 | numpy_client.py:260 | cached_clock: 62, curr_clock: 65
INFO flower 2021-04-08 12:00:43,859 | numpy_client.py:184 | Cache is stale, return ReadIns
DEBUG flower 2021-04-08 12:00:48,402 | numpy_client.py:228 | read: ReadRes(clock=63)
DEBUG flower 2021-04-08 12:00:48,410 | numpy_client.py:172 | fit, FitIns(clock=65)
DEBUG flower 2021-04-08 12:00:48,410 | numpy_client.py:260 | cached_clock: 63, curr_clock: 65
INFO flower 2021-04-08 12:00:50,411 | numpy_client.py:205 | Cache is fresh, return FitRes(clock=65)
DEBUG flower 2021-04-08 12:00:57,365 | numpy_client.py:172 | fit, FitIns(clock=66)
DEBUG flower 2021-04-08 12:00:57,365 | numpy_client.py:260 | cached_clock: 63, curr_clock: 66
INFO flower 2021-04-08 12:00:57,365 | numpy_client.py:184 | Cache is stale, return ReadIns
DEBUG flower 2021-04-08 12:01:02,233 | numpy_client.py:228 | read: ReadRes(clock=64)
DEBUG flower 2021-04-08 12:01:02,240 | numpy_client.py:172 | fit, FitIns(clock=66)
DEBUG flower 2021-04-08 12:01:02,240 | numpy_client.py:260 | cached_clock: 64, curr_clock: 66
INFO flower 2021-04-08 12:01:04,313 | numpy_client.py:205 | Cache is fresh, return FitRes(clock=66)
DEBUG flower 2021-04-08 12:01:11,395 | numpy_client.py:172 | fit, FitIns(clock=67)
DEBUG flower 2021-04-08 12:01:11,395 | numpy_client.py:260 | cached_clock: 64, curr_clock: 67
INFO flower 2021-04-08 12:01:11,395 | numpy_client.py:184 | Cache is stale, return ReadIns
DEBUG flower 2021-04-08 12:01:15,752 | numpy_client.py:228 | read: ReadRes(clock=65)
DEBUG flower 2021-04-08 12:01:15,759 | numpy_client.py:172 | fit, FitIns(clock=67)
DEBUG flower 2021-04-08 12:01:15,759 | numpy_client.py:260 | cached_clock: 65, curr_clock: 67
INFO flower 2021-04-08 12:01:17,821 | numpy_client.py:205 | Cache is fresh, return FitRes(clock=67)
DEBUG flower 2021-04-08 12:01:25,054 | numpy_client.py:172 | fit, FitIns(clock=68)
DEBUG flower 2021-04-08 12:01:25,055 | numpy_client.py:260 | cached_clock: 65, curr_clock: 68
INFO flower 2021-04-08 12:01:25,055 | numpy_client.py:184 | Cache is stale, return ReadIns
DEBUG flower 2021-04-08 12:01:29,405 | numpy_client.py:228 | read: ReadRes(clock=66)
DEBUG flower 2021-04-08 12:01:29,412 | numpy_client.py:172 | fit, FitIns(clock=68)
DEBUG flower 2021-04-08 12:01:29,412 | numpy_client.py:260 | cached_clock: 66, curr_clock: 68
INFO flower 2021-04-08 12:01:31,414 | numpy_client.py:205 | Cache is fresh, return FitRes(clock=68)
DEBUG flower 2021-04-08 12:01:38,193 | numpy_client.py:172 | fit, FitIns(clock=69)
DEBUG flower 2021-04-08 12:01:38,193 | numpy_client.py:260 | cached_clock: 66, curr_clock: 69
INFO flower 2021-04-08 12:01:38,193 | numpy_client.py:184 | Cache is stale, return ReadIns
DEBUG flower 2021-04-08 12:01:42,956 | numpy_client.py:228 | read: ReadRes(clock=67)
DEBUG flower 2021-04-08 12:01:42,964 | numpy_client.py:172 | fit, FitIns(clock=69)
DEBUG flower 2021-04-08 12:01:42,964 | numpy_client.py:260 | cached_clock: 67, curr_clock: 69
INFO flower 2021-04-08 12:01:44,946 | numpy_client.py:205 | Cache is fresh, return FitRes(clock=69)
DEBUG flower 2021-04-08 12:01:51,976 | numpy_client.py:172 | fit, FitIns(clock=70)
DEBUG flower 2021-04-08 12:01:51,976 | numpy_client.py:260 | cached_clock: 67, curr_clock: 70
INFO flower 2021-04-08 12:01:51,976 | numpy_client.py:184 | Cache is stale, return ReadIns
DEBUG flower 2021-04-08 12:01:56,322 | numpy_client.py:228 | read: ReadRes(clock=68)
DEBUG flower 2021-04-08 12:01:56,329 | numpy_client.py:172 | fit, FitIns(clock=70)
DEBUG flower 2021-04-08 12:01:56,329 | numpy_client.py:260 | cached_clock: 68, curr_clock: 70
INFO flower 2021-04-08 12:01:58,333 | numpy_client.py:205 | Cache is fresh, return FitRes(clock=70)
DEBUG flower 2021-04-08 12:02:05,420 | numpy_client.py:172 | fit, FitIns(clock=71)
DEBUG flower 2021-04-08 12:02:05,420 | numpy_client.py:260 | cached_clock: 68, curr_clock: 71
INFO flower 2021-04-08 12:02:05,420 | numpy_client.py:184 | Cache is stale, return ReadIns
DEBUG flower 2021-04-08 12:02:09,742 | numpy_client.py:228 | read: ReadRes(clock=69)
DEBUG flower 2021-04-08 12:02:09,750 | numpy_client.py:172 | fit, FitIns(clock=71)
DEBUG flower 2021-04-08 12:02:09,750 | numpy_client.py:260 | cached_clock: 69, curr_clock: 71
INFO flower 2021-04-08 12:02:11,742 | numpy_client.py:205 | Cache is fresh, return FitRes(clock=71)
DEBUG flower 2021-04-08 12:02:19,205 | numpy_client.py:172 | fit, FitIns(clock=72)
DEBUG flower 2021-04-08 12:02:19,205 | numpy_client.py:260 | cached_clock: 69, curr_clock: 72
INFO flower 2021-04-08 12:02:19,205 | numpy_client.py:184 | Cache is stale, return ReadIns
DEBUG flower 2021-04-08 12:02:23,621 | numpy_client.py:228 | read: ReadRes(clock=70)
DEBUG flower 2021-04-08 12:02:23,632 | numpy_client.py:172 | fit, FitIns(clock=72)
DEBUG flower 2021-04-08 12:02:23,633 | numpy_client.py:260 | cached_clock: 70, curr_clock: 72
INFO flower 2021-04-08 12:02:25,625 | numpy_client.py:205 | Cache is fresh, return FitRes(clock=72)
DEBUG flower 2021-04-08 12:02:31,833 | numpy_client.py:172 | fit, FitIns(clock=73)
DEBUG flower 2021-04-08 12:02:31,833 | numpy_client.py:260 | cached_clock: 70, curr_clock: 73
INFO flower 2021-04-08 12:02:31,833 | numpy_client.py:184 | Cache is stale, return ReadIns
DEBUG flower 2021-04-08 12:02:36,236 | numpy_client.py:228 | read: ReadRes(clock=71)
DEBUG flower 2021-04-08 12:02:36,243 | numpy_client.py:172 | fit, FitIns(clock=73)
DEBUG flower 2021-04-08 12:02:36,243 | numpy_client.py:260 | cached_clock: 71, curr_clock: 73
INFO flower 2021-04-08 12:02:38,320 | numpy_client.py:205 | Cache is fresh, return FitRes(clock=73)
DEBUG flower 2021-04-08 12:02:45,241 | numpy_client.py:172 | fit, FitIns(clock=74)
DEBUG flower 2021-04-08 12:02:45,241 | numpy_client.py:260 | cached_clock: 71, curr_clock: 74
INFO flower 2021-04-08 12:02:45,242 | numpy_client.py:184 | Cache is stale, return ReadIns
DEBUG flower 2021-04-08 12:02:50,545 | numpy_client.py:228 | read: ReadRes(clock=72)
DEBUG flower 2021-04-08 12:02:50,552 | numpy_client.py:172 | fit, FitIns(clock=74)
DEBUG flower 2021-04-08 12:02:50,552 | numpy_client.py:260 | cached_clock: 72, curr_clock: 74
INFO flower 2021-04-08 12:02:52,713 | numpy_client.py:205 | Cache is fresh, return FitRes(clock=74)
DEBUG flower 2021-04-08 12:02:59,842 | numpy_client.py:172 | fit, FitIns(clock=75)
DEBUG flower 2021-04-08 12:02:59,843 | numpy_client.py:260 | cached_clock: 72, curr_clock: 75
INFO flower 2021-04-08 12:02:59,843 | numpy_client.py:184 | Cache is stale, return ReadIns
DEBUG flower 2021-04-08 12:03:04,657 | numpy_client.py:228 | read: ReadRes(clock=73)
DEBUG flower 2021-04-08 12:03:04,665 | numpy_client.py:172 | fit, FitIns(clock=75)
DEBUG flower 2021-04-08 12:03:04,665 | numpy_client.py:260 | cached_clock: 73, curr_clock: 75
INFO flower 2021-04-08 12:03:06,635 | numpy_client.py:205 | Cache is fresh, return FitRes(clock=75)
DEBUG flower 2021-04-08 12:03:13,764 | numpy_client.py:172 | fit, FitIns(clock=76)
DEBUG flower 2021-04-08 12:03:13,764 | numpy_client.py:260 | cached_clock: 73, curr_clock: 76
INFO flower 2021-04-08 12:03:13,764 | numpy_client.py:184 | Cache is stale, return ReadIns
DEBUG flower 2021-04-08 12:03:18,541 | numpy_client.py:228 | read: ReadRes(clock=74)
DEBUG flower 2021-04-08 12:03:18,548 | numpy_client.py:172 | fit, FitIns(clock=76)
DEBUG flower 2021-04-08 12:03:18,548 | numpy_client.py:260 | cached_clock: 74, curr_clock: 76
INFO flower 2021-04-08 12:03:20,432 | numpy_client.py:205 | Cache is fresh, return FitRes(clock=76)
DEBUG flower 2021-04-08 12:03:27,440 | numpy_client.py:172 | fit, FitIns(clock=77)
DEBUG flower 2021-04-08 12:03:27,441 | numpy_client.py:260 | cached_clock: 74, curr_clock: 77
INFO flower 2021-04-08 12:03:27,441 | numpy_client.py:184 | Cache is stale, return ReadIns
DEBUG flower 2021-04-08 12:03:32,234 | numpy_client.py:228 | read: ReadRes(clock=75)
DEBUG flower 2021-04-08 12:03:32,240 | numpy_client.py:172 | fit, FitIns(clock=77)
DEBUG flower 2021-04-08 12:03:32,241 | numpy_client.py:260 | cached_clock: 75, curr_clock: 77
INFO flower 2021-04-08 12:03:34,229 | numpy_client.py:205 | Cache is fresh, return FitRes(clock=77)
DEBUG flower 2021-04-08 12:03:41,273 | numpy_client.py:172 | fit, FitIns(clock=78)
DEBUG flower 2021-04-08 12:03:41,273 | numpy_client.py:260 | cached_clock: 75, curr_clock: 78
INFO flower 2021-04-08 12:03:41,273 | numpy_client.py:184 | Cache is stale, return ReadIns
DEBUG flower 2021-04-08 12:03:46,127 | numpy_client.py:228 | read: ReadRes(clock=76)
DEBUG flower 2021-04-08 12:03:46,135 | numpy_client.py:172 | fit, FitIns(clock=78)
DEBUG flower 2021-04-08 12:03:46,135 | numpy_client.py:260 | cached_clock: 76, curr_clock: 78
INFO flower 2021-04-08 12:03:48,109 | numpy_client.py:205 | Cache is fresh, return FitRes(clock=78)
DEBUG flower 2021-04-08 12:03:54,864 | numpy_client.py:172 | fit, FitIns(clock=79)
DEBUG flower 2021-04-08 12:03:54,865 | numpy_client.py:260 | cached_clock: 76, curr_clock: 79
INFO flower 2021-04-08 12:03:54,865 | numpy_client.py:184 | Cache is stale, return ReadIns
DEBUG flower 2021-04-08 12:03:59,424 | numpy_client.py:228 | read: ReadRes(clock=77)
DEBUG flower 2021-04-08 12:03:59,431 | numpy_client.py:172 | fit, FitIns(clock=79)
DEBUG flower 2021-04-08 12:03:59,431 | numpy_client.py:260 | cached_clock: 77, curr_clock: 79
INFO flower 2021-04-08 12:04:01,429 | numpy_client.py:205 | Cache is fresh, return FitRes(clock=79)
DEBUG flower 2021-04-08 12:04:08,327 | numpy_client.py:172 | fit, FitIns(clock=80)
DEBUG flower 2021-04-08 12:04:08,327 | numpy_client.py:260 | cached_clock: 77, curr_clock: 80
INFO flower 2021-04-08 12:04:08,327 | numpy_client.py:184 | Cache is stale, return ReadIns
DEBUG flower 2021-04-08 12:04:13,016 | numpy_client.py:228 | read: ReadRes(clock=78)
DEBUG flower 2021-04-08 12:04:13,023 | numpy_client.py:172 | fit, FitIns(clock=80)
DEBUG flower 2021-04-08 12:04:13,023 | numpy_client.py:260 | cached_clock: 78, curr_clock: 80
INFO flower 2021-04-08 12:04:15,031 | numpy_client.py:205 | Cache is fresh, return FitRes(clock=80)
DEBUG flower 2021-04-08 12:04:22,463 | numpy_client.py:172 | fit, FitIns(clock=81)
DEBUG flower 2021-04-08 12:04:22,463 | numpy_client.py:260 | cached_clock: 78, curr_clock: 81
INFO flower 2021-04-08 12:04:22,464 | numpy_client.py:184 | Cache is stale, return ReadIns
DEBUG flower 2021-04-08 12:04:26,705 | numpy_client.py:228 | read: ReadRes(clock=79)
DEBUG flower 2021-04-08 12:04:26,713 | numpy_client.py:172 | fit, FitIns(clock=81)
DEBUG flower 2021-04-08 12:04:26,713 | numpy_client.py:260 | cached_clock: 79, curr_clock: 81
INFO flower 2021-04-08 12:04:28,631 | numpy_client.py:205 | Cache is fresh, return FitRes(clock=81)
DEBUG flower 2021-04-08 12:04:35,739 | numpy_client.py:172 | fit, FitIns(clock=82)
DEBUG flower 2021-04-08 12:04:35,739 | numpy_client.py:260 | cached_clock: 79, curr_clock: 82
INFO flower 2021-04-08 12:04:35,739 | numpy_client.py:184 | Cache is stale, return ReadIns
DEBUG flower 2021-04-08 12:04:40,250 | numpy_client.py:228 | read: ReadRes(clock=80)
DEBUG flower 2021-04-08 12:04:40,257 | numpy_client.py:172 | fit, FitIns(clock=82)
DEBUG flower 2021-04-08 12:04:40,258 | numpy_client.py:260 | cached_clock: 80, curr_clock: 82
INFO flower 2021-04-08 12:04:42,233 | numpy_client.py:205 | Cache is fresh, return FitRes(clock=82)
DEBUG flower 2021-04-08 12:04:48,924 | numpy_client.py:172 | fit, FitIns(clock=83)
DEBUG flower 2021-04-08 12:04:48,924 | numpy_client.py:260 | cached_clock: 80, curr_clock: 83
INFO flower 2021-04-08 12:04:48,924 | numpy_client.py:184 | Cache is stale, return ReadIns
DEBUG flower 2021-04-08 12:04:53,636 | numpy_client.py:228 | read: ReadRes(clock=81)
DEBUG flower 2021-04-08 12:04:53,643 | numpy_client.py:172 | fit, FitIns(clock=83)
DEBUG flower 2021-04-08 12:04:53,644 | numpy_client.py:260 | cached_clock: 81, curr_clock: 83
INFO flower 2021-04-08 12:04:55,831 | numpy_client.py:205 | Cache is fresh, return FitRes(clock=83)
DEBUG flower 2021-04-08 12:05:02,529 | numpy_client.py:172 | fit, FitIns(clock=84)
DEBUG flower 2021-04-08 12:05:02,529 | numpy_client.py:260 | cached_clock: 81, curr_clock: 84
INFO flower 2021-04-08 12:05:02,529 | numpy_client.py:184 | Cache is stale, return ReadIns
DEBUG flower 2021-04-08 12:05:07,336 | numpy_client.py:228 | read: ReadRes(clock=82)
DEBUG flower 2021-04-08 12:05:07,344 | numpy_client.py:172 | fit, FitIns(clock=84)
DEBUG flower 2021-04-08 12:05:07,344 | numpy_client.py:260 | cached_clock: 82, curr_clock: 84
INFO flower 2021-04-08 12:05:09,330 | numpy_client.py:205 | Cache is fresh, return FitRes(clock=84)
DEBUG flower 2021-04-08 12:05:16,667 | numpy_client.py:172 | fit, FitIns(clock=85)
DEBUG flower 2021-04-08 12:05:16,667 | numpy_client.py:260 | cached_clock: 82, curr_clock: 85
INFO flower 2021-04-08 12:05:16,667 | numpy_client.py:184 | Cache is stale, return ReadIns
DEBUG flower 2021-04-08 12:05:21,359 | numpy_client.py:228 | read: ReadRes(clock=83)
DEBUG flower 2021-04-08 12:05:21,367 | numpy_client.py:172 | fit, FitIns(clock=85)
DEBUG flower 2021-04-08 12:05:21,367 | numpy_client.py:260 | cached_clock: 83, curr_clock: 85
INFO flower 2021-04-08 12:05:23,511 | numpy_client.py:205 | Cache is fresh, return FitRes(clock=85)
DEBUG flower 2021-04-08 12:05:30,539 | numpy_client.py:172 | fit, FitIns(clock=86)
DEBUG flower 2021-04-08 12:05:30,539 | numpy_client.py:260 | cached_clock: 83, curr_clock: 86
INFO flower 2021-04-08 12:05:30,539 | numpy_client.py:184 | Cache is stale, return ReadIns
DEBUG flower 2021-04-08 12:05:35,105 | numpy_client.py:228 | read: ReadRes(clock=84)
DEBUG flower 2021-04-08 12:05:35,112 | numpy_client.py:172 | fit, FitIns(clock=86)
DEBUG flower 2021-04-08 12:05:35,113 | numpy_client.py:260 | cached_clock: 84, curr_clock: 86
INFO flower 2021-04-08 12:05:37,133 | numpy_client.py:205 | Cache is fresh, return FitRes(clock=86)
DEBUG flower 2021-04-08 12:05:43,726 | numpy_client.py:172 | fit, FitIns(clock=87)
DEBUG flower 2021-04-08 12:05:43,727 | numpy_client.py:260 | cached_clock: 84, curr_clock: 87
INFO flower 2021-04-08 12:05:43,727 | numpy_client.py:184 | Cache is stale, return ReadIns
DEBUG flower 2021-04-08 12:05:48,644 | numpy_client.py:228 | read: ReadRes(clock=85)
DEBUG flower 2021-04-08 12:05:48,651 | numpy_client.py:172 | fit, FitIns(clock=87)
DEBUG flower 2021-04-08 12:05:48,651 | numpy_client.py:260 | cached_clock: 85, curr_clock: 87
INFO flower 2021-04-08 12:05:50,614 | numpy_client.py:205 | Cache is fresh, return FitRes(clock=87)
DEBUG flower 2021-04-08 12:05:58,409 | numpy_client.py:172 | fit, FitIns(clock=88)
DEBUG flower 2021-04-08 12:05:58,409 | numpy_client.py:260 | cached_clock: 85, curr_clock: 88
INFO flower 2021-04-08 12:05:58,409 | numpy_client.py:184 | Cache is stale, return ReadIns
DEBUG flower 2021-04-08 12:06:03,148 | numpy_client.py:228 | read: ReadRes(clock=86)
DEBUG flower 2021-04-08 12:06:03,155 | numpy_client.py:172 | fit, FitIns(clock=88)
DEBUG flower 2021-04-08 12:06:03,155 | numpy_client.py:260 | cached_clock: 86, curr_clock: 88
INFO flower 2021-04-08 12:06:05,136 | numpy_client.py:205 | Cache is fresh, return FitRes(clock=88)
DEBUG flower 2021-04-08 12:06:11,899 | numpy_client.py:172 | fit, FitIns(clock=89)
DEBUG flower 2021-04-08 12:06:11,899 | numpy_client.py:260 | cached_clock: 86, curr_clock: 89
INFO flower 2021-04-08 12:06:11,899 | numpy_client.py:184 | Cache is stale, return ReadIns
DEBUG flower 2021-04-08 12:06:16,325 | numpy_client.py:228 | read: ReadRes(clock=87)
DEBUG flower 2021-04-08 12:06:16,332 | numpy_client.py:172 | fit, FitIns(clock=89)
DEBUG flower 2021-04-08 12:06:16,333 | numpy_client.py:260 | cached_clock: 87, curr_clock: 89
INFO flower 2021-04-08 12:06:18,314 | numpy_client.py:205 | Cache is fresh, return FitRes(clock=89)
DEBUG flower 2021-04-08 12:06:26,271 | numpy_client.py:172 | fit, FitIns(clock=90)
DEBUG flower 2021-04-08 12:06:26,271 | numpy_client.py:260 | cached_clock: 87, curr_clock: 90
INFO flower 2021-04-08 12:06:26,271 | numpy_client.py:184 | Cache is stale, return ReadIns
DEBUG flower 2021-04-08 12:06:30,699 | numpy_client.py:228 | read: ReadRes(clock=88)
DEBUG flower 2021-04-08 12:06:30,707 | numpy_client.py:172 | fit, FitIns(clock=90)
DEBUG flower 2021-04-08 12:06:30,707 | numpy_client.py:260 | cached_clock: 88, curr_clock: 90
INFO flower 2021-04-08 12:06:32,730 | numpy_client.py:205 | Cache is fresh, return FitRes(clock=90)
DEBUG flower 2021-04-08 12:06:39,776 | numpy_client.py:172 | fit, FitIns(clock=91)
DEBUG flower 2021-04-08 12:06:39,776 | numpy_client.py:260 | cached_clock: 88, curr_clock: 91
INFO flower 2021-04-08 12:06:39,776 | numpy_client.py:184 | Cache is stale, return ReadIns
DEBUG flower 2021-04-08 12:06:44,404 | numpy_client.py:228 | read: ReadRes(clock=89)
DEBUG flower 2021-04-08 12:06:44,412 | numpy_client.py:172 | fit, FitIns(clock=91)
DEBUG flower 2021-04-08 12:06:44,412 | numpy_client.py:260 | cached_clock: 89, curr_clock: 91
INFO flower 2021-04-08 12:06:46,424 | numpy_client.py:205 | Cache is fresh, return FitRes(clock=91)
DEBUG flower 2021-04-08 12:06:52,892 | numpy_client.py:172 | fit, FitIns(clock=92)
DEBUG flower 2021-04-08 12:06:52,893 | numpy_client.py:260 | cached_clock: 89, curr_clock: 92
INFO flower 2021-04-08 12:06:52,893 | numpy_client.py:184 | Cache is stale, return ReadIns
DEBUG flower 2021-04-08 12:06:57,522 | numpy_client.py:228 | read: ReadRes(clock=90)
DEBUG flower 2021-04-08 12:06:57,536 | numpy_client.py:172 | fit, FitIns(clock=92)
DEBUG flower 2021-04-08 12:06:57,537 | numpy_client.py:260 | cached_clock: 90, curr_clock: 92
INFO flower 2021-04-08 12:06:59,534 | numpy_client.py:205 | Cache is fresh, return FitRes(clock=92)
DEBUG flower 2021-04-08 12:07:06,467 | numpy_client.py:172 | fit, FitIns(clock=93)
DEBUG flower 2021-04-08 12:07:06,467 | numpy_client.py:260 | cached_clock: 90, curr_clock: 93
INFO flower 2021-04-08 12:07:06,467 | numpy_client.py:184 | Cache is stale, return ReadIns
DEBUG flower 2021-04-08 12:07:10,817 | numpy_client.py:228 | read: ReadRes(clock=91)
DEBUG flower 2021-04-08 12:07:10,824 | numpy_client.py:172 | fit, FitIns(clock=93)
DEBUG flower 2021-04-08 12:07:10,824 | numpy_client.py:260 | cached_clock: 91, curr_clock: 93
INFO flower 2021-04-08 12:07:12,832 | numpy_client.py:205 | Cache is fresh, return FitRes(clock=93)
DEBUG flower 2021-04-08 12:07:19,681 | numpy_client.py:172 | fit, FitIns(clock=94)
DEBUG flower 2021-04-08 12:07:19,682 | numpy_client.py:260 | cached_clock: 91, curr_clock: 94
INFO flower 2021-04-08 12:07:19,682 | numpy_client.py:184 | Cache is stale, return ReadIns
DEBUG flower 2021-04-08 12:07:24,528 | numpy_client.py:228 | read: ReadRes(clock=92)
DEBUG flower 2021-04-08 12:07:24,535 | numpy_client.py:172 | fit, FitIns(clock=94)
DEBUG flower 2021-04-08 12:07:24,536 | numpy_client.py:260 | cached_clock: 92, curr_clock: 94
INFO flower 2021-04-08 12:07:26,514 | numpy_client.py:205 | Cache is fresh, return FitRes(clock=94)
DEBUG flower 2021-04-08 12:07:33,546 | numpy_client.py:172 | fit, FitIns(clock=95)
DEBUG flower 2021-04-08 12:07:33,546 | numpy_client.py:260 | cached_clock: 92, curr_clock: 95
INFO flower 2021-04-08 12:07:33,546 | numpy_client.py:184 | Cache is stale, return ReadIns
DEBUG flower 2021-04-08 12:07:37,909 | numpy_client.py:228 | read: ReadRes(clock=93)
DEBUG flower 2021-04-08 12:07:37,916 | numpy_client.py:172 | fit, FitIns(clock=95)
DEBUG flower 2021-04-08 12:07:37,916 | numpy_client.py:260 | cached_clock: 93, curr_clock: 95
INFO flower 2021-04-08 12:07:39,938 | numpy_client.py:205 | Cache is fresh, return FitRes(clock=95)
DEBUG flower 2021-04-08 12:07:47,633 | numpy_client.py:172 | fit, FitIns(clock=96)
DEBUG flower 2021-04-08 12:07:47,633 | numpy_client.py:260 | cached_clock: 93, curr_clock: 96
INFO flower 2021-04-08 12:07:47,634 | numpy_client.py:184 | Cache is stale, return ReadIns
DEBUG flower 2021-04-08 12:07:52,530 | numpy_client.py:228 | read: ReadRes(clock=94)
DEBUG flower 2021-04-08 12:07:52,538 | numpy_client.py:172 | fit, FitIns(clock=96)
DEBUG flower 2021-04-08 12:07:52,695 | numpy_client.py:260 | cached_clock: 94, curr_clock: 96
INFO flower 2021-04-08 12:07:54,734 | numpy_client.py:205 | Cache is fresh, return FitRes(clock=96)
DEBUG flower 2021-04-08 12:08:01,518 | numpy_client.py:172 | fit, FitIns(clock=97)
DEBUG flower 2021-04-08 12:08:01,518 | numpy_client.py:260 | cached_clock: 94, curr_clock: 97
INFO flower 2021-04-08 12:08:01,518 | numpy_client.py:184 | Cache is stale, return ReadIns
DEBUG flower 2021-04-08 12:08:06,307 | numpy_client.py:228 | read: ReadRes(clock=95)
DEBUG flower 2021-04-08 12:08:06,314 | numpy_client.py:172 | fit, FitIns(clock=97)
DEBUG flower 2021-04-08 12:08:06,314 | numpy_client.py:260 | cached_clock: 95, curr_clock: 97
INFO flower 2021-04-08 12:08:08,316 | numpy_client.py:205 | Cache is fresh, return FitRes(clock=97)
DEBUG flower 2021-04-08 12:08:15,439 | numpy_client.py:172 | fit, FitIns(clock=98)
DEBUG flower 2021-04-08 12:08:15,439 | numpy_client.py:260 | cached_clock: 95, curr_clock: 98
INFO flower 2021-04-08 12:08:15,439 | numpy_client.py:184 | Cache is stale, return ReadIns
DEBUG flower 2021-04-08 12:08:20,006 | numpy_client.py:228 | read: ReadRes(clock=96)
DEBUG flower 2021-04-08 12:08:20,013 | numpy_client.py:172 | fit, FitIns(clock=98)
DEBUG flower 2021-04-08 12:08:20,013 | numpy_client.py:260 | cached_clock: 96, curr_clock: 98
INFO flower 2021-04-08 12:08:22,014 | numpy_client.py:205 | Cache is fresh, return FitRes(clock=98)
DEBUG flower 2021-04-08 12:08:29,343 | numpy_client.py:172 | fit, FitIns(clock=99)
DEBUG flower 2021-04-08 12:08:29,343 | numpy_client.py:260 | cached_clock: 96, curr_clock: 99
INFO flower 2021-04-08 12:08:29,344 | numpy_client.py:184 | Cache is stale, return ReadIns
DEBUG flower 2021-04-08 12:08:33,934 | numpy_client.py:228 | read: ReadRes(clock=97)
DEBUG flower 2021-04-08 12:08:33,941 | numpy_client.py:172 | fit, FitIns(clock=99)
DEBUG flower 2021-04-08 12:08:33,942 | numpy_client.py:260 | cached_clock: 97, curr_clock: 99
INFO flower 2021-04-08 12:08:35,914 | numpy_client.py:205 | Cache is fresh, return FitRes(clock=99)
DEBUG flower 2021-04-08 12:08:35,915 | numpy_client.py:217 | The client finishes computing after 1329 seconds
INFO flower 2021-04-08 12:09:19,756 | numpy_client.py:250 | [32;1m Loss: 54.731, Accuracy: 23.298%[0m
DEBUG flower 2021-04-08 12:09:21,135 | connection.py:68 | Insecure gRPC channel closed
INFO flower 2021-04-08 12:09:21,135 | app.py:74 | Disconnect and shut down
Namespace(idx=16, max_delay=0, min_delay=0, num_clients=31, server_ip='10.244.37.27:8080', staleness_bound=2)
I'm client 16
Start SSP client without delay
Files already downloaded and verified
Files already downloaded and verified
[32;1mClient 16: 1274 train samples, 382 test samples[0m
loss=90.4781858921051, acc=0.1984375
loss=90.2654139995575, acc=0.0921875
loss=90.74739599227905, acc=0.1953125
loss=90.9156539440155, acc=0.0984375
loss=87.01993703842163, acc=0.19765625
loss=82.58653926849365, acc=0.2109375
loss=70.33803725242615, acc=0.23125
loss=65.3715078830719, acc=0.2640625
loss=64.92639148235321, acc=0.25625
loss=64.49033117294312, acc=0.26171875
loss=63.91479206085205, acc=0.2703125
loss=63.28499102592468, acc=0.2796875
loss=74.13843131065369, acc=0.284375
loss=62.55252134799957, acc=0.290625
loss=62.0210394859314, acc=0.29453125
loss=61.65024709701538, acc=0.30546875
loss=61.19407773017883, acc=0.31328125
loss=71.45689141750336, acc=0.3109375
loss=60.49458849430084, acc=0.32734375
loss=59.768686175346375, acc=0.3453125
loss=59.27730631828308, acc=0.35859375
loss=58.79896795749664, acc=0.365625
loss=58.31668782234192, acc=0.37109375
loss=57.812878251075745, acc=0.3765625
loss=57.31191408634186, acc=0.375
loss=56.82187056541443, acc=0.38203125
loss=78.06890308856964, acc=0.31953125
loss=58.07430684566498, acc=0.38359375
loss=56.163259983062744, acc=0.3859375
loss=55.602885127067566, acc=0.4015625
loss=55.208876967430115, acc=0.40234375
loss=54.869810938835144, acc=0.41015625
loss=54.53921902179718, acc=0.41640625
loss=54.219502210617065, acc=0.42265625
loss=53.90842664241791, acc=0.4296875
loss=53.618192195892334, acc=0.428125
loss=53.33815908432007, acc=0.43359375
loss=53.063151717185974, acc=0.43828125
loss=52.804293751716614, acc=0.43671875
loss=52.53913915157318, acc=0.44296875
loss=52.30087900161743, acc=0.4421875
loss=52.06362986564636, acc=0.446875
loss=51.86722278594971, acc=0.44765625
loss=51.677603125572205, acc=0.45859375
loss=51.4946631193161, acc=0.4609375
loss=51.32204669713974, acc=0.45859375
loss=51.15719997882843, acc=0.4578125
loss=51.0106218457222, acc=0.459375
loss=50.877046287059784, acc=0.465625
loss=50.732069969177246, acc=0.46484375
loss=50.60017865896225, acc=0.47109375
loss=50.47760236263275, acc=0.478125
loss=50.35104459524155, acc=0.48359375
loss=50.23577207326889, acc=0.4859375
loss=50.129213750362396, acc=0.4859375
loss=50.01169788837433, acc=0.4859375
loss=49.887593269348145, acc=0.48515625
loss=49.77823042869568, acc=0.4859375
loss=49.674208760261536, acc=0.4875
loss=49.577266693115234, acc=0.48515625
loss=49.4538369178772, acc=0.48671875
loss=49.38581609725952, acc=0.4921875
loss=49.29525411128998, acc=0.4921875
loss=49.18167018890381, acc=0.4953125
loss=49.08838450908661, acc=0.4984375
loss=48.971084892749786, acc=0.5046875
loss=48.8855157494545, acc=0.50390625
loss=48.81035006046295, acc=0.50390625
loss=48.73528128862381, acc=0.50546875
loss=48.64724957942963, acc=0.50390625
loss=48.61286187171936, acc=0.50625
loss=48.509006917476654, acc=0.51171875
loss=56.29642426967621, acc=0.4625
loss=48.231507301330566, acc=0.5203125
loss=48.10494524240494, acc=0.5171875
loss=48.03639966249466, acc=0.51953125
loss=47.93650680780411, acc=0.52421875
loss=47.8809050321579, acc=0.53046875
loss=47.89489012956619, acc=0.52734375
loss=47.841608464717865, acc=0.521875
loss=47.82245749235153, acc=0.5203125
loss=47.86258292198181, acc=0.52265625
loss=47.875039637088776, acc=0.5203125
loss=48.000832200050354, acc=0.5234375
loss=47.92322891950607, acc=0.52890625
loss=48.02564185857773, acc=0.53046875
loss=56.41826617717743, acc=0.48203125
loss=47.58115190267563, acc=0.5296875
loss=47.803477227687836, acc=0.53046875
loss=47.91891145706177, acc=0.5328125
loss=48.17064505815506, acc=0.53203125
loss=48.35551357269287, acc=0.5359375
loss=48.60401117801666, acc=0.53359375
loss=48.91298234462738, acc=0.5390625
loss=49.25379818677902, acc=0.54296875
loss=49.49310225248337, acc=0.53984375
loss=49.82629644870758, acc=0.5390625
loss=55.98234164714813, acc=0.4890625
loss=49.07321000099182, acc=0.54453125
loss=49.637792229652405, acc=0.5453125
Files already downloaded and verified
Files already downloaded and verified
Testing on full test set: 313, 1357.0713429450989, 0.2087
Testing on partial test set: 12, 54.73126411437988, 0.23298429319371727
