DEBUG flower 2021-04-08 09:48:28,457 | connection.py:36 | ChannelConnectivity.IDLE
DEBUG flower 2021-04-08 09:48:28,458 | connection.py:36 | ChannelConnectivity.CONNECTING
INFO flower 2021-04-08 09:48:28,459 | app.py:63 | Opened (insecure) gRPC connection
DEBUG flower 2021-04-08 09:48:28,472 | connection.py:36 | ChannelConnectivity.READY
DEBUG flower 2021-04-08 09:48:30,940 | numpy_client.py:172 | fit, FitIns(clock=0)
INFO flower 2021-04-08 09:48:30,941 | numpy_client.py:184 | Cache is stale, return ReadIns
DEBUG flower 2021-04-08 09:48:31,090 | numpy_client.py:228 | read: ReadRes(clock=-1)
DEBUG flower 2021-04-08 09:48:31,106 | numpy_client.py:172 | fit, FitIns(clock=0)
DEBUG flower 2021-04-08 09:48:31,106 | numpy_client.py:260 | cached_clock: -1, curr_clock: 0
INFO flower 2021-04-08 09:48:34,155 | numpy_client.py:205 | Cache is fresh, return FitRes(clock=0)
DEBUG flower 2021-04-08 09:48:34,178 | numpy_client.py:172 | fit, FitIns(clock=1)
DEBUG flower 2021-04-08 09:48:34,178 | numpy_client.py:260 | cached_clock: -1, curr_clock: 1
INFO flower 2021-04-08 09:48:37,166 | numpy_client.py:205 | Cache is fresh, return FitRes(clock=1)
DEBUG flower 2021-04-08 09:48:45,343 | numpy_client.py:172 | fit, FitIns(clock=2)
DEBUG flower 2021-04-08 09:48:45,343 | numpy_client.py:260 | cached_clock: -1, curr_clock: 2
INFO flower 2021-04-08 09:48:45,343 | numpy_client.py:184 | Cache is stale, return ReadIns
DEBUG flower 2021-04-08 09:48:45,439 | numpy_client.py:228 | read: ReadRes(clock=0)
DEBUG flower 2021-04-08 09:48:45,446 | numpy_client.py:172 | fit, FitIns(clock=2)
DEBUG flower 2021-04-08 09:48:45,447 | numpy_client.py:260 | cached_clock: 0, curr_clock: 2
INFO flower 2021-04-08 09:48:48,453 | numpy_client.py:205 | Cache is fresh, return FitRes(clock=2)
DEBUG flower 2021-04-08 09:48:48,476 | numpy_client.py:172 | fit, FitIns(clock=3)
DEBUG flower 2021-04-08 09:48:48,476 | numpy_client.py:260 | cached_clock: 0, curr_clock: 3
INFO flower 2021-04-08 09:48:48,476 | numpy_client.py:184 | Cache is stale, return ReadIns
DEBUG flower 2021-04-08 09:48:50,840 | numpy_client.py:228 | read: ReadRes(clock=1)
DEBUG flower 2021-04-08 09:48:50,848 | numpy_client.py:172 | fit, FitIns(clock=3)
DEBUG flower 2021-04-08 09:48:50,848 | numpy_client.py:260 | cached_clock: 1, curr_clock: 3
INFO flower 2021-04-08 09:48:53,851 | numpy_client.py:205 | Cache is fresh, return FitRes(clock=3)
DEBUG flower 2021-04-08 09:48:59,938 | numpy_client.py:172 | fit, FitIns(clock=4)
DEBUG flower 2021-04-08 09:48:59,938 | numpy_client.py:260 | cached_clock: 1, curr_clock: 4
INFO flower 2021-04-08 09:48:59,938 | numpy_client.py:184 | Cache is stale, return ReadIns
DEBUG flower 2021-04-08 09:49:04,364 | numpy_client.py:228 | read: ReadRes(clock=2)
DEBUG flower 2021-04-08 09:49:04,371 | numpy_client.py:172 | fit, FitIns(clock=4)
DEBUG flower 2021-04-08 09:49:04,371 | numpy_client.py:260 | cached_clock: 2, curr_clock: 4
INFO flower 2021-04-08 09:49:07,076 | numpy_client.py:205 | Cache is fresh, return FitRes(clock=4)
DEBUG flower 2021-04-08 09:49:13,514 | numpy_client.py:172 | fit, FitIns(clock=5)
DEBUG flower 2021-04-08 09:49:13,514 | numpy_client.py:260 | cached_clock: 2, curr_clock: 5
INFO flower 2021-04-08 09:49:13,514 | numpy_client.py:184 | Cache is stale, return ReadIns
DEBUG flower 2021-04-08 09:49:17,854 | numpy_client.py:228 | read: ReadRes(clock=3)
DEBUG flower 2021-04-08 09:49:17,862 | numpy_client.py:172 | fit, FitIns(clock=5)
DEBUG flower 2021-04-08 09:49:17,862 | numpy_client.py:260 | cached_clock: 3, curr_clock: 5
INFO flower 2021-04-08 09:49:20,743 | numpy_client.py:205 | Cache is fresh, return FitRes(clock=5)
DEBUG flower 2021-04-08 09:49:26,924 | numpy_client.py:172 | fit, FitIns(clock=6)
DEBUG flower 2021-04-08 09:49:26,925 | numpy_client.py:260 | cached_clock: 3, curr_clock: 6
INFO flower 2021-04-08 09:49:26,925 | numpy_client.py:184 | Cache is stale, return ReadIns
DEBUG flower 2021-04-08 09:49:31,640 | numpy_client.py:228 | read: ReadRes(clock=4)
DEBUG flower 2021-04-08 09:49:31,652 | numpy_client.py:172 | fit, FitIns(clock=6)
DEBUG flower 2021-04-08 09:49:31,652 | numpy_client.py:260 | cached_clock: 4, curr_clock: 6
INFO flower 2021-04-08 09:49:34,356 | numpy_client.py:205 | Cache is fresh, return FitRes(clock=6)
DEBUG flower 2021-04-08 09:49:40,579 | numpy_client.py:172 | fit, FitIns(clock=7)
DEBUG flower 2021-04-08 09:49:40,579 | numpy_client.py:260 | cached_clock: 4, curr_clock: 7
INFO flower 2021-04-08 09:49:40,579 | numpy_client.py:184 | Cache is stale, return ReadIns
DEBUG flower 2021-04-08 09:49:45,202 | numpy_client.py:228 | read: ReadRes(clock=5)
DEBUG flower 2021-04-08 09:49:45,210 | numpy_client.py:172 | fit, FitIns(clock=7)
DEBUG flower 2021-04-08 09:49:45,210 | numpy_client.py:260 | cached_clock: 5, curr_clock: 7
INFO flower 2021-04-08 09:49:47,968 | numpy_client.py:205 | Cache is fresh, return FitRes(clock=7)
DEBUG flower 2021-04-08 09:49:54,399 | numpy_client.py:172 | fit, FitIns(clock=8)
DEBUG flower 2021-04-08 09:49:54,399 | numpy_client.py:260 | cached_clock: 5, curr_clock: 8
INFO flower 2021-04-08 09:49:54,399 | numpy_client.py:184 | Cache is stale, return ReadIns
DEBUG flower 2021-04-08 09:49:59,119 | numpy_client.py:228 | read: ReadRes(clock=6)
DEBUG flower 2021-04-08 09:49:59,128 | numpy_client.py:172 | fit, FitIns(clock=8)
DEBUG flower 2021-04-08 09:49:59,128 | numpy_client.py:260 | cached_clock: 6, curr_clock: 8
INFO flower 2021-04-08 09:50:01,476 | numpy_client.py:205 | Cache is fresh, return FitRes(clock=8)
DEBUG flower 2021-04-08 09:50:08,098 | numpy_client.py:172 | fit, FitIns(clock=9)
DEBUG flower 2021-04-08 09:50:08,098 | numpy_client.py:260 | cached_clock: 6, curr_clock: 9
INFO flower 2021-04-08 09:50:08,099 | numpy_client.py:184 | Cache is stale, return ReadIns
DEBUG flower 2021-04-08 09:50:12,739 | numpy_client.py:228 | read: ReadRes(clock=7)
DEBUG flower 2021-04-08 09:50:12,746 | numpy_client.py:172 | fit, FitIns(clock=9)
DEBUG flower 2021-04-08 09:50:12,747 | numpy_client.py:260 | cached_clock: 7, curr_clock: 9
INFO flower 2021-04-08 09:50:15,174 | numpy_client.py:205 | Cache is fresh, return FitRes(clock=9)
DEBUG flower 2021-04-08 09:50:22,169 | numpy_client.py:172 | fit, FitIns(clock=10)
DEBUG flower 2021-04-08 09:50:22,169 | numpy_client.py:260 | cached_clock: 7, curr_clock: 10
INFO flower 2021-04-08 09:50:22,169 | numpy_client.py:184 | Cache is stale, return ReadIns
DEBUG flower 2021-04-08 09:50:26,839 | numpy_client.py:228 | read: ReadRes(clock=8)
DEBUG flower 2021-04-08 09:50:26,845 | numpy_client.py:172 | fit, FitIns(clock=10)
DEBUG flower 2021-04-08 09:50:26,846 | numpy_client.py:260 | cached_clock: 8, curr_clock: 10
INFO flower 2021-04-08 09:50:29,373 | numpy_client.py:205 | Cache is fresh, return FitRes(clock=10)
DEBUG flower 2021-04-08 09:50:35,803 | numpy_client.py:172 | fit, FitIns(clock=11)
DEBUG flower 2021-04-08 09:50:35,804 | numpy_client.py:260 | cached_clock: 8, curr_clock: 11
INFO flower 2021-04-08 09:50:35,804 | numpy_client.py:184 | Cache is stale, return ReadIns
DEBUG flower 2021-04-08 09:50:40,306 | numpy_client.py:228 | read: ReadRes(clock=9)
DEBUG flower 2021-04-08 09:50:40,314 | numpy_client.py:172 | fit, FitIns(clock=11)
DEBUG flower 2021-04-08 09:50:40,314 | numpy_client.py:260 | cached_clock: 9, curr_clock: 11
INFO flower 2021-04-08 09:50:42,965 | numpy_client.py:205 | Cache is fresh, return FitRes(clock=11)
DEBUG flower 2021-04-08 09:50:49,883 | numpy_client.py:172 | fit, FitIns(clock=12)
DEBUG flower 2021-04-08 09:50:49,883 | numpy_client.py:260 | cached_clock: 9, curr_clock: 12
INFO flower 2021-04-08 09:50:49,883 | numpy_client.py:184 | Cache is stale, return ReadIns
DEBUG flower 2021-04-08 09:50:54,340 | numpy_client.py:228 | read: ReadRes(clock=10)
DEBUG flower 2021-04-08 09:50:54,347 | numpy_client.py:172 | fit, FitIns(clock=12)
DEBUG flower 2021-04-08 09:50:54,348 | numpy_client.py:260 | cached_clock: 10, curr_clock: 12
INFO flower 2021-04-08 09:50:57,059 | numpy_client.py:205 | Cache is fresh, return FitRes(clock=12)
DEBUG flower 2021-04-08 09:51:03,575 | numpy_client.py:172 | fit, FitIns(clock=13)
DEBUG flower 2021-04-08 09:51:03,575 | numpy_client.py:260 | cached_clock: 10, curr_clock: 13
INFO flower 2021-04-08 09:51:03,575 | numpy_client.py:184 | Cache is stale, return ReadIns
DEBUG flower 2021-04-08 09:51:07,940 | numpy_client.py:228 | read: ReadRes(clock=11)
DEBUG flower 2021-04-08 09:51:07,948 | numpy_client.py:172 | fit, FitIns(clock=13)
DEBUG flower 2021-04-08 09:51:07,948 | numpy_client.py:260 | cached_clock: 11, curr_clock: 13
INFO flower 2021-04-08 09:51:10,560 | numpy_client.py:205 | Cache is fresh, return FitRes(clock=13)
DEBUG flower 2021-04-08 09:51:16,923 | numpy_client.py:172 | fit, FitIns(clock=14)
DEBUG flower 2021-04-08 09:51:16,924 | numpy_client.py:260 | cached_clock: 11, curr_clock: 14
INFO flower 2021-04-08 09:51:16,924 | numpy_client.py:184 | Cache is stale, return ReadIns
DEBUG flower 2021-04-08 09:51:21,540 | numpy_client.py:228 | read: ReadRes(clock=12)
DEBUG flower 2021-04-08 09:51:21,548 | numpy_client.py:172 | fit, FitIns(clock=14)
DEBUG flower 2021-04-08 09:51:21,548 | numpy_client.py:260 | cached_clock: 12, curr_clock: 14
INFO flower 2021-04-08 09:51:24,260 | numpy_client.py:205 | Cache is fresh, return FitRes(clock=14)
DEBUG flower 2021-04-08 09:51:30,189 | numpy_client.py:172 | fit, FitIns(clock=15)
DEBUG flower 2021-04-08 09:51:30,189 | numpy_client.py:260 | cached_clock: 12, curr_clock: 15
INFO flower 2021-04-08 09:51:30,190 | numpy_client.py:184 | Cache is stale, return ReadIns
DEBUG flower 2021-04-08 09:51:34,839 | numpy_client.py:228 | read: ReadRes(clock=13)
DEBUG flower 2021-04-08 09:51:34,846 | numpy_client.py:172 | fit, FitIns(clock=15)
DEBUG flower 2021-04-08 09:51:34,846 | numpy_client.py:260 | cached_clock: 13, curr_clock: 15
INFO flower 2021-04-08 09:51:37,443 | numpy_client.py:205 | Cache is fresh, return FitRes(clock=15)
DEBUG flower 2021-04-08 09:51:43,907 | numpy_client.py:172 | fit, FitIns(clock=16)
DEBUG flower 2021-04-08 09:51:43,907 | numpy_client.py:260 | cached_clock: 13, curr_clock: 16
INFO flower 2021-04-08 09:51:43,907 | numpy_client.py:184 | Cache is stale, return ReadIns
DEBUG flower 2021-04-08 09:51:48,540 | numpy_client.py:228 | read: ReadRes(clock=14)
DEBUG flower 2021-04-08 09:51:48,548 | numpy_client.py:172 | fit, FitIns(clock=16)
DEBUG flower 2021-04-08 09:51:48,548 | numpy_client.py:260 | cached_clock: 14, curr_clock: 16
INFO flower 2021-04-08 09:51:51,153 | numpy_client.py:205 | Cache is fresh, return FitRes(clock=16)
DEBUG flower 2021-04-08 09:51:57,571 | numpy_client.py:172 | fit, FitIns(clock=17)
DEBUG flower 2021-04-08 09:51:57,572 | numpy_client.py:260 | cached_clock: 14, curr_clock: 17
INFO flower 2021-04-08 09:51:57,572 | numpy_client.py:184 | Cache is stale, return ReadIns
DEBUG flower 2021-04-08 09:52:02,148 | numpy_client.py:228 | read: ReadRes(clock=15)
DEBUG flower 2021-04-08 09:52:02,155 | numpy_client.py:172 | fit, FitIns(clock=17)
DEBUG flower 2021-04-08 09:52:02,155 | numpy_client.py:260 | cached_clock: 15, curr_clock: 17
INFO flower 2021-04-08 09:52:04,777 | numpy_client.py:205 | Cache is fresh, return FitRes(clock=17)
DEBUG flower 2021-04-08 09:52:11,289 | numpy_client.py:172 | fit, FitIns(clock=18)
DEBUG flower 2021-04-08 09:52:11,289 | numpy_client.py:260 | cached_clock: 15, curr_clock: 18
INFO flower 2021-04-08 09:52:11,290 | numpy_client.py:184 | Cache is stale, return ReadIns
DEBUG flower 2021-04-08 09:52:15,940 | numpy_client.py:228 | read: ReadRes(clock=16)
DEBUG flower 2021-04-08 09:52:15,947 | numpy_client.py:172 | fit, FitIns(clock=18)
DEBUG flower 2021-04-08 09:52:15,948 | numpy_client.py:260 | cached_clock: 16, curr_clock: 18
INFO flower 2021-04-08 09:52:18,455 | numpy_client.py:205 | Cache is fresh, return FitRes(clock=18)
DEBUG flower 2021-04-08 09:52:25,014 | numpy_client.py:172 | fit, FitIns(clock=19)
DEBUG flower 2021-04-08 09:52:25,015 | numpy_client.py:260 | cached_clock: 16, curr_clock: 19
INFO flower 2021-04-08 09:52:25,015 | numpy_client.py:184 | Cache is stale, return ReadIns
DEBUG flower 2021-04-08 09:52:29,639 | numpy_client.py:228 | read: ReadRes(clock=17)
DEBUG flower 2021-04-08 09:52:29,646 | numpy_client.py:172 | fit, FitIns(clock=19)
DEBUG flower 2021-04-08 09:52:29,646 | numpy_client.py:260 | cached_clock: 17, curr_clock: 19
INFO flower 2021-04-08 09:52:32,149 | numpy_client.py:205 | Cache is fresh, return FitRes(clock=19)
DEBUG flower 2021-04-08 09:52:38,321 | numpy_client.py:172 | fit, FitIns(clock=20)
DEBUG flower 2021-04-08 09:52:38,321 | numpy_client.py:260 | cached_clock: 17, curr_clock: 20
INFO flower 2021-04-08 09:52:38,322 | numpy_client.py:184 | Cache is stale, return ReadIns
DEBUG flower 2021-04-08 09:52:42,932 | numpy_client.py:228 | read: ReadRes(clock=18)
DEBUG flower 2021-04-08 09:52:42,939 | numpy_client.py:172 | fit, FitIns(clock=20)
DEBUG flower 2021-04-08 09:52:42,939 | numpy_client.py:260 | cached_clock: 18, curr_clock: 20
INFO flower 2021-04-08 09:52:45,448 | numpy_client.py:205 | Cache is fresh, return FitRes(clock=20)
DEBUG flower 2021-04-08 09:52:52,112 | numpy_client.py:172 | fit, FitIns(clock=21)
DEBUG flower 2021-04-08 09:52:52,112 | numpy_client.py:260 | cached_clock: 18, curr_clock: 21
INFO flower 2021-04-08 09:52:52,112 | numpy_client.py:184 | Cache is stale, return ReadIns
DEBUG flower 2021-04-08 09:52:56,924 | numpy_client.py:228 | read: ReadRes(clock=19)
DEBUG flower 2021-04-08 09:52:56,931 | numpy_client.py:172 | fit, FitIns(clock=21)
DEBUG flower 2021-04-08 09:52:56,931 | numpy_client.py:260 | cached_clock: 19, curr_clock: 21
INFO flower 2021-04-08 09:52:59,473 | numpy_client.py:205 | Cache is fresh, return FitRes(clock=21)
DEBUG flower 2021-04-08 09:53:06,242 | numpy_client.py:172 | fit, FitIns(clock=22)
DEBUG flower 2021-04-08 09:53:06,242 | numpy_client.py:260 | cached_clock: 19, curr_clock: 22
INFO flower 2021-04-08 09:53:06,243 | numpy_client.py:184 | Cache is stale, return ReadIns
DEBUG flower 2021-04-08 09:53:10,742 | numpy_client.py:228 | read: ReadRes(clock=20)
DEBUG flower 2021-04-08 09:53:10,750 | numpy_client.py:172 | fit, FitIns(clock=22)
DEBUG flower 2021-04-08 09:53:10,750 | numpy_client.py:260 | cached_clock: 20, curr_clock: 22
INFO flower 2021-04-08 09:53:13,272 | numpy_client.py:205 | Cache is fresh, return FitRes(clock=22)
DEBUG flower 2021-04-08 09:53:19,483 | numpy_client.py:172 | fit, FitIns(clock=23)
DEBUG flower 2021-04-08 09:53:19,484 | numpy_client.py:260 | cached_clock: 20, curr_clock: 23
INFO flower 2021-04-08 09:53:19,484 | numpy_client.py:184 | Cache is stale, return ReadIns
DEBUG flower 2021-04-08 09:53:24,039 | numpy_client.py:228 | read: ReadRes(clock=21)
DEBUG flower 2021-04-08 09:53:24,046 | numpy_client.py:172 | fit, FitIns(clock=23)
DEBUG flower 2021-04-08 09:53:24,046 | numpy_client.py:260 | cached_clock: 21, curr_clock: 23
INFO flower 2021-04-08 09:53:26,650 | numpy_client.py:205 | Cache is fresh, return FitRes(clock=23)
DEBUG flower 2021-04-08 09:53:33,042 | numpy_client.py:172 | fit, FitIns(clock=24)
DEBUG flower 2021-04-08 09:53:33,043 | numpy_client.py:260 | cached_clock: 21, curr_clock: 24
INFO flower 2021-04-08 09:53:33,043 | numpy_client.py:184 | Cache is stale, return ReadIns
DEBUG flower 2021-04-08 09:53:37,640 | numpy_client.py:228 | read: ReadRes(clock=22)
DEBUG flower 2021-04-08 09:53:37,647 | numpy_client.py:172 | fit, FitIns(clock=24)
DEBUG flower 2021-04-08 09:53:37,648 | numpy_client.py:260 | cached_clock: 22, curr_clock: 24
INFO flower 2021-04-08 09:53:40,256 | numpy_client.py:205 | Cache is fresh, return FitRes(clock=24)
DEBUG flower 2021-04-08 09:53:46,644 | numpy_client.py:172 | fit, FitIns(clock=25)
DEBUG flower 2021-04-08 09:53:46,644 | numpy_client.py:260 | cached_clock: 22, curr_clock: 25
INFO flower 2021-04-08 09:53:46,644 | numpy_client.py:184 | Cache is stale, return ReadIns
DEBUG flower 2021-04-08 09:53:51,339 | numpy_client.py:228 | read: ReadRes(clock=23)
DEBUG flower 2021-04-08 09:53:51,346 | numpy_client.py:172 | fit, FitIns(clock=25)
DEBUG flower 2021-04-08 09:53:51,346 | numpy_client.py:260 | cached_clock: 23, curr_clock: 25
INFO flower 2021-04-08 09:53:53,947 | numpy_client.py:205 | Cache is fresh, return FitRes(clock=25)
DEBUG flower 2021-04-08 09:54:00,850 | numpy_client.py:172 | fit, FitIns(clock=26)
DEBUG flower 2021-04-08 09:54:00,851 | numpy_client.py:260 | cached_clock: 23, curr_clock: 26
INFO flower 2021-04-08 09:54:00,851 | numpy_client.py:184 | Cache is stale, return ReadIns
DEBUG flower 2021-04-08 09:54:05,441 | numpy_client.py:228 | read: ReadRes(clock=24)
DEBUG flower 2021-04-08 09:54:05,448 | numpy_client.py:172 | fit, FitIns(clock=26)
DEBUG flower 2021-04-08 09:54:05,448 | numpy_client.py:260 | cached_clock: 24, curr_clock: 26
INFO flower 2021-04-08 09:54:08,051 | numpy_client.py:205 | Cache is fresh, return FitRes(clock=26)
DEBUG flower 2021-04-08 09:54:15,348 | numpy_client.py:172 | fit, FitIns(clock=27)
DEBUG flower 2021-04-08 09:54:15,348 | numpy_client.py:260 | cached_clock: 24, curr_clock: 27
INFO flower 2021-04-08 09:54:15,348 | numpy_client.py:184 | Cache is stale, return ReadIns
DEBUG flower 2021-04-08 09:54:19,636 | numpy_client.py:228 | read: ReadRes(clock=25)
DEBUG flower 2021-04-08 09:54:19,643 | numpy_client.py:172 | fit, FitIns(clock=27)
DEBUG flower 2021-04-08 09:54:19,643 | numpy_client.py:260 | cached_clock: 25, curr_clock: 27
INFO flower 2021-04-08 09:54:22,547 | numpy_client.py:205 | Cache is fresh, return FitRes(clock=27)
DEBUG flower 2021-04-08 09:54:28,802 | numpy_client.py:172 | fit, FitIns(clock=28)
DEBUG flower 2021-04-08 09:54:28,802 | numpy_client.py:260 | cached_clock: 25, curr_clock: 28
INFO flower 2021-04-08 09:54:28,803 | numpy_client.py:184 | Cache is stale, return ReadIns
DEBUG flower 2021-04-08 09:54:33,792 | numpy_client.py:228 | read: ReadRes(clock=26)
DEBUG flower 2021-04-08 09:54:33,800 | numpy_client.py:172 | fit, FitIns(clock=28)
DEBUG flower 2021-04-08 09:54:33,800 | numpy_client.py:260 | cached_clock: 26, curr_clock: 28
INFO flower 2021-04-08 09:54:36,664 | numpy_client.py:205 | Cache is fresh, return FitRes(clock=28)
DEBUG flower 2021-04-08 09:54:43,103 | numpy_client.py:172 | fit, FitIns(clock=29)
DEBUG flower 2021-04-08 09:54:43,103 | numpy_client.py:260 | cached_clock: 26, curr_clock: 29
INFO flower 2021-04-08 09:54:43,103 | numpy_client.py:184 | Cache is stale, return ReadIns
DEBUG flower 2021-04-08 09:54:47,713 | numpy_client.py:228 | read: ReadRes(clock=27)
DEBUG flower 2021-04-08 09:54:47,721 | numpy_client.py:172 | fit, FitIns(clock=29)
DEBUG flower 2021-04-08 09:54:47,721 | numpy_client.py:260 | cached_clock: 27, curr_clock: 29
INFO flower 2021-04-08 09:54:50,348 | numpy_client.py:205 | Cache is fresh, return FitRes(clock=29)
DEBUG flower 2021-04-08 09:54:56,341 | numpy_client.py:172 | fit, FitIns(clock=30)
DEBUG flower 2021-04-08 09:54:56,342 | numpy_client.py:260 | cached_clock: 27, curr_clock: 30
INFO flower 2021-04-08 09:54:56,342 | numpy_client.py:184 | Cache is stale, return ReadIns
DEBUG flower 2021-04-08 09:55:00,839 | numpy_client.py:228 | read: ReadRes(clock=28)
DEBUG flower 2021-04-08 09:55:00,846 | numpy_client.py:172 | fit, FitIns(clock=30)
DEBUG flower 2021-04-08 09:55:00,847 | numpy_client.py:260 | cached_clock: 28, curr_clock: 30
INFO flower 2021-04-08 09:55:03,547 | numpy_client.py:205 | Cache is fresh, return FitRes(clock=30)
DEBUG flower 2021-04-08 09:55:09,983 | numpy_client.py:172 | fit, FitIns(clock=31)
DEBUG flower 2021-04-08 09:55:09,984 | numpy_client.py:260 | cached_clock: 28, curr_clock: 31
INFO flower 2021-04-08 09:55:09,984 | numpy_client.py:184 | Cache is stale, return ReadIns
DEBUG flower 2021-04-08 09:55:14,239 | numpy_client.py:228 | read: ReadRes(clock=29)
DEBUG flower 2021-04-08 09:55:14,246 | numpy_client.py:172 | fit, FitIns(clock=31)
DEBUG flower 2021-04-08 09:55:14,247 | numpy_client.py:260 | cached_clock: 29, curr_clock: 31
INFO flower 2021-04-08 09:55:16,848 | numpy_client.py:205 | Cache is fresh, return FitRes(clock=31)
DEBUG flower 2021-04-08 09:55:23,334 | numpy_client.py:172 | fit, FitIns(clock=32)
DEBUG flower 2021-04-08 09:55:23,335 | numpy_client.py:260 | cached_clock: 29, curr_clock: 32
INFO flower 2021-04-08 09:55:23,335 | numpy_client.py:184 | Cache is stale, return ReadIns
DEBUG flower 2021-04-08 09:55:27,894 | numpy_client.py:228 | read: ReadRes(clock=30)
DEBUG flower 2021-04-08 09:55:27,901 | numpy_client.py:172 | fit, FitIns(clock=32)
DEBUG flower 2021-04-08 09:55:27,901 | numpy_client.py:260 | cached_clock: 30, curr_clock: 32
INFO flower 2021-04-08 09:55:30,459 | numpy_client.py:205 | Cache is fresh, return FitRes(clock=32)
DEBUG flower 2021-04-08 09:55:37,146 | numpy_client.py:172 | fit, FitIns(clock=33)
DEBUG flower 2021-04-08 09:55:37,146 | numpy_client.py:260 | cached_clock: 30, curr_clock: 33
INFO flower 2021-04-08 09:55:37,146 | numpy_client.py:184 | Cache is stale, return ReadIns
DEBUG flower 2021-04-08 09:55:41,535 | numpy_client.py:228 | read: ReadRes(clock=31)
DEBUG flower 2021-04-08 09:55:41,543 | numpy_client.py:172 | fit, FitIns(clock=33)
DEBUG flower 2021-04-08 09:55:41,543 | numpy_client.py:260 | cached_clock: 31, curr_clock: 33
INFO flower 2021-04-08 09:55:44,042 | numpy_client.py:205 | Cache is fresh, return FitRes(clock=33)
DEBUG flower 2021-04-08 09:55:50,484 | numpy_client.py:172 | fit, FitIns(clock=34)
DEBUG flower 2021-04-08 09:55:50,484 | numpy_client.py:260 | cached_clock: 31, curr_clock: 34
INFO flower 2021-04-08 09:55:50,484 | numpy_client.py:184 | Cache is stale, return ReadIns
DEBUG flower 2021-04-08 09:55:55,528 | numpy_client.py:228 | read: ReadRes(clock=32)
DEBUG flower 2021-04-08 09:55:55,536 | numpy_client.py:172 | fit, FitIns(clock=34)
DEBUG flower 2021-04-08 09:55:55,536 | numpy_client.py:260 | cached_clock: 32, curr_clock: 34
INFO flower 2021-04-08 09:55:58,172 | numpy_client.py:205 | Cache is fresh, return FitRes(clock=34)
DEBUG flower 2021-04-08 09:56:04,405 | numpy_client.py:172 | fit, FitIns(clock=35)
DEBUG flower 2021-04-08 09:56:04,405 | numpy_client.py:260 | cached_clock: 32, curr_clock: 35
INFO flower 2021-04-08 09:56:04,406 | numpy_client.py:184 | Cache is stale, return ReadIns
DEBUG flower 2021-04-08 09:56:08,873 | numpy_client.py:228 | read: ReadRes(clock=33)
DEBUG flower 2021-04-08 09:56:08,881 | numpy_client.py:172 | fit, FitIns(clock=35)
DEBUG flower 2021-04-08 09:56:08,881 | numpy_client.py:260 | cached_clock: 33, curr_clock: 35
INFO flower 2021-04-08 09:56:11,575 | numpy_client.py:205 | Cache is fresh, return FitRes(clock=35)
DEBUG flower 2021-04-08 09:56:18,058 | numpy_client.py:172 | fit, FitIns(clock=36)
DEBUG flower 2021-04-08 09:56:18,059 | numpy_client.py:260 | cached_clock: 33, curr_clock: 36
INFO flower 2021-04-08 09:56:18,059 | numpy_client.py:184 | Cache is stale, return ReadIns
DEBUG flower 2021-04-08 09:56:22,443 | numpy_client.py:228 | read: ReadRes(clock=34)
DEBUG flower 2021-04-08 09:56:22,451 | numpy_client.py:172 | fit, FitIns(clock=36)
DEBUG flower 2021-04-08 09:56:22,451 | numpy_client.py:260 | cached_clock: 34, curr_clock: 36
INFO flower 2021-04-08 09:56:25,139 | numpy_client.py:205 | Cache is fresh, return FitRes(clock=36)
DEBUG flower 2021-04-08 09:56:31,535 | numpy_client.py:172 | fit, FitIns(clock=37)
DEBUG flower 2021-04-08 09:56:31,535 | numpy_client.py:260 | cached_clock: 34, curr_clock: 37
INFO flower 2021-04-08 09:56:31,535 | numpy_client.py:184 | Cache is stale, return ReadIns
DEBUG flower 2021-04-08 09:56:36,054 | numpy_client.py:228 | read: ReadRes(clock=35)
DEBUG flower 2021-04-08 09:56:36,062 | numpy_client.py:172 | fit, FitIns(clock=37)
DEBUG flower 2021-04-08 09:56:36,062 | numpy_client.py:260 | cached_clock: 35, curr_clock: 37
INFO flower 2021-04-08 09:56:38,751 | numpy_client.py:205 | Cache is fresh, return FitRes(clock=37)
DEBUG flower 2021-04-08 09:56:46,453 | numpy_client.py:172 | fit, FitIns(clock=38)
DEBUG flower 2021-04-08 09:56:46,454 | numpy_client.py:260 | cached_clock: 35, curr_clock: 38
INFO flower 2021-04-08 09:56:46,454 | numpy_client.py:184 | Cache is stale, return ReadIns
DEBUG flower 2021-04-08 09:56:51,004 | numpy_client.py:228 | read: ReadRes(clock=36)
DEBUG flower 2021-04-08 09:56:51,012 | numpy_client.py:172 | fit, FitIns(clock=38)
DEBUG flower 2021-04-08 09:56:51,012 | numpy_client.py:260 | cached_clock: 36, curr_clock: 38
INFO flower 2021-04-08 09:56:53,779 | numpy_client.py:205 | Cache is fresh, return FitRes(clock=38)
DEBUG flower 2021-04-08 09:57:00,717 | numpy_client.py:172 | fit, FitIns(clock=39)
DEBUG flower 2021-04-08 09:57:00,717 | numpy_client.py:260 | cached_clock: 36, curr_clock: 39
INFO flower 2021-04-08 09:57:00,717 | numpy_client.py:184 | Cache is stale, return ReadIns
DEBUG flower 2021-04-08 09:57:05,339 | numpy_client.py:228 | read: ReadRes(clock=37)
DEBUG flower 2021-04-08 09:57:05,345 | numpy_client.py:172 | fit, FitIns(clock=39)
DEBUG flower 2021-04-08 09:57:05,346 | numpy_client.py:260 | cached_clock: 37, curr_clock: 39
INFO flower 2021-04-08 09:57:08,048 | numpy_client.py:205 | Cache is fresh, return FitRes(clock=39)
DEBUG flower 2021-04-08 09:57:14,452 | numpy_client.py:172 | fit, FitIns(clock=40)
DEBUG flower 2021-04-08 09:57:14,452 | numpy_client.py:260 | cached_clock: 37, curr_clock: 40
INFO flower 2021-04-08 09:57:14,452 | numpy_client.py:184 | Cache is stale, return ReadIns
DEBUG flower 2021-04-08 09:57:19,246 | numpy_client.py:228 | read: ReadRes(clock=38)
DEBUG flower 2021-04-08 09:57:19,254 | numpy_client.py:172 | fit, FitIns(clock=40)
DEBUG flower 2021-04-08 09:57:19,254 | numpy_client.py:260 | cached_clock: 38, curr_clock: 40
INFO flower 2021-04-08 09:57:21,949 | numpy_client.py:205 | Cache is fresh, return FitRes(clock=40)
DEBUG flower 2021-04-08 09:57:28,484 | numpy_client.py:172 | fit, FitIns(clock=41)
DEBUG flower 2021-04-08 09:57:28,484 | numpy_client.py:260 | cached_clock: 38, curr_clock: 41
INFO flower 2021-04-08 09:57:28,484 | numpy_client.py:184 | Cache is stale, return ReadIns
DEBUG flower 2021-04-08 09:57:33,300 | numpy_client.py:228 | read: ReadRes(clock=39)
DEBUG flower 2021-04-08 09:57:33,307 | numpy_client.py:172 | fit, FitIns(clock=41)
DEBUG flower 2021-04-08 09:57:33,307 | numpy_client.py:260 | cached_clock: 39, curr_clock: 41
INFO flower 2021-04-08 09:57:36,044 | numpy_client.py:205 | Cache is fresh, return FitRes(clock=41)
DEBUG flower 2021-04-08 09:57:42,173 | numpy_client.py:172 | fit, FitIns(clock=42)
DEBUG flower 2021-04-08 09:57:42,173 | numpy_client.py:260 | cached_clock: 39, curr_clock: 42
INFO flower 2021-04-08 09:57:42,174 | numpy_client.py:184 | Cache is stale, return ReadIns
DEBUG flower 2021-04-08 09:57:46,940 | numpy_client.py:228 | read: ReadRes(clock=40)
DEBUG flower 2021-04-08 09:57:46,947 | numpy_client.py:172 | fit, FitIns(clock=42)
DEBUG flower 2021-04-08 09:57:46,948 | numpy_client.py:260 | cached_clock: 40, curr_clock: 42
INFO flower 2021-04-08 09:57:49,674 | numpy_client.py:205 | Cache is fresh, return FitRes(clock=42)
DEBUG flower 2021-04-08 09:57:56,249 | numpy_client.py:172 | fit, FitIns(clock=43)
DEBUG flower 2021-04-08 09:57:56,250 | numpy_client.py:260 | cached_clock: 40, curr_clock: 43
INFO flower 2021-04-08 09:57:56,250 | numpy_client.py:184 | Cache is stale, return ReadIns
DEBUG flower 2021-04-08 09:58:00,749 | numpy_client.py:228 | read: ReadRes(clock=41)
DEBUG flower 2021-04-08 09:58:00,756 | numpy_client.py:172 | fit, FitIns(clock=43)
DEBUG flower 2021-04-08 09:58:00,756 | numpy_client.py:260 | cached_clock: 41, curr_clock: 43
INFO flower 2021-04-08 09:58:03,557 | numpy_client.py:205 | Cache is fresh, return FitRes(clock=43)
DEBUG flower 2021-04-08 09:58:09,882 | numpy_client.py:172 | fit, FitIns(clock=44)
DEBUG flower 2021-04-08 09:58:09,882 | numpy_client.py:260 | cached_clock: 41, curr_clock: 44
INFO flower 2021-04-08 09:58:09,882 | numpy_client.py:184 | Cache is stale, return ReadIns
DEBUG flower 2021-04-08 09:58:14,540 | numpy_client.py:228 | read: ReadRes(clock=42)
DEBUG flower 2021-04-08 09:58:14,548 | numpy_client.py:172 | fit, FitIns(clock=44)
DEBUG flower 2021-04-08 09:58:14,548 | numpy_client.py:260 | cached_clock: 42, curr_clock: 44
INFO flower 2021-04-08 09:58:17,350 | numpy_client.py:205 | Cache is fresh, return FitRes(clock=44)
DEBUG flower 2021-04-08 09:58:23,657 | numpy_client.py:172 | fit, FitIns(clock=45)
DEBUG flower 2021-04-08 09:58:23,658 | numpy_client.py:260 | cached_clock: 42, curr_clock: 45
INFO flower 2021-04-08 09:58:23,658 | numpy_client.py:184 | Cache is stale, return ReadIns
DEBUG flower 2021-04-08 09:58:28,380 | numpy_client.py:228 | read: ReadRes(clock=43)
DEBUG flower 2021-04-08 09:58:28,387 | numpy_client.py:172 | fit, FitIns(clock=45)
DEBUG flower 2021-04-08 09:58:28,387 | numpy_client.py:260 | cached_clock: 43, curr_clock: 45
INFO flower 2021-04-08 09:58:31,361 | numpy_client.py:205 | Cache is fresh, return FitRes(clock=45)
DEBUG flower 2021-04-08 09:58:37,477 | numpy_client.py:172 | fit, FitIns(clock=46)
DEBUG flower 2021-04-08 09:58:37,478 | numpy_client.py:260 | cached_clock: 43, curr_clock: 46
INFO flower 2021-04-08 09:58:37,478 | numpy_client.py:184 | Cache is stale, return ReadIns
DEBUG flower 2021-04-08 09:58:42,431 | numpy_client.py:228 | read: ReadRes(clock=44)
DEBUG flower 2021-04-08 09:58:42,438 | numpy_client.py:172 | fit, FitIns(clock=46)
DEBUG flower 2021-04-08 09:58:42,439 | numpy_client.py:260 | cached_clock: 44, curr_clock: 46
INFO flower 2021-04-08 09:58:45,363 | numpy_client.py:205 | Cache is fresh, return FitRes(clock=46)
DEBUG flower 2021-04-08 09:58:52,145 | numpy_client.py:172 | fit, FitIns(clock=47)
DEBUG flower 2021-04-08 09:58:52,145 | numpy_client.py:260 | cached_clock: 44, curr_clock: 47
INFO flower 2021-04-08 09:58:52,145 | numpy_client.py:184 | Cache is stale, return ReadIns
DEBUG flower 2021-04-08 09:58:56,898 | numpy_client.py:228 | read: ReadRes(clock=45)
DEBUG flower 2021-04-08 09:58:56,905 | numpy_client.py:172 | fit, FitIns(clock=47)
DEBUG flower 2021-04-08 09:58:56,905 | numpy_client.py:260 | cached_clock: 45, curr_clock: 47
INFO flower 2021-04-08 09:58:59,676 | numpy_client.py:205 | Cache is fresh, return FitRes(clock=47)
DEBUG flower 2021-04-08 09:59:06,266 | numpy_client.py:172 | fit, FitIns(clock=48)
DEBUG flower 2021-04-08 09:59:06,266 | numpy_client.py:260 | cached_clock: 45, curr_clock: 48
INFO flower 2021-04-08 09:59:06,266 | numpy_client.py:184 | Cache is stale, return ReadIns
DEBUG flower 2021-04-08 09:59:10,752 | numpy_client.py:228 | read: ReadRes(clock=46)
DEBUG flower 2021-04-08 09:59:10,759 | numpy_client.py:172 | fit, FitIns(clock=48)
DEBUG flower 2021-04-08 09:59:10,759 | numpy_client.py:260 | cached_clock: 46, curr_clock: 48
INFO flower 2021-04-08 09:59:13,576 | numpy_client.py:205 | Cache is fresh, return FitRes(clock=48)
DEBUG flower 2021-04-08 09:59:19,850 | numpy_client.py:172 | fit, FitIns(clock=49)
DEBUG flower 2021-04-08 09:59:19,850 | numpy_client.py:260 | cached_clock: 46, curr_clock: 49
INFO flower 2021-04-08 09:59:19,851 | numpy_client.py:184 | Cache is stale, return ReadIns
DEBUG flower 2021-04-08 09:59:24,351 | numpy_client.py:228 | read: ReadRes(clock=47)
DEBUG flower 2021-04-08 09:59:24,359 | numpy_client.py:172 | fit, FitIns(clock=49)
DEBUG flower 2021-04-08 09:59:24,359 | numpy_client.py:260 | cached_clock: 47, curr_clock: 49
INFO flower 2021-04-08 09:59:27,050 | numpy_client.py:205 | Cache is fresh, return FitRes(clock=49)
DEBUG flower 2021-04-08 09:59:33,436 | numpy_client.py:172 | fit, FitIns(clock=50)
DEBUG flower 2021-04-08 09:59:33,436 | numpy_client.py:260 | cached_clock: 47, curr_clock: 50
INFO flower 2021-04-08 09:59:33,436 | numpy_client.py:184 | Cache is stale, return ReadIns
DEBUG flower 2021-04-08 09:59:38,104 | numpy_client.py:228 | read: ReadRes(clock=48)
DEBUG flower 2021-04-08 09:59:38,112 | numpy_client.py:172 | fit, FitIns(clock=50)
DEBUG flower 2021-04-08 09:59:38,112 | numpy_client.py:260 | cached_clock: 48, curr_clock: 50
INFO flower 2021-04-08 09:59:40,640 | numpy_client.py:205 | Cache is fresh, return FitRes(clock=50)
DEBUG flower 2021-04-08 09:59:47,231 | numpy_client.py:172 | fit, FitIns(clock=51)
DEBUG flower 2021-04-08 09:59:47,231 | numpy_client.py:260 | cached_clock: 48, curr_clock: 51
INFO flower 2021-04-08 09:59:47,231 | numpy_client.py:184 | Cache is stale, return ReadIns
DEBUG flower 2021-04-08 09:59:51,739 | numpy_client.py:228 | read: ReadRes(clock=49)
DEBUG flower 2021-04-08 09:59:51,746 | numpy_client.py:172 | fit, FitIns(clock=51)
DEBUG flower 2021-04-08 09:59:51,746 | numpy_client.py:260 | cached_clock: 49, curr_clock: 51
INFO flower 2021-04-08 09:59:54,362 | numpy_client.py:205 | Cache is fresh, return FitRes(clock=51)
DEBUG flower 2021-04-08 10:00:00,840 | numpy_client.py:172 | fit, FitIns(clock=52)
DEBUG flower 2021-04-08 10:00:00,840 | numpy_client.py:260 | cached_clock: 49, curr_clock: 52
INFO flower 2021-04-08 10:00:00,840 | numpy_client.py:184 | Cache is stale, return ReadIns
DEBUG flower 2021-04-08 10:00:05,308 | numpy_client.py:228 | read: ReadRes(clock=50)
DEBUG flower 2021-04-08 10:00:05,316 | numpy_client.py:172 | fit, FitIns(clock=52)
DEBUG flower 2021-04-08 10:00:05,316 | numpy_client.py:260 | cached_clock: 50, curr_clock: 52
INFO flower 2021-04-08 10:00:07,773 | numpy_client.py:205 | Cache is fresh, return FitRes(clock=52)
DEBUG flower 2021-04-08 10:00:14,282 | numpy_client.py:172 | fit, FitIns(clock=53)
DEBUG flower 2021-04-08 10:00:14,282 | numpy_client.py:260 | cached_clock: 50, curr_clock: 53
INFO flower 2021-04-08 10:00:14,282 | numpy_client.py:184 | Cache is stale, return ReadIns
DEBUG flower 2021-04-08 10:00:18,562 | numpy_client.py:228 | read: ReadRes(clock=51)
DEBUG flower 2021-04-08 10:00:18,569 | numpy_client.py:172 | fit, FitIns(clock=53)
DEBUG flower 2021-04-08 10:00:18,569 | numpy_client.py:260 | cached_clock: 51, curr_clock: 53
INFO flower 2021-04-08 10:00:21,245 | numpy_client.py:205 | Cache is fresh, return FitRes(clock=53)
DEBUG flower 2021-04-08 10:00:27,499 | numpy_client.py:172 | fit, FitIns(clock=54)
DEBUG flower 2021-04-08 10:00:27,499 | numpy_client.py:260 | cached_clock: 51, curr_clock: 54
INFO flower 2021-04-08 10:00:27,499 | numpy_client.py:184 | Cache is stale, return ReadIns
DEBUG flower 2021-04-08 10:00:32,240 | numpy_client.py:228 | read: ReadRes(clock=52)
DEBUG flower 2021-04-08 10:00:32,247 | numpy_client.py:172 | fit, FitIns(clock=54)
DEBUG flower 2021-04-08 10:00:32,247 | numpy_client.py:260 | cached_clock: 52, curr_clock: 54
INFO flower 2021-04-08 10:00:34,859 | numpy_client.py:205 | Cache is fresh, return FitRes(clock=54)
DEBUG flower 2021-04-08 10:00:41,282 | numpy_client.py:172 | fit, FitIns(clock=55)
DEBUG flower 2021-04-08 10:00:41,282 | numpy_client.py:260 | cached_clock: 52, curr_clock: 55
INFO flower 2021-04-08 10:00:41,282 | numpy_client.py:184 | Cache is stale, return ReadIns
DEBUG flower 2021-04-08 10:00:45,840 | numpy_client.py:228 | read: ReadRes(clock=53)
DEBUG flower 2021-04-08 10:00:45,847 | numpy_client.py:172 | fit, FitIns(clock=55)
DEBUG flower 2021-04-08 10:00:45,848 | numpy_client.py:260 | cached_clock: 53, curr_clock: 55
INFO flower 2021-04-08 10:00:48,365 | numpy_client.py:205 | Cache is fresh, return FitRes(clock=55)
DEBUG flower 2021-04-08 10:00:54,867 | numpy_client.py:172 | fit, FitIns(clock=56)
DEBUG flower 2021-04-08 10:00:54,867 | numpy_client.py:260 | cached_clock: 53, curr_clock: 56
INFO flower 2021-04-08 10:00:54,867 | numpy_client.py:184 | Cache is stale, return ReadIns
DEBUG flower 2021-04-08 10:00:59,638 | numpy_client.py:228 | read: ReadRes(clock=54)
DEBUG flower 2021-04-08 10:00:59,646 | numpy_client.py:172 | fit, FitIns(clock=56)
DEBUG flower 2021-04-08 10:00:59,646 | numpy_client.py:260 | cached_clock: 54, curr_clock: 56
INFO flower 2021-04-08 10:01:02,152 | numpy_client.py:205 | Cache is fresh, return FitRes(clock=56)
DEBUG flower 2021-04-08 10:01:08,606 | numpy_client.py:172 | fit, FitIns(clock=57)
DEBUG flower 2021-04-08 10:01:08,606 | numpy_client.py:260 | cached_clock: 54, curr_clock: 57
INFO flower 2021-04-08 10:01:08,606 | numpy_client.py:184 | Cache is stale, return ReadIns
DEBUG flower 2021-04-08 10:01:13,473 | numpy_client.py:228 | read: ReadRes(clock=55)
DEBUG flower 2021-04-08 10:01:13,480 | numpy_client.py:172 | fit, FitIns(clock=57)
DEBUG flower 2021-04-08 10:01:13,481 | numpy_client.py:260 | cached_clock: 55, curr_clock: 57
INFO flower 2021-04-08 10:01:16,067 | numpy_client.py:205 | Cache is fresh, return FitRes(clock=57)
DEBUG flower 2021-04-08 10:01:22,509 | numpy_client.py:172 | fit, FitIns(clock=58)
DEBUG flower 2021-04-08 10:01:22,510 | numpy_client.py:260 | cached_clock: 55, curr_clock: 58
INFO flower 2021-04-08 10:01:22,510 | numpy_client.py:184 | Cache is stale, return ReadIns
DEBUG flower 2021-04-08 10:01:26,981 | numpy_client.py:228 | read: ReadRes(clock=56)
DEBUG flower 2021-04-08 10:01:26,989 | numpy_client.py:172 | fit, FitIns(clock=58)
DEBUG flower 2021-04-08 10:01:26,989 | numpy_client.py:260 | cached_clock: 56, curr_clock: 58
INFO flower 2021-04-08 10:01:29,563 | numpy_client.py:205 | Cache is fresh, return FitRes(clock=58)
DEBUG flower 2021-04-08 10:01:36,180 | numpy_client.py:172 | fit, FitIns(clock=59)
DEBUG flower 2021-04-08 10:01:36,180 | numpy_client.py:260 | cached_clock: 56, curr_clock: 59
INFO flower 2021-04-08 10:01:36,180 | numpy_client.py:184 | Cache is stale, return ReadIns
DEBUG flower 2021-04-08 10:01:40,974 | numpy_client.py:228 | read: ReadRes(clock=57)
DEBUG flower 2021-04-08 10:01:40,982 | numpy_client.py:172 | fit, FitIns(clock=59)
DEBUG flower 2021-04-08 10:01:40,982 | numpy_client.py:260 | cached_clock: 57, curr_clock: 59
INFO flower 2021-04-08 10:01:43,863 | numpy_client.py:205 | Cache is fresh, return FitRes(clock=59)
DEBUG flower 2021-04-08 10:01:50,155 | numpy_client.py:172 | fit, FitIns(clock=60)
DEBUG flower 2021-04-08 10:01:50,155 | numpy_client.py:260 | cached_clock: 57, curr_clock: 60
INFO flower 2021-04-08 10:01:50,156 | numpy_client.py:184 | Cache is stale, return ReadIns
DEBUG flower 2021-04-08 10:01:54,504 | numpy_client.py:228 | read: ReadRes(clock=58)
DEBUG flower 2021-04-08 10:01:54,543 | numpy_client.py:172 | fit, FitIns(clock=60)
DEBUG flower 2021-04-08 10:01:54,543 | numpy_client.py:260 | cached_clock: 58, curr_clock: 60
INFO flower 2021-04-08 10:01:57,362 | numpy_client.py:205 | Cache is fresh, return FitRes(clock=60)
DEBUG flower 2021-04-08 10:02:03,572 | numpy_client.py:172 | fit, FitIns(clock=61)
DEBUG flower 2021-04-08 10:02:03,572 | numpy_client.py:260 | cached_clock: 58, curr_clock: 61
INFO flower 2021-04-08 10:02:03,572 | numpy_client.py:184 | Cache is stale, return ReadIns
DEBUG flower 2021-04-08 10:02:08,167 | numpy_client.py:228 | read: ReadRes(clock=59)
DEBUG flower 2021-04-08 10:02:08,242 | numpy_client.py:172 | fit, FitIns(clock=61)
DEBUG flower 2021-04-08 10:02:08,243 | numpy_client.py:260 | cached_clock: 59, curr_clock: 61
INFO flower 2021-04-08 10:02:11,065 | numpy_client.py:205 | Cache is fresh, return FitRes(clock=61)
DEBUG flower 2021-04-08 10:02:18,353 | numpy_client.py:172 | fit, FitIns(clock=62)
DEBUG flower 2021-04-08 10:02:18,353 | numpy_client.py:260 | cached_clock: 59, curr_clock: 62
INFO flower 2021-04-08 10:02:18,353 | numpy_client.py:184 | Cache is stale, return ReadIns
DEBUG flower 2021-04-08 10:02:23,204 | numpy_client.py:228 | read: ReadRes(clock=60)
DEBUG flower 2021-04-08 10:02:23,244 | numpy_client.py:172 | fit, FitIns(clock=62)
DEBUG flower 2021-04-08 10:02:23,244 | numpy_client.py:260 | cached_clock: 60, curr_clock: 62
INFO flower 2021-04-08 10:02:26,050 | numpy_client.py:205 | Cache is fresh, return FitRes(clock=62)
DEBUG flower 2021-04-08 10:02:32,765 | numpy_client.py:172 | fit, FitIns(clock=63)
DEBUG flower 2021-04-08 10:02:32,766 | numpy_client.py:260 | cached_clock: 60, curr_clock: 63
INFO flower 2021-04-08 10:02:32,766 | numpy_client.py:184 | Cache is stale, return ReadIns
DEBUG flower 2021-04-08 10:02:37,440 | numpy_client.py:228 | read: ReadRes(clock=61)
DEBUG flower 2021-04-08 10:02:37,448 | numpy_client.py:172 | fit, FitIns(clock=63)
DEBUG flower 2021-04-08 10:02:37,448 | numpy_client.py:260 | cached_clock: 61, curr_clock: 63
INFO flower 2021-04-08 10:02:40,146 | numpy_client.py:205 | Cache is fresh, return FitRes(clock=63)
DEBUG flower 2021-04-08 10:02:46,189 | numpy_client.py:172 | fit, FitIns(clock=64)
DEBUG flower 2021-04-08 10:02:46,190 | numpy_client.py:260 | cached_clock: 61, curr_clock: 64
INFO flower 2021-04-08 10:02:46,190 | numpy_client.py:184 | Cache is stale, return ReadIns
DEBUG flower 2021-04-08 10:02:50,795 | numpy_client.py:228 | read: ReadRes(clock=62)
DEBUG flower 2021-04-08 10:02:50,803 | numpy_client.py:172 | fit, FitIns(clock=64)
DEBUG flower 2021-04-08 10:02:50,803 | numpy_client.py:260 | cached_clock: 62, curr_clock: 64
INFO flower 2021-04-08 10:02:53,572 | numpy_client.py:205 | Cache is fresh, return FitRes(clock=64)
DEBUG flower 2021-04-08 10:02:59,578 | numpy_client.py:172 | fit, FitIns(clock=65)
DEBUG flower 2021-04-08 10:02:59,579 | numpy_client.py:260 | cached_clock: 62, curr_clock: 65
INFO flower 2021-04-08 10:02:59,579 | numpy_client.py:184 | Cache is stale, return ReadIns
DEBUG flower 2021-04-08 10:03:04,192 | numpy_client.py:228 | read: ReadRes(clock=63)
DEBUG flower 2021-04-08 10:03:04,199 | numpy_client.py:172 | fit, FitIns(clock=65)
DEBUG flower 2021-04-08 10:03:04,199 | numpy_client.py:260 | cached_clock: 63, curr_clock: 65
INFO flower 2021-04-08 10:03:06,856 | numpy_client.py:205 | Cache is fresh, return FitRes(clock=65)
DEBUG flower 2021-04-08 10:03:13,130 | numpy_client.py:172 | fit, FitIns(clock=66)
DEBUG flower 2021-04-08 10:03:13,131 | numpy_client.py:260 | cached_clock: 63, curr_clock: 66
INFO flower 2021-04-08 10:03:13,131 | numpy_client.py:184 | Cache is stale, return ReadIns
DEBUG flower 2021-04-08 10:03:18,139 | numpy_client.py:228 | read: ReadRes(clock=64)
DEBUG flower 2021-04-08 10:03:18,147 | numpy_client.py:172 | fit, FitIns(clock=66)
DEBUG flower 2021-04-08 10:03:18,147 | numpy_client.py:260 | cached_clock: 64, curr_clock: 66
INFO flower 2021-04-08 10:03:20,845 | numpy_client.py:205 | Cache is fresh, return FitRes(clock=66)
DEBUG flower 2021-04-08 10:03:26,584 | numpy_client.py:172 | fit, FitIns(clock=67)
DEBUG flower 2021-04-08 10:03:26,585 | numpy_client.py:260 | cached_clock: 64, curr_clock: 67
INFO flower 2021-04-08 10:03:26,585 | numpy_client.py:184 | Cache is stale, return ReadIns
DEBUG flower 2021-04-08 10:03:31,214 | numpy_client.py:228 | read: ReadRes(clock=65)
DEBUG flower 2021-04-08 10:03:31,222 | numpy_client.py:172 | fit, FitIns(clock=67)
DEBUG flower 2021-04-08 10:03:31,222 | numpy_client.py:260 | cached_clock: 65, curr_clock: 67
INFO flower 2021-04-08 10:03:33,949 | numpy_client.py:205 | Cache is fresh, return FitRes(clock=67)
DEBUG flower 2021-04-08 10:03:40,290 | numpy_client.py:172 | fit, FitIns(clock=68)
DEBUG flower 2021-04-08 10:03:40,290 | numpy_client.py:260 | cached_clock: 65, curr_clock: 68
INFO flower 2021-04-08 10:03:40,290 | numpy_client.py:184 | Cache is stale, return ReadIns
DEBUG flower 2021-04-08 10:03:44,767 | numpy_client.py:228 | read: ReadRes(clock=66)
DEBUG flower 2021-04-08 10:03:44,774 | numpy_client.py:172 | fit, FitIns(clock=68)
DEBUG flower 2021-04-08 10:03:44,774 | numpy_client.py:260 | cached_clock: 66, curr_clock: 68
INFO flower 2021-04-08 10:03:47,539 | numpy_client.py:205 | Cache is fresh, return FitRes(clock=68)
DEBUG flower 2021-04-08 10:03:53,979 | numpy_client.py:172 | fit, FitIns(clock=69)
DEBUG flower 2021-04-08 10:03:53,979 | numpy_client.py:260 | cached_clock: 66, curr_clock: 69
INFO flower 2021-04-08 10:03:53,979 | numpy_client.py:184 | Cache is stale, return ReadIns
DEBUG flower 2021-04-08 10:03:58,452 | numpy_client.py:228 | read: ReadRes(clock=67)
DEBUG flower 2021-04-08 10:03:58,459 | numpy_client.py:172 | fit, FitIns(clock=69)
DEBUG flower 2021-04-08 10:03:58,459 | numpy_client.py:260 | cached_clock: 67, curr_clock: 69
INFO flower 2021-04-08 10:04:01,143 | numpy_client.py:205 | Cache is fresh, return FitRes(clock=69)
DEBUG flower 2021-04-08 10:04:07,373 | numpy_client.py:172 | fit, FitIns(clock=70)
DEBUG flower 2021-04-08 10:04:07,374 | numpy_client.py:260 | cached_clock: 67, curr_clock: 70
INFO flower 2021-04-08 10:04:07,374 | numpy_client.py:184 | Cache is stale, return ReadIns
DEBUG flower 2021-04-08 10:04:11,709 | numpy_client.py:228 | read: ReadRes(clock=68)
DEBUG flower 2021-04-08 10:04:11,717 | numpy_client.py:172 | fit, FitIns(clock=70)
DEBUG flower 2021-04-08 10:04:11,717 | numpy_client.py:260 | cached_clock: 68, curr_clock: 70
INFO flower 2021-04-08 10:04:14,360 | numpy_client.py:205 | Cache is fresh, return FitRes(clock=70)
DEBUG flower 2021-04-08 10:04:20,869 | numpy_client.py:172 | fit, FitIns(clock=71)
DEBUG flower 2021-04-08 10:04:20,869 | numpy_client.py:260 | cached_clock: 68, curr_clock: 71
INFO flower 2021-04-08 10:04:20,869 | numpy_client.py:184 | Cache is stale, return ReadIns
DEBUG flower 2021-04-08 10:04:25,222 | numpy_client.py:228 | read: ReadRes(clock=69)
DEBUG flower 2021-04-08 10:04:25,245 | numpy_client.py:172 | fit, FitIns(clock=71)
DEBUG flower 2021-04-08 10:04:25,245 | numpy_client.py:260 | cached_clock: 69, curr_clock: 71
INFO flower 2021-04-08 10:04:27,860 | numpy_client.py:205 | Cache is fresh, return FitRes(clock=71)
DEBUG flower 2021-04-08 10:04:34,067 | numpy_client.py:172 | fit, FitIns(clock=72)
DEBUG flower 2021-04-08 10:04:34,067 | numpy_client.py:260 | cached_clock: 69, curr_clock: 72
INFO flower 2021-04-08 10:04:34,067 | numpy_client.py:184 | Cache is stale, return ReadIns
DEBUG flower 2021-04-08 10:04:38,640 | numpy_client.py:228 | read: ReadRes(clock=70)
DEBUG flower 2021-04-08 10:04:38,648 | numpy_client.py:172 | fit, FitIns(clock=72)
DEBUG flower 2021-04-08 10:04:38,648 | numpy_client.py:260 | cached_clock: 70, curr_clock: 72
INFO flower 2021-04-08 10:04:41,058 | numpy_client.py:205 | Cache is fresh, return FitRes(clock=72)
DEBUG flower 2021-04-08 10:04:47,607 | numpy_client.py:172 | fit, FitIns(clock=73)
DEBUG flower 2021-04-08 10:04:47,607 | numpy_client.py:260 | cached_clock: 70, curr_clock: 73
INFO flower 2021-04-08 10:04:47,607 | numpy_client.py:184 | Cache is stale, return ReadIns
DEBUG flower 2021-04-08 10:04:51,750 | numpy_client.py:228 | read: ReadRes(clock=71)
DEBUG flower 2021-04-08 10:04:51,756 | numpy_client.py:172 | fit, FitIns(clock=73)
DEBUG flower 2021-04-08 10:04:51,757 | numpy_client.py:260 | cached_clock: 71, curr_clock: 73
INFO flower 2021-04-08 10:04:54,548 | numpy_client.py:205 | Cache is fresh, return FitRes(clock=73)
DEBUG flower 2021-04-08 10:05:00,683 | numpy_client.py:172 | fit, FitIns(clock=74)
DEBUG flower 2021-04-08 10:05:00,683 | numpy_client.py:260 | cached_clock: 71, curr_clock: 74
INFO flower 2021-04-08 10:05:00,683 | numpy_client.py:184 | Cache is stale, return ReadIns
DEBUG flower 2021-04-08 10:05:05,140 | numpy_client.py:228 | read: ReadRes(clock=72)
DEBUG flower 2021-04-08 10:05:05,147 | numpy_client.py:172 | fit, FitIns(clock=74)
DEBUG flower 2021-04-08 10:05:05,147 | numpy_client.py:260 | cached_clock: 72, curr_clock: 74
INFO flower 2021-04-08 10:05:07,654 | numpy_client.py:205 | Cache is fresh, return FitRes(clock=74)
DEBUG flower 2021-04-08 10:05:14,413 | numpy_client.py:172 | fit, FitIns(clock=75)
DEBUG flower 2021-04-08 10:05:14,414 | numpy_client.py:260 | cached_clock: 72, curr_clock: 75
INFO flower 2021-04-08 10:05:14,414 | numpy_client.py:184 | Cache is stale, return ReadIns
DEBUG flower 2021-04-08 10:05:18,839 | numpy_client.py:228 | read: ReadRes(clock=73)
DEBUG flower 2021-04-08 10:05:18,846 | numpy_client.py:172 | fit, FitIns(clock=75)
DEBUG flower 2021-04-08 10:05:18,847 | numpy_client.py:260 | cached_clock: 73, curr_clock: 75
INFO flower 2021-04-08 10:05:21,475 | numpy_client.py:205 | Cache is fresh, return FitRes(clock=75)
DEBUG flower 2021-04-08 10:05:27,850 | numpy_client.py:172 | fit, FitIns(clock=76)
DEBUG flower 2021-04-08 10:05:27,851 | numpy_client.py:260 | cached_clock: 73, curr_clock: 76
INFO flower 2021-04-08 10:05:27,851 | numpy_client.py:184 | Cache is stale, return ReadIns
DEBUG flower 2021-04-08 10:05:32,540 | numpy_client.py:228 | read: ReadRes(clock=74)
DEBUG flower 2021-04-08 10:05:32,548 | numpy_client.py:172 | fit, FitIns(clock=76)
DEBUG flower 2021-04-08 10:05:32,548 | numpy_client.py:260 | cached_clock: 74, curr_clock: 76
INFO flower 2021-04-08 10:05:35,041 | numpy_client.py:205 | Cache is fresh, return FitRes(clock=76)
DEBUG flower 2021-04-08 10:05:41,421 | numpy_client.py:172 | fit, FitIns(clock=77)
DEBUG flower 2021-04-08 10:05:41,421 | numpy_client.py:260 | cached_clock: 74, curr_clock: 77
INFO flower 2021-04-08 10:05:41,421 | numpy_client.py:184 | Cache is stale, return ReadIns
DEBUG flower 2021-04-08 10:05:46,135 | numpy_client.py:228 | read: ReadRes(clock=75)
DEBUG flower 2021-04-08 10:05:46,142 | numpy_client.py:172 | fit, FitIns(clock=77)
DEBUG flower 2021-04-08 10:05:46,142 | numpy_client.py:260 | cached_clock: 75, curr_clock: 77
INFO flower 2021-04-08 10:05:48,747 | numpy_client.py:205 | Cache is fresh, return FitRes(clock=77)
DEBUG flower 2021-04-08 10:05:55,039 | numpy_client.py:172 | fit, FitIns(clock=78)
DEBUG flower 2021-04-08 10:05:55,039 | numpy_client.py:260 | cached_clock: 75, curr_clock: 78
INFO flower 2021-04-08 10:05:55,039 | numpy_client.py:184 | Cache is stale, return ReadIns
DEBUG flower 2021-04-08 10:05:59,694 | numpy_client.py:228 | read: ReadRes(clock=76)
DEBUG flower 2021-04-08 10:05:59,702 | numpy_client.py:172 | fit, FitIns(clock=78)
DEBUG flower 2021-04-08 10:05:59,702 | numpy_client.py:260 | cached_clock: 76, curr_clock: 78
INFO flower 2021-04-08 10:06:02,745 | numpy_client.py:205 | Cache is fresh, return FitRes(clock=78)
DEBUG flower 2021-04-08 10:06:08,765 | numpy_client.py:172 | fit, FitIns(clock=79)
DEBUG flower 2021-04-08 10:06:08,766 | numpy_client.py:260 | cached_clock: 76, curr_clock: 79
INFO flower 2021-04-08 10:06:08,766 | numpy_client.py:184 | Cache is stale, return ReadIns
DEBUG flower 2021-04-08 10:06:13,824 | numpy_client.py:228 | read: ReadRes(clock=77)
DEBUG flower 2021-04-08 10:06:13,843 | numpy_client.py:172 | fit, FitIns(clock=79)
DEBUG flower 2021-04-08 10:06:13,844 | numpy_client.py:260 | cached_clock: 77, curr_clock: 79
INFO flower 2021-04-08 10:06:16,356 | numpy_client.py:205 | Cache is fresh, return FitRes(clock=79)
DEBUG flower 2021-04-08 10:06:23,190 | numpy_client.py:172 | fit, FitIns(clock=80)
DEBUG flower 2021-04-08 10:06:23,190 | numpy_client.py:260 | cached_clock: 77, curr_clock: 80
INFO flower 2021-04-08 10:06:23,190 | numpy_client.py:184 | Cache is stale, return ReadIns
DEBUG flower 2021-04-08 10:06:27,659 | numpy_client.py:228 | read: ReadRes(clock=78)
DEBUG flower 2021-04-08 10:06:27,666 | numpy_client.py:172 | fit, FitIns(clock=80)
DEBUG flower 2021-04-08 10:06:27,667 | numpy_client.py:260 | cached_clock: 78, curr_clock: 80
INFO flower 2021-04-08 10:06:30,342 | numpy_client.py:205 | Cache is fresh, return FitRes(clock=80)
DEBUG flower 2021-04-08 10:06:37,007 | numpy_client.py:172 | fit, FitIns(clock=81)
DEBUG flower 2021-04-08 10:06:37,007 | numpy_client.py:260 | cached_clock: 78, curr_clock: 81
INFO flower 2021-04-08 10:06:37,007 | numpy_client.py:184 | Cache is stale, return ReadIns
DEBUG flower 2021-04-08 10:06:41,540 | numpy_client.py:228 | read: ReadRes(clock=79)
DEBUG flower 2021-04-08 10:06:41,547 | numpy_client.py:172 | fit, FitIns(clock=81)
DEBUG flower 2021-04-08 10:06:41,547 | numpy_client.py:260 | cached_clock: 79, curr_clock: 81
INFO flower 2021-04-08 10:06:44,147 | numpy_client.py:205 | Cache is fresh, return FitRes(clock=81)
DEBUG flower 2021-04-08 10:06:50,904 | numpy_client.py:172 | fit, FitIns(clock=82)
DEBUG flower 2021-04-08 10:06:50,905 | numpy_client.py:260 | cached_clock: 79, curr_clock: 82
INFO flower 2021-04-08 10:06:50,905 | numpy_client.py:184 | Cache is stale, return ReadIns
DEBUG flower 2021-04-08 10:06:55,805 | numpy_client.py:228 | read: ReadRes(clock=80)
DEBUG flower 2021-04-08 10:06:55,812 | numpy_client.py:172 | fit, FitIns(clock=82)
DEBUG flower 2021-04-08 10:06:55,813 | numpy_client.py:260 | cached_clock: 80, curr_clock: 82
INFO flower 2021-04-08 10:06:58,451 | numpy_client.py:205 | Cache is fresh, return FitRes(clock=82)
DEBUG flower 2021-04-08 10:07:04,351 | numpy_client.py:172 | fit, FitIns(clock=83)
DEBUG flower 2021-04-08 10:07:04,351 | numpy_client.py:260 | cached_clock: 80, curr_clock: 83
INFO flower 2021-04-08 10:07:04,351 | numpy_client.py:184 | Cache is stale, return ReadIns
DEBUG flower 2021-04-08 10:07:09,150 | numpy_client.py:228 | read: ReadRes(clock=81)
DEBUG flower 2021-04-08 10:07:09,158 | numpy_client.py:172 | fit, FitIns(clock=83)
DEBUG flower 2021-04-08 10:07:09,158 | numpy_client.py:260 | cached_clock: 81, curr_clock: 83
INFO flower 2021-04-08 10:07:11,747 | numpy_client.py:205 | Cache is fresh, return FitRes(clock=83)
DEBUG flower 2021-04-08 10:07:17,753 | numpy_client.py:172 | fit, FitIns(clock=84)
DEBUG flower 2021-04-08 10:07:17,753 | numpy_client.py:260 | cached_clock: 81, curr_clock: 84
INFO flower 2021-04-08 10:07:17,753 | numpy_client.py:184 | Cache is stale, return ReadIns
DEBUG flower 2021-04-08 10:07:22,410 | numpy_client.py:228 | read: ReadRes(clock=82)
DEBUG flower 2021-04-08 10:07:22,418 | numpy_client.py:172 | fit, FitIns(clock=84)
DEBUG flower 2021-04-08 10:07:22,418 | numpy_client.py:260 | cached_clock: 82, curr_clock: 84
INFO flower 2021-04-08 10:07:25,268 | numpy_client.py:205 | Cache is fresh, return FitRes(clock=84)
DEBUG flower 2021-04-08 10:07:31,170 | numpy_client.py:172 | fit, FitIns(clock=85)
DEBUG flower 2021-04-08 10:07:31,172 | numpy_client.py:260 | cached_clock: 82, curr_clock: 85
INFO flower 2021-04-08 10:07:31,172 | numpy_client.py:184 | Cache is stale, return ReadIns
DEBUG flower 2021-04-08 10:07:35,741 | numpy_client.py:228 | read: ReadRes(clock=83)
DEBUG flower 2021-04-08 10:07:35,755 | numpy_client.py:172 | fit, FitIns(clock=85)
DEBUG flower 2021-04-08 10:07:35,755 | numpy_client.py:260 | cached_clock: 83, curr_clock: 85
INFO flower 2021-04-08 10:07:38,549 | numpy_client.py:205 | Cache is fresh, return FitRes(clock=85)
DEBUG flower 2021-04-08 10:07:44,901 | numpy_client.py:172 | fit, FitIns(clock=86)
DEBUG flower 2021-04-08 10:07:44,901 | numpy_client.py:260 | cached_clock: 83, curr_clock: 86
INFO flower 2021-04-08 10:07:44,901 | numpy_client.py:184 | Cache is stale, return ReadIns
DEBUG flower 2021-04-08 10:07:49,848 | numpy_client.py:228 | read: ReadRes(clock=84)
DEBUG flower 2021-04-08 10:07:49,855 | numpy_client.py:172 | fit, FitIns(clock=86)
DEBUG flower 2021-04-08 10:07:49,856 | numpy_client.py:260 | cached_clock: 84, curr_clock: 86
INFO flower 2021-04-08 10:07:52,551 | numpy_client.py:205 | Cache is fresh, return FitRes(clock=86)
DEBUG flower 2021-04-08 10:07:59,284 | numpy_client.py:172 | fit, FitIns(clock=87)
DEBUG flower 2021-04-08 10:07:59,285 | numpy_client.py:260 | cached_clock: 84, curr_clock: 87
INFO flower 2021-04-08 10:07:59,285 | numpy_client.py:184 | Cache is stale, return ReadIns
DEBUG flower 2021-04-08 10:08:03,820 | numpy_client.py:228 | read: ReadRes(clock=85)
DEBUG flower 2021-04-08 10:08:03,828 | numpy_client.py:172 | fit, FitIns(clock=87)
DEBUG flower 2021-04-08 10:08:03,828 | numpy_client.py:260 | cached_clock: 85, curr_clock: 87
INFO flower 2021-04-08 10:08:06,549 | numpy_client.py:205 | Cache is fresh, return FitRes(clock=87)
DEBUG flower 2021-04-08 10:08:13,034 | numpy_client.py:172 | fit, FitIns(clock=88)
DEBUG flower 2021-04-08 10:08:13,035 | numpy_client.py:260 | cached_clock: 85, curr_clock: 88
INFO flower 2021-04-08 10:08:13,035 | numpy_client.py:184 | Cache is stale, return ReadIns
DEBUG flower 2021-04-08 10:08:17,363 | numpy_client.py:228 | read: ReadRes(clock=86)
DEBUG flower 2021-04-08 10:08:17,370 | numpy_client.py:172 | fit, FitIns(clock=88)
DEBUG flower 2021-04-08 10:08:17,370 | numpy_client.py:260 | cached_clock: 86, curr_clock: 88
INFO flower 2021-04-08 10:08:19,970 | numpy_client.py:205 | Cache is fresh, return FitRes(clock=88)
DEBUG flower 2021-04-08 10:08:26,606 | numpy_client.py:172 | fit, FitIns(clock=89)
DEBUG flower 2021-04-08 10:08:26,607 | numpy_client.py:260 | cached_clock: 86, curr_clock: 89
INFO flower 2021-04-08 10:08:26,607 | numpy_client.py:184 | Cache is stale, return ReadIns
DEBUG flower 2021-04-08 10:08:31,097 | numpy_client.py:228 | read: ReadRes(clock=87)
DEBUG flower 2021-04-08 10:08:31,104 | numpy_client.py:172 | fit, FitIns(clock=89)
DEBUG flower 2021-04-08 10:08:31,104 | numpy_client.py:260 | cached_clock: 87, curr_clock: 89
INFO flower 2021-04-08 10:08:33,771 | numpy_client.py:205 | Cache is fresh, return FitRes(clock=89)
DEBUG flower 2021-04-08 10:08:40,275 | numpy_client.py:172 | fit, FitIns(clock=90)
DEBUG flower 2021-04-08 10:08:40,275 | numpy_client.py:260 | cached_clock: 87, curr_clock: 90
INFO flower 2021-04-08 10:08:40,275 | numpy_client.py:184 | Cache is stale, return ReadIns
DEBUG flower 2021-04-08 10:08:44,784 | numpy_client.py:228 | read: ReadRes(clock=88)
DEBUG flower 2021-04-08 10:08:44,844 | numpy_client.py:172 | fit, FitIns(clock=90)
DEBUG flower 2021-04-08 10:08:44,844 | numpy_client.py:260 | cached_clock: 88, curr_clock: 90
INFO flower 2021-04-08 10:08:47,561 | numpy_client.py:205 | Cache is fresh, return FitRes(clock=90)
DEBUG flower 2021-04-08 10:08:53,906 | numpy_client.py:172 | fit, FitIns(clock=91)
DEBUG flower 2021-04-08 10:08:53,907 | numpy_client.py:260 | cached_clock: 88, curr_clock: 91
INFO flower 2021-04-08 10:08:53,907 | numpy_client.py:184 | Cache is stale, return ReadIns
DEBUG flower 2021-04-08 10:08:58,699 | numpy_client.py:228 | read: ReadRes(clock=89)
DEBUG flower 2021-04-08 10:08:58,706 | numpy_client.py:172 | fit, FitIns(clock=91)
DEBUG flower 2021-04-08 10:08:58,706 | numpy_client.py:260 | cached_clock: 89, curr_clock: 91
INFO flower 2021-04-08 10:09:01,449 | numpy_client.py:205 | Cache is fresh, return FitRes(clock=91)
DEBUG flower 2021-04-08 10:09:07,856 | numpy_client.py:172 | fit, FitIns(clock=92)
DEBUG flower 2021-04-08 10:09:07,856 | numpy_client.py:260 | cached_clock: 89, curr_clock: 92
INFO flower 2021-04-08 10:09:07,857 | numpy_client.py:184 | Cache is stale, return ReadIns
DEBUG flower 2021-04-08 10:09:12,627 | numpy_client.py:228 | read: ReadRes(clock=90)
DEBUG flower 2021-04-08 10:09:12,634 | numpy_client.py:172 | fit, FitIns(clock=92)
DEBUG flower 2021-04-08 10:09:12,634 | numpy_client.py:260 | cached_clock: 90, curr_clock: 92
INFO flower 2021-04-08 10:09:15,345 | numpy_client.py:205 | Cache is fresh, return FitRes(clock=92)
DEBUG flower 2021-04-08 10:09:21,833 | numpy_client.py:172 | fit, FitIns(clock=93)
DEBUG flower 2021-04-08 10:09:21,834 | numpy_client.py:260 | cached_clock: 90, curr_clock: 93
INFO flower 2021-04-08 10:09:21,834 | numpy_client.py:184 | Cache is stale, return ReadIns
DEBUG flower 2021-04-08 10:09:26,288 | numpy_client.py:228 | read: ReadRes(clock=91)
DEBUG flower 2021-04-08 10:09:26,296 | numpy_client.py:172 | fit, FitIns(clock=93)
DEBUG flower 2021-04-08 10:09:26,296 | numpy_client.py:260 | cached_clock: 91, curr_clock: 93
INFO flower 2021-04-08 10:09:29,054 | numpy_client.py:205 | Cache is fresh, return FitRes(clock=93)
DEBUG flower 2021-04-08 10:09:35,696 | numpy_client.py:172 | fit, FitIns(clock=94)
DEBUG flower 2021-04-08 10:09:35,696 | numpy_client.py:260 | cached_clock: 91, curr_clock: 94
INFO flower 2021-04-08 10:09:35,696 | numpy_client.py:184 | Cache is stale, return ReadIns
DEBUG flower 2021-04-08 10:09:40,239 | numpy_client.py:228 | read: ReadRes(clock=92)
DEBUG flower 2021-04-08 10:09:40,247 | numpy_client.py:172 | fit, FitIns(clock=94)
DEBUG flower 2021-04-08 10:09:40,247 | numpy_client.py:260 | cached_clock: 92, curr_clock: 94
INFO flower 2021-04-08 10:09:43,042 | numpy_client.py:205 | Cache is fresh, return FitRes(clock=94)
DEBUG flower 2021-04-08 10:09:49,427 | numpy_client.py:172 | fit, FitIns(clock=95)
DEBUG flower 2021-04-08 10:09:49,427 | numpy_client.py:260 | cached_clock: 92, curr_clock: 95
INFO flower 2021-04-08 10:09:49,427 | numpy_client.py:184 | Cache is stale, return ReadIns
DEBUG flower 2021-04-08 10:09:54,677 | numpy_client.py:228 | read: ReadRes(clock=93)
DEBUG flower 2021-04-08 10:09:54,685 | numpy_client.py:172 | fit, FitIns(clock=95)
DEBUG flower 2021-04-08 10:09:54,685 | numpy_client.py:260 | cached_clock: 93, curr_clock: 95
INFO flower 2021-04-08 10:09:57,468 | numpy_client.py:205 | Cache is fresh, return FitRes(clock=95)
DEBUG flower 2021-04-08 10:10:04,280 | numpy_client.py:172 | fit, FitIns(clock=96)
DEBUG flower 2021-04-08 10:10:04,281 | numpy_client.py:260 | cached_clock: 93, curr_clock: 96
INFO flower 2021-04-08 10:10:04,281 | numpy_client.py:184 | Cache is stale, return ReadIns
DEBUG flower 2021-04-08 10:10:09,230 | numpy_client.py:228 | read: ReadRes(clock=94)
DEBUG flower 2021-04-08 10:10:09,237 | numpy_client.py:172 | fit, FitIns(clock=96)
DEBUG flower 2021-04-08 10:10:09,237 | numpy_client.py:260 | cached_clock: 94, curr_clock: 96
INFO flower 2021-04-08 10:10:12,167 | numpy_client.py:205 | Cache is fresh, return FitRes(clock=96)
DEBUG flower 2021-04-08 10:10:18,545 | numpy_client.py:172 | fit, FitIns(clock=97)
DEBUG flower 2021-04-08 10:10:18,545 | numpy_client.py:260 | cached_clock: 94, curr_clock: 97
INFO flower 2021-04-08 10:10:18,545 | numpy_client.py:184 | Cache is stale, return ReadIns
DEBUG flower 2021-04-08 10:10:22,921 | numpy_client.py:228 | read: ReadRes(clock=95)
DEBUG flower 2021-04-08 10:10:22,928 | numpy_client.py:172 | fit, FitIns(clock=97)
DEBUG flower 2021-04-08 10:10:22,928 | numpy_client.py:260 | cached_clock: 95, curr_clock: 97
INFO flower 2021-04-08 10:10:25,941 | numpy_client.py:205 | Cache is fresh, return FitRes(clock=97)
DEBUG flower 2021-04-08 10:10:32,147 | numpy_client.py:172 | fit, FitIns(clock=98)
DEBUG flower 2021-04-08 10:10:32,147 | numpy_client.py:260 | cached_clock: 95, curr_clock: 98
INFO flower 2021-04-08 10:10:32,147 | numpy_client.py:184 | Cache is stale, return ReadIns
DEBUG flower 2021-04-08 10:10:36,539 | numpy_client.py:228 | read: ReadRes(clock=96)
DEBUG flower 2021-04-08 10:10:36,545 | numpy_client.py:172 | fit, FitIns(clock=98)
DEBUG flower 2021-04-08 10:10:36,546 | numpy_client.py:260 | cached_clock: 96, curr_clock: 98
INFO flower 2021-04-08 10:10:39,149 | numpy_client.py:205 | Cache is fresh, return FitRes(clock=98)
DEBUG flower 2021-04-08 10:10:46,765 | numpy_client.py:172 | fit, FitIns(clock=99)
DEBUG flower 2021-04-08 10:10:46,765 | numpy_client.py:260 | cached_clock: 96, curr_clock: 99
INFO flower 2021-04-08 10:10:46,765 | numpy_client.py:184 | Cache is stale, return ReadIns
DEBUG flower 2021-04-08 10:10:51,205 | numpy_client.py:228 | read: ReadRes(clock=97)
DEBUG flower 2021-04-08 10:10:51,211 | numpy_client.py:172 | fit, FitIns(clock=99)
DEBUG flower 2021-04-08 10:10:51,211 | numpy_client.py:260 | cached_clock: 97, curr_clock: 99
INFO flower 2021-04-08 10:10:53,758 | numpy_client.py:205 | Cache is fresh, return FitRes(clock=99)
DEBUG flower 2021-04-08 10:10:53,758 | numpy_client.py:217 | The client finishes computing after 1342 seconds
INFO flower 2021-04-08 10:11:38,258 | numpy_client.py:250 | [32;1m Loss: 27.117, Accuracy: 48.794%[0m
DEBUG flower 2021-04-08 10:11:38,716 | connection.py:68 | Insecure gRPC channel closed
INFO flower 2021-04-08 10:11:38,717 | app.py:74 | Disconnect and shut down
Namespace(idx=25, max_delay=0, min_delay=0, num_clients=31, server_ip='10.244.29.27:8080', staleness_bound=2)
I'm client 25
Start SSP client without delay
Files already downloaded and verified
Files already downloaded and verified
[32;1mClient 25: 1577 train samples, 539 test samples[0m
loss=114.6043176651001, acc=0.08
loss=111.71170854568481, acc=0.196875
loss=108.9646213054657, acc=0.19625
loss=116.18138432502747, acc=0.159375
loss=117.19388318061829, acc=0.196875
loss=124.59348773956299, acc=0.195625
loss=124.60934007167816, acc=0.189375
loss=114.8503350019455, acc=0.211875
loss=120.22740745544434, acc=0.079375
loss=129.00492238998413, acc=0.185
loss=131.7624876499176, acc=0.224375
loss=131.51528406143188, acc=0.254375
loss=118.4106674194336, acc=0.28
loss=119.15928399562836, acc=0.281875
loss=124.06672978401184, acc=0.269375
loss=116.89870977401733, acc=0.29125
loss=120.60332727432251, acc=0.295
loss=119.19922482967377, acc=0.31
loss=120.06741845607758, acc=0.301875
loss=114.95656394958496, acc=0.33625
loss=114.37108635902405, acc=0.3125
loss=113.28950190544128, acc=0.333125
loss=113.85478448867798, acc=0.34625
loss=107.30597770214081, acc=0.38875
loss=108.33965933322906, acc=0.3975
loss=104.84413230419159, acc=0.378125
loss=109.19496309757233, acc=0.356875
loss=105.64053893089294, acc=0.404375
loss=105.44645845890045, acc=0.40375
loss=105.728236079216, acc=0.3875
loss=102.6956262588501, acc=0.385
loss=103.37871551513672, acc=0.421875
loss=103.81344950199127, acc=0.404375
loss=104.97372269630432, acc=0.39
loss=101.17275094985962, acc=0.405625
loss=102.95716762542725, acc=0.411875
loss=105.03548467159271, acc=0.173125
loss=87.25560569763184, acc=0.43625
loss=91.40811812877655, acc=0.41875
loss=93.04419088363647, acc=0.428125
loss=94.66892409324646, acc=0.42125
loss=99.10526061058044, acc=0.403125
loss=97.48013389110565, acc=0.42125
loss=100.50128197669983, acc=0.424375
loss=101.91885888576508, acc=0.41625
loss=101.87693130970001, acc=0.424375
loss=101.34615218639374, acc=0.424375
loss=102.2742131948471, acc=0.419375
loss=101.48773682117462, acc=0.39625
loss=100.66135430335999, acc=0.414375
loss=102.39623475074768, acc=0.424375
loss=104.67294096946716, acc=0.41875
loss=102.44094181060791, acc=0.4075
loss=102.84035670757294, acc=0.421875
loss=102.23743855953217, acc=0.395
loss=103.50245928764343, acc=0.421875
loss=105.5098729133606, acc=0.425
loss=106.36510622501373, acc=0.413125
loss=107.33963692188263, acc=0.42125
loss=103.7254501581192, acc=0.39
loss=102.85856282711029, acc=0.425
loss=105.07967150211334, acc=0.433125
loss=105.62107872962952, acc=0.431875
loss=107.2137725353241, acc=0.43
loss=107.86109125614166, acc=0.41875
loss=106.79008424282074, acc=0.42125
loss=106.70058941841125, acc=0.423125
loss=106.87944495677948, acc=0.43375
loss=106.90970611572266, acc=0.42625
loss=105.96427774429321, acc=0.429375
loss=105.40126013755798, acc=0.426875
loss=107.90885972976685, acc=0.428125
loss=100.63164496421814, acc=0.403125
loss=105.66367506980896, acc=0.414375
loss=107.13627660274506, acc=0.415
loss=103.84487009048462, acc=0.405
loss=104.87802445888519, acc=0.433125
loss=103.08827793598175, acc=0.414375
loss=104.70578002929688, acc=0.430625
loss=106.72254133224487, acc=0.42625
loss=108.42016696929932, acc=0.423125
loss=107.97378373146057, acc=0.425625
loss=108.71894776821136, acc=0.423125
loss=106.98350882530212, acc=0.423125
loss=107.5103714466095, acc=0.4175
loss=108.68769204616547, acc=0.42125
loss=108.85564696788788, acc=0.42
loss=109.19519305229187, acc=0.423125
loss=108.99597358703613, acc=0.41375
loss=108.01930224895477, acc=0.4275
loss=110.7774806022644, acc=0.42125
loss=109.61381316184998, acc=0.4225
loss=102.41815900802612, acc=0.405625
loss=104.77563512325287, acc=0.435625
loss=107.68949115276337, acc=0.43375
loss=108.8006922006607, acc=0.4325
loss=110.39384424686432, acc=0.414375
loss=111.68591272830963, acc=0.4175
loss=102.87750172615051, acc=0.413125
loss=107.39242613315582, acc=0.429375
Files already downloaded and verified
Files already downloaded and verified
Testing on full test set: 313, 1161.743464231491, 0.316
Testing on partial test set: 17, 27.116583347320557, 0.48794063079777367
