DEBUG flower 2021-04-08 09:48:30,430 | connection.py:36 | ChannelConnectivity.IDLE
DEBUG flower 2021-04-08 09:48:30,432 | connection.py:36 | ChannelConnectivity.READY
INFO flower 2021-04-08 09:48:30,433 | app.py:63 | Opened (insecure) gRPC connection
DEBUG flower 2021-04-08 09:48:31,092 | numpy_client.py:172 | fit, FitIns(clock=0)
INFO flower 2021-04-08 09:48:31,092 | numpy_client.py:184 | Cache is stale, return ReadIns
DEBUG flower 2021-04-08 09:48:31,291 | numpy_client.py:228 | read: ReadRes(clock=-1)
DEBUG flower 2021-04-08 09:48:31,310 | numpy_client.py:172 | fit, FitIns(clock=0)
DEBUG flower 2021-04-08 09:48:31,310 | numpy_client.py:260 | cached_clock: -1, curr_clock: 0
INFO flower 2021-04-08 09:48:31,818 | numpy_client.py:205 | Cache is fresh, return FitRes(clock=0)
DEBUG flower 2021-04-08 09:48:31,840 | numpy_client.py:172 | fit, FitIns(clock=1)
DEBUG flower 2021-04-08 09:48:31,840 | numpy_client.py:260 | cached_clock: -1, curr_clock: 1
INFO flower 2021-04-08 09:48:32,323 | numpy_client.py:205 | Cache is fresh, return FitRes(clock=1)
DEBUG flower 2021-04-08 09:48:32,345 | numpy_client.py:172 | fit, FitIns(clock=2)
DEBUG flower 2021-04-08 09:48:32,345 | numpy_client.py:260 | cached_clock: -1, curr_clock: 2
INFO flower 2021-04-08 09:48:32,345 | numpy_client.py:184 | Cache is stale, return ReadIns
DEBUG flower 2021-04-08 09:48:36,407 | numpy_client.py:228 | read: ReadRes(clock=0)
DEBUG flower 2021-04-08 09:48:36,414 | numpy_client.py:172 | fit, FitIns(clock=2)
DEBUG flower 2021-04-08 09:48:36,414 | numpy_client.py:260 | cached_clock: 0, curr_clock: 2
INFO flower 2021-04-08 09:48:36,922 | numpy_client.py:205 | Cache is fresh, return FitRes(clock=2)
DEBUG flower 2021-04-08 09:48:45,271 | numpy_client.py:172 | fit, FitIns(clock=3)
DEBUG flower 2021-04-08 09:48:45,271 | numpy_client.py:260 | cached_clock: 0, curr_clock: 3
INFO flower 2021-04-08 09:48:45,272 | numpy_client.py:184 | Cache is stale, return ReadIns
DEBUG flower 2021-04-08 09:48:50,845 | numpy_client.py:228 | read: ReadRes(clock=1)
DEBUG flower 2021-04-08 09:48:50,852 | numpy_client.py:172 | fit, FitIns(clock=3)
DEBUG flower 2021-04-08 09:48:50,852 | numpy_client.py:260 | cached_clock: 1, curr_clock: 3
INFO flower 2021-04-08 09:48:51,421 | numpy_client.py:205 | Cache is fresh, return FitRes(clock=3)
DEBUG flower 2021-04-08 09:48:59,653 | numpy_client.py:172 | fit, FitIns(clock=4)
DEBUG flower 2021-04-08 09:48:59,653 | numpy_client.py:260 | cached_clock: 1, curr_clock: 4
INFO flower 2021-04-08 09:48:59,653 | numpy_client.py:184 | Cache is stale, return ReadIns
DEBUG flower 2021-04-08 09:49:04,408 | numpy_client.py:228 | read: ReadRes(clock=2)
DEBUG flower 2021-04-08 09:49:04,423 | numpy_client.py:172 | fit, FitIns(clock=4)
DEBUG flower 2021-04-08 09:49:04,423 | numpy_client.py:260 | cached_clock: 2, curr_clock: 4
INFO flower 2021-04-08 09:49:04,921 | numpy_client.py:205 | Cache is fresh, return FitRes(clock=4)
DEBUG flower 2021-04-08 09:49:13,233 | numpy_client.py:172 | fit, FitIns(clock=5)
DEBUG flower 2021-04-08 09:49:13,234 | numpy_client.py:260 | cached_clock: 2, curr_clock: 5
INFO flower 2021-04-08 09:49:13,234 | numpy_client.py:184 | Cache is stale, return ReadIns
DEBUG flower 2021-04-08 09:49:17,906 | numpy_client.py:228 | read: ReadRes(clock=3)
DEBUG flower 2021-04-08 09:49:17,913 | numpy_client.py:172 | fit, FitIns(clock=5)
DEBUG flower 2021-04-08 09:49:17,913 | numpy_client.py:260 | cached_clock: 3, curr_clock: 5
INFO flower 2021-04-08 09:49:18,422 | numpy_client.py:205 | Cache is fresh, return FitRes(clock=5)
DEBUG flower 2021-04-08 09:49:26,625 | numpy_client.py:172 | fit, FitIns(clock=6)
DEBUG flower 2021-04-08 09:49:26,625 | numpy_client.py:260 | cached_clock: 3, curr_clock: 6
INFO flower 2021-04-08 09:49:26,625 | numpy_client.py:184 | Cache is stale, return ReadIns
DEBUG flower 2021-04-08 09:49:31,608 | numpy_client.py:228 | read: ReadRes(clock=4)
DEBUG flower 2021-04-08 09:49:31,616 | numpy_client.py:172 | fit, FitIns(clock=6)
DEBUG flower 2021-04-08 09:49:31,616 | numpy_client.py:260 | cached_clock: 4, curr_clock: 6
INFO flower 2021-04-08 09:49:32,117 | numpy_client.py:205 | Cache is fresh, return FitRes(clock=6)
DEBUG flower 2021-04-08 09:49:40,308 | numpy_client.py:172 | fit, FitIns(clock=7)
DEBUG flower 2021-04-08 09:49:40,308 | numpy_client.py:260 | cached_clock: 4, curr_clock: 7
INFO flower 2021-04-08 09:49:40,308 | numpy_client.py:184 | Cache is stale, return ReadIns
DEBUG flower 2021-04-08 09:49:45,227 | numpy_client.py:228 | read: ReadRes(clock=5)
DEBUG flower 2021-04-08 09:49:45,234 | numpy_client.py:172 | fit, FitIns(clock=7)
DEBUG flower 2021-04-08 09:49:45,234 | numpy_client.py:260 | cached_clock: 5, curr_clock: 7
INFO flower 2021-04-08 09:49:45,724 | numpy_client.py:205 | Cache is fresh, return FitRes(clock=7)
DEBUG flower 2021-04-08 09:49:54,136 | numpy_client.py:172 | fit, FitIns(clock=8)
DEBUG flower 2021-04-08 09:49:54,136 | numpy_client.py:260 | cached_clock: 5, curr_clock: 8
INFO flower 2021-04-08 09:49:54,137 | numpy_client.py:184 | Cache is stale, return ReadIns
DEBUG flower 2021-04-08 09:49:59,122 | numpy_client.py:228 | read: ReadRes(clock=6)
DEBUG flower 2021-04-08 09:49:59,130 | numpy_client.py:172 | fit, FitIns(clock=8)
DEBUG flower 2021-04-08 09:49:59,130 | numpy_client.py:260 | cached_clock: 6, curr_clock: 8
INFO flower 2021-04-08 09:49:59,618 | numpy_client.py:205 | Cache is fresh, return FitRes(clock=8)
DEBUG flower 2021-04-08 09:50:07,820 | numpy_client.py:172 | fit, FitIns(clock=9)
DEBUG flower 2021-04-08 09:50:07,820 | numpy_client.py:260 | cached_clock: 6, curr_clock: 9
INFO flower 2021-04-08 09:50:07,820 | numpy_client.py:184 | Cache is stale, return ReadIns
DEBUG flower 2021-04-08 09:50:12,734 | numpy_client.py:228 | read: ReadRes(clock=7)
DEBUG flower 2021-04-08 09:50:12,741 | numpy_client.py:172 | fit, FitIns(clock=9)
DEBUG flower 2021-04-08 09:50:12,741 | numpy_client.py:260 | cached_clock: 7, curr_clock: 9
INFO flower 2021-04-08 09:50:13,139 | numpy_client.py:205 | Cache is fresh, return FitRes(clock=9)
DEBUG flower 2021-04-08 09:50:21,910 | numpy_client.py:172 | fit, FitIns(clock=10)
DEBUG flower 2021-04-08 09:50:21,910 | numpy_client.py:260 | cached_clock: 7, curr_clock: 10
INFO flower 2021-04-08 09:50:21,910 | numpy_client.py:184 | Cache is stale, return ReadIns
DEBUG flower 2021-04-08 09:50:26,824 | numpy_client.py:228 | read: ReadRes(clock=8)
DEBUG flower 2021-04-08 09:50:26,831 | numpy_client.py:172 | fit, FitIns(clock=10)
DEBUG flower 2021-04-08 09:50:26,832 | numpy_client.py:260 | cached_clock: 8, curr_clock: 10
INFO flower 2021-04-08 09:50:27,323 | numpy_client.py:205 | Cache is fresh, return FitRes(clock=10)
DEBUG flower 2021-04-08 09:50:35,553 | numpy_client.py:172 | fit, FitIns(clock=11)
DEBUG flower 2021-04-08 09:50:35,553 | numpy_client.py:260 | cached_clock: 8, curr_clock: 11
INFO flower 2021-04-08 09:50:35,553 | numpy_client.py:184 | Cache is stale, return ReadIns
DEBUG flower 2021-04-08 09:50:40,310 | numpy_client.py:228 | read: ReadRes(clock=9)
DEBUG flower 2021-04-08 09:50:40,317 | numpy_client.py:172 | fit, FitIns(clock=11)
DEBUG flower 2021-04-08 09:50:40,317 | numpy_client.py:260 | cached_clock: 9, curr_clock: 11
INFO flower 2021-04-08 09:50:40,839 | numpy_client.py:205 | Cache is fresh, return FitRes(clock=11)
DEBUG flower 2021-04-08 09:50:49,595 | numpy_client.py:172 | fit, FitIns(clock=12)
DEBUG flower 2021-04-08 09:50:49,595 | numpy_client.py:260 | cached_clock: 9, curr_clock: 12
INFO flower 2021-04-08 09:50:49,595 | numpy_client.py:184 | Cache is stale, return ReadIns
DEBUG flower 2021-04-08 09:50:54,319 | numpy_client.py:228 | read: ReadRes(clock=10)
DEBUG flower 2021-04-08 09:50:54,327 | numpy_client.py:172 | fit, FitIns(clock=12)
DEBUG flower 2021-04-08 09:50:54,327 | numpy_client.py:260 | cached_clock: 10, curr_clock: 12
INFO flower 2021-04-08 09:50:54,808 | numpy_client.py:205 | Cache is fresh, return FitRes(clock=12)
DEBUG flower 2021-04-08 09:51:03,302 | numpy_client.py:172 | fit, FitIns(clock=13)
DEBUG flower 2021-04-08 09:51:03,302 | numpy_client.py:260 | cached_clock: 10, curr_clock: 13
INFO flower 2021-04-08 09:51:03,302 | numpy_client.py:184 | Cache is stale, return ReadIns
DEBUG flower 2021-04-08 09:51:07,751 | numpy_client.py:228 | read: ReadRes(clock=11)
DEBUG flower 2021-04-08 09:51:07,758 | numpy_client.py:172 | fit, FitIns(clock=13)
DEBUG flower 2021-04-08 09:51:07,759 | numpy_client.py:260 | cached_clock: 11, curr_clock: 13
INFO flower 2021-04-08 09:51:08,309 | numpy_client.py:205 | Cache is fresh, return FitRes(clock=13)
DEBUG flower 2021-04-08 09:51:16,611 | numpy_client.py:172 | fit, FitIns(clock=14)
DEBUG flower 2021-04-08 09:51:16,612 | numpy_client.py:260 | cached_clock: 11, curr_clock: 14
INFO flower 2021-04-08 09:51:16,612 | numpy_client.py:184 | Cache is stale, return ReadIns
DEBUG flower 2021-04-08 09:51:21,507 | numpy_client.py:228 | read: ReadRes(clock=12)
DEBUG flower 2021-04-08 09:51:21,514 | numpy_client.py:172 | fit, FitIns(clock=14)
DEBUG flower 2021-04-08 09:51:21,515 | numpy_client.py:260 | cached_clock: 12, curr_clock: 14
INFO flower 2021-04-08 09:51:22,023 | numpy_client.py:205 | Cache is fresh, return FitRes(clock=14)
DEBUG flower 2021-04-08 09:51:29,914 | numpy_client.py:172 | fit, FitIns(clock=15)
DEBUG flower 2021-04-08 09:51:29,915 | numpy_client.py:260 | cached_clock: 12, curr_clock: 15
INFO flower 2021-04-08 09:51:29,915 | numpy_client.py:184 | Cache is stale, return ReadIns
DEBUG flower 2021-04-08 09:51:34,807 | numpy_client.py:228 | read: ReadRes(clock=13)
DEBUG flower 2021-04-08 09:51:34,814 | numpy_client.py:172 | fit, FitIns(clock=15)
DEBUG flower 2021-04-08 09:51:34,815 | numpy_client.py:260 | cached_clock: 13, curr_clock: 15
INFO flower 2021-04-08 09:51:35,313 | numpy_client.py:205 | Cache is fresh, return FitRes(clock=15)
DEBUG flower 2021-04-08 09:51:43,653 | numpy_client.py:172 | fit, FitIns(clock=16)
DEBUG flower 2021-04-08 09:51:43,653 | numpy_client.py:260 | cached_clock: 13, curr_clock: 16
INFO flower 2021-04-08 09:51:43,653 | numpy_client.py:184 | Cache is stale, return ReadIns
DEBUG flower 2021-04-08 09:51:48,515 | numpy_client.py:228 | read: ReadRes(clock=14)
DEBUG flower 2021-04-08 09:51:48,522 | numpy_client.py:172 | fit, FitIns(clock=16)
DEBUG flower 2021-04-08 09:51:48,522 | numpy_client.py:260 | cached_clock: 14, curr_clock: 16
INFO flower 2021-04-08 09:51:49,006 | numpy_client.py:205 | Cache is fresh, return FitRes(clock=16)
DEBUG flower 2021-04-08 09:51:57,302 | numpy_client.py:172 | fit, FitIns(clock=17)
DEBUG flower 2021-04-08 09:51:57,302 | numpy_client.py:260 | cached_clock: 14, curr_clock: 17
INFO flower 2021-04-08 09:51:57,302 | numpy_client.py:184 | Cache is stale, return ReadIns
DEBUG flower 2021-04-08 09:52:02,013 | numpy_client.py:228 | read: ReadRes(clock=15)
DEBUG flower 2021-04-08 09:52:02,020 | numpy_client.py:172 | fit, FitIns(clock=17)
DEBUG flower 2021-04-08 09:52:02,020 | numpy_client.py:260 | cached_clock: 15, curr_clock: 17
INFO flower 2021-04-08 09:52:02,618 | numpy_client.py:205 | Cache is fresh, return FitRes(clock=17)
DEBUG flower 2021-04-08 09:52:10,975 | numpy_client.py:172 | fit, FitIns(clock=18)
DEBUG flower 2021-04-08 09:52:10,975 | numpy_client.py:260 | cached_clock: 15, curr_clock: 18
INFO flower 2021-04-08 09:52:10,975 | numpy_client.py:184 | Cache is stale, return ReadIns
DEBUG flower 2021-04-08 09:52:15,920 | numpy_client.py:228 | read: ReadRes(clock=16)
DEBUG flower 2021-04-08 09:52:15,927 | numpy_client.py:172 | fit, FitIns(clock=18)
DEBUG flower 2021-04-08 09:52:15,927 | numpy_client.py:260 | cached_clock: 16, curr_clock: 18
INFO flower 2021-04-08 09:52:16,434 | numpy_client.py:205 | Cache is fresh, return FitRes(clock=18)
DEBUG flower 2021-04-08 09:52:24,716 | numpy_client.py:172 | fit, FitIns(clock=19)
DEBUG flower 2021-04-08 09:52:24,716 | numpy_client.py:260 | cached_clock: 16, curr_clock: 19
INFO flower 2021-04-08 09:52:24,717 | numpy_client.py:184 | Cache is stale, return ReadIns
DEBUG flower 2021-04-08 09:52:29,635 | numpy_client.py:228 | read: ReadRes(clock=17)
DEBUG flower 2021-04-08 09:52:29,642 | numpy_client.py:172 | fit, FitIns(clock=19)
DEBUG flower 2021-04-08 09:52:29,642 | numpy_client.py:260 | cached_clock: 17, curr_clock: 19
INFO flower 2021-04-08 09:52:30,117 | numpy_client.py:205 | Cache is fresh, return FitRes(clock=19)
DEBUG flower 2021-04-08 09:52:38,074 | numpy_client.py:172 | fit, FitIns(clock=20)
DEBUG flower 2021-04-08 09:52:38,074 | numpy_client.py:260 | cached_clock: 17, curr_clock: 20
INFO flower 2021-04-08 09:52:38,074 | numpy_client.py:184 | Cache is stale, return ReadIns
DEBUG flower 2021-04-08 09:52:42,939 | numpy_client.py:228 | read: ReadRes(clock=18)
DEBUG flower 2021-04-08 09:52:42,946 | numpy_client.py:172 | fit, FitIns(clock=20)
DEBUG flower 2021-04-08 09:52:42,946 | numpy_client.py:260 | cached_clock: 18, curr_clock: 20
INFO flower 2021-04-08 09:52:43,518 | numpy_client.py:205 | Cache is fresh, return FitRes(clock=20)
DEBUG flower 2021-04-08 09:52:51,864 | numpy_client.py:172 | fit, FitIns(clock=21)
DEBUG flower 2021-04-08 09:52:51,864 | numpy_client.py:260 | cached_clock: 18, curr_clock: 21
INFO flower 2021-04-08 09:52:51,864 | numpy_client.py:184 | Cache is stale, return ReadIns
DEBUG flower 2021-04-08 09:52:56,929 | numpy_client.py:228 | read: ReadRes(clock=19)
DEBUG flower 2021-04-08 09:52:56,936 | numpy_client.py:172 | fit, FitIns(clock=21)
DEBUG flower 2021-04-08 09:52:56,936 | numpy_client.py:260 | cached_clock: 19, curr_clock: 21
INFO flower 2021-04-08 09:52:57,420 | numpy_client.py:205 | Cache is fresh, return FitRes(clock=21)
DEBUG flower 2021-04-08 09:53:05,991 | numpy_client.py:172 | fit, FitIns(clock=22)
DEBUG flower 2021-04-08 09:53:05,991 | numpy_client.py:260 | cached_clock: 19, curr_clock: 22
INFO flower 2021-04-08 09:53:05,991 | numpy_client.py:184 | Cache is stale, return ReadIns
DEBUG flower 2021-04-08 09:53:10,776 | numpy_client.py:228 | read: ReadRes(clock=20)
DEBUG flower 2021-04-08 09:53:10,784 | numpy_client.py:172 | fit, FitIns(clock=22)
DEBUG flower 2021-04-08 09:53:10,784 | numpy_client.py:260 | cached_clock: 20, curr_clock: 22
INFO flower 2021-04-08 09:53:11,319 | numpy_client.py:205 | Cache is fresh, return FitRes(clock=22)
DEBUG flower 2021-04-08 09:53:19,255 | numpy_client.py:172 | fit, FitIns(clock=23)
DEBUG flower 2021-04-08 09:53:19,255 | numpy_client.py:260 | cached_clock: 20, curr_clock: 23
INFO flower 2021-04-08 09:53:19,256 | numpy_client.py:184 | Cache is stale, return ReadIns
DEBUG flower 2021-04-08 09:53:24,017 | numpy_client.py:228 | read: ReadRes(clock=21)
DEBUG flower 2021-04-08 09:53:24,024 | numpy_client.py:172 | fit, FitIns(clock=23)
DEBUG flower 2021-04-08 09:53:24,024 | numpy_client.py:260 | cached_clock: 21, curr_clock: 23
INFO flower 2021-04-08 09:53:24,614 | numpy_client.py:205 | Cache is fresh, return FitRes(clock=23)
DEBUG flower 2021-04-08 09:53:32,776 | numpy_client.py:172 | fit, FitIns(clock=24)
DEBUG flower 2021-04-08 09:53:32,777 | numpy_client.py:260 | cached_clock: 21, curr_clock: 24
INFO flower 2021-04-08 09:53:32,777 | numpy_client.py:184 | Cache is stale, return ReadIns
DEBUG flower 2021-04-08 09:53:37,631 | numpy_client.py:228 | read: ReadRes(clock=22)
DEBUG flower 2021-04-08 09:53:37,639 | numpy_client.py:172 | fit, FitIns(clock=24)
DEBUG flower 2021-04-08 09:53:37,639 | numpy_client.py:260 | cached_clock: 22, curr_clock: 24
INFO flower 2021-04-08 09:53:38,141 | numpy_client.py:205 | Cache is fresh, return FitRes(clock=24)
DEBUG flower 2021-04-08 09:53:46,396 | numpy_client.py:172 | fit, FitIns(clock=25)
DEBUG flower 2021-04-08 09:53:46,396 | numpy_client.py:260 | cached_clock: 22, curr_clock: 25
INFO flower 2021-04-08 09:53:46,396 | numpy_client.py:184 | Cache is stale, return ReadIns
DEBUG flower 2021-04-08 09:53:51,138 | numpy_client.py:228 | read: ReadRes(clock=23)
DEBUG flower 2021-04-08 09:53:51,145 | numpy_client.py:172 | fit, FitIns(clock=25)
DEBUG flower 2021-04-08 09:53:51,146 | numpy_client.py:260 | cached_clock: 23, curr_clock: 25
INFO flower 2021-04-08 09:53:51,709 | numpy_client.py:205 | Cache is fresh, return FitRes(clock=25)
DEBUG flower 2021-04-08 09:54:00,579 | numpy_client.py:172 | fit, FitIns(clock=26)
DEBUG flower 2021-04-08 09:54:00,579 | numpy_client.py:260 | cached_clock: 23, curr_clock: 26
INFO flower 2021-04-08 09:54:00,579 | numpy_client.py:184 | Cache is stale, return ReadIns
DEBUG flower 2021-04-08 09:54:05,340 | numpy_client.py:228 | read: ReadRes(clock=24)
DEBUG flower 2021-04-08 09:54:05,347 | numpy_client.py:172 | fit, FitIns(clock=26)
DEBUG flower 2021-04-08 09:54:05,348 | numpy_client.py:260 | cached_clock: 24, curr_clock: 26
INFO flower 2021-04-08 09:54:05,917 | numpy_client.py:205 | Cache is fresh, return FitRes(clock=26)
DEBUG flower 2021-04-08 09:54:15,086 | numpy_client.py:172 | fit, FitIns(clock=27)
DEBUG flower 2021-04-08 09:54:15,086 | numpy_client.py:260 | cached_clock: 24, curr_clock: 27
INFO flower 2021-04-08 09:54:15,086 | numpy_client.py:184 | Cache is stale, return ReadIns
DEBUG flower 2021-04-08 09:54:19,724 | numpy_client.py:228 | read: ReadRes(clock=25)
DEBUG flower 2021-04-08 09:54:19,732 | numpy_client.py:172 | fit, FitIns(clock=27)
DEBUG flower 2021-04-08 09:54:19,732 | numpy_client.py:260 | cached_clock: 25, curr_clock: 27
INFO flower 2021-04-08 09:54:20,222 | numpy_client.py:205 | Cache is fresh, return FitRes(clock=27)
DEBUG flower 2021-04-08 09:54:28,496 | numpy_client.py:172 | fit, FitIns(clock=28)
DEBUG flower 2021-04-08 09:54:28,496 | numpy_client.py:260 | cached_clock: 25, curr_clock: 28
INFO flower 2021-04-08 09:54:28,497 | numpy_client.py:184 | Cache is stale, return ReadIns
DEBUG flower 2021-04-08 09:54:33,782 | numpy_client.py:228 | read: ReadRes(clock=26)
DEBUG flower 2021-04-08 09:54:33,805 | numpy_client.py:172 | fit, FitIns(clock=28)
DEBUG flower 2021-04-08 09:54:33,806 | numpy_client.py:260 | cached_clock: 26, curr_clock: 28
INFO flower 2021-04-08 09:54:34,320 | numpy_client.py:205 | Cache is fresh, return FitRes(clock=28)
DEBUG flower 2021-04-08 09:54:42,806 | numpy_client.py:172 | fit, FitIns(clock=29)
DEBUG flower 2021-04-08 09:54:42,807 | numpy_client.py:260 | cached_clock: 26, curr_clock: 29
INFO flower 2021-04-08 09:54:42,807 | numpy_client.py:184 | Cache is stale, return ReadIns
DEBUG flower 2021-04-08 09:54:47,703 | numpy_client.py:228 | read: ReadRes(clock=27)
DEBUG flower 2021-04-08 09:54:47,711 | numpy_client.py:172 | fit, FitIns(clock=29)
DEBUG flower 2021-04-08 09:54:47,711 | numpy_client.py:260 | cached_clock: 27, curr_clock: 29
INFO flower 2021-04-08 09:54:48,223 | numpy_client.py:205 | Cache is fresh, return FitRes(clock=29)
DEBUG flower 2021-04-08 09:54:56,092 | numpy_client.py:172 | fit, FitIns(clock=30)
DEBUG flower 2021-04-08 09:54:56,093 | numpy_client.py:260 | cached_clock: 27, curr_clock: 30
INFO flower 2021-04-08 09:54:56,093 | numpy_client.py:184 | Cache is stale, return ReadIns
DEBUG flower 2021-04-08 09:55:00,820 | numpy_client.py:228 | read: ReadRes(clock=28)
DEBUG flower 2021-04-08 09:55:00,827 | numpy_client.py:172 | fit, FitIns(clock=30)
DEBUG flower 2021-04-08 09:55:00,827 | numpy_client.py:260 | cached_clock: 28, curr_clock: 30
INFO flower 2021-04-08 09:55:01,320 | numpy_client.py:205 | Cache is fresh, return FitRes(clock=30)
DEBUG flower 2021-04-08 09:55:09,699 | numpy_client.py:172 | fit, FitIns(clock=31)
DEBUG flower 2021-04-08 09:55:09,699 | numpy_client.py:260 | cached_clock: 28, curr_clock: 31
INFO flower 2021-04-08 09:55:09,699 | numpy_client.py:184 | Cache is stale, return ReadIns
DEBUG flower 2021-04-08 09:55:14,207 | numpy_client.py:228 | read: ReadRes(clock=29)
DEBUG flower 2021-04-08 09:55:14,214 | numpy_client.py:172 | fit, FitIns(clock=31)
DEBUG flower 2021-04-08 09:55:14,214 | numpy_client.py:260 | cached_clock: 29, curr_clock: 31
INFO flower 2021-04-08 09:55:14,720 | numpy_client.py:205 | Cache is fresh, return FitRes(clock=31)
DEBUG flower 2021-04-08 09:55:23,075 | numpy_client.py:172 | fit, FitIns(clock=32)
DEBUG flower 2021-04-08 09:55:23,076 | numpy_client.py:260 | cached_clock: 29, curr_clock: 32
INFO flower 2021-04-08 09:55:23,076 | numpy_client.py:184 | Cache is stale, return ReadIns
DEBUG flower 2021-04-08 09:55:27,922 | numpy_client.py:228 | read: ReadRes(clock=30)
DEBUG flower 2021-04-08 09:55:27,929 | numpy_client.py:172 | fit, FitIns(clock=32)
DEBUG flower 2021-04-08 09:55:27,929 | numpy_client.py:260 | cached_clock: 30, curr_clock: 32
INFO flower 2021-04-08 09:55:28,418 | numpy_client.py:205 | Cache is fresh, return FitRes(clock=32)
DEBUG flower 2021-04-08 09:55:36,894 | numpy_client.py:172 | fit, FitIns(clock=33)
DEBUG flower 2021-04-08 09:55:36,895 | numpy_client.py:260 | cached_clock: 30, curr_clock: 33
INFO flower 2021-04-08 09:55:36,895 | numpy_client.py:184 | Cache is stale, return ReadIns
DEBUG flower 2021-04-08 09:55:41,364 | numpy_client.py:228 | read: ReadRes(clock=31)
DEBUG flower 2021-04-08 09:55:41,371 | numpy_client.py:172 | fit, FitIns(clock=33)
DEBUG flower 2021-04-08 09:55:41,372 | numpy_client.py:260 | cached_clock: 31, curr_clock: 33
INFO flower 2021-04-08 09:55:41,844 | numpy_client.py:205 | Cache is fresh, return FitRes(clock=33)
DEBUG flower 2021-04-08 09:55:50,211 | numpy_client.py:172 | fit, FitIns(clock=34)
DEBUG flower 2021-04-08 09:55:50,212 | numpy_client.py:260 | cached_clock: 31, curr_clock: 34
INFO flower 2021-04-08 09:55:50,212 | numpy_client.py:184 | Cache is stale, return ReadIns
DEBUG flower 2021-04-08 09:55:55,502 | numpy_client.py:228 | read: ReadRes(clock=32)
DEBUG flower 2021-04-08 09:55:55,509 | numpy_client.py:172 | fit, FitIns(clock=34)
DEBUG flower 2021-04-08 09:55:55,509 | numpy_client.py:260 | cached_clock: 32, curr_clock: 34
INFO flower 2021-04-08 09:55:56,014 | numpy_client.py:205 | Cache is fresh, return FitRes(clock=34)
DEBUG flower 2021-04-08 09:56:03,995 | numpy_client.py:172 | fit, FitIns(clock=35)
DEBUG flower 2021-04-08 09:56:03,995 | numpy_client.py:260 | cached_clock: 32, curr_clock: 35
INFO flower 2021-04-08 09:56:03,995 | numpy_client.py:184 | Cache is stale, return ReadIns
DEBUG flower 2021-04-08 09:56:08,912 | numpy_client.py:228 | read: ReadRes(clock=33)
DEBUG flower 2021-04-08 09:56:08,920 | numpy_client.py:172 | fit, FitIns(clock=35)
DEBUG flower 2021-04-08 09:56:08,920 | numpy_client.py:260 | cached_clock: 33, curr_clock: 35
INFO flower 2021-04-08 09:56:09,344 | numpy_client.py:205 | Cache is fresh, return FitRes(clock=35)
DEBUG flower 2021-04-08 09:56:17,810 | numpy_client.py:172 | fit, FitIns(clock=36)
DEBUG flower 2021-04-08 09:56:17,810 | numpy_client.py:260 | cached_clock: 33, curr_clock: 36
INFO flower 2021-04-08 09:56:17,810 | numpy_client.py:184 | Cache is stale, return ReadIns
DEBUG flower 2021-04-08 09:56:22,508 | numpy_client.py:228 | read: ReadRes(clock=34)
DEBUG flower 2021-04-08 09:56:22,515 | numpy_client.py:172 | fit, FitIns(clock=36)
DEBUG flower 2021-04-08 09:56:22,516 | numpy_client.py:260 | cached_clock: 34, curr_clock: 36
INFO flower 2021-04-08 09:56:23,027 | numpy_client.py:205 | Cache is fresh, return FitRes(clock=36)
DEBUG flower 2021-04-08 09:56:31,267 | numpy_client.py:172 | fit, FitIns(clock=37)
DEBUG flower 2021-04-08 09:56:31,267 | numpy_client.py:260 | cached_clock: 34, curr_clock: 37
INFO flower 2021-04-08 09:56:31,267 | numpy_client.py:184 | Cache is stale, return ReadIns
DEBUG flower 2021-04-08 09:56:36,132 | numpy_client.py:228 | read: ReadRes(clock=35)
DEBUG flower 2021-04-08 09:56:36,140 | numpy_client.py:172 | fit, FitIns(clock=37)
DEBUG flower 2021-04-08 09:56:36,140 | numpy_client.py:260 | cached_clock: 35, curr_clock: 37
INFO flower 2021-04-08 09:56:36,623 | numpy_client.py:205 | Cache is fresh, return FitRes(clock=37)
DEBUG flower 2021-04-08 09:56:46,183 | numpy_client.py:172 | fit, FitIns(clock=38)
DEBUG flower 2021-04-08 09:56:46,184 | numpy_client.py:260 | cached_clock: 35, curr_clock: 38
INFO flower 2021-04-08 09:56:46,184 | numpy_client.py:184 | Cache is stale, return ReadIns
DEBUG flower 2021-04-08 09:56:51,007 | numpy_client.py:228 | read: ReadRes(clock=36)
DEBUG flower 2021-04-08 09:56:51,015 | numpy_client.py:172 | fit, FitIns(clock=38)
DEBUG flower 2021-04-08 09:56:51,015 | numpy_client.py:260 | cached_clock: 36, curr_clock: 38
INFO flower 2021-04-08 09:56:51,511 | numpy_client.py:205 | Cache is fresh, return FitRes(clock=38)
DEBUG flower 2021-04-08 09:57:00,421 | numpy_client.py:172 | fit, FitIns(clock=39)
DEBUG flower 2021-04-08 09:57:00,421 | numpy_client.py:260 | cached_clock: 36, curr_clock: 39
INFO flower 2021-04-08 09:57:00,421 | numpy_client.py:184 | Cache is stale, return ReadIns
DEBUG flower 2021-04-08 09:57:05,332 | numpy_client.py:228 | read: ReadRes(clock=37)
DEBUG flower 2021-04-08 09:57:05,339 | numpy_client.py:172 | fit, FitIns(clock=39)
DEBUG flower 2021-04-08 09:57:05,339 | numpy_client.py:260 | cached_clock: 37, curr_clock: 39
INFO flower 2021-04-08 09:57:05,821 | numpy_client.py:205 | Cache is fresh, return FitRes(clock=39)
DEBUG flower 2021-04-08 09:57:14,148 | numpy_client.py:172 | fit, FitIns(clock=40)
DEBUG flower 2021-04-08 09:57:14,149 | numpy_client.py:260 | cached_clock: 37, curr_clock: 40
INFO flower 2021-04-08 09:57:14,149 | numpy_client.py:184 | Cache is stale, return ReadIns
DEBUG flower 2021-04-08 09:57:19,232 | numpy_client.py:228 | read: ReadRes(clock=38)
DEBUG flower 2021-04-08 09:57:19,239 | numpy_client.py:172 | fit, FitIns(clock=40)
DEBUG flower 2021-04-08 09:57:19,239 | numpy_client.py:260 | cached_clock: 38, curr_clock: 40
INFO flower 2021-04-08 09:57:19,649 | numpy_client.py:205 | Cache is fresh, return FitRes(clock=40)
DEBUG flower 2021-04-08 09:57:28,213 | numpy_client.py:172 | fit, FitIns(clock=41)
DEBUG flower 2021-04-08 09:57:28,213 | numpy_client.py:260 | cached_clock: 38, curr_clock: 41
INFO flower 2021-04-08 09:57:28,213 | numpy_client.py:184 | Cache is stale, return ReadIns
DEBUG flower 2021-04-08 09:57:33,061 | numpy_client.py:228 | read: ReadRes(clock=39)
DEBUG flower 2021-04-08 09:57:33,068 | numpy_client.py:172 | fit, FitIns(clock=41)
DEBUG flower 2021-04-08 09:57:33,069 | numpy_client.py:260 | cached_clock: 39, curr_clock: 41
INFO flower 2021-04-08 09:57:33,545 | numpy_client.py:205 | Cache is fresh, return FitRes(clock=41)
DEBUG flower 2021-04-08 09:57:41,906 | numpy_client.py:172 | fit, FitIns(clock=42)
DEBUG flower 2021-04-08 09:57:41,907 | numpy_client.py:260 | cached_clock: 39, curr_clock: 42
INFO flower 2021-04-08 09:57:41,907 | numpy_client.py:184 | Cache is stale, return ReadIns
DEBUG flower 2021-04-08 09:57:46,923 | numpy_client.py:228 | read: ReadRes(clock=40)
DEBUG flower 2021-04-08 09:57:46,931 | numpy_client.py:172 | fit, FitIns(clock=42)
DEBUG flower 2021-04-08 09:57:46,931 | numpy_client.py:260 | cached_clock: 40, curr_clock: 42
INFO flower 2021-04-08 09:57:47,421 | numpy_client.py:205 | Cache is fresh, return FitRes(clock=42)
DEBUG flower 2021-04-08 09:57:55,982 | numpy_client.py:172 | fit, FitIns(clock=43)
DEBUG flower 2021-04-08 09:57:55,982 | numpy_client.py:260 | cached_clock: 40, curr_clock: 43
INFO flower 2021-04-08 09:57:55,982 | numpy_client.py:184 | Cache is stale, return ReadIns
DEBUG flower 2021-04-08 09:58:00,721 | numpy_client.py:228 | read: ReadRes(clock=41)
DEBUG flower 2021-04-08 09:58:00,729 | numpy_client.py:172 | fit, FitIns(clock=43)
DEBUG flower 2021-04-08 09:58:00,729 | numpy_client.py:260 | cached_clock: 41, curr_clock: 43
INFO flower 2021-04-08 09:58:01,212 | numpy_client.py:205 | Cache is fresh, return FitRes(clock=43)
DEBUG flower 2021-04-08 09:58:09,570 | numpy_client.py:172 | fit, FitIns(clock=44)
DEBUG flower 2021-04-08 09:58:09,570 | numpy_client.py:260 | cached_clock: 41, curr_clock: 44
INFO flower 2021-04-08 09:58:09,570 | numpy_client.py:184 | Cache is stale, return ReadIns
DEBUG flower 2021-04-08 09:58:14,519 | numpy_client.py:228 | read: ReadRes(clock=42)
DEBUG flower 2021-04-08 09:58:14,526 | numpy_client.py:172 | fit, FitIns(clock=44)
DEBUG flower 2021-04-08 09:58:14,526 | numpy_client.py:260 | cached_clock: 42, curr_clock: 44
INFO flower 2021-04-08 09:58:15,039 | numpy_client.py:205 | Cache is fresh, return FitRes(clock=44)
DEBUG flower 2021-04-08 09:58:23,366 | numpy_client.py:172 | fit, FitIns(clock=45)
DEBUG flower 2021-04-08 09:58:23,366 | numpy_client.py:260 | cached_clock: 42, curr_clock: 45
INFO flower 2021-04-08 09:58:23,366 | numpy_client.py:184 | Cache is stale, return ReadIns
DEBUG flower 2021-04-08 09:58:28,407 | numpy_client.py:228 | read: ReadRes(clock=43)
DEBUG flower 2021-04-08 09:58:28,414 | numpy_client.py:172 | fit, FitIns(clock=45)
DEBUG flower 2021-04-08 09:58:28,414 | numpy_client.py:260 | cached_clock: 43, curr_clock: 45
INFO flower 2021-04-08 09:58:28,920 | numpy_client.py:205 | Cache is fresh, return FitRes(clock=45)
DEBUG flower 2021-04-08 09:58:37,187 | numpy_client.py:172 | fit, FitIns(clock=46)
DEBUG flower 2021-04-08 09:58:37,187 | numpy_client.py:260 | cached_clock: 43, curr_clock: 46
INFO flower 2021-04-08 09:58:37,188 | numpy_client.py:184 | Cache is stale, return ReadIns
DEBUG flower 2021-04-08 09:58:42,401 | numpy_client.py:228 | read: ReadRes(clock=44)
DEBUG flower 2021-04-08 09:58:42,408 | numpy_client.py:172 | fit, FitIns(clock=46)
DEBUG flower 2021-04-08 09:58:42,409 | numpy_client.py:260 | cached_clock: 44, curr_clock: 46
INFO flower 2021-04-08 09:58:42,914 | numpy_client.py:205 | Cache is fresh, return FitRes(clock=46)
DEBUG flower 2021-04-08 09:58:51,854 | numpy_client.py:172 | fit, FitIns(clock=47)
DEBUG flower 2021-04-08 09:58:51,854 | numpy_client.py:260 | cached_clock: 44, curr_clock: 47
INFO flower 2021-04-08 09:58:51,855 | numpy_client.py:184 | Cache is stale, return ReadIns
DEBUG flower 2021-04-08 09:58:56,734 | numpy_client.py:228 | read: ReadRes(clock=45)
DEBUG flower 2021-04-08 09:58:56,742 | numpy_client.py:172 | fit, FitIns(clock=47)
DEBUG flower 2021-04-08 09:58:56,742 | numpy_client.py:260 | cached_clock: 45, curr_clock: 47
INFO flower 2021-04-08 09:58:57,214 | numpy_client.py:205 | Cache is fresh, return FitRes(clock=47)
DEBUG flower 2021-04-08 09:59:06,009 | numpy_client.py:172 | fit, FitIns(clock=48)
DEBUG flower 2021-04-08 09:59:06,009 | numpy_client.py:260 | cached_clock: 45, curr_clock: 48
INFO flower 2021-04-08 09:59:06,009 | numpy_client.py:184 | Cache is stale, return ReadIns
DEBUG flower 2021-04-08 09:59:10,715 | numpy_client.py:228 | read: ReadRes(clock=46)
DEBUG flower 2021-04-08 09:59:10,721 | numpy_client.py:172 | fit, FitIns(clock=48)
DEBUG flower 2021-04-08 09:59:10,722 | numpy_client.py:260 | cached_clock: 46, curr_clock: 48
INFO flower 2021-04-08 09:59:11,221 | numpy_client.py:205 | Cache is fresh, return FitRes(clock=48)
DEBUG flower 2021-04-08 09:59:19,571 | numpy_client.py:172 | fit, FitIns(clock=49)
DEBUG flower 2021-04-08 09:59:19,571 | numpy_client.py:260 | cached_clock: 46, curr_clock: 49
INFO flower 2021-04-08 09:59:19,572 | numpy_client.py:184 | Cache is stale, return ReadIns
DEBUG flower 2021-04-08 09:59:24,335 | numpy_client.py:228 | read: ReadRes(clock=47)
DEBUG flower 2021-04-08 09:59:24,342 | numpy_client.py:172 | fit, FitIns(clock=49)
DEBUG flower 2021-04-08 09:59:24,342 | numpy_client.py:260 | cached_clock: 47, curr_clock: 49
INFO flower 2021-04-08 09:59:24,819 | numpy_client.py:205 | Cache is fresh, return FitRes(clock=49)
DEBUG flower 2021-04-08 09:59:33,172 | numpy_client.py:172 | fit, FitIns(clock=50)
DEBUG flower 2021-04-08 09:59:33,172 | numpy_client.py:260 | cached_clock: 47, curr_clock: 50
INFO flower 2021-04-08 09:59:33,172 | numpy_client.py:184 | Cache is stale, return ReadIns
DEBUG flower 2021-04-08 09:59:38,207 | numpy_client.py:228 | read: ReadRes(clock=48)
DEBUG flower 2021-04-08 09:59:38,214 | numpy_client.py:172 | fit, FitIns(clock=50)
DEBUG flower 2021-04-08 09:59:38,214 | numpy_client.py:260 | cached_clock: 48, curr_clock: 50
INFO flower 2021-04-08 09:59:38,723 | numpy_client.py:205 | Cache is fresh, return FitRes(clock=50)
DEBUG flower 2021-04-08 09:59:46,988 | numpy_client.py:172 | fit, FitIns(clock=51)
DEBUG flower 2021-04-08 09:59:46,988 | numpy_client.py:260 | cached_clock: 48, curr_clock: 51
INFO flower 2021-04-08 09:59:46,988 | numpy_client.py:184 | Cache is stale, return ReadIns
DEBUG flower 2021-04-08 09:59:51,716 | numpy_client.py:228 | read: ReadRes(clock=49)
DEBUG flower 2021-04-08 09:59:51,724 | numpy_client.py:172 | fit, FitIns(clock=51)
DEBUG flower 2021-04-08 09:59:51,724 | numpy_client.py:260 | cached_clock: 49, curr_clock: 51
INFO flower 2021-04-08 09:59:52,219 | numpy_client.py:205 | Cache is fresh, return FitRes(clock=51)
DEBUG flower 2021-04-08 10:00:00,581 | numpy_client.py:172 | fit, FitIns(clock=52)
DEBUG flower 2021-04-08 10:00:00,581 | numpy_client.py:260 | cached_clock: 49, curr_clock: 52
INFO flower 2021-04-08 10:00:00,581 | numpy_client.py:184 | Cache is stale, return ReadIns
DEBUG flower 2021-04-08 10:00:05,321 | numpy_client.py:228 | read: ReadRes(clock=50)
DEBUG flower 2021-04-08 10:00:05,328 | numpy_client.py:172 | fit, FitIns(clock=52)
DEBUG flower 2021-04-08 10:00:05,328 | numpy_client.py:260 | cached_clock: 50, curr_clock: 52
INFO flower 2021-04-08 10:00:05,820 | numpy_client.py:205 | Cache is fresh, return FitRes(clock=52)
DEBUG flower 2021-04-08 10:00:14,021 | numpy_client.py:172 | fit, FitIns(clock=53)
DEBUG flower 2021-04-08 10:00:14,021 | numpy_client.py:260 | cached_clock: 50, curr_clock: 53
INFO flower 2021-04-08 10:00:14,022 | numpy_client.py:184 | Cache is stale, return ReadIns
DEBUG flower 2021-04-08 10:00:18,638 | numpy_client.py:228 | read: ReadRes(clock=51)
DEBUG flower 2021-04-08 10:00:18,645 | numpy_client.py:172 | fit, FitIns(clock=53)
DEBUG flower 2021-04-08 10:00:18,645 | numpy_client.py:260 | cached_clock: 51, curr_clock: 53
INFO flower 2021-04-08 10:00:19,109 | numpy_client.py:205 | Cache is fresh, return FitRes(clock=53)
DEBUG flower 2021-04-08 10:00:27,219 | numpy_client.py:172 | fit, FitIns(clock=54)
DEBUG flower 2021-04-08 10:00:27,219 | numpy_client.py:260 | cached_clock: 51, curr_clock: 54
INFO flower 2021-04-08 10:00:27,219 | numpy_client.py:184 | Cache is stale, return ReadIns
DEBUG flower 2021-04-08 10:00:32,236 | numpy_client.py:228 | read: ReadRes(clock=52)
DEBUG flower 2021-04-08 10:00:32,243 | numpy_client.py:172 | fit, FitIns(clock=54)
DEBUG flower 2021-04-08 10:00:32,243 | numpy_client.py:260 | cached_clock: 52, curr_clock: 54
INFO flower 2021-04-08 10:00:32,719 | numpy_client.py:205 | Cache is fresh, return FitRes(clock=54)
DEBUG flower 2021-04-08 10:00:41,019 | numpy_client.py:172 | fit, FitIns(clock=55)
DEBUG flower 2021-04-08 10:00:41,020 | numpy_client.py:260 | cached_clock: 52, curr_clock: 55
INFO flower 2021-04-08 10:00:41,020 | numpy_client.py:184 | Cache is stale, return ReadIns
DEBUG flower 2021-04-08 10:00:45,814 | numpy_client.py:228 | read: ReadRes(clock=53)
DEBUG flower 2021-04-08 10:00:45,821 | numpy_client.py:172 | fit, FitIns(clock=55)
DEBUG flower 2021-04-08 10:00:45,821 | numpy_client.py:260 | cached_clock: 53, curr_clock: 55
INFO flower 2021-04-08 10:00:46,334 | numpy_client.py:205 | Cache is fresh, return FitRes(clock=55)
DEBUG flower 2021-04-08 10:00:54,610 | numpy_client.py:172 | fit, FitIns(clock=56)
DEBUG flower 2021-04-08 10:00:54,610 | numpy_client.py:260 | cached_clock: 53, curr_clock: 56
INFO flower 2021-04-08 10:00:54,610 | numpy_client.py:184 | Cache is stale, return ReadIns
DEBUG flower 2021-04-08 10:00:59,612 | numpy_client.py:228 | read: ReadRes(clock=54)
DEBUG flower 2021-04-08 10:00:59,619 | numpy_client.py:172 | fit, FitIns(clock=56)
DEBUG flower 2021-04-08 10:00:59,620 | numpy_client.py:260 | cached_clock: 54, curr_clock: 56
INFO flower 2021-04-08 10:01:00,048 | numpy_client.py:205 | Cache is fresh, return FitRes(clock=56)
DEBUG flower 2021-04-08 10:01:08,382 | numpy_client.py:172 | fit, FitIns(clock=57)
DEBUG flower 2021-04-08 10:01:08,382 | numpy_client.py:260 | cached_clock: 54, curr_clock: 57
INFO flower 2021-04-08 10:01:08,382 | numpy_client.py:184 | Cache is stale, return ReadIns
DEBUG flower 2021-04-08 10:01:13,505 | numpy_client.py:228 | read: ReadRes(clock=55)
DEBUG flower 2021-04-08 10:01:13,512 | numpy_client.py:172 | fit, FitIns(clock=57)
DEBUG flower 2021-04-08 10:01:13,512 | numpy_client.py:260 | cached_clock: 55, curr_clock: 57
INFO flower 2021-04-08 10:01:13,942 | numpy_client.py:205 | Cache is fresh, return FitRes(clock=57)
DEBUG flower 2021-04-08 10:01:22,283 | numpy_client.py:172 | fit, FitIns(clock=58)
DEBUG flower 2021-04-08 10:01:22,283 | numpy_client.py:260 | cached_clock: 55, curr_clock: 58
INFO flower 2021-04-08 10:01:22,283 | numpy_client.py:184 | Cache is stale, return ReadIns
DEBUG flower 2021-04-08 10:01:27,107 | numpy_client.py:228 | read: ReadRes(clock=56)
DEBUG flower 2021-04-08 10:01:27,114 | numpy_client.py:172 | fit, FitIns(clock=58)
DEBUG flower 2021-04-08 10:01:27,114 | numpy_client.py:260 | cached_clock: 56, curr_clock: 58
INFO flower 2021-04-08 10:01:27,611 | numpy_client.py:205 | Cache is fresh, return FitRes(clock=58)
DEBUG flower 2021-04-08 10:01:35,974 | numpy_client.py:172 | fit, FitIns(clock=59)
DEBUG flower 2021-04-08 10:01:35,974 | numpy_client.py:260 | cached_clock: 56, curr_clock: 59
INFO flower 2021-04-08 10:01:35,974 | numpy_client.py:184 | Cache is stale, return ReadIns
DEBUG flower 2021-04-08 10:01:41,030 | numpy_client.py:228 | read: ReadRes(clock=57)
DEBUG flower 2021-04-08 10:01:41,038 | numpy_client.py:172 | fit, FitIns(clock=59)
DEBUG flower 2021-04-08 10:01:41,038 | numpy_client.py:260 | cached_clock: 57, curr_clock: 59
INFO flower 2021-04-08 10:01:41,513 | numpy_client.py:205 | Cache is fresh, return FitRes(clock=59)
DEBUG flower 2021-04-08 10:01:49,877 | numpy_client.py:172 | fit, FitIns(clock=60)
DEBUG flower 2021-04-08 10:01:49,877 | numpy_client.py:260 | cached_clock: 57, curr_clock: 60
INFO flower 2021-04-08 10:01:49,877 | numpy_client.py:184 | Cache is stale, return ReadIns
DEBUG flower 2021-04-08 10:01:54,517 | numpy_client.py:228 | read: ReadRes(clock=58)
DEBUG flower 2021-04-08 10:01:54,524 | numpy_client.py:172 | fit, FitIns(clock=60)
DEBUG flower 2021-04-08 10:01:54,524 | numpy_client.py:260 | cached_clock: 58, curr_clock: 60
INFO flower 2021-04-08 10:01:55,019 | numpy_client.py:205 | Cache is fresh, return FitRes(clock=60)
DEBUG flower 2021-04-08 10:02:03,312 | numpy_client.py:172 | fit, FitIns(clock=61)
DEBUG flower 2021-04-08 10:02:03,312 | numpy_client.py:260 | cached_clock: 58, curr_clock: 61
INFO flower 2021-04-08 10:02:03,312 | numpy_client.py:184 | Cache is stale, return ReadIns
DEBUG flower 2021-04-08 10:02:08,210 | numpy_client.py:228 | read: ReadRes(clock=59)
DEBUG flower 2021-04-08 10:02:08,217 | numpy_client.py:172 | fit, FitIns(clock=61)
DEBUG flower 2021-04-08 10:02:08,218 | numpy_client.py:260 | cached_clock: 59, curr_clock: 61
INFO flower 2021-04-08 10:02:08,709 | numpy_client.py:205 | Cache is fresh, return FitRes(clock=61)
DEBUG flower 2021-04-08 10:02:18,106 | numpy_client.py:172 | fit, FitIns(clock=62)
DEBUG flower 2021-04-08 10:02:18,106 | numpy_client.py:260 | cached_clock: 59, curr_clock: 62
INFO flower 2021-04-08 10:02:18,106 | numpy_client.py:184 | Cache is stale, return ReadIns
DEBUG flower 2021-04-08 10:02:23,227 | numpy_client.py:228 | read: ReadRes(clock=60)
DEBUG flower 2021-04-08 10:02:23,234 | numpy_client.py:172 | fit, FitIns(clock=62)
DEBUG flower 2021-04-08 10:02:23,234 | numpy_client.py:260 | cached_clock: 60, curr_clock: 62
INFO flower 2021-04-08 10:02:23,810 | numpy_client.py:205 | Cache is fresh, return FitRes(clock=62)
DEBUG flower 2021-04-08 10:02:32,487 | numpy_client.py:172 | fit, FitIns(clock=63)
DEBUG flower 2021-04-08 10:02:32,487 | numpy_client.py:260 | cached_clock: 60, curr_clock: 63
INFO flower 2021-04-08 10:02:32,487 | numpy_client.py:184 | Cache is stale, return ReadIns
DEBUG flower 2021-04-08 10:02:37,543 | numpy_client.py:228 | read: ReadRes(clock=61)
DEBUG flower 2021-04-08 10:02:37,550 | numpy_client.py:172 | fit, FitIns(clock=63)
DEBUG flower 2021-04-08 10:02:37,550 | numpy_client.py:260 | cached_clock: 61, curr_clock: 63
INFO flower 2021-04-08 10:02:38,034 | numpy_client.py:205 | Cache is fresh, return FitRes(clock=63)
DEBUG flower 2021-04-08 10:02:45,965 | numpy_client.py:172 | fit, FitIns(clock=64)
DEBUG flower 2021-04-08 10:02:45,965 | numpy_client.py:260 | cached_clock: 61, curr_clock: 64
INFO flower 2021-04-08 10:02:45,965 | numpy_client.py:184 | Cache is stale, return ReadIns
DEBUG flower 2021-04-08 10:02:50,830 | numpy_client.py:228 | read: ReadRes(clock=62)
DEBUG flower 2021-04-08 10:02:50,837 | numpy_client.py:172 | fit, FitIns(clock=64)
DEBUG flower 2021-04-08 10:02:50,837 | numpy_client.py:260 | cached_clock: 62, curr_clock: 64
INFO flower 2021-04-08 10:02:51,324 | numpy_client.py:205 | Cache is fresh, return FitRes(clock=64)
DEBUG flower 2021-04-08 10:02:59,320 | numpy_client.py:172 | fit, FitIns(clock=65)
DEBUG flower 2021-04-08 10:02:59,320 | numpy_client.py:260 | cached_clock: 62, curr_clock: 65
INFO flower 2021-04-08 10:02:59,320 | numpy_client.py:184 | Cache is stale, return ReadIns
DEBUG flower 2021-04-08 10:03:04,232 | numpy_client.py:228 | read: ReadRes(clock=63)
DEBUG flower 2021-04-08 10:03:04,239 | numpy_client.py:172 | fit, FitIns(clock=65)
DEBUG flower 2021-04-08 10:03:04,239 | numpy_client.py:260 | cached_clock: 63, curr_clock: 65
INFO flower 2021-04-08 10:03:04,731 | numpy_client.py:205 | Cache is fresh, return FitRes(clock=65)
DEBUG flower 2021-04-08 10:03:12,894 | numpy_client.py:172 | fit, FitIns(clock=66)
DEBUG flower 2021-04-08 10:03:12,894 | numpy_client.py:260 | cached_clock: 63, curr_clock: 66
INFO flower 2021-04-08 10:03:12,895 | numpy_client.py:184 | Cache is stale, return ReadIns
DEBUG flower 2021-04-08 10:03:18,111 | numpy_client.py:228 | read: ReadRes(clock=64)
DEBUG flower 2021-04-08 10:03:18,119 | numpy_client.py:172 | fit, FitIns(clock=66)
DEBUG flower 2021-04-08 10:03:18,119 | numpy_client.py:260 | cached_clock: 64, curr_clock: 66
INFO flower 2021-04-08 10:03:18,542 | numpy_client.py:205 | Cache is fresh, return FitRes(clock=66)
DEBUG flower 2021-04-08 10:03:26,319 | numpy_client.py:172 | fit, FitIns(clock=67)
DEBUG flower 2021-04-08 10:03:26,319 | numpy_client.py:260 | cached_clock: 64, curr_clock: 67
INFO flower 2021-04-08 10:03:26,320 | numpy_client.py:184 | Cache is stale, return ReadIns
DEBUG flower 2021-04-08 10:03:31,217 | numpy_client.py:228 | read: ReadRes(clock=65)
DEBUG flower 2021-04-08 10:03:31,224 | numpy_client.py:172 | fit, FitIns(clock=67)
DEBUG flower 2021-04-08 10:03:31,224 | numpy_client.py:260 | cached_clock: 65, curr_clock: 67
INFO flower 2021-04-08 10:03:31,713 | numpy_client.py:205 | Cache is fresh, return FitRes(clock=67)
DEBUG flower 2021-04-08 10:03:40,025 | numpy_client.py:172 | fit, FitIns(clock=68)
DEBUG flower 2021-04-08 10:03:40,025 | numpy_client.py:260 | cached_clock: 65, curr_clock: 68
INFO flower 2021-04-08 10:03:40,025 | numpy_client.py:184 | Cache is stale, return ReadIns
DEBUG flower 2021-04-08 10:03:44,833 | numpy_client.py:228 | read: ReadRes(clock=66)
DEBUG flower 2021-04-08 10:03:44,840 | numpy_client.py:172 | fit, FitIns(clock=68)
DEBUG flower 2021-04-08 10:03:44,840 | numpy_client.py:260 | cached_clock: 66, curr_clock: 68
INFO flower 2021-04-08 10:03:45,327 | numpy_client.py:205 | Cache is fresh, return FitRes(clock=68)
DEBUG flower 2021-04-08 10:03:53,713 | numpy_client.py:172 | fit, FitIns(clock=69)
DEBUG flower 2021-04-08 10:03:53,713 | numpy_client.py:260 | cached_clock: 66, curr_clock: 69
INFO flower 2021-04-08 10:03:53,713 | numpy_client.py:184 | Cache is stale, return ReadIns
DEBUG flower 2021-04-08 10:03:58,451 | numpy_client.py:228 | read: ReadRes(clock=67)
DEBUG flower 2021-04-08 10:03:58,458 | numpy_client.py:172 | fit, FitIns(clock=69)
DEBUG flower 2021-04-08 10:03:58,458 | numpy_client.py:260 | cached_clock: 67, curr_clock: 69
INFO flower 2021-04-08 10:03:58,922 | numpy_client.py:205 | Cache is fresh, return FitRes(clock=69)
DEBUG flower 2021-04-08 10:04:07,122 | numpy_client.py:172 | fit, FitIns(clock=70)
DEBUG flower 2021-04-08 10:04:07,122 | numpy_client.py:260 | cached_clock: 67, curr_clock: 70
INFO flower 2021-04-08 10:04:07,123 | numpy_client.py:184 | Cache is stale, return ReadIns
DEBUG flower 2021-04-08 10:04:11,834 | numpy_client.py:228 | read: ReadRes(clock=68)
DEBUG flower 2021-04-08 10:04:11,841 | numpy_client.py:172 | fit, FitIns(clock=70)
DEBUG flower 2021-04-08 10:04:11,841 | numpy_client.py:260 | cached_clock: 68, curr_clock: 70
INFO flower 2021-04-08 10:04:12,321 | numpy_client.py:205 | Cache is fresh, return FitRes(clock=70)
DEBUG flower 2021-04-08 10:04:20,630 | numpy_client.py:172 | fit, FitIns(clock=71)
DEBUG flower 2021-04-08 10:04:20,630 | numpy_client.py:260 | cached_clock: 68, curr_clock: 71
INFO flower 2021-04-08 10:04:20,630 | numpy_client.py:184 | Cache is stale, return ReadIns
DEBUG flower 2021-04-08 10:04:25,238 | numpy_client.py:228 | read: ReadRes(clock=69)
DEBUG flower 2021-04-08 10:04:25,245 | numpy_client.py:172 | fit, FitIns(clock=71)
DEBUG flower 2021-04-08 10:04:25,246 | numpy_client.py:260 | cached_clock: 69, curr_clock: 71
INFO flower 2021-04-08 10:04:25,719 | numpy_client.py:205 | Cache is fresh, return FitRes(clock=71)
DEBUG flower 2021-04-08 10:04:33,812 | numpy_client.py:172 | fit, FitIns(clock=72)
DEBUG flower 2021-04-08 10:04:33,813 | numpy_client.py:260 | cached_clock: 69, curr_clock: 72
INFO flower 2021-04-08 10:04:33,813 | numpy_client.py:184 | Cache is stale, return ReadIns
DEBUG flower 2021-04-08 10:04:38,628 | numpy_client.py:228 | read: ReadRes(clock=70)
DEBUG flower 2021-04-08 10:04:38,635 | numpy_client.py:172 | fit, FitIns(clock=72)
DEBUG flower 2021-04-08 10:04:38,635 | numpy_client.py:260 | cached_clock: 70, curr_clock: 72
INFO flower 2021-04-08 10:04:39,118 | numpy_client.py:205 | Cache is fresh, return FitRes(clock=72)
DEBUG flower 2021-04-08 10:04:47,385 | numpy_client.py:172 | fit, FitIns(clock=73)
DEBUG flower 2021-04-08 10:04:47,385 | numpy_client.py:260 | cached_clock: 70, curr_clock: 73
INFO flower 2021-04-08 10:04:47,385 | numpy_client.py:184 | Cache is stale, return ReadIns
DEBUG flower 2021-04-08 10:04:51,796 | numpy_client.py:228 | read: ReadRes(clock=71)
DEBUG flower 2021-04-08 10:04:51,803 | numpy_client.py:172 | fit, FitIns(clock=73)
DEBUG flower 2021-04-08 10:04:51,803 | numpy_client.py:260 | cached_clock: 71, curr_clock: 73
INFO flower 2021-04-08 10:04:52,321 | numpy_client.py:205 | Cache is fresh, return FitRes(clock=73)
DEBUG flower 2021-04-08 10:05:00,412 | numpy_client.py:172 | fit, FitIns(clock=74)
DEBUG flower 2021-04-08 10:05:00,413 | numpy_client.py:260 | cached_clock: 71, curr_clock: 74
INFO flower 2021-04-08 10:05:00,413 | numpy_client.py:184 | Cache is stale, return ReadIns
DEBUG flower 2021-04-08 10:05:04,997 | numpy_client.py:228 | read: ReadRes(clock=72)
DEBUG flower 2021-04-08 10:05:05,005 | numpy_client.py:172 | fit, FitIns(clock=74)
DEBUG flower 2021-04-08 10:05:05,005 | numpy_client.py:260 | cached_clock: 72, curr_clock: 74
INFO flower 2021-04-08 10:05:05,511 | numpy_client.py:205 | Cache is fresh, return FitRes(clock=74)
DEBUG flower 2021-04-08 10:05:14,187 | numpy_client.py:172 | fit, FitIns(clock=75)
DEBUG flower 2021-04-08 10:05:14,187 | numpy_client.py:260 | cached_clock: 72, curr_clock: 75
INFO flower 2021-04-08 10:05:14,188 | numpy_client.py:184 | Cache is stale, return ReadIns
DEBUG flower 2021-04-08 10:05:18,811 | numpy_client.py:228 | read: ReadRes(clock=73)
DEBUG flower 2021-04-08 10:05:18,819 | numpy_client.py:172 | fit, FitIns(clock=75)
DEBUG flower 2021-04-08 10:05:18,819 | numpy_client.py:260 | cached_clock: 73, curr_clock: 75
INFO flower 2021-04-08 10:05:19,321 | numpy_client.py:205 | Cache is fresh, return FitRes(clock=75)
DEBUG flower 2021-04-08 10:05:27,604 | numpy_client.py:172 | fit, FitIns(clock=76)
DEBUG flower 2021-04-08 10:05:27,605 | numpy_client.py:260 | cached_clock: 73, curr_clock: 76
INFO flower 2021-04-08 10:05:27,605 | numpy_client.py:184 | Cache is stale, return ReadIns
DEBUG flower 2021-04-08 10:05:32,535 | numpy_client.py:228 | read: ReadRes(clock=74)
DEBUG flower 2021-04-08 10:05:32,542 | numpy_client.py:172 | fit, FitIns(clock=76)
DEBUG flower 2021-04-08 10:05:32,543 | numpy_client.py:260 | cached_clock: 74, curr_clock: 76
INFO flower 2021-04-08 10:05:33,020 | numpy_client.py:205 | Cache is fresh, return FitRes(clock=76)
DEBUG flower 2021-04-08 10:05:41,199 | numpy_client.py:172 | fit, FitIns(clock=77)
DEBUG flower 2021-04-08 10:05:41,200 | numpy_client.py:260 | cached_clock: 74, curr_clock: 77
INFO flower 2021-04-08 10:05:41,200 | numpy_client.py:184 | Cache is stale, return ReadIns
DEBUG flower 2021-04-08 10:05:46,137 | numpy_client.py:228 | read: ReadRes(clock=75)
DEBUG flower 2021-04-08 10:05:46,144 | numpy_client.py:172 | fit, FitIns(clock=77)
DEBUG flower 2021-04-08 10:05:46,144 | numpy_client.py:260 | cached_clock: 75, curr_clock: 77
INFO flower 2021-04-08 10:05:46,625 | numpy_client.py:205 | Cache is fresh, return FitRes(clock=77)
DEBUG flower 2021-04-08 10:05:54,803 | numpy_client.py:172 | fit, FitIns(clock=78)
DEBUG flower 2021-04-08 10:05:54,803 | numpy_client.py:260 | cached_clock: 75, curr_clock: 78
INFO flower 2021-04-08 10:05:54,804 | numpy_client.py:184 | Cache is stale, return ReadIns
DEBUG flower 2021-04-08 10:05:59,725 | numpy_client.py:228 | read: ReadRes(clock=76)
DEBUG flower 2021-04-08 10:05:59,732 | numpy_client.py:172 | fit, FitIns(clock=78)
DEBUG flower 2021-04-08 10:05:59,733 | numpy_client.py:260 | cached_clock: 76, curr_clock: 78
INFO flower 2021-04-08 10:06:00,239 | numpy_client.py:205 | Cache is fresh, return FitRes(clock=78)
DEBUG flower 2021-04-08 10:06:08,509 | numpy_client.py:172 | fit, FitIns(clock=79)
DEBUG flower 2021-04-08 10:06:08,509 | numpy_client.py:260 | cached_clock: 76, curr_clock: 79
INFO flower 2021-04-08 10:06:08,509 | numpy_client.py:184 | Cache is stale, return ReadIns
DEBUG flower 2021-04-08 10:06:13,612 | numpy_client.py:228 | read: ReadRes(clock=77)
DEBUG flower 2021-04-08 10:06:13,619 | numpy_client.py:172 | fit, FitIns(clock=79)
DEBUG flower 2021-04-08 10:06:13,619 | numpy_client.py:260 | cached_clock: 77, curr_clock: 79
INFO flower 2021-04-08 10:06:14,217 | numpy_client.py:205 | Cache is fresh, return FitRes(clock=79)
DEBUG flower 2021-04-08 10:06:22,950 | numpy_client.py:172 | fit, FitIns(clock=80)
DEBUG flower 2021-04-08 10:06:22,950 | numpy_client.py:260 | cached_clock: 77, curr_clock: 80
INFO flower 2021-04-08 10:06:22,950 | numpy_client.py:184 | Cache is stale, return ReadIns
DEBUG flower 2021-04-08 10:06:27,743 | numpy_client.py:228 | read: ReadRes(clock=78)
DEBUG flower 2021-04-08 10:06:27,751 | numpy_client.py:172 | fit, FitIns(clock=80)
DEBUG flower 2021-04-08 10:06:27,751 | numpy_client.py:260 | cached_clock: 78, curr_clock: 80
INFO flower 2021-04-08 10:06:28,222 | numpy_client.py:205 | Cache is fresh, return FitRes(clock=80)
DEBUG flower 2021-04-08 10:06:36,742 | numpy_client.py:172 | fit, FitIns(clock=81)
DEBUG flower 2021-04-08 10:06:36,742 | numpy_client.py:260 | cached_clock: 78, curr_clock: 81
INFO flower 2021-04-08 10:06:36,742 | numpy_client.py:184 | Cache is stale, return ReadIns
DEBUG flower 2021-04-08 10:06:41,533 | numpy_client.py:228 | read: ReadRes(clock=79)
DEBUG flower 2021-04-08 10:06:41,540 | numpy_client.py:172 | fit, FitIns(clock=81)
DEBUG flower 2021-04-08 10:06:41,540 | numpy_client.py:260 | cached_clock: 79, curr_clock: 81
INFO flower 2021-04-08 10:06:42,110 | numpy_client.py:205 | Cache is fresh, return FitRes(clock=81)
DEBUG flower 2021-04-08 10:06:50,635 | numpy_client.py:172 | fit, FitIns(clock=82)
DEBUG flower 2021-04-08 10:06:50,635 | numpy_client.py:260 | cached_clock: 79, curr_clock: 82
INFO flower 2021-04-08 10:06:50,636 | numpy_client.py:184 | Cache is stale, return ReadIns
DEBUG flower 2021-04-08 10:06:55,822 | numpy_client.py:228 | read: ReadRes(clock=80)
DEBUG flower 2021-04-08 10:06:55,829 | numpy_client.py:172 | fit, FitIns(clock=82)
DEBUG flower 2021-04-08 10:06:55,829 | numpy_client.py:260 | cached_clock: 80, curr_clock: 82
INFO flower 2021-04-08 10:06:56,320 | numpy_client.py:205 | Cache is fresh, return FitRes(clock=82)
DEBUG flower 2021-04-08 10:07:04,121 | numpy_client.py:172 | fit, FitIns(clock=83)
DEBUG flower 2021-04-08 10:07:04,121 | numpy_client.py:260 | cached_clock: 80, curr_clock: 83
INFO flower 2021-04-08 10:07:04,121 | numpy_client.py:184 | Cache is stale, return ReadIns
DEBUG flower 2021-04-08 10:07:09,230 | numpy_client.py:228 | read: ReadRes(clock=81)
DEBUG flower 2021-04-08 10:07:09,237 | numpy_client.py:172 | fit, FitIns(clock=83)
DEBUG flower 2021-04-08 10:07:09,237 | numpy_client.py:260 | cached_clock: 81, curr_clock: 83
INFO flower 2021-04-08 10:07:09,814 | numpy_client.py:205 | Cache is fresh, return FitRes(clock=83)
DEBUG flower 2021-04-08 10:07:17,533 | numpy_client.py:172 | fit, FitIns(clock=84)
DEBUG flower 2021-04-08 10:07:17,534 | numpy_client.py:260 | cached_clock: 81, curr_clock: 84
INFO flower 2021-04-08 10:07:17,534 | numpy_client.py:184 | Cache is stale, return ReadIns
DEBUG flower 2021-04-08 10:07:22,441 | numpy_client.py:228 | read: ReadRes(clock=82)
DEBUG flower 2021-04-08 10:07:22,449 | numpy_client.py:172 | fit, FitIns(clock=84)
DEBUG flower 2021-04-08 10:07:22,449 | numpy_client.py:260 | cached_clock: 82, curr_clock: 84
INFO flower 2021-04-08 10:07:22,926 | numpy_client.py:205 | Cache is fresh, return FitRes(clock=84)
DEBUG flower 2021-04-08 10:07:30,906 | numpy_client.py:172 | fit, FitIns(clock=85)
DEBUG flower 2021-04-08 10:07:30,906 | numpy_client.py:260 | cached_clock: 82, curr_clock: 85
INFO flower 2021-04-08 10:07:30,906 | numpy_client.py:184 | Cache is stale, return ReadIns
DEBUG flower 2021-04-08 10:07:35,744 | numpy_client.py:228 | read: ReadRes(clock=83)
DEBUG flower 2021-04-08 10:07:35,752 | numpy_client.py:172 | fit, FitIns(clock=85)
DEBUG flower 2021-04-08 10:07:35,752 | numpy_client.py:260 | cached_clock: 83, curr_clock: 85
INFO flower 2021-04-08 10:07:36,222 | numpy_client.py:205 | Cache is fresh, return FitRes(clock=85)
DEBUG flower 2021-04-08 10:07:44,633 | numpy_client.py:172 | fit, FitIns(clock=86)
DEBUG flower 2021-04-08 10:07:44,633 | numpy_client.py:260 | cached_clock: 83, curr_clock: 86
INFO flower 2021-04-08 10:07:44,633 | numpy_client.py:184 | Cache is stale, return ReadIns
DEBUG flower 2021-04-08 10:07:49,638 | numpy_client.py:228 | read: ReadRes(clock=84)
DEBUG flower 2021-04-08 10:07:49,645 | numpy_client.py:172 | fit, FitIns(clock=86)
DEBUG flower 2021-04-08 10:07:49,645 | numpy_client.py:260 | cached_clock: 84, curr_clock: 86
INFO flower 2021-04-08 10:07:50,227 | numpy_client.py:205 | Cache is fresh, return FitRes(clock=86)
DEBUG flower 2021-04-08 10:07:59,023 | numpy_client.py:172 | fit, FitIns(clock=87)
DEBUG flower 2021-04-08 10:07:59,023 | numpy_client.py:260 | cached_clock: 84, curr_clock: 87
INFO flower 2021-04-08 10:07:59,024 | numpy_client.py:184 | Cache is stale, return ReadIns
DEBUG flower 2021-04-08 10:08:03,825 | numpy_client.py:228 | read: ReadRes(clock=85)
DEBUG flower 2021-04-08 10:08:03,833 | numpy_client.py:172 | fit, FitIns(clock=87)
DEBUG flower 2021-04-08 10:08:03,833 | numpy_client.py:260 | cached_clock: 85, curr_clock: 87
INFO flower 2021-04-08 10:08:04,342 | numpy_client.py:205 | Cache is fresh, return FitRes(clock=87)
DEBUG flower 2021-04-08 10:08:12,798 | numpy_client.py:172 | fit, FitIns(clock=88)
DEBUG flower 2021-04-08 10:08:12,798 | numpy_client.py:260 | cached_clock: 85, curr_clock: 88
INFO flower 2021-04-08 10:08:12,798 | numpy_client.py:184 | Cache is stale, return ReadIns
DEBUG flower 2021-04-08 10:08:17,437 | numpy_client.py:228 | read: ReadRes(clock=86)
DEBUG flower 2021-04-08 10:08:17,444 | numpy_client.py:172 | fit, FitIns(clock=88)
DEBUG flower 2021-04-08 10:08:17,444 | numpy_client.py:260 | cached_clock: 86, curr_clock: 88
INFO flower 2021-04-08 10:08:17,919 | numpy_client.py:205 | Cache is fresh, return FitRes(clock=88)
DEBUG flower 2021-04-08 10:08:26,394 | numpy_client.py:172 | fit, FitIns(clock=89)
DEBUG flower 2021-04-08 10:08:26,394 | numpy_client.py:260 | cached_clock: 86, curr_clock: 89
INFO flower 2021-04-08 10:08:26,394 | numpy_client.py:184 | Cache is stale, return ReadIns
DEBUG flower 2021-04-08 10:08:31,135 | numpy_client.py:228 | read: ReadRes(clock=87)
DEBUG flower 2021-04-08 10:08:31,142 | numpy_client.py:172 | fit, FitIns(clock=89)
DEBUG flower 2021-04-08 10:08:31,142 | numpy_client.py:260 | cached_clock: 87, curr_clock: 89
INFO flower 2021-04-08 10:08:31,610 | numpy_client.py:205 | Cache is fresh, return FitRes(clock=89)
DEBUG flower 2021-04-08 10:08:40,009 | numpy_client.py:172 | fit, FitIns(clock=90)
DEBUG flower 2021-04-08 10:08:40,010 | numpy_client.py:260 | cached_clock: 87, curr_clock: 90
INFO flower 2021-04-08 10:08:40,010 | numpy_client.py:184 | Cache is stale, return ReadIns
DEBUG flower 2021-04-08 10:08:44,842 | numpy_client.py:228 | read: ReadRes(clock=88)
DEBUG flower 2021-04-08 10:08:44,849 | numpy_client.py:172 | fit, FitIns(clock=90)
DEBUG flower 2021-04-08 10:08:44,850 | numpy_client.py:260 | cached_clock: 88, curr_clock: 90
INFO flower 2021-04-08 10:08:45,334 | numpy_client.py:205 | Cache is fresh, return FitRes(clock=90)
DEBUG flower 2021-04-08 10:08:53,679 | numpy_client.py:172 | fit, FitIns(clock=91)
DEBUG flower 2021-04-08 10:08:53,680 | numpy_client.py:260 | cached_clock: 88, curr_clock: 91
INFO flower 2021-04-08 10:08:53,680 | numpy_client.py:184 | Cache is stale, return ReadIns
DEBUG flower 2021-04-08 10:08:58,599 | numpy_client.py:228 | read: ReadRes(clock=89)
DEBUG flower 2021-04-08 10:08:58,606 | numpy_client.py:172 | fit, FitIns(clock=91)
DEBUG flower 2021-04-08 10:08:58,607 | numpy_client.py:260 | cached_clock: 89, curr_clock: 91
INFO flower 2021-04-08 10:08:59,124 | numpy_client.py:205 | Cache is fresh, return FitRes(clock=91)
DEBUG flower 2021-04-08 10:09:07,590 | numpy_client.py:172 | fit, FitIns(clock=92)
DEBUG flower 2021-04-08 10:09:07,590 | numpy_client.py:260 | cached_clock: 89, curr_clock: 92
INFO flower 2021-04-08 10:09:07,590 | numpy_client.py:184 | Cache is stale, return ReadIns
DEBUG flower 2021-04-08 10:09:12,504 | numpy_client.py:228 | read: ReadRes(clock=90)
DEBUG flower 2021-04-08 10:09:12,511 | numpy_client.py:172 | fit, FitIns(clock=92)
DEBUG flower 2021-04-08 10:09:12,512 | numpy_client.py:260 | cached_clock: 90, curr_clock: 92
INFO flower 2021-04-08 10:09:13,018 | numpy_client.py:205 | Cache is fresh, return FitRes(clock=92)
DEBUG flower 2021-04-08 10:09:21,596 | numpy_client.py:172 | fit, FitIns(clock=93)
DEBUG flower 2021-04-08 10:09:21,596 | numpy_client.py:260 | cached_clock: 90, curr_clock: 93
INFO flower 2021-04-08 10:09:21,596 | numpy_client.py:184 | Cache is stale, return ReadIns
DEBUG flower 2021-04-08 10:09:26,457 | numpy_client.py:228 | read: ReadRes(clock=91)
DEBUG flower 2021-04-08 10:09:26,464 | numpy_client.py:172 | fit, FitIns(clock=93)
DEBUG flower 2021-04-08 10:09:26,464 | numpy_client.py:260 | cached_clock: 91, curr_clock: 93
INFO flower 2021-04-08 10:09:26,949 | numpy_client.py:205 | Cache is fresh, return FitRes(clock=93)
DEBUG flower 2021-04-08 10:09:35,442 | numpy_client.py:172 | fit, FitIns(clock=94)
DEBUG flower 2021-04-08 10:09:35,442 | numpy_client.py:260 | cached_clock: 91, curr_clock: 94
INFO flower 2021-04-08 10:09:35,442 | numpy_client.py:184 | Cache is stale, return ReadIns
DEBUG flower 2021-04-08 10:09:40,351 | numpy_client.py:228 | read: ReadRes(clock=92)
DEBUG flower 2021-04-08 10:09:40,359 | numpy_client.py:172 | fit, FitIns(clock=94)
DEBUG flower 2021-04-08 10:09:40,359 | numpy_client.py:260 | cached_clock: 92, curr_clock: 94
INFO flower 2021-04-08 10:09:40,836 | numpy_client.py:205 | Cache is fresh, return FitRes(clock=94)
DEBUG flower 2021-04-08 10:09:49,202 | numpy_client.py:172 | fit, FitIns(clock=95)
DEBUG flower 2021-04-08 10:09:49,202 | numpy_client.py:260 | cached_clock: 92, curr_clock: 95
INFO flower 2021-04-08 10:09:49,202 | numpy_client.py:184 | Cache is stale, return ReadIns
DEBUG flower 2021-04-08 10:09:54,752 | numpy_client.py:228 | read: ReadRes(clock=93)
DEBUG flower 2021-04-08 10:09:54,759 | numpy_client.py:172 | fit, FitIns(clock=95)
DEBUG flower 2021-04-08 10:09:54,760 | numpy_client.py:260 | cached_clock: 93, curr_clock: 95
INFO flower 2021-04-08 10:09:55,223 | numpy_client.py:205 | Cache is fresh, return FitRes(clock=95)
DEBUG flower 2021-04-08 10:10:04,023 | numpy_client.py:172 | fit, FitIns(clock=96)
DEBUG flower 2021-04-08 10:10:04,024 | numpy_client.py:260 | cached_clock: 93, curr_clock: 96
INFO flower 2021-04-08 10:10:04,024 | numpy_client.py:184 | Cache is stale, return ReadIns
DEBUG flower 2021-04-08 10:10:09,240 | numpy_client.py:228 | read: ReadRes(clock=94)
DEBUG flower 2021-04-08 10:10:09,248 | numpy_client.py:172 | fit, FitIns(clock=96)
DEBUG flower 2021-04-08 10:10:09,248 | numpy_client.py:260 | cached_clock: 94, curr_clock: 96
INFO flower 2021-04-08 10:10:09,719 | numpy_client.py:205 | Cache is fresh, return FitRes(clock=96)
DEBUG flower 2021-04-08 10:10:18,242 | numpy_client.py:172 | fit, FitIns(clock=97)
DEBUG flower 2021-04-08 10:10:18,242 | numpy_client.py:260 | cached_clock: 94, curr_clock: 97
INFO flower 2021-04-08 10:10:18,243 | numpy_client.py:184 | Cache is stale, return ReadIns
DEBUG flower 2021-04-08 10:10:22,907 | numpy_client.py:228 | read: ReadRes(clock=95)
DEBUG flower 2021-04-08 10:10:22,914 | numpy_client.py:172 | fit, FitIns(clock=97)
DEBUG flower 2021-04-08 10:10:22,914 | numpy_client.py:260 | cached_clock: 95, curr_clock: 97
INFO flower 2021-04-08 10:10:23,433 | numpy_client.py:205 | Cache is fresh, return FitRes(clock=97)
DEBUG flower 2021-04-08 10:10:31,835 | numpy_client.py:172 | fit, FitIns(clock=98)
DEBUG flower 2021-04-08 10:10:31,835 | numpy_client.py:260 | cached_clock: 95, curr_clock: 98
INFO flower 2021-04-08 10:10:31,835 | numpy_client.py:184 | Cache is stale, return ReadIns
DEBUG flower 2021-04-08 10:10:36,551 | numpy_client.py:228 | read: ReadRes(clock=96)
DEBUG flower 2021-04-08 10:10:36,558 | numpy_client.py:172 | fit, FitIns(clock=98)
DEBUG flower 2021-04-08 10:10:36,558 | numpy_client.py:260 | cached_clock: 96, curr_clock: 98
INFO flower 2021-04-08 10:10:37,023 | numpy_client.py:205 | Cache is fresh, return FitRes(clock=98)
DEBUG flower 2021-04-08 10:10:46,528 | numpy_client.py:172 | fit, FitIns(clock=99)
DEBUG flower 2021-04-08 10:10:46,528 | numpy_client.py:260 | cached_clock: 96, curr_clock: 99
INFO flower 2021-04-08 10:10:46,528 | numpy_client.py:184 | Cache is stale, return ReadIns
DEBUG flower 2021-04-08 10:10:51,453 | numpy_client.py:228 | read: ReadRes(clock=97)
DEBUG flower 2021-04-08 10:10:51,461 | numpy_client.py:172 | fit, FitIns(clock=99)
DEBUG flower 2021-04-08 10:10:51,461 | numpy_client.py:260 | cached_clock: 97, curr_clock: 99
INFO flower 2021-04-08 10:10:51,944 | numpy_client.py:205 | Cache is fresh, return FitRes(clock=99)
DEBUG flower 2021-04-08 10:10:51,944 | numpy_client.py:217 | The client finishes computing after 1340 seconds
INFO flower 2021-04-08 10:11:37,241 | numpy_client.py:250 | [32;1m Loss: 2.291, Accuracy: 50.000%[0m
DEBUG flower 2021-04-08 10:11:38,715 | connection.py:68 | Insecure gRPC channel closed
INFO flower 2021-04-08 10:11:38,715 | app.py:74 | Disconnect and shut down
Namespace(idx=30, max_delay=0, min_delay=0, num_clients=31, server_ip='10.244.29.27:8080', staleness_bound=2)
I'm client 30
Start SSP client without delay
Files already downloaded and verified
Files already downloaded and verified
[32;1mClient 30: 322 train samples, 64 test samples[0m
loss=24.311198949813843, acc=0.375
loss=23.98417329788208, acc=0.375
loss=24.873111963272095, acc=0.375
loss=21.458823919296265, acc=0.4375
loss=18.262880325317383, acc=0.5426136363636364
loss=12.659470856189728, acc=0.5284090909090909
loss=11.182920157909393, acc=0.4971590909090909
loss=41.939191818237305, acc=0.0
loss=25.412200927734375, acc=0.375
loss=36.65230393409729, acc=0.29829545454545453
loss=40.081032514572144, acc=0.3125
loss=41.63112783432007, acc=0.3068181818181818
loss=48.75621461868286, acc=0.008522727272727272
loss=52.66236889362335, acc=0.002840909090909091
loss=38.28861320018768, acc=0.29261363636363635
loss=50.59090566635132, acc=0.008522727272727272
loss=53.18621110916138, acc=0.0
loss=53.656338691711426, acc=0.0
loss=38.91791224479675, acc=0.2471590909090909
loss=48.70350646972656, acc=0.0
loss=52.19885492324829, acc=0.0
loss=39.8017520904541, acc=0.24431818181818182
loss=41.56769144535065, acc=0.28125
loss=48.37692189216614, acc=0.0
loss=51.21480321884155, acc=0.0
loss=38.46372926235199, acc=0.23579545454545456
loss=40.925368309020996, acc=0.2556818181818182
loss=48.59159541130066, acc=0.002840909090909091
loss=50.890193939208984, acc=0.0
loss=51.96907162666321, acc=0.0
loss=37.40517020225525, acc=0.2215909090909091
loss=47.22079277038574, acc=0.0
loss=49.63712513446808, acc=0.0
loss=52.017481565475464, acc=0.0
loss=37.82917308807373, acc=0.26420454545454547
loss=47.259992837905884, acc=0.0
loss=19.2203768491745, acc=0.33238636363636365
loss=29.40011692047119, acc=0.0
loss=40.691481828689575, acc=0.0
loss=44.455360412597656, acc=0.0
loss=46.750707149505615, acc=0.0
loss=31.283219575881958, acc=0.26704545454545453
loss=44.35345935821533, acc=0.0
loss=47.267656564712524, acc=0.0
loss=49.386500120162964, acc=0.0
loss=49.484312772750854, acc=0.0
loss=51.27734732627869, acc=0.0
loss=51.02704477310181, acc=0.0
loss=34.99422883987427, acc=0.29829545454545453
loss=43.65754294395447, acc=0.0
loss=47.73004221916199, acc=0.0
loss=49.95154523849487, acc=0.0
loss=33.81970191001892, acc=0.26136363636363635
loss=44.58427047729492, acc=0.0
loss=38.2195942401886, acc=0.2585227272727273
loss=45.176796197891235, acc=0.0
loss=48.62067151069641, acc=0.0
loss=48.89890897274017, acc=0.0
loss=50.3344783782959, acc=0.0
loss=34.76064217090607, acc=0.26704545454545453
loss=43.6089141368866, acc=0.0
loss=47.855881690979004, acc=0.0
loss=48.74362635612488, acc=0.0
loss=50.80762767791748, acc=0.0
loss=52.891090631484985, acc=0.0
loss=52.03224158287048, acc=0.0
loss=52.33960843086243, acc=0.0
loss=50.56228566169739, acc=0.0
loss=51.787025690078735, acc=0.0
loss=51.59739279747009, acc=0.0
loss=52.6077401638031, acc=0.0
loss=52.6866192817688, acc=0.0
loss=35.514039754867554, acc=0.26704545454545453
loss=45.354350566864014, acc=0.0
loss=49.04207682609558, acc=0.0
loss=36.8469135761261, acc=0.2528409090909091
loss=45.45926225185394, acc=0.0
loss=37.64728760719299, acc=0.21022727272727273
loss=47.01478934288025, acc=0.0
loss=49.00485301017761, acc=0.0
loss=49.166329860687256, acc=0.0
loss=51.67345380783081, acc=0.0
loss=52.79057717323303, acc=0.0
loss=50.619046449661255, acc=0.0
loss=52.27731108665466, acc=0.0
loss=53.63896346092224, acc=0.0
loss=53.89914131164551, acc=0.0
loss=53.70285511016846, acc=0.0
loss=53.24023461341858, acc=0.0
loss=54.0611686706543, acc=0.0
loss=54.638760805130005, acc=0.0
loss=54.452698945999146, acc=0.0
loss=36.5732626914978, acc=0.23579545454545456
loss=48.07631182670593, acc=0.0
loss=51.648483991622925, acc=0.0
loss=53.21997809410095, acc=0.0
loss=53.88885736465454, acc=0.0
loss=54.61584949493408, acc=0.0
loss=37.51415395736694, acc=0.23011363636363635
loss=48.466328144073486, acc=0.0
Files already downloaded and verified
Files already downloaded and verified
Testing on full test set: 313, 1161.743464231491, 0.316
Testing on partial test set: 2, 2.2913988828659058, 0.5
