DEBUG flower 2021-04-08 09:48:25,331 | connection.py:36 | ChannelConnectivity.IDLE
INFO flower 2021-04-08 09:48:25,333 | app.py:63 | Opened (insecure) gRPC connection
DEBUG flower 2021-04-08 09:48:25,333 | connection.py:36 | ChannelConnectivity.READY
DEBUG flower 2021-04-08 09:48:30,911 | numpy_client.py:172 | fit, FitIns(clock=0)
INFO flower 2021-04-08 09:48:30,911 | numpy_client.py:184 | Cache is stale, return ReadIns
DEBUG flower 2021-04-08 09:48:31,007 | numpy_client.py:228 | read: ReadRes(clock=-1)
DEBUG flower 2021-04-08 09:48:31,023 | numpy_client.py:172 | fit, FitIns(clock=0)
DEBUG flower 2021-04-08 09:48:31,023 | numpy_client.py:260 | cached_clock: -1, curr_clock: 0
INFO flower 2021-04-08 09:48:33,035 | numpy_client.py:205 | Cache is fresh, return FitRes(clock=0)
DEBUG flower 2021-04-08 09:48:33,058 | numpy_client.py:172 | fit, FitIns(clock=1)
DEBUG flower 2021-04-08 09:48:33,058 | numpy_client.py:260 | cached_clock: -1, curr_clock: 1
INFO flower 2021-04-08 09:48:35,033 | numpy_client.py:205 | Cache is fresh, return FitRes(clock=1)
DEBUG flower 2021-04-08 09:48:35,050 | numpy_client.py:172 | fit, FitIns(clock=2)
DEBUG flower 2021-04-08 09:48:35,051 | numpy_client.py:260 | cached_clock: -1, curr_clock: 2
INFO flower 2021-04-08 09:48:35,051 | numpy_client.py:184 | Cache is stale, return ReadIns
DEBUG flower 2021-04-08 09:48:36,368 | numpy_client.py:228 | read: ReadRes(clock=0)
DEBUG flower 2021-04-08 09:48:36,375 | numpy_client.py:172 | fit, FitIns(clock=2)
DEBUG flower 2021-04-08 09:48:36,375 | numpy_client.py:260 | cached_clock: 0, curr_clock: 2
INFO flower 2021-04-08 09:48:38,334 | numpy_client.py:205 | Cache is fresh, return FitRes(clock=2)
DEBUG flower 2021-04-08 09:48:45,571 | numpy_client.py:172 | fit, FitIns(clock=3)
DEBUG flower 2021-04-08 09:48:45,571 | numpy_client.py:260 | cached_clock: 0, curr_clock: 3
INFO flower 2021-04-08 09:48:45,571 | numpy_client.py:184 | Cache is stale, return ReadIns
DEBUG flower 2021-04-08 09:48:50,811 | numpy_client.py:228 | read: ReadRes(clock=1)
DEBUG flower 2021-04-08 09:48:50,818 | numpy_client.py:172 | fit, FitIns(clock=3)
DEBUG flower 2021-04-08 09:48:50,818 | numpy_client.py:260 | cached_clock: 1, curr_clock: 3
INFO flower 2021-04-08 09:48:52,710 | numpy_client.py:205 | Cache is fresh, return FitRes(clock=3)
DEBUG flower 2021-04-08 09:48:59,811 | numpy_client.py:172 | fit, FitIns(clock=4)
DEBUG flower 2021-04-08 09:48:59,812 | numpy_client.py:260 | cached_clock: 1, curr_clock: 4
INFO flower 2021-04-08 09:48:59,812 | numpy_client.py:184 | Cache is stale, return ReadIns
DEBUG flower 2021-04-08 09:49:04,407 | numpy_client.py:228 | read: ReadRes(clock=2)
DEBUG flower 2021-04-08 09:49:04,414 | numpy_client.py:172 | fit, FitIns(clock=4)
DEBUG flower 2021-04-08 09:49:04,414 | numpy_client.py:260 | cached_clock: 2, curr_clock: 4
INFO flower 2021-04-08 09:49:06,333 | numpy_client.py:205 | Cache is fresh, return FitRes(clock=4)
DEBUG flower 2021-04-08 09:49:13,412 | numpy_client.py:172 | fit, FitIns(clock=5)
DEBUG flower 2021-04-08 09:49:13,412 | numpy_client.py:260 | cached_clock: 2, curr_clock: 5
INFO flower 2021-04-08 09:49:13,412 | numpy_client.py:184 | Cache is stale, return ReadIns
DEBUG flower 2021-04-08 09:49:17,898 | numpy_client.py:228 | read: ReadRes(clock=3)
DEBUG flower 2021-04-08 09:49:17,905 | numpy_client.py:172 | fit, FitIns(clock=5)
DEBUG flower 2021-04-08 09:49:17,905 | numpy_client.py:260 | cached_clock: 3, curr_clock: 5
INFO flower 2021-04-08 09:49:19,753 | numpy_client.py:205 | Cache is fresh, return FitRes(clock=5)
DEBUG flower 2021-04-08 09:49:26,801 | numpy_client.py:172 | fit, FitIns(clock=6)
DEBUG flower 2021-04-08 09:49:26,802 | numpy_client.py:260 | cached_clock: 3, curr_clock: 6
INFO flower 2021-04-08 09:49:26,802 | numpy_client.py:184 | Cache is stale, return ReadIns
DEBUG flower 2021-04-08 09:49:31,606 | numpy_client.py:228 | read: ReadRes(clock=4)
DEBUG flower 2021-04-08 09:49:31,613 | numpy_client.py:172 | fit, FitIns(clock=6)
DEBUG flower 2021-04-08 09:49:31,613 | numpy_client.py:260 | cached_clock: 4, curr_clock: 6
INFO flower 2021-04-08 09:49:33,634 | numpy_client.py:205 | Cache is fresh, return FitRes(clock=6)
DEBUG flower 2021-04-08 09:49:40,493 | numpy_client.py:172 | fit, FitIns(clock=7)
DEBUG flower 2021-04-08 09:49:40,494 | numpy_client.py:260 | cached_clock: 4, curr_clock: 7
INFO flower 2021-04-08 09:49:40,494 | numpy_client.py:184 | Cache is stale, return ReadIns
DEBUG flower 2021-04-08 09:49:45,152 | numpy_client.py:228 | read: ReadRes(clock=5)
DEBUG flower 2021-04-08 09:49:45,211 | numpy_client.py:172 | fit, FitIns(clock=7)
DEBUG flower 2021-04-08 09:49:45,211 | numpy_client.py:260 | cached_clock: 5, curr_clock: 7
INFO flower 2021-04-08 09:49:47,053 | numpy_client.py:205 | Cache is fresh, return FitRes(clock=7)
DEBUG flower 2021-04-08 09:49:54,299 | numpy_client.py:172 | fit, FitIns(clock=8)
DEBUG flower 2021-04-08 09:49:54,299 | numpy_client.py:260 | cached_clock: 5, curr_clock: 8
INFO flower 2021-04-08 09:49:54,299 | numpy_client.py:184 | Cache is stale, return ReadIns
DEBUG flower 2021-04-08 09:49:59,116 | numpy_client.py:228 | read: ReadRes(clock=6)
DEBUG flower 2021-04-08 09:49:59,123 | numpy_client.py:172 | fit, FitIns(clock=8)
DEBUG flower 2021-04-08 09:49:59,123 | numpy_client.py:260 | cached_clock: 6, curr_clock: 8
INFO flower 2021-04-08 09:50:01,042 | numpy_client.py:205 | Cache is fresh, return FitRes(clock=8)
DEBUG flower 2021-04-08 09:50:08,021 | numpy_client.py:172 | fit, FitIns(clock=9)
DEBUG flower 2021-04-08 09:50:08,021 | numpy_client.py:260 | cached_clock: 6, curr_clock: 9
INFO flower 2021-04-08 09:50:08,021 | numpy_client.py:184 | Cache is stale, return ReadIns
DEBUG flower 2021-04-08 09:50:12,706 | numpy_client.py:228 | read: ReadRes(clock=7)
DEBUG flower 2021-04-08 09:50:12,713 | numpy_client.py:172 | fit, FitIns(clock=9)
DEBUG flower 2021-04-08 09:50:12,713 | numpy_client.py:260 | cached_clock: 7, curr_clock: 9
INFO flower 2021-04-08 09:50:14,713 | numpy_client.py:205 | Cache is fresh, return FitRes(clock=9)
DEBUG flower 2021-04-08 09:50:22,081 | numpy_client.py:172 | fit, FitIns(clock=10)
DEBUG flower 2021-04-08 09:50:22,082 | numpy_client.py:260 | cached_clock: 7, curr_clock: 10
INFO flower 2021-04-08 09:50:22,082 | numpy_client.py:184 | Cache is stale, return ReadIns
DEBUG flower 2021-04-08 09:50:26,795 | numpy_client.py:228 | read: ReadRes(clock=8)
DEBUG flower 2021-04-08 09:50:26,802 | numpy_client.py:172 | fit, FitIns(clock=10)
DEBUG flower 2021-04-08 09:50:26,802 | numpy_client.py:260 | cached_clock: 8, curr_clock: 10
INFO flower 2021-04-08 09:50:28,638 | numpy_client.py:205 | Cache is fresh, return FitRes(clock=10)
DEBUG flower 2021-04-08 09:50:35,728 | numpy_client.py:172 | fit, FitIns(clock=11)
DEBUG flower 2021-04-08 09:50:35,729 | numpy_client.py:260 | cached_clock: 8, curr_clock: 11
INFO flower 2021-04-08 09:50:35,729 | numpy_client.py:184 | Cache is stale, return ReadIns
DEBUG flower 2021-04-08 09:50:40,204 | numpy_client.py:228 | read: ReadRes(clock=9)
DEBUG flower 2021-04-08 09:50:40,211 | numpy_client.py:172 | fit, FitIns(clock=11)
DEBUG flower 2021-04-08 09:50:40,211 | numpy_client.py:260 | cached_clock: 9, curr_clock: 11
INFO flower 2021-04-08 09:50:42,026 | numpy_client.py:205 | Cache is fresh, return FitRes(clock=11)
DEBUG flower 2021-04-08 09:50:49,772 | numpy_client.py:172 | fit, FitIns(clock=12)
DEBUG flower 2021-04-08 09:50:49,773 | numpy_client.py:260 | cached_clock: 9, curr_clock: 12
INFO flower 2021-04-08 09:50:49,773 | numpy_client.py:184 | Cache is stale, return ReadIns
DEBUG flower 2021-04-08 09:50:54,284 | numpy_client.py:228 | read: ReadRes(clock=10)
DEBUG flower 2021-04-08 09:50:54,291 | numpy_client.py:172 | fit, FitIns(clock=12)
DEBUG flower 2021-04-08 09:50:54,291 | numpy_client.py:260 | cached_clock: 10, curr_clock: 12
INFO flower 2021-04-08 09:50:56,133 | numpy_client.py:205 | Cache is fresh, return FitRes(clock=12)
DEBUG flower 2021-04-08 09:51:03,475 | numpy_client.py:172 | fit, FitIns(clock=13)
DEBUG flower 2021-04-08 09:51:03,475 | numpy_client.py:260 | cached_clock: 10, curr_clock: 13
INFO flower 2021-04-08 09:51:03,475 | numpy_client.py:184 | Cache is stale, return ReadIns
DEBUG flower 2021-04-08 09:51:07,894 | numpy_client.py:228 | read: ReadRes(clock=11)
DEBUG flower 2021-04-08 09:51:07,905 | numpy_client.py:172 | fit, FitIns(clock=13)
DEBUG flower 2021-04-08 09:51:07,906 | numpy_client.py:260 | cached_clock: 11, curr_clock: 13
INFO flower 2021-04-08 09:51:09,809 | numpy_client.py:205 | Cache is fresh, return FitRes(clock=13)
DEBUG flower 2021-04-08 09:51:16,823 | numpy_client.py:172 | fit, FitIns(clock=14)
DEBUG flower 2021-04-08 09:51:16,824 | numpy_client.py:260 | cached_clock: 11, curr_clock: 14
INFO flower 2021-04-08 09:51:16,824 | numpy_client.py:184 | Cache is stale, return ReadIns
DEBUG flower 2021-04-08 09:51:21,529 | numpy_client.py:228 | read: ReadRes(clock=12)
DEBUG flower 2021-04-08 09:51:21,536 | numpy_client.py:172 | fit, FitIns(clock=14)
DEBUG flower 2021-04-08 09:51:21,536 | numpy_client.py:260 | cached_clock: 12, curr_clock: 14
INFO flower 2021-04-08 09:51:23,535 | numpy_client.py:205 | Cache is fresh, return FitRes(clock=14)
DEBUG flower 2021-04-08 09:51:30,106 | numpy_client.py:172 | fit, FitIns(clock=15)
DEBUG flower 2021-04-08 09:51:30,106 | numpy_client.py:260 | cached_clock: 12, curr_clock: 15
INFO flower 2021-04-08 09:51:30,106 | numpy_client.py:184 | Cache is stale, return ReadIns
DEBUG flower 2021-04-08 09:51:34,806 | numpy_client.py:228 | read: ReadRes(clock=13)
DEBUG flower 2021-04-08 09:51:34,813 | numpy_client.py:172 | fit, FitIns(clock=15)
DEBUG flower 2021-04-08 09:51:34,813 | numpy_client.py:260 | cached_clock: 13, curr_clock: 15
INFO flower 2021-04-08 09:51:36,705 | numpy_client.py:205 | Cache is fresh, return FitRes(clock=15)
DEBUG flower 2021-04-08 09:51:43,819 | numpy_client.py:172 | fit, FitIns(clock=16)
DEBUG flower 2021-04-08 09:51:43,820 | numpy_client.py:260 | cached_clock: 13, curr_clock: 16
INFO flower 2021-04-08 09:51:43,820 | numpy_client.py:184 | Cache is stale, return ReadIns
DEBUG flower 2021-04-08 09:51:48,376 | numpy_client.py:228 | read: ReadRes(clock=14)
DEBUG flower 2021-04-08 09:51:48,383 | numpy_client.py:172 | fit, FitIns(clock=16)
DEBUG flower 2021-04-08 09:51:48,383 | numpy_client.py:260 | cached_clock: 14, curr_clock: 16
INFO flower 2021-04-08 09:51:50,331 | numpy_client.py:205 | Cache is fresh, return FitRes(clock=16)
DEBUG flower 2021-04-08 09:51:57,458 | numpy_client.py:172 | fit, FitIns(clock=17)
DEBUG flower 2021-04-08 09:51:57,459 | numpy_client.py:260 | cached_clock: 14, curr_clock: 17
INFO flower 2021-04-08 09:51:57,459 | numpy_client.py:184 | Cache is stale, return ReadIns
DEBUG flower 2021-04-08 09:52:02,080 | numpy_client.py:228 | read: ReadRes(clock=15)
DEBUG flower 2021-04-08 09:52:02,086 | numpy_client.py:172 | fit, FitIns(clock=17)
DEBUG flower 2021-04-08 09:52:02,086 | numpy_client.py:260 | cached_clock: 15, curr_clock: 17
INFO flower 2021-04-08 09:52:04,027 | numpy_client.py:205 | Cache is fresh, return FitRes(clock=17)
DEBUG flower 2021-04-08 09:52:11,149 | numpy_client.py:172 | fit, FitIns(clock=18)
DEBUG flower 2021-04-08 09:52:11,150 | numpy_client.py:260 | cached_clock: 15, curr_clock: 18
INFO flower 2021-04-08 09:52:11,150 | numpy_client.py:184 | Cache is stale, return ReadIns
DEBUG flower 2021-04-08 09:52:15,902 | numpy_client.py:228 | read: ReadRes(clock=16)
DEBUG flower 2021-04-08 09:52:15,909 | numpy_client.py:172 | fit, FitIns(clock=18)
DEBUG flower 2021-04-08 09:52:15,910 | numpy_client.py:260 | cached_clock: 16, curr_clock: 18
INFO flower 2021-04-08 09:52:17,832 | numpy_client.py:205 | Cache is fresh, return FitRes(clock=18)
DEBUG flower 2021-04-08 09:52:24,918 | numpy_client.py:172 | fit, FitIns(clock=19)
DEBUG flower 2021-04-08 09:52:24,918 | numpy_client.py:260 | cached_clock: 16, curr_clock: 19
INFO flower 2021-04-08 09:52:24,918 | numpy_client.py:184 | Cache is stale, return ReadIns
DEBUG flower 2021-04-08 09:52:29,633 | numpy_client.py:228 | read: ReadRes(clock=17)
DEBUG flower 2021-04-08 09:52:29,640 | numpy_client.py:172 | fit, FitIns(clock=19)
DEBUG flower 2021-04-08 09:52:29,640 | numpy_client.py:260 | cached_clock: 17, curr_clock: 19
INFO flower 2021-04-08 09:52:31,507 | numpy_client.py:205 | Cache is fresh, return FitRes(clock=19)
DEBUG flower 2021-04-08 09:52:38,240 | numpy_client.py:172 | fit, FitIns(clock=20)
DEBUG flower 2021-04-08 09:52:38,240 | numpy_client.py:260 | cached_clock: 17, curr_clock: 20
INFO flower 2021-04-08 09:52:38,240 | numpy_client.py:184 | Cache is stale, return ReadIns
DEBUG flower 2021-04-08 09:52:42,974 | numpy_client.py:228 | read: ReadRes(clock=18)
DEBUG flower 2021-04-08 09:52:42,980 | numpy_client.py:172 | fit, FitIns(clock=20)
DEBUG flower 2021-04-08 09:52:42,980 | numpy_client.py:260 | cached_clock: 18, curr_clock: 20
INFO flower 2021-04-08 09:52:44,909 | numpy_client.py:205 | Cache is fresh, return FitRes(clock=20)
DEBUG flower 2021-04-08 09:52:52,030 | numpy_client.py:172 | fit, FitIns(clock=21)
DEBUG flower 2021-04-08 09:52:52,030 | numpy_client.py:260 | cached_clock: 18, curr_clock: 21
INFO flower 2021-04-08 09:52:52,030 | numpy_client.py:184 | Cache is stale, return ReadIns
DEBUG flower 2021-04-08 09:52:56,935 | numpy_client.py:228 | read: ReadRes(clock=19)
DEBUG flower 2021-04-08 09:52:56,942 | numpy_client.py:172 | fit, FitIns(clock=21)
DEBUG flower 2021-04-08 09:52:56,942 | numpy_client.py:260 | cached_clock: 19, curr_clock: 21
INFO flower 2021-04-08 09:52:58,814 | numpy_client.py:205 | Cache is fresh, return FitRes(clock=21)
DEBUG flower 2021-04-08 09:53:06,172 | numpy_client.py:172 | fit, FitIns(clock=22)
DEBUG flower 2021-04-08 09:53:06,172 | numpy_client.py:260 | cached_clock: 19, curr_clock: 22
INFO flower 2021-04-08 09:53:06,172 | numpy_client.py:184 | Cache is stale, return ReadIns
DEBUG flower 2021-04-08 09:53:10,808 | numpy_client.py:228 | read: ReadRes(clock=20)
DEBUG flower 2021-04-08 09:53:10,816 | numpy_client.py:172 | fit, FitIns(clock=22)
DEBUG flower 2021-04-08 09:53:10,816 | numpy_client.py:260 | cached_clock: 20, curr_clock: 22
INFO flower 2021-04-08 09:53:12,630 | numpy_client.py:205 | Cache is fresh, return FitRes(clock=22)
DEBUG flower 2021-04-08 09:53:19,397 | numpy_client.py:172 | fit, FitIns(clock=23)
DEBUG flower 2021-04-08 09:53:19,397 | numpy_client.py:260 | cached_clock: 20, curr_clock: 23
INFO flower 2021-04-08 09:53:19,398 | numpy_client.py:184 | Cache is stale, return ReadIns
DEBUG flower 2021-04-08 09:53:24,006 | numpy_client.py:228 | read: ReadRes(clock=21)
DEBUG flower 2021-04-08 09:53:24,013 | numpy_client.py:172 | fit, FitIns(clock=23)
DEBUG flower 2021-04-08 09:53:24,013 | numpy_client.py:260 | cached_clock: 21, curr_clock: 23
INFO flower 2021-04-08 09:53:25,929 | numpy_client.py:205 | Cache is fresh, return FitRes(clock=23)
DEBUG flower 2021-04-08 09:53:32,961 | numpy_client.py:172 | fit, FitIns(clock=24)
DEBUG flower 2021-04-08 09:53:32,961 | numpy_client.py:260 | cached_clock: 21, curr_clock: 24
INFO flower 2021-04-08 09:53:32,961 | numpy_client.py:184 | Cache is stale, return ReadIns
DEBUG flower 2021-04-08 09:53:37,551 | numpy_client.py:228 | read: ReadRes(clock=22)
DEBUG flower 2021-04-08 09:53:37,558 | numpy_client.py:172 | fit, FitIns(clock=24)
DEBUG flower 2021-04-08 09:53:37,558 | numpy_client.py:260 | cached_clock: 22, curr_clock: 24
INFO flower 2021-04-08 09:53:39,448 | numpy_client.py:205 | Cache is fresh, return FitRes(clock=24)
DEBUG flower 2021-04-08 09:53:46,542 | numpy_client.py:172 | fit, FitIns(clock=25)
DEBUG flower 2021-04-08 09:53:46,543 | numpy_client.py:260 | cached_clock: 22, curr_clock: 25
INFO flower 2021-04-08 09:53:46,543 | numpy_client.py:184 | Cache is stale, return ReadIns
DEBUG flower 2021-04-08 09:53:51,315 | numpy_client.py:228 | read: ReadRes(clock=23)
DEBUG flower 2021-04-08 09:53:51,323 | numpy_client.py:172 | fit, FitIns(clock=25)
DEBUG flower 2021-04-08 09:53:51,323 | numpy_client.py:260 | cached_clock: 23, curr_clock: 25
INFO flower 2021-04-08 09:53:53,151 | numpy_client.py:205 | Cache is fresh, return FitRes(clock=25)
DEBUG flower 2021-04-08 09:54:00,757 | numpy_client.py:172 | fit, FitIns(clock=26)
DEBUG flower 2021-04-08 09:54:00,757 | numpy_client.py:260 | cached_clock: 23, curr_clock: 26
INFO flower 2021-04-08 09:54:00,757 | numpy_client.py:184 | Cache is stale, return ReadIns
DEBUG flower 2021-04-08 09:54:05,432 | numpy_client.py:228 | read: ReadRes(clock=24)
DEBUG flower 2021-04-08 09:54:05,439 | numpy_client.py:172 | fit, FitIns(clock=26)
DEBUG flower 2021-04-08 09:54:05,439 | numpy_client.py:260 | cached_clock: 24, curr_clock: 26
INFO flower 2021-04-08 09:54:07,339 | numpy_client.py:205 | Cache is fresh, return FitRes(clock=26)
DEBUG flower 2021-04-08 09:54:15,276 | numpy_client.py:172 | fit, FitIns(clock=27)
DEBUG flower 2021-04-08 09:54:15,276 | numpy_client.py:260 | cached_clock: 24, curr_clock: 27
INFO flower 2021-04-08 09:54:15,276 | numpy_client.py:184 | Cache is stale, return ReadIns
DEBUG flower 2021-04-08 09:54:19,702 | numpy_client.py:228 | read: ReadRes(clock=25)
DEBUG flower 2021-04-08 09:54:19,709 | numpy_client.py:172 | fit, FitIns(clock=27)
DEBUG flower 2021-04-08 09:54:19,709 | numpy_client.py:260 | cached_clock: 25, curr_clock: 27
INFO flower 2021-04-08 09:54:21,610 | numpy_client.py:205 | Cache is fresh, return FitRes(clock=27)
DEBUG flower 2021-04-08 09:54:28,686 | numpy_client.py:172 | fit, FitIns(clock=28)
DEBUG flower 2021-04-08 09:54:28,686 | numpy_client.py:260 | cached_clock: 25, curr_clock: 28
INFO flower 2021-04-08 09:54:28,686 | numpy_client.py:184 | Cache is stale, return ReadIns
DEBUG flower 2021-04-08 09:54:33,806 | numpy_client.py:228 | read: ReadRes(clock=26)
DEBUG flower 2021-04-08 09:54:33,813 | numpy_client.py:172 | fit, FitIns(clock=28)
DEBUG flower 2021-04-08 09:54:33,813 | numpy_client.py:260 | cached_clock: 26, curr_clock: 28
INFO flower 2021-04-08 09:54:35,632 | numpy_client.py:205 | Cache is fresh, return FitRes(clock=28)
DEBUG flower 2021-04-08 09:54:42,995 | numpy_client.py:172 | fit, FitIns(clock=29)
DEBUG flower 2021-04-08 09:54:42,995 | numpy_client.py:260 | cached_clock: 26, curr_clock: 29
INFO flower 2021-04-08 09:54:42,995 | numpy_client.py:184 | Cache is stale, return ReadIns
DEBUG flower 2021-04-08 09:54:47,715 | numpy_client.py:228 | read: ReadRes(clock=27)
DEBUG flower 2021-04-08 09:54:47,723 | numpy_client.py:172 | fit, FitIns(clock=29)
DEBUG flower 2021-04-08 09:54:47,723 | numpy_client.py:260 | cached_clock: 27, curr_clock: 29
INFO flower 2021-04-08 09:54:49,632 | numpy_client.py:205 | Cache is fresh, return FitRes(clock=29)
DEBUG flower 2021-04-08 09:54:56,264 | numpy_client.py:172 | fit, FitIns(clock=30)
DEBUG flower 2021-04-08 09:54:56,264 | numpy_client.py:260 | cached_clock: 27, curr_clock: 30
INFO flower 2021-04-08 09:54:56,264 | numpy_client.py:184 | Cache is stale, return ReadIns
DEBUG flower 2021-04-08 09:55:00,808 | numpy_client.py:228 | read: ReadRes(clock=28)
DEBUG flower 2021-04-08 09:55:00,815 | numpy_client.py:172 | fit, FitIns(clock=30)
DEBUG flower 2021-04-08 09:55:00,815 | numpy_client.py:260 | cached_clock: 28, curr_clock: 30
INFO flower 2021-04-08 09:55:02,734 | numpy_client.py:205 | Cache is fresh, return FitRes(clock=30)
DEBUG flower 2021-04-08 09:55:09,879 | numpy_client.py:172 | fit, FitIns(clock=31)
DEBUG flower 2021-04-08 09:55:09,879 | numpy_client.py:260 | cached_clock: 28, curr_clock: 31
INFO flower 2021-04-08 09:55:09,879 | numpy_client.py:184 | Cache is stale, return ReadIns
DEBUG flower 2021-04-08 09:55:14,153 | numpy_client.py:228 | read: ReadRes(clock=29)
DEBUG flower 2021-04-08 09:55:14,159 | numpy_client.py:172 | fit, FitIns(clock=31)
DEBUG flower 2021-04-08 09:55:14,159 | numpy_client.py:260 | cached_clock: 29, curr_clock: 31
INFO flower 2021-04-08 09:55:16,115 | numpy_client.py:205 | Cache is fresh, return FitRes(clock=31)
DEBUG flower 2021-04-08 09:55:23,257 | numpy_client.py:172 | fit, FitIns(clock=32)
DEBUG flower 2021-04-08 09:55:23,257 | numpy_client.py:260 | cached_clock: 29, curr_clock: 32
INFO flower 2021-04-08 09:55:23,257 | numpy_client.py:184 | Cache is stale, return ReadIns
DEBUG flower 2021-04-08 09:55:27,912 | numpy_client.py:228 | read: ReadRes(clock=30)
DEBUG flower 2021-04-08 09:55:27,920 | numpy_client.py:172 | fit, FitIns(clock=32)
DEBUG flower 2021-04-08 09:55:27,920 | numpy_client.py:260 | cached_clock: 30, curr_clock: 32
INFO flower 2021-04-08 09:55:29,814 | numpy_client.py:205 | Cache is fresh, return FitRes(clock=32)
DEBUG flower 2021-04-08 09:55:37,062 | numpy_client.py:172 | fit, FitIns(clock=33)
DEBUG flower 2021-04-08 09:55:37,062 | numpy_client.py:260 | cached_clock: 30, curr_clock: 33
INFO flower 2021-04-08 09:55:37,062 | numpy_client.py:184 | Cache is stale, return ReadIns
DEBUG flower 2021-04-08 09:55:41,535 | numpy_client.py:228 | read: ReadRes(clock=31)
DEBUG flower 2021-04-08 09:55:41,542 | numpy_client.py:172 | fit, FitIns(clock=33)
DEBUG flower 2021-04-08 09:55:41,542 | numpy_client.py:260 | cached_clock: 31, curr_clock: 33
INFO flower 2021-04-08 09:55:43,413 | numpy_client.py:205 | Cache is fresh, return FitRes(clock=33)
DEBUG flower 2021-04-08 09:55:50,403 | numpy_client.py:172 | fit, FitIns(clock=34)
DEBUG flower 2021-04-08 09:55:50,403 | numpy_client.py:260 | cached_clock: 31, curr_clock: 34
INFO flower 2021-04-08 09:55:50,403 | numpy_client.py:184 | Cache is stale, return ReadIns
DEBUG flower 2021-04-08 09:55:55,518 | numpy_client.py:228 | read: ReadRes(clock=32)
DEBUG flower 2021-04-08 09:55:55,525 | numpy_client.py:172 | fit, FitIns(clock=34)
DEBUG flower 2021-04-08 09:55:55,525 | numpy_client.py:260 | cached_clock: 32, curr_clock: 34
INFO flower 2021-04-08 09:55:57,343 | numpy_client.py:205 | Cache is fresh, return FitRes(clock=34)
DEBUG flower 2021-04-08 09:56:04,324 | numpy_client.py:172 | fit, FitIns(clock=35)
DEBUG flower 2021-04-08 09:56:04,325 | numpy_client.py:260 | cached_clock: 32, curr_clock: 35
INFO flower 2021-04-08 09:56:04,325 | numpy_client.py:184 | Cache is stale, return ReadIns
DEBUG flower 2021-04-08 09:56:08,686 | numpy_client.py:228 | read: ReadRes(clock=33)
DEBUG flower 2021-04-08 09:56:08,693 | numpy_client.py:172 | fit, FitIns(clock=35)
DEBUG flower 2021-04-08 09:56:08,693 | numpy_client.py:260 | cached_clock: 33, curr_clock: 35
INFO flower 2021-04-08 09:56:10,605 | numpy_client.py:205 | Cache is fresh, return FitRes(clock=35)
DEBUG flower 2021-04-08 09:56:17,945 | numpy_client.py:172 | fit, FitIns(clock=36)
DEBUG flower 2021-04-08 09:56:17,946 | numpy_client.py:260 | cached_clock: 33, curr_clock: 36
INFO flower 2021-04-08 09:56:17,946 | numpy_client.py:184 | Cache is stale, return ReadIns
DEBUG flower 2021-04-08 09:56:22,516 | numpy_client.py:228 | read: ReadRes(clock=34)
DEBUG flower 2021-04-08 09:56:22,523 | numpy_client.py:172 | fit, FitIns(clock=36)
DEBUG flower 2021-04-08 09:56:22,523 | numpy_client.py:260 | cached_clock: 34, curr_clock: 36
INFO flower 2021-04-08 09:56:24,530 | numpy_client.py:205 | Cache is fresh, return FitRes(clock=36)
DEBUG flower 2021-04-08 09:56:31,456 | numpy_client.py:172 | fit, FitIns(clock=37)
DEBUG flower 2021-04-08 09:56:31,456 | numpy_client.py:260 | cached_clock: 34, curr_clock: 37
INFO flower 2021-04-08 09:56:31,456 | numpy_client.py:184 | Cache is stale, return ReadIns
DEBUG flower 2021-04-08 09:56:36,095 | numpy_client.py:228 | read: ReadRes(clock=35)
DEBUG flower 2021-04-08 09:56:36,102 | numpy_client.py:172 | fit, FitIns(clock=37)
DEBUG flower 2021-04-08 09:56:36,102 | numpy_client.py:260 | cached_clock: 35, curr_clock: 37
INFO flower 2021-04-08 09:56:37,954 | numpy_client.py:205 | Cache is fresh, return FitRes(clock=37)
DEBUG flower 2021-04-08 09:56:46,356 | numpy_client.py:172 | fit, FitIns(clock=38)
DEBUG flower 2021-04-08 09:56:46,356 | numpy_client.py:260 | cached_clock: 35, curr_clock: 38
INFO flower 2021-04-08 09:56:46,356 | numpy_client.py:184 | Cache is stale, return ReadIns
DEBUG flower 2021-04-08 09:56:50,988 | numpy_client.py:228 | read: ReadRes(clock=36)
DEBUG flower 2021-04-08 09:56:50,995 | numpy_client.py:172 | fit, FitIns(clock=38)
DEBUG flower 2021-04-08 09:56:50,995 | numpy_client.py:260 | cached_clock: 36, curr_clock: 38
INFO flower 2021-04-08 09:56:52,905 | numpy_client.py:205 | Cache is fresh, return FitRes(clock=38)
DEBUG flower 2021-04-08 09:57:00,616 | numpy_client.py:172 | fit, FitIns(clock=39)
DEBUG flower 2021-04-08 09:57:00,616 | numpy_client.py:260 | cached_clock: 36, curr_clock: 39
INFO flower 2021-04-08 09:57:00,616 | numpy_client.py:184 | Cache is stale, return ReadIns
DEBUG flower 2021-04-08 09:57:05,269 | numpy_client.py:228 | read: ReadRes(clock=37)
DEBUG flower 2021-04-08 09:57:05,276 | numpy_client.py:172 | fit, FitIns(clock=39)
DEBUG flower 2021-04-08 09:57:05,277 | numpy_client.py:260 | cached_clock: 37, curr_clock: 39
INFO flower 2021-04-08 09:57:07,220 | numpy_client.py:205 | Cache is fresh, return FitRes(clock=39)
DEBUG flower 2021-04-08 09:57:14,343 | numpy_client.py:172 | fit, FitIns(clock=40)
DEBUG flower 2021-04-08 09:57:14,343 | numpy_client.py:260 | cached_clock: 37, curr_clock: 40
INFO flower 2021-04-08 09:57:14,343 | numpy_client.py:184 | Cache is stale, return ReadIns
DEBUG flower 2021-04-08 09:57:19,238 | numpy_client.py:228 | read: ReadRes(clock=38)
DEBUG flower 2021-04-08 09:57:19,245 | numpy_client.py:172 | fit, FitIns(clock=40)
DEBUG flower 2021-04-08 09:57:19,245 | numpy_client.py:260 | cached_clock: 38, curr_clock: 40
INFO flower 2021-04-08 09:57:21,205 | numpy_client.py:205 | Cache is fresh, return FitRes(clock=40)
DEBUG flower 2021-04-08 09:57:28,411 | numpy_client.py:172 | fit, FitIns(clock=41)
DEBUG flower 2021-04-08 09:57:28,412 | numpy_client.py:260 | cached_clock: 38, curr_clock: 41
INFO flower 2021-04-08 09:57:28,412 | numpy_client.py:184 | Cache is stale, return ReadIns
DEBUG flower 2021-04-08 09:57:33,226 | numpy_client.py:228 | read: ReadRes(clock=39)
DEBUG flower 2021-04-08 09:57:33,233 | numpy_client.py:172 | fit, FitIns(clock=41)
DEBUG flower 2021-04-08 09:57:33,233 | numpy_client.py:260 | cached_clock: 39, curr_clock: 41
INFO flower 2021-04-08 09:57:35,212 | numpy_client.py:205 | Cache is fresh, return FitRes(clock=41)
DEBUG flower 2021-04-08 09:57:42,072 | numpy_client.py:172 | fit, FitIns(clock=42)
DEBUG flower 2021-04-08 09:57:42,073 | numpy_client.py:260 | cached_clock: 39, curr_clock: 42
INFO flower 2021-04-08 09:57:42,073 | numpy_client.py:184 | Cache is stale, return ReadIns
DEBUG flower 2021-04-08 09:57:46,934 | numpy_client.py:228 | read: ReadRes(clock=40)
DEBUG flower 2021-04-08 09:57:46,941 | numpy_client.py:172 | fit, FitIns(clock=42)
DEBUG flower 2021-04-08 09:57:46,941 | numpy_client.py:260 | cached_clock: 40, curr_clock: 42
INFO flower 2021-04-08 09:57:48,821 | numpy_client.py:205 | Cache is fresh, return FitRes(clock=42)
DEBUG flower 2021-04-08 09:57:56,146 | numpy_client.py:172 | fit, FitIns(clock=43)
DEBUG flower 2021-04-08 09:57:56,146 | numpy_client.py:260 | cached_clock: 40, curr_clock: 43
INFO flower 2021-04-08 09:57:56,146 | numpy_client.py:184 | Cache is stale, return ReadIns
DEBUG flower 2021-04-08 09:58:00,739 | numpy_client.py:228 | read: ReadRes(clock=41)
DEBUG flower 2021-04-08 09:58:00,746 | numpy_client.py:172 | fit, FitIns(clock=43)
DEBUG flower 2021-04-08 09:58:00,747 | numpy_client.py:260 | cached_clock: 41, curr_clock: 43
INFO flower 2021-04-08 09:58:02,564 | numpy_client.py:205 | Cache is fresh, return FitRes(clock=43)
DEBUG flower 2021-04-08 09:58:09,734 | numpy_client.py:172 | fit, FitIns(clock=44)
DEBUG flower 2021-04-08 09:58:09,735 | numpy_client.py:260 | cached_clock: 41, curr_clock: 44
INFO flower 2021-04-08 09:58:09,735 | numpy_client.py:184 | Cache is stale, return ReadIns
DEBUG flower 2021-04-08 09:58:14,528 | numpy_client.py:228 | read: ReadRes(clock=42)
DEBUG flower 2021-04-08 09:58:14,535 | numpy_client.py:172 | fit, FitIns(clock=44)
DEBUG flower 2021-04-08 09:58:14,536 | numpy_client.py:260 | cached_clock: 42, curr_clock: 44
INFO flower 2021-04-08 09:58:16,428 | numpy_client.py:205 | Cache is fresh, return FitRes(clock=44)
DEBUG flower 2021-04-08 09:58:23,557 | numpy_client.py:172 | fit, FitIns(clock=45)
DEBUG flower 2021-04-08 09:58:23,557 | numpy_client.py:260 | cached_clock: 42, curr_clock: 45
INFO flower 2021-04-08 09:58:23,557 | numpy_client.py:184 | Cache is stale, return ReadIns
DEBUG flower 2021-04-08 09:58:28,196 | numpy_client.py:228 | read: ReadRes(clock=43)
DEBUG flower 2021-04-08 09:58:28,203 | numpy_client.py:172 | fit, FitIns(clock=45)
DEBUG flower 2021-04-08 09:58:28,203 | numpy_client.py:260 | cached_clock: 43, curr_clock: 45
INFO flower 2021-04-08 09:58:30,035 | numpy_client.py:205 | Cache is fresh, return FitRes(clock=45)
DEBUG flower 2021-04-08 09:58:37,340 | numpy_client.py:172 | fit, FitIns(clock=46)
DEBUG flower 2021-04-08 09:58:37,341 | numpy_client.py:260 | cached_clock: 43, curr_clock: 46
INFO flower 2021-04-08 09:58:37,341 | numpy_client.py:184 | Cache is stale, return ReadIns
DEBUG flower 2021-04-08 09:58:42,424 | numpy_client.py:228 | read: ReadRes(clock=44)
DEBUG flower 2021-04-08 09:58:42,431 | numpy_client.py:172 | fit, FitIns(clock=46)
DEBUG flower 2021-04-08 09:58:42,432 | numpy_client.py:260 | cached_clock: 44, curr_clock: 46
INFO flower 2021-04-08 09:58:44,335 | numpy_client.py:205 | Cache is fresh, return FitRes(clock=46)
DEBUG flower 2021-04-08 09:58:52,014 | numpy_client.py:172 | fit, FitIns(clock=47)
DEBUG flower 2021-04-08 09:58:52,014 | numpy_client.py:260 | cached_clock: 44, curr_clock: 47
INFO flower 2021-04-08 09:58:52,014 | numpy_client.py:184 | Cache is stale, return ReadIns
DEBUG flower 2021-04-08 09:58:56,929 | numpy_client.py:228 | read: ReadRes(clock=45)
DEBUG flower 2021-04-08 09:58:56,936 | numpy_client.py:172 | fit, FitIns(clock=47)
DEBUG flower 2021-04-08 09:58:56,936 | numpy_client.py:260 | cached_clock: 45, curr_clock: 47
INFO flower 2021-04-08 09:58:58,910 | numpy_client.py:205 | Cache is fresh, return FitRes(clock=47)
DEBUG flower 2021-04-08 09:59:06,185 | numpy_client.py:172 | fit, FitIns(clock=48)
DEBUG flower 2021-04-08 09:59:06,185 | numpy_client.py:260 | cached_clock: 45, curr_clock: 48
INFO flower 2021-04-08 09:59:06,186 | numpy_client.py:184 | Cache is stale, return ReadIns
DEBUG flower 2021-04-08 09:59:10,790 | numpy_client.py:228 | read: ReadRes(clock=46)
DEBUG flower 2021-04-08 09:59:10,798 | numpy_client.py:172 | fit, FitIns(clock=48)
DEBUG flower 2021-04-08 09:59:10,798 | numpy_client.py:260 | cached_clock: 46, curr_clock: 48
INFO flower 2021-04-08 09:59:12,730 | numpy_client.py:205 | Cache is fresh, return FitRes(clock=48)
DEBUG flower 2021-04-08 09:59:19,749 | numpy_client.py:172 | fit, FitIns(clock=49)
DEBUG flower 2021-04-08 09:59:19,749 | numpy_client.py:260 | cached_clock: 46, curr_clock: 49
INFO flower 2021-04-08 09:59:19,749 | numpy_client.py:184 | Cache is stale, return ReadIns
DEBUG flower 2021-04-08 09:59:24,320 | numpy_client.py:228 | read: ReadRes(clock=47)
DEBUG flower 2021-04-08 09:59:24,327 | numpy_client.py:172 | fit, FitIns(clock=49)
DEBUG flower 2021-04-08 09:59:24,327 | numpy_client.py:260 | cached_clock: 47, curr_clock: 49
INFO flower 2021-04-08 09:59:26,241 | numpy_client.py:205 | Cache is fresh, return FitRes(clock=49)
DEBUG flower 2021-04-08 09:59:33,333 | numpy_client.py:172 | fit, FitIns(clock=50)
DEBUG flower 2021-04-08 09:59:33,333 | numpy_client.py:260 | cached_clock: 47, curr_clock: 50
INFO flower 2021-04-08 09:59:33,333 | numpy_client.py:184 | Cache is stale, return ReadIns
DEBUG flower 2021-04-08 09:59:38,120 | numpy_client.py:228 | read: ReadRes(clock=48)
DEBUG flower 2021-04-08 09:59:38,127 | numpy_client.py:172 | fit, FitIns(clock=50)
DEBUG flower 2021-04-08 09:59:38,127 | numpy_client.py:260 | cached_clock: 48, curr_clock: 50
INFO flower 2021-04-08 09:59:40,031 | numpy_client.py:205 | Cache is fresh, return FitRes(clock=50)
DEBUG flower 2021-04-08 09:59:47,136 | numpy_client.py:172 | fit, FitIns(clock=51)
DEBUG flower 2021-04-08 09:59:47,136 | numpy_client.py:260 | cached_clock: 48, curr_clock: 51
INFO flower 2021-04-08 09:59:47,136 | numpy_client.py:184 | Cache is stale, return ReadIns
DEBUG flower 2021-04-08 09:59:51,806 | numpy_client.py:228 | read: ReadRes(clock=49)
DEBUG flower 2021-04-08 09:59:51,813 | numpy_client.py:172 | fit, FitIns(clock=51)
DEBUG flower 2021-04-08 09:59:51,813 | numpy_client.py:260 | cached_clock: 49, curr_clock: 51
INFO flower 2021-04-08 09:59:53,807 | numpy_client.py:205 | Cache is fresh, return FitRes(clock=51)
DEBUG flower 2021-04-08 10:00:00,766 | numpy_client.py:172 | fit, FitIns(clock=52)
DEBUG flower 2021-04-08 10:00:00,766 | numpy_client.py:260 | cached_clock: 49, curr_clock: 52
INFO flower 2021-04-08 10:00:00,766 | numpy_client.py:184 | Cache is stale, return ReadIns
DEBUG flower 2021-04-08 10:00:05,184 | numpy_client.py:228 | read: ReadRes(clock=50)
DEBUG flower 2021-04-08 10:00:05,191 | numpy_client.py:172 | fit, FitIns(clock=52)
DEBUG flower 2021-04-08 10:00:05,191 | numpy_client.py:260 | cached_clock: 50, curr_clock: 52
INFO flower 2021-04-08 10:00:07,235 | numpy_client.py:205 | Cache is fresh, return FitRes(clock=52)
DEBUG flower 2021-04-08 10:00:14,212 | numpy_client.py:172 | fit, FitIns(clock=53)
DEBUG flower 2021-04-08 10:00:14,213 | numpy_client.py:260 | cached_clock: 50, curr_clock: 53
INFO flower 2021-04-08 10:00:14,213 | numpy_client.py:184 | Cache is stale, return ReadIns
DEBUG flower 2021-04-08 10:00:18,634 | numpy_client.py:228 | read: ReadRes(clock=51)
DEBUG flower 2021-04-08 10:00:18,641 | numpy_client.py:172 | fit, FitIns(clock=53)
DEBUG flower 2021-04-08 10:00:18,641 | numpy_client.py:260 | cached_clock: 51, curr_clock: 53
INFO flower 2021-04-08 10:00:20,508 | numpy_client.py:205 | Cache is fresh, return FitRes(clock=53)
DEBUG flower 2021-04-08 10:00:27,412 | numpy_client.py:172 | fit, FitIns(clock=54)
DEBUG flower 2021-04-08 10:00:27,412 | numpy_client.py:260 | cached_clock: 51, curr_clock: 54
INFO flower 2021-04-08 10:00:27,412 | numpy_client.py:184 | Cache is stale, return ReadIns
DEBUG flower 2021-04-08 10:00:32,206 | numpy_client.py:228 | read: ReadRes(clock=52)
DEBUG flower 2021-04-08 10:00:32,213 | numpy_client.py:172 | fit, FitIns(clock=54)
DEBUG flower 2021-04-08 10:00:32,213 | numpy_client.py:260 | cached_clock: 52, curr_clock: 54
INFO flower 2021-04-08 10:00:34,032 | numpy_client.py:205 | Cache is fresh, return FitRes(clock=54)
DEBUG flower 2021-04-08 10:00:41,213 | numpy_client.py:172 | fit, FitIns(clock=55)
DEBUG flower 2021-04-08 10:00:41,213 | numpy_client.py:260 | cached_clock: 52, curr_clock: 55
INFO flower 2021-04-08 10:00:41,213 | numpy_client.py:184 | Cache is stale, return ReadIns
DEBUG flower 2021-04-08 10:00:45,763 | numpy_client.py:228 | read: ReadRes(clock=53)
DEBUG flower 2021-04-08 10:00:45,771 | numpy_client.py:172 | fit, FitIns(clock=55)
DEBUG flower 2021-04-08 10:00:45,771 | numpy_client.py:260 | cached_clock: 53, curr_clock: 55
INFO flower 2021-04-08 10:00:47,809 | numpy_client.py:205 | Cache is fresh, return FitRes(clock=55)
DEBUG flower 2021-04-08 10:00:54,802 | numpy_client.py:172 | fit, FitIns(clock=56)
DEBUG flower 2021-04-08 10:00:54,802 | numpy_client.py:260 | cached_clock: 53, curr_clock: 56
INFO flower 2021-04-08 10:00:54,802 | numpy_client.py:184 | Cache is stale, return ReadIns
DEBUG flower 2021-04-08 10:00:59,606 | numpy_client.py:228 | read: ReadRes(clock=54)
DEBUG flower 2021-04-08 10:00:59,613 | numpy_client.py:172 | fit, FitIns(clock=56)
DEBUG flower 2021-04-08 10:00:59,613 | numpy_client.py:260 | cached_clock: 54, curr_clock: 56
INFO flower 2021-04-08 10:01:01,510 | numpy_client.py:205 | Cache is fresh, return FitRes(clock=56)
DEBUG flower 2021-04-08 10:01:08,535 | numpy_client.py:172 | fit, FitIns(clock=57)
DEBUG flower 2021-04-08 10:01:08,535 | numpy_client.py:260 | cached_clock: 54, curr_clock: 57
INFO flower 2021-04-08 10:01:08,536 | numpy_client.py:184 | Cache is stale, return ReadIns
DEBUG flower 2021-04-08 10:01:13,481 | numpy_client.py:228 | read: ReadRes(clock=55)
DEBUG flower 2021-04-08 10:01:13,488 | numpy_client.py:172 | fit, FitIns(clock=57)
DEBUG flower 2021-04-08 10:01:13,488 | numpy_client.py:260 | cached_clock: 55, curr_clock: 57
INFO flower 2021-04-08 10:01:15,432 | numpy_client.py:205 | Cache is fresh, return FitRes(clock=57)
DEBUG flower 2021-04-08 10:01:22,428 | numpy_client.py:172 | fit, FitIns(clock=58)
DEBUG flower 2021-04-08 10:01:22,428 | numpy_client.py:260 | cached_clock: 55, curr_clock: 58
INFO flower 2021-04-08 10:01:22,428 | numpy_client.py:184 | Cache is stale, return ReadIns
DEBUG flower 2021-04-08 10:01:27,074 | numpy_client.py:228 | read: ReadRes(clock=56)
DEBUG flower 2021-04-08 10:01:27,081 | numpy_client.py:172 | fit, FitIns(clock=58)
DEBUG flower 2021-04-08 10:01:27,081 | numpy_client.py:260 | cached_clock: 56, curr_clock: 58
INFO flower 2021-04-08 10:01:28,932 | numpy_client.py:205 | Cache is fresh, return FitRes(clock=58)
DEBUG flower 2021-04-08 10:01:36,136 | numpy_client.py:172 | fit, FitIns(clock=59)
DEBUG flower 2021-04-08 10:01:36,136 | numpy_client.py:260 | cached_clock: 56, curr_clock: 59
INFO flower 2021-04-08 10:01:36,136 | numpy_client.py:184 | Cache is stale, return ReadIns
DEBUG flower 2021-04-08 10:01:40,911 | numpy_client.py:228 | read: ReadRes(clock=57)
DEBUG flower 2021-04-08 10:01:40,918 | numpy_client.py:172 | fit, FitIns(clock=59)
DEBUG flower 2021-04-08 10:01:40,919 | numpy_client.py:260 | cached_clock: 57, curr_clock: 59
INFO flower 2021-04-08 10:01:42,752 | numpy_client.py:205 | Cache is fresh, return FitRes(clock=59)
DEBUG flower 2021-04-08 10:01:50,011 | numpy_client.py:172 | fit, FitIns(clock=60)
DEBUG flower 2021-04-08 10:01:50,012 | numpy_client.py:260 | cached_clock: 57, curr_clock: 60
INFO flower 2021-04-08 10:01:50,012 | numpy_client.py:184 | Cache is stale, return ReadIns
DEBUG flower 2021-04-08 10:01:54,491 | numpy_client.py:228 | read: ReadRes(clock=58)
DEBUG flower 2021-04-08 10:01:54,498 | numpy_client.py:172 | fit, FitIns(clock=60)
DEBUG flower 2021-04-08 10:01:54,498 | numpy_client.py:260 | cached_clock: 58, curr_clock: 60
INFO flower 2021-04-08 10:01:56,434 | numpy_client.py:205 | Cache is fresh, return FitRes(clock=60)
DEBUG flower 2021-04-08 10:02:03,473 | numpy_client.py:172 | fit, FitIns(clock=61)
DEBUG flower 2021-04-08 10:02:03,473 | numpy_client.py:260 | cached_clock: 58, curr_clock: 61
INFO flower 2021-04-08 10:02:03,473 | numpy_client.py:184 | Cache is stale, return ReadIns
DEBUG flower 2021-04-08 10:02:08,117 | numpy_client.py:228 | read: ReadRes(clock=59)
DEBUG flower 2021-04-08 10:02:08,124 | numpy_client.py:172 | fit, FitIns(clock=61)
DEBUG flower 2021-04-08 10:02:08,124 | numpy_client.py:260 | cached_clock: 59, curr_clock: 61
INFO flower 2021-04-08 10:02:10,024 | numpy_client.py:205 | Cache is fresh, return FitRes(clock=61)
DEBUG flower 2021-04-08 10:02:18,255 | numpy_client.py:172 | fit, FitIns(clock=62)
DEBUG flower 2021-04-08 10:02:18,256 | numpy_client.py:260 | cached_clock: 59, curr_clock: 62
INFO flower 2021-04-08 10:02:18,256 | numpy_client.py:184 | Cache is stale, return ReadIns
DEBUG flower 2021-04-08 10:02:23,182 | numpy_client.py:228 | read: ReadRes(clock=60)
DEBUG flower 2021-04-08 10:02:23,189 | numpy_client.py:172 | fit, FitIns(clock=62)
DEBUG flower 2021-04-08 10:02:23,189 | numpy_client.py:260 | cached_clock: 60, curr_clock: 62
INFO flower 2021-04-08 10:02:25,129 | numpy_client.py:205 | Cache is fresh, return FitRes(clock=62)
DEBUG flower 2021-04-08 10:02:32,652 | numpy_client.py:172 | fit, FitIns(clock=63)
DEBUG flower 2021-04-08 10:02:32,652 | numpy_client.py:260 | cached_clock: 60, curr_clock: 63
INFO flower 2021-04-08 10:02:32,652 | numpy_client.py:184 | Cache is stale, return ReadIns
DEBUG flower 2021-04-08 10:02:37,449 | numpy_client.py:228 | read: ReadRes(clock=61)
DEBUG flower 2021-04-08 10:02:37,456 | numpy_client.py:172 | fit, FitIns(clock=63)
DEBUG flower 2021-04-08 10:02:37,456 | numpy_client.py:260 | cached_clock: 61, curr_clock: 63
INFO flower 2021-04-08 10:02:39,415 | numpy_client.py:205 | Cache is fresh, return FitRes(clock=63)
DEBUG flower 2021-04-08 10:02:46,111 | numpy_client.py:172 | fit, FitIns(clock=64)
DEBUG flower 2021-04-08 10:02:46,111 | numpy_client.py:260 | cached_clock: 61, curr_clock: 64
INFO flower 2021-04-08 10:02:46,111 | numpy_client.py:184 | Cache is stale, return ReadIns
DEBUG flower 2021-04-08 10:02:50,726 | numpy_client.py:228 | read: ReadRes(clock=62)
DEBUG flower 2021-04-08 10:02:50,733 | numpy_client.py:172 | fit, FitIns(clock=64)
DEBUG flower 2021-04-08 10:02:50,733 | numpy_client.py:260 | cached_clock: 62, curr_clock: 64
INFO flower 2021-04-08 10:02:52,734 | numpy_client.py:205 | Cache is fresh, return FitRes(clock=64)
DEBUG flower 2021-04-08 10:02:59,483 | numpy_client.py:172 | fit, FitIns(clock=65)
DEBUG flower 2021-04-08 10:02:59,484 | numpy_client.py:260 | cached_clock: 62, curr_clock: 65
INFO flower 2021-04-08 10:02:59,484 | numpy_client.py:184 | Cache is stale, return ReadIns
DEBUG flower 2021-04-08 10:03:04,152 | numpy_client.py:228 | read: ReadRes(clock=63)
DEBUG flower 2021-04-08 10:03:04,160 | numpy_client.py:172 | fit, FitIns(clock=65)
DEBUG flower 2021-04-08 10:03:04,160 | numpy_client.py:260 | cached_clock: 63, curr_clock: 65
INFO flower 2021-04-08 10:03:06,113 | numpy_client.py:205 | Cache is fresh, return FitRes(clock=65)
DEBUG flower 2021-04-08 10:03:13,065 | numpy_client.py:172 | fit, FitIns(clock=66)
DEBUG flower 2021-04-08 10:03:13,066 | numpy_client.py:260 | cached_clock: 63, curr_clock: 66
INFO flower 2021-04-08 10:03:13,066 | numpy_client.py:184 | Cache is stale, return ReadIns
DEBUG flower 2021-04-08 10:03:18,129 | numpy_client.py:228 | read: ReadRes(clock=64)
DEBUG flower 2021-04-08 10:03:18,136 | numpy_client.py:172 | fit, FitIns(clock=66)
DEBUG flower 2021-04-08 10:03:18,137 | numpy_client.py:260 | cached_clock: 64, curr_clock: 66
INFO flower 2021-04-08 10:03:20,013 | numpy_client.py:205 | Cache is fresh, return FitRes(clock=66)
DEBUG flower 2021-04-08 10:03:26,489 | numpy_client.py:172 | fit, FitIns(clock=67)
DEBUG flower 2021-04-08 10:03:26,490 | numpy_client.py:260 | cached_clock: 64, curr_clock: 67
INFO flower 2021-04-08 10:03:26,490 | numpy_client.py:184 | Cache is stale, return ReadIns
DEBUG flower 2021-04-08 10:03:31,040 | numpy_client.py:228 | read: ReadRes(clock=65)
DEBUG flower 2021-04-08 10:03:31,047 | numpy_client.py:172 | fit, FitIns(clock=67)
DEBUG flower 2021-04-08 10:03:31,047 | numpy_client.py:260 | cached_clock: 65, curr_clock: 67
INFO flower 2021-04-08 10:03:32,930 | numpy_client.py:205 | Cache is fresh, return FitRes(clock=67)
DEBUG flower 2021-04-08 10:03:40,188 | numpy_client.py:172 | fit, FitIns(clock=68)
DEBUG flower 2021-04-08 10:03:40,188 | numpy_client.py:260 | cached_clock: 65, curr_clock: 68
INFO flower 2021-04-08 10:03:40,188 | numpy_client.py:184 | Cache is stale, return ReadIns
DEBUG flower 2021-04-08 10:03:44,823 | numpy_client.py:228 | read: ReadRes(clock=66)
DEBUG flower 2021-04-08 10:03:44,830 | numpy_client.py:172 | fit, FitIns(clock=68)
DEBUG flower 2021-04-08 10:03:44,830 | numpy_client.py:260 | cached_clock: 66, curr_clock: 68
INFO flower 2021-04-08 10:03:46,711 | numpy_client.py:205 | Cache is fresh, return FitRes(clock=68)
DEBUG flower 2021-04-08 10:03:53,882 | numpy_client.py:172 | fit, FitIns(clock=69)
DEBUG flower 2021-04-08 10:03:53,882 | numpy_client.py:260 | cached_clock: 66, curr_clock: 69
INFO flower 2021-04-08 10:03:53,883 | numpy_client.py:184 | Cache is stale, return ReadIns
DEBUG flower 2021-04-08 10:03:58,456 | numpy_client.py:228 | read: ReadRes(clock=67)
DEBUG flower 2021-04-08 10:03:58,463 | numpy_client.py:172 | fit, FitIns(clock=69)
DEBUG flower 2021-04-08 10:03:58,463 | numpy_client.py:260 | cached_clock: 67, curr_clock: 69
INFO flower 2021-04-08 10:04:00,416 | numpy_client.py:205 | Cache is fresh, return FitRes(clock=69)
DEBUG flower 2021-04-08 10:04:07,274 | numpy_client.py:172 | fit, FitIns(clock=70)
DEBUG flower 2021-04-08 10:04:07,274 | numpy_client.py:260 | cached_clock: 67, curr_clock: 70
INFO flower 2021-04-08 10:04:07,274 | numpy_client.py:184 | Cache is stale, return ReadIns
DEBUG flower 2021-04-08 10:04:11,813 | numpy_client.py:228 | read: ReadRes(clock=68)
DEBUG flower 2021-04-08 10:04:11,820 | numpy_client.py:172 | fit, FitIns(clock=70)
DEBUG flower 2021-04-08 10:04:11,820 | numpy_client.py:260 | cached_clock: 68, curr_clock: 70
INFO flower 2021-04-08 10:04:13,713 | numpy_client.py:205 | Cache is fresh, return FitRes(clock=70)
DEBUG flower 2021-04-08 10:04:20,788 | numpy_client.py:172 | fit, FitIns(clock=71)
DEBUG flower 2021-04-08 10:04:20,788 | numpy_client.py:260 | cached_clock: 68, curr_clock: 71
INFO flower 2021-04-08 10:04:20,788 | numpy_client.py:184 | Cache is stale, return ReadIns
DEBUG flower 2021-04-08 10:04:25,170 | numpy_client.py:228 | read: ReadRes(clock=69)
DEBUG flower 2021-04-08 10:04:25,177 | numpy_client.py:172 | fit, FitIns(clock=71)
DEBUG flower 2021-04-08 10:04:25,178 | numpy_client.py:260 | cached_clock: 69, curr_clock: 71
INFO flower 2021-04-08 10:04:27,134 | numpy_client.py:205 | Cache is fresh, return FitRes(clock=71)
DEBUG flower 2021-04-08 10:04:33,976 | numpy_client.py:172 | fit, FitIns(clock=72)
DEBUG flower 2021-04-08 10:04:33,976 | numpy_client.py:260 | cached_clock: 69, curr_clock: 72
INFO flower 2021-04-08 10:04:33,976 | numpy_client.py:184 | Cache is stale, return ReadIns
DEBUG flower 2021-04-08 10:04:38,623 | numpy_client.py:228 | read: ReadRes(clock=70)
DEBUG flower 2021-04-08 10:04:38,630 | numpy_client.py:172 | fit, FitIns(clock=72)
DEBUG flower 2021-04-08 10:04:38,630 | numpy_client.py:260 | cached_clock: 70, curr_clock: 72
INFO flower 2021-04-08 10:04:40,612 | numpy_client.py:205 | Cache is fresh, return FitRes(clock=72)
DEBUG flower 2021-04-08 10:04:47,537 | numpy_client.py:172 | fit, FitIns(clock=73)
DEBUG flower 2021-04-08 10:04:47,538 | numpy_client.py:260 | cached_clock: 70, curr_clock: 73
INFO flower 2021-04-08 10:04:47,538 | numpy_client.py:184 | Cache is stale, return ReadIns
DEBUG flower 2021-04-08 10:04:51,814 | numpy_client.py:228 | read: ReadRes(clock=71)
DEBUG flower 2021-04-08 10:04:51,822 | numpy_client.py:172 | fit, FitIns(clock=73)
DEBUG flower 2021-04-08 10:04:51,822 | numpy_client.py:260 | cached_clock: 71, curr_clock: 73
INFO flower 2021-04-08 10:04:53,735 | numpy_client.py:205 | Cache is fresh, return FitRes(clock=73)
DEBUG flower 2021-04-08 10:05:00,583 | numpy_client.py:172 | fit, FitIns(clock=74)
DEBUG flower 2021-04-08 10:05:00,583 | numpy_client.py:260 | cached_clock: 71, curr_clock: 74
INFO flower 2021-04-08 10:05:00,584 | numpy_client.py:184 | Cache is stale, return ReadIns
DEBUG flower 2021-04-08 10:05:05,039 | numpy_client.py:228 | read: ReadRes(clock=72)
DEBUG flower 2021-04-08 10:05:05,046 | numpy_client.py:172 | fit, FitIns(clock=74)
DEBUG flower 2021-04-08 10:05:05,046 | numpy_client.py:260 | cached_clock: 72, curr_clock: 74
INFO flower 2021-04-08 10:05:07,115 | numpy_client.py:205 | Cache is fresh, return FitRes(clock=74)
DEBUG flower 2021-04-08 10:05:14,345 | numpy_client.py:172 | fit, FitIns(clock=75)
DEBUG flower 2021-04-08 10:05:14,346 | numpy_client.py:260 | cached_clock: 72, curr_clock: 75
INFO flower 2021-04-08 10:05:14,346 | numpy_client.py:184 | Cache is stale, return ReadIns
DEBUG flower 2021-04-08 10:05:18,829 | numpy_client.py:228 | read: ReadRes(clock=73)
DEBUG flower 2021-04-08 10:05:18,836 | numpy_client.py:172 | fit, FitIns(clock=75)
DEBUG flower 2021-04-08 10:05:18,836 | numpy_client.py:260 | cached_clock: 73, curr_clock: 75
INFO flower 2021-04-08 10:05:20,733 | numpy_client.py:205 | Cache is fresh, return FitRes(clock=75)
DEBUG flower 2021-04-08 10:05:27,773 | numpy_client.py:172 | fit, FitIns(clock=76)
DEBUG flower 2021-04-08 10:05:27,773 | numpy_client.py:260 | cached_clock: 73, curr_clock: 76
INFO flower 2021-04-08 10:05:27,774 | numpy_client.py:184 | Cache is stale, return ReadIns
DEBUG flower 2021-04-08 10:05:32,522 | numpy_client.py:228 | read: ReadRes(clock=74)
DEBUG flower 2021-04-08 10:05:32,529 | numpy_client.py:172 | fit, FitIns(clock=76)
DEBUG flower 2021-04-08 10:05:32,529 | numpy_client.py:260 | cached_clock: 74, curr_clock: 76
INFO flower 2021-04-08 10:05:34,436 | numpy_client.py:205 | Cache is fresh, return FitRes(clock=76)
DEBUG flower 2021-04-08 10:05:41,353 | numpy_client.py:172 | fit, FitIns(clock=77)
DEBUG flower 2021-04-08 10:05:41,354 | numpy_client.py:260 | cached_clock: 74, curr_clock: 77
INFO flower 2021-04-08 10:05:41,354 | numpy_client.py:184 | Cache is stale, return ReadIns
DEBUG flower 2021-04-08 10:05:46,134 | numpy_client.py:228 | read: ReadRes(clock=75)
DEBUG flower 2021-04-08 10:05:46,141 | numpy_client.py:172 | fit, FitIns(clock=77)
DEBUG flower 2021-04-08 10:05:46,141 | numpy_client.py:260 | cached_clock: 75, curr_clock: 77
INFO flower 2021-04-08 10:05:48,151 | numpy_client.py:205 | Cache is fresh, return FitRes(clock=77)
DEBUG flower 2021-04-08 10:05:54,964 | numpy_client.py:172 | fit, FitIns(clock=78)
DEBUG flower 2021-04-08 10:05:54,965 | numpy_client.py:260 | cached_clock: 75, curr_clock: 78
INFO flower 2021-04-08 10:05:54,965 | numpy_client.py:184 | Cache is stale, return ReadIns
DEBUG flower 2021-04-08 10:05:59,521 | numpy_client.py:228 | read: ReadRes(clock=76)
DEBUG flower 2021-04-08 10:05:59,528 | numpy_client.py:172 | fit, FitIns(clock=78)
DEBUG flower 2021-04-08 10:05:59,528 | numpy_client.py:260 | cached_clock: 76, curr_clock: 78
INFO flower 2021-04-08 10:06:01,533 | numpy_client.py:205 | Cache is fresh, return FitRes(clock=78)
DEBUG flower 2021-04-08 10:06:08,665 | numpy_client.py:172 | fit, FitIns(clock=79)
DEBUG flower 2021-04-08 10:06:08,665 | numpy_client.py:260 | cached_clock: 76, curr_clock: 79
INFO flower 2021-04-08 10:06:08,665 | numpy_client.py:184 | Cache is stale, return ReadIns
DEBUG flower 2021-04-08 10:06:13,755 | numpy_client.py:228 | read: ReadRes(clock=77)
DEBUG flower 2021-04-08 10:06:13,762 | numpy_client.py:172 | fit, FitIns(clock=79)
DEBUG flower 2021-04-08 10:06:13,762 | numpy_client.py:260 | cached_clock: 77, curr_clock: 79
INFO flower 2021-04-08 10:06:15,709 | numpy_client.py:205 | Cache is fresh, return FitRes(clock=79)
DEBUG flower 2021-04-08 10:06:23,113 | numpy_client.py:172 | fit, FitIns(clock=80)
DEBUG flower 2021-04-08 10:06:23,113 | numpy_client.py:260 | cached_clock: 77, curr_clock: 80
INFO flower 2021-04-08 10:06:23,114 | numpy_client.py:184 | Cache is stale, return ReadIns
DEBUG flower 2021-04-08 10:06:27,709 | numpy_client.py:228 | read: ReadRes(clock=78)
DEBUG flower 2021-04-08 10:06:27,716 | numpy_client.py:172 | fit, FitIns(clock=80)
DEBUG flower 2021-04-08 10:06:27,716 | numpy_client.py:260 | cached_clock: 78, curr_clock: 80
INFO flower 2021-04-08 10:06:29,711 | numpy_client.py:205 | Cache is fresh, return FitRes(clock=80)
DEBUG flower 2021-04-08 10:06:36,928 | numpy_client.py:172 | fit, FitIns(clock=81)
DEBUG flower 2021-04-08 10:06:36,929 | numpy_client.py:260 | cached_clock: 78, curr_clock: 81
INFO flower 2021-04-08 10:06:36,929 | numpy_client.py:184 | Cache is stale, return ReadIns
DEBUG flower 2021-04-08 10:06:41,521 | numpy_client.py:228 | read: ReadRes(clock=79)
DEBUG flower 2021-04-08 10:06:41,528 | numpy_client.py:172 | fit, FitIns(clock=81)
DEBUG flower 2021-04-08 10:06:41,529 | numpy_client.py:260 | cached_clock: 79, curr_clock: 81
INFO flower 2021-04-08 10:06:43,432 | numpy_client.py:205 | Cache is fresh, return FitRes(clock=81)
DEBUG flower 2021-04-08 10:06:50,798 | numpy_client.py:172 | fit, FitIns(clock=82)
DEBUG flower 2021-04-08 10:06:50,798 | numpy_client.py:260 | cached_clock: 79, curr_clock: 82
INFO flower 2021-04-08 10:06:50,798 | numpy_client.py:184 | Cache is stale, return ReadIns
DEBUG flower 2021-04-08 10:06:55,807 | numpy_client.py:228 | read: ReadRes(clock=80)
DEBUG flower 2021-04-08 10:06:55,815 | numpy_client.py:172 | fit, FitIns(clock=82)
DEBUG flower 2021-04-08 10:06:55,815 | numpy_client.py:260 | cached_clock: 80, curr_clock: 82
INFO flower 2021-04-08 10:06:57,730 | numpy_client.py:205 | Cache is fresh, return FitRes(clock=82)
DEBUG flower 2021-04-08 10:07:04,263 | numpy_client.py:172 | fit, FitIns(clock=83)
DEBUG flower 2021-04-08 10:07:04,264 | numpy_client.py:260 | cached_clock: 80, curr_clock: 83
INFO flower 2021-04-08 10:07:04,264 | numpy_client.py:184 | Cache is stale, return ReadIns
DEBUG flower 2021-04-08 10:07:09,226 | numpy_client.py:228 | read: ReadRes(clock=81)
DEBUG flower 2021-04-08 10:07:09,233 | numpy_client.py:172 | fit, FitIns(clock=83)
DEBUG flower 2021-04-08 10:07:09,233 | numpy_client.py:260 | cached_clock: 81, curr_clock: 83
INFO flower 2021-04-08 10:07:11,133 | numpy_client.py:205 | Cache is fresh, return FitRes(clock=83)
DEBUG flower 2021-04-08 10:07:17,676 | numpy_client.py:172 | fit, FitIns(clock=84)
DEBUG flower 2021-04-08 10:07:17,677 | numpy_client.py:260 | cached_clock: 81, curr_clock: 84
INFO flower 2021-04-08 10:07:17,677 | numpy_client.py:184 | Cache is stale, return ReadIns
DEBUG flower 2021-04-08 10:07:22,421 | numpy_client.py:228 | read: ReadRes(clock=82)
DEBUG flower 2021-04-08 10:07:22,428 | numpy_client.py:172 | fit, FitIns(clock=84)
DEBUG flower 2021-04-08 10:07:22,429 | numpy_client.py:260 | cached_clock: 82, curr_clock: 84
INFO flower 2021-04-08 10:07:24,335 | numpy_client.py:205 | Cache is fresh, return FitRes(clock=84)
DEBUG flower 2021-04-08 10:07:31,052 | numpy_client.py:172 | fit, FitIns(clock=85)
DEBUG flower 2021-04-08 10:07:31,052 | numpy_client.py:260 | cached_clock: 82, curr_clock: 85
INFO flower 2021-04-08 10:07:31,052 | numpy_client.py:184 | Cache is stale, return ReadIns
DEBUG flower 2021-04-08 10:07:35,684 | numpy_client.py:228 | read: ReadRes(clock=83)
DEBUG flower 2021-04-08 10:07:35,707 | numpy_client.py:172 | fit, FitIns(clock=85)
DEBUG flower 2021-04-08 10:07:35,707 | numpy_client.py:260 | cached_clock: 83, curr_clock: 85
INFO flower 2021-04-08 10:07:37,619 | numpy_client.py:205 | Cache is fresh, return FitRes(clock=85)
DEBUG flower 2021-04-08 10:07:44,803 | numpy_client.py:172 | fit, FitIns(clock=86)
DEBUG flower 2021-04-08 10:07:44,803 | numpy_client.py:260 | cached_clock: 83, curr_clock: 86
INFO flower 2021-04-08 10:07:44,804 | numpy_client.py:184 | Cache is stale, return ReadIns
DEBUG flower 2021-04-08 10:07:49,844 | numpy_client.py:228 | read: ReadRes(clock=84)
DEBUG flower 2021-04-08 10:07:49,851 | numpy_client.py:172 | fit, FitIns(clock=86)
DEBUG flower 2021-04-08 10:07:49,851 | numpy_client.py:260 | cached_clock: 84, curr_clock: 86
INFO flower 2021-04-08 10:07:51,730 | numpy_client.py:205 | Cache is fresh, return FitRes(clock=86)
DEBUG flower 2021-04-08 10:07:59,181 | numpy_client.py:172 | fit, FitIns(clock=87)
DEBUG flower 2021-04-08 10:07:59,181 | numpy_client.py:260 | cached_clock: 84, curr_clock: 87
INFO flower 2021-04-08 10:07:59,181 | numpy_client.py:184 | Cache is stale, return ReadIns
DEBUG flower 2021-04-08 10:08:03,808 | numpy_client.py:228 | read: ReadRes(clock=85)
DEBUG flower 2021-04-08 10:08:03,815 | numpy_client.py:172 | fit, FitIns(clock=87)
DEBUG flower 2021-04-08 10:08:03,815 | numpy_client.py:260 | cached_clock: 85, curr_clock: 87
INFO flower 2021-04-08 10:08:05,717 | numpy_client.py:205 | Cache is fresh, return FitRes(clock=87)
DEBUG flower 2021-04-08 10:08:12,946 | numpy_client.py:172 | fit, FitIns(clock=88)
DEBUG flower 2021-04-08 10:08:12,946 | numpy_client.py:260 | cached_clock: 85, curr_clock: 88
INFO flower 2021-04-08 10:08:12,946 | numpy_client.py:184 | Cache is stale, return ReadIns
DEBUG flower 2021-04-08 10:08:17,402 | numpy_client.py:228 | read: ReadRes(clock=86)
DEBUG flower 2021-04-08 10:08:17,409 | numpy_client.py:172 | fit, FitIns(clock=88)
DEBUG flower 2021-04-08 10:08:17,409 | numpy_client.py:260 | cached_clock: 86, curr_clock: 88
INFO flower 2021-04-08 10:08:19,330 | numpy_client.py:205 | Cache is fresh, return FitRes(clock=88)
DEBUG flower 2021-04-08 10:08:26,539 | numpy_client.py:172 | fit, FitIns(clock=89)
DEBUG flower 2021-04-08 10:08:26,540 | numpy_client.py:260 | cached_clock: 86, curr_clock: 89
INFO flower 2021-04-08 10:08:26,540 | numpy_client.py:184 | Cache is stale, return ReadIns
DEBUG flower 2021-04-08 10:08:31,083 | numpy_client.py:228 | read: ReadRes(clock=87)
DEBUG flower 2021-04-08 10:08:31,090 | numpy_client.py:172 | fit, FitIns(clock=89)
DEBUG flower 2021-04-08 10:08:31,090 | numpy_client.py:260 | cached_clock: 87, curr_clock: 89
INFO flower 2021-04-08 10:08:33,110 | numpy_client.py:205 | Cache is fresh, return FitRes(clock=89)
DEBUG flower 2021-04-08 10:08:40,195 | numpy_client.py:172 | fit, FitIns(clock=90)
DEBUG flower 2021-04-08 10:08:40,195 | numpy_client.py:260 | cached_clock: 87, curr_clock: 90
INFO flower 2021-04-08 10:08:40,195 | numpy_client.py:184 | Cache is stale, return ReadIns
DEBUG flower 2021-04-08 10:08:44,708 | numpy_client.py:228 | read: ReadRes(clock=88)
DEBUG flower 2021-04-08 10:08:44,715 | numpy_client.py:172 | fit, FitIns(clock=90)
DEBUG flower 2021-04-08 10:08:44,715 | numpy_client.py:260 | cached_clock: 88, curr_clock: 90
INFO flower 2021-04-08 10:08:46,609 | numpy_client.py:205 | Cache is fresh, return FitRes(clock=90)
DEBUG flower 2021-04-08 10:08:53,818 | numpy_client.py:172 | fit, FitIns(clock=91)
DEBUG flower 2021-04-08 10:08:53,818 | numpy_client.py:260 | cached_clock: 88, curr_clock: 91
INFO flower 2021-04-08 10:08:53,819 | numpy_client.py:184 | Cache is stale, return ReadIns
DEBUG flower 2021-04-08 10:08:58,718 | numpy_client.py:228 | read: ReadRes(clock=89)
DEBUG flower 2021-04-08 10:08:58,726 | numpy_client.py:172 | fit, FitIns(clock=91)
DEBUG flower 2021-04-08 10:08:58,726 | numpy_client.py:260 | cached_clock: 89, curr_clock: 91
INFO flower 2021-04-08 10:09:00,659 | numpy_client.py:205 | Cache is fresh, return FitRes(clock=91)
DEBUG flower 2021-04-08 10:09:07,754 | numpy_client.py:172 | fit, FitIns(clock=92)
DEBUG flower 2021-04-08 10:09:07,754 | numpy_client.py:260 | cached_clock: 89, curr_clock: 92
INFO flower 2021-04-08 10:09:07,755 | numpy_client.py:184 | Cache is stale, return ReadIns
DEBUG flower 2021-04-08 10:09:12,637 | numpy_client.py:228 | read: ReadRes(clock=90)
DEBUG flower 2021-04-08 10:09:12,644 | numpy_client.py:172 | fit, FitIns(clock=92)
DEBUG flower 2021-04-08 10:09:12,644 | numpy_client.py:260 | cached_clock: 90, curr_clock: 92
INFO flower 2021-04-08 10:09:14,613 | numpy_client.py:205 | Cache is fresh, return FitRes(clock=92)
DEBUG flower 2021-04-08 10:09:21,742 | numpy_client.py:172 | fit, FitIns(clock=93)
DEBUG flower 2021-04-08 10:09:21,742 | numpy_client.py:260 | cached_clock: 90, curr_clock: 93
INFO flower 2021-04-08 10:09:21,743 | numpy_client.py:184 | Cache is stale, return ReadIns
DEBUG flower 2021-04-08 10:09:26,506 | numpy_client.py:228 | read: ReadRes(clock=91)
DEBUG flower 2021-04-08 10:09:26,513 | numpy_client.py:172 | fit, FitIns(clock=93)
DEBUG flower 2021-04-08 10:09:26,513 | numpy_client.py:260 | cached_clock: 91, curr_clock: 93
INFO flower 2021-04-08 10:09:28,611 | numpy_client.py:205 | Cache is fresh, return FitRes(clock=93)
DEBUG flower 2021-04-08 10:09:35,657 | numpy_client.py:172 | fit, FitIns(clock=94)
DEBUG flower 2021-04-08 10:09:35,657 | numpy_client.py:260 | cached_clock: 91, curr_clock: 94
INFO flower 2021-04-08 10:09:35,658 | numpy_client.py:184 | Cache is stale, return ReadIns
DEBUG flower 2021-04-08 10:09:40,134 | numpy_client.py:228 | read: ReadRes(clock=92)
DEBUG flower 2021-04-08 10:09:40,141 | numpy_client.py:172 | fit, FitIns(clock=94)
DEBUG flower 2021-04-08 10:09:40,141 | numpy_client.py:260 | cached_clock: 92, curr_clock: 94
INFO flower 2021-04-08 10:09:42,120 | numpy_client.py:205 | Cache is fresh, return FitRes(clock=94)
DEBUG flower 2021-04-08 10:09:49,357 | numpy_client.py:172 | fit, FitIns(clock=95)
DEBUG flower 2021-04-08 10:09:49,357 | numpy_client.py:260 | cached_clock: 92, curr_clock: 95
INFO flower 2021-04-08 10:09:49,358 | numpy_client.py:184 | Cache is stale, return ReadIns
DEBUG flower 2021-04-08 10:09:54,735 | numpy_client.py:228 | read: ReadRes(clock=93)
DEBUG flower 2021-04-08 10:09:54,742 | numpy_client.py:172 | fit, FitIns(clock=95)
DEBUG flower 2021-04-08 10:09:54,742 | numpy_client.py:260 | cached_clock: 93, curr_clock: 95
INFO flower 2021-04-08 10:09:56,617 | numpy_client.py:205 | Cache is fresh, return FitRes(clock=95)
DEBUG flower 2021-04-08 10:10:04,183 | numpy_client.py:172 | fit, FitIns(clock=96)
DEBUG flower 2021-04-08 10:10:04,183 | numpy_client.py:260 | cached_clock: 93, curr_clock: 96
INFO flower 2021-04-08 10:10:04,183 | numpy_client.py:184 | Cache is stale, return ReadIns
DEBUG flower 2021-04-08 10:10:09,235 | numpy_client.py:228 | read: ReadRes(clock=94)
DEBUG flower 2021-04-08 10:10:09,242 | numpy_client.py:172 | fit, FitIns(clock=96)
DEBUG flower 2021-04-08 10:10:09,242 | numpy_client.py:260 | cached_clock: 94, curr_clock: 96
INFO flower 2021-04-08 10:10:11,153 | numpy_client.py:205 | Cache is fresh, return FitRes(clock=96)
DEBUG flower 2021-04-08 10:10:18,431 | numpy_client.py:172 | fit, FitIns(clock=97)
DEBUG flower 2021-04-08 10:10:18,431 | numpy_client.py:260 | cached_clock: 94, curr_clock: 97
INFO flower 2021-04-08 10:10:18,431 | numpy_client.py:184 | Cache is stale, return ReadIns
DEBUG flower 2021-04-08 10:10:22,826 | numpy_client.py:228 | read: ReadRes(clock=95)
DEBUG flower 2021-04-08 10:10:22,833 | numpy_client.py:172 | fit, FitIns(clock=97)
DEBUG flower 2021-04-08 10:10:22,833 | numpy_client.py:260 | cached_clock: 95, curr_clock: 97
INFO flower 2021-04-08 10:10:24,833 | numpy_client.py:205 | Cache is fresh, return FitRes(clock=97)
DEBUG flower 2021-04-08 10:10:32,032 | numpy_client.py:172 | fit, FitIns(clock=98)
DEBUG flower 2021-04-08 10:10:32,032 | numpy_client.py:260 | cached_clock: 95, curr_clock: 98
INFO flower 2021-04-08 10:10:32,032 | numpy_client.py:184 | Cache is stale, return ReadIns
DEBUG flower 2021-04-08 10:10:36,511 | numpy_client.py:228 | read: ReadRes(clock=96)
DEBUG flower 2021-04-08 10:10:36,518 | numpy_client.py:172 | fit, FitIns(clock=98)
DEBUG flower 2021-04-08 10:10:36,518 | numpy_client.py:260 | cached_clock: 96, curr_clock: 98
INFO flower 2021-04-08 10:10:38,531 | numpy_client.py:205 | Cache is fresh, return FitRes(clock=98)
DEBUG flower 2021-04-08 10:10:46,684 | numpy_client.py:172 | fit, FitIns(clock=99)
DEBUG flower 2021-04-08 10:10:46,684 | numpy_client.py:260 | cached_clock: 96, curr_clock: 99
INFO flower 2021-04-08 10:10:46,684 | numpy_client.py:184 | Cache is stale, return ReadIns
DEBUG flower 2021-04-08 10:10:51,349 | numpy_client.py:228 | read: ReadRes(clock=97)
DEBUG flower 2021-04-08 10:10:51,356 | numpy_client.py:172 | fit, FitIns(clock=99)
DEBUG flower 2021-04-08 10:10:51,356 | numpy_client.py:260 | cached_clock: 97, curr_clock: 99
INFO flower 2021-04-08 10:10:53,312 | numpy_client.py:205 | Cache is fresh, return FitRes(clock=99)
DEBUG flower 2021-04-08 10:10:53,312 | numpy_client.py:217 | The client finishes computing after 1342 seconds
INFO flower 2021-04-08 10:11:37,242 | numpy_client.py:250 | [32;1m Loss: 70.458, Accuracy: 15.445%[0m
DEBUG flower 2021-04-08 10:11:38,722 | connection.py:68 | Insecure gRPC channel closed
INFO flower 2021-04-08 10:11:38,722 | app.py:74 | Disconnect and shut down
Namespace(idx=16, max_delay=0, min_delay=0, num_clients=31, server_ip='10.244.29.27:8080', staleness_bound=2)
I'm client 16
Start SSP client without delay
Files already downloaded and verified
Files already downloaded and verified
[32;1mClient 16: 1274 train samples, 382 test samples[0m
loss=90.97514629364014, acc=0.1984375
loss=89.28541564941406, acc=0.1984375
loss=88.65780901908875, acc=0.1984375
loss=87.01190829277039, acc=0.196875
loss=89.77652430534363, acc=0.2109375
loss=101.69144415855408, acc=0.1921875
loss=107.98615097999573, acc=0.20390625
loss=88.1905847787857, acc=0.20859375
loss=78.83518397808075, acc=0.2015625
loss=80.342613697052, acc=0.221875
loss=81.35563445091248, acc=0.24140625
loss=81.65588986873627, acc=0.24765625
loss=90.54926431179047, acc=0.23671875
loss=92.35714972019196, acc=0.24140625
loss=82.09445321559906, acc=0.2421875
loss=91.0060566663742, acc=0.2234375
loss=93.48195207118988, acc=0.23828125
loss=93.82940435409546, acc=0.2515625
loss=81.2213363647461, acc=0.26953125
loss=89.06692516803741, acc=0.23828125
loss=92.14055454730988, acc=0.2578125
loss=80.60666739940643, acc=0.23828125
loss=81.98905909061432, acc=0.24453125
loss=86.61224234104156, acc=0.284375
loss=87.9189133644104, acc=0.25859375
loss=78.86054503917694, acc=0.26875
loss=79.31061947345734, acc=0.27890625
loss=85.17458403110504, acc=0.2515625
loss=85.87286901473999, acc=0.284375
loss=88.58742415904999, acc=0.25078125
loss=78.39048707485199, acc=0.28671875
loss=84.8374490737915, acc=0.29453125
loss=86.97964549064636, acc=0.25078125
loss=86.99480843544006, acc=0.26953125
loss=77.24631559848785, acc=0.2875
loss=83.33413100242615, acc=0.28359375
loss=79.80770909786224, acc=0.19453125
loss=73.69003129005432, acc=0.3
loss=79.79005455970764, acc=0.28828125
loss=81.3612812757492, acc=0.284375
loss=83.5943990945816, acc=0.28828125
loss=71.91104519367218, acc=0.31171875
loss=81.43655097484589, acc=0.2984375
loss=82.65488743782043, acc=0.29453125
loss=83.58979606628418, acc=0.29453125
loss=83.4407205581665, acc=0.30390625
loss=85.29547655582428, acc=0.309375
loss=85.24622046947479, acc=0.3078125
loss=73.96579158306122, acc=0.34609375
loss=79.88820385932922, acc=0.315625
loss=82.65360534191132, acc=0.30703125
loss=83.67165982723236, acc=0.30546875
loss=74.10359621047974, acc=0.33828125
loss=80.814861536026, acc=0.32578125
loss=74.54083514213562, acc=0.35
loss=81.00951278209686, acc=0.33203125
loss=82.01820600032806, acc=0.3203125
loss=83.92907297611237, acc=0.3296875
loss=86.00577235221863, acc=0.32265625
loss=74.51809930801392, acc=0.36328125
loss=80.17096543312073, acc=0.334375
loss=83.01219582557678, acc=0.31640625
loss=83.65512442588806, acc=0.3328125
loss=85.00006210803986, acc=0.3359375
loss=85.75212943553925, acc=0.315625
loss=84.99390053749084, acc=0.3265625
loss=85.69590878486633, acc=0.32890625
loss=85.33115792274475, acc=0.32265625
loss=85.58386433124542, acc=0.3140625
loss=85.7266366481781, acc=0.31640625
loss=85.70476961135864, acc=0.33203125
loss=85.68566334247589, acc=0.334375
loss=73.49686861038208, acc=0.3703125
loss=79.96277964115143, acc=0.34296875
loss=81.88399875164032, acc=0.35625
loss=74.51072645187378, acc=0.3765625
loss=80.42821717262268, acc=0.35703125
loss=74.42666172981262, acc=0.3890625
loss=80.39700615406036, acc=0.334375
loss=82.07590866088867, acc=0.3546875
loss=83.08874249458313, acc=0.3375
loss=83.36098873615265, acc=0.35546875
loss=85.1442883014679, acc=0.3515625
loss=85.22320985794067, acc=0.3484375
loss=85.1570383310318, acc=0.34453125
loss=87.2637745141983, acc=0.3359375
loss=86.97097790241241, acc=0.325
loss=86.97601318359375, acc=0.32265625
loss=86.87539947032928, acc=0.3359375
loss=85.24530720710754, acc=0.3484375
loss=86.95180785655975, acc=0.33046875
loss=86.02416229248047, acc=0.35078125
loss=73.71828806400299, acc=0.38515625
loss=80.73489546775818, acc=0.36796875
loss=82.91087293624878, acc=0.35390625
loss=84.7938084602356, acc=0.35703125
loss=84.4632328748703, acc=0.36953125
loss=86.05671167373657, acc=0.34375
loss=73.10145485401154, acc=0.39453125
loss=80.6563435792923, acc=0.375
Files already downloaded and verified
Files already downloaded and verified
Testing on full test set: 313, 1161.743464231491, 0.316
Testing on partial test set: 12, 70.4584584236145, 0.1544502617801047
