DEBUG flower 2021-04-08 09:48:25,189 | connection.py:36 | ChannelConnectivity.IDLE
INFO flower 2021-04-08 09:48:25,192 | app.py:63 | Opened (insecure) gRPC connection
DEBUG flower 2021-04-08 09:48:25,192 | connection.py:36 | ChannelConnectivity.READY
DEBUG flower 2021-04-08 09:48:30,924 | numpy_client.py:172 | fit, FitIns(clock=0)
INFO flower 2021-04-08 09:48:30,924 | numpy_client.py:184 | Cache is stale, return ReadIns
DEBUG flower 2021-04-08 09:48:31,019 | numpy_client.py:228 | read: ReadRes(clock=-1)
DEBUG flower 2021-04-08 09:48:31,033 | numpy_client.py:172 | fit, FitIns(clock=0)
DEBUG flower 2021-04-08 09:48:31,033 | numpy_client.py:260 | cached_clock: -1, curr_clock: 0
INFO flower 2021-04-08 09:48:36,200 | numpy_client.py:205 | Cache is fresh, return FitRes(clock=0)
DEBUG flower 2021-04-08 09:48:36,224 | numpy_client.py:172 | fit, FitIns(clock=1)
DEBUG flower 2021-04-08 09:48:36,224 | numpy_client.py:260 | cached_clock: -1, curr_clock: 1
INFO flower 2021-04-08 09:48:40,713 | numpy_client.py:205 | Cache is fresh, return FitRes(clock=1)
DEBUG flower 2021-04-08 09:48:45,820 | numpy_client.py:172 | fit, FitIns(clock=2)
DEBUG flower 2021-04-08 09:48:45,820 | numpy_client.py:260 | cached_clock: -1, curr_clock: 2
INFO flower 2021-04-08 09:48:45,820 | numpy_client.py:184 | Cache is stale, return ReadIns
DEBUG flower 2021-04-08 09:48:45,875 | numpy_client.py:228 | read: ReadRes(clock=0)
DEBUG flower 2021-04-08 09:48:45,883 | numpy_client.py:172 | fit, FitIns(clock=2)
DEBUG flower 2021-04-08 09:48:45,883 | numpy_client.py:260 | cached_clock: 0, curr_clock: 2
INFO flower 2021-04-08 09:48:50,909 | numpy_client.py:205 | Cache is fresh, return FitRes(clock=2)
DEBUG flower 2021-04-08 09:48:59,635 | numpy_client.py:172 | fit, FitIns(clock=3)
DEBUG flower 2021-04-08 09:48:59,635 | numpy_client.py:260 | cached_clock: 0, curr_clock: 3
INFO flower 2021-04-08 09:48:59,635 | numpy_client.py:184 | Cache is stale, return ReadIns
DEBUG flower 2021-04-08 09:48:59,684 | numpy_client.py:228 | read: ReadRes(clock=1)
DEBUG flower 2021-04-08 09:48:59,691 | numpy_client.py:172 | fit, FitIns(clock=3)
DEBUG flower 2021-04-08 09:48:59,691 | numpy_client.py:260 | cached_clock: 1, curr_clock: 3
INFO flower 2021-04-08 09:49:04,596 | numpy_client.py:205 | Cache is fresh, return FitRes(clock=3)
DEBUG flower 2021-04-08 09:49:13,234 | numpy_client.py:172 | fit, FitIns(clock=4)
DEBUG flower 2021-04-08 09:49:13,234 | numpy_client.py:260 | cached_clock: 1, curr_clock: 4
INFO flower 2021-04-08 09:49:13,234 | numpy_client.py:184 | Cache is stale, return ReadIns
DEBUG flower 2021-04-08 09:49:13,275 | numpy_client.py:228 | read: ReadRes(clock=2)
DEBUG flower 2021-04-08 09:49:13,283 | numpy_client.py:172 | fit, FitIns(clock=4)
DEBUG flower 2021-04-08 09:49:13,283 | numpy_client.py:260 | cached_clock: 2, curr_clock: 4
INFO flower 2021-04-08 09:49:17,975 | numpy_client.py:205 | Cache is fresh, return FitRes(clock=4)
DEBUG flower 2021-04-08 09:49:26,642 | numpy_client.py:172 | fit, FitIns(clock=5)
DEBUG flower 2021-04-08 09:49:26,642 | numpy_client.py:260 | cached_clock: 2, curr_clock: 5
INFO flower 2021-04-08 09:49:26,642 | numpy_client.py:184 | Cache is stale, return ReadIns
DEBUG flower 2021-04-08 09:49:26,675 | numpy_client.py:228 | read: ReadRes(clock=3)
DEBUG flower 2021-04-08 09:49:26,683 | numpy_client.py:172 | fit, FitIns(clock=5)
DEBUG flower 2021-04-08 09:49:26,683 | numpy_client.py:260 | cached_clock: 3, curr_clock: 5
INFO flower 2021-04-08 09:49:31,782 | numpy_client.py:205 | Cache is fresh, return FitRes(clock=5)
DEBUG flower 2021-04-08 09:49:40,307 | numpy_client.py:172 | fit, FitIns(clock=6)
DEBUG flower 2021-04-08 09:49:40,308 | numpy_client.py:260 | cached_clock: 3, curr_clock: 6
INFO flower 2021-04-08 09:49:40,308 | numpy_client.py:184 | Cache is stale, return ReadIns
DEBUG flower 2021-04-08 09:49:40,375 | numpy_client.py:228 | read: ReadRes(clock=4)
DEBUG flower 2021-04-08 09:49:40,392 | numpy_client.py:172 | fit, FitIns(clock=6)
DEBUG flower 2021-04-08 09:49:40,392 | numpy_client.py:260 | cached_clock: 4, curr_clock: 6
INFO flower 2021-04-08 09:49:45,195 | numpy_client.py:205 | Cache is fresh, return FitRes(clock=6)
DEBUG flower 2021-04-08 09:49:54,127 | numpy_client.py:172 | fit, FitIns(clock=7)
DEBUG flower 2021-04-08 09:49:54,127 | numpy_client.py:260 | cached_clock: 4, curr_clock: 7
INFO flower 2021-04-08 09:49:54,127 | numpy_client.py:184 | Cache is stale, return ReadIns
DEBUG flower 2021-04-08 09:49:54,166 | numpy_client.py:228 | read: ReadRes(clock=5)
DEBUG flower 2021-04-08 09:49:54,174 | numpy_client.py:172 | fit, FitIns(clock=7)
DEBUG flower 2021-04-08 09:49:54,174 | numpy_client.py:260 | cached_clock: 5, curr_clock: 7
INFO flower 2021-04-08 09:49:58,590 | numpy_client.py:205 | Cache is fresh, return FitRes(clock=7)
DEBUG flower 2021-04-08 09:49:58,615 | numpy_client.py:172 | fit, FitIns(clock=8)
DEBUG flower 2021-04-08 09:49:58,615 | numpy_client.py:260 | cached_clock: 5, curr_clock: 8
INFO flower 2021-04-08 09:49:58,615 | numpy_client.py:184 | Cache is stale, return ReadIns
DEBUG flower 2021-04-08 09:49:59,119 | numpy_client.py:228 | read: ReadRes(clock=6)
DEBUG flower 2021-04-08 09:49:59,126 | numpy_client.py:172 | fit, FitIns(clock=8)
DEBUG flower 2021-04-08 09:49:59,126 | numpy_client.py:260 | cached_clock: 6, curr_clock: 8
INFO flower 2021-04-08 09:50:03,791 | numpy_client.py:205 | Cache is fresh, return FitRes(clock=8)
DEBUG flower 2021-04-08 09:50:08,309 | numpy_client.py:172 | fit, FitIns(clock=9)
DEBUG flower 2021-04-08 09:50:08,310 | numpy_client.py:260 | cached_clock: 6, curr_clock: 9
INFO flower 2021-04-08 09:50:08,310 | numpy_client.py:184 | Cache is stale, return ReadIns
DEBUG flower 2021-04-08 09:50:12,724 | numpy_client.py:228 | read: ReadRes(clock=7)
DEBUG flower 2021-04-08 09:50:12,732 | numpy_client.py:172 | fit, FitIns(clock=9)
DEBUG flower 2021-04-08 09:50:12,732 | numpy_client.py:260 | cached_clock: 7, curr_clock: 9
INFO flower 2021-04-08 09:50:17,382 | numpy_client.py:205 | Cache is fresh, return FitRes(clock=9)
DEBUG flower 2021-04-08 09:50:22,379 | numpy_client.py:172 | fit, FitIns(clock=10)
DEBUG flower 2021-04-08 09:50:22,380 | numpy_client.py:260 | cached_clock: 7, curr_clock: 10
INFO flower 2021-04-08 09:50:22,380 | numpy_client.py:184 | Cache is stale, return ReadIns
DEBUG flower 2021-04-08 09:50:26,875 | numpy_client.py:228 | read: ReadRes(clock=8)
DEBUG flower 2021-04-08 09:50:26,883 | numpy_client.py:172 | fit, FitIns(clock=10)
DEBUG flower 2021-04-08 09:50:26,883 | numpy_client.py:260 | cached_clock: 8, curr_clock: 10
INFO flower 2021-04-08 09:50:31,679 | numpy_client.py:205 | Cache is fresh, return FitRes(clock=10)
DEBUG flower 2021-04-08 09:50:35,992 | numpy_client.py:172 | fit, FitIns(clock=11)
DEBUG flower 2021-04-08 09:50:35,992 | numpy_client.py:260 | cached_clock: 8, curr_clock: 11
INFO flower 2021-04-08 09:50:35,992 | numpy_client.py:184 | Cache is stale, return ReadIns
DEBUG flower 2021-04-08 09:50:40,080 | numpy_client.py:228 | read: ReadRes(clock=9)
DEBUG flower 2021-04-08 09:50:40,095 | numpy_client.py:172 | fit, FitIns(clock=11)
DEBUG flower 2021-04-08 09:50:40,095 | numpy_client.py:260 | cached_clock: 9, curr_clock: 11
INFO flower 2021-04-08 09:50:44,793 | numpy_client.py:205 | Cache is fresh, return FitRes(clock=11)
DEBUG flower 2021-04-08 09:50:50,052 | numpy_client.py:172 | fit, FitIns(clock=12)
DEBUG flower 2021-04-08 09:50:50,052 | numpy_client.py:260 | cached_clock: 9, curr_clock: 12
INFO flower 2021-04-08 09:50:50,052 | numpy_client.py:184 | Cache is stale, return ReadIns
DEBUG flower 2021-04-08 09:50:54,320 | numpy_client.py:228 | read: ReadRes(clock=10)
DEBUG flower 2021-04-08 09:50:54,328 | numpy_client.py:172 | fit, FitIns(clock=12)
DEBUG flower 2021-04-08 09:50:54,328 | numpy_client.py:260 | cached_clock: 10, curr_clock: 12
INFO flower 2021-04-08 09:50:58,602 | numpy_client.py:205 | Cache is fresh, return FitRes(clock=12)
DEBUG flower 2021-04-08 09:51:03,761 | numpy_client.py:172 | fit, FitIns(clock=13)
DEBUG flower 2021-04-08 09:51:03,761 | numpy_client.py:260 | cached_clock: 10, curr_clock: 13
INFO flower 2021-04-08 09:51:03,761 | numpy_client.py:184 | Cache is stale, return ReadIns
DEBUG flower 2021-04-08 09:51:07,975 | numpy_client.py:228 | read: ReadRes(clock=11)
DEBUG flower 2021-04-08 09:51:07,986 | numpy_client.py:172 | fit, FitIns(clock=13)
DEBUG flower 2021-04-08 09:51:07,986 | numpy_client.py:260 | cached_clock: 11, curr_clock: 13
INFO flower 2021-04-08 09:51:12,584 | numpy_client.py:205 | Cache is fresh, return FitRes(clock=13)
DEBUG flower 2021-04-08 09:51:17,120 | numpy_client.py:172 | fit, FitIns(clock=14)
DEBUG flower 2021-04-08 09:51:17,120 | numpy_client.py:260 | cached_clock: 11, curr_clock: 14
INFO flower 2021-04-08 09:51:17,120 | numpy_client.py:184 | Cache is stale, return ReadIns
DEBUG flower 2021-04-08 09:51:21,478 | numpy_client.py:228 | read: ReadRes(clock=12)
DEBUG flower 2021-04-08 09:51:21,485 | numpy_client.py:172 | fit, FitIns(clock=14)
DEBUG flower 2021-04-08 09:51:21,485 | numpy_client.py:260 | cached_clock: 12, curr_clock: 14
INFO flower 2021-04-08 09:51:25,689 | numpy_client.py:205 | Cache is fresh, return FitRes(clock=14)
DEBUG flower 2021-04-08 09:51:30,359 | numpy_client.py:172 | fit, FitIns(clock=15)
DEBUG flower 2021-04-08 09:51:30,359 | numpy_client.py:260 | cached_clock: 12, curr_clock: 15
INFO flower 2021-04-08 09:51:30,360 | numpy_client.py:184 | Cache is stale, return ReadIns
DEBUG flower 2021-04-08 09:51:34,875 | numpy_client.py:228 | read: ReadRes(clock=13)
DEBUG flower 2021-04-08 09:51:34,882 | numpy_client.py:172 | fit, FitIns(clock=15)
DEBUG flower 2021-04-08 09:51:34,883 | numpy_client.py:260 | cached_clock: 13, curr_clock: 15
INFO flower 2021-04-08 09:51:39,090 | numpy_client.py:205 | Cache is fresh, return FitRes(clock=15)
DEBUG flower 2021-04-08 09:51:44,089 | numpy_client.py:172 | fit, FitIns(clock=16)
DEBUG flower 2021-04-08 09:51:44,090 | numpy_client.py:260 | cached_clock: 13, curr_clock: 16
INFO flower 2021-04-08 09:51:44,090 | numpy_client.py:184 | Cache is stale, return ReadIns
DEBUG flower 2021-04-08 09:51:48,506 | numpy_client.py:228 | read: ReadRes(clock=14)
DEBUG flower 2021-04-08 09:51:48,513 | numpy_client.py:172 | fit, FitIns(clock=16)
DEBUG flower 2021-04-08 09:51:48,513 | numpy_client.py:260 | cached_clock: 14, curr_clock: 16
INFO flower 2021-04-08 09:51:52,983 | numpy_client.py:205 | Cache is fresh, return FitRes(clock=16)
DEBUG flower 2021-04-08 09:51:57,753 | numpy_client.py:172 | fit, FitIns(clock=17)
DEBUG flower 2021-04-08 09:51:57,753 | numpy_client.py:260 | cached_clock: 14, curr_clock: 17
INFO flower 2021-04-08 09:51:57,754 | numpy_client.py:184 | Cache is stale, return ReadIns
DEBUG flower 2021-04-08 09:52:02,132 | numpy_client.py:228 | read: ReadRes(clock=15)
DEBUG flower 2021-04-08 09:52:02,176 | numpy_client.py:172 | fit, FitIns(clock=17)
DEBUG flower 2021-04-08 09:52:02,176 | numpy_client.py:260 | cached_clock: 15, curr_clock: 17
INFO flower 2021-04-08 09:52:06,787 | numpy_client.py:205 | Cache is fresh, return FitRes(clock=17)
DEBUG flower 2021-04-08 09:52:11,472 | numpy_client.py:172 | fit, FitIns(clock=18)
DEBUG flower 2021-04-08 09:52:11,472 | numpy_client.py:260 | cached_clock: 15, curr_clock: 18
INFO flower 2021-04-08 09:52:11,472 | numpy_client.py:184 | Cache is stale, return ReadIns
DEBUG flower 2021-04-08 09:52:15,827 | numpy_client.py:228 | read: ReadRes(clock=16)
DEBUG flower 2021-04-08 09:52:15,834 | numpy_client.py:172 | fit, FitIns(clock=18)
DEBUG flower 2021-04-08 09:52:15,834 | numpy_client.py:260 | cached_clock: 16, curr_clock: 18
INFO flower 2021-04-08 09:52:20,383 | numpy_client.py:205 | Cache is fresh, return FitRes(clock=18)
DEBUG flower 2021-04-08 09:52:25,192 | numpy_client.py:172 | fit, FitIns(clock=19)
DEBUG flower 2021-04-08 09:52:25,192 | numpy_client.py:260 | cached_clock: 16, curr_clock: 19
INFO flower 2021-04-08 09:52:25,192 | numpy_client.py:184 | Cache is stale, return ReadIns
DEBUG flower 2021-04-08 09:52:29,676 | numpy_client.py:228 | read: ReadRes(clock=17)
DEBUG flower 2021-04-08 09:52:29,683 | numpy_client.py:172 | fit, FitIns(clock=19)
DEBUG flower 2021-04-08 09:52:29,683 | numpy_client.py:260 | cached_clock: 17, curr_clock: 19
INFO flower 2021-04-08 09:52:34,082 | numpy_client.py:205 | Cache is fresh, return FitRes(clock=19)
DEBUG flower 2021-04-08 09:52:38,512 | numpy_client.py:172 | fit, FitIns(clock=20)
DEBUG flower 2021-04-08 09:52:38,513 | numpy_client.py:260 | cached_clock: 17, curr_clock: 20
INFO flower 2021-04-08 09:52:38,513 | numpy_client.py:184 | Cache is stale, return ReadIns
DEBUG flower 2021-04-08 09:52:43,076 | numpy_client.py:228 | read: ReadRes(clock=18)
DEBUG flower 2021-04-08 09:52:43,084 | numpy_client.py:172 | fit, FitIns(clock=20)
DEBUG flower 2021-04-08 09:52:43,084 | numpy_client.py:260 | cached_clock: 18, curr_clock: 20
INFO flower 2021-04-08 09:52:47,793 | numpy_client.py:205 | Cache is fresh, return FitRes(clock=20)
DEBUG flower 2021-04-08 09:52:52,315 | numpy_client.py:172 | fit, FitIns(clock=21)
DEBUG flower 2021-04-08 09:52:52,315 | numpy_client.py:260 | cached_clock: 18, curr_clock: 21
INFO flower 2021-04-08 09:52:52,315 | numpy_client.py:184 | Cache is stale, return ReadIns
DEBUG flower 2021-04-08 09:52:56,975 | numpy_client.py:228 | read: ReadRes(clock=19)
DEBUG flower 2021-04-08 09:52:56,983 | numpy_client.py:172 | fit, FitIns(clock=21)
DEBUG flower 2021-04-08 09:52:56,983 | numpy_client.py:260 | cached_clock: 19, curr_clock: 21
INFO flower 2021-04-08 09:53:01,483 | numpy_client.py:205 | Cache is fresh, return FitRes(clock=21)
DEBUG flower 2021-04-08 09:53:06,440 | numpy_client.py:172 | fit, FitIns(clock=22)
DEBUG flower 2021-04-08 09:53:06,441 | numpy_client.py:260 | cached_clock: 19, curr_clock: 22
INFO flower 2021-04-08 09:53:06,441 | numpy_client.py:184 | Cache is stale, return ReadIns
DEBUG flower 2021-04-08 09:53:10,718 | numpy_client.py:228 | read: ReadRes(clock=20)
DEBUG flower 2021-04-08 09:53:10,725 | numpy_client.py:172 | fit, FitIns(clock=22)
DEBUG flower 2021-04-08 09:53:10,726 | numpy_client.py:260 | cached_clock: 20, curr_clock: 22
INFO flower 2021-04-08 09:53:15,011 | numpy_client.py:205 | Cache is fresh, return FitRes(clock=22)
DEBUG flower 2021-04-08 09:53:19,663 | numpy_client.py:172 | fit, FitIns(clock=23)
DEBUG flower 2021-04-08 09:53:19,663 | numpy_client.py:260 | cached_clock: 20, curr_clock: 23
INFO flower 2021-04-08 09:53:19,664 | numpy_client.py:184 | Cache is stale, return ReadIns
DEBUG flower 2021-04-08 09:53:24,033 | numpy_client.py:228 | read: ReadRes(clock=21)
DEBUG flower 2021-04-08 09:53:24,040 | numpy_client.py:172 | fit, FitIns(clock=23)
DEBUG flower 2021-04-08 09:53:24,040 | numpy_client.py:260 | cached_clock: 21, curr_clock: 23
INFO flower 2021-04-08 09:53:28,395 | numpy_client.py:205 | Cache is fresh, return FitRes(clock=23)
DEBUG flower 2021-04-08 09:53:33,243 | numpy_client.py:172 | fit, FitIns(clock=24)
DEBUG flower 2021-04-08 09:53:33,244 | numpy_client.py:260 | cached_clock: 21, curr_clock: 24
INFO flower 2021-04-08 09:53:33,244 | numpy_client.py:184 | Cache is stale, return ReadIns
DEBUG flower 2021-04-08 09:53:37,675 | numpy_client.py:228 | read: ReadRes(clock=22)
DEBUG flower 2021-04-08 09:53:37,683 | numpy_client.py:172 | fit, FitIns(clock=24)
DEBUG flower 2021-04-08 09:53:37,683 | numpy_client.py:260 | cached_clock: 22, curr_clock: 24
INFO flower 2021-04-08 09:53:42,787 | numpy_client.py:205 | Cache is fresh, return FitRes(clock=24)
DEBUG flower 2021-04-08 09:53:46,832 | numpy_client.py:172 | fit, FitIns(clock=25)
DEBUG flower 2021-04-08 09:53:46,832 | numpy_client.py:260 | cached_clock: 22, curr_clock: 25
INFO flower 2021-04-08 09:53:46,832 | numpy_client.py:184 | Cache is stale, return ReadIns
DEBUG flower 2021-04-08 09:53:51,342 | numpy_client.py:228 | read: ReadRes(clock=23)
DEBUG flower 2021-04-08 09:53:51,354 | numpy_client.py:172 | fit, FitIns(clock=25)
DEBUG flower 2021-04-08 09:53:51,354 | numpy_client.py:260 | cached_clock: 23, curr_clock: 25
INFO flower 2021-04-08 09:53:55,999 | numpy_client.py:205 | Cache is fresh, return FitRes(clock=25)
DEBUG flower 2021-04-08 09:54:01,043 | numpy_client.py:172 | fit, FitIns(clock=26)
DEBUG flower 2021-04-08 09:54:01,043 | numpy_client.py:260 | cached_clock: 23, curr_clock: 26
INFO flower 2021-04-08 09:54:01,044 | numpy_client.py:184 | Cache is stale, return ReadIns
DEBUG flower 2021-04-08 09:54:05,475 | numpy_client.py:228 | read: ReadRes(clock=24)
DEBUG flower 2021-04-08 09:54:05,484 | numpy_client.py:172 | fit, FitIns(clock=26)
DEBUG flower 2021-04-08 09:54:05,484 | numpy_client.py:260 | cached_clock: 24, curr_clock: 26
INFO flower 2021-04-08 09:54:10,010 | numpy_client.py:205 | Cache is fresh, return FitRes(clock=26)
DEBUG flower 2021-04-08 09:54:15,555 | numpy_client.py:172 | fit, FitIns(clock=27)
DEBUG flower 2021-04-08 09:54:15,556 | numpy_client.py:260 | cached_clock: 24, curr_clock: 27
INFO flower 2021-04-08 09:54:15,556 | numpy_client.py:184 | Cache is stale, return ReadIns
DEBUG flower 2021-04-08 09:54:19,703 | numpy_client.py:228 | read: ReadRes(clock=25)
DEBUG flower 2021-04-08 09:54:19,710 | numpy_client.py:172 | fit, FitIns(clock=27)
DEBUG flower 2021-04-08 09:54:19,710 | numpy_client.py:260 | cached_clock: 25, curr_clock: 27
INFO flower 2021-04-08 09:54:24,300 | numpy_client.py:205 | Cache is fresh, return FitRes(clock=27)
DEBUG flower 2021-04-08 09:54:28,939 | numpy_client.py:172 | fit, FitIns(clock=28)
DEBUG flower 2021-04-08 09:54:28,939 | numpy_client.py:260 | cached_clock: 25, curr_clock: 28
INFO flower 2021-04-08 09:54:28,939 | numpy_client.py:184 | Cache is stale, return ReadIns
DEBUG flower 2021-04-08 09:54:33,626 | numpy_client.py:228 | read: ReadRes(clock=26)
DEBUG flower 2021-04-08 09:54:33,633 | numpy_client.py:172 | fit, FitIns(clock=28)
DEBUG flower 2021-04-08 09:54:33,633 | numpy_client.py:260 | cached_clock: 26, curr_clock: 28
INFO flower 2021-04-08 09:54:38,291 | numpy_client.py:205 | Cache is fresh, return FitRes(clock=28)
DEBUG flower 2021-04-08 09:54:43,254 | numpy_client.py:172 | fit, FitIns(clock=29)
DEBUG flower 2021-04-08 09:54:43,254 | numpy_client.py:260 | cached_clock: 26, curr_clock: 29
INFO flower 2021-04-08 09:54:43,254 | numpy_client.py:184 | Cache is stale, return ReadIns
DEBUG flower 2021-04-08 09:54:47,775 | numpy_client.py:228 | read: ReadRes(clock=27)
DEBUG flower 2021-04-08 09:54:47,783 | numpy_client.py:172 | fit, FitIns(clock=29)
DEBUG flower 2021-04-08 09:54:47,783 | numpy_client.py:260 | cached_clock: 27, curr_clock: 29
INFO flower 2021-04-08 09:54:52,307 | numpy_client.py:205 | Cache is fresh, return FitRes(clock=29)
DEBUG flower 2021-04-08 09:54:56,525 | numpy_client.py:172 | fit, FitIns(clock=30)
DEBUG flower 2021-04-08 09:54:56,525 | numpy_client.py:260 | cached_clock: 27, curr_clock: 30
INFO flower 2021-04-08 09:54:56,533 | numpy_client.py:184 | Cache is stale, return ReadIns
DEBUG flower 2021-04-08 09:55:00,826 | numpy_client.py:228 | read: ReadRes(clock=28)
DEBUG flower 2021-04-08 09:55:00,834 | numpy_client.py:172 | fit, FitIns(clock=30)
DEBUG flower 2021-04-08 09:55:00,834 | numpy_client.py:260 | cached_clock: 28, curr_clock: 30
INFO flower 2021-04-08 09:55:05,395 | numpy_client.py:205 | Cache is fresh, return FitRes(clock=30)
DEBUG flower 2021-04-08 09:55:10,163 | numpy_client.py:172 | fit, FitIns(clock=31)
DEBUG flower 2021-04-08 09:55:10,163 | numpy_client.py:260 | cached_clock: 28, curr_clock: 31
INFO flower 2021-04-08 09:55:10,164 | numpy_client.py:184 | Cache is stale, return ReadIns
DEBUG flower 2021-04-08 09:55:14,275 | numpy_client.py:228 | read: ReadRes(clock=29)
DEBUG flower 2021-04-08 09:55:14,283 | numpy_client.py:172 | fit, FitIns(clock=31)
DEBUG flower 2021-04-08 09:55:14,283 | numpy_client.py:260 | cached_clock: 29, curr_clock: 31
INFO flower 2021-04-08 09:55:18,711 | numpy_client.py:205 | Cache is fresh, return FitRes(clock=31)
DEBUG flower 2021-04-08 09:55:23,539 | numpy_client.py:172 | fit, FitIns(clock=32)
DEBUG flower 2021-04-08 09:55:23,539 | numpy_client.py:260 | cached_clock: 29, curr_clock: 32
INFO flower 2021-04-08 09:55:23,539 | numpy_client.py:184 | Cache is stale, return ReadIns
DEBUG flower 2021-04-08 09:55:27,923 | numpy_client.py:228 | read: ReadRes(clock=30)
DEBUG flower 2021-04-08 09:55:27,930 | numpy_client.py:172 | fit, FitIns(clock=32)
DEBUG flower 2021-04-08 09:55:27,931 | numpy_client.py:260 | cached_clock: 30, curr_clock: 32
INFO flower 2021-04-08 09:55:32,205 | numpy_client.py:205 | Cache is fresh, return FitRes(clock=32)
DEBUG flower 2021-04-08 09:55:37,351 | numpy_client.py:172 | fit, FitIns(clock=33)
DEBUG flower 2021-04-08 09:55:37,351 | numpy_client.py:260 | cached_clock: 30, curr_clock: 33
INFO flower 2021-04-08 09:55:37,352 | numpy_client.py:184 | Cache is stale, return ReadIns
DEBUG flower 2021-04-08 09:55:41,575 | numpy_client.py:228 | read: ReadRes(clock=31)
DEBUG flower 2021-04-08 09:55:41,586 | numpy_client.py:172 | fit, FitIns(clock=33)
DEBUG flower 2021-04-08 09:55:41,586 | numpy_client.py:260 | cached_clock: 31, curr_clock: 33
INFO flower 2021-04-08 09:55:46,183 | numpy_client.py:205 | Cache is fresh, return FitRes(clock=33)
DEBUG flower 2021-04-08 09:55:50,680 | numpy_client.py:172 | fit, FitIns(clock=34)
DEBUG flower 2021-04-08 09:55:50,680 | numpy_client.py:260 | cached_clock: 31, curr_clock: 34
INFO flower 2021-04-08 09:55:50,680 | numpy_client.py:184 | Cache is stale, return ReadIns
DEBUG flower 2021-04-08 09:55:55,541 | numpy_client.py:228 | read: ReadRes(clock=32)
DEBUG flower 2021-04-08 09:55:55,549 | numpy_client.py:172 | fit, FitIns(clock=34)
DEBUG flower 2021-04-08 09:55:55,549 | numpy_client.py:260 | cached_clock: 32, curr_clock: 34
INFO flower 2021-04-08 09:56:00,082 | numpy_client.py:205 | Cache is fresh, return FitRes(clock=34)
DEBUG flower 2021-04-08 09:56:04,591 | numpy_client.py:172 | fit, FitIns(clock=35)
DEBUG flower 2021-04-08 09:56:04,591 | numpy_client.py:260 | cached_clock: 32, curr_clock: 35
INFO flower 2021-04-08 09:56:04,591 | numpy_client.py:184 | Cache is stale, return ReadIns
DEBUG flower 2021-04-08 09:56:08,925 | numpy_client.py:228 | read: ReadRes(clock=33)
DEBUG flower 2021-04-08 09:56:08,932 | numpy_client.py:172 | fit, FitIns(clock=35)
DEBUG flower 2021-04-08 09:56:08,932 | numpy_client.py:260 | cached_clock: 33, curr_clock: 35
INFO flower 2021-04-08 09:56:13,298 | numpy_client.py:205 | Cache is fresh, return FitRes(clock=35)
DEBUG flower 2021-04-08 09:56:18,213 | numpy_client.py:172 | fit, FitIns(clock=36)
DEBUG flower 2021-04-08 09:56:18,213 | numpy_client.py:260 | cached_clock: 33, curr_clock: 36
INFO flower 2021-04-08 09:56:18,213 | numpy_client.py:184 | Cache is stale, return ReadIns
DEBUG flower 2021-04-08 09:56:22,421 | numpy_client.py:228 | read: ReadRes(clock=34)
DEBUG flower 2021-04-08 09:56:22,429 | numpy_client.py:172 | fit, FitIns(clock=36)
DEBUG flower 2021-04-08 09:56:22,429 | numpy_client.py:260 | cached_clock: 34, curr_clock: 36
INFO flower 2021-04-08 09:56:26,994 | numpy_client.py:205 | Cache is fresh, return FitRes(clock=36)
DEBUG flower 2021-04-08 09:56:31,717 | numpy_client.py:172 | fit, FitIns(clock=37)
DEBUG flower 2021-04-08 09:56:31,718 | numpy_client.py:260 | cached_clock: 34, curr_clock: 37
INFO flower 2021-04-08 09:56:31,718 | numpy_client.py:184 | Cache is stale, return ReadIns
DEBUG flower 2021-04-08 09:56:36,175 | numpy_client.py:228 | read: ReadRes(clock=35)
DEBUG flower 2021-04-08 09:56:36,182 | numpy_client.py:172 | fit, FitIns(clock=37)
DEBUG flower 2021-04-08 09:56:36,182 | numpy_client.py:260 | cached_clock: 35, curr_clock: 37
INFO flower 2021-04-08 09:56:40,475 | numpy_client.py:205 | Cache is fresh, return FitRes(clock=37)
DEBUG flower 2021-04-08 09:56:46,618 | numpy_client.py:172 | fit, FitIns(clock=38)
DEBUG flower 2021-04-08 09:56:46,618 | numpy_client.py:260 | cached_clock: 35, curr_clock: 38
INFO flower 2021-04-08 09:56:46,618 | numpy_client.py:184 | Cache is stale, return ReadIns
DEBUG flower 2021-04-08 09:56:51,032 | numpy_client.py:228 | read: ReadRes(clock=36)
DEBUG flower 2021-04-08 09:56:51,040 | numpy_client.py:172 | fit, FitIns(clock=38)
DEBUG flower 2021-04-08 09:56:51,040 | numpy_client.py:260 | cached_clock: 36, curr_clock: 38
INFO flower 2021-04-08 09:56:55,574 | numpy_client.py:205 | Cache is fresh, return FitRes(clock=38)
DEBUG flower 2021-04-08 09:57:00,906 | numpy_client.py:172 | fit, FitIns(clock=39)
DEBUG flower 2021-04-08 09:57:00,906 | numpy_client.py:260 | cached_clock: 36, curr_clock: 39
INFO flower 2021-04-08 09:57:00,906 | numpy_client.py:184 | Cache is stale, return ReadIns
DEBUG flower 2021-04-08 09:57:05,375 | numpy_client.py:228 | read: ReadRes(clock=37)
DEBUG flower 2021-04-08 09:57:05,383 | numpy_client.py:172 | fit, FitIns(clock=39)
DEBUG flower 2021-04-08 09:57:05,383 | numpy_client.py:260 | cached_clock: 37, curr_clock: 39
INFO flower 2021-04-08 09:57:09,703 | numpy_client.py:205 | Cache is fresh, return FitRes(clock=39)
DEBUG flower 2021-04-08 09:57:14,627 | numpy_client.py:172 | fit, FitIns(clock=40)
DEBUG flower 2021-04-08 09:57:14,628 | numpy_client.py:260 | cached_clock: 37, curr_clock: 40
INFO flower 2021-04-08 09:57:14,628 | numpy_client.py:184 | Cache is stale, return ReadIns
DEBUG flower 2021-04-08 09:57:19,276 | numpy_client.py:228 | read: ReadRes(clock=38)
DEBUG flower 2021-04-08 09:57:19,283 | numpy_client.py:172 | fit, FitIns(clock=40)
DEBUG flower 2021-04-08 09:57:19,284 | numpy_client.py:260 | cached_clock: 38, curr_clock: 40
INFO flower 2021-04-08 09:57:23,625 | numpy_client.py:205 | Cache is fresh, return FitRes(clock=40)
DEBUG flower 2021-04-08 09:57:28,689 | numpy_client.py:172 | fit, FitIns(clock=41)
DEBUG flower 2021-04-08 09:57:28,689 | numpy_client.py:260 | cached_clock: 38, curr_clock: 41
INFO flower 2021-04-08 09:57:28,690 | numpy_client.py:184 | Cache is stale, return ReadIns
DEBUG flower 2021-04-08 09:57:33,275 | numpy_client.py:228 | read: ReadRes(clock=39)
DEBUG flower 2021-04-08 09:57:33,282 | numpy_client.py:172 | fit, FitIns(clock=41)
DEBUG flower 2021-04-08 09:57:33,282 | numpy_client.py:260 | cached_clock: 39, curr_clock: 41
INFO flower 2021-04-08 09:57:37,979 | numpy_client.py:205 | Cache is fresh, return FitRes(clock=41)
DEBUG flower 2021-04-08 09:57:42,354 | numpy_client.py:172 | fit, FitIns(clock=42)
DEBUG flower 2021-04-08 09:57:42,354 | numpy_client.py:260 | cached_clock: 39, curr_clock: 42
INFO flower 2021-04-08 09:57:42,354 | numpy_client.py:184 | Cache is stale, return ReadIns
DEBUG flower 2021-04-08 09:57:46,887 | numpy_client.py:228 | read: ReadRes(clock=40)
DEBUG flower 2021-04-08 09:57:46,897 | numpy_client.py:172 | fit, FitIns(clock=42)
DEBUG flower 2021-04-08 09:57:46,898 | numpy_client.py:260 | cached_clock: 40, curr_clock: 42
INFO flower 2021-04-08 09:57:51,291 | numpy_client.py:205 | Cache is fresh, return FitRes(clock=42)
DEBUG flower 2021-04-08 09:57:56,418 | numpy_client.py:172 | fit, FitIns(clock=43)
DEBUG flower 2021-04-08 09:57:56,418 | numpy_client.py:260 | cached_clock: 40, curr_clock: 43
INFO flower 2021-04-08 09:57:56,419 | numpy_client.py:184 | Cache is stale, return ReadIns
DEBUG flower 2021-04-08 09:58:00,776 | numpy_client.py:228 | read: ReadRes(clock=41)
DEBUG flower 2021-04-08 09:58:00,792 | numpy_client.py:172 | fit, FitIns(clock=43)
DEBUG flower 2021-04-08 09:58:00,792 | numpy_client.py:260 | cached_clock: 41, curr_clock: 43
INFO flower 2021-04-08 09:58:05,393 | numpy_client.py:205 | Cache is fresh, return FitRes(clock=43)
DEBUG flower 2021-04-08 09:58:10,031 | numpy_client.py:172 | fit, FitIns(clock=44)
DEBUG flower 2021-04-08 09:58:10,031 | numpy_client.py:260 | cached_clock: 41, curr_clock: 44
INFO flower 2021-04-08 09:58:10,032 | numpy_client.py:184 | Cache is stale, return ReadIns
DEBUG flower 2021-04-08 09:58:14,492 | numpy_client.py:228 | read: ReadRes(clock=42)
DEBUG flower 2021-04-08 09:58:14,499 | numpy_client.py:172 | fit, FitIns(clock=44)
DEBUG flower 2021-04-08 09:58:14,499 | numpy_client.py:260 | cached_clock: 42, curr_clock: 44
INFO flower 2021-04-08 09:58:18,790 | numpy_client.py:205 | Cache is fresh, return FitRes(clock=44)
DEBUG flower 2021-04-08 09:58:23,804 | numpy_client.py:172 | fit, FitIns(clock=45)
DEBUG flower 2021-04-08 09:58:23,804 | numpy_client.py:260 | cached_clock: 42, curr_clock: 45
INFO flower 2021-04-08 09:58:23,805 | numpy_client.py:184 | Cache is stale, return ReadIns
DEBUG flower 2021-04-08 09:58:28,422 | numpy_client.py:228 | read: ReadRes(clock=43)
DEBUG flower 2021-04-08 09:58:28,429 | numpy_client.py:172 | fit, FitIns(clock=45)
DEBUG flower 2021-04-08 09:58:28,429 | numpy_client.py:260 | cached_clock: 43, curr_clock: 45
INFO flower 2021-04-08 09:58:32,882 | numpy_client.py:205 | Cache is fresh, return FitRes(clock=45)
DEBUG flower 2021-04-08 09:58:37,616 | numpy_client.py:172 | fit, FitIns(clock=46)
DEBUG flower 2021-04-08 09:58:37,616 | numpy_client.py:260 | cached_clock: 43, curr_clock: 46
INFO flower 2021-04-08 09:58:37,616 | numpy_client.py:184 | Cache is stale, return ReadIns
DEBUG flower 2021-04-08 09:58:42,475 | numpy_client.py:228 | read: ReadRes(clock=44)
DEBUG flower 2021-04-08 09:58:42,483 | numpy_client.py:172 | fit, FitIns(clock=46)
DEBUG flower 2021-04-08 09:58:42,483 | numpy_client.py:260 | cached_clock: 44, curr_clock: 46
INFO flower 2021-04-08 09:58:47,092 | numpy_client.py:205 | Cache is fresh, return FitRes(clock=46)
DEBUG flower 2021-04-08 09:58:52,297 | numpy_client.py:172 | fit, FitIns(clock=47)
DEBUG flower 2021-04-08 09:58:52,297 | numpy_client.py:260 | cached_clock: 44, curr_clock: 47
INFO flower 2021-04-08 09:58:52,297 | numpy_client.py:184 | Cache is stale, return ReadIns
DEBUG flower 2021-04-08 09:58:56,975 | numpy_client.py:228 | read: ReadRes(clock=45)
DEBUG flower 2021-04-08 09:58:56,983 | numpy_client.py:172 | fit, FitIns(clock=47)
DEBUG flower 2021-04-08 09:58:56,983 | numpy_client.py:260 | cached_clock: 45, curr_clock: 47
INFO flower 2021-04-08 09:59:01,785 | numpy_client.py:205 | Cache is fresh, return FitRes(clock=47)
DEBUG flower 2021-04-08 09:59:06,460 | numpy_client.py:172 | fit, FitIns(clock=48)
DEBUG flower 2021-04-08 09:59:06,460 | numpy_client.py:260 | cached_clock: 45, curr_clock: 48
INFO flower 2021-04-08 09:59:06,460 | numpy_client.py:184 | Cache is stale, return ReadIns
DEBUG flower 2021-04-08 09:59:10,828 | numpy_client.py:228 | read: ReadRes(clock=46)
DEBUG flower 2021-04-08 09:59:10,836 | numpy_client.py:172 | fit, FitIns(clock=48)
DEBUG flower 2021-04-08 09:59:10,836 | numpy_client.py:260 | cached_clock: 46, curr_clock: 48
INFO flower 2021-04-08 09:59:15,593 | numpy_client.py:205 | Cache is fresh, return FitRes(clock=48)
DEBUG flower 2021-04-08 09:59:20,028 | numpy_client.py:172 | fit, FitIns(clock=49)
DEBUG flower 2021-04-08 09:59:20,028 | numpy_client.py:260 | cached_clock: 46, curr_clock: 49
INFO flower 2021-04-08 09:59:20,028 | numpy_client.py:184 | Cache is stale, return ReadIns
DEBUG flower 2021-04-08 09:59:24,268 | numpy_client.py:228 | read: ReadRes(clock=47)
DEBUG flower 2021-04-08 09:59:24,276 | numpy_client.py:172 | fit, FitIns(clock=49)
DEBUG flower 2021-04-08 09:59:24,276 | numpy_client.py:260 | cached_clock: 47, curr_clock: 49
INFO flower 2021-04-08 09:59:28,887 | numpy_client.py:205 | Cache is fresh, return FitRes(clock=49)
DEBUG flower 2021-04-08 09:59:33,604 | numpy_client.py:172 | fit, FitIns(clock=50)
DEBUG flower 2021-04-08 09:59:33,604 | numpy_client.py:260 | cached_clock: 47, curr_clock: 50
INFO flower 2021-04-08 09:59:33,604 | numpy_client.py:184 | Cache is stale, return ReadIns
DEBUG flower 2021-04-08 09:59:38,225 | numpy_client.py:228 | read: ReadRes(clock=48)
DEBUG flower 2021-04-08 09:59:38,233 | numpy_client.py:172 | fit, FitIns(clock=50)
DEBUG flower 2021-04-08 09:59:38,233 | numpy_client.py:260 | cached_clock: 48, curr_clock: 50
INFO flower 2021-04-08 09:59:42,506 | numpy_client.py:205 | Cache is fresh, return FitRes(clock=50)
DEBUG flower 2021-04-08 09:59:47,440 | numpy_client.py:172 | fit, FitIns(clock=51)
DEBUG flower 2021-04-08 09:59:47,440 | numpy_client.py:260 | cached_clock: 48, curr_clock: 51
INFO flower 2021-04-08 09:59:47,441 | numpy_client.py:184 | Cache is stale, return ReadIns
DEBUG flower 2021-04-08 09:59:51,775 | numpy_client.py:228 | read: ReadRes(clock=49)
DEBUG flower 2021-04-08 09:59:51,783 | numpy_client.py:172 | fit, FitIns(clock=51)
DEBUG flower 2021-04-08 09:59:51,783 | numpy_client.py:260 | cached_clock: 49, curr_clock: 51
INFO flower 2021-04-08 09:59:56,379 | numpy_client.py:205 | Cache is fresh, return FitRes(clock=51)
DEBUG flower 2021-04-08 10:00:01,025 | numpy_client.py:172 | fit, FitIns(clock=52)
DEBUG flower 2021-04-08 10:00:01,025 | numpy_client.py:260 | cached_clock: 49, curr_clock: 52
INFO flower 2021-04-08 10:00:01,025 | numpy_client.py:184 | Cache is stale, return ReadIns
DEBUG flower 2021-04-08 10:00:05,296 | numpy_client.py:228 | read: ReadRes(clock=50)
DEBUG flower 2021-04-08 10:00:05,304 | numpy_client.py:172 | fit, FitIns(clock=52)
DEBUG flower 2021-04-08 10:00:05,304 | numpy_client.py:260 | cached_clock: 50, curr_clock: 52
INFO flower 2021-04-08 10:00:09,799 | numpy_client.py:205 | Cache is fresh, return FitRes(clock=52)
DEBUG flower 2021-04-08 10:00:14,473 | numpy_client.py:172 | fit, FitIns(clock=53)
DEBUG flower 2021-04-08 10:00:14,473 | numpy_client.py:260 | cached_clock: 50, curr_clock: 53
INFO flower 2021-04-08 10:00:14,473 | numpy_client.py:184 | Cache is stale, return ReadIns
DEBUG flower 2021-04-08 10:00:18,578 | numpy_client.py:228 | read: ReadRes(clock=51)
DEBUG flower 2021-04-08 10:00:18,585 | numpy_client.py:172 | fit, FitIns(clock=53)
DEBUG flower 2021-04-08 10:00:18,585 | numpy_client.py:260 | cached_clock: 51, curr_clock: 53
INFO flower 2021-04-08 10:00:23,106 | numpy_client.py:205 | Cache is fresh, return FitRes(clock=53)
DEBUG flower 2021-04-08 10:00:27,678 | numpy_client.py:172 | fit, FitIns(clock=54)
DEBUG flower 2021-04-08 10:00:27,678 | numpy_client.py:260 | cached_clock: 51, curr_clock: 54
INFO flower 2021-04-08 10:00:27,678 | numpy_client.py:184 | Cache is stale, return ReadIns
DEBUG flower 2021-04-08 10:00:32,207 | numpy_client.py:228 | read: ReadRes(clock=52)
DEBUG flower 2021-04-08 10:00:32,215 | numpy_client.py:172 | fit, FitIns(clock=54)
DEBUG flower 2021-04-08 10:00:32,215 | numpy_client.py:260 | cached_clock: 52, curr_clock: 54
INFO flower 2021-04-08 10:00:36,483 | numpy_client.py:205 | Cache is fresh, return FitRes(clock=54)
DEBUG flower 2021-04-08 10:00:41,474 | numpy_client.py:172 | fit, FitIns(clock=55)
DEBUG flower 2021-04-08 10:00:41,474 | numpy_client.py:260 | cached_clock: 52, curr_clock: 55
INFO flower 2021-04-08 10:00:41,474 | numpy_client.py:184 | Cache is stale, return ReadIns
DEBUG flower 2021-04-08 10:00:45,648 | numpy_client.py:228 | read: ReadRes(clock=53)
DEBUG flower 2021-04-08 10:00:45,656 | numpy_client.py:172 | fit, FitIns(clock=55)
DEBUG flower 2021-04-08 10:00:45,656 | numpy_client.py:260 | cached_clock: 53, curr_clock: 55
INFO flower 2021-04-08 10:00:50,097 | numpy_client.py:205 | Cache is fresh, return FitRes(clock=55)
DEBUG flower 2021-04-08 10:00:55,061 | numpy_client.py:172 | fit, FitIns(clock=56)
DEBUG flower 2021-04-08 10:00:55,062 | numpy_client.py:260 | cached_clock: 53, curr_clock: 56
INFO flower 2021-04-08 10:00:55,062 | numpy_client.py:184 | Cache is stale, return ReadIns
DEBUG flower 2021-04-08 10:00:59,675 | numpy_client.py:228 | read: ReadRes(clock=54)
DEBUG flower 2021-04-08 10:00:59,692 | numpy_client.py:172 | fit, FitIns(clock=56)
DEBUG flower 2021-04-08 10:00:59,692 | numpy_client.py:260 | cached_clock: 54, curr_clock: 56
INFO flower 2021-04-08 10:01:04,087 | numpy_client.py:205 | Cache is fresh, return FitRes(clock=56)
DEBUG flower 2021-04-08 10:01:08,792 | numpy_client.py:172 | fit, FitIns(clock=57)
DEBUG flower 2021-04-08 10:01:08,793 | numpy_client.py:260 | cached_clock: 54, curr_clock: 57
INFO flower 2021-04-08 10:01:08,793 | numpy_client.py:184 | Cache is stale, return ReadIns
DEBUG flower 2021-04-08 10:01:13,475 | numpy_client.py:228 | read: ReadRes(clock=55)
DEBUG flower 2021-04-08 10:01:13,483 | numpy_client.py:172 | fit, FitIns(clock=57)
DEBUG flower 2021-04-08 10:01:13,483 | numpy_client.py:260 | cached_clock: 55, curr_clock: 57
INFO flower 2021-04-08 10:01:17,981 | numpy_client.py:205 | Cache is fresh, return FitRes(clock=57)
DEBUG flower 2021-04-08 10:01:22,683 | numpy_client.py:172 | fit, FitIns(clock=58)
DEBUG flower 2021-04-08 10:01:22,683 | numpy_client.py:260 | cached_clock: 55, curr_clock: 58
INFO flower 2021-04-08 10:01:22,683 | numpy_client.py:184 | Cache is stale, return ReadIns
DEBUG flower 2021-04-08 10:01:27,175 | numpy_client.py:228 | read: ReadRes(clock=56)
DEBUG flower 2021-04-08 10:01:27,183 | numpy_client.py:172 | fit, FitIns(clock=58)
DEBUG flower 2021-04-08 10:01:27,183 | numpy_client.py:260 | cached_clock: 56, curr_clock: 58
INFO flower 2021-04-08 10:01:31,699 | numpy_client.py:205 | Cache is fresh, return FitRes(clock=58)
DEBUG flower 2021-04-08 10:01:36,391 | numpy_client.py:172 | fit, FitIns(clock=59)
DEBUG flower 2021-04-08 10:01:36,391 | numpy_client.py:260 | cached_clock: 56, curr_clock: 59
INFO flower 2021-04-08 10:01:36,391 | numpy_client.py:184 | Cache is stale, return ReadIns
DEBUG flower 2021-04-08 10:01:41,023 | numpy_client.py:228 | read: ReadRes(clock=57)
DEBUG flower 2021-04-08 10:01:41,031 | numpy_client.py:172 | fit, FitIns(clock=59)
DEBUG flower 2021-04-08 10:01:41,031 | numpy_client.py:260 | cached_clock: 57, curr_clock: 59
INFO flower 2021-04-08 10:01:45,379 | numpy_client.py:205 | Cache is fresh, return FitRes(clock=59)
DEBUG flower 2021-04-08 10:01:50,271 | numpy_client.py:172 | fit, FitIns(clock=60)
DEBUG flower 2021-04-08 10:01:50,271 | numpy_client.py:260 | cached_clock: 57, curr_clock: 60
INFO flower 2021-04-08 10:01:50,271 | numpy_client.py:184 | Cache is stale, return ReadIns
DEBUG flower 2021-04-08 10:01:54,530 | numpy_client.py:228 | read: ReadRes(clock=58)
DEBUG flower 2021-04-08 10:01:54,537 | numpy_client.py:172 | fit, FitIns(clock=60)
DEBUG flower 2021-04-08 10:01:54,537 | numpy_client.py:260 | cached_clock: 58, curr_clock: 60
INFO flower 2021-04-08 10:01:58,986 | numpy_client.py:205 | Cache is fresh, return FitRes(clock=60)
DEBUG flower 2021-04-08 10:02:03,719 | numpy_client.py:172 | fit, FitIns(clock=61)
DEBUG flower 2021-04-08 10:02:03,719 | numpy_client.py:260 | cached_clock: 58, curr_clock: 61
INFO flower 2021-04-08 10:02:03,719 | numpy_client.py:184 | Cache is stale, return ReadIns
DEBUG flower 2021-04-08 10:02:08,275 | numpy_client.py:228 | read: ReadRes(clock=59)
DEBUG flower 2021-04-08 10:02:08,283 | numpy_client.py:172 | fit, FitIns(clock=61)
DEBUG flower 2021-04-08 10:02:08,283 | numpy_client.py:260 | cached_clock: 59, curr_clock: 61
INFO flower 2021-04-08 10:02:12,783 | numpy_client.py:205 | Cache is fresh, return FitRes(clock=61)
DEBUG flower 2021-04-08 10:02:18,515 | numpy_client.py:172 | fit, FitIns(clock=62)
DEBUG flower 2021-04-08 10:02:18,515 | numpy_client.py:260 | cached_clock: 59, curr_clock: 62
INFO flower 2021-04-08 10:02:18,515 | numpy_client.py:184 | Cache is stale, return ReadIns
DEBUG flower 2021-04-08 10:02:23,231 | numpy_client.py:228 | read: ReadRes(clock=60)
DEBUG flower 2021-04-08 10:02:23,238 | numpy_client.py:172 | fit, FitIns(clock=62)
DEBUG flower 2021-04-08 10:02:23,238 | numpy_client.py:260 | cached_clock: 60, curr_clock: 62
INFO flower 2021-04-08 10:02:27,710 | numpy_client.py:205 | Cache is fresh, return FitRes(clock=62)
DEBUG flower 2021-04-08 10:02:32,924 | numpy_client.py:172 | fit, FitIns(clock=63)
DEBUG flower 2021-04-08 10:02:32,924 | numpy_client.py:260 | cached_clock: 60, curr_clock: 63
INFO flower 2021-04-08 10:02:32,924 | numpy_client.py:184 | Cache is stale, return ReadIns
DEBUG flower 2021-04-08 10:02:37,541 | numpy_client.py:228 | read: ReadRes(clock=61)
DEBUG flower 2021-04-08 10:02:37,549 | numpy_client.py:172 | fit, FitIns(clock=63)
DEBUG flower 2021-04-08 10:02:37,549 | numpy_client.py:260 | cached_clock: 61, curr_clock: 63
INFO flower 2021-04-08 10:02:41,701 | numpy_client.py:205 | Cache is fresh, return FitRes(clock=63)
DEBUG flower 2021-04-08 10:02:46,376 | numpy_client.py:172 | fit, FitIns(clock=64)
DEBUG flower 2021-04-08 10:02:46,377 | numpy_client.py:260 | cached_clock: 61, curr_clock: 64
INFO flower 2021-04-08 10:02:46,377 | numpy_client.py:184 | Cache is stale, return ReadIns
DEBUG flower 2021-04-08 10:02:50,838 | numpy_client.py:228 | read: ReadRes(clock=62)
DEBUG flower 2021-04-08 10:02:50,846 | numpy_client.py:172 | fit, FitIns(clock=64)
DEBUG flower 2021-04-08 10:02:50,846 | numpy_client.py:260 | cached_clock: 62, curr_clock: 64
INFO flower 2021-04-08 10:02:55,299 | numpy_client.py:205 | Cache is fresh, return FitRes(clock=64)
DEBUG flower 2021-04-08 10:02:59,746 | numpy_client.py:172 | fit, FitIns(clock=65)
DEBUG flower 2021-04-08 10:02:59,746 | numpy_client.py:260 | cached_clock: 62, curr_clock: 65
INFO flower 2021-04-08 10:02:59,747 | numpy_client.py:184 | Cache is stale, return ReadIns
DEBUG flower 2021-04-08 10:03:04,227 | numpy_client.py:228 | read: ReadRes(clock=63)
DEBUG flower 2021-04-08 10:03:04,234 | numpy_client.py:172 | fit, FitIns(clock=65)
DEBUG flower 2021-04-08 10:03:04,235 | numpy_client.py:260 | cached_clock: 63, curr_clock: 65
INFO flower 2021-04-08 10:03:08,498 | numpy_client.py:205 | Cache is fresh, return FitRes(clock=65)
DEBUG flower 2021-04-08 10:03:13,304 | numpy_client.py:172 | fit, FitIns(clock=66)
DEBUG flower 2021-04-08 10:03:13,304 | numpy_client.py:260 | cached_clock: 63, curr_clock: 66
INFO flower 2021-04-08 10:03:13,304 | numpy_client.py:184 | Cache is stale, return ReadIns
DEBUG flower 2021-04-08 10:03:18,101 | numpy_client.py:228 | read: ReadRes(clock=64)
DEBUG flower 2021-04-08 10:03:18,109 | numpy_client.py:172 | fit, FitIns(clock=66)
DEBUG flower 2021-04-08 10:03:18,109 | numpy_client.py:260 | cached_clock: 64, curr_clock: 66
INFO flower 2021-04-08 10:03:22,685 | numpy_client.py:205 | Cache is fresh, return FitRes(clock=66)
DEBUG flower 2021-04-08 10:03:26,753 | numpy_client.py:172 | fit, FitIns(clock=67)
DEBUG flower 2021-04-08 10:03:26,753 | numpy_client.py:260 | cached_clock: 64, curr_clock: 67
INFO flower 2021-04-08 10:03:26,753 | numpy_client.py:184 | Cache is stale, return ReadIns
DEBUG flower 2021-04-08 10:03:31,222 | numpy_client.py:228 | read: ReadRes(clock=65)
DEBUG flower 2021-04-08 10:03:31,230 | numpy_client.py:172 | fit, FitIns(clock=67)
DEBUG flower 2021-04-08 10:03:31,230 | numpy_client.py:260 | cached_clock: 65, curr_clock: 67
INFO flower 2021-04-08 10:03:35,701 | numpy_client.py:205 | Cache is fresh, return FitRes(clock=67)
DEBUG flower 2021-04-08 10:03:40,451 | numpy_client.py:172 | fit, FitIns(clock=68)
DEBUG flower 2021-04-08 10:03:40,451 | numpy_client.py:260 | cached_clock: 65, curr_clock: 68
INFO flower 2021-04-08 10:03:40,451 | numpy_client.py:184 | Cache is stale, return ReadIns
DEBUG flower 2021-04-08 10:03:44,818 | numpy_client.py:228 | read: ReadRes(clock=66)
DEBUG flower 2021-04-08 10:03:44,826 | numpy_client.py:172 | fit, FitIns(clock=68)
DEBUG flower 2021-04-08 10:03:44,826 | numpy_client.py:260 | cached_clock: 66, curr_clock: 68
INFO flower 2021-04-08 10:03:49,112 | numpy_client.py:205 | Cache is fresh, return FitRes(clock=68)
DEBUG flower 2021-04-08 10:03:54,139 | numpy_client.py:172 | fit, FitIns(clock=69)
DEBUG flower 2021-04-08 10:03:54,139 | numpy_client.py:260 | cached_clock: 66, curr_clock: 69
INFO flower 2021-04-08 10:03:54,139 | numpy_client.py:184 | Cache is stale, return ReadIns
DEBUG flower 2021-04-08 10:03:58,356 | numpy_client.py:228 | read: ReadRes(clock=67)
DEBUG flower 2021-04-08 10:03:58,363 | numpy_client.py:172 | fit, FitIns(clock=69)
DEBUG flower 2021-04-08 10:03:58,364 | numpy_client.py:260 | cached_clock: 67, curr_clock: 69
INFO flower 2021-04-08 10:04:02,985 | numpy_client.py:205 | Cache is fresh, return FitRes(clock=69)
DEBUG flower 2021-04-08 10:04:07,551 | numpy_client.py:172 | fit, FitIns(clock=70)
DEBUG flower 2021-04-08 10:04:07,551 | numpy_client.py:260 | cached_clock: 67, curr_clock: 70
INFO flower 2021-04-08 10:04:07,551 | numpy_client.py:184 | Cache is stale, return ReadIns
DEBUG flower 2021-04-08 10:04:11,875 | numpy_client.py:228 | read: ReadRes(clock=68)
DEBUG flower 2021-04-08 10:04:11,883 | numpy_client.py:172 | fit, FitIns(clock=70)
DEBUG flower 2021-04-08 10:04:11,883 | numpy_client.py:260 | cached_clock: 68, curr_clock: 70
INFO flower 2021-04-08 10:04:16,293 | numpy_client.py:205 | Cache is fresh, return FitRes(clock=70)
DEBUG flower 2021-04-08 10:04:21,054 | numpy_client.py:172 | fit, FitIns(clock=71)
DEBUG flower 2021-04-08 10:04:21,054 | numpy_client.py:260 | cached_clock: 68, curr_clock: 71
INFO flower 2021-04-08 10:04:21,054 | numpy_client.py:184 | Cache is stale, return ReadIns
DEBUG flower 2021-04-08 10:04:25,275 | numpy_client.py:228 | read: ReadRes(clock=69)
DEBUG flower 2021-04-08 10:04:25,283 | numpy_client.py:172 | fit, FitIns(clock=71)
DEBUG flower 2021-04-08 10:04:25,283 | numpy_client.py:260 | cached_clock: 69, curr_clock: 71
INFO flower 2021-04-08 10:04:29,983 | numpy_client.py:205 | Cache is fresh, return FitRes(clock=71)
DEBUG flower 2021-04-08 10:04:34,245 | numpy_client.py:172 | fit, FitIns(clock=72)
DEBUG flower 2021-04-08 10:04:34,246 | numpy_client.py:260 | cached_clock: 69, curr_clock: 72
INFO flower 2021-04-08 10:04:34,246 | numpy_client.py:184 | Cache is stale, return ReadIns
DEBUG flower 2021-04-08 10:04:38,676 | numpy_client.py:228 | read: ReadRes(clock=70)
DEBUG flower 2021-04-08 10:04:38,683 | numpy_client.py:172 | fit, FitIns(clock=72)
DEBUG flower 2021-04-08 10:04:38,683 | numpy_client.py:260 | cached_clock: 70, curr_clock: 72
INFO flower 2021-04-08 10:04:43,180 | numpy_client.py:205 | Cache is fresh, return FitRes(clock=72)
DEBUG flower 2021-04-08 10:04:47,787 | numpy_client.py:172 | fit, FitIns(clock=73)
DEBUG flower 2021-04-08 10:04:47,787 | numpy_client.py:260 | cached_clock: 70, curr_clock: 73
INFO flower 2021-04-08 10:04:47,787 | numpy_client.py:184 | Cache is stale, return ReadIns
DEBUG flower 2021-04-08 10:04:51,875 | numpy_client.py:228 | read: ReadRes(clock=71)
DEBUG flower 2021-04-08 10:04:51,883 | numpy_client.py:172 | fit, FitIns(clock=73)
DEBUG flower 2021-04-08 10:04:51,883 | numpy_client.py:260 | cached_clock: 71, curr_clock: 73
INFO flower 2021-04-08 10:04:56,282 | numpy_client.py:205 | Cache is fresh, return FitRes(clock=73)
DEBUG flower 2021-04-08 10:05:00,836 | numpy_client.py:172 | fit, FitIns(clock=74)
DEBUG flower 2021-04-08 10:05:00,836 | numpy_client.py:260 | cached_clock: 71, curr_clock: 74
INFO flower 2021-04-08 10:05:00,837 | numpy_client.py:184 | Cache is stale, return ReadIns
DEBUG flower 2021-04-08 10:05:05,142 | numpy_client.py:228 | read: ReadRes(clock=72)
DEBUG flower 2021-04-08 10:05:05,149 | numpy_client.py:172 | fit, FitIns(clock=74)
DEBUG flower 2021-04-08 10:05:05,150 | numpy_client.py:260 | cached_clock: 72, curr_clock: 74
INFO flower 2021-04-08 10:05:09,910 | numpy_client.py:205 | Cache is fresh, return FitRes(clock=74)
DEBUG flower 2021-04-08 10:05:14,602 | numpy_client.py:172 | fit, FitIns(clock=75)
DEBUG flower 2021-04-08 10:05:14,602 | numpy_client.py:260 | cached_clock: 72, curr_clock: 75
INFO flower 2021-04-08 10:05:14,602 | numpy_client.py:184 | Cache is stale, return ReadIns
DEBUG flower 2021-04-08 10:05:18,840 | numpy_client.py:228 | read: ReadRes(clock=73)
DEBUG flower 2021-04-08 10:05:18,848 | numpy_client.py:172 | fit, FitIns(clock=75)
DEBUG flower 2021-04-08 10:05:18,848 | numpy_client.py:260 | cached_clock: 73, curr_clock: 75
INFO flower 2021-04-08 10:05:23,291 | numpy_client.py:205 | Cache is fresh, return FitRes(clock=75)
DEBUG flower 2021-04-08 10:05:28,041 | numpy_client.py:172 | fit, FitIns(clock=76)
DEBUG flower 2021-04-08 10:05:28,041 | numpy_client.py:260 | cached_clock: 73, curr_clock: 76
INFO flower 2021-04-08 10:05:28,041 | numpy_client.py:184 | Cache is stale, return ReadIns
DEBUG flower 2021-04-08 10:05:32,575 | numpy_client.py:228 | read: ReadRes(clock=74)
DEBUG flower 2021-04-08 10:05:32,582 | numpy_client.py:172 | fit, FitIns(clock=76)
DEBUG flower 2021-04-08 10:05:32,582 | numpy_client.py:260 | cached_clock: 74, curr_clock: 76
INFO flower 2021-04-08 10:05:37,180 | numpy_client.py:205 | Cache is fresh, return FitRes(clock=76)
DEBUG flower 2021-04-08 10:05:41,607 | numpy_client.py:172 | fit, FitIns(clock=77)
DEBUG flower 2021-04-08 10:05:41,607 | numpy_client.py:260 | cached_clock: 74, curr_clock: 77
INFO flower 2021-04-08 10:05:41,607 | numpy_client.py:184 | Cache is stale, return ReadIns
DEBUG flower 2021-04-08 10:05:46,132 | numpy_client.py:228 | read: ReadRes(clock=75)
DEBUG flower 2021-04-08 10:05:46,139 | numpy_client.py:172 | fit, FitIns(clock=77)
DEBUG flower 2021-04-08 10:05:46,139 | numpy_client.py:260 | cached_clock: 75, curr_clock: 77
INFO flower 2021-04-08 10:05:50,590 | numpy_client.py:205 | Cache is fresh, return FitRes(clock=77)
DEBUG flower 2021-04-08 10:05:55,205 | numpy_client.py:172 | fit, FitIns(clock=78)
DEBUG flower 2021-04-08 10:05:55,205 | numpy_client.py:260 | cached_clock: 75, curr_clock: 78
INFO flower 2021-04-08 10:05:55,205 | numpy_client.py:184 | Cache is stale, return ReadIns
DEBUG flower 2021-04-08 10:05:59,722 | numpy_client.py:228 | read: ReadRes(clock=76)
DEBUG flower 2021-04-08 10:05:59,730 | numpy_client.py:172 | fit, FitIns(clock=78)
DEBUG flower 2021-04-08 10:05:59,730 | numpy_client.py:260 | cached_clock: 76, curr_clock: 78
INFO flower 2021-04-08 10:06:04,073 | numpy_client.py:205 | Cache is fresh, return FitRes(clock=78)
DEBUG flower 2021-04-08 10:06:08,915 | numpy_client.py:172 | fit, FitIns(clock=79)
DEBUG flower 2021-04-08 10:06:08,915 | numpy_client.py:260 | cached_clock: 76, curr_clock: 79
INFO flower 2021-04-08 10:06:08,915 | numpy_client.py:184 | Cache is stale, return ReadIns
DEBUG flower 2021-04-08 10:06:13,770 | numpy_client.py:228 | read: ReadRes(clock=77)
DEBUG flower 2021-04-08 10:06:13,778 | numpy_client.py:172 | fit, FitIns(clock=79)
DEBUG flower 2021-04-08 10:06:13,778 | numpy_client.py:260 | cached_clock: 77, curr_clock: 79
INFO flower 2021-04-08 10:06:18,304 | numpy_client.py:205 | Cache is fresh, return FitRes(clock=79)
DEBUG flower 2021-04-08 10:06:23,388 | numpy_client.py:172 | fit, FitIns(clock=80)
DEBUG flower 2021-04-08 10:06:23,389 | numpy_client.py:260 | cached_clock: 77, curr_clock: 80
INFO flower 2021-04-08 10:06:23,389 | numpy_client.py:184 | Cache is stale, return ReadIns
DEBUG flower 2021-04-08 10:06:27,745 | numpy_client.py:228 | read: ReadRes(clock=78)
DEBUG flower 2021-04-08 10:06:27,753 | numpy_client.py:172 | fit, FitIns(clock=80)
DEBUG flower 2021-04-08 10:06:27,753 | numpy_client.py:260 | cached_clock: 78, curr_clock: 80
INFO flower 2021-04-08 10:06:32,284 | numpy_client.py:205 | Cache is fresh, return FitRes(clock=80)
DEBUG flower 2021-04-08 10:06:37,176 | numpy_client.py:172 | fit, FitIns(clock=81)
DEBUG flower 2021-04-08 10:06:37,176 | numpy_client.py:260 | cached_clock: 78, curr_clock: 81
INFO flower 2021-04-08 10:06:37,176 | numpy_client.py:184 | Cache is stale, return ReadIns
DEBUG flower 2021-04-08 10:06:41,575 | numpy_client.py:228 | read: ReadRes(clock=79)
DEBUG flower 2021-04-08 10:06:41,582 | numpy_client.py:172 | fit, FitIns(clock=81)
DEBUG flower 2021-04-08 10:06:41,582 | numpy_client.py:260 | cached_clock: 79, curr_clock: 81
INFO flower 2021-04-08 10:06:46,003 | numpy_client.py:205 | Cache is fresh, return FitRes(clock=81)
DEBUG flower 2021-04-08 10:06:51,057 | numpy_client.py:172 | fit, FitIns(clock=82)
DEBUG flower 2021-04-08 10:06:51,058 | numpy_client.py:260 | cached_clock: 79, curr_clock: 82
INFO flower 2021-04-08 10:06:51,058 | numpy_client.py:184 | Cache is stale, return ReadIns
DEBUG flower 2021-04-08 10:06:55,804 | numpy_client.py:228 | read: ReadRes(clock=80)
DEBUG flower 2021-04-08 10:06:55,811 | numpy_client.py:172 | fit, FitIns(clock=82)
DEBUG flower 2021-04-08 10:06:55,812 | numpy_client.py:260 | cached_clock: 80, curr_clock: 82
INFO flower 2021-04-08 10:07:00,188 | numpy_client.py:205 | Cache is fresh, return FitRes(clock=82)
DEBUG flower 2021-04-08 10:07:04,513 | numpy_client.py:172 | fit, FitIns(clock=83)
DEBUG flower 2021-04-08 10:07:04,513 | numpy_client.py:260 | cached_clock: 80, curr_clock: 83
INFO flower 2021-04-08 10:07:04,513 | numpy_client.py:184 | Cache is stale, return ReadIns
DEBUG flower 2021-04-08 10:07:09,235 | numpy_client.py:228 | read: ReadRes(clock=81)
DEBUG flower 2021-04-08 10:07:09,243 | numpy_client.py:172 | fit, FitIns(clock=83)
DEBUG flower 2021-04-08 10:07:09,243 | numpy_client.py:260 | cached_clock: 81, curr_clock: 83
INFO flower 2021-04-08 10:07:13,687 | numpy_client.py:205 | Cache is fresh, return FitRes(clock=83)
DEBUG flower 2021-04-08 10:07:17,940 | numpy_client.py:172 | fit, FitIns(clock=84)
DEBUG flower 2021-04-08 10:07:17,941 | numpy_client.py:260 | cached_clock: 81, curr_clock: 84
INFO flower 2021-04-08 10:07:17,941 | numpy_client.py:184 | Cache is stale, return ReadIns
DEBUG flower 2021-04-08 10:07:22,416 | numpy_client.py:228 | read: ReadRes(clock=82)
DEBUG flower 2021-04-08 10:07:22,424 | numpy_client.py:172 | fit, FitIns(clock=84)
DEBUG flower 2021-04-08 10:07:22,424 | numpy_client.py:260 | cached_clock: 82, curr_clock: 84
INFO flower 2021-04-08 10:07:26,981 | numpy_client.py:205 | Cache is fresh, return FitRes(clock=84)
DEBUG flower 2021-04-08 10:07:31,308 | numpy_client.py:172 | fit, FitIns(clock=85)
DEBUG flower 2021-04-08 10:07:31,308 | numpy_client.py:260 | cached_clock: 82, curr_clock: 85
INFO flower 2021-04-08 10:07:31,309 | numpy_client.py:184 | Cache is stale, return ReadIns
DEBUG flower 2021-04-08 10:07:35,711 | numpy_client.py:228 | read: ReadRes(clock=83)
DEBUG flower 2021-04-08 10:07:35,718 | numpy_client.py:172 | fit, FitIns(clock=85)
DEBUG flower 2021-04-08 10:07:35,718 | numpy_client.py:260 | cached_clock: 83, curr_clock: 85
INFO flower 2021-04-08 10:07:40,312 | numpy_client.py:205 | Cache is fresh, return FitRes(clock=85)
DEBUG flower 2021-04-08 10:07:45,070 | numpy_client.py:172 | fit, FitIns(clock=86)
DEBUG flower 2021-04-08 10:07:45,071 | numpy_client.py:260 | cached_clock: 83, curr_clock: 86
INFO flower 2021-04-08 10:07:45,071 | numpy_client.py:184 | Cache is stale, return ReadIns
DEBUG flower 2021-04-08 10:07:49,790 | numpy_client.py:228 | read: ReadRes(clock=84)
DEBUG flower 2021-04-08 10:07:49,797 | numpy_client.py:172 | fit, FitIns(clock=86)
DEBUG flower 2021-04-08 10:07:49,797 | numpy_client.py:260 | cached_clock: 84, curr_clock: 86
INFO flower 2021-04-08 10:07:54,211 | numpy_client.py:205 | Cache is fresh, return FitRes(clock=86)
DEBUG flower 2021-04-08 10:07:59,435 | numpy_client.py:172 | fit, FitIns(clock=87)
DEBUG flower 2021-04-08 10:07:59,435 | numpy_client.py:260 | cached_clock: 84, curr_clock: 87
INFO flower 2021-04-08 10:07:59,436 | numpy_client.py:184 | Cache is stale, return ReadIns
DEBUG flower 2021-04-08 10:08:03,806 | numpy_client.py:228 | read: ReadRes(clock=85)
DEBUG flower 2021-04-08 10:08:03,812 | numpy_client.py:172 | fit, FitIns(clock=87)
DEBUG flower 2021-04-08 10:08:03,813 | numpy_client.py:260 | cached_clock: 85, curr_clock: 87
INFO flower 2021-04-08 10:08:08,288 | numpy_client.py:205 | Cache is fresh, return FitRes(clock=87)
DEBUG flower 2021-04-08 10:08:13,209 | numpy_client.py:172 | fit, FitIns(clock=88)
DEBUG flower 2021-04-08 10:08:13,209 | numpy_client.py:260 | cached_clock: 85, curr_clock: 88
INFO flower 2021-04-08 10:08:13,209 | numpy_client.py:184 | Cache is stale, return ReadIns
DEBUG flower 2021-04-08 10:08:17,474 | numpy_client.py:228 | read: ReadRes(clock=86)
DEBUG flower 2021-04-08 10:08:17,482 | numpy_client.py:172 | fit, FitIns(clock=88)
DEBUG flower 2021-04-08 10:08:17,482 | numpy_client.py:260 | cached_clock: 86, curr_clock: 88
INFO flower 2021-04-08 10:08:22,100 | numpy_client.py:205 | Cache is fresh, return FitRes(clock=88)
DEBUG flower 2021-04-08 10:08:26,787 | numpy_client.py:172 | fit, FitIns(clock=89)
DEBUG flower 2021-04-08 10:08:26,787 | numpy_client.py:260 | cached_clock: 86, curr_clock: 89
INFO flower 2021-04-08 10:08:26,787 | numpy_client.py:184 | Cache is stale, return ReadIns
DEBUG flower 2021-04-08 10:08:31,134 | numpy_client.py:228 | read: ReadRes(clock=87)
DEBUG flower 2021-04-08 10:08:31,141 | numpy_client.py:172 | fit, FitIns(clock=89)
DEBUG flower 2021-04-08 10:08:31,141 | numpy_client.py:260 | cached_clock: 87, curr_clock: 89
INFO flower 2021-04-08 10:08:35,394 | numpy_client.py:205 | Cache is fresh, return FitRes(clock=89)
DEBUG flower 2021-04-08 10:08:40,446 | numpy_client.py:172 | fit, FitIns(clock=90)
DEBUG flower 2021-04-08 10:08:40,447 | numpy_client.py:260 | cached_clock: 87, curr_clock: 90
INFO flower 2021-04-08 10:08:40,447 | numpy_client.py:184 | Cache is stale, return ReadIns
DEBUG flower 2021-04-08 10:08:44,875 | numpy_client.py:228 | read: ReadRes(clock=88)
DEBUG flower 2021-04-08 10:08:44,883 | numpy_client.py:172 | fit, FitIns(clock=90)
DEBUG flower 2021-04-08 10:08:44,883 | numpy_client.py:260 | cached_clock: 88, curr_clock: 90
INFO flower 2021-04-08 10:08:49,297 | numpy_client.py:205 | Cache is fresh, return FitRes(clock=90)
DEBUG flower 2021-04-08 10:08:54,073 | numpy_client.py:172 | fit, FitIns(clock=91)
DEBUG flower 2021-04-08 10:08:54,073 | numpy_client.py:260 | cached_clock: 88, curr_clock: 91
INFO flower 2021-04-08 10:08:54,073 | numpy_client.py:184 | Cache is stale, return ReadIns
DEBUG flower 2021-04-08 10:08:58,716 | numpy_client.py:228 | read: ReadRes(clock=89)
DEBUG flower 2021-04-08 10:08:58,724 | numpy_client.py:172 | fit, FitIns(clock=91)
DEBUG flower 2021-04-08 10:08:58,724 | numpy_client.py:260 | cached_clock: 89, curr_clock: 91
INFO flower 2021-04-08 10:09:03,499 | numpy_client.py:205 | Cache is fresh, return FitRes(clock=91)
DEBUG flower 2021-04-08 10:09:08,032 | numpy_client.py:172 | fit, FitIns(clock=92)
DEBUG flower 2021-04-08 10:09:08,032 | numpy_client.py:260 | cached_clock: 89, curr_clock: 92
INFO flower 2021-04-08 10:09:08,032 | numpy_client.py:184 | Cache is stale, return ReadIns
DEBUG flower 2021-04-08 10:09:12,675 | numpy_client.py:228 | read: ReadRes(clock=90)
DEBUG flower 2021-04-08 10:09:12,683 | numpy_client.py:172 | fit, FitIns(clock=92)
DEBUG flower 2021-04-08 10:09:12,683 | numpy_client.py:260 | cached_clock: 90, curr_clock: 92
INFO flower 2021-04-08 10:09:17,107 | numpy_client.py:205 | Cache is fresh, return FitRes(clock=92)
DEBUG flower 2021-04-08 10:09:21,996 | numpy_client.py:172 | fit, FitIns(clock=93)
DEBUG flower 2021-04-08 10:09:21,996 | numpy_client.py:260 | cached_clock: 90, curr_clock: 93
INFO flower 2021-04-08 10:09:21,997 | numpy_client.py:184 | Cache is stale, return ReadIns
DEBUG flower 2021-04-08 10:09:26,386 | numpy_client.py:228 | read: ReadRes(clock=91)
DEBUG flower 2021-04-08 10:09:26,393 | numpy_client.py:172 | fit, FitIns(clock=93)
DEBUG flower 2021-04-08 10:09:26,393 | numpy_client.py:260 | cached_clock: 91, curr_clock: 93
INFO flower 2021-04-08 10:09:31,078 | numpy_client.py:205 | Cache is fresh, return FitRes(clock=93)
DEBUG flower 2021-04-08 10:09:35,875 | numpy_client.py:172 | fit, FitIns(clock=94)
DEBUG flower 2021-04-08 10:09:35,875 | numpy_client.py:260 | cached_clock: 91, curr_clock: 94
INFO flower 2021-04-08 10:09:35,875 | numpy_client.py:184 | Cache is stale, return ReadIns
DEBUG flower 2021-04-08 10:09:40,245 | numpy_client.py:228 | read: ReadRes(clock=92)
DEBUG flower 2021-04-08 10:09:40,253 | numpy_client.py:172 | fit, FitIns(clock=94)
DEBUG flower 2021-04-08 10:09:40,253 | numpy_client.py:260 | cached_clock: 92, curr_clock: 94
INFO flower 2021-04-08 10:09:44,889 | numpy_client.py:205 | Cache is fresh, return FitRes(clock=94)
DEBUG flower 2021-04-08 10:09:49,611 | numpy_client.py:172 | fit, FitIns(clock=95)
DEBUG flower 2021-04-08 10:09:49,611 | numpy_client.py:260 | cached_clock: 92, curr_clock: 95
INFO flower 2021-04-08 10:09:49,611 | numpy_client.py:184 | Cache is stale, return ReadIns
DEBUG flower 2021-04-08 10:09:54,775 | numpy_client.py:228 | read: ReadRes(clock=93)
DEBUG flower 2021-04-08 10:09:54,783 | numpy_client.py:172 | fit, FitIns(clock=95)
DEBUG flower 2021-04-08 10:09:54,783 | numpy_client.py:260 | cached_clock: 93, curr_clock: 95
INFO flower 2021-04-08 10:09:59,195 | numpy_client.py:205 | Cache is fresh, return FitRes(clock=95)
DEBUG flower 2021-04-08 10:10:04,444 | numpy_client.py:172 | fit, FitIns(clock=96)
DEBUG flower 2021-04-08 10:10:04,444 | numpy_client.py:260 | cached_clock: 93, curr_clock: 96
INFO flower 2021-04-08 10:10:04,444 | numpy_client.py:184 | Cache is stale, return ReadIns
DEBUG flower 2021-04-08 10:10:09,274 | numpy_client.py:228 | read: ReadRes(clock=94)
DEBUG flower 2021-04-08 10:10:09,282 | numpy_client.py:172 | fit, FitIns(clock=96)
DEBUG flower 2021-04-08 10:10:09,282 | numpy_client.py:260 | cached_clock: 94, curr_clock: 96
INFO flower 2021-04-08 10:10:13,809 | numpy_client.py:205 | Cache is fresh, return FitRes(clock=96)
DEBUG flower 2021-04-08 10:10:18,680 | numpy_client.py:172 | fit, FitIns(clock=97)
DEBUG flower 2021-04-08 10:10:18,680 | numpy_client.py:260 | cached_clock: 94, curr_clock: 97
INFO flower 2021-04-08 10:10:18,681 | numpy_client.py:184 | Cache is stale, return ReadIns
DEBUG flower 2021-04-08 10:10:22,975 | numpy_client.py:228 | read: ReadRes(clock=95)
DEBUG flower 2021-04-08 10:10:22,989 | numpy_client.py:172 | fit, FitIns(clock=97)
DEBUG flower 2021-04-08 10:10:22,989 | numpy_client.py:260 | cached_clock: 95, curr_clock: 97
INFO flower 2021-04-08 10:10:27,492 | numpy_client.py:205 | Cache is fresh, return FitRes(clock=97)
DEBUG flower 2021-04-08 10:10:32,301 | numpy_client.py:172 | fit, FitIns(clock=98)
DEBUG flower 2021-04-08 10:10:32,301 | numpy_client.py:260 | cached_clock: 95, curr_clock: 98
INFO flower 2021-04-08 10:10:32,301 | numpy_client.py:184 | Cache is stale, return ReadIns
DEBUG flower 2021-04-08 10:10:36,528 | numpy_client.py:228 | read: ReadRes(clock=96)
DEBUG flower 2021-04-08 10:10:36,536 | numpy_client.py:172 | fit, FitIns(clock=98)
DEBUG flower 2021-04-08 10:10:36,536 | numpy_client.py:260 | cached_clock: 96, curr_clock: 98
INFO flower 2021-04-08 10:10:41,084 | numpy_client.py:205 | Cache is fresh, return FitRes(clock=98)
DEBUG flower 2021-04-08 10:10:46,934 | numpy_client.py:172 | fit, FitIns(clock=99)
DEBUG flower 2021-04-08 10:10:46,934 | numpy_client.py:260 | cached_clock: 96, curr_clock: 99
INFO flower 2021-04-08 10:10:46,935 | numpy_client.py:184 | Cache is stale, return ReadIns
DEBUG flower 2021-04-08 10:10:51,427 | numpy_client.py:228 | read: ReadRes(clock=97)
DEBUG flower 2021-04-08 10:10:51,435 | numpy_client.py:172 | fit, FitIns(clock=99)
DEBUG flower 2021-04-08 10:10:51,435 | numpy_client.py:260 | cached_clock: 97, curr_clock: 99
INFO flower 2021-04-08 10:10:55,982 | numpy_client.py:205 | Cache is fresh, return FitRes(clock=99)
DEBUG flower 2021-04-08 10:10:55,983 | numpy_client.py:217 | The client finishes computing after 1344 seconds
INFO flower 2021-04-08 10:11:38,074 | numpy_client.py:250 | [32;1m Loss: 25.851, Accuracy: 0.855%[0m
DEBUG flower 2021-04-08 10:11:38,713 | connection.py:68 | Insecure gRPC channel closed
INFO flower 2021-04-08 10:11:38,713 | app.py:74 | Disconnect and shut down
Namespace(idx=15, max_delay=0, min_delay=0, num_clients=31, server_ip='10.244.29.27:8080', staleness_bound=2)
I'm client 15
Start SSP client without delay
Files already downloaded and verified
Files already downloaded and verified
[32;1mClient 15: 2700 train samples, 117 test samples[0m
loss=191.989825963974, acc=0.19852941176470587
loss=183.2112693786621, acc=0.19852941176470587
loss=169.27484023571014, acc=0.2025735294117647
loss=142.66087591648102, acc=0.2823529411764706
loss=201.31817269325256, acc=0.1636029411764706
loss=216.24995374679565, acc=0.18823529411764706
loss=225.75264883041382, acc=0.19522058823529412
loss=179.5744069814682, acc=0.19852941176470587
loss=143.57782542705536, acc=0.2400735294117647
loss=134.06607258319855, acc=0.2875
loss=132.35680162906647, acc=0.2985294117647059
loss=130.3128638267517, acc=0.32941176470588235
loss=140.61614620685577, acc=0.32169117647058826
loss=140.76016438007355, acc=0.3301470588235294
loss=127.81131780147552, acc=0.3352941176470588
loss=139.13391816616058, acc=0.33492647058823527
loss=138.95005679130554, acc=0.3492647058823529
loss=138.65731692314148, acc=0.3536764705882353
loss=123.21007335186005, acc=0.3639705882352941
loss=130.96905755996704, acc=0.37058823529411766
loss=130.69756174087524, acc=0.39889705882352944
loss=115.5575156211853, acc=0.40404411764705883
loss=113.70255446434021, acc=0.41323529411764703
loss=119.26303803920746, acc=0.4264705882352941
loss=119.30895102024078, acc=0.43713235294117647
loss=107.97366827726364, acc=0.43676470588235294
loss=106.94958055019379, acc=0.44485294117647056
loss=115.35975658893585, acc=0.44669117647058826
loss=117.52498126029968, acc=0.43566176470588236
loss=117.6372377872467, acc=0.43419117647058825
loss=103.35224932432175, acc=0.45955882352941174
loss=111.08842480182648, acc=0.4625
loss=113.24621909856796, acc=0.46801470588235294
loss=113.63063192367554, acc=0.46433823529411766
loss=102.30204099416733, acc=0.46801470588235294
loss=110.2247667312622, acc=0.46801470588235294
loss=164.61344623565674, acc=0.2639705882352941
loss=117.22772938013077, acc=0.43786764705882353
loss=113.9571624994278, acc=0.4588235294117647
loss=114.66894257068634, acc=0.4511029411764706
loss=115.52527123689651, acc=0.4441176470588235
loss=99.76256287097931, acc=0.4834558823529412
loss=108.64183354377747, acc=0.46948529411764706
loss=110.07088243961334, acc=0.48455882352941176
loss=111.61078774929047, acc=0.4650735294117647
loss=110.82083708047867, acc=0.4753676470588235
loss=111.70263510942459, acc=0.47463235294117645
loss=110.40089559555054, acc=0.4827205882352941
loss=96.04049891233444, acc=0.4948529411764706
loss=103.94364607334137, acc=0.4878676470588235
loss=105.55039882659912, acc=0.4878676470588235
loss=106.62645083665848, acc=0.5033088235294118
loss=93.78820770978928, acc=0.5191176470588236
loss=100.84267795085907, acc=0.5025735294117647
loss=93.19442307949066, acc=0.5191176470588236
loss=99.98733687400818, acc=0.5040441176470588
loss=101.62725323438644, acc=0.5106617647058823
loss=103.55159562826157, acc=0.5106617647058823
loss=104.18801426887512, acc=0.5117647058823529
loss=91.3975482583046, acc=0.5294117647058824
loss=99.1414635181427, acc=0.5073529411764706
loss=100.76775747537613, acc=0.525
loss=101.95304602384567, acc=0.50625
loss=102.21457755565643, acc=0.5117647058823529
loss=102.79003447294235, acc=0.5227941176470589
loss=103.11868125200272, acc=0.5183823529411765
loss=103.27308195829391, acc=0.5161764705882353
loss=102.55092549324036, acc=0.5176470588235295
loss=106.41701191663742, acc=0.51875
loss=104.75719344615936, acc=0.5231617647058824
loss=104.96767538785934, acc=0.5191176470588236
loss=105.5342578291893, acc=0.5330882352941176
loss=89.48566848039627, acc=0.5529411764705883
loss=96.1233658194542, acc=0.5316176470588235
loss=98.3070358633995, acc=0.5338235294117647
loss=88.39360427856445, acc=0.5558823529411765
loss=95.86056911945343, acc=0.5433823529411764
loss=86.44888639450073, acc=0.5683823529411764
loss=92.99750274419785, acc=0.5430147058823529
loss=95.23067098855972, acc=0.555514705882353
loss=96.38692378997803, acc=0.5518382352941177
loss=97.35981166362762, acc=0.5459558823529411
loss=99.39149916172028, acc=0.5378676470588235
loss=98.9926825761795, acc=0.5470588235294118
loss=100.22688674926758, acc=0.5319852941176471
loss=100.56480813026428, acc=0.5430147058823529
loss=99.69222152233124, acc=0.5485294117647059
loss=100.00582832098007, acc=0.5470588235294118
loss=101.63703483343124, acc=0.5485294117647059
loss=100.09797638654709, acc=0.5441176470588235
loss=101.4253716468811, acc=0.544485294117647
loss=102.60294979810715, acc=0.5474264705882353
loss=84.57438230514526, acc=0.5801470588235295
loss=92.23174279928207, acc=0.5654411764705882
loss=92.33198344707489, acc=0.5672794117647059
loss=96.64170414209366, acc=0.5588235294117647
loss=97.72071826457977, acc=0.555514705882353
loss=96.91786623001099, acc=0.5580882352941177
loss=83.0782595872879, acc=0.5915441176470588
loss=89.29614013433456, acc=0.5713235294117647
Files already downloaded and verified
Files already downloaded and verified
Testing on full test set: 313, 1161.743464231491, 0.316
Testing on partial test set: 4, 25.850901126861572, 0.008547008547008548
