DEBUG flower 2021-04-08 09:48:27,375 | connection.py:36 | ChannelConnectivity.IDLE
DEBUG flower 2021-04-08 09:48:27,377 | connection.py:36 | ChannelConnectivity.CONNECTING
INFO flower 2021-04-08 09:48:27,377 | app.py:63 | Opened (insecure) gRPC connection
DEBUG flower 2021-04-08 09:48:27,377 | connection.py:36 | ChannelConnectivity.READY
DEBUG flower 2021-04-08 09:48:31,155 | numpy_client.py:172 | fit, FitIns(clock=0)
INFO flower 2021-04-08 09:48:31,156 | numpy_client.py:184 | Cache is stale, return ReadIns
DEBUG flower 2021-04-08 09:48:31,356 | numpy_client.py:228 | read: ReadRes(clock=-1)
DEBUG flower 2021-04-08 09:48:31,370 | numpy_client.py:172 | fit, FitIns(clock=0)
DEBUG flower 2021-04-08 09:48:31,371 | numpy_client.py:260 | cached_clock: -1, curr_clock: 0
INFO flower 2021-04-08 09:48:32,603 | numpy_client.py:205 | Cache is fresh, return FitRes(clock=0)
DEBUG flower 2021-04-08 09:48:32,621 | numpy_client.py:172 | fit, FitIns(clock=1)
DEBUG flower 2021-04-08 09:48:32,621 | numpy_client.py:260 | cached_clock: -1, curr_clock: 1
INFO flower 2021-04-08 09:48:33,910 | numpy_client.py:205 | Cache is fresh, return FitRes(clock=1)
DEBUG flower 2021-04-08 09:48:33,975 | numpy_client.py:172 | fit, FitIns(clock=2)
DEBUG flower 2021-04-08 09:48:33,975 | numpy_client.py:260 | cached_clock: -1, curr_clock: 2
INFO flower 2021-04-08 09:48:33,975 | numpy_client.py:184 | Cache is stale, return ReadIns
DEBUG flower 2021-04-08 09:48:36,378 | numpy_client.py:228 | read: ReadRes(clock=0)
DEBUG flower 2021-04-08 09:48:36,384 | numpy_client.py:172 | fit, FitIns(clock=2)
DEBUG flower 2021-04-08 09:48:36,384 | numpy_client.py:260 | cached_clock: 0, curr_clock: 2
INFO flower 2021-04-08 09:48:37,680 | numpy_client.py:205 | Cache is fresh, return FitRes(clock=2)
DEBUG flower 2021-04-08 09:48:45,489 | numpy_client.py:172 | fit, FitIns(clock=3)
DEBUG flower 2021-04-08 09:48:45,489 | numpy_client.py:260 | cached_clock: 0, curr_clock: 3
INFO flower 2021-04-08 09:48:45,489 | numpy_client.py:184 | Cache is stale, return ReadIns
DEBUG flower 2021-04-08 09:48:50,779 | numpy_client.py:228 | read: ReadRes(clock=1)
DEBUG flower 2021-04-08 09:48:50,786 | numpy_client.py:172 | fit, FitIns(clock=3)
DEBUG flower 2021-04-08 09:48:50,787 | numpy_client.py:260 | cached_clock: 1, curr_clock: 3
INFO flower 2021-04-08 09:48:52,085 | numpy_client.py:205 | Cache is fresh, return FitRes(clock=3)
DEBUG flower 2021-04-08 09:48:59,744 | numpy_client.py:172 | fit, FitIns(clock=4)
DEBUG flower 2021-04-08 09:48:59,745 | numpy_client.py:260 | cached_clock: 1, curr_clock: 4
INFO flower 2021-04-08 09:48:59,745 | numpy_client.py:184 | Cache is stale, return ReadIns
DEBUG flower 2021-04-08 09:49:04,375 | numpy_client.py:228 | read: ReadRes(clock=2)
DEBUG flower 2021-04-08 09:49:04,383 | numpy_client.py:172 | fit, FitIns(clock=4)
DEBUG flower 2021-04-08 09:49:04,383 | numpy_client.py:260 | cached_clock: 2, curr_clock: 4
INFO flower 2021-04-08 09:49:05,694 | numpy_client.py:205 | Cache is fresh, return FitRes(clock=4)
DEBUG flower 2021-04-08 09:49:13,322 | numpy_client.py:172 | fit, FitIns(clock=5)
DEBUG flower 2021-04-08 09:49:13,323 | numpy_client.py:260 | cached_clock: 2, curr_clock: 5
INFO flower 2021-04-08 09:49:13,323 | numpy_client.py:184 | Cache is stale, return ReadIns
DEBUG flower 2021-04-08 09:49:17,764 | numpy_client.py:228 | read: ReadRes(clock=3)
DEBUG flower 2021-04-08 09:49:17,771 | numpy_client.py:172 | fit, FitIns(clock=5)
DEBUG flower 2021-04-08 09:49:17,772 | numpy_client.py:260 | cached_clock: 3, curr_clock: 5
INFO flower 2021-04-08 09:49:18,979 | numpy_client.py:205 | Cache is fresh, return FitRes(clock=5)
DEBUG flower 2021-04-08 09:49:26,696 | numpy_client.py:172 | fit, FitIns(clock=6)
DEBUG flower 2021-04-08 09:49:26,696 | numpy_client.py:260 | cached_clock: 3, curr_clock: 6
INFO flower 2021-04-08 09:49:26,696 | numpy_client.py:184 | Cache is stale, return ReadIns
DEBUG flower 2021-04-08 09:49:31,576 | numpy_client.py:228 | read: ReadRes(clock=4)
DEBUG flower 2021-04-08 09:49:31,589 | numpy_client.py:172 | fit, FitIns(clock=6)
DEBUG flower 2021-04-08 09:49:31,590 | numpy_client.py:260 | cached_clock: 4, curr_clock: 6
INFO flower 2021-04-08 09:49:32,780 | numpy_client.py:205 | Cache is fresh, return FitRes(clock=6)
DEBUG flower 2021-04-08 09:49:40,391 | numpy_client.py:172 | fit, FitIns(clock=7)
DEBUG flower 2021-04-08 09:49:40,391 | numpy_client.py:260 | cached_clock: 4, curr_clock: 7
INFO flower 2021-04-08 09:49:40,392 | numpy_client.py:184 | Cache is stale, return ReadIns
DEBUG flower 2021-04-08 09:49:45,141 | numpy_client.py:228 | read: ReadRes(clock=5)
DEBUG flower 2021-04-08 09:49:45,181 | numpy_client.py:172 | fit, FitIns(clock=7)
DEBUG flower 2021-04-08 09:49:45,181 | numpy_client.py:260 | cached_clock: 5, curr_clock: 7
INFO flower 2021-04-08 09:49:46,395 | numpy_client.py:205 | Cache is fresh, return FitRes(clock=7)
DEBUG flower 2021-04-08 09:49:54,200 | numpy_client.py:172 | fit, FitIns(clock=8)
DEBUG flower 2021-04-08 09:49:54,200 | numpy_client.py:260 | cached_clock: 5, curr_clock: 8
INFO flower 2021-04-08 09:49:54,200 | numpy_client.py:184 | Cache is stale, return ReadIns
DEBUG flower 2021-04-08 09:49:59,020 | numpy_client.py:228 | read: ReadRes(clock=6)
DEBUG flower 2021-04-08 09:49:59,027 | numpy_client.py:172 | fit, FitIns(clock=8)
DEBUG flower 2021-04-08 09:49:59,027 | numpy_client.py:260 | cached_clock: 6, curr_clock: 8
INFO flower 2021-04-08 09:50:00,209 | numpy_client.py:205 | Cache is fresh, return FitRes(clock=8)
DEBUG flower 2021-04-08 09:50:07,914 | numpy_client.py:172 | fit, FitIns(clock=9)
DEBUG flower 2021-04-08 09:50:07,914 | numpy_client.py:260 | cached_clock: 6, curr_clock: 9
INFO flower 2021-04-08 09:50:07,914 | numpy_client.py:184 | Cache is stale, return ReadIns
DEBUG flower 2021-04-08 09:50:12,745 | numpy_client.py:228 | read: ReadRes(clock=7)
DEBUG flower 2021-04-08 09:50:12,753 | numpy_client.py:172 | fit, FitIns(clock=9)
DEBUG flower 2021-04-08 09:50:12,753 | numpy_client.py:260 | cached_clock: 7, curr_clock: 9
INFO flower 2021-04-08 09:50:13,908 | numpy_client.py:205 | Cache is fresh, return FitRes(clock=9)
DEBUG flower 2021-04-08 09:50:22,006 | numpy_client.py:172 | fit, FitIns(clock=10)
DEBUG flower 2021-04-08 09:50:22,006 | numpy_client.py:260 | cached_clock: 7, curr_clock: 10
INFO flower 2021-04-08 09:50:22,006 | numpy_client.py:184 | Cache is stale, return ReadIns
DEBUG flower 2021-04-08 09:50:26,807 | numpy_client.py:228 | read: ReadRes(clock=8)
DEBUG flower 2021-04-08 09:50:26,814 | numpy_client.py:172 | fit, FitIns(clock=10)
DEBUG flower 2021-04-08 09:50:26,814 | numpy_client.py:260 | cached_clock: 8, curr_clock: 10
INFO flower 2021-04-08 09:50:27,921 | numpy_client.py:205 | Cache is fresh, return FitRes(clock=10)
DEBUG flower 2021-04-08 09:50:35,626 | numpy_client.py:172 | fit, FitIns(clock=11)
DEBUG flower 2021-04-08 09:50:35,626 | numpy_client.py:260 | cached_clock: 8, curr_clock: 11
INFO flower 2021-04-08 09:50:35,626 | numpy_client.py:184 | Cache is stale, return ReadIns
DEBUG flower 2021-04-08 09:50:40,316 | numpy_client.py:228 | read: ReadRes(clock=9)
DEBUG flower 2021-04-08 09:50:40,323 | numpy_client.py:172 | fit, FitIns(clock=11)
DEBUG flower 2021-04-08 09:50:40,323 | numpy_client.py:260 | cached_clock: 9, curr_clock: 11
INFO flower 2021-04-08 09:50:41,406 | numpy_client.py:205 | Cache is fresh, return FitRes(clock=11)
DEBUG flower 2021-04-08 09:50:49,719 | numpy_client.py:172 | fit, FitIns(clock=12)
DEBUG flower 2021-04-08 09:50:49,720 | numpy_client.py:260 | cached_clock: 9, curr_clock: 12
INFO flower 2021-04-08 09:50:49,720 | numpy_client.py:184 | Cache is stale, return ReadIns
DEBUG flower 2021-04-08 09:50:54,319 | numpy_client.py:228 | read: ReadRes(clock=10)
DEBUG flower 2021-04-08 09:50:54,327 | numpy_client.py:172 | fit, FitIns(clock=12)
DEBUG flower 2021-04-08 09:50:54,327 | numpy_client.py:260 | cached_clock: 10, curr_clock: 12
INFO flower 2021-04-08 09:50:55,403 | numpy_client.py:205 | Cache is fresh, return FitRes(clock=12)
DEBUG flower 2021-04-08 09:51:03,360 | numpy_client.py:172 | fit, FitIns(clock=13)
DEBUG flower 2021-04-08 09:51:03,360 | numpy_client.py:260 | cached_clock: 10, curr_clock: 13
INFO flower 2021-04-08 09:51:03,360 | numpy_client.py:184 | Cache is stale, return ReadIns
DEBUG flower 2021-04-08 09:51:07,826 | numpy_client.py:228 | read: ReadRes(clock=11)
DEBUG flower 2021-04-08 09:51:07,833 | numpy_client.py:172 | fit, FitIns(clock=13)
DEBUG flower 2021-04-08 09:51:07,833 | numpy_client.py:260 | cached_clock: 11, curr_clock: 13
INFO flower 2021-04-08 09:51:09,003 | numpy_client.py:205 | Cache is fresh, return FitRes(clock=13)
DEBUG flower 2021-04-08 09:51:16,731 | numpy_client.py:172 | fit, FitIns(clock=14)
DEBUG flower 2021-04-08 09:51:16,732 | numpy_client.py:260 | cached_clock: 11, curr_clock: 14
INFO flower 2021-04-08 09:51:16,732 | numpy_client.py:184 | Cache is stale, return ReadIns
DEBUG flower 2021-04-08 09:51:21,576 | numpy_client.py:228 | read: ReadRes(clock=12)
DEBUG flower 2021-04-08 09:51:21,584 | numpy_client.py:172 | fit, FitIns(clock=14)
DEBUG flower 2021-04-08 09:51:21,584 | numpy_client.py:260 | cached_clock: 12, curr_clock: 14
INFO flower 2021-04-08 09:51:22,681 | numpy_client.py:205 | Cache is fresh, return FitRes(clock=14)
DEBUG flower 2021-04-08 09:51:30,008 | numpy_client.py:172 | fit, FitIns(clock=15)
DEBUG flower 2021-04-08 09:51:30,008 | numpy_client.py:260 | cached_clock: 12, curr_clock: 15
INFO flower 2021-04-08 09:51:30,009 | numpy_client.py:184 | Cache is stale, return ReadIns
DEBUG flower 2021-04-08 09:51:34,776 | numpy_client.py:228 | read: ReadRes(clock=13)
DEBUG flower 2021-04-08 09:51:34,783 | numpy_client.py:172 | fit, FitIns(clock=15)
DEBUG flower 2021-04-08 09:51:34,783 | numpy_client.py:260 | cached_clock: 13, curr_clock: 15
INFO flower 2021-04-08 09:51:35,981 | numpy_client.py:205 | Cache is fresh, return FitRes(clock=15)
DEBUG flower 2021-04-08 09:51:43,758 | numpy_client.py:172 | fit, FitIns(clock=16)
DEBUG flower 2021-04-08 09:51:43,758 | numpy_client.py:260 | cached_clock: 13, curr_clock: 16
INFO flower 2021-04-08 09:51:43,758 | numpy_client.py:184 | Cache is stale, return ReadIns
DEBUG flower 2021-04-08 09:51:48,512 | numpy_client.py:228 | read: ReadRes(clock=14)
DEBUG flower 2021-04-08 09:51:48,519 | numpy_client.py:172 | fit, FitIns(clock=16)
DEBUG flower 2021-04-08 09:51:48,519 | numpy_client.py:260 | cached_clock: 14, curr_clock: 16
INFO flower 2021-04-08 09:51:49,596 | numpy_client.py:205 | Cache is fresh, return FitRes(clock=16)
DEBUG flower 2021-04-08 09:51:57,400 | numpy_client.py:172 | fit, FitIns(clock=17)
DEBUG flower 2021-04-08 09:51:57,400 | numpy_client.py:260 | cached_clock: 14, curr_clock: 17
INFO flower 2021-04-08 09:51:57,400 | numpy_client.py:184 | Cache is stale, return ReadIns
DEBUG flower 2021-04-08 09:52:02,176 | numpy_client.py:228 | read: ReadRes(clock=15)
DEBUG flower 2021-04-08 09:52:02,183 | numpy_client.py:172 | fit, FitIns(clock=17)
DEBUG flower 2021-04-08 09:52:02,184 | numpy_client.py:260 | cached_clock: 15, curr_clock: 17
INFO flower 2021-04-08 09:52:03,282 | numpy_client.py:205 | Cache is fresh, return FitRes(clock=17)
DEBUG flower 2021-04-08 09:52:11,065 | numpy_client.py:172 | fit, FitIns(clock=18)
DEBUG flower 2021-04-08 09:52:11,066 | numpy_client.py:260 | cached_clock: 15, curr_clock: 18
INFO flower 2021-04-08 09:52:11,066 | numpy_client.py:184 | Cache is stale, return ReadIns
DEBUG flower 2021-04-08 09:52:15,875 | numpy_client.py:228 | read: ReadRes(clock=16)
DEBUG flower 2021-04-08 09:52:15,885 | numpy_client.py:172 | fit, FitIns(clock=18)
DEBUG flower 2021-04-08 09:52:15,885 | numpy_client.py:260 | cached_clock: 16, curr_clock: 18
INFO flower 2021-04-08 09:52:17,006 | numpy_client.py:205 | Cache is fresh, return FitRes(clock=18)
DEBUG flower 2021-04-08 09:52:24,829 | numpy_client.py:172 | fit, FitIns(clock=19)
DEBUG flower 2021-04-08 09:52:24,829 | numpy_client.py:260 | cached_clock: 16, curr_clock: 19
INFO flower 2021-04-08 09:52:24,829 | numpy_client.py:184 | Cache is stale, return ReadIns
DEBUG flower 2021-04-08 09:52:29,676 | numpy_client.py:228 | read: ReadRes(clock=17)
DEBUG flower 2021-04-08 09:52:29,684 | numpy_client.py:172 | fit, FitIns(clock=19)
DEBUG flower 2021-04-08 09:52:29,684 | numpy_client.py:260 | cached_clock: 17, curr_clock: 19
INFO flower 2021-04-08 09:52:30,904 | numpy_client.py:205 | Cache is fresh, return FitRes(clock=19)
DEBUG flower 2021-04-08 09:52:38,193 | numpy_client.py:172 | fit, FitIns(clock=20)
DEBUG flower 2021-04-08 09:52:38,193 | numpy_client.py:260 | cached_clock: 17, curr_clock: 20
INFO flower 2021-04-08 09:52:38,194 | numpy_client.py:184 | Cache is stale, return ReadIns
DEBUG flower 2021-04-08 09:52:43,041 | numpy_client.py:228 | read: ReadRes(clock=18)
DEBUG flower 2021-04-08 09:52:43,048 | numpy_client.py:172 | fit, FitIns(clock=20)
DEBUG flower 2021-04-08 09:52:43,048 | numpy_client.py:260 | cached_clock: 18, curr_clock: 20
INFO flower 2021-04-08 09:52:44,102 | numpy_client.py:205 | Cache is fresh, return FitRes(clock=20)
DEBUG flower 2021-04-08 09:52:51,943 | numpy_client.py:172 | fit, FitIns(clock=21)
DEBUG flower 2021-04-08 09:52:51,943 | numpy_client.py:260 | cached_clock: 18, curr_clock: 21
INFO flower 2021-04-08 09:52:51,943 | numpy_client.py:184 | Cache is stale, return ReadIns
DEBUG flower 2021-04-08 09:52:56,895 | numpy_client.py:228 | read: ReadRes(clock=19)
DEBUG flower 2021-04-08 09:52:56,903 | numpy_client.py:172 | fit, FitIns(clock=21)
DEBUG flower 2021-04-08 09:52:56,903 | numpy_client.py:260 | cached_clock: 19, curr_clock: 21
INFO flower 2021-04-08 09:52:57,907 | numpy_client.py:205 | Cache is fresh, return FitRes(clock=21)
DEBUG flower 2021-04-08 09:53:06,057 | numpy_client.py:172 | fit, FitIns(clock=22)
DEBUG flower 2021-04-08 09:53:06,058 | numpy_client.py:260 | cached_clock: 19, curr_clock: 22
INFO flower 2021-04-08 09:53:06,058 | numpy_client.py:184 | Cache is stale, return ReadIns
DEBUG flower 2021-04-08 09:53:10,839 | numpy_client.py:228 | read: ReadRes(clock=20)
DEBUG flower 2021-04-08 09:53:10,847 | numpy_client.py:172 | fit, FitIns(clock=22)
DEBUG flower 2021-04-08 09:53:10,847 | numpy_client.py:260 | cached_clock: 20, curr_clock: 22
INFO flower 2021-04-08 09:53:11,902 | numpy_client.py:205 | Cache is fresh, return FitRes(clock=22)
DEBUG flower 2021-04-08 09:53:19,321 | numpy_client.py:172 | fit, FitIns(clock=23)
DEBUG flower 2021-04-08 09:53:19,321 | numpy_client.py:260 | cached_clock: 20, curr_clock: 23
INFO flower 2021-04-08 09:53:19,321 | numpy_client.py:184 | Cache is stale, return ReadIns
DEBUG flower 2021-04-08 09:53:23,961 | numpy_client.py:228 | read: ReadRes(clock=21)
DEBUG flower 2021-04-08 09:53:23,969 | numpy_client.py:172 | fit, FitIns(clock=23)
DEBUG flower 2021-04-08 09:53:23,969 | numpy_client.py:260 | cached_clock: 21, curr_clock: 23
INFO flower 2021-04-08 09:53:25,006 | numpy_client.py:205 | Cache is fresh, return FitRes(clock=23)
DEBUG flower 2021-04-08 09:53:32,867 | numpy_client.py:172 | fit, FitIns(clock=24)
DEBUG flower 2021-04-08 09:53:32,867 | numpy_client.py:260 | cached_clock: 21, curr_clock: 24
INFO flower 2021-04-08 09:53:32,868 | numpy_client.py:184 | Cache is stale, return ReadIns
DEBUG flower 2021-04-08 09:53:37,676 | numpy_client.py:228 | read: ReadRes(clock=22)
DEBUG flower 2021-04-08 09:53:37,683 | numpy_client.py:172 | fit, FitIns(clock=24)
DEBUG flower 2021-04-08 09:53:37,683 | numpy_client.py:260 | cached_clock: 22, curr_clock: 24
INFO flower 2021-04-08 09:53:38,780 | numpy_client.py:205 | Cache is fresh, return FitRes(clock=24)
DEBUG flower 2021-04-08 09:53:46,481 | numpy_client.py:172 | fit, FitIns(clock=25)
DEBUG flower 2021-04-08 09:53:46,481 | numpy_client.py:260 | cached_clock: 22, curr_clock: 25
INFO flower 2021-04-08 09:53:46,481 | numpy_client.py:184 | Cache is stale, return ReadIns
DEBUG flower 2021-04-08 09:53:51,276 | numpy_client.py:228 | read: ReadRes(clock=23)
DEBUG flower 2021-04-08 09:53:51,282 | numpy_client.py:172 | fit, FitIns(clock=25)
DEBUG flower 2021-04-08 09:53:51,283 | numpy_client.py:260 | cached_clock: 23, curr_clock: 25
INFO flower 2021-04-08 09:53:52,394 | numpy_client.py:205 | Cache is fresh, return FitRes(clock=25)
DEBUG flower 2021-04-08 09:54:00,653 | numpy_client.py:172 | fit, FitIns(clock=26)
DEBUG flower 2021-04-08 09:54:00,653 | numpy_client.py:260 | cached_clock: 23, curr_clock: 26
INFO flower 2021-04-08 09:54:00,653 | numpy_client.py:184 | Cache is stale, return ReadIns
DEBUG flower 2021-04-08 09:54:05,363 | numpy_client.py:228 | read: ReadRes(clock=24)
DEBUG flower 2021-04-08 09:54:05,370 | numpy_client.py:172 | fit, FitIns(clock=26)
DEBUG flower 2021-04-08 09:54:05,370 | numpy_client.py:260 | cached_clock: 24, curr_clock: 26
INFO flower 2021-04-08 09:54:06,603 | numpy_client.py:205 | Cache is fresh, return FitRes(clock=26)
DEBUG flower 2021-04-08 09:54:15,181 | numpy_client.py:172 | fit, FitIns(clock=27)
DEBUG flower 2021-04-08 09:54:15,181 | numpy_client.py:260 | cached_clock: 24, curr_clock: 27
INFO flower 2021-04-08 09:54:15,182 | numpy_client.py:184 | Cache is stale, return ReadIns
DEBUG flower 2021-04-08 09:54:19,776 | numpy_client.py:228 | read: ReadRes(clock=25)
DEBUG flower 2021-04-08 09:54:19,783 | numpy_client.py:172 | fit, FitIns(clock=27)
DEBUG flower 2021-04-08 09:54:19,783 | numpy_client.py:260 | cached_clock: 25, curr_clock: 27
INFO flower 2021-04-08 09:54:20,903 | numpy_client.py:205 | Cache is fresh, return FitRes(clock=27)
DEBUG flower 2021-04-08 09:54:28,603 | numpy_client.py:172 | fit, FitIns(clock=28)
DEBUG flower 2021-04-08 09:54:28,604 | numpy_client.py:260 | cached_clock: 25, curr_clock: 28
INFO flower 2021-04-08 09:54:28,604 | numpy_client.py:184 | Cache is stale, return ReadIns
DEBUG flower 2021-04-08 09:54:33,820 | numpy_client.py:228 | read: ReadRes(clock=26)
DEBUG flower 2021-04-08 09:54:33,827 | numpy_client.py:172 | fit, FitIns(clock=28)
DEBUG flower 2021-04-08 09:54:33,827 | numpy_client.py:260 | cached_clock: 26, curr_clock: 28
INFO flower 2021-04-08 09:54:34,986 | numpy_client.py:205 | Cache is fresh, return FitRes(clock=28)
DEBUG flower 2021-04-08 09:54:42,941 | numpy_client.py:172 | fit, FitIns(clock=29)
DEBUG flower 2021-04-08 09:54:42,941 | numpy_client.py:260 | cached_clock: 26, curr_clock: 29
INFO flower 2021-04-08 09:54:42,942 | numpy_client.py:184 | Cache is stale, return ReadIns
DEBUG flower 2021-04-08 09:54:47,630 | numpy_client.py:228 | read: ReadRes(clock=27)
DEBUG flower 2021-04-08 09:54:47,637 | numpy_client.py:172 | fit, FitIns(clock=29)
DEBUG flower 2021-04-08 09:54:47,638 | numpy_client.py:260 | cached_clock: 27, curr_clock: 29
INFO flower 2021-04-08 09:54:48,721 | numpy_client.py:205 | Cache is fresh, return FitRes(clock=29)
DEBUG flower 2021-04-08 09:54:56,159 | numpy_client.py:172 | fit, FitIns(clock=30)
DEBUG flower 2021-04-08 09:54:56,159 | numpy_client.py:260 | cached_clock: 27, curr_clock: 30
INFO flower 2021-04-08 09:54:56,159 | numpy_client.py:184 | Cache is stale, return ReadIns
DEBUG flower 2021-04-08 09:55:00,875 | numpy_client.py:228 | read: ReadRes(clock=28)
DEBUG flower 2021-04-08 09:55:00,883 | numpy_client.py:172 | fit, FitIns(clock=30)
DEBUG flower 2021-04-08 09:55:00,883 | numpy_client.py:260 | cached_clock: 28, curr_clock: 30
INFO flower 2021-04-08 09:55:02,179 | numpy_client.py:205 | Cache is fresh, return FitRes(clock=30)
DEBUG flower 2021-04-08 09:55:09,860 | numpy_client.py:172 | fit, FitIns(clock=31)
DEBUG flower 2021-04-08 09:55:09,860 | numpy_client.py:260 | cached_clock: 28, curr_clock: 31
INFO flower 2021-04-08 09:55:09,860 | numpy_client.py:184 | Cache is stale, return ReadIns
DEBUG flower 2021-04-08 09:55:14,208 | numpy_client.py:228 | read: ReadRes(clock=29)
DEBUG flower 2021-04-08 09:55:14,215 | numpy_client.py:172 | fit, FitIns(clock=31)
DEBUG flower 2021-04-08 09:55:14,215 | numpy_client.py:260 | cached_clock: 29, curr_clock: 31
INFO flower 2021-04-08 09:55:15,390 | numpy_client.py:205 | Cache is fresh, return FitRes(clock=31)
DEBUG flower 2021-04-08 09:55:23,224 | numpy_client.py:172 | fit, FitIns(clock=32)
DEBUG flower 2021-04-08 09:55:23,224 | numpy_client.py:260 | cached_clock: 29, curr_clock: 32
INFO flower 2021-04-08 09:55:23,224 | numpy_client.py:184 | Cache is stale, return ReadIns
DEBUG flower 2021-04-08 09:55:27,976 | numpy_client.py:228 | read: ReadRes(clock=30)
DEBUG flower 2021-04-08 09:55:27,991 | numpy_client.py:172 | fit, FitIns(clock=32)
DEBUG flower 2021-04-08 09:55:27,992 | numpy_client.py:260 | cached_clock: 30, curr_clock: 32
INFO flower 2021-04-08 09:55:29,099 | numpy_client.py:205 | Cache is fresh, return FitRes(clock=32)
DEBUG flower 2021-04-08 09:55:36,971 | numpy_client.py:172 | fit, FitIns(clock=33)
DEBUG flower 2021-04-08 09:55:36,971 | numpy_client.py:260 | cached_clock: 30, curr_clock: 33
INFO flower 2021-04-08 09:55:36,971 | numpy_client.py:184 | Cache is stale, return ReadIns
DEBUG flower 2021-04-08 09:55:41,356 | numpy_client.py:228 | read: ReadRes(clock=31)
DEBUG flower 2021-04-08 09:55:41,363 | numpy_client.py:172 | fit, FitIns(clock=33)
DEBUG flower 2021-04-08 09:55:41,363 | numpy_client.py:260 | cached_clock: 31, curr_clock: 33
INFO flower 2021-04-08 09:55:42,497 | numpy_client.py:205 | Cache is fresh, return FitRes(clock=33)
DEBUG flower 2021-04-08 09:55:50,308 | numpy_client.py:172 | fit, FitIns(clock=34)
DEBUG flower 2021-04-08 09:55:50,308 | numpy_client.py:260 | cached_clock: 31, curr_clock: 34
INFO flower 2021-04-08 09:55:50,308 | numpy_client.py:184 | Cache is stale, return ReadIns
DEBUG flower 2021-04-08 09:55:55,503 | numpy_client.py:228 | read: ReadRes(clock=32)
DEBUG flower 2021-04-08 09:55:55,511 | numpy_client.py:172 | fit, FitIns(clock=34)
DEBUG flower 2021-04-08 09:55:55,511 | numpy_client.py:260 | cached_clock: 32, curr_clock: 34
INFO flower 2021-04-08 09:55:56,589 | numpy_client.py:205 | Cache is fresh, return FitRes(clock=34)
DEBUG flower 2021-04-08 09:56:04,194 | numpy_client.py:172 | fit, FitIns(clock=35)
DEBUG flower 2021-04-08 09:56:04,194 | numpy_client.py:260 | cached_clock: 32, curr_clock: 35
INFO flower 2021-04-08 09:56:04,194 | numpy_client.py:184 | Cache is stale, return ReadIns
DEBUG flower 2021-04-08 09:56:08,706 | numpy_client.py:228 | read: ReadRes(clock=33)
DEBUG flower 2021-04-08 09:56:08,713 | numpy_client.py:172 | fit, FitIns(clock=35)
DEBUG flower 2021-04-08 09:56:08,713 | numpy_client.py:260 | cached_clock: 33, curr_clock: 35
INFO flower 2021-04-08 09:56:09,995 | numpy_client.py:205 | Cache is fresh, return FitRes(clock=35)
DEBUG flower 2021-04-08 09:56:17,876 | numpy_client.py:172 | fit, FitIns(clock=36)
DEBUG flower 2021-04-08 09:56:17,876 | numpy_client.py:260 | cached_clock: 33, curr_clock: 36
INFO flower 2021-04-08 09:56:17,877 | numpy_client.py:184 | Cache is stale, return ReadIns
DEBUG flower 2021-04-08 09:56:22,576 | numpy_client.py:228 | read: ReadRes(clock=34)
DEBUG flower 2021-04-08 09:56:22,583 | numpy_client.py:172 | fit, FitIns(clock=36)
DEBUG flower 2021-04-08 09:56:22,583 | numpy_client.py:260 | cached_clock: 34, curr_clock: 36
INFO flower 2021-04-08 09:56:23,714 | numpy_client.py:205 | Cache is fresh, return FitRes(clock=36)
DEBUG flower 2021-04-08 09:56:31,373 | numpy_client.py:172 | fit, FitIns(clock=37)
DEBUG flower 2021-04-08 09:56:31,373 | numpy_client.py:260 | cached_clock: 34, curr_clock: 37
INFO flower 2021-04-08 09:56:31,373 | numpy_client.py:184 | Cache is stale, return ReadIns
DEBUG flower 2021-04-08 09:56:36,125 | numpy_client.py:228 | read: ReadRes(clock=35)
DEBUG flower 2021-04-08 09:56:36,132 | numpy_client.py:172 | fit, FitIns(clock=37)
DEBUG flower 2021-04-08 09:56:36,132 | numpy_client.py:260 | cached_clock: 35, curr_clock: 37
INFO flower 2021-04-08 09:56:37,299 | numpy_client.py:205 | Cache is fresh, return FitRes(clock=37)
DEBUG flower 2021-04-08 09:56:46,296 | numpy_client.py:172 | fit, FitIns(clock=38)
DEBUG flower 2021-04-08 09:56:46,296 | numpy_client.py:260 | cached_clock: 35, curr_clock: 38
INFO flower 2021-04-08 09:56:46,297 | numpy_client.py:184 | Cache is stale, return ReadIns
DEBUG flower 2021-04-08 09:56:50,979 | numpy_client.py:228 | read: ReadRes(clock=36)
DEBUG flower 2021-04-08 09:56:50,987 | numpy_client.py:172 | fit, FitIns(clock=38)
DEBUG flower 2021-04-08 09:56:50,987 | numpy_client.py:260 | cached_clock: 36, curr_clock: 38
INFO flower 2021-04-08 09:56:52,180 | numpy_client.py:205 | Cache is fresh, return FitRes(clock=38)
DEBUG flower 2021-04-08 09:57:00,530 | numpy_client.py:172 | fit, FitIns(clock=39)
DEBUG flower 2021-04-08 09:57:00,530 | numpy_client.py:260 | cached_clock: 36, curr_clock: 39
INFO flower 2021-04-08 09:57:00,530 | numpy_client.py:184 | Cache is stale, return ReadIns
DEBUG flower 2021-04-08 09:57:05,287 | numpy_client.py:228 | read: ReadRes(clock=37)
DEBUG flower 2021-04-08 09:57:05,294 | numpy_client.py:172 | fit, FitIns(clock=39)
DEBUG flower 2021-04-08 09:57:05,294 | numpy_client.py:260 | cached_clock: 37, curr_clock: 39
INFO flower 2021-04-08 09:57:06,493 | numpy_client.py:205 | Cache is fresh, return FitRes(clock=39)
DEBUG flower 2021-04-08 09:57:14,262 | numpy_client.py:172 | fit, FitIns(clock=40)
DEBUG flower 2021-04-08 09:57:14,262 | numpy_client.py:260 | cached_clock: 37, curr_clock: 40
INFO flower 2021-04-08 09:57:14,262 | numpy_client.py:184 | Cache is stale, return ReadIns
DEBUG flower 2021-04-08 09:57:19,124 | numpy_client.py:228 | read: ReadRes(clock=38)
DEBUG flower 2021-04-08 09:57:19,131 | numpy_client.py:172 | fit, FitIns(clock=40)
DEBUG flower 2021-04-08 09:57:19,131 | numpy_client.py:260 | cached_clock: 38, curr_clock: 40
INFO flower 2021-04-08 09:57:20,225 | numpy_client.py:205 | Cache is fresh, return FitRes(clock=40)
DEBUG flower 2021-04-08 09:57:28,301 | numpy_client.py:172 | fit, FitIns(clock=41)
DEBUG flower 2021-04-08 09:57:28,301 | numpy_client.py:260 | cached_clock: 38, curr_clock: 41
INFO flower 2021-04-08 09:57:28,301 | numpy_client.py:184 | Cache is stale, return ReadIns
DEBUG flower 2021-04-08 09:57:33,161 | numpy_client.py:228 | read: ReadRes(clock=39)
DEBUG flower 2021-04-08 09:57:33,169 | numpy_client.py:172 | fit, FitIns(clock=41)
DEBUG flower 2021-04-08 09:57:33,169 | numpy_client.py:260 | cached_clock: 39, curr_clock: 41
INFO flower 2021-04-08 09:57:34,401 | numpy_client.py:205 | Cache is fresh, return FitRes(clock=41)
DEBUG flower 2021-04-08 09:57:41,991 | numpy_client.py:172 | fit, FitIns(clock=42)
DEBUG flower 2021-04-08 09:57:41,992 | numpy_client.py:260 | cached_clock: 39, curr_clock: 42
INFO flower 2021-04-08 09:57:41,992 | numpy_client.py:184 | Cache is stale, return ReadIns
DEBUG flower 2021-04-08 09:57:46,925 | numpy_client.py:228 | read: ReadRes(clock=40)
DEBUG flower 2021-04-08 09:57:46,935 | numpy_client.py:172 | fit, FitIns(clock=42)
DEBUG flower 2021-04-08 09:57:46,935 | numpy_client.py:260 | cached_clock: 40, curr_clock: 42
INFO flower 2021-04-08 09:57:48,086 | numpy_client.py:205 | Cache is fresh, return FitRes(clock=42)
DEBUG flower 2021-04-08 09:57:56,043 | numpy_client.py:172 | fit, FitIns(clock=43)
DEBUG flower 2021-04-08 09:57:56,043 | numpy_client.py:260 | cached_clock: 40, curr_clock: 43
INFO flower 2021-04-08 09:57:56,044 | numpy_client.py:184 | Cache is stale, return ReadIns
DEBUG flower 2021-04-08 09:58:00,729 | numpy_client.py:228 | read: ReadRes(clock=41)
DEBUG flower 2021-04-08 09:58:00,737 | numpy_client.py:172 | fit, FitIns(clock=43)
DEBUG flower 2021-04-08 09:58:00,737 | numpy_client.py:260 | cached_clock: 41, curr_clock: 43
INFO flower 2021-04-08 09:58:01,898 | numpy_client.py:205 | Cache is fresh, return FitRes(clock=43)
DEBUG flower 2021-04-08 09:58:09,676 | numpy_client.py:172 | fit, FitIns(clock=44)
DEBUG flower 2021-04-08 09:58:09,676 | numpy_client.py:260 | cached_clock: 41, curr_clock: 44
INFO flower 2021-04-08 09:58:09,676 | numpy_client.py:184 | Cache is stale, return ReadIns
DEBUG flower 2021-04-08 09:58:14,527 | numpy_client.py:228 | read: ReadRes(clock=42)
DEBUG flower 2021-04-08 09:58:14,534 | numpy_client.py:172 | fit, FitIns(clock=44)
DEBUG flower 2021-04-08 09:58:14,534 | numpy_client.py:260 | cached_clock: 42, curr_clock: 44
INFO flower 2021-04-08 09:58:15,586 | numpy_client.py:205 | Cache is fresh, return FitRes(clock=44)
DEBUG flower 2021-04-08 09:58:23,454 | numpy_client.py:172 | fit, FitIns(clock=45)
DEBUG flower 2021-04-08 09:58:23,455 | numpy_client.py:260 | cached_clock: 42, curr_clock: 45
INFO flower 2021-04-08 09:58:23,455 | numpy_client.py:184 | Cache is stale, return ReadIns
DEBUG flower 2021-04-08 09:58:28,375 | numpy_client.py:228 | read: ReadRes(clock=43)
DEBUG flower 2021-04-08 09:58:28,383 | numpy_client.py:172 | fit, FitIns(clock=45)
DEBUG flower 2021-04-08 09:58:28,383 | numpy_client.py:260 | cached_clock: 43, curr_clock: 45
INFO flower 2021-04-08 09:58:29,419 | numpy_client.py:205 | Cache is fresh, return FitRes(clock=45)
DEBUG flower 2021-04-08 09:58:37,262 | numpy_client.py:172 | fit, FitIns(clock=46)
DEBUG flower 2021-04-08 09:58:37,262 | numpy_client.py:260 | cached_clock: 43, curr_clock: 46
INFO flower 2021-04-08 09:58:37,262 | numpy_client.py:184 | Cache is stale, return ReadIns
DEBUG flower 2021-04-08 09:58:42,476 | numpy_client.py:228 | read: ReadRes(clock=44)
DEBUG flower 2021-04-08 09:58:42,484 | numpy_client.py:172 | fit, FitIns(clock=46)
DEBUG flower 2021-04-08 09:58:42,484 | numpy_client.py:260 | cached_clock: 44, curr_clock: 46
INFO flower 2021-04-08 09:58:43,591 | numpy_client.py:205 | Cache is fresh, return FitRes(clock=46)
DEBUG flower 2021-04-08 09:58:51,941 | numpy_client.py:172 | fit, FitIns(clock=47)
DEBUG flower 2021-04-08 09:58:51,941 | numpy_client.py:260 | cached_clock: 44, curr_clock: 47
INFO flower 2021-04-08 09:58:51,941 | numpy_client.py:184 | Cache is stale, return ReadIns
DEBUG flower 2021-04-08 09:58:56,976 | numpy_client.py:228 | read: ReadRes(clock=45)
DEBUG flower 2021-04-08 09:58:56,988 | numpy_client.py:172 | fit, FitIns(clock=47)
DEBUG flower 2021-04-08 09:58:56,989 | numpy_client.py:260 | cached_clock: 45, curr_clock: 47
INFO flower 2021-04-08 09:58:58,181 | numpy_client.py:205 | Cache is fresh, return FitRes(clock=47)
DEBUG flower 2021-04-08 09:59:06,114 | numpy_client.py:172 | fit, FitIns(clock=48)
DEBUG flower 2021-04-08 09:59:06,114 | numpy_client.py:260 | cached_clock: 45, curr_clock: 48
INFO flower 2021-04-08 09:59:06,114 | numpy_client.py:184 | Cache is stale, return ReadIns
DEBUG flower 2021-04-08 09:59:10,712 | numpy_client.py:228 | read: ReadRes(clock=46)
DEBUG flower 2021-04-08 09:59:10,720 | numpy_client.py:172 | fit, FitIns(clock=48)
DEBUG flower 2021-04-08 09:59:10,720 | numpy_client.py:260 | cached_clock: 46, curr_clock: 48
INFO flower 2021-04-08 09:59:11,888 | numpy_client.py:205 | Cache is fresh, return FitRes(clock=48)
DEBUG flower 2021-04-08 09:59:19,646 | numpy_client.py:172 | fit, FitIns(clock=49)
DEBUG flower 2021-04-08 09:59:19,646 | numpy_client.py:260 | cached_clock: 46, curr_clock: 49
INFO flower 2021-04-08 09:59:19,646 | numpy_client.py:184 | Cache is stale, return ReadIns
DEBUG flower 2021-04-08 09:59:24,376 | numpy_client.py:228 | read: ReadRes(clock=47)
DEBUG flower 2021-04-08 09:59:24,384 | numpy_client.py:172 | fit, FitIns(clock=49)
DEBUG flower 2021-04-08 09:59:24,384 | numpy_client.py:260 | cached_clock: 47, curr_clock: 49
INFO flower 2021-04-08 09:59:25,577 | numpy_client.py:205 | Cache is fresh, return FitRes(clock=49)
DEBUG flower 2021-04-08 09:59:33,287 | numpy_client.py:172 | fit, FitIns(clock=50)
DEBUG flower 2021-04-08 09:59:33,287 | numpy_client.py:260 | cached_clock: 47, curr_clock: 50
INFO flower 2021-04-08 09:59:33,287 | numpy_client.py:184 | Cache is stale, return ReadIns
DEBUG flower 2021-04-08 09:59:38,237 | numpy_client.py:228 | read: ReadRes(clock=48)
DEBUG flower 2021-04-08 09:59:38,245 | numpy_client.py:172 | fit, FitIns(clock=50)
DEBUG flower 2021-04-08 09:59:38,245 | numpy_client.py:260 | cached_clock: 48, curr_clock: 50
INFO flower 2021-04-08 09:59:39,396 | numpy_client.py:205 | Cache is fresh, return FitRes(clock=50)
DEBUG flower 2021-04-08 09:59:47,062 | numpy_client.py:172 | fit, FitIns(clock=51)
DEBUG flower 2021-04-08 09:59:47,062 | numpy_client.py:260 | cached_clock: 48, curr_clock: 51
INFO flower 2021-04-08 09:59:47,062 | numpy_client.py:184 | Cache is stale, return ReadIns
DEBUG flower 2021-04-08 09:59:51,775 | numpy_client.py:228 | read: ReadRes(clock=49)
DEBUG flower 2021-04-08 09:59:51,783 | numpy_client.py:172 | fit, FitIns(clock=51)
DEBUG flower 2021-04-08 09:59:51,783 | numpy_client.py:260 | cached_clock: 49, curr_clock: 51
INFO flower 2021-04-08 09:59:52,885 | numpy_client.py:205 | Cache is fresh, return FitRes(clock=51)
DEBUG flower 2021-04-08 10:00:00,655 | numpy_client.py:172 | fit, FitIns(clock=52)
DEBUG flower 2021-04-08 10:00:00,655 | numpy_client.py:260 | cached_clock: 49, curr_clock: 52
INFO flower 2021-04-08 10:00:00,655 | numpy_client.py:184 | Cache is stale, return ReadIns
DEBUG flower 2021-04-08 10:00:05,300 | numpy_client.py:228 | read: ReadRes(clock=50)
DEBUG flower 2021-04-08 10:00:05,308 | numpy_client.py:172 | fit, FitIns(clock=52)
DEBUG flower 2021-04-08 10:00:05,308 | numpy_client.py:260 | cached_clock: 50, curr_clock: 52
INFO flower 2021-04-08 10:00:06,408 | numpy_client.py:205 | Cache is fresh, return FitRes(clock=52)
DEBUG flower 2021-04-08 10:00:14,131 | numpy_client.py:172 | fit, FitIns(clock=53)
DEBUG flower 2021-04-08 10:00:14,131 | numpy_client.py:260 | cached_clock: 50, curr_clock: 53
INFO flower 2021-04-08 10:00:14,131 | numpy_client.py:184 | Cache is stale, return ReadIns
DEBUG flower 2021-04-08 10:00:18,612 | numpy_client.py:228 | read: ReadRes(clock=51)
DEBUG flower 2021-04-08 10:00:18,619 | numpy_client.py:172 | fit, FitIns(clock=53)
DEBUG flower 2021-04-08 10:00:18,619 | numpy_client.py:260 | cached_clock: 51, curr_clock: 53
INFO flower 2021-04-08 10:00:19,785 | numpy_client.py:205 | Cache is fresh, return FitRes(clock=53)
DEBUG flower 2021-04-08 10:00:27,320 | numpy_client.py:172 | fit, FitIns(clock=54)
DEBUG flower 2021-04-08 10:00:27,320 | numpy_client.py:260 | cached_clock: 51, curr_clock: 54
INFO flower 2021-04-08 10:00:27,320 | numpy_client.py:184 | Cache is stale, return ReadIns
DEBUG flower 2021-04-08 10:00:32,240 | numpy_client.py:228 | read: ReadRes(clock=52)
DEBUG flower 2021-04-08 10:00:32,248 | numpy_client.py:172 | fit, FitIns(clock=54)
DEBUG flower 2021-04-08 10:00:32,248 | numpy_client.py:260 | cached_clock: 52, curr_clock: 54
INFO flower 2021-04-08 10:00:33,392 | numpy_client.py:205 | Cache is fresh, return FitRes(clock=54)
DEBUG flower 2021-04-08 10:00:41,138 | numpy_client.py:172 | fit, FitIns(clock=55)
DEBUG flower 2021-04-08 10:00:41,138 | numpy_client.py:260 | cached_clock: 52, curr_clock: 55
INFO flower 2021-04-08 10:00:41,139 | numpy_client.py:184 | Cache is stale, return ReadIns
DEBUG flower 2021-04-08 10:00:45,822 | numpy_client.py:228 | read: ReadRes(clock=53)
DEBUG flower 2021-04-08 10:00:45,830 | numpy_client.py:172 | fit, FitIns(clock=55)
DEBUG flower 2021-04-08 10:00:45,830 | numpy_client.py:260 | cached_clock: 53, curr_clock: 55
INFO flower 2021-04-08 10:00:46,987 | numpy_client.py:205 | Cache is fresh, return FitRes(clock=55)
DEBUG flower 2021-04-08 10:00:54,726 | numpy_client.py:172 | fit, FitIns(clock=56)
DEBUG flower 2021-04-08 10:00:54,726 | numpy_client.py:260 | cached_clock: 53, curr_clock: 56
INFO flower 2021-04-08 10:00:54,726 | numpy_client.py:184 | Cache is stale, return ReadIns
DEBUG flower 2021-04-08 10:00:59,532 | numpy_client.py:228 | read: ReadRes(clock=54)
DEBUG flower 2021-04-08 10:00:59,539 | numpy_client.py:172 | fit, FitIns(clock=56)
DEBUG flower 2021-04-08 10:00:59,539 | numpy_client.py:260 | cached_clock: 54, curr_clock: 56
INFO flower 2021-04-08 10:01:00,787 | numpy_client.py:205 | Cache is fresh, return FitRes(clock=56)
DEBUG flower 2021-04-08 10:01:08,446 | numpy_client.py:172 | fit, FitIns(clock=57)
DEBUG flower 2021-04-08 10:01:08,446 | numpy_client.py:260 | cached_clock: 54, curr_clock: 57
INFO flower 2021-04-08 10:01:08,446 | numpy_client.py:184 | Cache is stale, return ReadIns
DEBUG flower 2021-04-08 10:01:13,408 | numpy_client.py:228 | read: ReadRes(clock=55)
DEBUG flower 2021-04-08 10:01:13,416 | numpy_client.py:172 | fit, FitIns(clock=57)
DEBUG flower 2021-04-08 10:01:13,416 | numpy_client.py:260 | cached_clock: 55, curr_clock: 57
INFO flower 2021-04-08 10:01:14,497 | numpy_client.py:205 | Cache is fresh, return FitRes(clock=57)
DEBUG flower 2021-04-08 10:01:22,333 | numpy_client.py:172 | fit, FitIns(clock=58)
DEBUG flower 2021-04-08 10:01:22,333 | numpy_client.py:260 | cached_clock: 55, curr_clock: 58
INFO flower 2021-04-08 10:01:22,333 | numpy_client.py:184 | Cache is stale, return ReadIns
DEBUG flower 2021-04-08 10:01:27,175 | numpy_client.py:228 | read: ReadRes(clock=56)
DEBUG flower 2021-04-08 10:01:27,183 | numpy_client.py:172 | fit, FitIns(clock=58)
DEBUG flower 2021-04-08 10:01:27,183 | numpy_client.py:260 | cached_clock: 56, curr_clock: 58
INFO flower 2021-04-08 10:01:28,483 | numpy_client.py:205 | Cache is fresh, return FitRes(clock=58)
DEBUG flower 2021-04-08 10:01:36,087 | numpy_client.py:172 | fit, FitIns(clock=59)
DEBUG flower 2021-04-08 10:01:36,087 | numpy_client.py:260 | cached_clock: 56, curr_clock: 59
INFO flower 2021-04-08 10:01:36,087 | numpy_client.py:184 | Cache is stale, return ReadIns
DEBUG flower 2021-04-08 10:01:41,016 | numpy_client.py:228 | read: ReadRes(clock=57)
DEBUG flower 2021-04-08 10:01:41,024 | numpy_client.py:172 | fit, FitIns(clock=59)
DEBUG flower 2021-04-08 10:01:41,024 | numpy_client.py:260 | cached_clock: 57, curr_clock: 59
INFO flower 2021-04-08 10:01:42,188 | numpy_client.py:205 | Cache is fresh, return FitRes(clock=59)
DEBUG flower 2021-04-08 10:01:49,961 | numpy_client.py:172 | fit, FitIns(clock=60)
DEBUG flower 2021-04-08 10:01:49,962 | numpy_client.py:260 | cached_clock: 57, curr_clock: 60
INFO flower 2021-04-08 10:01:49,962 | numpy_client.py:184 | Cache is stale, return ReadIns
DEBUG flower 2021-04-08 10:01:54,341 | numpy_client.py:228 | read: ReadRes(clock=58)
DEBUG flower 2021-04-08 10:01:54,348 | numpy_client.py:172 | fit, FitIns(clock=60)
DEBUG flower 2021-04-08 10:01:54,348 | numpy_client.py:260 | cached_clock: 58, curr_clock: 60
INFO flower 2021-04-08 10:01:55,506 | numpy_client.py:205 | Cache is fresh, return FitRes(clock=60)
DEBUG flower 2021-04-08 10:02:03,375 | numpy_client.py:172 | fit, FitIns(clock=61)
DEBUG flower 2021-04-08 10:02:03,375 | numpy_client.py:260 | cached_clock: 58, curr_clock: 61
INFO flower 2021-04-08 10:02:03,375 | numpy_client.py:184 | Cache is stale, return ReadIns
DEBUG flower 2021-04-08 10:02:08,190 | numpy_client.py:228 | read: ReadRes(clock=59)
DEBUG flower 2021-04-08 10:02:08,197 | numpy_client.py:172 | fit, FitIns(clock=61)
DEBUG flower 2021-04-08 10:02:08,197 | numpy_client.py:260 | cached_clock: 59, curr_clock: 61
INFO flower 2021-04-08 10:02:09,375 | numpy_client.py:205 | Cache is fresh, return FitRes(clock=61)
DEBUG flower 2021-04-08 10:02:18,177 | numpy_client.py:172 | fit, FitIns(clock=62)
DEBUG flower 2021-04-08 10:02:18,177 | numpy_client.py:260 | cached_clock: 59, curr_clock: 62
INFO flower 2021-04-08 10:02:18,177 | numpy_client.py:184 | Cache is stale, return ReadIns
DEBUG flower 2021-04-08 10:02:23,236 | numpy_client.py:228 | read: ReadRes(clock=60)
DEBUG flower 2021-04-08 10:02:23,243 | numpy_client.py:172 | fit, FitIns(clock=62)
DEBUG flower 2021-04-08 10:02:23,244 | numpy_client.py:260 | cached_clock: 60, curr_clock: 62
INFO flower 2021-04-08 10:02:24,476 | numpy_client.py:205 | Cache is fresh, return FitRes(clock=62)
DEBUG flower 2021-04-08 10:02:32,612 | numpy_client.py:172 | fit, FitIns(clock=63)
DEBUG flower 2021-04-08 10:02:32,612 | numpy_client.py:260 | cached_clock: 60, curr_clock: 63
INFO flower 2021-04-08 10:02:32,612 | numpy_client.py:184 | Cache is stale, return ReadIns
DEBUG flower 2021-04-08 10:02:37,332 | numpy_client.py:228 | read: ReadRes(clock=61)
DEBUG flower 2021-04-08 10:02:37,339 | numpy_client.py:172 | fit, FitIns(clock=63)
DEBUG flower 2021-04-08 10:02:37,339 | numpy_client.py:260 | cached_clock: 61, curr_clock: 63
INFO flower 2021-04-08 10:02:38,488 | numpy_client.py:205 | Cache is fresh, return FitRes(clock=63)
DEBUG flower 2021-04-08 10:02:45,997 | numpy_client.py:172 | fit, FitIns(clock=64)
DEBUG flower 2021-04-08 10:02:45,998 | numpy_client.py:260 | cached_clock: 61, curr_clock: 64
INFO flower 2021-04-08 10:02:45,998 | numpy_client.py:184 | Cache is stale, return ReadIns
DEBUG flower 2021-04-08 10:02:50,815 | numpy_client.py:228 | read: ReadRes(clock=62)
DEBUG flower 2021-04-08 10:02:50,822 | numpy_client.py:172 | fit, FitIns(clock=64)
DEBUG flower 2021-04-08 10:02:50,822 | numpy_client.py:260 | cached_clock: 62, curr_clock: 64
INFO flower 2021-04-08 10:02:51,909 | numpy_client.py:205 | Cache is fresh, return FitRes(clock=64)
DEBUG flower 2021-04-08 10:02:59,415 | numpy_client.py:172 | fit, FitIns(clock=65)
DEBUG flower 2021-04-08 10:02:59,416 | numpy_client.py:260 | cached_clock: 62, curr_clock: 65
INFO flower 2021-04-08 10:02:59,416 | numpy_client.py:184 | Cache is stale, return ReadIns
DEBUG flower 2021-04-08 10:03:04,169 | numpy_client.py:228 | read: ReadRes(clock=63)
DEBUG flower 2021-04-08 10:03:04,176 | numpy_client.py:172 | fit, FitIns(clock=65)
DEBUG flower 2021-04-08 10:03:04,177 | numpy_client.py:260 | cached_clock: 63, curr_clock: 65
INFO flower 2021-04-08 10:03:05,307 | numpy_client.py:205 | Cache is fresh, return FitRes(clock=65)
DEBUG flower 2021-04-08 10:03:12,962 | numpy_client.py:172 | fit, FitIns(clock=66)
DEBUG flower 2021-04-08 10:03:12,962 | numpy_client.py:260 | cached_clock: 63, curr_clock: 66
INFO flower 2021-04-08 10:03:12,962 | numpy_client.py:184 | Cache is stale, return ReadIns
DEBUG flower 2021-04-08 10:03:18,124 | numpy_client.py:228 | read: ReadRes(clock=64)
DEBUG flower 2021-04-08 10:03:18,131 | numpy_client.py:172 | fit, FitIns(clock=66)
DEBUG flower 2021-04-08 10:03:18,132 | numpy_client.py:260 | cached_clock: 64, curr_clock: 66
INFO flower 2021-04-08 10:03:19,276 | numpy_client.py:205 | Cache is fresh, return FitRes(clock=66)
DEBUG flower 2021-04-08 10:03:26,441 | numpy_client.py:172 | fit, FitIns(clock=67)
DEBUG flower 2021-04-08 10:03:26,441 | numpy_client.py:260 | cached_clock: 64, curr_clock: 67
INFO flower 2021-04-08 10:03:26,441 | numpy_client.py:184 | Cache is stale, return ReadIns
DEBUG flower 2021-04-08 10:03:31,000 | numpy_client.py:228 | read: ReadRes(clock=65)
DEBUG flower 2021-04-08 10:03:31,007 | numpy_client.py:172 | fit, FitIns(clock=67)
DEBUG flower 2021-04-08 10:03:31,008 | numpy_client.py:260 | cached_clock: 65, curr_clock: 67
INFO flower 2021-04-08 10:03:32,088 | numpy_client.py:205 | Cache is fresh, return FitRes(clock=67)
DEBUG flower 2021-04-08 10:03:40,096 | numpy_client.py:172 | fit, FitIns(clock=68)
DEBUG flower 2021-04-08 10:03:40,096 | numpy_client.py:260 | cached_clock: 65, curr_clock: 68
INFO flower 2021-04-08 10:03:40,096 | numpy_client.py:184 | Cache is stale, return ReadIns
DEBUG flower 2021-04-08 10:03:44,817 | numpy_client.py:228 | read: ReadRes(clock=66)
DEBUG flower 2021-04-08 10:03:44,825 | numpy_client.py:172 | fit, FitIns(clock=68)
DEBUG flower 2021-04-08 10:03:44,825 | numpy_client.py:260 | cached_clock: 66, curr_clock: 68
INFO flower 2021-04-08 10:03:45,816 | numpy_client.py:205 | Cache is fresh, return FitRes(clock=68)
DEBUG flower 2021-04-08 10:03:53,773 | numpy_client.py:172 | fit, FitIns(clock=69)
DEBUG flower 2021-04-08 10:03:53,773 | numpy_client.py:260 | cached_clock: 66, curr_clock: 69
INFO flower 2021-04-08 10:03:53,773 | numpy_client.py:184 | Cache is stale, return ReadIns
DEBUG flower 2021-04-08 10:03:58,379 | numpy_client.py:228 | read: ReadRes(clock=67)
DEBUG flower 2021-04-08 10:03:58,386 | numpy_client.py:172 | fit, FitIns(clock=69)
DEBUG flower 2021-04-08 10:03:58,386 | numpy_client.py:260 | cached_clock: 67, curr_clock: 69
INFO flower 2021-04-08 10:03:59,503 | numpy_client.py:205 | Cache is fresh, return FitRes(clock=69)
DEBUG flower 2021-04-08 10:04:07,175 | numpy_client.py:172 | fit, FitIns(clock=70)
DEBUG flower 2021-04-08 10:04:07,176 | numpy_client.py:260 | cached_clock: 67, curr_clock: 70
INFO flower 2021-04-08 10:04:07,176 | numpy_client.py:184 | Cache is stale, return ReadIns
DEBUG flower 2021-04-08 10:04:11,852 | numpy_client.py:228 | read: ReadRes(clock=68)
DEBUG flower 2021-04-08 10:04:11,859 | numpy_client.py:172 | fit, FitIns(clock=70)
DEBUG flower 2021-04-08 10:04:11,859 | numpy_client.py:260 | cached_clock: 68, curr_clock: 70
INFO flower 2021-04-08 10:04:13,077 | numpy_client.py:205 | Cache is fresh, return FitRes(clock=70)
DEBUG flower 2021-04-08 10:04:20,725 | numpy_client.py:172 | fit, FitIns(clock=71)
DEBUG flower 2021-04-08 10:04:20,726 | numpy_client.py:260 | cached_clock: 68, curr_clock: 71
INFO flower 2021-04-08 10:04:20,726 | numpy_client.py:184 | Cache is stale, return ReadIns
DEBUG flower 2021-04-08 10:04:25,276 | numpy_client.py:228 | read: ReadRes(clock=69)
DEBUG flower 2021-04-08 10:04:25,283 | numpy_client.py:172 | fit, FitIns(clock=71)
DEBUG flower 2021-04-08 10:04:25,283 | numpy_client.py:260 | cached_clock: 69, curr_clock: 71
INFO flower 2021-04-08 10:04:26,399 | numpy_client.py:205 | Cache is fresh, return FitRes(clock=71)
DEBUG flower 2021-04-08 10:04:33,895 | numpy_client.py:172 | fit, FitIns(clock=72)
DEBUG flower 2021-04-08 10:04:33,895 | numpy_client.py:260 | cached_clock: 69, curr_clock: 72
INFO flower 2021-04-08 10:04:33,895 | numpy_client.py:184 | Cache is stale, return ReadIns
DEBUG flower 2021-04-08 10:04:38,617 | numpy_client.py:228 | read: ReadRes(clock=70)
DEBUG flower 2021-04-08 10:04:38,624 | numpy_client.py:172 | fit, FitIns(clock=72)
DEBUG flower 2021-04-08 10:04:38,624 | numpy_client.py:260 | cached_clock: 70, curr_clock: 72
INFO flower 2021-04-08 10:04:39,700 | numpy_client.py:205 | Cache is fresh, return FitRes(clock=72)
DEBUG flower 2021-04-08 10:04:47,438 | numpy_client.py:172 | fit, FitIns(clock=73)
DEBUG flower 2021-04-08 10:04:47,438 | numpy_client.py:260 | cached_clock: 70, curr_clock: 73
INFO flower 2021-04-08 10:04:47,438 | numpy_client.py:184 | Cache is stale, return ReadIns
DEBUG flower 2021-04-08 10:04:51,843 | numpy_client.py:228 | read: ReadRes(clock=71)
DEBUG flower 2021-04-08 10:04:51,850 | numpy_client.py:172 | fit, FitIns(clock=73)
DEBUG flower 2021-04-08 10:04:51,850 | numpy_client.py:260 | cached_clock: 71, curr_clock: 73
INFO flower 2021-04-08 10:04:52,985 | numpy_client.py:205 | Cache is fresh, return FitRes(clock=73)
DEBUG flower 2021-04-08 10:05:00,494 | numpy_client.py:172 | fit, FitIns(clock=74)
DEBUG flower 2021-04-08 10:05:00,494 | numpy_client.py:260 | cached_clock: 71, curr_clock: 74
INFO flower 2021-04-08 10:05:00,494 | numpy_client.py:184 | Cache is stale, return ReadIns
DEBUG flower 2021-04-08 10:05:05,151 | numpy_client.py:228 | read: ReadRes(clock=72)
DEBUG flower 2021-04-08 10:05:05,158 | numpy_client.py:172 | fit, FitIns(clock=74)
DEBUG flower 2021-04-08 10:05:05,158 | numpy_client.py:260 | cached_clock: 72, curr_clock: 74
INFO flower 2021-04-08 10:05:06,297 | numpy_client.py:205 | Cache is fresh, return FitRes(clock=74)
DEBUG flower 2021-04-08 10:05:14,246 | numpy_client.py:172 | fit, FitIns(clock=75)
DEBUG flower 2021-04-08 10:05:14,246 | numpy_client.py:260 | cached_clock: 72, curr_clock: 75
INFO flower 2021-04-08 10:05:14,246 | numpy_client.py:184 | Cache is stale, return ReadIns
DEBUG flower 2021-04-08 10:05:18,765 | numpy_client.py:228 | read: ReadRes(clock=73)
DEBUG flower 2021-04-08 10:05:18,772 | numpy_client.py:172 | fit, FitIns(clock=75)
DEBUG flower 2021-04-08 10:05:18,772 | numpy_client.py:260 | cached_clock: 73, curr_clock: 75
INFO flower 2021-04-08 10:05:19,890 | numpy_client.py:205 | Cache is fresh, return FitRes(clock=75)
DEBUG flower 2021-04-08 10:05:27,674 | numpy_client.py:172 | fit, FitIns(clock=76)
DEBUG flower 2021-04-08 10:05:27,674 | numpy_client.py:260 | cached_clock: 73, curr_clock: 76
INFO flower 2021-04-08 10:05:27,674 | numpy_client.py:184 | Cache is stale, return ReadIns
DEBUG flower 2021-04-08 10:05:32,445 | numpy_client.py:228 | read: ReadRes(clock=74)
DEBUG flower 2021-04-08 10:05:32,453 | numpy_client.py:172 | fit, FitIns(clock=76)
DEBUG flower 2021-04-08 10:05:32,453 | numpy_client.py:260 | cached_clock: 74, curr_clock: 76
INFO flower 2021-04-08 10:05:33,600 | numpy_client.py:205 | Cache is fresh, return FitRes(clock=76)
DEBUG flower 2021-04-08 10:05:41,252 | numpy_client.py:172 | fit, FitIns(clock=77)
DEBUG flower 2021-04-08 10:05:41,252 | numpy_client.py:260 | cached_clock: 74, curr_clock: 77
INFO flower 2021-04-08 10:05:41,252 | numpy_client.py:184 | Cache is stale, return ReadIns
DEBUG flower 2021-04-08 10:05:45,999 | numpy_client.py:228 | read: ReadRes(clock=75)
DEBUG flower 2021-04-08 10:05:46,007 | numpy_client.py:172 | fit, FitIns(clock=77)
DEBUG flower 2021-04-08 10:05:46,007 | numpy_client.py:260 | cached_clock: 75, curr_clock: 77
INFO flower 2021-04-08 10:05:47,181 | numpy_client.py:205 | Cache is fresh, return FitRes(clock=77)
DEBUG flower 2021-04-08 10:05:54,842 | numpy_client.py:172 | fit, FitIns(clock=78)
DEBUG flower 2021-04-08 10:05:54,843 | numpy_client.py:260 | cached_clock: 75, curr_clock: 78
INFO flower 2021-04-08 10:05:54,843 | numpy_client.py:184 | Cache is stale, return ReadIns
DEBUG flower 2021-04-08 10:05:59,567 | numpy_client.py:228 | read: ReadRes(clock=76)
DEBUG flower 2021-04-08 10:05:59,574 | numpy_client.py:172 | fit, FitIns(clock=78)
DEBUG flower 2021-04-08 10:05:59,574 | numpy_client.py:260 | cached_clock: 76, curr_clock: 78
INFO flower 2021-04-08 10:06:00,775 | numpy_client.py:205 | Cache is fresh, return FitRes(clock=78)
DEBUG flower 2021-04-08 10:06:08,564 | numpy_client.py:172 | fit, FitIns(clock=79)
DEBUG flower 2021-04-08 10:06:08,564 | numpy_client.py:260 | cached_clock: 76, curr_clock: 79
INFO flower 2021-04-08 10:06:08,564 | numpy_client.py:184 | Cache is stale, return ReadIns
DEBUG flower 2021-04-08 10:06:13,876 | numpy_client.py:228 | read: ReadRes(clock=77)
DEBUG flower 2021-04-08 10:06:13,884 | numpy_client.py:172 | fit, FitIns(clock=79)
DEBUG flower 2021-04-08 10:06:13,884 | numpy_client.py:260 | cached_clock: 77, curr_clock: 79
INFO flower 2021-04-08 10:06:15,082 | numpy_client.py:205 | Cache is fresh, return FitRes(clock=79)
DEBUG flower 2021-04-08 10:06:23,056 | numpy_client.py:172 | fit, FitIns(clock=80)
DEBUG flower 2021-04-08 10:06:23,056 | numpy_client.py:260 | cached_clock: 77, curr_clock: 80
INFO flower 2021-04-08 10:06:23,056 | numpy_client.py:184 | Cache is stale, return ReadIns
DEBUG flower 2021-04-08 10:06:27,707 | numpy_client.py:228 | read: ReadRes(clock=78)
DEBUG flower 2021-04-08 10:06:27,714 | numpy_client.py:172 | fit, FitIns(clock=80)
DEBUG flower 2021-04-08 10:06:27,714 | numpy_client.py:260 | cached_clock: 78, curr_clock: 80
INFO flower 2021-04-08 10:06:28,895 | numpy_client.py:205 | Cache is fresh, return FitRes(clock=80)
DEBUG flower 2021-04-08 10:06:36,832 | numpy_client.py:172 | fit, FitIns(clock=81)
DEBUG flower 2021-04-08 10:06:36,832 | numpy_client.py:260 | cached_clock: 78, curr_clock: 81
INFO flower 2021-04-08 10:06:36,832 | numpy_client.py:184 | Cache is stale, return ReadIns
DEBUG flower 2021-04-08 10:06:41,549 | numpy_client.py:228 | read: ReadRes(clock=79)
DEBUG flower 2021-04-08 10:06:41,556 | numpy_client.py:172 | fit, FitIns(clock=81)
DEBUG flower 2021-04-08 10:06:41,556 | numpy_client.py:260 | cached_clock: 79, curr_clock: 81
INFO flower 2021-04-08 10:06:42,609 | numpy_client.py:205 | Cache is fresh, return FitRes(clock=81)
DEBUG flower 2021-04-08 10:06:50,715 | numpy_client.py:172 | fit, FitIns(clock=82)
DEBUG flower 2021-04-08 10:06:50,716 | numpy_client.py:260 | cached_clock: 79, curr_clock: 82
INFO flower 2021-04-08 10:06:50,716 | numpy_client.py:184 | Cache is stale, return ReadIns
DEBUG flower 2021-04-08 10:06:55,875 | numpy_client.py:228 | read: ReadRes(clock=80)
DEBUG flower 2021-04-08 10:06:55,883 | numpy_client.py:172 | fit, FitIns(clock=82)
DEBUG flower 2021-04-08 10:06:55,883 | numpy_client.py:260 | cached_clock: 80, curr_clock: 82
INFO flower 2021-04-08 10:06:57,005 | numpy_client.py:205 | Cache is fresh, return FitRes(clock=82)
DEBUG flower 2021-04-08 10:07:04,205 | numpy_client.py:172 | fit, FitIns(clock=83)
DEBUG flower 2021-04-08 10:07:04,206 | numpy_client.py:260 | cached_clock: 80, curr_clock: 83
INFO flower 2021-04-08 10:07:04,206 | numpy_client.py:184 | Cache is stale, return ReadIns
DEBUG flower 2021-04-08 10:07:09,196 | numpy_client.py:228 | read: ReadRes(clock=81)
DEBUG flower 2021-04-08 10:07:09,204 | numpy_client.py:172 | fit, FitIns(clock=83)
DEBUG flower 2021-04-08 10:07:09,204 | numpy_client.py:260 | cached_clock: 81, curr_clock: 83
INFO flower 2021-04-08 10:07:10,380 | numpy_client.py:205 | Cache is fresh, return FitRes(clock=83)
DEBUG flower 2021-04-08 10:07:17,620 | numpy_client.py:172 | fit, FitIns(clock=84)
DEBUG flower 2021-04-08 10:07:17,620 | numpy_client.py:260 | cached_clock: 81, curr_clock: 84
INFO flower 2021-04-08 10:07:17,620 | numpy_client.py:184 | Cache is stale, return ReadIns
DEBUG flower 2021-04-08 10:07:22,436 | numpy_client.py:228 | read: ReadRes(clock=82)
DEBUG flower 2021-04-08 10:07:22,443 | numpy_client.py:172 | fit, FitIns(clock=84)
DEBUG flower 2021-04-08 10:07:22,443 | numpy_client.py:260 | cached_clock: 82, curr_clock: 84
INFO flower 2021-04-08 10:07:23,422 | numpy_client.py:205 | Cache is fresh, return FitRes(clock=84)
DEBUG flower 2021-04-08 10:07:30,962 | numpy_client.py:172 | fit, FitIns(clock=85)
DEBUG flower 2021-04-08 10:07:30,962 | numpy_client.py:260 | cached_clock: 82, curr_clock: 85
INFO flower 2021-04-08 10:07:30,963 | numpy_client.py:184 | Cache is stale, return ReadIns
DEBUG flower 2021-04-08 10:07:35,656 | numpy_client.py:228 | read: ReadRes(clock=83)
DEBUG flower 2021-04-08 10:07:35,679 | numpy_client.py:172 | fit, FitIns(clock=85)
DEBUG flower 2021-04-08 10:07:35,680 | numpy_client.py:260 | cached_clock: 83, curr_clock: 85
INFO flower 2021-04-08 10:07:36,809 | numpy_client.py:205 | Cache is fresh, return FitRes(clock=85)
DEBUG flower 2021-04-08 10:07:44,704 | numpy_client.py:172 | fit, FitIns(clock=86)
DEBUG flower 2021-04-08 10:07:44,705 | numpy_client.py:260 | cached_clock: 83, curr_clock: 86
INFO flower 2021-04-08 10:07:44,705 | numpy_client.py:184 | Cache is stale, return ReadIns
DEBUG flower 2021-04-08 10:07:49,782 | numpy_client.py:228 | read: ReadRes(clock=84)
DEBUG flower 2021-04-08 10:07:49,789 | numpy_client.py:172 | fit, FitIns(clock=86)
DEBUG flower 2021-04-08 10:07:49,789 | numpy_client.py:260 | cached_clock: 84, curr_clock: 86
INFO flower 2021-04-08 10:07:50,893 | numpy_client.py:205 | Cache is fresh, return FitRes(clock=86)
DEBUG flower 2021-04-08 10:07:59,122 | numpy_client.py:172 | fit, FitIns(clock=87)
DEBUG flower 2021-04-08 10:07:59,122 | numpy_client.py:260 | cached_clock: 84, curr_clock: 87
INFO flower 2021-04-08 10:07:59,122 | numpy_client.py:184 | Cache is stale, return ReadIns
DEBUG flower 2021-04-08 10:08:03,876 | numpy_client.py:228 | read: ReadRes(clock=85)
DEBUG flower 2021-04-08 10:08:03,884 | numpy_client.py:172 | fit, FitIns(clock=87)
DEBUG flower 2021-04-08 10:08:03,884 | numpy_client.py:260 | cached_clock: 85, curr_clock: 87
INFO flower 2021-04-08 10:08:05,079 | numpy_client.py:205 | Cache is fresh, return FitRes(clock=87)
DEBUG flower 2021-04-08 10:08:12,884 | numpy_client.py:172 | fit, FitIns(clock=88)
DEBUG flower 2021-04-08 10:08:12,884 | numpy_client.py:260 | cached_clock: 85, curr_clock: 88
INFO flower 2021-04-08 10:08:12,884 | numpy_client.py:184 | Cache is stale, return ReadIns
DEBUG flower 2021-04-08 10:08:17,413 | numpy_client.py:228 | read: ReadRes(clock=86)
DEBUG flower 2021-04-08 10:08:17,421 | numpy_client.py:172 | fit, FitIns(clock=88)
DEBUG flower 2021-04-08 10:08:17,421 | numpy_client.py:260 | cached_clock: 86, curr_clock: 88
INFO flower 2021-04-08 10:08:18,608 | numpy_client.py:205 | Cache is fresh, return FitRes(clock=88)
DEBUG flower 2021-04-08 10:08:26,453 | numpy_client.py:172 | fit, FitIns(clock=89)
DEBUG flower 2021-04-08 10:08:26,453 | numpy_client.py:260 | cached_clock: 86, curr_clock: 89
INFO flower 2021-04-08 10:08:26,453 | numpy_client.py:184 | Cache is stale, return ReadIns
DEBUG flower 2021-04-08 10:08:31,176 | numpy_client.py:228 | read: ReadRes(clock=87)
DEBUG flower 2021-04-08 10:08:31,184 | numpy_client.py:172 | fit, FitIns(clock=89)
DEBUG flower 2021-04-08 10:08:31,184 | numpy_client.py:260 | cached_clock: 87, curr_clock: 89
INFO flower 2021-04-08 10:08:32,290 | numpy_client.py:205 | Cache is fresh, return FitRes(clock=89)
DEBUG flower 2021-04-08 10:08:40,075 | numpy_client.py:172 | fit, FitIns(clock=90)
DEBUG flower 2021-04-08 10:08:40,076 | numpy_client.py:260 | cached_clock: 87, curr_clock: 90
INFO flower 2021-04-08 10:08:40,076 | numpy_client.py:184 | Cache is stale, return ReadIns
DEBUG flower 2021-04-08 10:08:44,837 | numpy_client.py:228 | read: ReadRes(clock=88)
DEBUG flower 2021-04-08 10:08:44,845 | numpy_client.py:172 | fit, FitIns(clock=90)
DEBUG flower 2021-04-08 10:08:44,845 | numpy_client.py:260 | cached_clock: 88, curr_clock: 90
INFO flower 2021-04-08 10:08:46,005 | numpy_client.py:205 | Cache is fresh, return FitRes(clock=90)
DEBUG flower 2021-04-08 10:08:53,748 | numpy_client.py:172 | fit, FitIns(clock=91)
DEBUG flower 2021-04-08 10:08:53,748 | numpy_client.py:260 | cached_clock: 88, curr_clock: 91
INFO flower 2021-04-08 10:08:53,748 | numpy_client.py:184 | Cache is stale, return ReadIns
DEBUG flower 2021-04-08 10:08:58,639 | numpy_client.py:228 | read: ReadRes(clock=89)
DEBUG flower 2021-04-08 10:08:58,646 | numpy_client.py:172 | fit, FitIns(clock=91)
DEBUG flower 2021-04-08 10:08:58,646 | numpy_client.py:260 | cached_clock: 89, curr_clock: 91
INFO flower 2021-04-08 10:08:59,706 | numpy_client.py:205 | Cache is fresh, return FitRes(clock=91)
DEBUG flower 2021-04-08 10:09:07,642 | numpy_client.py:172 | fit, FitIns(clock=92)
DEBUG flower 2021-04-08 10:09:07,642 | numpy_client.py:260 | cached_clock: 89, curr_clock: 92
INFO flower 2021-04-08 10:09:07,643 | numpy_client.py:184 | Cache is stale, return ReadIns
DEBUG flower 2021-04-08 10:09:12,675 | numpy_client.py:228 | read: ReadRes(clock=90)
DEBUG flower 2021-04-08 10:09:12,683 | numpy_client.py:172 | fit, FitIns(clock=92)
DEBUG flower 2021-04-08 10:09:12,683 | numpy_client.py:260 | cached_clock: 90, curr_clock: 92
INFO flower 2021-04-08 10:09:13,824 | numpy_client.py:205 | Cache is fresh, return FitRes(clock=92)
DEBUG flower 2021-04-08 10:09:21,676 | numpy_client.py:172 | fit, FitIns(clock=93)
DEBUG flower 2021-04-08 10:09:21,676 | numpy_client.py:260 | cached_clock: 90, curr_clock: 93
INFO flower 2021-04-08 10:09:21,676 | numpy_client.py:184 | Cache is stale, return ReadIns
DEBUG flower 2021-04-08 10:09:26,518 | numpy_client.py:228 | read: ReadRes(clock=91)
DEBUG flower 2021-04-08 10:09:26,525 | numpy_client.py:172 | fit, FitIns(clock=93)
DEBUG flower 2021-04-08 10:09:26,525 | numpy_client.py:260 | cached_clock: 91, curr_clock: 93
INFO flower 2021-04-08 10:09:27,589 | numpy_client.py:205 | Cache is fresh, return FitRes(clock=93)
DEBUG flower 2021-04-08 10:09:35,528 | numpy_client.py:172 | fit, FitIns(clock=94)
DEBUG flower 2021-04-08 10:09:35,528 | numpy_client.py:260 | cached_clock: 91, curr_clock: 94
INFO flower 2021-04-08 10:09:35,528 | numpy_client.py:184 | Cache is stale, return ReadIns
DEBUG flower 2021-04-08 10:09:40,376 | numpy_client.py:228 | read: ReadRes(clock=92)
DEBUG flower 2021-04-08 10:09:40,383 | numpy_client.py:172 | fit, FitIns(clock=94)
DEBUG flower 2021-04-08 10:09:40,383 | numpy_client.py:260 | cached_clock: 92, curr_clock: 94
INFO flower 2021-04-08 10:09:41,407 | numpy_client.py:205 | Cache is fresh, return FitRes(clock=94)
DEBUG flower 2021-04-08 10:09:49,272 | numpy_client.py:172 | fit, FitIns(clock=95)
DEBUG flower 2021-04-08 10:09:49,272 | numpy_client.py:260 | cached_clock: 92, curr_clock: 95
INFO flower 2021-04-08 10:09:49,272 | numpy_client.py:184 | Cache is stale, return ReadIns
DEBUG flower 2021-04-08 10:09:54,693 | numpy_client.py:228 | read: ReadRes(clock=93)
DEBUG flower 2021-04-08 10:09:54,700 | numpy_client.py:172 | fit, FitIns(clock=95)
DEBUG flower 2021-04-08 10:09:54,700 | numpy_client.py:260 | cached_clock: 93, curr_clock: 95
INFO flower 2021-04-08 10:09:55,716 | numpy_client.py:205 | Cache is fresh, return FitRes(clock=95)
DEBUG flower 2021-04-08 10:10:04,078 | numpy_client.py:172 | fit, FitIns(clock=96)
DEBUG flower 2021-04-08 10:10:04,078 | numpy_client.py:260 | cached_clock: 93, curr_clock: 96
INFO flower 2021-04-08 10:10:04,078 | numpy_client.py:184 | Cache is stale, return ReadIns
DEBUG flower 2021-04-08 10:10:09,235 | numpy_client.py:228 | read: ReadRes(clock=94)
DEBUG flower 2021-04-08 10:10:09,242 | numpy_client.py:172 | fit, FitIns(clock=96)
DEBUG flower 2021-04-08 10:10:09,242 | numpy_client.py:260 | cached_clock: 94, curr_clock: 96
INFO flower 2021-04-08 10:10:10,386 | numpy_client.py:205 | Cache is fresh, return FitRes(clock=96)
DEBUG flower 2021-04-08 10:10:18,343 | numpy_client.py:172 | fit, FitIns(clock=97)
DEBUG flower 2021-04-08 10:10:18,343 | numpy_client.py:260 | cached_clock: 94, curr_clock: 97
INFO flower 2021-04-08 10:10:18,343 | numpy_client.py:184 | Cache is stale, return ReadIns
DEBUG flower 2021-04-08 10:10:22,777 | numpy_client.py:228 | read: ReadRes(clock=95)
DEBUG flower 2021-04-08 10:10:22,784 | numpy_client.py:172 | fit, FitIns(clock=97)
DEBUG flower 2021-04-08 10:10:22,784 | numpy_client.py:260 | cached_clock: 95, curr_clock: 97
INFO flower 2021-04-08 10:10:23,906 | numpy_client.py:205 | Cache is fresh, return FitRes(clock=97)
DEBUG flower 2021-04-08 10:10:31,925 | numpy_client.py:172 | fit, FitIns(clock=98)
DEBUG flower 2021-04-08 10:10:31,925 | numpy_client.py:260 | cached_clock: 95, curr_clock: 98
INFO flower 2021-04-08 10:10:31,925 | numpy_client.py:184 | Cache is stale, return ReadIns
DEBUG flower 2021-04-08 10:10:36,407 | numpy_client.py:228 | read: ReadRes(clock=96)
DEBUG flower 2021-04-08 10:10:36,414 | numpy_client.py:172 | fit, FitIns(clock=98)
DEBUG flower 2021-04-08 10:10:36,414 | numpy_client.py:260 | cached_clock: 96, curr_clock: 98
INFO flower 2021-04-08 10:10:37,587 | numpy_client.py:205 | Cache is fresh, return FitRes(clock=98)
DEBUG flower 2021-04-08 10:10:46,578 | numpy_client.py:172 | fit, FitIns(clock=99)
DEBUG flower 2021-04-08 10:10:46,578 | numpy_client.py:260 | cached_clock: 96, curr_clock: 99
INFO flower 2021-04-08 10:10:46,578 | numpy_client.py:184 | Cache is stale, return ReadIns
DEBUG flower 2021-04-08 10:10:51,324 | numpy_client.py:228 | read: ReadRes(clock=97)
DEBUG flower 2021-04-08 10:10:51,331 | numpy_client.py:172 | fit, FitIns(clock=99)
DEBUG flower 2021-04-08 10:10:51,331 | numpy_client.py:260 | cached_clock: 97, curr_clock: 99
INFO flower 2021-04-08 10:10:52,408 | numpy_client.py:205 | Cache is fresh, return FitRes(clock=99)
DEBUG flower 2021-04-08 10:10:52,408 | numpy_client.py:217 | The client finishes computing after 1341 seconds
INFO flower 2021-04-08 10:11:38,087 | numpy_client.py:250 | [32;1m Loss: 21.353, Accuracy: 49.259%[0m
DEBUG flower 2021-04-08 10:11:38,709 | connection.py:68 | Insecure gRPC channel closed
INFO flower 2021-04-08 10:11:38,709 | app.py:74 | Disconnect and shut down
Namespace(idx=22, max_delay=0, min_delay=0, num_clients=31, server_ip='10.244.29.27:8080', staleness_bound=2)
I'm client 22
Start SSP client without delay
Files already downloaded and verified
Files already downloaded and verified
[32;1mClient 22: 667 train samples, 270 test samples[0m
loss=48.033403635025024, acc=0.19791666666666666
loss=47.64859104156494, acc=0.19791666666666666
loss=47.67645239830017, acc=0.19791666666666666
loss=45.77415919303894, acc=0.20386904761904762
loss=45.91598653793335, acc=0.20833333333333334
loss=54.099586963653564, acc=0.22321428571428573
loss=59.313889265060425, acc=0.2261904761904762
loss=58.30303502082825, acc=0.1875
loss=46.51561236381531, acc=0.20386904761904762
loss=55.92754936218262, acc=0.23065476190476192
loss=60.10369348526001, acc=0.22023809523809523
loss=59.142011761665344, acc=0.22023809523809523
loss=62.49691462516785, acc=0.19642857142857142
loss=66.8970627784729, acc=0.21577380952380953
loss=56.56441676616669, acc=0.21279761904761904
loss=65.25326013565063, acc=0.21279761904761904
loss=66.49162483215332, acc=0.20535714285714285
loss=65.9606602191925, acc=0.20535714285714285
loss=56.56886565685272, acc=0.19196428571428573
loss=63.22440004348755, acc=0.19940476190476192
loss=65.35996532440186, acc=0.20684523809523808
loss=56.73067653179169, acc=0.19642857142857142
loss=58.322667956352234, acc=0.23065476190476192
loss=62.234816670417786, acc=0.19791666666666666
loss=64.08781921863556, acc=0.2425595238095238
loss=56.04518640041351, acc=0.20535714285714285
loss=57.7651846408844, acc=0.23363095238095238
loss=61.47717094421387, acc=0.22916666666666666
loss=63.77900731563568, acc=0.21577380952380953
loss=65.46198868751526, acc=0.17708333333333334
loss=54.13152635097504, acc=0.23065476190476192
loss=60.82774221897125, acc=0.22172619047619047
loss=63.605913162231445, acc=0.22023809523809523
loss=64.0512181520462, acc=0.2261904761904762
loss=55.42217218875885, acc=0.23214285714285715
loss=61.05322337150574, acc=0.24404761904761904
loss=42.91391479969025, acc=0.18601190476190477
loss=46.47536587715149, acc=0.19345238095238096
loss=54.57239043712616, acc=0.23958333333333334
loss=58.50176751613617, acc=0.24553571428571427
loss=59.371949195861816, acc=0.25
loss=50.65175700187683, acc=0.25297619047619047
loss=58.504392862319946, acc=0.23214285714285715
loss=61.98690950870514, acc=0.24107142857142858
loss=62.46713924407959, acc=0.23065476190476192
loss=62.30341041088104, acc=0.23511904761904762
loss=63.687156200408936, acc=0.24553571428571427
loss=63.755529046058655, acc=0.23363095238095238
loss=52.68821096420288, acc=0.2544642857142857
loss=59.064953565597534, acc=0.2425595238095238
loss=61.64919900894165, acc=0.23363095238095238
loss=63.45244324207306, acc=0.23660714285714285
loss=53.31887984275818, acc=0.2708333333333333
loss=59.32701587677002, acc=0.23660714285714285
loss=54.12432372570038, acc=0.2931547619047619
loss=59.2971978187561, acc=0.24702380952380953
loss=62.00671315193176, acc=0.23809523809523808
loss=63.13236677646637, acc=0.23363095238095238
loss=65.07440996170044, acc=0.22767857142857142
loss=53.815019726753235, acc=0.28125
loss=58.9158148765564, acc=0.2425595238095238
loss=61.616775035858154, acc=0.23363095238095238
loss=63.11731290817261, acc=0.23958333333333334
loss=64.18753290176392, acc=0.2261904761904762
loss=64.74858868122101, acc=0.22767857142857142
loss=64.8130110502243, acc=0.22172619047619047
loss=65.42394661903381, acc=0.2261904761904762
loss=64.35749077796936, acc=0.23363095238095238
loss=64.5170829296112, acc=0.21428571428571427
loss=64.58161914348602, acc=0.2261904761904762
loss=64.5132737159729, acc=0.23065476190476192
loss=65.5654411315918, acc=0.23958333333333334
loss=52.28433561325073, acc=0.2708333333333333
loss=59.23843824863434, acc=0.2261904761904762
loss=61.82366335391998, acc=0.23363095238095238
loss=53.83075714111328, acc=0.29910714285714285
loss=60.66855442523956, acc=0.21875
loss=54.31468605995178, acc=0.30952380952380953
loss=60.0372759103775, acc=0.23511904761904762
loss=62.31326425075531, acc=0.22470238095238096
loss=63.49952220916748, acc=0.22767857142857142
loss=63.85567605495453, acc=0.22767857142857142
loss=65.51385009288788, acc=0.21875
loss=63.14130473136902, acc=0.2425595238095238
loss=64.96893191337585, acc=0.22767857142857142
loss=65.49805355072021, acc=0.23065476190476192
loss=65.87167131900787, acc=0.22321428571428573
loss=66.26539671421051, acc=0.22023809523809523
loss=65.27147877216339, acc=0.23958333333333334
loss=65.67167854309082, acc=0.23958333333333334
loss=66.88955354690552, acc=0.23363095238095238
loss=67.7718997001648, acc=0.23065476190476192
loss=53.00216209888458, acc=0.2931547619047619
loss=61.28369736671448, acc=0.24107142857142858
loss=64.76769948005676, acc=0.24107142857142858
loss=66.30114960670471, acc=0.22767857142857142
loss=66.36915290355682, acc=0.24107142857142858
loss=66.1135870218277, acc=0.24107142857142858
loss=53.79498338699341, acc=0.28720238095238093
loss=63.55511701107025, acc=0.23214285714285715
Files already downloaded and verified
Files already downloaded and verified
Testing on full test set: 313, 1161.743464231491, 0.316
Testing on partial test set: 9, 21.353341817855835, 0.4925925925925926
