DEBUG flower 2021-04-08 07:26:19,422 | connection.py:36 | ChannelConnectivity.IDLE
DEBUG flower 2021-04-08 07:26:19,424 | connection.py:36 | ChannelConnectivity.CONNECTING
INFO flower 2021-04-08 07:26:19,425 | app.py:63 | Opened (insecure) gRPC connection
DEBUG flower 2021-04-08 07:26:19,448 | connection.py:36 | ChannelConnectivity.READY
DEBUG flower 2021-04-08 07:26:21,402 | numpy_client.py:172 | fit, FitIns(clock=0)
INFO flower 2021-04-08 07:26:21,402 | numpy_client.py:184 | Cache is stale, return ReadIns
DEBUG flower 2021-04-08 07:26:21,577 | numpy_client.py:228 | read: ReadRes(clock=-1)
DEBUG flower 2021-04-08 07:26:21,595 | numpy_client.py:172 | fit, FitIns(clock=0)
DEBUG flower 2021-04-08 07:26:21,595 | numpy_client.py:260 | cached_clock: -1, curr_clock: 0
INFO flower 2021-04-08 07:26:25,331 | numpy_client.py:205 | Cache is fresh, return FitRes(clock=0)
DEBUG flower 2021-04-08 07:26:25,366 | numpy_client.py:172 | fit, FitIns(clock=1)
DEBUG flower 2021-04-08 07:26:25,367 | numpy_client.py:260 | cached_clock: -1, curr_clock: 1
INFO flower 2021-04-08 07:26:29,027 | numpy_client.py:205 | Cache is fresh, return FitRes(clock=1)
DEBUG flower 2021-04-08 07:26:35,906 | numpy_client.py:172 | fit, FitIns(clock=2)
DEBUG flower 2021-04-08 07:26:35,906 | numpy_client.py:260 | cached_clock: -1, curr_clock: 2
INFO flower 2021-04-08 07:26:39,834 | numpy_client.py:205 | Cache is fresh, return FitRes(clock=2)
DEBUG flower 2021-04-08 07:26:39,857 | numpy_client.py:172 | fit, FitIns(clock=3)
DEBUG flower 2021-04-08 07:26:39,857 | numpy_client.py:260 | cached_clock: -1, curr_clock: 3
INFO flower 2021-04-08 07:26:43,628 | numpy_client.py:205 | Cache is fresh, return FitRes(clock=3)
DEBUG flower 2021-04-08 07:26:49,623 | numpy_client.py:172 | fit, FitIns(clock=4)
DEBUG flower 2021-04-08 07:26:49,623 | numpy_client.py:260 | cached_clock: -1, curr_clock: 4
INFO flower 2021-04-08 07:26:53,606 | numpy_client.py:205 | Cache is fresh, return FitRes(clock=4)
DEBUG flower 2021-04-08 07:26:53,631 | numpy_client.py:172 | fit, FitIns(clock=5)
DEBUG flower 2021-04-08 07:26:53,631 | numpy_client.py:260 | cached_clock: -1, curr_clock: 5
INFO flower 2021-04-08 07:26:57,308 | numpy_client.py:205 | Cache is fresh, return FitRes(clock=5)
DEBUG flower 2021-04-08 07:27:02,904 | numpy_client.py:172 | fit, FitIns(clock=6)
DEBUG flower 2021-04-08 07:27:02,904 | numpy_client.py:260 | cached_clock: -1, curr_clock: 6
INFO flower 2021-04-08 07:27:06,719 | numpy_client.py:205 | Cache is fresh, return FitRes(clock=6)
DEBUG flower 2021-04-08 07:27:06,758 | numpy_client.py:172 | fit, FitIns(clock=7)
DEBUG flower 2021-04-08 07:27:06,758 | numpy_client.py:260 | cached_clock: -1, curr_clock: 7
INFO flower 2021-04-08 07:27:10,427 | numpy_client.py:205 | Cache is fresh, return FitRes(clock=7)
DEBUG flower 2021-04-08 07:27:16,737 | numpy_client.py:172 | fit, FitIns(clock=8)
DEBUG flower 2021-04-08 07:27:16,737 | numpy_client.py:260 | cached_clock: -1, curr_clock: 8
INFO flower 2021-04-08 07:27:20,629 | numpy_client.py:205 | Cache is fresh, return FitRes(clock=8)
DEBUG flower 2021-04-08 07:27:20,653 | numpy_client.py:172 | fit, FitIns(clock=9)
DEBUG flower 2021-04-08 07:27:20,653 | numpy_client.py:260 | cached_clock: -1, curr_clock: 9
INFO flower 2021-04-08 07:27:24,337 | numpy_client.py:205 | Cache is fresh, return FitRes(clock=9)
DEBUG flower 2021-04-08 07:27:29,673 | numpy_client.py:172 | fit, FitIns(clock=10)
DEBUG flower 2021-04-08 07:27:29,673 | numpy_client.py:260 | cached_clock: -1, curr_clock: 10
INFO flower 2021-04-08 07:27:33,328 | numpy_client.py:205 | Cache is fresh, return FitRes(clock=10)
DEBUG flower 2021-04-08 07:27:33,349 | numpy_client.py:172 | fit, FitIns(clock=11)
DEBUG flower 2021-04-08 07:27:33,349 | numpy_client.py:260 | cached_clock: -1, curr_clock: 11
INFO flower 2021-04-08 07:27:37,210 | numpy_client.py:205 | Cache is fresh, return FitRes(clock=11)
DEBUG flower 2021-04-08 07:27:43,264 | numpy_client.py:172 | fit, FitIns(clock=12)
DEBUG flower 2021-04-08 07:27:43,265 | numpy_client.py:260 | cached_clock: -1, curr_clock: 12
INFO flower 2021-04-08 07:27:47,028 | numpy_client.py:205 | Cache is fresh, return FitRes(clock=12)
DEBUG flower 2021-04-08 07:27:47,045 | numpy_client.py:172 | fit, FitIns(clock=13)
DEBUG flower 2021-04-08 07:27:47,045 | numpy_client.py:260 | cached_clock: -1, curr_clock: 13
INFO flower 2021-04-08 07:27:50,828 | numpy_client.py:205 | Cache is fresh, return FitRes(clock=13)
DEBUG flower 2021-04-08 07:27:56,378 | numpy_client.py:172 | fit, FitIns(clock=14)
DEBUG flower 2021-04-08 07:27:56,378 | numpy_client.py:260 | cached_clock: -1, curr_clock: 14
INFO flower 2021-04-08 07:28:00,330 | numpy_client.py:205 | Cache is fresh, return FitRes(clock=14)
DEBUG flower 2021-04-08 07:28:00,354 | numpy_client.py:172 | fit, FitIns(clock=15)
DEBUG flower 2021-04-08 07:28:00,354 | numpy_client.py:260 | cached_clock: -1, curr_clock: 15
INFO flower 2021-04-08 07:28:04,211 | numpy_client.py:205 | Cache is fresh, return FitRes(clock=15)
DEBUG flower 2021-04-08 07:28:10,001 | numpy_client.py:172 | fit, FitIns(clock=16)
DEBUG flower 2021-04-08 07:28:10,001 | numpy_client.py:260 | cached_clock: -1, curr_clock: 16
INFO flower 2021-04-08 07:28:13,716 | numpy_client.py:205 | Cache is fresh, return FitRes(clock=16)
DEBUG flower 2021-04-08 07:28:13,746 | numpy_client.py:172 | fit, FitIns(clock=17)
DEBUG flower 2021-04-08 07:28:13,746 | numpy_client.py:260 | cached_clock: -1, curr_clock: 17
INFO flower 2021-04-08 07:28:17,530 | numpy_client.py:205 | Cache is fresh, return FitRes(clock=17)
DEBUG flower 2021-04-08 07:28:24,117 | numpy_client.py:172 | fit, FitIns(clock=18)
DEBUG flower 2021-04-08 07:28:24,117 | numpy_client.py:260 | cached_clock: -1, curr_clock: 18
INFO flower 2021-04-08 07:28:27,908 | numpy_client.py:205 | Cache is fresh, return FitRes(clock=18)
DEBUG flower 2021-04-08 07:28:27,930 | numpy_client.py:172 | fit, FitIns(clock=19)
DEBUG flower 2021-04-08 07:28:27,930 | numpy_client.py:260 | cached_clock: -1, curr_clock: 19
INFO flower 2021-04-08 07:28:31,708 | numpy_client.py:205 | Cache is fresh, return FitRes(clock=19)
DEBUG flower 2021-04-08 07:28:37,646 | numpy_client.py:172 | fit, FitIns(clock=20)
DEBUG flower 2021-04-08 07:28:37,646 | numpy_client.py:260 | cached_clock: -1, curr_clock: 20
INFO flower 2021-04-08 07:28:41,331 | numpy_client.py:205 | Cache is fresh, return FitRes(clock=20)
DEBUG flower 2021-04-08 07:28:41,353 | numpy_client.py:172 | fit, FitIns(clock=21)
DEBUG flower 2021-04-08 07:28:41,353 | numpy_client.py:260 | cached_clock: -1, curr_clock: 21
INFO flower 2021-04-08 07:28:45,007 | numpy_client.py:205 | Cache is fresh, return FitRes(clock=21)
DEBUG flower 2021-04-08 07:28:51,284 | numpy_client.py:172 | fit, FitIns(clock=22)
DEBUG flower 2021-04-08 07:28:51,284 | numpy_client.py:260 | cached_clock: -1, curr_clock: 22
INFO flower 2021-04-08 07:28:55,027 | numpy_client.py:205 | Cache is fresh, return FitRes(clock=22)
DEBUG flower 2021-04-08 07:28:55,055 | numpy_client.py:172 | fit, FitIns(clock=23)
DEBUG flower 2021-04-08 07:28:55,055 | numpy_client.py:260 | cached_clock: -1, curr_clock: 23
INFO flower 2021-04-08 07:28:58,741 | numpy_client.py:205 | Cache is fresh, return FitRes(clock=23)
DEBUG flower 2021-04-08 07:29:04,660 | numpy_client.py:172 | fit, FitIns(clock=24)
DEBUG flower 2021-04-08 07:29:04,660 | numpy_client.py:260 | cached_clock: -1, curr_clock: 24
INFO flower 2021-04-08 07:29:08,411 | numpy_client.py:205 | Cache is fresh, return FitRes(clock=24)
DEBUG flower 2021-04-08 07:29:08,456 | numpy_client.py:172 | fit, FitIns(clock=25)
DEBUG flower 2021-04-08 07:29:08,456 | numpy_client.py:260 | cached_clock: -1, curr_clock: 25
INFO flower 2021-04-08 07:29:08,456 | numpy_client.py:184 | Cache is stale, return ReadIns
DEBUG flower 2021-04-08 07:29:08,471 | numpy_client.py:228 | read: ReadRes(clock=11)
DEBUG flower 2021-04-08 07:29:08,478 | numpy_client.py:172 | fit, FitIns(clock=25)
DEBUG flower 2021-04-08 07:29:08,478 | numpy_client.py:260 | cached_clock: 11, curr_clock: 25
INFO flower 2021-04-08 07:29:12,129 | numpy_client.py:205 | Cache is fresh, return FitRes(clock=25)
DEBUG flower 2021-04-08 07:29:18,154 | numpy_client.py:172 | fit, FitIns(clock=26)
DEBUG flower 2021-04-08 07:29:18,154 | numpy_client.py:260 | cached_clock: 11, curr_clock: 26
INFO flower 2021-04-08 07:29:21,907 | numpy_client.py:205 | Cache is fresh, return FitRes(clock=26)
DEBUG flower 2021-04-08 07:29:21,929 | numpy_client.py:172 | fit, FitIns(clock=27)
DEBUG flower 2021-04-08 07:29:21,929 | numpy_client.py:260 | cached_clock: 11, curr_clock: 27
INFO flower 2021-04-08 07:29:25,838 | numpy_client.py:205 | Cache is fresh, return FitRes(clock=27)
DEBUG flower 2021-04-08 07:29:32,520 | numpy_client.py:172 | fit, FitIns(clock=28)
DEBUG flower 2021-04-08 07:29:32,520 | numpy_client.py:260 | cached_clock: 11, curr_clock: 28
INFO flower 2021-04-08 07:29:36,208 | numpy_client.py:205 | Cache is fresh, return FitRes(clock=28)
DEBUG flower 2021-04-08 07:29:36,228 | numpy_client.py:172 | fit, FitIns(clock=29)
DEBUG flower 2021-04-08 07:29:36,228 | numpy_client.py:260 | cached_clock: 11, curr_clock: 29
INFO flower 2021-04-08 07:29:39,828 | numpy_client.py:205 | Cache is fresh, return FitRes(clock=29)
DEBUG flower 2021-04-08 07:29:46,244 | numpy_client.py:172 | fit, FitIns(clock=30)
DEBUG flower 2021-04-08 07:29:46,244 | numpy_client.py:260 | cached_clock: 11, curr_clock: 30
INFO flower 2021-04-08 07:29:49,931 | numpy_client.py:205 | Cache is fresh, return FitRes(clock=30)
DEBUG flower 2021-04-08 07:29:49,954 | numpy_client.py:172 | fit, FitIns(clock=31)
DEBUG flower 2021-04-08 07:29:49,954 | numpy_client.py:260 | cached_clock: 11, curr_clock: 31
INFO flower 2021-04-08 07:29:53,727 | numpy_client.py:205 | Cache is fresh, return FitRes(clock=31)
DEBUG flower 2021-04-08 07:29:59,577 | numpy_client.py:172 | fit, FitIns(clock=32)
DEBUG flower 2021-04-08 07:29:59,577 | numpy_client.py:260 | cached_clock: 11, curr_clock: 32
INFO flower 2021-04-08 07:30:03,410 | numpy_client.py:205 | Cache is fresh, return FitRes(clock=32)
DEBUG flower 2021-04-08 07:30:03,431 | numpy_client.py:172 | fit, FitIns(clock=33)
DEBUG flower 2021-04-08 07:30:03,431 | numpy_client.py:260 | cached_clock: 11, curr_clock: 33
INFO flower 2021-04-08 07:30:07,210 | numpy_client.py:205 | Cache is fresh, return FitRes(clock=33)
DEBUG flower 2021-04-08 07:30:14,175 | numpy_client.py:172 | fit, FitIns(clock=34)
DEBUG flower 2021-04-08 07:30:14,176 | numpy_client.py:260 | cached_clock: 11, curr_clock: 34
INFO flower 2021-04-08 07:30:18,012 | numpy_client.py:205 | Cache is fresh, return FitRes(clock=34)
DEBUG flower 2021-04-08 07:30:18,056 | numpy_client.py:172 | fit, FitIns(clock=35)
DEBUG flower 2021-04-08 07:30:18,056 | numpy_client.py:260 | cached_clock: 11, curr_clock: 35
INFO flower 2021-04-08 07:30:21,807 | numpy_client.py:205 | Cache is fresh, return FitRes(clock=35)
DEBUG flower 2021-04-08 07:30:27,566 | numpy_client.py:172 | fit, FitIns(clock=36)
DEBUG flower 2021-04-08 07:30:27,566 | numpy_client.py:260 | cached_clock: 11, curr_clock: 36
INFO flower 2021-04-08 07:30:31,318 | numpy_client.py:205 | Cache is fresh, return FitRes(clock=36)
DEBUG flower 2021-04-08 07:30:31,350 | numpy_client.py:172 | fit, FitIns(clock=37)
DEBUG flower 2021-04-08 07:30:31,350 | numpy_client.py:260 | cached_clock: 11, curr_clock: 37
INFO flower 2021-04-08 07:30:31,350 | numpy_client.py:184 | Cache is stale, return ReadIns
DEBUG flower 2021-04-08 07:30:31,365 | numpy_client.py:228 | read: ReadRes(clock=17)
DEBUG flower 2021-04-08 07:30:31,370 | numpy_client.py:172 | fit, FitIns(clock=37)
DEBUG flower 2021-04-08 07:30:31,370 | numpy_client.py:260 | cached_clock: 17, curr_clock: 37
INFO flower 2021-04-08 07:30:35,147 | numpy_client.py:205 | Cache is fresh, return FitRes(clock=37)
DEBUG flower 2021-04-08 07:30:40,864 | numpy_client.py:172 | fit, FitIns(clock=38)
DEBUG flower 2021-04-08 07:30:40,864 | numpy_client.py:260 | cached_clock: 17, curr_clock: 38
INFO flower 2021-04-08 07:30:44,527 | numpy_client.py:205 | Cache is fresh, return FitRes(clock=38)
DEBUG flower 2021-04-08 07:30:44,549 | numpy_client.py:172 | fit, FitIns(clock=39)
DEBUG flower 2021-04-08 07:30:44,549 | numpy_client.py:260 | cached_clock: 17, curr_clock: 39
INFO flower 2021-04-08 07:30:48,313 | numpy_client.py:205 | Cache is fresh, return FitRes(clock=39)
DEBUG flower 2021-04-08 07:30:54,383 | numpy_client.py:172 | fit, FitIns(clock=40)
DEBUG flower 2021-04-08 07:30:54,383 | numpy_client.py:260 | cached_clock: 17, curr_clock: 40
INFO flower 2021-04-08 07:30:58,411 | numpy_client.py:205 | Cache is fresh, return FitRes(clock=40)
DEBUG flower 2021-04-08 07:30:58,436 | numpy_client.py:172 | fit, FitIns(clock=41)
DEBUG flower 2021-04-08 07:30:58,436 | numpy_client.py:260 | cached_clock: 17, curr_clock: 41
INFO flower 2021-04-08 07:31:02,210 | numpy_client.py:205 | Cache is fresh, return FitRes(clock=41)
DEBUG flower 2021-04-08 07:31:07,667 | numpy_client.py:172 | fit, FitIns(clock=42)
DEBUG flower 2021-04-08 07:31:07,668 | numpy_client.py:260 | cached_clock: 17, curr_clock: 42
INFO flower 2021-04-08 07:31:11,612 | numpy_client.py:205 | Cache is fresh, return FitRes(clock=42)
DEBUG flower 2021-04-08 07:31:11,642 | numpy_client.py:172 | fit, FitIns(clock=43)
DEBUG flower 2021-04-08 07:31:11,643 | numpy_client.py:260 | cached_clock: 17, curr_clock: 43
INFO flower 2021-04-08 07:31:11,643 | numpy_client.py:184 | Cache is stale, return ReadIns
DEBUG flower 2021-04-08 07:31:11,663 | numpy_client.py:228 | read: ReadRes(clock=20)
DEBUG flower 2021-04-08 07:31:11,670 | numpy_client.py:172 | fit, FitIns(clock=43)
DEBUG flower 2021-04-08 07:31:11,670 | numpy_client.py:260 | cached_clock: 20, curr_clock: 43
INFO flower 2021-04-08 07:31:15,415 | numpy_client.py:205 | Cache is fresh, return FitRes(clock=43)
DEBUG flower 2021-04-08 07:31:20,949 | numpy_client.py:172 | fit, FitIns(clock=44)
DEBUG flower 2021-04-08 07:31:20,949 | numpy_client.py:260 | cached_clock: 20, curr_clock: 44
INFO flower 2021-04-08 07:31:24,608 | numpy_client.py:205 | Cache is fresh, return FitRes(clock=44)
DEBUG flower 2021-04-08 07:31:24,631 | numpy_client.py:172 | fit, FitIns(clock=45)
DEBUG flower 2021-04-08 07:31:24,631 | numpy_client.py:260 | cached_clock: 20, curr_clock: 45
INFO flower 2021-04-08 07:31:28,338 | numpy_client.py:205 | Cache is fresh, return FitRes(clock=45)
DEBUG flower 2021-04-08 07:31:34,486 | numpy_client.py:172 | fit, FitIns(clock=46)
DEBUG flower 2021-04-08 07:31:34,487 | numpy_client.py:260 | cached_clock: 20, curr_clock: 46
INFO flower 2021-04-08 07:31:34,487 | numpy_client.py:184 | Cache is stale, return ReadIns
DEBUG flower 2021-04-08 07:31:34,516 | numpy_client.py:228 | read: ReadRes(clock=22)
DEBUG flower 2021-04-08 07:31:34,523 | numpy_client.py:172 | fit, FitIns(clock=46)
DEBUG flower 2021-04-08 07:31:34,523 | numpy_client.py:260 | cached_clock: 22, curr_clock: 46
INFO flower 2021-04-08 07:31:38,230 | numpy_client.py:205 | Cache is fresh, return FitRes(clock=46)
DEBUG flower 2021-04-08 07:31:38,252 | numpy_client.py:172 | fit, FitIns(clock=47)
DEBUG flower 2021-04-08 07:31:38,252 | numpy_client.py:260 | cached_clock: 22, curr_clock: 47
INFO flower 2021-04-08 07:31:41,943 | numpy_client.py:205 | Cache is fresh, return FitRes(clock=47)
DEBUG flower 2021-04-08 07:31:47,859 | numpy_client.py:172 | fit, FitIns(clock=48)
DEBUG flower 2021-04-08 07:31:47,860 | numpy_client.py:260 | cached_clock: 22, curr_clock: 48
INFO flower 2021-04-08 07:31:47,860 | numpy_client.py:184 | Cache is stale, return ReadIns
DEBUG flower 2021-04-08 07:31:47,888 | numpy_client.py:228 | read: ReadRes(clock=23)
DEBUG flower 2021-04-08 07:31:47,903 | numpy_client.py:172 | fit, FitIns(clock=48)
DEBUG flower 2021-04-08 07:31:47,903 | numpy_client.py:260 | cached_clock: 23, curr_clock: 48
INFO flower 2021-04-08 07:31:51,708 | numpy_client.py:205 | Cache is fresh, return FitRes(clock=48)
DEBUG flower 2021-04-08 07:31:51,732 | numpy_client.py:172 | fit, FitIns(clock=49)
DEBUG flower 2021-04-08 07:31:51,732 | numpy_client.py:260 | cached_clock: 23, curr_clock: 49
INFO flower 2021-04-08 07:31:51,733 | numpy_client.py:184 | Cache is stale, return ReadIns
DEBUG flower 2021-04-08 07:31:52,316 | numpy_client.py:228 | read: ReadRes(clock=24)
DEBUG flower 2021-04-08 07:31:52,323 | numpy_client.py:172 | fit, FitIns(clock=49)
DEBUG flower 2021-04-08 07:31:52,323 | numpy_client.py:260 | cached_clock: 24, curr_clock: 49
INFO flower 2021-04-08 07:31:55,939 | numpy_client.py:205 | Cache is fresh, return FitRes(clock=49)
DEBUG flower 2021-04-08 07:31:55,939 | numpy_client.py:217 | The client finishes computing after 334 seconds
INFO flower 2021-04-08 07:37:41,964 | numpy_client.py:250 | [32;1m Loss: 56.998, Accuracy: 0.474%[0m
DEBUG flower 2021-04-08 07:37:43,387 | connection.py:68 | Insecure gRPC channel closed
INFO flower 2021-04-08 07:37:43,387 | app.py:74 | Disconnect and shut down
Namespace(idx=27, max_delay=0, min_delay=0, num_clients=31, server_ip='10.244.29.27:8080', staleness_bound=25)
I'm client 27
Start SSP client without delay
Files already downloaded and verified
Files already downloaded and verified
[32;1mClient 27: 2457 train samples, 211 test samples[0m
loss=174.09234738349915, acc=0.1992694805194805
loss=163.38117814064026, acc=0.1992694805194805
loss=142.14386415481567, acc=0.237012987012987
loss=133.85476684570312, acc=0.2913961038961039
loss=130.46159613132477, acc=0.299512987012987
loss=126.67543125152588, acc=0.32670454545454547
loss=123.80627739429474, acc=0.3534902597402597
loss=122.09085202217102, acc=0.35795454545454547
loss=120.28761434555054, acc=0.3693181818181818
loss=118.97935044765472, acc=0.375
loss=116.9428094625473, acc=0.3887987012987013
loss=114.7764163017273, acc=0.3965097402597403
loss=113.15816521644592, acc=0.41761363636363635
loss=111.18716585636139, acc=0.42613636363636365
loss=109.3036036491394, acc=0.4342532467532468
loss=107.52030682563782, acc=0.43506493506493504
loss=107.42679178714752, acc=0.4419642857142857
loss=105.69110631942749, acc=0.45211038961038963
loss=103.9771556854248, acc=0.46834415584415584
loss=103.44498705863953, acc=0.46266233766233766
loss=101.82323622703552, acc=0.4724025974025974
loss=100.69399440288544, acc=0.4780844155844156
loss=100.03833961486816, acc=0.474025974025974
loss=98.5784102678299, acc=0.492288961038961
loss=97.32080328464508, acc=0.492288961038961
loss=96.24890863895416, acc=0.5044642857142857
loss=94.78601044416428, acc=0.5142045454545454
loss=93.61581689119339, acc=0.5125811688311688
loss=93.27954697608948, acc=0.5239448051948052
loss=91.51448905467987, acc=0.5320616883116883
loss=90.36733400821686, acc=0.5292207792207793
loss=90.13441145420074, acc=0.5381493506493507
loss=87.79685801267624, acc=0.547077922077922
loss=85.63534730672836, acc=0.5645292207792207
loss=85.60786771774292, acc=0.5645292207792207
loss=84.49219840765, acc=0.5612824675324676
loss=82.95921003818512, acc=0.5823863636363636
loss=82.89201885461807, acc=0.578327922077922
loss=81.1022561788559, acc=0.5868506493506493
loss=80.37900990247726, acc=0.5791396103896104
loss=79.65778636932373, acc=0.5965909090909091
loss=77.98632556200027, acc=0.6055194805194806
loss=78.17264491319656, acc=0.5969967532467533
loss=149.40556848049164, acc=0.3226461038961039
loss=104.91782677173615, acc=0.44439935064935066
loss=101.63941943645477, acc=0.46915584415584416
loss=98.58075523376465, acc=0.4898538961038961
loss=96.90410095453262, acc=0.4955357142857143
loss=123.78448295593262, acc=0.5085227272727273
loss=122.51042950153351, acc=0.5044642857142857
Files already downloaded and verified
Files already downloaded and verified
Testing on full test set: 313, 1417.8430707454681, 0.3238
Testing on partial test set: 7, 56.997568130493164, 0.004739336492890996
