DEBUG flower 2021-04-08 10:12:25,425 | connection.py:36 | ChannelConnectivity.IDLE
INFO flower 2021-04-08 10:12:25,427 | app.py:63 | Opened (insecure) gRPC connection
DEBUG flower 2021-04-08 10:12:25,428 | connection.py:36 | ChannelConnectivity.READY
DEBUG flower 2021-04-08 10:12:34,897 | numpy_client.py:172 | fit, FitIns(clock=0)
INFO flower 2021-04-08 10:12:34,897 | numpy_client.py:184 | Cache is stale, return ReadIns
DEBUG flower 2021-04-08 10:12:35,182 | numpy_client.py:228 | read: ReadRes(clock=-1)
DEBUG flower 2021-04-08 10:12:35,200 | numpy_client.py:172 | fit, FitIns(clock=0)
DEBUG flower 2021-04-08 10:12:35,200 | numpy_client.py:260 | cached_clock: -1, curr_clock: 0
INFO flower 2021-04-08 10:12:38,713 | numpy_client.py:205 | Cache is fresh, return FitRes(clock=0)
DEBUG flower 2021-04-08 10:12:38,749 | numpy_client.py:172 | fit, FitIns(clock=1)
DEBUG flower 2021-04-08 10:12:38,749 | numpy_client.py:260 | cached_clock: -1, curr_clock: 1
INFO flower 2021-04-08 10:12:42,216 | numpy_client.py:205 | Cache is fresh, return FitRes(clock=1)
DEBUG flower 2021-04-08 10:12:49,455 | numpy_client.py:172 | fit, FitIns(clock=2)
DEBUG flower 2021-04-08 10:12:49,456 | numpy_client.py:260 | cached_clock: -1, curr_clock: 2
INFO flower 2021-04-08 10:12:53,024 | numpy_client.py:205 | Cache is fresh, return FitRes(clock=2)
DEBUG flower 2021-04-08 10:12:53,053 | numpy_client.py:172 | fit, FitIns(clock=3)
DEBUG flower 2021-04-08 10:12:53,053 | numpy_client.py:260 | cached_clock: -1, curr_clock: 3
INFO flower 2021-04-08 10:12:56,533 | numpy_client.py:205 | Cache is fresh, return FitRes(clock=3)
DEBUG flower 2021-04-08 10:13:02,868 | numpy_client.py:172 | fit, FitIns(clock=4)
DEBUG flower 2021-04-08 10:13:02,869 | numpy_client.py:260 | cached_clock: -1, curr_clock: 4
INFO flower 2021-04-08 10:13:06,414 | numpy_client.py:205 | Cache is fresh, return FitRes(clock=4)
DEBUG flower 2021-04-08 10:13:06,495 | numpy_client.py:172 | fit, FitIns(clock=5)
DEBUG flower 2021-04-08 10:13:06,495 | numpy_client.py:260 | cached_clock: -1, curr_clock: 5
INFO flower 2021-04-08 10:13:06,495 | numpy_client.py:184 | Cache is stale, return ReadIns
DEBUG flower 2021-04-08 10:13:06,518 | numpy_client.py:228 | read: ReadRes(clock=1)
DEBUG flower 2021-04-08 10:13:06,526 | numpy_client.py:172 | fit, FitIns(clock=5)
DEBUG flower 2021-04-08 10:13:06,526 | numpy_client.py:260 | cached_clock: 1, curr_clock: 5
INFO flower 2021-04-08 10:13:10,010 | numpy_client.py:205 | Cache is fresh, return FitRes(clock=5)
DEBUG flower 2021-04-08 10:13:16,453 | numpy_client.py:172 | fit, FitIns(clock=6)
DEBUG flower 2021-04-08 10:13:16,453 | numpy_client.py:260 | cached_clock: 1, curr_clock: 6
INFO flower 2021-04-08 10:13:20,099 | numpy_client.py:205 | Cache is fresh, return FitRes(clock=6)
DEBUG flower 2021-04-08 10:13:20,121 | numpy_client.py:172 | fit, FitIns(clock=7)
DEBUG flower 2021-04-08 10:13:20,121 | numpy_client.py:260 | cached_clock: 1, curr_clock: 7
INFO flower 2021-04-08 10:13:20,122 | numpy_client.py:184 | Cache is stale, return ReadIns
DEBUG flower 2021-04-08 10:13:20,136 | numpy_client.py:228 | read: ReadRes(clock=2)
DEBUG flower 2021-04-08 10:13:20,142 | numpy_client.py:172 | fit, FitIns(clock=7)
DEBUG flower 2021-04-08 10:13:20,142 | numpy_client.py:260 | cached_clock: 2, curr_clock: 7
INFO flower 2021-04-08 10:13:23,804 | numpy_client.py:205 | Cache is fresh, return FitRes(clock=7)
DEBUG flower 2021-04-08 10:13:29,803 | numpy_client.py:172 | fit, FitIns(clock=8)
DEBUG flower 2021-04-08 10:13:29,803 | numpy_client.py:260 | cached_clock: 2, curr_clock: 8
INFO flower 2021-04-08 10:13:29,804 | numpy_client.py:184 | Cache is stale, return ReadIns
DEBUG flower 2021-04-08 10:13:29,831 | numpy_client.py:228 | read: ReadRes(clock=3)
DEBUG flower 2021-04-08 10:13:29,898 | numpy_client.py:172 | fit, FitIns(clock=8)
DEBUG flower 2021-04-08 10:13:29,898 | numpy_client.py:260 | cached_clock: 3, curr_clock: 8
INFO flower 2021-04-08 10:13:33,400 | numpy_client.py:205 | Cache is fresh, return FitRes(clock=8)
DEBUG flower 2021-04-08 10:13:33,424 | numpy_client.py:172 | fit, FitIns(clock=9)
DEBUG flower 2021-04-08 10:13:33,425 | numpy_client.py:260 | cached_clock: 3, curr_clock: 9
INFO flower 2021-04-08 10:13:33,425 | numpy_client.py:184 | Cache is stale, return ReadIns
DEBUG flower 2021-04-08 10:13:34,619 | numpy_client.py:228 | read: ReadRes(clock=4)
DEBUG flower 2021-04-08 10:13:34,627 | numpy_client.py:172 | fit, FitIns(clock=9)
DEBUG flower 2021-04-08 10:13:34,627 | numpy_client.py:260 | cached_clock: 4, curr_clock: 9
INFO flower 2021-04-08 10:13:38,105 | numpy_client.py:205 | Cache is fresh, return FitRes(clock=9)
DEBUG flower 2021-04-08 10:13:43,709 | numpy_client.py:172 | fit, FitIns(clock=10)
DEBUG flower 2021-04-08 10:13:43,709 | numpy_client.py:260 | cached_clock: 4, curr_clock: 10
INFO flower 2021-04-08 10:13:43,710 | numpy_client.py:184 | Cache is stale, return ReadIns
DEBUG flower 2021-04-08 10:13:48,722 | numpy_client.py:228 | read: ReadRes(clock=5)
DEBUG flower 2021-04-08 10:13:48,729 | numpy_client.py:172 | fit, FitIns(clock=10)
DEBUG flower 2021-04-08 10:13:48,730 | numpy_client.py:260 | cached_clock: 5, curr_clock: 10
INFO flower 2021-04-08 10:13:52,300 | numpy_client.py:205 | Cache is fresh, return FitRes(clock=10)
DEBUG flower 2021-04-08 10:13:57,927 | numpy_client.py:172 | fit, FitIns(clock=11)
DEBUG flower 2021-04-08 10:13:57,927 | numpy_client.py:260 | cached_clock: 5, curr_clock: 11
INFO flower 2021-04-08 10:13:57,927 | numpy_client.py:184 | Cache is stale, return ReadIns
DEBUG flower 2021-04-08 10:14:02,628 | numpy_client.py:228 | read: ReadRes(clock=6)
DEBUG flower 2021-04-08 10:14:02,636 | numpy_client.py:172 | fit, FitIns(clock=11)
DEBUG flower 2021-04-08 10:14:02,636 | numpy_client.py:260 | cached_clock: 6, curr_clock: 11
INFO flower 2021-04-08 10:14:06,319 | numpy_client.py:205 | Cache is fresh, return FitRes(clock=11)
DEBUG flower 2021-04-08 10:14:11,965 | numpy_client.py:172 | fit, FitIns(clock=12)
DEBUG flower 2021-04-08 10:14:11,965 | numpy_client.py:260 | cached_clock: 6, curr_clock: 12
INFO flower 2021-04-08 10:14:11,965 | numpy_client.py:184 | Cache is stale, return ReadIns
DEBUG flower 2021-04-08 10:14:16,736 | numpy_client.py:228 | read: ReadRes(clock=7)
DEBUG flower 2021-04-08 10:14:16,744 | numpy_client.py:172 | fit, FitIns(clock=12)
DEBUG flower 2021-04-08 10:14:16,744 | numpy_client.py:260 | cached_clock: 7, curr_clock: 12
INFO flower 2021-04-08 10:14:20,200 | numpy_client.py:205 | Cache is fresh, return FitRes(clock=12)
DEBUG flower 2021-04-08 10:14:25,816 | numpy_client.py:172 | fit, FitIns(clock=13)
DEBUG flower 2021-04-08 10:14:25,817 | numpy_client.py:260 | cached_clock: 7, curr_clock: 13
INFO flower 2021-04-08 10:14:25,817 | numpy_client.py:184 | Cache is stale, return ReadIns
DEBUG flower 2021-04-08 10:14:30,398 | numpy_client.py:228 | read: ReadRes(clock=8)
DEBUG flower 2021-04-08 10:14:30,406 | numpy_client.py:172 | fit, FitIns(clock=13)
DEBUG flower 2021-04-08 10:14:30,406 | numpy_client.py:260 | cached_clock: 8, curr_clock: 13
INFO flower 2021-04-08 10:14:33,901 | numpy_client.py:205 | Cache is fresh, return FitRes(clock=13)
DEBUG flower 2021-04-08 10:14:39,557 | numpy_client.py:172 | fit, FitIns(clock=14)
DEBUG flower 2021-04-08 10:14:39,557 | numpy_client.py:260 | cached_clock: 8, curr_clock: 14
INFO flower 2021-04-08 10:14:39,557 | numpy_client.py:184 | Cache is stale, return ReadIns
DEBUG flower 2021-04-08 10:14:44,144 | numpy_client.py:228 | read: ReadRes(clock=9)
DEBUG flower 2021-04-08 10:14:44,152 | numpy_client.py:172 | fit, FitIns(clock=14)
DEBUG flower 2021-04-08 10:14:44,152 | numpy_client.py:260 | cached_clock: 9, curr_clock: 14
INFO flower 2021-04-08 10:14:47,519 | numpy_client.py:205 | Cache is fresh, return FitRes(clock=14)
DEBUG flower 2021-04-08 10:14:52,962 | numpy_client.py:172 | fit, FitIns(clock=15)
DEBUG flower 2021-04-08 10:14:52,963 | numpy_client.py:260 | cached_clock: 9, curr_clock: 15
INFO flower 2021-04-08 10:14:52,963 | numpy_client.py:184 | Cache is stale, return ReadIns
DEBUG flower 2021-04-08 10:14:57,936 | numpy_client.py:228 | read: ReadRes(clock=10)
DEBUG flower 2021-04-08 10:14:57,943 | numpy_client.py:172 | fit, FitIns(clock=15)
DEBUG flower 2021-04-08 10:14:57,944 | numpy_client.py:260 | cached_clock: 10, curr_clock: 15
INFO flower 2021-04-08 10:15:01,216 | numpy_client.py:205 | Cache is fresh, return FitRes(clock=15)
DEBUG flower 2021-04-08 10:15:06,900 | numpy_client.py:172 | fit, FitIns(clock=16)
DEBUG flower 2021-04-08 10:15:06,900 | numpy_client.py:260 | cached_clock: 10, curr_clock: 16
INFO flower 2021-04-08 10:15:06,900 | numpy_client.py:184 | Cache is stale, return ReadIns
DEBUG flower 2021-04-08 10:15:11,334 | numpy_client.py:228 | read: ReadRes(clock=11)
DEBUG flower 2021-04-08 10:15:11,342 | numpy_client.py:172 | fit, FitIns(clock=16)
DEBUG flower 2021-04-08 10:15:11,342 | numpy_client.py:260 | cached_clock: 11, curr_clock: 16
INFO flower 2021-04-08 10:15:14,733 | numpy_client.py:205 | Cache is fresh, return FitRes(clock=16)
DEBUG flower 2021-04-08 10:15:20,232 | numpy_client.py:172 | fit, FitIns(clock=17)
DEBUG flower 2021-04-08 10:15:20,233 | numpy_client.py:260 | cached_clock: 11, curr_clock: 17
INFO flower 2021-04-08 10:15:20,233 | numpy_client.py:184 | Cache is stale, return ReadIns
DEBUG flower 2021-04-08 10:15:25,040 | numpy_client.py:228 | read: ReadRes(clock=12)
DEBUG flower 2021-04-08 10:15:25,048 | numpy_client.py:172 | fit, FitIns(clock=17)
DEBUG flower 2021-04-08 10:15:25,048 | numpy_client.py:260 | cached_clock: 12, curr_clock: 17
INFO flower 2021-04-08 10:15:28,434 | numpy_client.py:205 | Cache is fresh, return FitRes(clock=17)
DEBUG flower 2021-04-08 10:15:34,212 | numpy_client.py:172 | fit, FitIns(clock=18)
DEBUG flower 2021-04-08 10:15:34,212 | numpy_client.py:260 | cached_clock: 12, curr_clock: 18
INFO flower 2021-04-08 10:15:34,212 | numpy_client.py:184 | Cache is stale, return ReadIns
DEBUG flower 2021-04-08 10:15:38,522 | numpy_client.py:228 | read: ReadRes(clock=13)
DEBUG flower 2021-04-08 10:15:38,530 | numpy_client.py:172 | fit, FitIns(clock=18)
DEBUG flower 2021-04-08 10:15:38,530 | numpy_client.py:260 | cached_clock: 13, curr_clock: 18
INFO flower 2021-04-08 10:15:41,943 | numpy_client.py:205 | Cache is fresh, return FitRes(clock=18)
DEBUG flower 2021-04-08 10:15:47,694 | numpy_client.py:172 | fit, FitIns(clock=19)
DEBUG flower 2021-04-08 10:15:47,695 | numpy_client.py:260 | cached_clock: 13, curr_clock: 19
INFO flower 2021-04-08 10:15:47,695 | numpy_client.py:184 | Cache is stale, return ReadIns
DEBUG flower 2021-04-08 10:15:52,319 | numpy_client.py:228 | read: ReadRes(clock=14)
DEBUG flower 2021-04-08 10:15:52,326 | numpy_client.py:172 | fit, FitIns(clock=19)
DEBUG flower 2021-04-08 10:15:52,326 | numpy_client.py:260 | cached_clock: 14, curr_clock: 19
INFO flower 2021-04-08 10:15:56,016 | numpy_client.py:205 | Cache is fresh, return FitRes(clock=19)
DEBUG flower 2021-04-08 10:16:01,474 | numpy_client.py:172 | fit, FitIns(clock=20)
DEBUG flower 2021-04-08 10:16:01,474 | numpy_client.py:260 | cached_clock: 14, curr_clock: 20
INFO flower 2021-04-08 10:16:01,474 | numpy_client.py:184 | Cache is stale, return ReadIns
DEBUG flower 2021-04-08 10:16:06,197 | numpy_client.py:228 | read: ReadRes(clock=15)
DEBUG flower 2021-04-08 10:16:06,205 | numpy_client.py:172 | fit, FitIns(clock=20)
DEBUG flower 2021-04-08 10:16:06,205 | numpy_client.py:260 | cached_clock: 15, curr_clock: 20
INFO flower 2021-04-08 10:16:09,701 | numpy_client.py:205 | Cache is fresh, return FitRes(clock=20)
DEBUG flower 2021-04-08 10:16:15,142 | numpy_client.py:172 | fit, FitIns(clock=21)
DEBUG flower 2021-04-08 10:16:15,142 | numpy_client.py:260 | cached_clock: 15, curr_clock: 21
INFO flower 2021-04-08 10:16:15,143 | numpy_client.py:184 | Cache is stale, return ReadIns
DEBUG flower 2021-04-08 10:16:19,473 | numpy_client.py:228 | read: ReadRes(clock=16)
DEBUG flower 2021-04-08 10:16:19,481 | numpy_client.py:172 | fit, FitIns(clock=21)
DEBUG flower 2021-04-08 10:16:19,481 | numpy_client.py:260 | cached_clock: 16, curr_clock: 21
INFO flower 2021-04-08 10:16:23,001 | numpy_client.py:205 | Cache is fresh, return FitRes(clock=21)
DEBUG flower 2021-04-08 10:16:28,431 | numpy_client.py:172 | fit, FitIns(clock=22)
DEBUG flower 2021-04-08 10:16:28,431 | numpy_client.py:260 | cached_clock: 16, curr_clock: 22
INFO flower 2021-04-08 10:16:28,432 | numpy_client.py:184 | Cache is stale, return ReadIns
DEBUG flower 2021-04-08 10:16:32,751 | numpy_client.py:228 | read: ReadRes(clock=17)
DEBUG flower 2021-04-08 10:16:32,759 | numpy_client.py:172 | fit, FitIns(clock=22)
DEBUG flower 2021-04-08 10:16:32,759 | numpy_client.py:260 | cached_clock: 17, curr_clock: 22
INFO flower 2021-04-08 10:16:36,423 | numpy_client.py:205 | Cache is fresh, return FitRes(clock=22)
DEBUG flower 2021-04-08 10:16:41,995 | numpy_client.py:172 | fit, FitIns(clock=23)
DEBUG flower 2021-04-08 10:16:41,995 | numpy_client.py:260 | cached_clock: 17, curr_clock: 23
INFO flower 2021-04-08 10:16:41,995 | numpy_client.py:184 | Cache is stale, return ReadIns
DEBUG flower 2021-04-08 10:16:46,199 | numpy_client.py:228 | read: ReadRes(clock=18)
DEBUG flower 2021-04-08 10:16:46,206 | numpy_client.py:172 | fit, FitIns(clock=23)
DEBUG flower 2021-04-08 10:16:46,207 | numpy_client.py:260 | cached_clock: 18, curr_clock: 23
INFO flower 2021-04-08 10:16:49,717 | numpy_client.py:205 | Cache is fresh, return FitRes(clock=23)
DEBUG flower 2021-04-08 10:16:54,825 | numpy_client.py:172 | fit, FitIns(clock=24)
DEBUG flower 2021-04-08 10:16:54,825 | numpy_client.py:260 | cached_clock: 18, curr_clock: 24
INFO flower 2021-04-08 10:16:54,826 | numpy_client.py:184 | Cache is stale, return ReadIns
DEBUG flower 2021-04-08 10:16:59,823 | numpy_client.py:228 | read: ReadRes(clock=19)
DEBUG flower 2021-04-08 10:16:59,830 | numpy_client.py:172 | fit, FitIns(clock=24)
DEBUG flower 2021-04-08 10:16:59,830 | numpy_client.py:260 | cached_clock: 19, curr_clock: 24
INFO flower 2021-04-08 10:17:03,400 | numpy_client.py:205 | Cache is fresh, return FitRes(clock=24)
DEBUG flower 2021-04-08 10:17:08,686 | numpy_client.py:172 | fit, FitIns(clock=25)
DEBUG flower 2021-04-08 10:17:08,687 | numpy_client.py:260 | cached_clock: 19, curr_clock: 25
INFO flower 2021-04-08 10:17:08,687 | numpy_client.py:184 | Cache is stale, return ReadIns
DEBUG flower 2021-04-08 10:17:13,011 | numpy_client.py:228 | read: ReadRes(clock=20)
DEBUG flower 2021-04-08 10:17:13,018 | numpy_client.py:172 | fit, FitIns(clock=25)
DEBUG flower 2021-04-08 10:17:13,018 | numpy_client.py:260 | cached_clock: 20, curr_clock: 25
INFO flower 2021-04-08 10:17:16,607 | numpy_client.py:205 | Cache is fresh, return FitRes(clock=25)
DEBUG flower 2021-04-08 10:17:22,193 | numpy_client.py:172 | fit, FitIns(clock=26)
DEBUG flower 2021-04-08 10:17:22,193 | numpy_client.py:260 | cached_clock: 20, curr_clock: 26
INFO flower 2021-04-08 10:17:22,194 | numpy_client.py:184 | Cache is stale, return ReadIns
DEBUG flower 2021-04-08 10:17:26,932 | numpy_client.py:228 | read: ReadRes(clock=21)
DEBUG flower 2021-04-08 10:17:26,939 | numpy_client.py:172 | fit, FitIns(clock=26)
DEBUG flower 2021-04-08 10:17:26,939 | numpy_client.py:260 | cached_clock: 21, curr_clock: 26
INFO flower 2021-04-08 10:17:30,299 | numpy_client.py:205 | Cache is fresh, return FitRes(clock=26)
DEBUG flower 2021-04-08 10:17:36,075 | numpy_client.py:172 | fit, FitIns(clock=27)
DEBUG flower 2021-04-08 10:17:36,076 | numpy_client.py:260 | cached_clock: 21, curr_clock: 27
INFO flower 2021-04-08 10:17:36,076 | numpy_client.py:184 | Cache is stale, return ReadIns
DEBUG flower 2021-04-08 10:17:40,355 | numpy_client.py:228 | read: ReadRes(clock=22)
DEBUG flower 2021-04-08 10:17:40,363 | numpy_client.py:172 | fit, FitIns(clock=27)
DEBUG flower 2021-04-08 10:17:40,363 | numpy_client.py:260 | cached_clock: 22, curr_clock: 27
INFO flower 2021-04-08 10:17:43,814 | numpy_client.py:205 | Cache is fresh, return FitRes(clock=27)
DEBUG flower 2021-04-08 10:17:49,745 | numpy_client.py:172 | fit, FitIns(clock=28)
DEBUG flower 2021-04-08 10:17:49,745 | numpy_client.py:260 | cached_clock: 22, curr_clock: 28
INFO flower 2021-04-08 10:17:49,745 | numpy_client.py:184 | Cache is stale, return ReadIns
DEBUG flower 2021-04-08 10:17:54,236 | numpy_client.py:228 | read: ReadRes(clock=23)
DEBUG flower 2021-04-08 10:17:54,243 | numpy_client.py:172 | fit, FitIns(clock=28)
DEBUG flower 2021-04-08 10:17:54,243 | numpy_client.py:260 | cached_clock: 23, curr_clock: 28
INFO flower 2021-04-08 10:17:57,711 | numpy_client.py:205 | Cache is fresh, return FitRes(clock=28)
DEBUG flower 2021-04-08 10:18:03,428 | numpy_client.py:172 | fit, FitIns(clock=29)
DEBUG flower 2021-04-08 10:18:03,428 | numpy_client.py:260 | cached_clock: 23, curr_clock: 29
INFO flower 2021-04-08 10:18:03,429 | numpy_client.py:184 | Cache is stale, return ReadIns
DEBUG flower 2021-04-08 10:18:08,028 | numpy_client.py:228 | read: ReadRes(clock=24)
DEBUG flower 2021-04-08 10:18:08,035 | numpy_client.py:172 | fit, FitIns(clock=29)
DEBUG flower 2021-04-08 10:18:08,035 | numpy_client.py:260 | cached_clock: 24, curr_clock: 29
INFO flower 2021-04-08 10:18:11,411 | numpy_client.py:205 | Cache is fresh, return FitRes(clock=29)
DEBUG flower 2021-04-08 10:18:17,124 | numpy_client.py:172 | fit, FitIns(clock=30)
DEBUG flower 2021-04-08 10:18:17,125 | numpy_client.py:260 | cached_clock: 24, curr_clock: 30
INFO flower 2021-04-08 10:18:17,125 | numpy_client.py:184 | Cache is stale, return ReadIns
DEBUG flower 2021-04-08 10:18:21,739 | numpy_client.py:228 | read: ReadRes(clock=25)
DEBUG flower 2021-04-08 10:18:21,747 | numpy_client.py:172 | fit, FitIns(clock=30)
DEBUG flower 2021-04-08 10:18:21,747 | numpy_client.py:260 | cached_clock: 25, curr_clock: 30
INFO flower 2021-04-08 10:18:25,102 | numpy_client.py:205 | Cache is fresh, return FitRes(clock=30)
DEBUG flower 2021-04-08 10:18:30,623 | numpy_client.py:172 | fit, FitIns(clock=31)
DEBUG flower 2021-04-08 10:18:30,624 | numpy_client.py:260 | cached_clock: 25, curr_clock: 31
INFO flower 2021-04-08 10:18:30,624 | numpy_client.py:184 | Cache is stale, return ReadIns
DEBUG flower 2021-04-08 10:18:35,430 | numpy_client.py:228 | read: ReadRes(clock=26)
DEBUG flower 2021-04-08 10:18:35,438 | numpy_client.py:172 | fit, FitIns(clock=31)
DEBUG flower 2021-04-08 10:18:35,438 | numpy_client.py:260 | cached_clock: 26, curr_clock: 31
INFO flower 2021-04-08 10:18:38,804 | numpy_client.py:205 | Cache is fresh, return FitRes(clock=31)
DEBUG flower 2021-04-08 10:18:44,486 | numpy_client.py:172 | fit, FitIns(clock=32)
DEBUG flower 2021-04-08 10:18:44,486 | numpy_client.py:260 | cached_clock: 26, curr_clock: 32
INFO flower 2021-04-08 10:18:44,486 | numpy_client.py:184 | Cache is stale, return ReadIns
DEBUG flower 2021-04-08 10:18:49,107 | numpy_client.py:228 | read: ReadRes(clock=27)
DEBUG flower 2021-04-08 10:18:49,114 | numpy_client.py:172 | fit, FitIns(clock=32)
DEBUG flower 2021-04-08 10:18:49,114 | numpy_client.py:260 | cached_clock: 27, curr_clock: 32
INFO flower 2021-04-08 10:18:52,499 | numpy_client.py:205 | Cache is fresh, return FitRes(clock=32)
DEBUG flower 2021-04-08 10:18:58,116 | numpy_client.py:172 | fit, FitIns(clock=33)
DEBUG flower 2021-04-08 10:18:58,117 | numpy_client.py:260 | cached_clock: 27, curr_clock: 33
INFO flower 2021-04-08 10:18:58,117 | numpy_client.py:184 | Cache is stale, return ReadIns
DEBUG flower 2021-04-08 10:19:02,432 | numpy_client.py:228 | read: ReadRes(clock=28)
DEBUG flower 2021-04-08 10:19:02,438 | numpy_client.py:172 | fit, FitIns(clock=33)
DEBUG flower 2021-04-08 10:19:02,438 | numpy_client.py:260 | cached_clock: 28, curr_clock: 33
INFO flower 2021-04-08 10:19:05,902 | numpy_client.py:205 | Cache is fresh, return FitRes(clock=33)
DEBUG flower 2021-04-08 10:19:11,645 | numpy_client.py:172 | fit, FitIns(clock=34)
DEBUG flower 2021-04-08 10:19:11,645 | numpy_client.py:260 | cached_clock: 28, curr_clock: 34
INFO flower 2021-04-08 10:19:11,645 | numpy_client.py:184 | Cache is stale, return ReadIns
DEBUG flower 2021-04-08 10:19:16,097 | numpy_client.py:228 | read: ReadRes(clock=29)
DEBUG flower 2021-04-08 10:19:16,104 | numpy_client.py:172 | fit, FitIns(clock=34)
DEBUG flower 2021-04-08 10:19:16,104 | numpy_client.py:260 | cached_clock: 29, curr_clock: 34
INFO flower 2021-04-08 10:19:19,707 | numpy_client.py:205 | Cache is fresh, return FitRes(clock=34)
DEBUG flower 2021-04-08 10:19:25,073 | numpy_client.py:172 | fit, FitIns(clock=35)
DEBUG flower 2021-04-08 10:19:25,073 | numpy_client.py:260 | cached_clock: 29, curr_clock: 35
INFO flower 2021-04-08 10:19:25,073 | numpy_client.py:184 | Cache is stale, return ReadIns
DEBUG flower 2021-04-08 10:19:29,597 | numpy_client.py:228 | read: ReadRes(clock=30)
DEBUG flower 2021-04-08 10:19:29,604 | numpy_client.py:172 | fit, FitIns(clock=35)
DEBUG flower 2021-04-08 10:19:29,604 | numpy_client.py:260 | cached_clock: 30, curr_clock: 35
INFO flower 2021-04-08 10:19:33,214 | numpy_client.py:205 | Cache is fresh, return FitRes(clock=35)
DEBUG flower 2021-04-08 10:19:39,247 | numpy_client.py:172 | fit, FitIns(clock=36)
DEBUG flower 2021-04-08 10:19:39,247 | numpy_client.py:260 | cached_clock: 30, curr_clock: 36
INFO flower 2021-04-08 10:19:39,248 | numpy_client.py:184 | Cache is stale, return ReadIns
DEBUG flower 2021-04-08 10:19:43,698 | numpy_client.py:228 | read: ReadRes(clock=31)
DEBUG flower 2021-04-08 10:19:43,706 | numpy_client.py:172 | fit, FitIns(clock=36)
DEBUG flower 2021-04-08 10:19:43,706 | numpy_client.py:260 | cached_clock: 31, curr_clock: 36
INFO flower 2021-04-08 10:19:47,115 | numpy_client.py:205 | Cache is fresh, return FitRes(clock=36)
DEBUG flower 2021-04-08 10:19:52,823 | numpy_client.py:172 | fit, FitIns(clock=37)
DEBUG flower 2021-04-08 10:19:52,823 | numpy_client.py:260 | cached_clock: 31, curr_clock: 37
INFO flower 2021-04-08 10:19:52,824 | numpy_client.py:184 | Cache is stale, return ReadIns
DEBUG flower 2021-04-08 10:19:57,196 | numpy_client.py:228 | read: ReadRes(clock=32)
DEBUG flower 2021-04-08 10:19:57,203 | numpy_client.py:172 | fit, FitIns(clock=37)
DEBUG flower 2021-04-08 10:19:57,204 | numpy_client.py:260 | cached_clock: 32, curr_clock: 37
INFO flower 2021-04-08 10:20:00,707 | numpy_client.py:205 | Cache is fresh, return FitRes(clock=37)
DEBUG flower 2021-04-08 10:20:06,365 | numpy_client.py:172 | fit, FitIns(clock=38)
DEBUG flower 2021-04-08 10:20:06,365 | numpy_client.py:260 | cached_clock: 32, curr_clock: 38
INFO flower 2021-04-08 10:20:06,365 | numpy_client.py:184 | Cache is stale, return ReadIns
DEBUG flower 2021-04-08 10:20:10,745 | numpy_client.py:228 | read: ReadRes(clock=33)
DEBUG flower 2021-04-08 10:20:10,753 | numpy_client.py:172 | fit, FitIns(clock=38)
DEBUG flower 2021-04-08 10:20:10,753 | numpy_client.py:260 | cached_clock: 33, curr_clock: 38
INFO flower 2021-04-08 10:20:14,116 | numpy_client.py:205 | Cache is fresh, return FitRes(clock=38)
DEBUG flower 2021-04-08 10:20:19,478 | numpy_client.py:172 | fit, FitIns(clock=39)
DEBUG flower 2021-04-08 10:20:19,479 | numpy_client.py:260 | cached_clock: 33, curr_clock: 39
INFO flower 2021-04-08 10:20:19,479 | numpy_client.py:184 | Cache is stale, return ReadIns
DEBUG flower 2021-04-08 10:20:23,716 | numpy_client.py:228 | read: ReadRes(clock=34)
DEBUG flower 2021-04-08 10:20:23,723 | numpy_client.py:172 | fit, FitIns(clock=39)
DEBUG flower 2021-04-08 10:20:23,723 | numpy_client.py:260 | cached_clock: 34, curr_clock: 39
INFO flower 2021-04-08 10:20:27,201 | numpy_client.py:205 | Cache is fresh, return FitRes(clock=39)
DEBUG flower 2021-04-08 10:20:32,681 | numpy_client.py:172 | fit, FitIns(clock=40)
DEBUG flower 2021-04-08 10:20:32,681 | numpy_client.py:260 | cached_clock: 34, curr_clock: 40
INFO flower 2021-04-08 10:20:32,681 | numpy_client.py:184 | Cache is stale, return ReadIns
DEBUG flower 2021-04-08 10:20:37,257 | numpy_client.py:228 | read: ReadRes(clock=35)
DEBUG flower 2021-04-08 10:20:37,265 | numpy_client.py:172 | fit, FitIns(clock=40)
DEBUG flower 2021-04-08 10:20:37,265 | numpy_client.py:260 | cached_clock: 35, curr_clock: 40
INFO flower 2021-04-08 10:20:40,807 | numpy_client.py:205 | Cache is fresh, return FitRes(clock=40)
DEBUG flower 2021-04-08 10:20:47,211 | numpy_client.py:172 | fit, FitIns(clock=41)
DEBUG flower 2021-04-08 10:20:47,211 | numpy_client.py:260 | cached_clock: 35, curr_clock: 41
INFO flower 2021-04-08 10:20:47,211 | numpy_client.py:184 | Cache is stale, return ReadIns
DEBUG flower 2021-04-08 10:20:51,654 | numpy_client.py:228 | read: ReadRes(clock=36)
DEBUG flower 2021-04-08 10:20:51,668 | numpy_client.py:172 | fit, FitIns(clock=41)
DEBUG flower 2021-04-08 10:20:51,668 | numpy_client.py:260 | cached_clock: 36, curr_clock: 41
INFO flower 2021-04-08 10:20:55,117 | numpy_client.py:205 | Cache is fresh, return FitRes(clock=41)
DEBUG flower 2021-04-08 10:21:00,704 | numpy_client.py:172 | fit, FitIns(clock=42)
DEBUG flower 2021-04-08 10:21:00,704 | numpy_client.py:260 | cached_clock: 36, curr_clock: 42
INFO flower 2021-04-08 10:21:00,705 | numpy_client.py:184 | Cache is stale, return ReadIns
DEBUG flower 2021-04-08 10:21:04,909 | numpy_client.py:228 | read: ReadRes(clock=37)
DEBUG flower 2021-04-08 10:21:04,917 | numpy_client.py:172 | fit, FitIns(clock=42)
DEBUG flower 2021-04-08 10:21:04,917 | numpy_client.py:260 | cached_clock: 37, curr_clock: 42
INFO flower 2021-04-08 10:21:08,315 | numpy_client.py:205 | Cache is fresh, return FitRes(clock=42)
DEBUG flower 2021-04-08 10:21:14,352 | numpy_client.py:172 | fit, FitIns(clock=43)
DEBUG flower 2021-04-08 10:21:14,352 | numpy_client.py:260 | cached_clock: 37, curr_clock: 43
INFO flower 2021-04-08 10:21:14,353 | numpy_client.py:184 | Cache is stale, return ReadIns
DEBUG flower 2021-04-08 10:21:18,797 | numpy_client.py:228 | read: ReadRes(clock=38)
DEBUG flower 2021-04-08 10:21:18,804 | numpy_client.py:172 | fit, FitIns(clock=43)
DEBUG flower 2021-04-08 10:21:18,805 | numpy_client.py:260 | cached_clock: 38, curr_clock: 43
INFO flower 2021-04-08 10:21:22,408 | numpy_client.py:205 | Cache is fresh, return FitRes(clock=43)
DEBUG flower 2021-04-08 10:21:28,276 | numpy_client.py:172 | fit, FitIns(clock=44)
DEBUG flower 2021-04-08 10:21:28,277 | numpy_client.py:260 | cached_clock: 38, curr_clock: 44
INFO flower 2021-04-08 10:21:28,277 | numpy_client.py:184 | Cache is stale, return ReadIns
DEBUG flower 2021-04-08 10:21:32,535 | numpy_client.py:228 | read: ReadRes(clock=39)
DEBUG flower 2021-04-08 10:21:32,543 | numpy_client.py:172 | fit, FitIns(clock=44)
DEBUG flower 2021-04-08 10:21:32,543 | numpy_client.py:260 | cached_clock: 39, curr_clock: 44
INFO flower 2021-04-08 10:21:36,000 | numpy_client.py:205 | Cache is fresh, return FitRes(clock=44)
DEBUG flower 2021-04-08 10:21:42,157 | numpy_client.py:172 | fit, FitIns(clock=45)
DEBUG flower 2021-04-08 10:21:42,157 | numpy_client.py:260 | cached_clock: 39, curr_clock: 45
INFO flower 2021-04-08 10:21:42,157 | numpy_client.py:184 | Cache is stale, return ReadIns
DEBUG flower 2021-04-08 10:21:46,907 | numpy_client.py:228 | read: ReadRes(clock=40)
DEBUG flower 2021-04-08 10:21:46,915 | numpy_client.py:172 | fit, FitIns(clock=45)
DEBUG flower 2021-04-08 10:21:46,915 | numpy_client.py:260 | cached_clock: 40, curr_clock: 45
INFO flower 2021-04-08 10:21:50,312 | numpy_client.py:205 | Cache is fresh, return FitRes(clock=45)
DEBUG flower 2021-04-08 10:21:56,221 | numpy_client.py:172 | fit, FitIns(clock=46)
DEBUG flower 2021-04-08 10:21:56,221 | numpy_client.py:260 | cached_clock: 40, curr_clock: 46
INFO flower 2021-04-08 10:21:56,221 | numpy_client.py:184 | Cache is stale, return ReadIns
DEBUG flower 2021-04-08 10:22:00,697 | numpy_client.py:228 | read: ReadRes(clock=41)
DEBUG flower 2021-04-08 10:22:00,704 | numpy_client.py:172 | fit, FitIns(clock=46)
DEBUG flower 2021-04-08 10:22:00,704 | numpy_client.py:260 | cached_clock: 41, curr_clock: 46
INFO flower 2021-04-08 10:22:04,113 | numpy_client.py:205 | Cache is fresh, return FitRes(clock=46)
DEBUG flower 2021-04-08 10:22:10,062 | numpy_client.py:172 | fit, FitIns(clock=47)
DEBUG flower 2021-04-08 10:22:10,062 | numpy_client.py:260 | cached_clock: 41, curr_clock: 47
INFO flower 2021-04-08 10:22:10,063 | numpy_client.py:184 | Cache is stale, return ReadIns
DEBUG flower 2021-04-08 10:22:14,462 | numpy_client.py:228 | read: ReadRes(clock=42)
DEBUG flower 2021-04-08 10:22:14,473 | numpy_client.py:172 | fit, FitIns(clock=47)
DEBUG flower 2021-04-08 10:22:14,473 | numpy_client.py:260 | cached_clock: 42, curr_clock: 47
INFO flower 2021-04-08 10:22:18,111 | numpy_client.py:205 | Cache is fresh, return FitRes(clock=47)
DEBUG flower 2021-04-08 10:22:23,550 | numpy_client.py:172 | fit, FitIns(clock=48)
DEBUG flower 2021-04-08 10:22:23,550 | numpy_client.py:260 | cached_clock: 42, curr_clock: 48
INFO flower 2021-04-08 10:22:23,550 | numpy_client.py:184 | Cache is stale, return ReadIns
DEBUG flower 2021-04-08 10:22:28,338 | numpy_client.py:228 | read: ReadRes(clock=43)
DEBUG flower 2021-04-08 10:22:28,346 | numpy_client.py:172 | fit, FitIns(clock=48)
DEBUG flower 2021-04-08 10:22:28,346 | numpy_client.py:260 | cached_clock: 43, curr_clock: 48
INFO flower 2021-04-08 10:22:31,814 | numpy_client.py:205 | Cache is fresh, return FitRes(clock=48)
DEBUG flower 2021-04-08 10:22:37,422 | numpy_client.py:172 | fit, FitIns(clock=49)
DEBUG flower 2021-04-08 10:22:37,422 | numpy_client.py:260 | cached_clock: 43, curr_clock: 49
INFO flower 2021-04-08 10:22:37,423 | numpy_client.py:184 | Cache is stale, return ReadIns
DEBUG flower 2021-04-08 10:22:42,126 | numpy_client.py:228 | read: ReadRes(clock=44)
DEBUG flower 2021-04-08 10:22:42,134 | numpy_client.py:172 | fit, FitIns(clock=49)
DEBUG flower 2021-04-08 10:22:42,134 | numpy_client.py:260 | cached_clock: 44, curr_clock: 49
INFO flower 2021-04-08 10:22:45,621 | numpy_client.py:205 | Cache is fresh, return FitRes(clock=49)
DEBUG flower 2021-04-08 10:22:51,233 | numpy_client.py:172 | fit, FitIns(clock=50)
DEBUG flower 2021-04-08 10:22:51,233 | numpy_client.py:260 | cached_clock: 44, curr_clock: 50
INFO flower 2021-04-08 10:22:51,233 | numpy_client.py:184 | Cache is stale, return ReadIns
DEBUG flower 2021-04-08 10:22:55,949 | numpy_client.py:228 | read: ReadRes(clock=45)
DEBUG flower 2021-04-08 10:22:55,957 | numpy_client.py:172 | fit, FitIns(clock=50)
DEBUG flower 2021-04-08 10:22:55,957 | numpy_client.py:260 | cached_clock: 45, curr_clock: 50
INFO flower 2021-04-08 10:22:59,410 | numpy_client.py:205 | Cache is fresh, return FitRes(clock=50)
DEBUG flower 2021-04-08 10:23:05,187 | numpy_client.py:172 | fit, FitIns(clock=51)
DEBUG flower 2021-04-08 10:23:05,187 | numpy_client.py:260 | cached_clock: 45, curr_clock: 51
INFO flower 2021-04-08 10:23:05,187 | numpy_client.py:184 | Cache is stale, return ReadIns
DEBUG flower 2021-04-08 10:23:10,408 | numpy_client.py:228 | read: ReadRes(clock=46)
DEBUG flower 2021-04-08 10:23:10,415 | numpy_client.py:172 | fit, FitIns(clock=51)
DEBUG flower 2021-04-08 10:23:10,416 | numpy_client.py:260 | cached_clock: 46, curr_clock: 51
INFO flower 2021-04-08 10:23:13,711 | numpy_client.py:205 | Cache is fresh, return FitRes(clock=51)
DEBUG flower 2021-04-08 10:23:19,689 | numpy_client.py:172 | fit, FitIns(clock=52)
DEBUG flower 2021-04-08 10:23:19,689 | numpy_client.py:260 | cached_clock: 46, curr_clock: 52
INFO flower 2021-04-08 10:23:19,690 | numpy_client.py:184 | Cache is stale, return ReadIns
DEBUG flower 2021-04-08 10:23:24,344 | numpy_client.py:228 | read: ReadRes(clock=47)
DEBUG flower 2021-04-08 10:23:24,351 | numpy_client.py:172 | fit, FitIns(clock=52)
DEBUG flower 2021-04-08 10:23:24,351 | numpy_client.py:260 | cached_clock: 47, curr_clock: 52
INFO flower 2021-04-08 10:23:27,814 | numpy_client.py:205 | Cache is fresh, return FitRes(clock=52)
DEBUG flower 2021-04-08 10:23:32,935 | numpy_client.py:172 | fit, FitIns(clock=53)
DEBUG flower 2021-04-08 10:23:32,936 | numpy_client.py:260 | cached_clock: 47, curr_clock: 53
INFO flower 2021-04-08 10:23:32,936 | numpy_client.py:184 | Cache is stale, return ReadIns
DEBUG flower 2021-04-08 10:23:37,304 | numpy_client.py:228 | read: ReadRes(clock=48)
DEBUG flower 2021-04-08 10:23:37,312 | numpy_client.py:172 | fit, FitIns(clock=53)
DEBUG flower 2021-04-08 10:23:37,312 | numpy_client.py:260 | cached_clock: 48, curr_clock: 53
INFO flower 2021-04-08 10:23:40,913 | numpy_client.py:205 | Cache is fresh, return FitRes(clock=53)
DEBUG flower 2021-04-08 10:23:46,158 | numpy_client.py:172 | fit, FitIns(clock=54)
DEBUG flower 2021-04-08 10:23:46,158 | numpy_client.py:260 | cached_clock: 48, curr_clock: 54
INFO flower 2021-04-08 10:23:46,159 | numpy_client.py:184 | Cache is stale, return ReadIns
DEBUG flower 2021-04-08 10:23:51,155 | numpy_client.py:228 | read: ReadRes(clock=49)
DEBUG flower 2021-04-08 10:23:51,163 | numpy_client.py:172 | fit, FitIns(clock=54)
DEBUG flower 2021-04-08 10:23:51,163 | numpy_client.py:260 | cached_clock: 49, curr_clock: 54
INFO flower 2021-04-08 10:23:54,700 | numpy_client.py:205 | Cache is fresh, return FitRes(clock=54)
DEBUG flower 2021-04-08 10:24:01,701 | numpy_client.py:172 | fit, FitIns(clock=55)
DEBUG flower 2021-04-08 10:24:01,701 | numpy_client.py:260 | cached_clock: 49, curr_clock: 55
INFO flower 2021-04-08 10:24:01,701 | numpy_client.py:184 | Cache is stale, return ReadIns
DEBUG flower 2021-04-08 10:24:06,301 | numpy_client.py:228 | read: ReadRes(clock=50)
DEBUG flower 2021-04-08 10:24:06,309 | numpy_client.py:172 | fit, FitIns(clock=55)
DEBUG flower 2021-04-08 10:24:06,309 | numpy_client.py:260 | cached_clock: 50, curr_clock: 55
INFO flower 2021-04-08 10:24:09,812 | numpy_client.py:205 | Cache is fresh, return FitRes(clock=55)
DEBUG flower 2021-04-08 10:24:15,282 | numpy_client.py:172 | fit, FitIns(clock=56)
DEBUG flower 2021-04-08 10:24:15,282 | numpy_client.py:260 | cached_clock: 50, curr_clock: 56
INFO flower 2021-04-08 10:24:15,282 | numpy_client.py:184 | Cache is stale, return ReadIns
DEBUG flower 2021-04-08 10:24:19,945 | numpy_client.py:228 | read: ReadRes(clock=51)
DEBUG flower 2021-04-08 10:24:19,953 | numpy_client.py:172 | fit, FitIns(clock=56)
DEBUG flower 2021-04-08 10:24:19,953 | numpy_client.py:260 | cached_clock: 51, curr_clock: 56
INFO flower 2021-04-08 10:24:23,313 | numpy_client.py:205 | Cache is fresh, return FitRes(clock=56)
DEBUG flower 2021-04-08 10:24:29,066 | numpy_client.py:172 | fit, FitIns(clock=57)
DEBUG flower 2021-04-08 10:24:29,066 | numpy_client.py:260 | cached_clock: 51, curr_clock: 57
INFO flower 2021-04-08 10:24:29,067 | numpy_client.py:184 | Cache is stale, return ReadIns
DEBUG flower 2021-04-08 10:24:33,459 | numpy_client.py:228 | read: ReadRes(clock=52)
DEBUG flower 2021-04-08 10:24:33,466 | numpy_client.py:172 | fit, FitIns(clock=57)
DEBUG flower 2021-04-08 10:24:33,466 | numpy_client.py:260 | cached_clock: 52, curr_clock: 57
INFO flower 2021-04-08 10:24:36,920 | numpy_client.py:205 | Cache is fresh, return FitRes(clock=57)
DEBUG flower 2021-04-08 10:24:42,621 | numpy_client.py:172 | fit, FitIns(clock=58)
DEBUG flower 2021-04-08 10:24:42,621 | numpy_client.py:260 | cached_clock: 52, curr_clock: 58
INFO flower 2021-04-08 10:24:42,621 | numpy_client.py:184 | Cache is stale, return ReadIns
DEBUG flower 2021-04-08 10:24:47,597 | numpy_client.py:228 | read: ReadRes(clock=53)
DEBUG flower 2021-04-08 10:24:47,605 | numpy_client.py:172 | fit, FitIns(clock=58)
DEBUG flower 2021-04-08 10:24:47,605 | numpy_client.py:260 | cached_clock: 53, curr_clock: 58
INFO flower 2021-04-08 10:24:51,106 | numpy_client.py:205 | Cache is fresh, return FitRes(clock=58)
DEBUG flower 2021-04-08 10:24:56,814 | numpy_client.py:172 | fit, FitIns(clock=59)
DEBUG flower 2021-04-08 10:24:56,815 | numpy_client.py:260 | cached_clock: 53, curr_clock: 59
INFO flower 2021-04-08 10:24:56,815 | numpy_client.py:184 | Cache is stale, return ReadIns
DEBUG flower 2021-04-08 10:25:01,631 | numpy_client.py:228 | read: ReadRes(clock=54)
DEBUG flower 2021-04-08 10:25:01,638 | numpy_client.py:172 | fit, FitIns(clock=59)
DEBUG flower 2021-04-08 10:25:01,638 | numpy_client.py:260 | cached_clock: 54, curr_clock: 59
INFO flower 2021-04-08 10:25:05,200 | numpy_client.py:205 | Cache is fresh, return FitRes(clock=59)
DEBUG flower 2021-04-08 10:25:10,909 | numpy_client.py:172 | fit, FitIns(clock=60)
DEBUG flower 2021-04-08 10:25:10,910 | numpy_client.py:260 | cached_clock: 54, curr_clock: 60
INFO flower 2021-04-08 10:25:10,910 | numpy_client.py:184 | Cache is stale, return ReadIns
DEBUG flower 2021-04-08 10:25:15,428 | numpy_client.py:228 | read: ReadRes(clock=55)
DEBUG flower 2021-04-08 10:25:15,436 | numpy_client.py:172 | fit, FitIns(clock=60)
DEBUG flower 2021-04-08 10:25:15,436 | numpy_client.py:260 | cached_clock: 55, curr_clock: 60
INFO flower 2021-04-08 10:25:18,837 | numpy_client.py:205 | Cache is fresh, return FitRes(clock=60)
DEBUG flower 2021-04-08 10:25:24,615 | numpy_client.py:172 | fit, FitIns(clock=61)
DEBUG flower 2021-04-08 10:25:24,615 | numpy_client.py:260 | cached_clock: 55, curr_clock: 61
INFO flower 2021-04-08 10:25:24,615 | numpy_client.py:184 | Cache is stale, return ReadIns
DEBUG flower 2021-04-08 10:25:28,825 | numpy_client.py:228 | read: ReadRes(clock=56)
DEBUG flower 2021-04-08 10:25:28,832 | numpy_client.py:172 | fit, FitIns(clock=61)
DEBUG flower 2021-04-08 10:25:28,832 | numpy_client.py:260 | cached_clock: 56, curr_clock: 61
INFO flower 2021-04-08 10:25:32,516 | numpy_client.py:205 | Cache is fresh, return FitRes(clock=61)
DEBUG flower 2021-04-08 10:25:38,218 | numpy_client.py:172 | fit, FitIns(clock=62)
DEBUG flower 2021-04-08 10:25:38,218 | numpy_client.py:260 | cached_clock: 56, curr_clock: 62
INFO flower 2021-04-08 10:25:38,218 | numpy_client.py:184 | Cache is stale, return ReadIns
DEBUG flower 2021-04-08 10:25:42,644 | numpy_client.py:228 | read: ReadRes(clock=57)
DEBUG flower 2021-04-08 10:25:42,651 | numpy_client.py:172 | fit, FitIns(clock=62)
DEBUG flower 2021-04-08 10:25:42,651 | numpy_client.py:260 | cached_clock: 57, curr_clock: 62
INFO flower 2021-04-08 10:25:46,210 | numpy_client.py:205 | Cache is fresh, return FitRes(clock=62)
DEBUG flower 2021-04-08 10:25:51,833 | numpy_client.py:172 | fit, FitIns(clock=63)
DEBUG flower 2021-04-08 10:25:51,833 | numpy_client.py:260 | cached_clock: 57, curr_clock: 63
INFO flower 2021-04-08 10:25:51,834 | numpy_client.py:184 | Cache is stale, return ReadIns
DEBUG flower 2021-04-08 10:25:56,312 | numpy_client.py:228 | read: ReadRes(clock=58)
DEBUG flower 2021-04-08 10:25:56,319 | numpy_client.py:172 | fit, FitIns(clock=63)
DEBUG flower 2021-04-08 10:25:56,319 | numpy_client.py:260 | cached_clock: 58, curr_clock: 63
INFO flower 2021-04-08 10:25:59,622 | numpy_client.py:205 | Cache is fresh, return FitRes(clock=63)
DEBUG flower 2021-04-08 10:26:05,569 | numpy_client.py:172 | fit, FitIns(clock=64)
DEBUG flower 2021-04-08 10:26:05,569 | numpy_client.py:260 | cached_clock: 58, curr_clock: 64
INFO flower 2021-04-08 10:26:05,569 | numpy_client.py:184 | Cache is stale, return ReadIns
DEBUG flower 2021-04-08 10:26:10,139 | numpy_client.py:228 | read: ReadRes(clock=59)
DEBUG flower 2021-04-08 10:26:10,147 | numpy_client.py:172 | fit, FitIns(clock=64)
DEBUG flower 2021-04-08 10:26:10,147 | numpy_client.py:260 | cached_clock: 59, curr_clock: 64
INFO flower 2021-04-08 10:26:13,417 | numpy_client.py:205 | Cache is fresh, return FitRes(clock=64)
DEBUG flower 2021-04-08 10:26:20,698 | numpy_client.py:172 | fit, FitIns(clock=65)
DEBUG flower 2021-04-08 10:26:20,698 | numpy_client.py:260 | cached_clock: 59, curr_clock: 65
INFO flower 2021-04-08 10:26:20,698 | numpy_client.py:184 | Cache is stale, return ReadIns
DEBUG flower 2021-04-08 10:26:25,625 | numpy_client.py:228 | read: ReadRes(clock=60)
DEBUG flower 2021-04-08 10:26:25,635 | numpy_client.py:172 | fit, FitIns(clock=65)
DEBUG flower 2021-04-08 10:26:25,635 | numpy_client.py:260 | cached_clock: 60, curr_clock: 65
INFO flower 2021-04-08 10:26:29,133 | numpy_client.py:205 | Cache is fresh, return FitRes(clock=65)
DEBUG flower 2021-04-08 10:26:35,061 | numpy_client.py:172 | fit, FitIns(clock=66)
DEBUG flower 2021-04-08 10:26:35,061 | numpy_client.py:260 | cached_clock: 60, curr_clock: 66
INFO flower 2021-04-08 10:26:35,061 | numpy_client.py:184 | Cache is stale, return ReadIns
DEBUG flower 2021-04-08 10:26:39,596 | numpy_client.py:228 | read: ReadRes(clock=61)
DEBUG flower 2021-04-08 10:26:39,604 | numpy_client.py:172 | fit, FitIns(clock=66)
DEBUG flower 2021-04-08 10:26:39,604 | numpy_client.py:260 | cached_clock: 61, curr_clock: 66
INFO flower 2021-04-08 10:26:43,013 | numpy_client.py:205 | Cache is fresh, return FitRes(clock=66)
DEBUG flower 2021-04-08 10:26:48,774 | numpy_client.py:172 | fit, FitIns(clock=67)
DEBUG flower 2021-04-08 10:26:48,774 | numpy_client.py:260 | cached_clock: 61, curr_clock: 67
INFO flower 2021-04-08 10:26:48,774 | numpy_client.py:184 | Cache is stale, return ReadIns
DEBUG flower 2021-04-08 10:26:53,222 | numpy_client.py:228 | read: ReadRes(clock=62)
DEBUG flower 2021-04-08 10:26:53,230 | numpy_client.py:172 | fit, FitIns(clock=67)
DEBUG flower 2021-04-08 10:26:53,230 | numpy_client.py:260 | cached_clock: 62, curr_clock: 67
INFO flower 2021-04-08 10:26:56,704 | numpy_client.py:205 | Cache is fresh, return FitRes(clock=67)
DEBUG flower 2021-04-08 10:27:03,324 | numpy_client.py:172 | fit, FitIns(clock=68)
DEBUG flower 2021-04-08 10:27:03,325 | numpy_client.py:260 | cached_clock: 62, curr_clock: 68
INFO flower 2021-04-08 10:27:03,325 | numpy_client.py:184 | Cache is stale, return ReadIns
DEBUG flower 2021-04-08 10:27:07,797 | numpy_client.py:228 | read: ReadRes(clock=63)
DEBUG flower 2021-04-08 10:27:07,805 | numpy_client.py:172 | fit, FitIns(clock=68)
DEBUG flower 2021-04-08 10:27:07,805 | numpy_client.py:260 | cached_clock: 63, curr_clock: 68
INFO flower 2021-04-08 10:27:11,347 | numpy_client.py:205 | Cache is fresh, return FitRes(clock=68)
DEBUG flower 2021-04-08 10:27:16,444 | numpy_client.py:172 | fit, FitIns(clock=69)
DEBUG flower 2021-04-08 10:27:16,444 | numpy_client.py:260 | cached_clock: 63, curr_clock: 69
INFO flower 2021-04-08 10:27:16,445 | numpy_client.py:184 | Cache is stale, return ReadIns
DEBUG flower 2021-04-08 10:27:20,954 | numpy_client.py:228 | read: ReadRes(clock=64)
DEBUG flower 2021-04-08 10:27:20,962 | numpy_client.py:172 | fit, FitIns(clock=69)
DEBUG flower 2021-04-08 10:27:20,962 | numpy_client.py:260 | cached_clock: 64, curr_clock: 69
INFO flower 2021-04-08 10:27:24,416 | numpy_client.py:205 | Cache is fresh, return FitRes(clock=69)
DEBUG flower 2021-04-08 10:27:30,133 | numpy_client.py:172 | fit, FitIns(clock=70)
DEBUG flower 2021-04-08 10:27:30,133 | numpy_client.py:260 | cached_clock: 64, curr_clock: 70
INFO flower 2021-04-08 10:27:30,134 | numpy_client.py:184 | Cache is stale, return ReadIns
DEBUG flower 2021-04-08 10:27:34,568 | numpy_client.py:228 | read: ReadRes(clock=65)
DEBUG flower 2021-04-08 10:27:34,575 | numpy_client.py:172 | fit, FitIns(clock=70)
DEBUG flower 2021-04-08 10:27:34,576 | numpy_client.py:260 | cached_clock: 65, curr_clock: 70
INFO flower 2021-04-08 10:27:38,308 | numpy_client.py:205 | Cache is fresh, return FitRes(clock=70)
DEBUG flower 2021-04-08 10:27:44,497 | numpy_client.py:172 | fit, FitIns(clock=71)
DEBUG flower 2021-04-08 10:27:44,498 | numpy_client.py:260 | cached_clock: 65, curr_clock: 71
INFO flower 2021-04-08 10:27:44,498 | numpy_client.py:184 | Cache is stale, return ReadIns
DEBUG flower 2021-04-08 10:27:48,897 | numpy_client.py:228 | read: ReadRes(clock=66)
DEBUG flower 2021-04-08 10:27:48,905 | numpy_client.py:172 | fit, FitIns(clock=71)
DEBUG flower 2021-04-08 10:27:48,905 | numpy_client.py:260 | cached_clock: 66, curr_clock: 71
INFO flower 2021-04-08 10:27:52,607 | numpy_client.py:205 | Cache is fresh, return FitRes(clock=71)
DEBUG flower 2021-04-08 10:27:58,064 | numpy_client.py:172 | fit, FitIns(clock=72)
DEBUG flower 2021-04-08 10:27:58,064 | numpy_client.py:260 | cached_clock: 66, curr_clock: 72
INFO flower 2021-04-08 10:27:58,065 | numpy_client.py:184 | Cache is stale, return ReadIns
DEBUG flower 2021-04-08 10:28:02,445 | numpy_client.py:228 | read: ReadRes(clock=67)
DEBUG flower 2021-04-08 10:28:02,453 | numpy_client.py:172 | fit, FitIns(clock=72)
DEBUG flower 2021-04-08 10:28:02,453 | numpy_client.py:260 | cached_clock: 67, curr_clock: 72
INFO flower 2021-04-08 10:28:05,914 | numpy_client.py:205 | Cache is fresh, return FitRes(clock=72)
DEBUG flower 2021-04-08 10:28:11,266 | numpy_client.py:172 | fit, FitIns(clock=73)
DEBUG flower 2021-04-08 10:28:11,266 | numpy_client.py:260 | cached_clock: 67, curr_clock: 73
INFO flower 2021-04-08 10:28:11,266 | numpy_client.py:184 | Cache is stale, return ReadIns
DEBUG flower 2021-04-08 10:28:15,853 | numpy_client.py:228 | read: ReadRes(clock=68)
DEBUG flower 2021-04-08 10:28:15,860 | numpy_client.py:172 | fit, FitIns(clock=73)
DEBUG flower 2021-04-08 10:28:15,861 | numpy_client.py:260 | cached_clock: 68, curr_clock: 73
INFO flower 2021-04-08 10:28:19,415 | numpy_client.py:205 | Cache is fresh, return FitRes(clock=73)
DEBUG flower 2021-04-08 10:28:25,449 | numpy_client.py:172 | fit, FitIns(clock=74)
DEBUG flower 2021-04-08 10:28:25,449 | numpy_client.py:260 | cached_clock: 68, curr_clock: 74
INFO flower 2021-04-08 10:28:25,449 | numpy_client.py:184 | Cache is stale, return ReadIns
DEBUG flower 2021-04-08 10:28:30,057 | numpy_client.py:228 | read: ReadRes(clock=69)
DEBUG flower 2021-04-08 10:28:30,064 | numpy_client.py:172 | fit, FitIns(clock=74)
DEBUG flower 2021-04-08 10:28:30,064 | numpy_client.py:260 | cached_clock: 69, curr_clock: 74
INFO flower 2021-04-08 10:28:33,516 | numpy_client.py:205 | Cache is fresh, return FitRes(clock=74)
DEBUG flower 2021-04-08 10:28:38,686 | numpy_client.py:172 | fit, FitIns(clock=75)
DEBUG flower 2021-04-08 10:28:38,686 | numpy_client.py:260 | cached_clock: 69, curr_clock: 75
INFO flower 2021-04-08 10:28:38,686 | numpy_client.py:184 | Cache is stale, return ReadIns
DEBUG flower 2021-04-08 10:28:43,706 | numpy_client.py:228 | read: ReadRes(clock=70)
DEBUG flower 2021-04-08 10:28:43,713 | numpy_client.py:172 | fit, FitIns(clock=75)
DEBUG flower 2021-04-08 10:28:43,713 | numpy_client.py:260 | cached_clock: 70, curr_clock: 75
INFO flower 2021-04-08 10:28:47,301 | numpy_client.py:205 | Cache is fresh, return FitRes(clock=75)
DEBUG flower 2021-04-08 10:28:53,080 | numpy_client.py:172 | fit, FitIns(clock=76)
DEBUG flower 2021-04-08 10:28:53,081 | numpy_client.py:260 | cached_clock: 70, curr_clock: 76
INFO flower 2021-04-08 10:28:53,081 | numpy_client.py:184 | Cache is stale, return ReadIns
DEBUG flower 2021-04-08 10:28:57,722 | numpy_client.py:228 | read: ReadRes(clock=71)
DEBUG flower 2021-04-08 10:28:57,728 | numpy_client.py:172 | fit, FitIns(clock=76)
DEBUG flower 2021-04-08 10:28:57,728 | numpy_client.py:260 | cached_clock: 71, curr_clock: 76
INFO flower 2021-04-08 10:29:01,310 | numpy_client.py:205 | Cache is fresh, return FitRes(clock=76)
DEBUG flower 2021-04-08 10:29:06,785 | numpy_client.py:172 | fit, FitIns(clock=77)
DEBUG flower 2021-04-08 10:29:06,786 | numpy_client.py:260 | cached_clock: 71, curr_clock: 77
INFO flower 2021-04-08 10:29:06,786 | numpy_client.py:184 | Cache is stale, return ReadIns
DEBUG flower 2021-04-08 10:29:11,060 | numpy_client.py:228 | read: ReadRes(clock=72)
DEBUG flower 2021-04-08 10:29:11,068 | numpy_client.py:172 | fit, FitIns(clock=77)
DEBUG flower 2021-04-08 10:29:11,068 | numpy_client.py:260 | cached_clock: 72, curr_clock: 77
INFO flower 2021-04-08 10:29:14,603 | numpy_client.py:205 | Cache is fresh, return FitRes(clock=77)
DEBUG flower 2021-04-08 10:29:20,578 | numpy_client.py:172 | fit, FitIns(clock=78)
DEBUG flower 2021-04-08 10:29:20,578 | numpy_client.py:260 | cached_clock: 72, curr_clock: 78
INFO flower 2021-04-08 10:29:20,578 | numpy_client.py:184 | Cache is stale, return ReadIns
DEBUG flower 2021-04-08 10:29:25,215 | numpy_client.py:228 | read: ReadRes(clock=73)
DEBUG flower 2021-04-08 10:29:25,223 | numpy_client.py:172 | fit, FitIns(clock=78)
DEBUG flower 2021-04-08 10:29:25,223 | numpy_client.py:260 | cached_clock: 73, curr_clock: 78
INFO flower 2021-04-08 10:29:28,916 | numpy_client.py:205 | Cache is fresh, return FitRes(clock=78)
DEBUG flower 2021-04-08 10:29:34,275 | numpy_client.py:172 | fit, FitIns(clock=79)
DEBUG flower 2021-04-08 10:29:34,275 | numpy_client.py:260 | cached_clock: 73, curr_clock: 79
INFO flower 2021-04-08 10:29:34,275 | numpy_client.py:184 | Cache is stale, return ReadIns
DEBUG flower 2021-04-08 10:29:38,757 | numpy_client.py:228 | read: ReadRes(clock=74)
DEBUG flower 2021-04-08 10:29:38,765 | numpy_client.py:172 | fit, FitIns(clock=79)
DEBUG flower 2021-04-08 10:29:38,765 | numpy_client.py:260 | cached_clock: 74, curr_clock: 79
INFO flower 2021-04-08 10:29:42,313 | numpy_client.py:205 | Cache is fresh, return FitRes(clock=79)
DEBUG flower 2021-04-08 10:29:47,670 | numpy_client.py:172 | fit, FitIns(clock=80)
DEBUG flower 2021-04-08 10:29:47,670 | numpy_client.py:260 | cached_clock: 74, curr_clock: 80
INFO flower 2021-04-08 10:29:47,671 | numpy_client.py:184 | Cache is stale, return ReadIns
DEBUG flower 2021-04-08 10:29:51,997 | numpy_client.py:228 | read: ReadRes(clock=75)
DEBUG flower 2021-04-08 10:29:52,005 | numpy_client.py:172 | fit, FitIns(clock=80)
DEBUG flower 2021-04-08 10:29:52,005 | numpy_client.py:260 | cached_clock: 75, curr_clock: 80
INFO flower 2021-04-08 10:29:55,502 | numpy_client.py:205 | Cache is fresh, return FitRes(clock=80)
DEBUG flower 2021-04-08 10:30:01,337 | numpy_client.py:172 | fit, FitIns(clock=81)
DEBUG flower 2021-04-08 10:30:01,337 | numpy_client.py:260 | cached_clock: 75, curr_clock: 81
INFO flower 2021-04-08 10:30:01,337 | numpy_client.py:184 | Cache is stale, return ReadIns
DEBUG flower 2021-04-08 10:30:05,850 | numpy_client.py:228 | read: ReadRes(clock=76)
DEBUG flower 2021-04-08 10:30:05,858 | numpy_client.py:172 | fit, FitIns(clock=81)
DEBUG flower 2021-04-08 10:30:05,858 | numpy_client.py:260 | cached_clock: 76, curr_clock: 81
INFO flower 2021-04-08 10:30:09,412 | numpy_client.py:205 | Cache is fresh, return FitRes(clock=81)
DEBUG flower 2021-04-08 10:30:14,521 | numpy_client.py:172 | fit, FitIns(clock=82)
DEBUG flower 2021-04-08 10:30:14,521 | numpy_client.py:260 | cached_clock: 76, curr_clock: 82
INFO flower 2021-04-08 10:30:14,522 | numpy_client.py:184 | Cache is stale, return ReadIns
DEBUG flower 2021-04-08 10:30:19,454 | numpy_client.py:228 | read: ReadRes(clock=77)
DEBUG flower 2021-04-08 10:30:19,461 | numpy_client.py:172 | fit, FitIns(clock=82)
DEBUG flower 2021-04-08 10:30:19,461 | numpy_client.py:260 | cached_clock: 77, curr_clock: 82
INFO flower 2021-04-08 10:30:22,925 | numpy_client.py:205 | Cache is fresh, return FitRes(clock=82)
DEBUG flower 2021-04-08 10:30:28,295 | numpy_client.py:172 | fit, FitIns(clock=83)
DEBUG flower 2021-04-08 10:30:28,300 | numpy_client.py:260 | cached_clock: 77, curr_clock: 83
INFO flower 2021-04-08 10:30:28,300 | numpy_client.py:184 | Cache is stale, return ReadIns
DEBUG flower 2021-04-08 10:30:32,625 | numpy_client.py:228 | read: ReadRes(clock=78)
DEBUG flower 2021-04-08 10:30:32,633 | numpy_client.py:172 | fit, FitIns(clock=83)
DEBUG flower 2021-04-08 10:30:32,634 | numpy_client.py:260 | cached_clock: 78, curr_clock: 83
INFO flower 2021-04-08 10:30:36,027 | numpy_client.py:205 | Cache is fresh, return FitRes(clock=83)
DEBUG flower 2021-04-08 10:30:41,881 | numpy_client.py:172 | fit, FitIns(clock=84)
DEBUG flower 2021-04-08 10:30:41,882 | numpy_client.py:260 | cached_clock: 78, curr_clock: 84
INFO flower 2021-04-08 10:30:41,882 | numpy_client.py:184 | Cache is stale, return ReadIns
DEBUG flower 2021-04-08 10:30:46,530 | numpy_client.py:228 | read: ReadRes(clock=79)
DEBUG flower 2021-04-08 10:30:46,538 | numpy_client.py:172 | fit, FitIns(clock=84)
DEBUG flower 2021-04-08 10:30:46,538 | numpy_client.py:260 | cached_clock: 79, curr_clock: 84
INFO flower 2021-04-08 10:30:50,099 | numpy_client.py:205 | Cache is fresh, return FitRes(clock=84)
DEBUG flower 2021-04-08 10:30:55,712 | numpy_client.py:172 | fit, FitIns(clock=85)
DEBUG flower 2021-04-08 10:30:55,712 | numpy_client.py:260 | cached_clock: 79, curr_clock: 85
INFO flower 2021-04-08 10:30:55,712 | numpy_client.py:184 | Cache is stale, return ReadIns
DEBUG flower 2021-04-08 10:31:00,459 | numpy_client.py:228 | read: ReadRes(clock=80)
DEBUG flower 2021-04-08 10:31:00,466 | numpy_client.py:172 | fit, FitIns(clock=85)
DEBUG flower 2021-04-08 10:31:00,466 | numpy_client.py:260 | cached_clock: 80, curr_clock: 85
INFO flower 2021-04-08 10:31:03,916 | numpy_client.py:205 | Cache is fresh, return FitRes(clock=85)
DEBUG flower 2021-04-08 10:31:09,372 | numpy_client.py:172 | fit, FitIns(clock=86)
DEBUG flower 2021-04-08 10:31:09,372 | numpy_client.py:260 | cached_clock: 80, curr_clock: 86
INFO flower 2021-04-08 10:31:09,372 | numpy_client.py:184 | Cache is stale, return ReadIns
DEBUG flower 2021-04-08 10:31:14,242 | numpy_client.py:228 | read: ReadRes(clock=81)
DEBUG flower 2021-04-08 10:31:14,250 | numpy_client.py:172 | fit, FitIns(clock=86)
DEBUG flower 2021-04-08 10:31:14,250 | numpy_client.py:260 | cached_clock: 81, curr_clock: 86
INFO flower 2021-04-08 10:31:17,899 | numpy_client.py:205 | Cache is fresh, return FitRes(clock=86)
DEBUG flower 2021-04-08 10:31:23,154 | numpy_client.py:172 | fit, FitIns(clock=87)
DEBUG flower 2021-04-08 10:31:23,154 | numpy_client.py:260 | cached_clock: 81, curr_clock: 87
INFO flower 2021-04-08 10:31:23,155 | numpy_client.py:184 | Cache is stale, return ReadIns
DEBUG flower 2021-04-08 10:31:27,597 | numpy_client.py:228 | read: ReadRes(clock=82)
DEBUG flower 2021-04-08 10:31:27,605 | numpy_client.py:172 | fit, FitIns(clock=87)
DEBUG flower 2021-04-08 10:31:27,605 | numpy_client.py:260 | cached_clock: 82, curr_clock: 87
INFO flower 2021-04-08 10:31:31,034 | numpy_client.py:205 | Cache is fresh, return FitRes(clock=87)
DEBUG flower 2021-04-08 10:31:36,391 | numpy_client.py:172 | fit, FitIns(clock=88)
DEBUG flower 2021-04-08 10:31:36,392 | numpy_client.py:260 | cached_clock: 82, curr_clock: 88
INFO flower 2021-04-08 10:31:36,392 | numpy_client.py:184 | Cache is stale, return ReadIns
DEBUG flower 2021-04-08 10:31:40,808 | numpy_client.py:228 | read: ReadRes(clock=83)
DEBUG flower 2021-04-08 10:31:40,815 | numpy_client.py:172 | fit, FitIns(clock=88)
DEBUG flower 2021-04-08 10:31:40,816 | numpy_client.py:260 | cached_clock: 83, curr_clock: 88
INFO flower 2021-04-08 10:31:44,415 | numpy_client.py:205 | Cache is fresh, return FitRes(clock=88)
DEBUG flower 2021-04-08 10:31:49,677 | numpy_client.py:172 | fit, FitIns(clock=89)
DEBUG flower 2021-04-08 10:31:49,677 | numpy_client.py:260 | cached_clock: 83, curr_clock: 89
INFO flower 2021-04-08 10:31:49,677 | numpy_client.py:184 | Cache is stale, return ReadIns
DEBUG flower 2021-04-08 10:31:54,327 | numpy_client.py:228 | read: ReadRes(clock=84)
DEBUG flower 2021-04-08 10:31:54,335 | numpy_client.py:172 | fit, FitIns(clock=89)
DEBUG flower 2021-04-08 10:31:54,335 | numpy_client.py:260 | cached_clock: 84, curr_clock: 89
INFO flower 2021-04-08 10:31:57,717 | numpy_client.py:205 | Cache is fresh, return FitRes(clock=89)
DEBUG flower 2021-04-08 10:32:03,500 | numpy_client.py:172 | fit, FitIns(clock=90)
DEBUG flower 2021-04-08 10:32:03,500 | numpy_client.py:260 | cached_clock: 84, curr_clock: 90
INFO flower 2021-04-08 10:32:03,501 | numpy_client.py:184 | Cache is stale, return ReadIns
DEBUG flower 2021-04-08 10:32:08,505 | numpy_client.py:228 | read: ReadRes(clock=85)
DEBUG flower 2021-04-08 10:32:08,513 | numpy_client.py:172 | fit, FitIns(clock=90)
DEBUG flower 2021-04-08 10:32:08,513 | numpy_client.py:260 | cached_clock: 85, curr_clock: 90
INFO flower 2021-04-08 10:32:11,916 | numpy_client.py:205 | Cache is fresh, return FitRes(clock=90)
DEBUG flower 2021-04-08 10:32:17,715 | numpy_client.py:172 | fit, FitIns(clock=91)
DEBUG flower 2021-04-08 10:32:17,716 | numpy_client.py:260 | cached_clock: 85, curr_clock: 91
INFO flower 2021-04-08 10:32:17,716 | numpy_client.py:184 | Cache is stale, return ReadIns
DEBUG flower 2021-04-08 10:32:22,466 | numpy_client.py:228 | read: ReadRes(clock=86)
DEBUG flower 2021-04-08 10:32:22,474 | numpy_client.py:172 | fit, FitIns(clock=91)
DEBUG flower 2021-04-08 10:32:22,474 | numpy_client.py:260 | cached_clock: 86, curr_clock: 91
INFO flower 2021-04-08 10:32:25,916 | numpy_client.py:205 | Cache is fresh, return FitRes(clock=91)
DEBUG flower 2021-04-08 10:32:31,939 | numpy_client.py:172 | fit, FitIns(clock=92)
DEBUG flower 2021-04-08 10:32:31,939 | numpy_client.py:260 | cached_clock: 86, curr_clock: 92
INFO flower 2021-04-08 10:32:31,939 | numpy_client.py:184 | Cache is stale, return ReadIns
DEBUG flower 2021-04-08 10:32:36,358 | numpy_client.py:228 | read: ReadRes(clock=87)
DEBUG flower 2021-04-08 10:32:36,366 | numpy_client.py:172 | fit, FitIns(clock=92)
DEBUG flower 2021-04-08 10:32:36,366 | numpy_client.py:260 | cached_clock: 87, curr_clock: 92
INFO flower 2021-04-08 10:32:39,935 | numpy_client.py:205 | Cache is fresh, return FitRes(clock=92)
DEBUG flower 2021-04-08 10:32:45,702 | numpy_client.py:172 | fit, FitIns(clock=93)
DEBUG flower 2021-04-08 10:32:45,702 | numpy_client.py:260 | cached_clock: 87, curr_clock: 93
INFO flower 2021-04-08 10:32:45,702 | numpy_client.py:184 | Cache is stale, return ReadIns
DEBUG flower 2021-04-08 10:32:50,330 | numpy_client.py:228 | read: ReadRes(clock=88)
DEBUG flower 2021-04-08 10:32:50,337 | numpy_client.py:172 | fit, FitIns(clock=93)
DEBUG flower 2021-04-08 10:32:50,338 | numpy_client.py:260 | cached_clock: 88, curr_clock: 93
INFO flower 2021-04-08 10:32:53,830 | numpy_client.py:205 | Cache is fresh, return FitRes(clock=93)
DEBUG flower 2021-04-08 10:32:59,572 | numpy_client.py:172 | fit, FitIns(clock=94)
DEBUG flower 2021-04-08 10:32:59,572 | numpy_client.py:260 | cached_clock: 88, curr_clock: 94
INFO flower 2021-04-08 10:32:59,572 | numpy_client.py:184 | Cache is stale, return ReadIns
DEBUG flower 2021-04-08 10:33:04,234 | numpy_client.py:228 | read: ReadRes(clock=89)
DEBUG flower 2021-04-08 10:33:04,247 | numpy_client.py:172 | fit, FitIns(clock=94)
DEBUG flower 2021-04-08 10:33:04,248 | numpy_client.py:260 | cached_clock: 89, curr_clock: 94
INFO flower 2021-04-08 10:33:07,696 | numpy_client.py:205 | Cache is fresh, return FitRes(clock=94)
DEBUG flower 2021-04-08 10:33:13,520 | numpy_client.py:172 | fit, FitIns(clock=95)
DEBUG flower 2021-04-08 10:33:13,520 | numpy_client.py:260 | cached_clock: 89, curr_clock: 95
INFO flower 2021-04-08 10:33:13,520 | numpy_client.py:184 | Cache is stale, return ReadIns
DEBUG flower 2021-04-08 10:33:18,168 | numpy_client.py:228 | read: ReadRes(clock=90)
DEBUG flower 2021-04-08 10:33:18,175 | numpy_client.py:172 | fit, FitIns(clock=95)
DEBUG flower 2021-04-08 10:33:18,176 | numpy_client.py:260 | cached_clock: 90, curr_clock: 95
INFO flower 2021-04-08 10:33:21,608 | numpy_client.py:205 | Cache is fresh, return FitRes(clock=95)
DEBUG flower 2021-04-08 10:33:27,586 | numpy_client.py:172 | fit, FitIns(clock=96)
DEBUG flower 2021-04-08 10:33:27,586 | numpy_client.py:260 | cached_clock: 90, curr_clock: 96
INFO flower 2021-04-08 10:33:27,586 | numpy_client.py:184 | Cache is stale, return ReadIns
DEBUG flower 2021-04-08 10:33:32,010 | numpy_client.py:228 | read: ReadRes(clock=91)
DEBUG flower 2021-04-08 10:33:32,017 | numpy_client.py:172 | fit, FitIns(clock=96)
DEBUG flower 2021-04-08 10:33:32,018 | numpy_client.py:260 | cached_clock: 91, curr_clock: 96
INFO flower 2021-04-08 10:33:35,502 | numpy_client.py:205 | Cache is fresh, return FitRes(clock=96)
DEBUG flower 2021-04-08 10:33:41,171 | numpy_client.py:172 | fit, FitIns(clock=97)
DEBUG flower 2021-04-08 10:33:41,172 | numpy_client.py:260 | cached_clock: 91, curr_clock: 97
INFO flower 2021-04-08 10:33:41,172 | numpy_client.py:184 | Cache is stale, return ReadIns
DEBUG flower 2021-04-08 10:33:45,322 | numpy_client.py:228 | read: ReadRes(clock=92)
DEBUG flower 2021-04-08 10:33:45,330 | numpy_client.py:172 | fit, FitIns(clock=97)
DEBUG flower 2021-04-08 10:33:45,330 | numpy_client.py:260 | cached_clock: 92, curr_clock: 97
INFO flower 2021-04-08 10:33:48,640 | numpy_client.py:205 | Cache is fresh, return FitRes(clock=97)
DEBUG flower 2021-04-08 10:33:54,342 | numpy_client.py:172 | fit, FitIns(clock=98)
DEBUG flower 2021-04-08 10:33:54,342 | numpy_client.py:260 | cached_clock: 92, curr_clock: 98
INFO flower 2021-04-08 10:33:54,343 | numpy_client.py:184 | Cache is stale, return ReadIns
DEBUG flower 2021-04-08 10:33:58,890 | numpy_client.py:228 | read: ReadRes(clock=93)
DEBUG flower 2021-04-08 10:33:58,897 | numpy_client.py:172 | fit, FitIns(clock=98)
DEBUG flower 2021-04-08 10:33:58,898 | numpy_client.py:260 | cached_clock: 93, curr_clock: 98
INFO flower 2021-04-08 10:34:02,600 | numpy_client.py:205 | Cache is fresh, return FitRes(clock=98)
DEBUG flower 2021-04-08 10:34:08,119 | numpy_client.py:172 | fit, FitIns(clock=99)
DEBUG flower 2021-04-08 10:34:08,119 | numpy_client.py:260 | cached_clock: 93, curr_clock: 99
INFO flower 2021-04-08 10:34:08,119 | numpy_client.py:184 | Cache is stale, return ReadIns
DEBUG flower 2021-04-08 10:34:12,556 | numpy_client.py:228 | read: ReadRes(clock=94)
DEBUG flower 2021-04-08 10:34:12,564 | numpy_client.py:172 | fit, FitIns(clock=99)
DEBUG flower 2021-04-08 10:34:12,564 | numpy_client.py:260 | cached_clock: 94, curr_clock: 99
INFO flower 2021-04-08 10:34:16,102 | numpy_client.py:205 | Cache is fresh, return FitRes(clock=99)
DEBUG flower 2021-04-08 10:34:16,102 | numpy_client.py:217 | The client finishes computing after 1300 seconds
INFO flower 2021-04-08 10:35:39,228 | numpy_client.py:250 | [32;1m Loss: 7.513, Accuracy: 69.231%[0m
DEBUG flower 2021-04-08 10:35:40,207 | connection.py:68 | Insecure gRPC channel closed
INFO flower 2021-04-08 10:35:40,207 | app.py:74 | Disconnect and shut down
Namespace(idx=3, max_delay=0, min_delay=0, num_clients=31, server_ip='10.244.29.27:8080', staleness_bound=5)
I'm client 3
Start SSP client without delay
Files already downloaded and verified
Files already downloaded and verified
[32;1mClient 3: 2184 train samples, 247 test samples[0m
loss=155.57631945610046, acc=0.11458333333333333
loss=146.21302378177643, acc=0.19746376811594202
loss=124.73364531993866, acc=0.1983695652173913
loss=112.21429121494293, acc=0.24592391304347827
loss=110.7359367609024, acc=0.26222826086956524
loss=107.7280603647232, acc=0.30978260869565216
loss=106.37772750854492, acc=0.3197463768115942
loss=104.47717666625977, acc=0.353713768115942
loss=152.36816227436066, acc=0.22146739130434784
loss=181.47022104263306, acc=0.19791666666666666
loss=134.59196388721466, acc=0.2368659420289855
loss=108.18805575370789, acc=0.31567028985507245
loss=132.1017495393753, acc=0.24954710144927536
loss=107.19956886768341, acc=0.33967391304347827
loss=126.75358259677887, acc=0.3111413043478261
loss=124.64610683917999, acc=0.3451086956521739
loss=123.67291331291199, acc=0.34556159420289856
loss=120.58556842803955, acc=0.36684782608695654
loss=119.18247175216675, acc=0.3822463768115942
loss=118.73984098434448, acc=0.38179347826086957
loss=118.98188090324402, acc=0.38722826086956524
loss=118.1194566488266, acc=0.4008152173913043
loss=118.2033280134201, acc=0.4053442028985507
loss=118.6135436296463, acc=0.4076086956521739
loss=91.4672087430954, acc=0.4583333333333333
loss=88.46689575910568, acc=0.4692028985507246
loss=87.01896983385086, acc=0.4805253623188406
loss=102.70793962478638, acc=0.4601449275362319
loss=85.2647208571434, acc=0.49230072463768115
loss=99.83161157369614, acc=0.45561594202898553
loss=101.39548981189728, acc=0.47101449275362317
loss=102.57559949159622, acc=0.4429347826086957
loss=99.96404308080673, acc=0.45652173913043476
loss=101.17557734251022, acc=0.4433876811594203
loss=100.85801076889038, acc=0.4601449275362319
loss=102.85417193174362, acc=0.44519927536231885
loss=100.35528194904327, acc=0.45606884057971014
loss=81.96615183353424, acc=0.5104166666666666
loss=96.27357721328735, acc=0.46557971014492755
loss=81.53892916440964, acc=0.5226449275362319
loss=79.77337336540222, acc=0.5262681159420289
loss=95.06120973825455, acc=0.4759963768115942
loss=97.35136651992798, acc=0.48007246376811596
loss=96.12295520305634, acc=0.48596014492753625
loss=97.16354846954346, acc=0.48097826086956524
loss=79.51088482141495, acc=0.532608695652174
loss=77.90711981058121, acc=0.5466485507246377
loss=94.01769417524338, acc=0.48596014492753625
loss=79.183498442173, acc=0.551177536231884
loss=94.29548859596252, acc=0.45742753623188404
loss=78.05211877822876, acc=0.5552536231884058
loss=75.83027350902557, acc=0.5502717391304348
loss=75.54738163948059, acc=0.5538949275362319
loss=90.07328075170517, acc=0.49728260869565216
loss=91.29710751771927, acc=0.5076992753623188
loss=91.45194959640503, acc=0.5122282608695652
loss=75.67499166727066, acc=0.5579710144927537
loss=75.61555951833725, acc=0.5615942028985508
loss=88.97928762435913, acc=0.5036231884057971
loss=91.1363314986229, acc=0.5081521739130435
loss=91.45330446958542, acc=0.5086050724637681
loss=92.2830200791359, acc=0.5149456521739131
loss=90.37900024652481, acc=0.5167572463768116
loss=89.79087197780609, acc=0.5294384057971014
loss=91.7292839884758, acc=0.5031702898550725
loss=91.44623184204102, acc=0.5108695652173914
loss=90.8673437833786, acc=0.5194746376811594
loss=91.5182757973671, acc=0.5217391304347826
loss=92.1883595585823, acc=0.5190217391304348
loss=74.58039379119873, acc=0.5715579710144928
loss=87.71648681163788, acc=0.5153985507246377
loss=88.31734895706177, acc=0.5181159420289855
loss=90.0730397105217, acc=0.5172101449275363
loss=89.69073337316513, acc=0.5190217391304348
loss=91.743681371212, acc=0.5140398550724637
loss=89.61815857887268, acc=0.5253623188405797
loss=89.28768301010132, acc=0.5330615942028986
loss=91.2290466427803, acc=0.5321557971014492
loss=91.81194025278091, acc=0.5181159420289855
loss=90.16412162780762, acc=0.5167572463768116
loss=73.0292180776596, acc=0.5860507246376812
loss=86.89142715930939, acc=0.5289855072463768
loss=84.92351514101028, acc=0.5307971014492754
loss=72.16381692886353, acc=0.5760869565217391
loss=84.73844027519226, acc=0.5362318840579711
loss=71.26710999011993, acc=0.595108695652174
loss=81.47854506969452, acc=0.5480072463768116
loss=70.82469016313553, acc=0.5919384057971014
loss=83.00603461265564, acc=0.5330615942028986
loss=81.8895263671875, acc=0.541213768115942
loss=70.53234881162643, acc=0.5932971014492754
loss=69.98846572637558, acc=0.592391304347826
loss=80.18802517652512, acc=0.5674818840579711
loss=69.74919295310974, acc=0.6041666666666666
loss=80.17329829931259, acc=0.5606884057971014
loss=69.03311973810196, acc=0.613677536231884
loss=67.92372649908066, acc=0.6204710144927537
loss=77.47747266292572, acc=0.5747282608695652
loss=78.29858189821243, acc=0.5711050724637681
loss=80.84081697463989, acc=0.5543478260869565
Files already downloaded and verified
Files already downloaded and verified
Testing on full test set: 313, 1444.056717157364, 0.3204
Testing on partial test set: 8, 7.513212978839874, 0.6923076923076923
