DEBUG flower 2021-04-08 10:12:26,033 | connection.py:36 | ChannelConnectivity.IDLE
INFO flower 2021-04-08 10:12:26,035 | app.py:63 | Opened (insecure) gRPC connection
DEBUG flower 2021-04-08 10:12:26,036 | connection.py:36 | ChannelConnectivity.CONNECTING
DEBUG flower 2021-04-08 10:12:26,072 | connection.py:36 | ChannelConnectivity.READY
DEBUG flower 2021-04-08 10:12:34,885 | numpy_client.py:172 | fit, FitIns(clock=0)
INFO flower 2021-04-08 10:12:34,885 | numpy_client.py:184 | Cache is stale, return ReadIns
DEBUG flower 2021-04-08 10:12:35,061 | numpy_client.py:228 | read: ReadRes(clock=-1)
DEBUG flower 2021-04-08 10:12:35,083 | numpy_client.py:172 | fit, FitIns(clock=0)
DEBUG flower 2021-04-08 10:12:35,083 | numpy_client.py:260 | cached_clock: -1, curr_clock: 0
INFO flower 2021-04-08 10:12:38,528 | numpy_client.py:205 | Cache is fresh, return FitRes(clock=0)
DEBUG flower 2021-04-08 10:12:38,550 | numpy_client.py:172 | fit, FitIns(clock=1)
DEBUG flower 2021-04-08 10:12:38,550 | numpy_client.py:260 | cached_clock: -1, curr_clock: 1
INFO flower 2021-04-08 10:12:41,909 | numpy_client.py:205 | Cache is fresh, return FitRes(clock=1)
DEBUG flower 2021-04-08 10:12:49,432 | numpy_client.py:172 | fit, FitIns(clock=2)
DEBUG flower 2021-04-08 10:12:49,432 | numpy_client.py:260 | cached_clock: -1, curr_clock: 2
INFO flower 2021-04-08 10:12:52,906 | numpy_client.py:205 | Cache is fresh, return FitRes(clock=2)
DEBUG flower 2021-04-08 10:12:52,929 | numpy_client.py:172 | fit, FitIns(clock=3)
DEBUG flower 2021-04-08 10:12:52,929 | numpy_client.py:260 | cached_clock: -1, curr_clock: 3
INFO flower 2021-04-08 10:12:56,420 | numpy_client.py:205 | Cache is fresh, return FitRes(clock=3)
DEBUG flower 2021-04-08 10:13:02,836 | numpy_client.py:172 | fit, FitIns(clock=4)
DEBUG flower 2021-04-08 10:13:02,836 | numpy_client.py:260 | cached_clock: -1, curr_clock: 4
INFO flower 2021-04-08 10:13:06,115 | numpy_client.py:205 | Cache is fresh, return FitRes(clock=4)
DEBUG flower 2021-04-08 10:13:06,137 | numpy_client.py:172 | fit, FitIns(clock=5)
DEBUG flower 2021-04-08 10:13:06,137 | numpy_client.py:260 | cached_clock: -1, curr_clock: 5
INFO flower 2021-04-08 10:13:06,137 | numpy_client.py:184 | Cache is stale, return ReadIns
DEBUG flower 2021-04-08 10:13:06,177 | numpy_client.py:228 | read: ReadRes(clock=1)
DEBUG flower 2021-04-08 10:13:06,185 | numpy_client.py:172 | fit, FitIns(clock=5)
DEBUG flower 2021-04-08 10:13:06,185 | numpy_client.py:260 | cached_clock: 1, curr_clock: 5
INFO flower 2021-04-08 10:13:09,514 | numpy_client.py:205 | Cache is fresh, return FitRes(clock=5)
DEBUG flower 2021-04-08 10:13:16,360 | numpy_client.py:172 | fit, FitIns(clock=6)
DEBUG flower 2021-04-08 10:13:16,360 | numpy_client.py:260 | cached_clock: 1, curr_clock: 6
INFO flower 2021-04-08 10:13:19,725 | numpy_client.py:205 | Cache is fresh, return FitRes(clock=6)
DEBUG flower 2021-04-08 10:13:19,749 | numpy_client.py:172 | fit, FitIns(clock=7)
DEBUG flower 2021-04-08 10:13:19,749 | numpy_client.py:260 | cached_clock: 1, curr_clock: 7
INFO flower 2021-04-08 10:13:19,749 | numpy_client.py:184 | Cache is stale, return ReadIns
DEBUG flower 2021-04-08 10:13:19,781 | numpy_client.py:228 | read: ReadRes(clock=2)
DEBUG flower 2021-04-08 10:13:19,788 | numpy_client.py:172 | fit, FitIns(clock=7)
DEBUG flower 2021-04-08 10:13:19,788 | numpy_client.py:260 | cached_clock: 2, curr_clock: 7
INFO flower 2021-04-08 10:13:23,124 | numpy_client.py:205 | Cache is fresh, return FitRes(clock=7)
DEBUG flower 2021-04-08 10:13:29,688 | numpy_client.py:172 | fit, FitIns(clock=8)
DEBUG flower 2021-04-08 10:13:29,689 | numpy_client.py:260 | cached_clock: 2, curr_clock: 8
INFO flower 2021-04-08 10:13:29,689 | numpy_client.py:184 | Cache is stale, return ReadIns
DEBUG flower 2021-04-08 10:13:29,720 | numpy_client.py:228 | read: ReadRes(clock=3)
DEBUG flower 2021-04-08 10:13:29,727 | numpy_client.py:172 | fit, FitIns(clock=8)
DEBUG flower 2021-04-08 10:13:29,728 | numpy_client.py:260 | cached_clock: 3, curr_clock: 8
INFO flower 2021-04-08 10:13:32,939 | numpy_client.py:205 | Cache is fresh, return FitRes(clock=8)
DEBUG flower 2021-04-08 10:13:32,961 | numpy_client.py:172 | fit, FitIns(clock=9)
DEBUG flower 2021-04-08 10:13:32,961 | numpy_client.py:260 | cached_clock: 3, curr_clock: 9
INFO flower 2021-04-08 10:13:32,961 | numpy_client.py:184 | Cache is stale, return ReadIns
DEBUG flower 2021-04-08 10:13:34,607 | numpy_client.py:228 | read: ReadRes(clock=4)
DEBUG flower 2021-04-08 10:13:34,614 | numpy_client.py:172 | fit, FitIns(clock=9)
DEBUG flower 2021-04-08 10:13:34,614 | numpy_client.py:260 | cached_clock: 4, curr_clock: 9
INFO flower 2021-04-08 10:13:38,107 | numpy_client.py:205 | Cache is fresh, return FitRes(clock=9)
DEBUG flower 2021-04-08 10:13:43,723 | numpy_client.py:172 | fit, FitIns(clock=10)
DEBUG flower 2021-04-08 10:13:43,723 | numpy_client.py:260 | cached_clock: 4, curr_clock: 10
INFO flower 2021-04-08 10:13:43,724 | numpy_client.py:184 | Cache is stale, return ReadIns
DEBUG flower 2021-04-08 10:13:48,705 | numpy_client.py:228 | read: ReadRes(clock=5)
DEBUG flower 2021-04-08 10:13:48,713 | numpy_client.py:172 | fit, FitIns(clock=10)
DEBUG flower 2021-04-08 10:13:48,713 | numpy_client.py:260 | cached_clock: 5, curr_clock: 10
INFO flower 2021-04-08 10:13:52,006 | numpy_client.py:205 | Cache is fresh, return FitRes(clock=10)
DEBUG flower 2021-04-08 10:13:57,853 | numpy_client.py:172 | fit, FitIns(clock=11)
DEBUG flower 2021-04-08 10:13:57,853 | numpy_client.py:260 | cached_clock: 5, curr_clock: 11
INFO flower 2021-04-08 10:13:57,853 | numpy_client.py:184 | Cache is stale, return ReadIns
DEBUG flower 2021-04-08 10:14:02,654 | numpy_client.py:228 | read: ReadRes(clock=6)
DEBUG flower 2021-04-08 10:14:02,663 | numpy_client.py:172 | fit, FitIns(clock=11)
DEBUG flower 2021-04-08 10:14:02,663 | numpy_client.py:260 | cached_clock: 6, curr_clock: 11
INFO flower 2021-04-08 10:14:06,208 | numpy_client.py:205 | Cache is fresh, return FitRes(clock=11)
DEBUG flower 2021-04-08 10:14:11,939 | numpy_client.py:172 | fit, FitIns(clock=12)
DEBUG flower 2021-04-08 10:14:11,939 | numpy_client.py:260 | cached_clock: 6, curr_clock: 12
INFO flower 2021-04-08 10:14:11,939 | numpy_client.py:184 | Cache is stale, return ReadIns
DEBUG flower 2021-04-08 10:14:16,741 | numpy_client.py:228 | read: ReadRes(clock=7)
DEBUG flower 2021-04-08 10:14:16,749 | numpy_client.py:172 | fit, FitIns(clock=12)
DEBUG flower 2021-04-08 10:14:16,749 | numpy_client.py:260 | cached_clock: 7, curr_clock: 12
INFO flower 2021-04-08 10:14:20,210 | numpy_client.py:205 | Cache is fresh, return FitRes(clock=12)
DEBUG flower 2021-04-08 10:14:25,827 | numpy_client.py:172 | fit, FitIns(clock=13)
DEBUG flower 2021-04-08 10:14:25,827 | numpy_client.py:260 | cached_clock: 7, curr_clock: 13
INFO flower 2021-04-08 10:14:25,827 | numpy_client.py:184 | Cache is stale, return ReadIns
DEBUG flower 2021-04-08 10:14:30,261 | numpy_client.py:228 | read: ReadRes(clock=8)
DEBUG flower 2021-04-08 10:14:30,268 | numpy_client.py:172 | fit, FitIns(clock=13)
DEBUG flower 2021-04-08 10:14:30,268 | numpy_client.py:260 | cached_clock: 8, curr_clock: 13
INFO flower 2021-04-08 10:14:33,708 | numpy_client.py:205 | Cache is fresh, return FitRes(clock=13)
DEBUG flower 2021-04-08 10:14:39,505 | numpy_client.py:172 | fit, FitIns(clock=14)
DEBUG flower 2021-04-08 10:14:39,505 | numpy_client.py:260 | cached_clock: 8, curr_clock: 14
INFO flower 2021-04-08 10:14:39,505 | numpy_client.py:184 | Cache is stale, return ReadIns
DEBUG flower 2021-04-08 10:14:44,132 | numpy_client.py:228 | read: ReadRes(clock=9)
DEBUG flower 2021-04-08 10:14:44,140 | numpy_client.py:172 | fit, FitIns(clock=14)
DEBUG flower 2021-04-08 10:14:44,140 | numpy_client.py:260 | cached_clock: 9, curr_clock: 14
INFO flower 2021-04-08 10:14:47,531 | numpy_client.py:205 | Cache is fresh, return FitRes(clock=14)
DEBUG flower 2021-04-08 10:14:52,970 | numpy_client.py:172 | fit, FitIns(clock=15)
DEBUG flower 2021-04-08 10:14:52,970 | numpy_client.py:260 | cached_clock: 9, curr_clock: 15
INFO flower 2021-04-08 10:14:52,970 | numpy_client.py:184 | Cache is stale, return ReadIns
DEBUG flower 2021-04-08 10:14:57,937 | numpy_client.py:228 | read: ReadRes(clock=10)
DEBUG flower 2021-04-08 10:14:57,944 | numpy_client.py:172 | fit, FitIns(clock=15)
DEBUG flower 2021-04-08 10:14:57,944 | numpy_client.py:260 | cached_clock: 10, curr_clock: 15
INFO flower 2021-04-08 10:15:01,221 | numpy_client.py:205 | Cache is fresh, return FitRes(clock=15)
DEBUG flower 2021-04-08 10:15:06,907 | numpy_client.py:172 | fit, FitIns(clock=16)
DEBUG flower 2021-04-08 10:15:06,908 | numpy_client.py:260 | cached_clock: 10, curr_clock: 16
INFO flower 2021-04-08 10:15:06,908 | numpy_client.py:184 | Cache is stale, return ReadIns
DEBUG flower 2021-04-08 10:15:11,305 | numpy_client.py:228 | read: ReadRes(clock=11)
DEBUG flower 2021-04-08 10:15:11,312 | numpy_client.py:172 | fit, FitIns(clock=16)
DEBUG flower 2021-04-08 10:15:11,313 | numpy_client.py:260 | cached_clock: 11, curr_clock: 16
INFO flower 2021-04-08 10:15:14,612 | numpy_client.py:205 | Cache is fresh, return FitRes(clock=16)
DEBUG flower 2021-04-08 10:15:20,215 | numpy_client.py:172 | fit, FitIns(clock=17)
DEBUG flower 2021-04-08 10:15:20,215 | numpy_client.py:260 | cached_clock: 11, curr_clock: 17
INFO flower 2021-04-08 10:15:20,215 | numpy_client.py:184 | Cache is stale, return ReadIns
DEBUG flower 2021-04-08 10:15:25,149 | numpy_client.py:228 | read: ReadRes(clock=12)
DEBUG flower 2021-04-08 10:15:25,156 | numpy_client.py:172 | fit, FitIns(clock=17)
DEBUG flower 2021-04-08 10:15:25,156 | numpy_client.py:260 | cached_clock: 12, curr_clock: 17
INFO flower 2021-04-08 10:15:28,451 | numpy_client.py:205 | Cache is fresh, return FitRes(clock=17)
DEBUG flower 2021-04-08 10:15:34,225 | numpy_client.py:172 | fit, FitIns(clock=18)
DEBUG flower 2021-04-08 10:15:34,225 | numpy_client.py:260 | cached_clock: 12, curr_clock: 18
INFO flower 2021-04-08 10:15:34,225 | numpy_client.py:184 | Cache is stale, return ReadIns
DEBUG flower 2021-04-08 10:15:38,559 | numpy_client.py:228 | read: ReadRes(clock=13)
DEBUG flower 2021-04-08 10:15:38,567 | numpy_client.py:172 | fit, FitIns(clock=18)
DEBUG flower 2021-04-08 10:15:38,567 | numpy_client.py:260 | cached_clock: 13, curr_clock: 18
INFO flower 2021-04-08 10:15:42,027 | numpy_client.py:205 | Cache is fresh, return FitRes(clock=18)
DEBUG flower 2021-04-08 10:15:47,706 | numpy_client.py:172 | fit, FitIns(clock=19)
DEBUG flower 2021-04-08 10:15:47,706 | numpy_client.py:260 | cached_clock: 13, curr_clock: 19
INFO flower 2021-04-08 10:15:47,707 | numpy_client.py:184 | Cache is stale, return ReadIns
DEBUG flower 2021-04-08 10:15:52,340 | numpy_client.py:228 | read: ReadRes(clock=14)
DEBUG flower 2021-04-08 10:15:52,347 | numpy_client.py:172 | fit, FitIns(clock=19)
DEBUG flower 2021-04-08 10:15:52,347 | numpy_client.py:260 | cached_clock: 14, curr_clock: 19
INFO flower 2021-04-08 10:15:55,619 | numpy_client.py:205 | Cache is fresh, return FitRes(clock=19)
DEBUG flower 2021-04-08 10:16:01,391 | numpy_client.py:172 | fit, FitIns(clock=20)
DEBUG flower 2021-04-08 10:16:01,392 | numpy_client.py:260 | cached_clock: 14, curr_clock: 20
INFO flower 2021-04-08 10:16:01,392 | numpy_client.py:184 | Cache is stale, return ReadIns
DEBUG flower 2021-04-08 10:16:06,138 | numpy_client.py:228 | read: ReadRes(clock=15)
DEBUG flower 2021-04-08 10:16:06,145 | numpy_client.py:172 | fit, FitIns(clock=20)
DEBUG flower 2021-04-08 10:16:06,145 | numpy_client.py:260 | cached_clock: 15, curr_clock: 20
INFO flower 2021-04-08 10:16:09,543 | numpy_client.py:205 | Cache is fresh, return FitRes(clock=20)
DEBUG flower 2021-04-08 10:16:15,111 | numpy_client.py:172 | fit, FitIns(clock=21)
DEBUG flower 2021-04-08 10:16:15,111 | numpy_client.py:260 | cached_clock: 15, curr_clock: 21
INFO flower 2021-04-08 10:16:15,112 | numpy_client.py:184 | Cache is stale, return ReadIns
DEBUG flower 2021-04-08 10:16:19,606 | numpy_client.py:228 | read: ReadRes(clock=16)
DEBUG flower 2021-04-08 10:16:19,613 | numpy_client.py:172 | fit, FitIns(clock=21)
DEBUG flower 2021-04-08 10:16:19,613 | numpy_client.py:260 | cached_clock: 16, curr_clock: 21
INFO flower 2021-04-08 10:16:22,841 | numpy_client.py:205 | Cache is fresh, return FitRes(clock=21)
DEBUG flower 2021-04-08 10:16:28,405 | numpy_client.py:172 | fit, FitIns(clock=22)
DEBUG flower 2021-04-08 10:16:28,405 | numpy_client.py:260 | cached_clock: 16, curr_clock: 22
INFO flower 2021-04-08 10:16:28,405 | numpy_client.py:184 | Cache is stale, return ReadIns
DEBUG flower 2021-04-08 10:16:32,756 | numpy_client.py:228 | read: ReadRes(clock=17)
DEBUG flower 2021-04-08 10:16:32,763 | numpy_client.py:172 | fit, FitIns(clock=22)
DEBUG flower 2021-04-08 10:16:32,763 | numpy_client.py:260 | cached_clock: 17, curr_clock: 22
INFO flower 2021-04-08 10:16:36,133 | numpy_client.py:205 | Cache is fresh, return FitRes(clock=22)
DEBUG flower 2021-04-08 10:16:41,927 | numpy_client.py:172 | fit, FitIns(clock=23)
DEBUG flower 2021-04-08 10:16:41,927 | numpy_client.py:260 | cached_clock: 17, curr_clock: 23
INFO flower 2021-04-08 10:16:41,928 | numpy_client.py:184 | Cache is stale, return ReadIns
DEBUG flower 2021-04-08 10:16:46,018 | numpy_client.py:228 | read: ReadRes(clock=18)
DEBUG flower 2021-04-08 10:16:46,025 | numpy_client.py:172 | fit, FitIns(clock=23)
DEBUG flower 2021-04-08 10:16:46,025 | numpy_client.py:260 | cached_clock: 18, curr_clock: 23
INFO flower 2021-04-08 10:16:49,525 | numpy_client.py:205 | Cache is fresh, return FitRes(clock=23)
DEBUG flower 2021-04-08 10:16:54,776 | numpy_client.py:172 | fit, FitIns(clock=24)
DEBUG flower 2021-04-08 10:16:54,776 | numpy_client.py:260 | cached_clock: 18, curr_clock: 24
INFO flower 2021-04-08 10:16:54,776 | numpy_client.py:184 | Cache is stale, return ReadIns
DEBUG flower 2021-04-08 10:16:59,837 | numpy_client.py:228 | read: ReadRes(clock=19)
DEBUG flower 2021-04-08 10:16:59,844 | numpy_client.py:172 | fit, FitIns(clock=24)
DEBUG flower 2021-04-08 10:16:59,844 | numpy_client.py:260 | cached_clock: 19, curr_clock: 24
INFO flower 2021-04-08 10:17:03,042 | numpy_client.py:205 | Cache is fresh, return FitRes(clock=24)
DEBUG flower 2021-04-08 10:17:08,622 | numpy_client.py:172 | fit, FitIns(clock=25)
DEBUG flower 2021-04-08 10:17:08,622 | numpy_client.py:260 | cached_clock: 19, curr_clock: 25
INFO flower 2021-04-08 10:17:08,622 | numpy_client.py:184 | Cache is stale, return ReadIns
DEBUG flower 2021-04-08 10:17:13,021 | numpy_client.py:228 | read: ReadRes(clock=20)
DEBUG flower 2021-04-08 10:17:13,028 | numpy_client.py:172 | fit, FitIns(clock=25)
DEBUG flower 2021-04-08 10:17:13,029 | numpy_client.py:260 | cached_clock: 20, curr_clock: 25
INFO flower 2021-04-08 10:17:16,310 | numpy_client.py:205 | Cache is fresh, return FitRes(clock=25)
DEBUG flower 2021-04-08 10:17:22,155 | numpy_client.py:172 | fit, FitIns(clock=26)
DEBUG flower 2021-04-08 10:17:22,156 | numpy_client.py:260 | cached_clock: 20, curr_clock: 26
INFO flower 2021-04-08 10:17:22,156 | numpy_client.py:184 | Cache is stale, return ReadIns
DEBUG flower 2021-04-08 10:17:26,839 | numpy_client.py:228 | read: ReadRes(clock=21)
DEBUG flower 2021-04-08 10:17:26,846 | numpy_client.py:172 | fit, FitIns(clock=26)
DEBUG flower 2021-04-08 10:17:26,846 | numpy_client.py:260 | cached_clock: 21, curr_clock: 26
INFO flower 2021-04-08 10:17:30,215 | numpy_client.py:205 | Cache is fresh, return FitRes(clock=26)
DEBUG flower 2021-04-08 10:17:36,054 | numpy_client.py:172 | fit, FitIns(clock=27)
DEBUG flower 2021-04-08 10:17:36,055 | numpy_client.py:260 | cached_clock: 21, curr_clock: 27
INFO flower 2021-04-08 10:17:36,055 | numpy_client.py:184 | Cache is stale, return ReadIns
DEBUG flower 2021-04-08 10:17:40,435 | numpy_client.py:228 | read: ReadRes(clock=22)
DEBUG flower 2021-04-08 10:17:40,443 | numpy_client.py:172 | fit, FitIns(clock=27)
DEBUG flower 2021-04-08 10:17:40,443 | numpy_client.py:260 | cached_clock: 22, curr_clock: 27
INFO flower 2021-04-08 10:17:43,724 | numpy_client.py:205 | Cache is fresh, return FitRes(clock=27)
DEBUG flower 2021-04-08 10:17:49,722 | numpy_client.py:172 | fit, FitIns(clock=28)
DEBUG flower 2021-04-08 10:17:49,722 | numpy_client.py:260 | cached_clock: 22, curr_clock: 28
INFO flower 2021-04-08 10:17:49,722 | numpy_client.py:184 | Cache is stale, return ReadIns
DEBUG flower 2021-04-08 10:17:54,351 | numpy_client.py:228 | read: ReadRes(clock=23)
DEBUG flower 2021-04-08 10:17:54,362 | numpy_client.py:172 | fit, FitIns(clock=28)
DEBUG flower 2021-04-08 10:17:54,362 | numpy_client.py:260 | cached_clock: 23, curr_clock: 28
INFO flower 2021-04-08 10:17:57,806 | numpy_client.py:205 | Cache is fresh, return FitRes(clock=28)
DEBUG flower 2021-04-08 10:18:03,444 | numpy_client.py:172 | fit, FitIns(clock=29)
DEBUG flower 2021-04-08 10:18:03,444 | numpy_client.py:260 | cached_clock: 23, curr_clock: 29
INFO flower 2021-04-08 10:18:03,444 | numpy_client.py:184 | Cache is stale, return ReadIns
DEBUG flower 2021-04-08 10:18:08,053 | numpy_client.py:228 | read: ReadRes(clock=24)
DEBUG flower 2021-04-08 10:18:08,061 | numpy_client.py:172 | fit, FitIns(clock=29)
DEBUG flower 2021-04-08 10:18:08,061 | numpy_client.py:260 | cached_clock: 24, curr_clock: 29
INFO flower 2021-04-08 10:18:11,410 | numpy_client.py:205 | Cache is fresh, return FitRes(clock=29)
DEBUG flower 2021-04-08 10:18:17,139 | numpy_client.py:172 | fit, FitIns(clock=30)
DEBUG flower 2021-04-08 10:18:17,139 | numpy_client.py:260 | cached_clock: 24, curr_clock: 30
INFO flower 2021-04-08 10:18:17,140 | numpy_client.py:184 | Cache is stale, return ReadIns
DEBUG flower 2021-04-08 10:18:21,746 | numpy_client.py:228 | read: ReadRes(clock=25)
DEBUG flower 2021-04-08 10:18:21,754 | numpy_client.py:172 | fit, FitIns(clock=30)
DEBUG flower 2021-04-08 10:18:21,754 | numpy_client.py:260 | cached_clock: 25, curr_clock: 30
INFO flower 2021-04-08 10:18:25,146 | numpy_client.py:205 | Cache is fresh, return FitRes(clock=30)
DEBUG flower 2021-04-08 10:18:30,627 | numpy_client.py:172 | fit, FitIns(clock=31)
DEBUG flower 2021-04-08 10:18:30,627 | numpy_client.py:260 | cached_clock: 25, curr_clock: 31
INFO flower 2021-04-08 10:18:30,628 | numpy_client.py:184 | Cache is stale, return ReadIns
DEBUG flower 2021-04-08 10:18:35,438 | numpy_client.py:228 | read: ReadRes(clock=26)
DEBUG flower 2021-04-08 10:18:35,445 | numpy_client.py:172 | fit, FitIns(clock=31)
DEBUG flower 2021-04-08 10:18:35,445 | numpy_client.py:260 | cached_clock: 26, curr_clock: 31
INFO flower 2021-04-08 10:18:38,922 | numpy_client.py:205 | Cache is fresh, return FitRes(clock=31)
DEBUG flower 2021-04-08 10:18:44,500 | numpy_client.py:172 | fit, FitIns(clock=32)
DEBUG flower 2021-04-08 10:18:44,501 | numpy_client.py:260 | cached_clock: 26, curr_clock: 32
INFO flower 2021-04-08 10:18:44,501 | numpy_client.py:184 | Cache is stale, return ReadIns
DEBUG flower 2021-04-08 10:18:49,020 | numpy_client.py:228 | read: ReadRes(clock=27)
DEBUG flower 2021-04-08 10:18:49,027 | numpy_client.py:172 | fit, FitIns(clock=32)
DEBUG flower 2021-04-08 10:18:49,027 | numpy_client.py:260 | cached_clock: 27, curr_clock: 32
INFO flower 2021-04-08 10:18:52,415 | numpy_client.py:205 | Cache is fresh, return FitRes(clock=32)
DEBUG flower 2021-04-08 10:18:58,091 | numpy_client.py:172 | fit, FitIns(clock=33)
DEBUG flower 2021-04-08 10:18:58,092 | numpy_client.py:260 | cached_clock: 27, curr_clock: 33
INFO flower 2021-04-08 10:18:58,092 | numpy_client.py:184 | Cache is stale, return ReadIns
DEBUG flower 2021-04-08 10:19:02,356 | numpy_client.py:228 | read: ReadRes(clock=28)
DEBUG flower 2021-04-08 10:19:02,363 | numpy_client.py:172 | fit, FitIns(clock=33)
DEBUG flower 2021-04-08 10:19:02,363 | numpy_client.py:260 | cached_clock: 28, curr_clock: 33
INFO flower 2021-04-08 10:19:05,630 | numpy_client.py:205 | Cache is fresh, return FitRes(clock=33)
DEBUG flower 2021-04-08 10:19:11,602 | numpy_client.py:172 | fit, FitIns(clock=34)
DEBUG flower 2021-04-08 10:19:11,603 | numpy_client.py:260 | cached_clock: 28, curr_clock: 34
INFO flower 2021-04-08 10:19:11,603 | numpy_client.py:184 | Cache is stale, return ReadIns
DEBUG flower 2021-04-08 10:19:16,038 | numpy_client.py:228 | read: ReadRes(clock=29)
DEBUG flower 2021-04-08 10:19:16,045 | numpy_client.py:172 | fit, FitIns(clock=34)
DEBUG flower 2021-04-08 10:19:16,045 | numpy_client.py:260 | cached_clock: 29, curr_clock: 34
INFO flower 2021-04-08 10:19:19,426 | numpy_client.py:205 | Cache is fresh, return FitRes(clock=34)
DEBUG flower 2021-04-08 10:19:25,004 | numpy_client.py:172 | fit, FitIns(clock=35)
DEBUG flower 2021-04-08 10:19:25,004 | numpy_client.py:260 | cached_clock: 29, curr_clock: 35
INFO flower 2021-04-08 10:19:25,004 | numpy_client.py:184 | Cache is stale, return ReadIns
DEBUG flower 2021-04-08 10:19:29,505 | numpy_client.py:228 | read: ReadRes(clock=30)
DEBUG flower 2021-04-08 10:19:29,513 | numpy_client.py:172 | fit, FitIns(clock=35)
DEBUG flower 2021-04-08 10:19:29,513 | numpy_client.py:260 | cached_clock: 30, curr_clock: 35
INFO flower 2021-04-08 10:19:32,930 | numpy_client.py:205 | Cache is fresh, return FitRes(clock=35)
DEBUG flower 2021-04-08 10:19:39,186 | numpy_client.py:172 | fit, FitIns(clock=36)
DEBUG flower 2021-04-08 10:19:39,186 | numpy_client.py:260 | cached_clock: 30, curr_clock: 36
INFO flower 2021-04-08 10:19:39,186 | numpy_client.py:184 | Cache is stale, return ReadIns
DEBUG flower 2021-04-08 10:19:43,690 | numpy_client.py:228 | read: ReadRes(clock=31)
DEBUG flower 2021-04-08 10:19:43,697 | numpy_client.py:172 | fit, FitIns(clock=36)
DEBUG flower 2021-04-08 10:19:43,697 | numpy_client.py:260 | cached_clock: 31, curr_clock: 36
INFO flower 2021-04-08 10:19:47,129 | numpy_client.py:205 | Cache is fresh, return FitRes(clock=36)
DEBUG flower 2021-04-08 10:19:52,837 | numpy_client.py:172 | fit, FitIns(clock=37)
DEBUG flower 2021-04-08 10:19:52,837 | numpy_client.py:260 | cached_clock: 31, curr_clock: 37
INFO flower 2021-04-08 10:19:52,837 | numpy_client.py:184 | Cache is stale, return ReadIns
DEBUG flower 2021-04-08 10:19:57,181 | numpy_client.py:228 | read: ReadRes(clock=32)
DEBUG flower 2021-04-08 10:19:57,189 | numpy_client.py:172 | fit, FitIns(clock=37)
DEBUG flower 2021-04-08 10:19:57,189 | numpy_client.py:260 | cached_clock: 32, curr_clock: 37
INFO flower 2021-04-08 10:20:00,507 | numpy_client.py:205 | Cache is fresh, return FitRes(clock=37)
DEBUG flower 2021-04-08 10:20:06,324 | numpy_client.py:172 | fit, FitIns(clock=38)
DEBUG flower 2021-04-08 10:20:06,325 | numpy_client.py:260 | cached_clock: 32, curr_clock: 38
INFO flower 2021-04-08 10:20:06,325 | numpy_client.py:184 | Cache is stale, return ReadIns
DEBUG flower 2021-04-08 10:20:10,759 | numpy_client.py:228 | read: ReadRes(clock=33)
DEBUG flower 2021-04-08 10:20:10,766 | numpy_client.py:172 | fit, FitIns(clock=38)
DEBUG flower 2021-04-08 10:20:10,767 | numpy_client.py:260 | cached_clock: 33, curr_clock: 38
INFO flower 2021-04-08 10:20:14,046 | numpy_client.py:205 | Cache is fresh, return FitRes(clock=38)
DEBUG flower 2021-04-08 10:20:19,457 | numpy_client.py:172 | fit, FitIns(clock=39)
DEBUG flower 2021-04-08 10:20:19,457 | numpy_client.py:260 | cached_clock: 33, curr_clock: 39
INFO flower 2021-04-08 10:20:19,457 | numpy_client.py:184 | Cache is stale, return ReadIns
DEBUG flower 2021-04-08 10:20:23,925 | numpy_client.py:228 | read: ReadRes(clock=34)
DEBUG flower 2021-04-08 10:20:23,932 | numpy_client.py:172 | fit, FitIns(clock=39)
DEBUG flower 2021-04-08 10:20:23,932 | numpy_client.py:260 | cached_clock: 34, curr_clock: 39
INFO flower 2021-04-08 10:20:27,329 | numpy_client.py:205 | Cache is fresh, return FitRes(clock=39)
DEBUG flower 2021-04-08 10:20:32,705 | numpy_client.py:172 | fit, FitIns(clock=40)
DEBUG flower 2021-04-08 10:20:32,705 | numpy_client.py:260 | cached_clock: 34, curr_clock: 40
INFO flower 2021-04-08 10:20:32,706 | numpy_client.py:184 | Cache is stale, return ReadIns
DEBUG flower 2021-04-08 10:20:37,238 | numpy_client.py:228 | read: ReadRes(clock=35)
DEBUG flower 2021-04-08 10:20:37,246 | numpy_client.py:172 | fit, FitIns(clock=40)
DEBUG flower 2021-04-08 10:20:37,246 | numpy_client.py:260 | cached_clock: 35, curr_clock: 40
INFO flower 2021-04-08 10:20:40,613 | numpy_client.py:205 | Cache is fresh, return FitRes(clock=40)
DEBUG flower 2021-04-08 10:20:47,175 | numpy_client.py:172 | fit, FitIns(clock=41)
DEBUG flower 2021-04-08 10:20:47,175 | numpy_client.py:260 | cached_clock: 35, curr_clock: 41
INFO flower 2021-04-08 10:20:47,175 | numpy_client.py:184 | Cache is stale, return ReadIns
DEBUG flower 2021-04-08 10:20:51,606 | numpy_client.py:228 | read: ReadRes(clock=36)
DEBUG flower 2021-04-08 10:20:51,613 | numpy_client.py:172 | fit, FitIns(clock=41)
DEBUG flower 2021-04-08 10:20:51,613 | numpy_client.py:260 | cached_clock: 36, curr_clock: 41
INFO flower 2021-04-08 10:20:54,944 | numpy_client.py:205 | Cache is fresh, return FitRes(clock=41)
DEBUG flower 2021-04-08 10:21:00,678 | numpy_client.py:172 | fit, FitIns(clock=42)
DEBUG flower 2021-04-08 10:21:00,678 | numpy_client.py:260 | cached_clock: 36, curr_clock: 42
INFO flower 2021-04-08 10:21:00,678 | numpy_client.py:184 | Cache is stale, return ReadIns
DEBUG flower 2021-04-08 10:21:04,723 | numpy_client.py:228 | read: ReadRes(clock=37)
DEBUG flower 2021-04-08 10:21:04,730 | numpy_client.py:172 | fit, FitIns(clock=42)
DEBUG flower 2021-04-08 10:21:04,731 | numpy_client.py:260 | cached_clock: 37, curr_clock: 42
INFO flower 2021-04-08 10:21:08,221 | numpy_client.py:205 | Cache is fresh, return FitRes(clock=42)
DEBUG flower 2021-04-08 10:21:14,329 | numpy_client.py:172 | fit, FitIns(clock=43)
DEBUG flower 2021-04-08 10:21:14,329 | numpy_client.py:260 | cached_clock: 37, curr_clock: 43
INFO flower 2021-04-08 10:21:14,329 | numpy_client.py:184 | Cache is stale, return ReadIns
DEBUG flower 2021-04-08 10:21:18,660 | numpy_client.py:228 | read: ReadRes(clock=38)
DEBUG flower 2021-04-08 10:21:18,667 | numpy_client.py:172 | fit, FitIns(clock=43)
DEBUG flower 2021-04-08 10:21:18,667 | numpy_client.py:260 | cached_clock: 38, curr_clock: 43
INFO flower 2021-04-08 10:21:22,153 | numpy_client.py:205 | Cache is fresh, return FitRes(clock=43)
DEBUG flower 2021-04-08 10:21:28,210 | numpy_client.py:172 | fit, FitIns(clock=44)
DEBUG flower 2021-04-08 10:21:28,210 | numpy_client.py:260 | cached_clock: 38, curr_clock: 44
INFO flower 2021-04-08 10:21:28,210 | numpy_client.py:184 | Cache is stale, return ReadIns
DEBUG flower 2021-04-08 10:21:32,459 | numpy_client.py:228 | read: ReadRes(clock=39)
DEBUG flower 2021-04-08 10:21:32,466 | numpy_client.py:172 | fit, FitIns(clock=44)
DEBUG flower 2021-04-08 10:21:32,466 | numpy_client.py:260 | cached_clock: 39, curr_clock: 44
INFO flower 2021-04-08 10:21:35,911 | numpy_client.py:205 | Cache is fresh, return FitRes(clock=44)
DEBUG flower 2021-04-08 10:21:42,134 | numpy_client.py:172 | fit, FitIns(clock=45)
DEBUG flower 2021-04-08 10:21:42,134 | numpy_client.py:260 | cached_clock: 39, curr_clock: 45
INFO flower 2021-04-08 10:21:42,134 | numpy_client.py:184 | Cache is stale, return ReadIns
DEBUG flower 2021-04-08 10:21:46,936 | numpy_client.py:228 | read: ReadRes(clock=40)
DEBUG flower 2021-04-08 10:21:46,944 | numpy_client.py:172 | fit, FitIns(clock=45)
DEBUG flower 2021-04-08 10:21:46,944 | numpy_client.py:260 | cached_clock: 40, curr_clock: 45
INFO flower 2021-04-08 10:21:50,332 | numpy_client.py:205 | Cache is fresh, return FitRes(clock=45)
DEBUG flower 2021-04-08 10:21:56,232 | numpy_client.py:172 | fit, FitIns(clock=46)
DEBUG flower 2021-04-08 10:21:56,233 | numpy_client.py:260 | cached_clock: 40, curr_clock: 46
INFO flower 2021-04-08 10:21:56,233 | numpy_client.py:184 | Cache is stale, return ReadIns
DEBUG flower 2021-04-08 10:22:00,741 | numpy_client.py:228 | read: ReadRes(clock=41)
DEBUG flower 2021-04-08 10:22:00,748 | numpy_client.py:172 | fit, FitIns(clock=46)
DEBUG flower 2021-04-08 10:22:00,748 | numpy_client.py:260 | cached_clock: 41, curr_clock: 46
INFO flower 2021-04-08 10:22:04,235 | numpy_client.py:205 | Cache is fresh, return FitRes(clock=46)
DEBUG flower 2021-04-08 10:22:10,101 | numpy_client.py:172 | fit, FitIns(clock=47)
DEBUG flower 2021-04-08 10:22:10,101 | numpy_client.py:260 | cached_clock: 41, curr_clock: 47
INFO flower 2021-04-08 10:22:10,101 | numpy_client.py:184 | Cache is stale, return ReadIns
DEBUG flower 2021-04-08 10:22:14,505 | numpy_client.py:228 | read: ReadRes(clock=42)
DEBUG flower 2021-04-08 10:22:14,513 | numpy_client.py:172 | fit, FitIns(clock=47)
DEBUG flower 2021-04-08 10:22:14,513 | numpy_client.py:260 | cached_clock: 42, curr_clock: 47
INFO flower 2021-04-08 10:22:17,925 | numpy_client.py:205 | Cache is fresh, return FitRes(clock=47)
DEBUG flower 2021-04-08 10:22:23,470 | numpy_client.py:172 | fit, FitIns(clock=48)
DEBUG flower 2021-04-08 10:22:23,470 | numpy_client.py:260 | cached_clock: 42, curr_clock: 48
INFO flower 2021-04-08 10:22:23,470 | numpy_client.py:184 | Cache is stale, return ReadIns
DEBUG flower 2021-04-08 10:22:28,348 | numpy_client.py:228 | read: ReadRes(clock=43)
DEBUG flower 2021-04-08 10:22:28,355 | numpy_client.py:172 | fit, FitIns(clock=48)
DEBUG flower 2021-04-08 10:22:28,355 | numpy_client.py:260 | cached_clock: 43, curr_clock: 48
INFO flower 2021-04-08 10:22:31,915 | numpy_client.py:205 | Cache is fresh, return FitRes(clock=48)
DEBUG flower 2021-04-08 10:22:37,442 | numpy_client.py:172 | fit, FitIns(clock=49)
DEBUG flower 2021-04-08 10:22:37,442 | numpy_client.py:260 | cached_clock: 43, curr_clock: 49
INFO flower 2021-04-08 10:22:37,442 | numpy_client.py:184 | Cache is stale, return ReadIns
DEBUG flower 2021-04-08 10:22:42,140 | numpy_client.py:228 | read: ReadRes(clock=44)
DEBUG flower 2021-04-08 10:22:42,147 | numpy_client.py:172 | fit, FitIns(clock=49)
DEBUG flower 2021-04-08 10:22:42,147 | numpy_client.py:260 | cached_clock: 44, curr_clock: 49
INFO flower 2021-04-08 10:22:45,511 | numpy_client.py:205 | Cache is fresh, return FitRes(clock=49)
DEBUG flower 2021-04-08 10:22:51,216 | numpy_client.py:172 | fit, FitIns(clock=50)
DEBUG flower 2021-04-08 10:22:51,216 | numpy_client.py:260 | cached_clock: 44, curr_clock: 50
INFO flower 2021-04-08 10:22:51,216 | numpy_client.py:184 | Cache is stale, return ReadIns
DEBUG flower 2021-04-08 10:22:56,052 | numpy_client.py:228 | read: ReadRes(clock=45)
DEBUG flower 2021-04-08 10:22:56,060 | numpy_client.py:172 | fit, FitIns(clock=50)
DEBUG flower 2021-04-08 10:22:56,060 | numpy_client.py:260 | cached_clock: 45, curr_clock: 50
INFO flower 2021-04-08 10:22:59,510 | numpy_client.py:205 | Cache is fresh, return FitRes(clock=50)
DEBUG flower 2021-04-08 10:23:05,193 | numpy_client.py:172 | fit, FitIns(clock=51)
DEBUG flower 2021-04-08 10:23:05,193 | numpy_client.py:260 | cached_clock: 45, curr_clock: 51
INFO flower 2021-04-08 10:23:05,193 | numpy_client.py:184 | Cache is stale, return ReadIns
DEBUG flower 2021-04-08 10:23:10,430 | numpy_client.py:228 | read: ReadRes(clock=46)
DEBUG flower 2021-04-08 10:23:10,438 | numpy_client.py:172 | fit, FitIns(clock=51)
DEBUG flower 2021-04-08 10:23:10,438 | numpy_client.py:260 | cached_clock: 46, curr_clock: 51
INFO flower 2021-04-08 10:23:13,808 | numpy_client.py:205 | Cache is fresh, return FitRes(clock=51)
DEBUG flower 2021-04-08 10:23:19,696 | numpy_client.py:172 | fit, FitIns(clock=52)
DEBUG flower 2021-04-08 10:23:19,696 | numpy_client.py:260 | cached_clock: 46, curr_clock: 52
INFO flower 2021-04-08 10:23:19,696 | numpy_client.py:184 | Cache is stale, return ReadIns
DEBUG flower 2021-04-08 10:23:24,344 | numpy_client.py:228 | read: ReadRes(clock=47)
DEBUG flower 2021-04-08 10:23:24,352 | numpy_client.py:172 | fit, FitIns(clock=52)
DEBUG flower 2021-04-08 10:23:24,352 | numpy_client.py:260 | cached_clock: 47, curr_clock: 52
INFO flower 2021-04-08 10:23:27,725 | numpy_client.py:205 | Cache is fresh, return FitRes(clock=52)
DEBUG flower 2021-04-08 10:23:32,888 | numpy_client.py:172 | fit, FitIns(clock=53)
DEBUG flower 2021-04-08 10:23:32,888 | numpy_client.py:260 | cached_clock: 47, curr_clock: 53
INFO flower 2021-04-08 10:23:32,889 | numpy_client.py:184 | Cache is stale, return ReadIns
DEBUG flower 2021-04-08 10:23:37,356 | numpy_client.py:228 | read: ReadRes(clock=48)
DEBUG flower 2021-04-08 10:23:37,363 | numpy_client.py:172 | fit, FitIns(clock=53)
DEBUG flower 2021-04-08 10:23:37,364 | numpy_client.py:260 | cached_clock: 48, curr_clock: 53
INFO flower 2021-04-08 10:23:40,909 | numpy_client.py:205 | Cache is fresh, return FitRes(clock=53)
DEBUG flower 2021-04-08 10:23:46,167 | numpy_client.py:172 | fit, FitIns(clock=54)
DEBUG flower 2021-04-08 10:23:46,167 | numpy_client.py:260 | cached_clock: 48, curr_clock: 54
INFO flower 2021-04-08 10:23:46,167 | numpy_client.py:184 | Cache is stale, return ReadIns
DEBUG flower 2021-04-08 10:23:51,059 | numpy_client.py:228 | read: ReadRes(clock=49)
DEBUG flower 2021-04-08 10:23:51,066 | numpy_client.py:172 | fit, FitIns(clock=54)
DEBUG flower 2021-04-08 10:23:51,066 | numpy_client.py:260 | cached_clock: 49, curr_clock: 54
INFO flower 2021-04-08 10:23:54,528 | numpy_client.py:205 | Cache is fresh, return FitRes(clock=54)
DEBUG flower 2021-04-08 10:24:01,652 | numpy_client.py:172 | fit, FitIns(clock=55)
DEBUG flower 2021-04-08 10:24:01,652 | numpy_client.py:260 | cached_clock: 49, curr_clock: 55
INFO flower 2021-04-08 10:24:01,652 | numpy_client.py:184 | Cache is stale, return ReadIns
DEBUG flower 2021-04-08 10:24:06,336 | numpy_client.py:228 | read: ReadRes(clock=50)
DEBUG flower 2021-04-08 10:24:06,344 | numpy_client.py:172 | fit, FitIns(clock=55)
DEBUG flower 2021-04-08 10:24:06,344 | numpy_client.py:260 | cached_clock: 50, curr_clock: 55
INFO flower 2021-04-08 10:24:09,808 | numpy_client.py:205 | Cache is fresh, return FitRes(clock=55)
DEBUG flower 2021-04-08 10:24:15,283 | numpy_client.py:172 | fit, FitIns(clock=56)
DEBUG flower 2021-04-08 10:24:15,283 | numpy_client.py:260 | cached_clock: 50, curr_clock: 56
INFO flower 2021-04-08 10:24:15,284 | numpy_client.py:184 | Cache is stale, return ReadIns
DEBUG flower 2021-04-08 10:24:19,920 | numpy_client.py:228 | read: ReadRes(clock=51)
DEBUG flower 2021-04-08 10:24:19,927 | numpy_client.py:172 | fit, FitIns(clock=56)
DEBUG flower 2021-04-08 10:24:19,927 | numpy_client.py:260 | cached_clock: 51, curr_clock: 56
INFO flower 2021-04-08 10:24:23,325 | numpy_client.py:205 | Cache is fresh, return FitRes(clock=56)
DEBUG flower 2021-04-08 10:24:29,068 | numpy_client.py:172 | fit, FitIns(clock=57)
DEBUG flower 2021-04-08 10:24:29,069 | numpy_client.py:260 | cached_clock: 51, curr_clock: 57
INFO flower 2021-04-08 10:24:29,069 | numpy_client.py:184 | Cache is stale, return ReadIns
DEBUG flower 2021-04-08 10:24:33,506 | numpy_client.py:228 | read: ReadRes(clock=52)
DEBUG flower 2021-04-08 10:24:33,512 | numpy_client.py:172 | fit, FitIns(clock=57)
DEBUG flower 2021-04-08 10:24:33,512 | numpy_client.py:260 | cached_clock: 52, curr_clock: 57
INFO flower 2021-04-08 10:24:36,846 | numpy_client.py:205 | Cache is fresh, return FitRes(clock=57)
DEBUG flower 2021-04-08 10:24:42,600 | numpy_client.py:172 | fit, FitIns(clock=58)
DEBUG flower 2021-04-08 10:24:42,600 | numpy_client.py:260 | cached_clock: 52, curr_clock: 58
INFO flower 2021-04-08 10:24:42,600 | numpy_client.py:184 | Cache is stale, return ReadIns
DEBUG flower 2021-04-08 10:24:47,552 | numpy_client.py:228 | read: ReadRes(clock=53)
DEBUG flower 2021-04-08 10:24:47,560 | numpy_client.py:172 | fit, FitIns(clock=58)
DEBUG flower 2021-04-08 10:24:47,560 | numpy_client.py:260 | cached_clock: 53, curr_clock: 58
INFO flower 2021-04-08 10:24:51,028 | numpy_client.py:205 | Cache is fresh, return FitRes(clock=58)
DEBUG flower 2021-04-08 10:24:56,770 | numpy_client.py:172 | fit, FitIns(clock=59)
DEBUG flower 2021-04-08 10:24:56,770 | numpy_client.py:260 | cached_clock: 53, curr_clock: 59
INFO flower 2021-04-08 10:24:56,771 | numpy_client.py:184 | Cache is stale, return ReadIns
DEBUG flower 2021-04-08 10:25:01,643 | numpy_client.py:228 | read: ReadRes(clock=54)
DEBUG flower 2021-04-08 10:25:01,651 | numpy_client.py:172 | fit, FitIns(clock=59)
DEBUG flower 2021-04-08 10:25:01,651 | numpy_client.py:260 | cached_clock: 54, curr_clock: 59
INFO flower 2021-04-08 10:25:04,926 | numpy_client.py:205 | Cache is fresh, return FitRes(clock=59)
DEBUG flower 2021-04-08 10:25:10,894 | numpy_client.py:172 | fit, FitIns(clock=60)
DEBUG flower 2021-04-08 10:25:10,895 | numpy_client.py:260 | cached_clock: 54, curr_clock: 60
INFO flower 2021-04-08 10:25:10,895 | numpy_client.py:184 | Cache is stale, return ReadIns
DEBUG flower 2021-04-08 10:25:15,444 | numpy_client.py:228 | read: ReadRes(clock=55)
DEBUG flower 2021-04-08 10:25:15,451 | numpy_client.py:172 | fit, FitIns(clock=60)
DEBUG flower 2021-04-08 10:25:15,451 | numpy_client.py:260 | cached_clock: 55, curr_clock: 60
INFO flower 2021-04-08 10:25:18,813 | numpy_client.py:205 | Cache is fresh, return FitRes(clock=60)
DEBUG flower 2021-04-08 10:25:24,597 | numpy_client.py:172 | fit, FitIns(clock=61)
DEBUG flower 2021-04-08 10:25:24,597 | numpy_client.py:260 | cached_clock: 55, curr_clock: 61
INFO flower 2021-04-08 10:25:24,597 | numpy_client.py:184 | Cache is stale, return ReadIns
DEBUG flower 2021-04-08 10:25:29,034 | numpy_client.py:228 | read: ReadRes(clock=56)
DEBUG flower 2021-04-08 10:25:29,041 | numpy_client.py:172 | fit, FitIns(clock=61)
DEBUG flower 2021-04-08 10:25:29,041 | numpy_client.py:260 | cached_clock: 56, curr_clock: 61
INFO flower 2021-04-08 10:25:32,330 | numpy_client.py:205 | Cache is fresh, return FitRes(clock=61)
DEBUG flower 2021-04-08 10:25:38,168 | numpy_client.py:172 | fit, FitIns(clock=62)
DEBUG flower 2021-04-08 10:25:38,169 | numpy_client.py:260 | cached_clock: 56, curr_clock: 62
INFO flower 2021-04-08 10:25:38,169 | numpy_client.py:184 | Cache is stale, return ReadIns
DEBUG flower 2021-04-08 10:25:42,751 | numpy_client.py:228 | read: ReadRes(clock=57)
DEBUG flower 2021-04-08 10:25:42,758 | numpy_client.py:172 | fit, FitIns(clock=62)
DEBUG flower 2021-04-08 10:25:42,758 | numpy_client.py:260 | cached_clock: 57, curr_clock: 62
INFO flower 2021-04-08 10:25:46,025 | numpy_client.py:205 | Cache is fresh, return FitRes(clock=62)
DEBUG flower 2021-04-08 10:25:51,787 | numpy_client.py:172 | fit, FitIns(clock=63)
DEBUG flower 2021-04-08 10:25:51,788 | numpy_client.py:260 | cached_clock: 57, curr_clock: 63
INFO flower 2021-04-08 10:25:51,788 | numpy_client.py:184 | Cache is stale, return ReadIns
DEBUG flower 2021-04-08 10:25:56,404 | numpy_client.py:228 | read: ReadRes(clock=58)
DEBUG flower 2021-04-08 10:25:56,411 | numpy_client.py:172 | fit, FitIns(clock=63)
DEBUG flower 2021-04-08 10:25:56,412 | numpy_client.py:260 | cached_clock: 58, curr_clock: 63
INFO flower 2021-04-08 10:25:59,912 | numpy_client.py:205 | Cache is fresh, return FitRes(clock=63)
DEBUG flower 2021-04-08 10:26:05,570 | numpy_client.py:172 | fit, FitIns(clock=64)
DEBUG flower 2021-04-08 10:26:05,570 | numpy_client.py:260 | cached_clock: 58, curr_clock: 64
INFO flower 2021-04-08 10:26:05,570 | numpy_client.py:184 | Cache is stale, return ReadIns
DEBUG flower 2021-04-08 10:26:10,121 | numpy_client.py:228 | read: ReadRes(clock=59)
DEBUG flower 2021-04-08 10:26:10,128 | numpy_client.py:172 | fit, FitIns(clock=64)
DEBUG flower 2021-04-08 10:26:10,129 | numpy_client.py:260 | cached_clock: 59, curr_clock: 64
INFO flower 2021-04-08 10:26:13,423 | numpy_client.py:205 | Cache is fresh, return FitRes(clock=64)
DEBUG flower 2021-04-08 10:26:20,698 | numpy_client.py:172 | fit, FitIns(clock=65)
DEBUG flower 2021-04-08 10:26:20,698 | numpy_client.py:260 | cached_clock: 59, curr_clock: 65
INFO flower 2021-04-08 10:26:20,699 | numpy_client.py:184 | Cache is stale, return ReadIns
DEBUG flower 2021-04-08 10:26:25,604 | numpy_client.py:228 | read: ReadRes(clock=60)
DEBUG flower 2021-04-08 10:26:25,611 | numpy_client.py:172 | fit, FitIns(clock=65)
DEBUG flower 2021-04-08 10:26:25,611 | numpy_client.py:260 | cached_clock: 60, curr_clock: 65
INFO flower 2021-04-08 10:26:29,007 | numpy_client.py:205 | Cache is fresh, return FitRes(clock=65)
DEBUG flower 2021-04-08 10:26:35,039 | numpy_client.py:172 | fit, FitIns(clock=66)
DEBUG flower 2021-04-08 10:26:35,039 | numpy_client.py:260 | cached_clock: 60, curr_clock: 66
INFO flower 2021-04-08 10:26:35,039 | numpy_client.py:184 | Cache is stale, return ReadIns
DEBUG flower 2021-04-08 10:26:39,626 | numpy_client.py:228 | read: ReadRes(clock=61)
DEBUG flower 2021-04-08 10:26:39,633 | numpy_client.py:172 | fit, FitIns(clock=66)
DEBUG flower 2021-04-08 10:26:39,633 | numpy_client.py:260 | cached_clock: 61, curr_clock: 66
INFO flower 2021-04-08 10:26:43,023 | numpy_client.py:205 | Cache is fresh, return FitRes(clock=66)
DEBUG flower 2021-04-08 10:26:48,778 | numpy_client.py:172 | fit, FitIns(clock=67)
DEBUG flower 2021-04-08 10:26:48,778 | numpy_client.py:260 | cached_clock: 61, curr_clock: 67
INFO flower 2021-04-08 10:26:48,778 | numpy_client.py:184 | Cache is stale, return ReadIns
DEBUG flower 2021-04-08 10:26:53,207 | numpy_client.py:228 | read: ReadRes(clock=62)
DEBUG flower 2021-04-08 10:26:53,214 | numpy_client.py:172 | fit, FitIns(clock=67)
DEBUG flower 2021-04-08 10:26:53,214 | numpy_client.py:260 | cached_clock: 62, curr_clock: 67
INFO flower 2021-04-08 10:26:56,615 | numpy_client.py:205 | Cache is fresh, return FitRes(clock=67)
DEBUG flower 2021-04-08 10:27:03,297 | numpy_client.py:172 | fit, FitIns(clock=68)
DEBUG flower 2021-04-08 10:27:03,297 | numpy_client.py:260 | cached_clock: 62, curr_clock: 68
INFO flower 2021-04-08 10:27:03,297 | numpy_client.py:184 | Cache is stale, return ReadIns
DEBUG flower 2021-04-08 10:27:07,747 | numpy_client.py:228 | read: ReadRes(clock=63)
DEBUG flower 2021-04-08 10:27:07,755 | numpy_client.py:172 | fit, FitIns(clock=68)
DEBUG flower 2021-04-08 10:27:07,755 | numpy_client.py:260 | cached_clock: 63, curr_clock: 68
INFO flower 2021-04-08 10:27:11,225 | numpy_client.py:205 | Cache is fresh, return FitRes(clock=68)
DEBUG flower 2021-04-08 10:27:16,420 | numpy_client.py:172 | fit, FitIns(clock=69)
DEBUG flower 2021-04-08 10:27:16,420 | numpy_client.py:260 | cached_clock: 63, curr_clock: 69
INFO flower 2021-04-08 10:27:16,420 | numpy_client.py:184 | Cache is stale, return ReadIns
DEBUG flower 2021-04-08 10:27:20,701 | numpy_client.py:228 | read: ReadRes(clock=64)
DEBUG flower 2021-04-08 10:27:20,708 | numpy_client.py:172 | fit, FitIns(clock=69)
DEBUG flower 2021-04-08 10:27:20,708 | numpy_client.py:260 | cached_clock: 64, curr_clock: 69
INFO flower 2021-04-08 10:27:24,108 | numpy_client.py:205 | Cache is fresh, return FitRes(clock=69)
DEBUG flower 2021-04-08 10:27:30,099 | numpy_client.py:172 | fit, FitIns(clock=70)
DEBUG flower 2021-04-08 10:27:30,099 | numpy_client.py:260 | cached_clock: 64, curr_clock: 70
INFO flower 2021-04-08 10:27:30,099 | numpy_client.py:184 | Cache is stale, return ReadIns
DEBUG flower 2021-04-08 10:27:34,626 | numpy_client.py:228 | read: ReadRes(clock=65)
DEBUG flower 2021-04-08 10:27:34,633 | numpy_client.py:172 | fit, FitIns(clock=70)
DEBUG flower 2021-04-08 10:27:34,633 | numpy_client.py:260 | cached_clock: 65, curr_clock: 70
INFO flower 2021-04-08 10:27:38,024 | numpy_client.py:205 | Cache is fresh, return FitRes(clock=70)
DEBUG flower 2021-04-08 10:27:44,424 | numpy_client.py:172 | fit, FitIns(clock=71)
DEBUG flower 2021-04-08 10:27:44,425 | numpy_client.py:260 | cached_clock: 65, curr_clock: 71
INFO flower 2021-04-08 10:27:44,425 | numpy_client.py:184 | Cache is stale, return ReadIns
DEBUG flower 2021-04-08 10:27:48,827 | numpy_client.py:228 | read: ReadRes(clock=66)
DEBUG flower 2021-04-08 10:27:48,835 | numpy_client.py:172 | fit, FitIns(clock=71)
DEBUG flower 2021-04-08 10:27:48,835 | numpy_client.py:260 | cached_clock: 66, curr_clock: 71
INFO flower 2021-04-08 10:27:52,230 | numpy_client.py:205 | Cache is fresh, return FitRes(clock=71)
DEBUG flower 2021-04-08 10:27:57,996 | numpy_client.py:172 | fit, FitIns(clock=72)
DEBUG flower 2021-04-08 10:27:57,996 | numpy_client.py:260 | cached_clock: 66, curr_clock: 72
INFO flower 2021-04-08 10:27:57,997 | numpy_client.py:184 | Cache is stale, return ReadIns
DEBUG flower 2021-04-08 10:28:02,407 | numpy_client.py:228 | read: ReadRes(clock=67)
DEBUG flower 2021-04-08 10:28:02,415 | numpy_client.py:172 | fit, FitIns(clock=72)
DEBUG flower 2021-04-08 10:28:02,415 | numpy_client.py:260 | cached_clock: 67, curr_clock: 72
INFO flower 2021-04-08 10:28:05,810 | numpy_client.py:205 | Cache is fresh, return FitRes(clock=72)
DEBUG flower 2021-04-08 10:28:11,226 | numpy_client.py:172 | fit, FitIns(clock=73)
DEBUG flower 2021-04-08 10:28:11,226 | numpy_client.py:260 | cached_clock: 67, curr_clock: 73
INFO flower 2021-04-08 10:28:11,226 | numpy_client.py:184 | Cache is stale, return ReadIns
DEBUG flower 2021-04-08 10:28:15,745 | numpy_client.py:228 | read: ReadRes(clock=68)
DEBUG flower 2021-04-08 10:28:15,752 | numpy_client.py:172 | fit, FitIns(clock=73)
DEBUG flower 2021-04-08 10:28:15,752 | numpy_client.py:260 | cached_clock: 68, curr_clock: 73
INFO flower 2021-04-08 10:28:19,145 | numpy_client.py:205 | Cache is fresh, return FitRes(clock=73)
DEBUG flower 2021-04-08 10:28:25,419 | numpy_client.py:172 | fit, FitIns(clock=74)
DEBUG flower 2021-04-08 10:28:25,419 | numpy_client.py:260 | cached_clock: 68, curr_clock: 74
INFO flower 2021-04-08 10:28:25,419 | numpy_client.py:184 | Cache is stale, return ReadIns
DEBUG flower 2021-04-08 10:28:29,950 | numpy_client.py:228 | read: ReadRes(clock=69)
DEBUG flower 2021-04-08 10:28:29,957 | numpy_client.py:172 | fit, FitIns(clock=74)
DEBUG flower 2021-04-08 10:28:29,957 | numpy_client.py:260 | cached_clock: 69, curr_clock: 74
INFO flower 2021-04-08 10:28:33,510 | numpy_client.py:205 | Cache is fresh, return FitRes(clock=74)
DEBUG flower 2021-04-08 10:28:38,688 | numpy_client.py:172 | fit, FitIns(clock=75)
DEBUG flower 2021-04-08 10:28:38,689 | numpy_client.py:260 | cached_clock: 69, curr_clock: 75
INFO flower 2021-04-08 10:28:38,689 | numpy_client.py:184 | Cache is stale, return ReadIns
DEBUG flower 2021-04-08 10:28:43,726 | numpy_client.py:228 | read: ReadRes(clock=70)
DEBUG flower 2021-04-08 10:28:43,734 | numpy_client.py:172 | fit, FitIns(clock=75)
DEBUG flower 2021-04-08 10:28:43,734 | numpy_client.py:260 | cached_clock: 70, curr_clock: 75
INFO flower 2021-04-08 10:28:47,124 | numpy_client.py:205 | Cache is fresh, return FitRes(clock=75)
DEBUG flower 2021-04-08 10:28:53,040 | numpy_client.py:172 | fit, FitIns(clock=76)
DEBUG flower 2021-04-08 10:28:53,040 | numpy_client.py:260 | cached_clock: 70, curr_clock: 76
INFO flower 2021-04-08 10:28:53,040 | numpy_client.py:184 | Cache is stale, return ReadIns
DEBUG flower 2021-04-08 10:28:57,727 | numpy_client.py:228 | read: ReadRes(clock=71)
DEBUG flower 2021-04-08 10:28:57,734 | numpy_client.py:172 | fit, FitIns(clock=76)
DEBUG flower 2021-04-08 10:28:57,734 | numpy_client.py:260 | cached_clock: 71, curr_clock: 76
INFO flower 2021-04-08 10:29:01,211 | numpy_client.py:205 | Cache is fresh, return FitRes(clock=76)
DEBUG flower 2021-04-08 10:29:06,763 | numpy_client.py:172 | fit, FitIns(clock=77)
DEBUG flower 2021-04-08 10:29:06,763 | numpy_client.py:260 | cached_clock: 71, curr_clock: 77
INFO flower 2021-04-08 10:29:06,763 | numpy_client.py:184 | Cache is stale, return ReadIns
DEBUG flower 2021-04-08 10:29:11,000 | numpy_client.py:228 | read: ReadRes(clock=72)
DEBUG flower 2021-04-08 10:29:11,007 | numpy_client.py:172 | fit, FitIns(clock=77)
DEBUG flower 2021-04-08 10:29:11,007 | numpy_client.py:260 | cached_clock: 72, curr_clock: 77
INFO flower 2021-04-08 10:29:14,422 | numpy_client.py:205 | Cache is fresh, return FitRes(clock=77)
DEBUG flower 2021-04-08 10:29:20,542 | numpy_client.py:172 | fit, FitIns(clock=78)
DEBUG flower 2021-04-08 10:29:20,542 | numpy_client.py:260 | cached_clock: 72, curr_clock: 78
INFO flower 2021-04-08 10:29:20,542 | numpy_client.py:184 | Cache is stale, return ReadIns
DEBUG flower 2021-04-08 10:29:25,224 | numpy_client.py:228 | read: ReadRes(clock=73)
DEBUG flower 2021-04-08 10:29:25,231 | numpy_client.py:172 | fit, FitIns(clock=78)
DEBUG flower 2021-04-08 10:29:25,232 | numpy_client.py:260 | cached_clock: 73, curr_clock: 78
INFO flower 2021-04-08 10:29:28,725 | numpy_client.py:205 | Cache is fresh, return FitRes(clock=78)
DEBUG flower 2021-04-08 10:29:34,238 | numpy_client.py:172 | fit, FitIns(clock=79)
DEBUG flower 2021-04-08 10:29:34,238 | numpy_client.py:260 | cached_clock: 73, curr_clock: 79
INFO flower 2021-04-08 10:29:34,239 | numpy_client.py:184 | Cache is stale, return ReadIns
DEBUG flower 2021-04-08 10:29:38,733 | numpy_client.py:228 | read: ReadRes(clock=74)
DEBUG flower 2021-04-08 10:29:38,740 | numpy_client.py:172 | fit, FitIns(clock=79)
DEBUG flower 2021-04-08 10:29:38,740 | numpy_client.py:260 | cached_clock: 74, curr_clock: 79
INFO flower 2021-04-08 10:29:42,214 | numpy_client.py:205 | Cache is fresh, return FitRes(clock=79)
DEBUG flower 2021-04-08 10:29:47,631 | numpy_client.py:172 | fit, FitIns(clock=80)
DEBUG flower 2021-04-08 10:29:47,632 | numpy_client.py:260 | cached_clock: 74, curr_clock: 80
INFO flower 2021-04-08 10:29:47,632 | numpy_client.py:184 | Cache is stale, return ReadIns
DEBUG flower 2021-04-08 10:29:52,044 | numpy_client.py:228 | read: ReadRes(clock=75)
DEBUG flower 2021-04-08 10:29:52,052 | numpy_client.py:172 | fit, FitIns(clock=80)
DEBUG flower 2021-04-08 10:29:52,052 | numpy_client.py:260 | cached_clock: 75, curr_clock: 80
INFO flower 2021-04-08 10:29:55,323 | numpy_client.py:205 | Cache is fresh, return FitRes(clock=80)
DEBUG flower 2021-04-08 10:30:01,304 | numpy_client.py:172 | fit, FitIns(clock=81)
DEBUG flower 2021-04-08 10:30:01,305 | numpy_client.py:260 | cached_clock: 75, curr_clock: 81
INFO flower 2021-04-08 10:30:01,305 | numpy_client.py:184 | Cache is stale, return ReadIns
DEBUG flower 2021-04-08 10:30:05,823 | numpy_client.py:228 | read: ReadRes(clock=76)
DEBUG flower 2021-04-08 10:30:05,830 | numpy_client.py:172 | fit, FitIns(clock=81)
DEBUG flower 2021-04-08 10:30:05,830 | numpy_client.py:260 | cached_clock: 76, curr_clock: 81
INFO flower 2021-04-08 10:30:09,309 | numpy_client.py:205 | Cache is fresh, return FitRes(clock=81)
DEBUG flower 2021-04-08 10:30:14,504 | numpy_client.py:172 | fit, FitIns(clock=82)
DEBUG flower 2021-04-08 10:30:14,504 | numpy_client.py:260 | cached_clock: 76, curr_clock: 82
INFO flower 2021-04-08 10:30:14,505 | numpy_client.py:184 | Cache is stale, return ReadIns
DEBUG flower 2021-04-08 10:30:19,348 | numpy_client.py:228 | read: ReadRes(clock=77)
DEBUG flower 2021-04-08 10:30:19,355 | numpy_client.py:172 | fit, FitIns(clock=82)
DEBUG flower 2021-04-08 10:30:19,355 | numpy_client.py:260 | cached_clock: 77, curr_clock: 82
INFO flower 2021-04-08 10:30:22,811 | numpy_client.py:205 | Cache is fresh, return FitRes(clock=82)
DEBUG flower 2021-04-08 10:30:28,269 | numpy_client.py:172 | fit, FitIns(clock=83)
DEBUG flower 2021-04-08 10:30:28,269 | numpy_client.py:260 | cached_clock: 77, curr_clock: 83
INFO flower 2021-04-08 10:30:28,269 | numpy_client.py:184 | Cache is stale, return ReadIns
DEBUG flower 2021-04-08 10:30:32,640 | numpy_client.py:228 | read: ReadRes(clock=78)
DEBUG flower 2021-04-08 10:30:32,647 | numpy_client.py:172 | fit, FitIns(clock=83)
DEBUG flower 2021-04-08 10:30:32,647 | numpy_client.py:260 | cached_clock: 78, curr_clock: 83
INFO flower 2021-04-08 10:30:36,022 | numpy_client.py:205 | Cache is fresh, return FitRes(clock=83)
DEBUG flower 2021-04-08 10:30:41,886 | numpy_client.py:172 | fit, FitIns(clock=84)
DEBUG flower 2021-04-08 10:30:41,886 | numpy_client.py:260 | cached_clock: 78, curr_clock: 84
INFO flower 2021-04-08 10:30:41,887 | numpy_client.py:184 | Cache is stale, return ReadIns
DEBUG flower 2021-04-08 10:30:46,410 | numpy_client.py:228 | read: ReadRes(clock=79)
DEBUG flower 2021-04-08 10:30:46,417 | numpy_client.py:172 | fit, FitIns(clock=84)
DEBUG flower 2021-04-08 10:30:46,417 | numpy_client.py:260 | cached_clock: 79, curr_clock: 84
INFO flower 2021-04-08 10:30:49,912 | numpy_client.py:205 | Cache is fresh, return FitRes(clock=84)
DEBUG flower 2021-04-08 10:30:55,689 | numpy_client.py:172 | fit, FitIns(clock=85)
DEBUG flower 2021-04-08 10:30:55,690 | numpy_client.py:260 | cached_clock: 79, curr_clock: 85
INFO flower 2021-04-08 10:30:55,690 | numpy_client.py:184 | Cache is stale, return ReadIns
DEBUG flower 2021-04-08 10:31:00,441 | numpy_client.py:228 | read: ReadRes(clock=80)
DEBUG flower 2021-04-08 10:31:00,448 | numpy_client.py:172 | fit, FitIns(clock=85)
DEBUG flower 2021-04-08 10:31:00,449 | numpy_client.py:260 | cached_clock: 80, curr_clock: 85
INFO flower 2021-04-08 10:31:03,810 | numpy_client.py:205 | Cache is fresh, return FitRes(clock=85)
DEBUG flower 2021-04-08 10:31:09,348 | numpy_client.py:172 | fit, FitIns(clock=86)
DEBUG flower 2021-04-08 10:31:09,348 | numpy_client.py:260 | cached_clock: 80, curr_clock: 86
INFO flower 2021-04-08 10:31:09,348 | numpy_client.py:184 | Cache is stale, return ReadIns
DEBUG flower 2021-04-08 10:31:14,242 | numpy_client.py:228 | read: ReadRes(clock=81)
DEBUG flower 2021-04-08 10:31:14,250 | numpy_client.py:172 | fit, FitIns(clock=86)
DEBUG flower 2021-04-08 10:31:14,250 | numpy_client.py:260 | cached_clock: 81, curr_clock: 86
INFO flower 2021-04-08 10:31:17,621 | numpy_client.py:205 | Cache is fresh, return FitRes(clock=86)
DEBUG flower 2021-04-08 10:31:23,082 | numpy_client.py:172 | fit, FitIns(clock=87)
DEBUG flower 2021-04-08 10:31:23,082 | numpy_client.py:260 | cached_clock: 81, curr_clock: 87
INFO flower 2021-04-08 10:31:23,083 | numpy_client.py:184 | Cache is stale, return ReadIns
DEBUG flower 2021-04-08 10:31:27,442 | numpy_client.py:228 | read: ReadRes(clock=82)
DEBUG flower 2021-04-08 10:31:27,450 | numpy_client.py:172 | fit, FitIns(clock=87)
DEBUG flower 2021-04-08 10:31:27,450 | numpy_client.py:260 | cached_clock: 82, curr_clock: 87
INFO flower 2021-04-08 10:31:31,007 | numpy_client.py:205 | Cache is fresh, return FitRes(clock=87)
DEBUG flower 2021-04-08 10:31:36,365 | numpy_client.py:172 | fit, FitIns(clock=88)
DEBUG flower 2021-04-08 10:31:36,366 | numpy_client.py:260 | cached_clock: 82, curr_clock: 88
INFO flower 2021-04-08 10:31:36,366 | numpy_client.py:184 | Cache is stale, return ReadIns
DEBUG flower 2021-04-08 10:31:40,836 | numpy_client.py:228 | read: ReadRes(clock=83)
DEBUG flower 2021-04-08 10:31:40,843 | numpy_client.py:172 | fit, FitIns(clock=88)
DEBUG flower 2021-04-08 10:31:40,843 | numpy_client.py:260 | cached_clock: 83, curr_clock: 88
INFO flower 2021-04-08 10:31:44,228 | numpy_client.py:205 | Cache is fresh, return FitRes(clock=88)
DEBUG flower 2021-04-08 10:31:49,638 | numpy_client.py:172 | fit, FitIns(clock=89)
DEBUG flower 2021-04-08 10:31:49,638 | numpy_client.py:260 | cached_clock: 83, curr_clock: 89
INFO flower 2021-04-08 10:31:49,639 | numpy_client.py:184 | Cache is stale, return ReadIns
DEBUG flower 2021-04-08 10:31:54,335 | numpy_client.py:228 | read: ReadRes(clock=84)
DEBUG flower 2021-04-08 10:31:54,341 | numpy_client.py:172 | fit, FitIns(clock=89)
DEBUG flower 2021-04-08 10:31:54,341 | numpy_client.py:260 | cached_clock: 84, curr_clock: 89
INFO flower 2021-04-08 10:31:57,732 | numpy_client.py:205 | Cache is fresh, return FitRes(clock=89)
DEBUG flower 2021-04-08 10:32:03,498 | numpy_client.py:172 | fit, FitIns(clock=90)
DEBUG flower 2021-04-08 10:32:03,499 | numpy_client.py:260 | cached_clock: 84, curr_clock: 90
INFO flower 2021-04-08 10:32:03,499 | numpy_client.py:184 | Cache is stale, return ReadIns
DEBUG flower 2021-04-08 10:32:08,538 | numpy_client.py:228 | read: ReadRes(clock=85)
DEBUG flower 2021-04-08 10:32:08,545 | numpy_client.py:172 | fit, FitIns(clock=90)
DEBUG flower 2021-04-08 10:32:08,545 | numpy_client.py:260 | cached_clock: 85, curr_clock: 90
INFO flower 2021-04-08 10:32:12,109 | numpy_client.py:205 | Cache is fresh, return FitRes(clock=90)
DEBUG flower 2021-04-08 10:32:17,738 | numpy_client.py:172 | fit, FitIns(clock=91)
DEBUG flower 2021-04-08 10:32:17,739 | numpy_client.py:260 | cached_clock: 85, curr_clock: 91
INFO flower 2021-04-08 10:32:17,739 | numpy_client.py:184 | Cache is stale, return ReadIns
DEBUG flower 2021-04-08 10:32:22,441 | numpy_client.py:228 | read: ReadRes(clock=86)
DEBUG flower 2021-04-08 10:32:22,449 | numpy_client.py:172 | fit, FitIns(clock=91)
DEBUG flower 2021-04-08 10:32:22,449 | numpy_client.py:260 | cached_clock: 86, curr_clock: 91
INFO flower 2021-04-08 10:32:26,008 | numpy_client.py:205 | Cache is fresh, return FitRes(clock=91)
DEBUG flower 2021-04-08 10:32:31,953 | numpy_client.py:172 | fit, FitIns(clock=92)
DEBUG flower 2021-04-08 10:32:31,954 | numpy_client.py:260 | cached_clock: 86, curr_clock: 92
INFO flower 2021-04-08 10:32:31,954 | numpy_client.py:184 | Cache is stale, return ReadIns
DEBUG flower 2021-04-08 10:32:36,249 | numpy_client.py:228 | read: ReadRes(clock=87)
DEBUG flower 2021-04-08 10:32:36,257 | numpy_client.py:172 | fit, FitIns(clock=92)
DEBUG flower 2021-04-08 10:32:36,257 | numpy_client.py:260 | cached_clock: 87, curr_clock: 92
INFO flower 2021-04-08 10:32:39,727 | numpy_client.py:205 | Cache is fresh, return FitRes(clock=92)
DEBUG flower 2021-04-08 10:32:45,655 | numpy_client.py:172 | fit, FitIns(clock=93)
DEBUG flower 2021-04-08 10:32:45,655 | numpy_client.py:260 | cached_clock: 87, curr_clock: 93
INFO flower 2021-04-08 10:32:45,655 | numpy_client.py:184 | Cache is stale, return ReadIns
DEBUG flower 2021-04-08 10:32:50,126 | numpy_client.py:228 | read: ReadRes(clock=88)
DEBUG flower 2021-04-08 10:32:50,134 | numpy_client.py:172 | fit, FitIns(clock=93)
DEBUG flower 2021-04-08 10:32:50,134 | numpy_client.py:260 | cached_clock: 88, curr_clock: 93
INFO flower 2021-04-08 10:32:53,712 | numpy_client.py:205 | Cache is fresh, return FitRes(clock=93)
DEBUG flower 2021-04-08 10:32:59,542 | numpy_client.py:172 | fit, FitIns(clock=94)
DEBUG flower 2021-04-08 10:32:59,542 | numpy_client.py:260 | cached_clock: 88, curr_clock: 94
INFO flower 2021-04-08 10:32:59,543 | numpy_client.py:184 | Cache is stale, return ReadIns
DEBUG flower 2021-04-08 10:33:03,998 | numpy_client.py:228 | read: ReadRes(clock=89)
DEBUG flower 2021-04-08 10:33:04,005 | numpy_client.py:172 | fit, FitIns(clock=94)
DEBUG flower 2021-04-08 10:33:04,006 | numpy_client.py:260 | cached_clock: 89, curr_clock: 94
INFO flower 2021-04-08 10:33:07,342 | numpy_client.py:205 | Cache is fresh, return FitRes(clock=94)
DEBUG flower 2021-04-08 10:33:13,475 | numpy_client.py:172 | fit, FitIns(clock=95)
DEBUG flower 2021-04-08 10:33:13,476 | numpy_client.py:260 | cached_clock: 89, curr_clock: 95
INFO flower 2021-04-08 10:33:13,476 | numpy_client.py:184 | Cache is stale, return ReadIns
DEBUG flower 2021-04-08 10:33:18,254 | numpy_client.py:228 | read: ReadRes(clock=90)
DEBUG flower 2021-04-08 10:33:18,261 | numpy_client.py:172 | fit, FitIns(clock=95)
DEBUG flower 2021-04-08 10:33:18,261 | numpy_client.py:260 | cached_clock: 90, curr_clock: 95
INFO flower 2021-04-08 10:33:21,723 | numpy_client.py:205 | Cache is fresh, return FitRes(clock=95)
DEBUG flower 2021-04-08 10:33:27,583 | numpy_client.py:172 | fit, FitIns(clock=96)
DEBUG flower 2021-04-08 10:33:27,583 | numpy_client.py:260 | cached_clock: 90, curr_clock: 96
INFO flower 2021-04-08 10:33:27,583 | numpy_client.py:184 | Cache is stale, return ReadIns
DEBUG flower 2021-04-08 10:33:31,992 | numpy_client.py:228 | read: ReadRes(clock=91)
DEBUG flower 2021-04-08 10:33:31,999 | numpy_client.py:172 | fit, FitIns(clock=96)
DEBUG flower 2021-04-08 10:33:31,999 | numpy_client.py:260 | cached_clock: 91, curr_clock: 96
INFO flower 2021-04-08 10:33:35,428 | numpy_client.py:205 | Cache is fresh, return FitRes(clock=96)
DEBUG flower 2021-04-08 10:33:41,148 | numpy_client.py:172 | fit, FitIns(clock=97)
DEBUG flower 2021-04-08 10:33:41,148 | numpy_client.py:260 | cached_clock: 91, curr_clock: 97
INFO flower 2021-04-08 10:33:41,149 | numpy_client.py:184 | Cache is stale, return ReadIns
DEBUG flower 2021-04-08 10:33:45,345 | numpy_client.py:228 | read: ReadRes(clock=92)
DEBUG flower 2021-04-08 10:33:45,353 | numpy_client.py:172 | fit, FitIns(clock=97)
DEBUG flower 2021-04-08 10:33:45,354 | numpy_client.py:260 | cached_clock: 92, curr_clock: 97
INFO flower 2021-04-08 10:33:48,722 | numpy_client.py:205 | Cache is fresh, return FitRes(clock=97)
DEBUG flower 2021-04-08 10:33:54,341 | numpy_client.py:172 | fit, FitIns(clock=98)
DEBUG flower 2021-04-08 10:33:54,342 | numpy_client.py:260 | cached_clock: 92, curr_clock: 98
INFO flower 2021-04-08 10:33:54,342 | numpy_client.py:184 | Cache is stale, return ReadIns
DEBUG flower 2021-04-08 10:33:58,938 | numpy_client.py:228 | read: ReadRes(clock=93)
DEBUG flower 2021-04-08 10:33:58,945 | numpy_client.py:172 | fit, FitIns(clock=98)
DEBUG flower 2021-04-08 10:33:58,945 | numpy_client.py:260 | cached_clock: 93, curr_clock: 98
INFO flower 2021-04-08 10:34:02,323 | numpy_client.py:205 | Cache is fresh, return FitRes(clock=98)
DEBUG flower 2021-04-08 10:34:08,077 | numpy_client.py:172 | fit, FitIns(clock=99)
DEBUG flower 2021-04-08 10:34:08,077 | numpy_client.py:260 | cached_clock: 93, curr_clock: 99
INFO flower 2021-04-08 10:34:08,078 | numpy_client.py:184 | Cache is stale, return ReadIns
DEBUG flower 2021-04-08 10:34:12,512 | numpy_client.py:228 | read: ReadRes(clock=94)
DEBUG flower 2021-04-08 10:34:12,519 | numpy_client.py:172 | fit, FitIns(clock=99)
DEBUG flower 2021-04-08 10:34:12,519 | numpy_client.py:260 | cached_clock: 94, curr_clock: 99
INFO flower 2021-04-08 10:34:15,911 | numpy_client.py:205 | Cache is fresh, return FitRes(clock=99)
DEBUG flower 2021-04-08 10:34:15,911 | numpy_client.py:217 | The client finishes computing after 1300 seconds
INFO flower 2021-04-08 10:35:39,422 | numpy_client.py:250 | [32;1m Loss: 94.562, Accuracy: 12.304%[0m
DEBUG flower 2021-04-08 10:35:40,152 | connection.py:68 | Insecure gRPC channel closed
INFO flower 2021-04-08 10:35:40,152 | app.py:74 | Disconnect and shut down
Namespace(idx=6, max_delay=0, min_delay=0, num_clients=31, server_ip='10.244.29.27:8080', staleness_bound=5)
I'm client 6
Start SSP client without delay
Files already downloaded and verified
Files already downloaded and verified
[32;1mClient 6: 2154 train samples, 447 test samples[0m
loss=154.55155515670776, acc=0.11994485294117647
loss=137.67725610733032, acc=0.19715073529411764
loss=113.84687316417694, acc=0.2545955882352941
loss=109.28663086891174, acc=0.28079044117647056
loss=107.15765106678009, acc=0.2890625
loss=105.65102326869965, acc=0.30744485294117646
loss=105.25497388839722, acc=0.30330882352941174
loss=104.67106318473816, acc=0.3069852941176471
loss=118.09233272075653, acc=0.3023897058823529
loss=122.40239822864532, acc=0.25137867647058826
loss=141.4640588760376, acc=0.18106617647058823
loss=161.5741789340973, acc=0.19715073529411764
loss=146.41389513015747, acc=0.2109375
loss=155.31234300136566, acc=0.21231617647058823
loss=143.29304337501526, acc=0.2348345588235294
loss=142.08879339694977, acc=0.24448529411764705
loss=138.75795221328735, acc=0.2610294117647059
loss=137.43174302577972, acc=0.2697610294117647
loss=134.23256862163544, acc=0.27941176470588236
loss=133.9911984205246, acc=0.2927389705882353
loss=134.6720471382141, acc=0.2789522058823529
loss=132.13535833358765, acc=0.2835477941176471
loss=131.40072560310364, acc=0.31112132352941174
loss=128.60914289951324, acc=0.32306985294117646
loss=130.48872900009155, acc=0.32169117647058826
loss=129.23817551136017, acc=0.34880514705882354
loss=126.58762729167938, acc=0.3400735294117647
loss=120.1849901676178, acc=0.35202205882352944
loss=122.24871075153351, acc=0.359375
loss=120.53112089633942, acc=0.3625919117647059
loss=119.81288146972656, acc=0.36443014705882354
loss=118.87637972831726, acc=0.36534926470588236
loss=119.20763230323792, acc=0.3818933823529412
loss=117.02794075012207, acc=0.3943014705882353
loss=118.42260384559631, acc=0.38235294117647056
loss=118.48963534832001, acc=0.38419117647058826
loss=116.5927140712738, acc=0.39338235294117646
loss=120.44903886318207, acc=0.3860294117647059
loss=119.6627117395401, acc=0.3727022058823529
loss=117.54136651754379, acc=0.39200367647058826
loss=122.70629477500916, acc=0.37637867647058826
loss=120.41982221603394, acc=0.36443014705882354
loss=120.63176155090332, acc=0.3837316176470588
loss=118.41397333145142, acc=0.390625
loss=119.15625941753387, acc=0.38005514705882354
loss=119.39728546142578, acc=0.39338235294117646
loss=123.40401673316956, acc=0.37683823529411764
loss=118.39466321468353, acc=0.38924632352941174
loss=119.7888331413269, acc=0.39016544117647056
loss=120.86085426807404, acc=0.38327205882352944
loss=121.01982867717743, acc=0.3883272058823529
loss=125.00083887577057, acc=0.38419117647058826
loss=127.4643280506134, acc=0.3791360294117647
loss=121.82033145427704, acc=0.3929227941176471
loss=119.96530246734619, acc=0.3993566176470588
loss=119.90776097774506, acc=0.4007352941176471
loss=121.33181488513947, acc=0.39108455882352944
loss=127.55268824100494, acc=0.3874080882352941
loss=120.6636837720871, acc=0.4007352941176471
loss=120.6584951877594, acc=0.4103860294117647
loss=121.01502573490143, acc=0.39797794117647056
loss=120.3439964056015, acc=0.40762867647058826
loss=120.80101501941681, acc=0.4117647058823529
loss=120.17307233810425, acc=0.4177389705882353
loss=121.08053243160248, acc=0.4131433823529412
loss=118.55817067623138, acc=0.4338235294117647
loss=120.35626685619354, acc=0.42922794117647056
loss=119.84896719455719, acc=0.4250919117647059
loss=119.13504040241241, acc=0.4209558823529412
loss=121.47570466995239, acc=0.4140625
loss=120.32092297077179, acc=0.4181985294117647
loss=119.55132329463959, acc=0.43152573529411764
loss=120.067542552948, acc=0.42693014705882354
loss=121.18845438957214, acc=0.42922794117647056
loss=120.22079479694366, acc=0.4333639705882353
loss=120.50953435897827, acc=0.43933823529411764
loss=119.23376041650772, acc=0.4329044117647059
loss=120.92187237739563, acc=0.43612132352941174
loss=119.04207146167755, acc=0.44255514705882354
loss=119.13148701190948, acc=0.4416360294117647
loss=120.20363593101501, acc=0.4411764705882353
loss=119.21476137638092, acc=0.43106617647058826
loss=119.9218966960907, acc=0.4411764705882353
loss=120.59296607971191, acc=0.4420955882352941
loss=120.75698399543762, acc=0.43887867647058826
loss=121.72600889205933, acc=0.4333639705882353
loss=121.83494436740875, acc=0.4443933823529412
loss=122.31977415084839, acc=0.4407169117647059
loss=120.97327768802643, acc=0.4397977941176471
loss=122.59370309114456, acc=0.4420955882352941
loss=121.39397549629211, acc=0.4453125
loss=125.1214747428894, acc=0.4319852941176471
loss=121.21420502662659, acc=0.45036764705882354
loss=121.20088720321655, acc=0.44806985294117646
loss=120.09060990810394, acc=0.4494485294117647
loss=119.83359324932098, acc=0.4420955882352941
loss=121.82970345020294, acc=0.44669117647058826
loss=119.86864817142487, acc=0.4430147058823529
loss=119.43932127952576, acc=0.46369485294117646
loss=121.21135365962982, acc=0.45450367647058826
Files already downloaded and verified
Files already downloaded and verified
Testing on full test set: 313, 1444.056717157364, 0.3204
Testing on partial test set: 14, 94.56166934967041, 0.12304250559284116
