DEBUG flower 2021-04-08 12:10:09,125 | connection.py:36 | ChannelConnectivity.IDLE
DEBUG flower 2021-04-08 12:10:09,127 | connection.py:36 | ChannelConnectivity.READY
INFO flower 2021-04-08 12:10:09,127 | app.py:63 | Opened (insecure) gRPC connection
DEBUG flower 2021-04-08 12:10:18,150 | numpy_client.py:172 | fit, FitIns(clock=0)
INFO flower 2021-04-08 12:10:18,150 | numpy_client.py:184 | Cache is stale, return ReadIns
DEBUG flower 2021-04-08 12:10:18,353 | numpy_client.py:228 | read: ReadRes(clock=-1)
DEBUG flower 2021-04-08 12:10:18,371 | numpy_client.py:172 | fit, FitIns(clock=0)
DEBUG flower 2021-04-08 12:10:18,371 | numpy_client.py:260 | cached_clock: -1, curr_clock: 0
DEBUG flower 2021-04-08 12:10:21,728 | model_wrapper.py:21 | Load existing initial model
INFO flower 2021-04-08 12:10:21,732 | numpy_client.py:205 | Cache is fresh, return FitRes(clock=0)
DEBUG flower 2021-04-08 12:10:21,800 | numpy_client.py:172 | fit, FitIns(clock=1)
DEBUG flower 2021-04-08 12:10:21,800 | numpy_client.py:260 | cached_clock: -1, curr_clock: 1
INFO flower 2021-04-08 12:10:25,120 | numpy_client.py:205 | Cache is fresh, return FitRes(clock=1)
DEBUG flower 2021-04-08 12:10:32,586 | numpy_client.py:172 | fit, FitIns(clock=2)
DEBUG flower 2021-04-08 12:10:32,586 | numpy_client.py:260 | cached_clock: -1, curr_clock: 2
INFO flower 2021-04-08 12:10:35,824 | numpy_client.py:205 | Cache is fresh, return FitRes(clock=2)
DEBUG flower 2021-04-08 12:10:35,846 | numpy_client.py:172 | fit, FitIns(clock=3)
DEBUG flower 2021-04-08 12:10:35,846 | numpy_client.py:260 | cached_clock: -1, curr_clock: 3
INFO flower 2021-04-08 12:10:39,151 | numpy_client.py:205 | Cache is fresh, return FitRes(clock=3)
DEBUG flower 2021-04-08 12:10:47,905 | numpy_client.py:172 | fit, FitIns(clock=4)
DEBUG flower 2021-04-08 12:10:47,905 | numpy_client.py:260 | cached_clock: -1, curr_clock: 4
INFO flower 2021-04-08 12:10:51,212 | numpy_client.py:205 | Cache is fresh, return FitRes(clock=4)
DEBUG flower 2021-04-08 12:10:51,235 | numpy_client.py:172 | fit, FitIns(clock=5)
DEBUG flower 2021-04-08 12:10:51,235 | numpy_client.py:260 | cached_clock: -1, curr_clock: 5
INFO flower 2021-04-08 12:10:51,235 | numpy_client.py:184 | Cache is stale, return ReadIns
DEBUG flower 2021-04-08 12:10:51,250 | numpy_client.py:228 | read: ReadRes(clock=1)
DEBUG flower 2021-04-08 12:10:51,258 | numpy_client.py:172 | fit, FitIns(clock=5)
DEBUG flower 2021-04-08 12:10:51,258 | numpy_client.py:260 | cached_clock: 1, curr_clock: 5
INFO flower 2021-04-08 12:10:54,526 | numpy_client.py:205 | Cache is fresh, return FitRes(clock=5)
DEBUG flower 2021-04-08 12:11:01,943 | numpy_client.py:172 | fit, FitIns(clock=6)
DEBUG flower 2021-04-08 12:11:01,943 | numpy_client.py:260 | cached_clock: 1, curr_clock: 6
INFO flower 2021-04-08 12:11:05,312 | numpy_client.py:205 | Cache is fresh, return FitRes(clock=6)
DEBUG flower 2021-04-08 12:11:05,336 | numpy_client.py:172 | fit, FitIns(clock=7)
DEBUG flower 2021-04-08 12:11:05,336 | numpy_client.py:260 | cached_clock: 1, curr_clock: 7
INFO flower 2021-04-08 12:11:05,336 | numpy_client.py:184 | Cache is stale, return ReadIns
DEBUG flower 2021-04-08 12:11:05,352 | numpy_client.py:228 | read: ReadRes(clock=2)
DEBUG flower 2021-04-08 12:11:05,359 | numpy_client.py:172 | fit, FitIns(clock=7)
DEBUG flower 2021-04-08 12:11:05,359 | numpy_client.py:260 | cached_clock: 2, curr_clock: 7
INFO flower 2021-04-08 12:11:08,651 | numpy_client.py:205 | Cache is fresh, return FitRes(clock=7)
DEBUG flower 2021-04-08 12:11:15,282 | numpy_client.py:172 | fit, FitIns(clock=8)
DEBUG flower 2021-04-08 12:11:15,283 | numpy_client.py:260 | cached_clock: 2, curr_clock: 8
INFO flower 2021-04-08 12:11:15,283 | numpy_client.py:184 | Cache is stale, return ReadIns
DEBUG flower 2021-04-08 12:11:15,304 | numpy_client.py:228 | read: ReadRes(clock=3)
DEBUG flower 2021-04-08 12:11:15,312 | numpy_client.py:172 | fit, FitIns(clock=8)
DEBUG flower 2021-04-08 12:11:15,312 | numpy_client.py:260 | cached_clock: 3, curr_clock: 8
INFO flower 2021-04-08 12:11:18,538 | numpy_client.py:205 | Cache is fresh, return FitRes(clock=8)
DEBUG flower 2021-04-08 12:11:18,561 | numpy_client.py:172 | fit, FitIns(clock=9)
DEBUG flower 2021-04-08 12:11:18,561 | numpy_client.py:260 | cached_clock: 3, curr_clock: 9
INFO flower 2021-04-08 12:11:18,562 | numpy_client.py:184 | Cache is stale, return ReadIns
DEBUG flower 2021-04-08 12:11:19,515 | numpy_client.py:228 | read: ReadRes(clock=4)
DEBUG flower 2021-04-08 12:11:19,522 | numpy_client.py:172 | fit, FitIns(clock=9)
DEBUG flower 2021-04-08 12:11:19,523 | numpy_client.py:260 | cached_clock: 4, curr_clock: 9
INFO flower 2021-04-08 12:11:22,733 | numpy_client.py:205 | Cache is fresh, return FitRes(clock=9)
DEBUG flower 2021-04-08 12:11:28,730 | numpy_client.py:172 | fit, FitIns(clock=10)
DEBUG flower 2021-04-08 12:11:28,730 | numpy_client.py:260 | cached_clock: 4, curr_clock: 10
INFO flower 2021-04-08 12:11:28,730 | numpy_client.py:184 | Cache is stale, return ReadIns
DEBUG flower 2021-04-08 12:11:33,149 | numpy_client.py:228 | read: ReadRes(clock=5)
DEBUG flower 2021-04-08 12:11:33,158 | numpy_client.py:172 | fit, FitIns(clock=10)
DEBUG flower 2021-04-08 12:11:33,159 | numpy_client.py:260 | cached_clock: 5, curr_clock: 10
INFO flower 2021-04-08 12:11:36,409 | numpy_client.py:205 | Cache is fresh, return FitRes(clock=10)
DEBUG flower 2021-04-08 12:11:42,262 | numpy_client.py:172 | fit, FitIns(clock=11)
DEBUG flower 2021-04-08 12:11:42,262 | numpy_client.py:260 | cached_clock: 5, curr_clock: 11
INFO flower 2021-04-08 12:11:42,262 | numpy_client.py:184 | Cache is stale, return ReadIns
DEBUG flower 2021-04-08 12:11:47,062 | numpy_client.py:228 | read: ReadRes(clock=6)
DEBUG flower 2021-04-08 12:11:47,069 | numpy_client.py:172 | fit, FitIns(clock=11)
DEBUG flower 2021-04-08 12:11:47,069 | numpy_client.py:260 | cached_clock: 6, curr_clock: 11
INFO flower 2021-04-08 12:11:50,449 | numpy_client.py:205 | Cache is fresh, return FitRes(clock=11)
DEBUG flower 2021-04-08 12:11:55,722 | numpy_client.py:172 | fit, FitIns(clock=12)
DEBUG flower 2021-04-08 12:11:55,722 | numpy_client.py:260 | cached_clock: 6, curr_clock: 12
INFO flower 2021-04-08 12:11:55,722 | numpy_client.py:184 | Cache is stale, return ReadIns
DEBUG flower 2021-04-08 12:12:00,134 | numpy_client.py:228 | read: ReadRes(clock=7)
DEBUG flower 2021-04-08 12:12:00,142 | numpy_client.py:172 | fit, FitIns(clock=12)
DEBUG flower 2021-04-08 12:12:00,142 | numpy_client.py:260 | cached_clock: 7, curr_clock: 12
INFO flower 2021-04-08 12:12:03,352 | numpy_client.py:205 | Cache is fresh, return FitRes(clock=12)
DEBUG flower 2021-04-08 12:12:09,091 | numpy_client.py:172 | fit, FitIns(clock=13)
DEBUG flower 2021-04-08 12:12:09,091 | numpy_client.py:260 | cached_clock: 7, curr_clock: 13
INFO flower 2021-04-08 12:12:09,092 | numpy_client.py:184 | Cache is stale, return ReadIns
DEBUG flower 2021-04-08 12:12:13,436 | numpy_client.py:228 | read: ReadRes(clock=8)
DEBUG flower 2021-04-08 12:12:13,442 | numpy_client.py:172 | fit, FitIns(clock=13)
DEBUG flower 2021-04-08 12:12:13,443 | numpy_client.py:260 | cached_clock: 8, curr_clock: 13
INFO flower 2021-04-08 12:12:16,605 | numpy_client.py:205 | Cache is fresh, return FitRes(clock=13)
DEBUG flower 2021-04-08 12:12:22,311 | numpy_client.py:172 | fit, FitIns(clock=14)
DEBUG flower 2021-04-08 12:12:22,311 | numpy_client.py:260 | cached_clock: 8, curr_clock: 14
INFO flower 2021-04-08 12:12:22,312 | numpy_client.py:184 | Cache is stale, return ReadIns
DEBUG flower 2021-04-08 12:12:26,844 | numpy_client.py:228 | read: ReadRes(clock=9)
DEBUG flower 2021-04-08 12:12:26,852 | numpy_client.py:172 | fit, FitIns(clock=14)
DEBUG flower 2021-04-08 12:12:26,852 | numpy_client.py:260 | cached_clock: 9, curr_clock: 14
INFO flower 2021-04-08 12:12:30,206 | numpy_client.py:205 | Cache is fresh, return FitRes(clock=14)
DEBUG flower 2021-04-08 12:12:35,537 | numpy_client.py:172 | fit, FitIns(clock=15)
DEBUG flower 2021-04-08 12:12:35,537 | numpy_client.py:260 | cached_clock: 9, curr_clock: 15
INFO flower 2021-04-08 12:12:35,538 | numpy_client.py:184 | Cache is stale, return ReadIns
DEBUG flower 2021-04-08 12:12:39,934 | numpy_client.py:228 | read: ReadRes(clock=10)
DEBUG flower 2021-04-08 12:12:39,941 | numpy_client.py:172 | fit, FitIns(clock=15)
DEBUG flower 2021-04-08 12:12:39,941 | numpy_client.py:260 | cached_clock: 10, curr_clock: 15
INFO flower 2021-04-08 12:12:43,032 | numpy_client.py:205 | Cache is fresh, return FitRes(clock=15)
DEBUG flower 2021-04-08 12:12:48,813 | numpy_client.py:172 | fit, FitIns(clock=16)
DEBUG flower 2021-04-08 12:12:48,813 | numpy_client.py:260 | cached_clock: 10, curr_clock: 16
INFO flower 2021-04-08 12:12:48,814 | numpy_client.py:184 | Cache is stale, return ReadIns
DEBUG flower 2021-04-08 12:12:53,316 | numpy_client.py:228 | read: ReadRes(clock=11)
DEBUG flower 2021-04-08 12:12:53,324 | numpy_client.py:172 | fit, FitIns(clock=16)
DEBUG flower 2021-04-08 12:12:53,324 | numpy_client.py:260 | cached_clock: 11, curr_clock: 16
INFO flower 2021-04-08 12:12:56,615 | numpy_client.py:205 | Cache is fresh, return FitRes(clock=16)
DEBUG flower 2021-04-08 12:13:02,268 | numpy_client.py:172 | fit, FitIns(clock=17)
DEBUG flower 2021-04-08 12:13:02,268 | numpy_client.py:260 | cached_clock: 11, curr_clock: 17
INFO flower 2021-04-08 12:13:02,268 | numpy_client.py:184 | Cache is stale, return ReadIns
DEBUG flower 2021-04-08 12:13:06,954 | numpy_client.py:228 | read: ReadRes(clock=12)
DEBUG flower 2021-04-08 12:13:06,962 | numpy_client.py:172 | fit, FitIns(clock=17)
DEBUG flower 2021-04-08 12:13:06,962 | numpy_client.py:260 | cached_clock: 12, curr_clock: 17
INFO flower 2021-04-08 12:13:10,220 | numpy_client.py:205 | Cache is fresh, return FitRes(clock=17)
DEBUG flower 2021-04-08 12:13:16,418 | numpy_client.py:172 | fit, FitIns(clock=18)
DEBUG flower 2021-04-08 12:13:16,419 | numpy_client.py:260 | cached_clock: 12, curr_clock: 18
INFO flower 2021-04-08 12:13:16,419 | numpy_client.py:184 | Cache is stale, return ReadIns
DEBUG flower 2021-04-08 12:13:21,042 | numpy_client.py:228 | read: ReadRes(clock=13)
DEBUG flower 2021-04-08 12:13:21,049 | numpy_client.py:172 | fit, FitIns(clock=18)
DEBUG flower 2021-04-08 12:13:21,049 | numpy_client.py:260 | cached_clock: 13, curr_clock: 18
INFO flower 2021-04-08 12:13:24,431 | numpy_client.py:205 | Cache is fresh, return FitRes(clock=18)
DEBUG flower 2021-04-08 12:13:30,262 | numpy_client.py:172 | fit, FitIns(clock=19)
DEBUG flower 2021-04-08 12:13:30,262 | numpy_client.py:260 | cached_clock: 13, curr_clock: 19
INFO flower 2021-04-08 12:13:30,263 | numpy_client.py:184 | Cache is stale, return ReadIns
DEBUG flower 2021-04-08 12:13:34,739 | numpy_client.py:228 | read: ReadRes(clock=14)
DEBUG flower 2021-04-08 12:13:34,747 | numpy_client.py:172 | fit, FitIns(clock=19)
DEBUG flower 2021-04-08 12:13:34,747 | numpy_client.py:260 | cached_clock: 14, curr_clock: 19
INFO flower 2021-04-08 12:13:38,030 | numpy_client.py:205 | Cache is fresh, return FitRes(clock=19)
DEBUG flower 2021-04-08 12:13:43,701 | numpy_client.py:172 | fit, FitIns(clock=20)
DEBUG flower 2021-04-08 12:13:43,702 | numpy_client.py:260 | cached_clock: 14, curr_clock: 20
INFO flower 2021-04-08 12:13:43,702 | numpy_client.py:184 | Cache is stale, return ReadIns
DEBUG flower 2021-04-08 12:13:48,052 | numpy_client.py:228 | read: ReadRes(clock=15)
DEBUG flower 2021-04-08 12:13:48,060 | numpy_client.py:172 | fit, FitIns(clock=20)
DEBUG flower 2021-04-08 12:13:48,060 | numpy_client.py:260 | cached_clock: 15, curr_clock: 20
INFO flower 2021-04-08 12:13:51,523 | numpy_client.py:205 | Cache is fresh, return FitRes(clock=20)
DEBUG flower 2021-04-08 12:13:57,148 | numpy_client.py:172 | fit, FitIns(clock=21)
DEBUG flower 2021-04-08 12:13:57,148 | numpy_client.py:260 | cached_clock: 15, curr_clock: 21
INFO flower 2021-04-08 12:13:57,149 | numpy_client.py:184 | Cache is stale, return ReadIns
DEBUG flower 2021-04-08 12:14:01,654 | numpy_client.py:228 | read: ReadRes(clock=16)
DEBUG flower 2021-04-08 12:14:01,661 | numpy_client.py:172 | fit, FitIns(clock=21)
DEBUG flower 2021-04-08 12:14:01,661 | numpy_client.py:260 | cached_clock: 16, curr_clock: 21
INFO flower 2021-04-08 12:14:05,017 | numpy_client.py:205 | Cache is fresh, return FitRes(clock=21)
DEBUG flower 2021-04-08 12:14:10,790 | numpy_client.py:172 | fit, FitIns(clock=22)
DEBUG flower 2021-04-08 12:14:10,790 | numpy_client.py:260 | cached_clock: 16, curr_clock: 22
INFO flower 2021-04-08 12:14:10,790 | numpy_client.py:184 | Cache is stale, return ReadIns
DEBUG flower 2021-04-08 12:14:15,556 | numpy_client.py:228 | read: ReadRes(clock=17)
DEBUG flower 2021-04-08 12:14:15,563 | numpy_client.py:172 | fit, FitIns(clock=22)
DEBUG flower 2021-04-08 12:14:15,564 | numpy_client.py:260 | cached_clock: 17, curr_clock: 22
INFO flower 2021-04-08 12:14:18,720 | numpy_client.py:205 | Cache is fresh, return FitRes(clock=22)
DEBUG flower 2021-04-08 12:14:24,374 | numpy_client.py:172 | fit, FitIns(clock=23)
DEBUG flower 2021-04-08 12:14:24,374 | numpy_client.py:260 | cached_clock: 17, curr_clock: 23
INFO flower 2021-04-08 12:14:24,374 | numpy_client.py:184 | Cache is stale, return ReadIns
DEBUG flower 2021-04-08 12:14:28,752 | numpy_client.py:228 | read: ReadRes(clock=18)
DEBUG flower 2021-04-08 12:14:28,760 | numpy_client.py:172 | fit, FitIns(clock=23)
DEBUG flower 2021-04-08 12:14:28,760 | numpy_client.py:260 | cached_clock: 18, curr_clock: 23
INFO flower 2021-04-08 12:14:32,011 | numpy_client.py:205 | Cache is fresh, return FitRes(clock=23)
DEBUG flower 2021-04-08 12:14:37,076 | numpy_client.py:172 | fit, FitIns(clock=24)
DEBUG flower 2021-04-08 12:14:37,076 | numpy_client.py:260 | cached_clock: 18, curr_clock: 24
INFO flower 2021-04-08 12:14:37,077 | numpy_client.py:184 | Cache is stale, return ReadIns
DEBUG flower 2021-04-08 12:14:41,641 | numpy_client.py:228 | read: ReadRes(clock=19)
DEBUG flower 2021-04-08 12:14:41,649 | numpy_client.py:172 | fit, FitIns(clock=24)
DEBUG flower 2021-04-08 12:14:41,649 | numpy_client.py:260 | cached_clock: 19, curr_clock: 24
INFO flower 2021-04-08 12:14:45,027 | numpy_client.py:205 | Cache is fresh, return FitRes(clock=24)
DEBUG flower 2021-04-08 12:14:50,243 | numpy_client.py:172 | fit, FitIns(clock=25)
DEBUG flower 2021-04-08 12:14:50,243 | numpy_client.py:260 | cached_clock: 19, curr_clock: 25
INFO flower 2021-04-08 12:14:50,244 | numpy_client.py:184 | Cache is stale, return ReadIns
DEBUG flower 2021-04-08 12:14:54,943 | numpy_client.py:228 | read: ReadRes(clock=20)
DEBUG flower 2021-04-08 12:14:54,951 | numpy_client.py:172 | fit, FitIns(clock=25)
DEBUG flower 2021-04-08 12:14:54,951 | numpy_client.py:260 | cached_clock: 20, curr_clock: 25
INFO flower 2021-04-08 12:14:58,253 | numpy_client.py:205 | Cache is fresh, return FitRes(clock=25)
DEBUG flower 2021-04-08 12:15:03,949 | numpy_client.py:172 | fit, FitIns(clock=26)
DEBUG flower 2021-04-08 12:15:03,949 | numpy_client.py:260 | cached_clock: 20, curr_clock: 26
INFO flower 2021-04-08 12:15:03,950 | numpy_client.py:184 | Cache is stale, return ReadIns
DEBUG flower 2021-04-08 12:15:08,316 | numpy_client.py:228 | read: ReadRes(clock=21)
DEBUG flower 2021-04-08 12:15:08,329 | numpy_client.py:172 | fit, FitIns(clock=26)
DEBUG flower 2021-04-08 12:15:08,330 | numpy_client.py:260 | cached_clock: 21, curr_clock: 26
INFO flower 2021-04-08 12:15:11,710 | numpy_client.py:205 | Cache is fresh, return FitRes(clock=26)
DEBUG flower 2021-04-08 12:15:17,816 | numpy_client.py:172 | fit, FitIns(clock=27)
DEBUG flower 2021-04-08 12:15:17,816 | numpy_client.py:260 | cached_clock: 21, curr_clock: 27
INFO flower 2021-04-08 12:15:17,816 | numpy_client.py:184 | Cache is stale, return ReadIns
DEBUG flower 2021-04-08 12:15:22,324 | numpy_client.py:228 | read: ReadRes(clock=22)
DEBUG flower 2021-04-08 12:15:22,331 | numpy_client.py:172 | fit, FitIns(clock=27)
DEBUG flower 2021-04-08 12:15:22,331 | numpy_client.py:260 | cached_clock: 22, curr_clock: 27
INFO flower 2021-04-08 12:15:25,721 | numpy_client.py:205 | Cache is fresh, return FitRes(clock=27)
DEBUG flower 2021-04-08 12:15:31,381 | numpy_client.py:172 | fit, FitIns(clock=28)
DEBUG flower 2021-04-08 12:15:31,382 | numpy_client.py:260 | cached_clock: 22, curr_clock: 28
INFO flower 2021-04-08 12:15:31,382 | numpy_client.py:184 | Cache is stale, return ReadIns
DEBUG flower 2021-04-08 12:15:35,838 | numpy_client.py:228 | read: ReadRes(clock=23)
DEBUG flower 2021-04-08 12:15:35,846 | numpy_client.py:172 | fit, FitIns(clock=28)
DEBUG flower 2021-04-08 12:15:35,846 | numpy_client.py:260 | cached_clock: 23, curr_clock: 28
INFO flower 2021-04-08 12:15:39,120 | numpy_client.py:205 | Cache is fresh, return FitRes(clock=28)
DEBUG flower 2021-04-08 12:15:44,932 | numpy_client.py:172 | fit, FitIns(clock=29)
DEBUG flower 2021-04-08 12:15:44,933 | numpy_client.py:260 | cached_clock: 23, curr_clock: 29
INFO flower 2021-04-08 12:15:44,933 | numpy_client.py:184 | Cache is stale, return ReadIns
DEBUG flower 2021-04-08 12:15:49,224 | numpy_client.py:228 | read: ReadRes(clock=24)
DEBUG flower 2021-04-08 12:15:49,231 | numpy_client.py:172 | fit, FitIns(clock=29)
DEBUG flower 2021-04-08 12:15:49,232 | numpy_client.py:260 | cached_clock: 24, curr_clock: 29
INFO flower 2021-04-08 12:15:52,528 | numpy_client.py:205 | Cache is fresh, return FitRes(clock=29)
DEBUG flower 2021-04-08 12:15:58,252 | numpy_client.py:172 | fit, FitIns(clock=30)
DEBUG flower 2021-04-08 12:15:58,252 | numpy_client.py:260 | cached_clock: 24, curr_clock: 30
INFO flower 2021-04-08 12:15:58,252 | numpy_client.py:184 | Cache is stale, return ReadIns
DEBUG flower 2021-04-08 12:16:02,746 | numpy_client.py:228 | read: ReadRes(clock=25)
DEBUG flower 2021-04-08 12:16:02,754 | numpy_client.py:172 | fit, FitIns(clock=30)
DEBUG flower 2021-04-08 12:16:02,754 | numpy_client.py:260 | cached_clock: 25, curr_clock: 30
INFO flower 2021-04-08 12:16:06,024 | numpy_client.py:205 | Cache is fresh, return FitRes(clock=30)
DEBUG flower 2021-04-08 12:16:11,864 | numpy_client.py:172 | fit, FitIns(clock=31)
DEBUG flower 2021-04-08 12:16:11,864 | numpy_client.py:260 | cached_clock: 25, curr_clock: 31
INFO flower 2021-04-08 12:16:11,864 | numpy_client.py:184 | Cache is stale, return ReadIns
DEBUG flower 2021-04-08 12:16:16,361 | numpy_client.py:228 | read: ReadRes(clock=26)
DEBUG flower 2021-04-08 12:16:16,368 | numpy_client.py:172 | fit, FitIns(clock=31)
DEBUG flower 2021-04-08 12:16:16,369 | numpy_client.py:260 | cached_clock: 26, curr_clock: 31
INFO flower 2021-04-08 12:16:19,722 | numpy_client.py:205 | Cache is fresh, return FitRes(clock=31)
DEBUG flower 2021-04-08 12:16:25,390 | numpy_client.py:172 | fit, FitIns(clock=32)
DEBUG flower 2021-04-08 12:16:25,390 | numpy_client.py:260 | cached_clock: 26, curr_clock: 32
INFO flower 2021-04-08 12:16:25,390 | numpy_client.py:184 | Cache is stale, return ReadIns
DEBUG flower 2021-04-08 12:16:29,832 | numpy_client.py:228 | read: ReadRes(clock=27)
DEBUG flower 2021-04-08 12:16:29,839 | numpy_client.py:172 | fit, FitIns(clock=32)
DEBUG flower 2021-04-08 12:16:29,839 | numpy_client.py:260 | cached_clock: 27, curr_clock: 32
INFO flower 2021-04-08 12:16:33,215 | numpy_client.py:205 | Cache is fresh, return FitRes(clock=32)
DEBUG flower 2021-04-08 12:16:38,772 | numpy_client.py:172 | fit, FitIns(clock=33)
DEBUG flower 2021-04-08 12:16:38,772 | numpy_client.py:260 | cached_clock: 27, curr_clock: 33
INFO flower 2021-04-08 12:16:38,772 | numpy_client.py:184 | Cache is stale, return ReadIns
DEBUG flower 2021-04-08 12:16:43,235 | numpy_client.py:228 | read: ReadRes(clock=28)
DEBUG flower 2021-04-08 12:16:43,242 | numpy_client.py:172 | fit, FitIns(clock=33)
DEBUG flower 2021-04-08 12:16:43,242 | numpy_client.py:260 | cached_clock: 28, curr_clock: 33
INFO flower 2021-04-08 12:16:46,423 | numpy_client.py:205 | Cache is fresh, return FitRes(clock=33)
DEBUG flower 2021-04-08 12:16:52,339 | numpy_client.py:172 | fit, FitIns(clock=34)
DEBUG flower 2021-04-08 12:16:52,339 | numpy_client.py:260 | cached_clock: 28, curr_clock: 34
INFO flower 2021-04-08 12:16:52,339 | numpy_client.py:184 | Cache is stale, return ReadIns
DEBUG flower 2021-04-08 12:16:56,905 | numpy_client.py:228 | read: ReadRes(clock=29)
DEBUG flower 2021-04-08 12:16:56,913 | numpy_client.py:172 | fit, FitIns(clock=34)
DEBUG flower 2021-04-08 12:16:56,913 | numpy_client.py:260 | cached_clock: 29, curr_clock: 34
INFO flower 2021-04-08 12:17:00,208 | numpy_client.py:205 | Cache is fresh, return FitRes(clock=34)
DEBUG flower 2021-04-08 12:17:05,382 | numpy_client.py:172 | fit, FitIns(clock=35)
DEBUG flower 2021-04-08 12:17:05,382 | numpy_client.py:260 | cached_clock: 29, curr_clock: 35
INFO flower 2021-04-08 12:17:05,383 | numpy_client.py:184 | Cache is stale, return ReadIns
DEBUG flower 2021-04-08 12:17:10,122 | numpy_client.py:228 | read: ReadRes(clock=30)
DEBUG flower 2021-04-08 12:17:10,133 | numpy_client.py:172 | fit, FitIns(clock=35)
DEBUG flower 2021-04-08 12:17:10,134 | numpy_client.py:260 | cached_clock: 30, curr_clock: 35
INFO flower 2021-04-08 12:17:13,410 | numpy_client.py:205 | Cache is fresh, return FitRes(clock=35)
DEBUG flower 2021-04-08 12:17:18,783 | numpy_client.py:172 | fit, FitIns(clock=36)
DEBUG flower 2021-04-08 12:17:18,783 | numpy_client.py:260 | cached_clock: 30, curr_clock: 36
INFO flower 2021-04-08 12:17:18,783 | numpy_client.py:184 | Cache is stale, return ReadIns
DEBUG flower 2021-04-08 12:17:23,022 | numpy_client.py:228 | read: ReadRes(clock=31)
DEBUG flower 2021-04-08 12:17:23,029 | numpy_client.py:172 | fit, FitIns(clock=36)
DEBUG flower 2021-04-08 12:17:23,029 | numpy_client.py:260 | cached_clock: 31, curr_clock: 36
INFO flower 2021-04-08 12:17:26,408 | numpy_client.py:205 | Cache is fresh, return FitRes(clock=36)
DEBUG flower 2021-04-08 12:17:32,076 | numpy_client.py:172 | fit, FitIns(clock=37)
DEBUG flower 2021-04-08 12:17:32,076 | numpy_client.py:260 | cached_clock: 31, curr_clock: 37
INFO flower 2021-04-08 12:17:32,077 | numpy_client.py:184 | Cache is stale, return ReadIns
DEBUG flower 2021-04-08 12:17:36,705 | numpy_client.py:228 | read: ReadRes(clock=32)
DEBUG flower 2021-04-08 12:17:36,713 | numpy_client.py:172 | fit, FitIns(clock=37)
DEBUG flower 2021-04-08 12:17:36,713 | numpy_client.py:260 | cached_clock: 32, curr_clock: 37
INFO flower 2021-04-08 12:17:40,043 | numpy_client.py:205 | Cache is fresh, return FitRes(clock=37)
DEBUG flower 2021-04-08 12:17:45,823 | numpy_client.py:172 | fit, FitIns(clock=38)
DEBUG flower 2021-04-08 12:17:45,823 | numpy_client.py:260 | cached_clock: 32, curr_clock: 38
INFO flower 2021-04-08 12:17:45,823 | numpy_client.py:184 | Cache is stale, return ReadIns
DEBUG flower 2021-04-08 12:17:50,338 | numpy_client.py:228 | read: ReadRes(clock=33)
DEBUG flower 2021-04-08 12:17:50,346 | numpy_client.py:172 | fit, FitIns(clock=38)
DEBUG flower 2021-04-08 12:17:50,346 | numpy_client.py:260 | cached_clock: 33, curr_clock: 38
INFO flower 2021-04-08 12:17:53,717 | numpy_client.py:205 | Cache is fresh, return FitRes(clock=38)
DEBUG flower 2021-04-08 12:17:59,327 | numpy_client.py:172 | fit, FitIns(clock=39)
DEBUG flower 2021-04-08 12:17:59,327 | numpy_client.py:260 | cached_clock: 33, curr_clock: 39
INFO flower 2021-04-08 12:17:59,327 | numpy_client.py:184 | Cache is stale, return ReadIns
DEBUG flower 2021-04-08 12:18:03,827 | numpy_client.py:228 | read: ReadRes(clock=34)
DEBUG flower 2021-04-08 12:18:03,835 | numpy_client.py:172 | fit, FitIns(clock=39)
DEBUG flower 2021-04-08 12:18:03,835 | numpy_client.py:260 | cached_clock: 34, curr_clock: 39
INFO flower 2021-04-08 12:18:07,011 | numpy_client.py:205 | Cache is fresh, return FitRes(clock=39)
DEBUG flower 2021-04-08 12:18:12,661 | numpy_client.py:172 | fit, FitIns(clock=40)
DEBUG flower 2021-04-08 12:18:12,661 | numpy_client.py:260 | cached_clock: 34, curr_clock: 40
INFO flower 2021-04-08 12:18:12,661 | numpy_client.py:184 | Cache is stale, return ReadIns
DEBUG flower 2021-04-08 12:18:17,530 | numpy_client.py:228 | read: ReadRes(clock=35)
DEBUG flower 2021-04-08 12:18:17,537 | numpy_client.py:172 | fit, FitIns(clock=40)
DEBUG flower 2021-04-08 12:18:17,537 | numpy_client.py:260 | cached_clock: 35, curr_clock: 40
INFO flower 2021-04-08 12:18:21,025 | numpy_client.py:205 | Cache is fresh, return FitRes(clock=40)
DEBUG flower 2021-04-08 12:18:26,845 | numpy_client.py:172 | fit, FitIns(clock=41)
DEBUG flower 2021-04-08 12:18:26,846 | numpy_client.py:260 | cached_clock: 35, curr_clock: 41
INFO flower 2021-04-08 12:18:26,846 | numpy_client.py:184 | Cache is stale, return ReadIns
DEBUG flower 2021-04-08 12:18:31,846 | numpy_client.py:228 | read: ReadRes(clock=36)
DEBUG flower 2021-04-08 12:18:31,854 | numpy_client.py:172 | fit, FitIns(clock=41)
DEBUG flower 2021-04-08 12:18:31,854 | numpy_client.py:260 | cached_clock: 36, curr_clock: 41
INFO flower 2021-04-08 12:18:35,023 | numpy_client.py:205 | Cache is fresh, return FitRes(clock=41)
DEBUG flower 2021-04-08 12:18:40,776 | numpy_client.py:172 | fit, FitIns(clock=42)
DEBUG flower 2021-04-08 12:18:40,776 | numpy_client.py:260 | cached_clock: 36, curr_clock: 42
INFO flower 2021-04-08 12:18:40,776 | numpy_client.py:184 | Cache is stale, return ReadIns
DEBUG flower 2021-04-08 12:18:45,204 | numpy_client.py:228 | read: ReadRes(clock=37)
DEBUG flower 2021-04-08 12:18:45,211 | numpy_client.py:172 | fit, FitIns(clock=42)
DEBUG flower 2021-04-08 12:18:45,212 | numpy_client.py:260 | cached_clock: 37, curr_clock: 42
INFO flower 2021-04-08 12:18:48,524 | numpy_client.py:205 | Cache is fresh, return FitRes(clock=42)
DEBUG flower 2021-04-08 12:18:54,280 | numpy_client.py:172 | fit, FitIns(clock=43)
DEBUG flower 2021-04-08 12:18:54,280 | numpy_client.py:260 | cached_clock: 37, curr_clock: 43
INFO flower 2021-04-08 12:18:54,280 | numpy_client.py:184 | Cache is stale, return ReadIns
DEBUG flower 2021-04-08 12:18:58,817 | numpy_client.py:228 | read: ReadRes(clock=38)
DEBUG flower 2021-04-08 12:18:58,825 | numpy_client.py:172 | fit, FitIns(clock=43)
DEBUG flower 2021-04-08 12:18:58,825 | numpy_client.py:260 | cached_clock: 38, curr_clock: 43
INFO flower 2021-04-08 12:19:02,212 | numpy_client.py:205 | Cache is fresh, return FitRes(clock=43)
DEBUG flower 2021-04-08 12:19:09,174 | numpy_client.py:172 | fit, FitIns(clock=44)
DEBUG flower 2021-04-08 12:19:09,174 | numpy_client.py:260 | cached_clock: 38, curr_clock: 44
INFO flower 2021-04-08 12:19:09,175 | numpy_client.py:184 | Cache is stale, return ReadIns
DEBUG flower 2021-04-08 12:19:13,932 | numpy_client.py:228 | read: ReadRes(clock=39)
DEBUG flower 2021-04-08 12:19:13,940 | numpy_client.py:172 | fit, FitIns(clock=44)
DEBUG flower 2021-04-08 12:19:13,940 | numpy_client.py:260 | cached_clock: 39, curr_clock: 44
INFO flower 2021-04-08 12:19:17,207 | numpy_client.py:205 | Cache is fresh, return FitRes(clock=44)
DEBUG flower 2021-04-08 12:19:22,901 | numpy_client.py:172 | fit, FitIns(clock=45)
DEBUG flower 2021-04-08 12:19:22,901 | numpy_client.py:260 | cached_clock: 39, curr_clock: 45
INFO flower 2021-04-08 12:19:22,902 | numpy_client.py:184 | Cache is stale, return ReadIns
DEBUG flower 2021-04-08 12:19:27,550 | numpy_client.py:228 | read: ReadRes(clock=40)
DEBUG flower 2021-04-08 12:19:27,557 | numpy_client.py:172 | fit, FitIns(clock=45)
DEBUG flower 2021-04-08 12:19:27,557 | numpy_client.py:260 | cached_clock: 40, curr_clock: 45
INFO flower 2021-04-08 12:19:30,914 | numpy_client.py:205 | Cache is fresh, return FitRes(clock=45)
DEBUG flower 2021-04-08 12:19:36,655 | numpy_client.py:172 | fit, FitIns(clock=46)
DEBUG flower 2021-04-08 12:19:36,655 | numpy_client.py:260 | cached_clock: 40, curr_clock: 46
INFO flower 2021-04-08 12:19:36,655 | numpy_client.py:184 | Cache is stale, return ReadIns
DEBUG flower 2021-04-08 12:19:41,349 | numpy_client.py:228 | read: ReadRes(clock=41)
DEBUG flower 2021-04-08 12:19:41,357 | numpy_client.py:172 | fit, FitIns(clock=46)
DEBUG flower 2021-04-08 12:19:41,357 | numpy_client.py:260 | cached_clock: 41, curr_clock: 46
INFO flower 2021-04-08 12:19:44,519 | numpy_client.py:205 | Cache is fresh, return FitRes(clock=46)
DEBUG flower 2021-04-08 12:19:50,795 | numpy_client.py:172 | fit, FitIns(clock=47)
DEBUG flower 2021-04-08 12:19:50,796 | numpy_client.py:260 | cached_clock: 41, curr_clock: 47
INFO flower 2021-04-08 12:19:50,796 | numpy_client.py:184 | Cache is stale, return ReadIns
DEBUG flower 2021-04-08 12:19:55,735 | numpy_client.py:228 | read: ReadRes(clock=42)
DEBUG flower 2021-04-08 12:19:55,743 | numpy_client.py:172 | fit, FitIns(clock=47)
DEBUG flower 2021-04-08 12:19:55,743 | numpy_client.py:260 | cached_clock: 42, curr_clock: 47
INFO flower 2021-04-08 12:19:58,908 | numpy_client.py:205 | Cache is fresh, return FitRes(clock=47)
DEBUG flower 2021-04-08 12:20:04,614 | numpy_client.py:172 | fit, FitIns(clock=48)
DEBUG flower 2021-04-08 12:20:04,614 | numpy_client.py:260 | cached_clock: 42, curr_clock: 48
INFO flower 2021-04-08 12:20:04,615 | numpy_client.py:184 | Cache is stale, return ReadIns
DEBUG flower 2021-04-08 12:20:09,228 | numpy_client.py:228 | read: ReadRes(clock=43)
DEBUG flower 2021-04-08 12:20:09,236 | numpy_client.py:172 | fit, FitIns(clock=48)
DEBUG flower 2021-04-08 12:20:09,236 | numpy_client.py:260 | cached_clock: 43, curr_clock: 48
INFO flower 2021-04-08 12:20:12,625 | numpy_client.py:205 | Cache is fresh, return FitRes(clock=48)
DEBUG flower 2021-04-08 12:20:18,425 | numpy_client.py:172 | fit, FitIns(clock=49)
DEBUG flower 2021-04-08 12:20:18,425 | numpy_client.py:260 | cached_clock: 43, curr_clock: 49
INFO flower 2021-04-08 12:20:18,425 | numpy_client.py:184 | Cache is stale, return ReadIns
DEBUG flower 2021-04-08 12:20:23,156 | numpy_client.py:228 | read: ReadRes(clock=44)
DEBUG flower 2021-04-08 12:20:23,164 | numpy_client.py:172 | fit, FitIns(clock=49)
DEBUG flower 2021-04-08 12:20:23,164 | numpy_client.py:260 | cached_clock: 44, curr_clock: 49
INFO flower 2021-04-08 12:20:26,520 | numpy_client.py:205 | Cache is fresh, return FitRes(clock=49)
DEBUG flower 2021-04-08 12:20:32,148 | numpy_client.py:172 | fit, FitIns(clock=50)
DEBUG flower 2021-04-08 12:20:32,148 | numpy_client.py:260 | cached_clock: 44, curr_clock: 50
INFO flower 2021-04-08 12:20:32,148 | numpy_client.py:184 | Cache is stale, return ReadIns
DEBUG flower 2021-04-08 12:20:36,647 | numpy_client.py:228 | read: ReadRes(clock=45)
DEBUG flower 2021-04-08 12:20:36,654 | numpy_client.py:172 | fit, FitIns(clock=50)
DEBUG flower 2021-04-08 12:20:36,654 | numpy_client.py:260 | cached_clock: 45, curr_clock: 50
INFO flower 2021-04-08 12:20:39,921 | numpy_client.py:205 | Cache is fresh, return FitRes(clock=50)
DEBUG flower 2021-04-08 12:20:45,487 | numpy_client.py:172 | fit, FitIns(clock=51)
DEBUG flower 2021-04-08 12:20:45,487 | numpy_client.py:260 | cached_clock: 45, curr_clock: 51
INFO flower 2021-04-08 12:20:45,488 | numpy_client.py:184 | Cache is stale, return ReadIns
DEBUG flower 2021-04-08 12:20:50,140 | numpy_client.py:228 | read: ReadRes(clock=46)
DEBUG flower 2021-04-08 12:20:50,147 | numpy_client.py:172 | fit, FitIns(clock=51)
DEBUG flower 2021-04-08 12:20:50,148 | numpy_client.py:260 | cached_clock: 46, curr_clock: 51
INFO flower 2021-04-08 12:20:53,510 | numpy_client.py:205 | Cache is fresh, return FitRes(clock=51)
DEBUG flower 2021-04-08 12:20:58,804 | numpy_client.py:172 | fit, FitIns(clock=52)
DEBUG flower 2021-04-08 12:20:58,805 | numpy_client.py:260 | cached_clock: 46, curr_clock: 52
INFO flower 2021-04-08 12:20:58,805 | numpy_client.py:184 | Cache is stale, return ReadIns
DEBUG flower 2021-04-08 12:21:03,649 | numpy_client.py:228 | read: ReadRes(clock=47)
DEBUG flower 2021-04-08 12:21:03,656 | numpy_client.py:172 | fit, FitIns(clock=52)
DEBUG flower 2021-04-08 12:21:03,657 | numpy_client.py:260 | cached_clock: 47, curr_clock: 52
INFO flower 2021-04-08 12:21:06,943 | numpy_client.py:205 | Cache is fresh, return FitRes(clock=52)
DEBUG flower 2021-04-08 12:21:13,032 | numpy_client.py:172 | fit, FitIns(clock=53)
DEBUG flower 2021-04-08 12:21:13,032 | numpy_client.py:260 | cached_clock: 47, curr_clock: 53
INFO flower 2021-04-08 12:21:13,032 | numpy_client.py:184 | Cache is stale, return ReadIns
DEBUG flower 2021-04-08 12:21:17,333 | numpy_client.py:228 | read: ReadRes(clock=48)
DEBUG flower 2021-04-08 12:21:17,340 | numpy_client.py:172 | fit, FitIns(clock=53)
DEBUG flower 2021-04-08 12:21:17,340 | numpy_client.py:260 | cached_clock: 48, curr_clock: 53
INFO flower 2021-04-08 12:21:20,721 | numpy_client.py:205 | Cache is fresh, return FitRes(clock=53)
DEBUG flower 2021-04-08 12:21:26,683 | numpy_client.py:172 | fit, FitIns(clock=54)
DEBUG flower 2021-04-08 12:21:26,684 | numpy_client.py:260 | cached_clock: 48, curr_clock: 54
INFO flower 2021-04-08 12:21:26,684 | numpy_client.py:184 | Cache is stale, return ReadIns
DEBUG flower 2021-04-08 12:21:31,110 | numpy_client.py:228 | read: ReadRes(clock=49)
DEBUG flower 2021-04-08 12:21:31,118 | numpy_client.py:172 | fit, FitIns(clock=54)
DEBUG flower 2021-04-08 12:21:31,118 | numpy_client.py:260 | cached_clock: 49, curr_clock: 54
INFO flower 2021-04-08 12:21:34,521 | numpy_client.py:205 | Cache is fresh, return FitRes(clock=54)
DEBUG flower 2021-04-08 12:21:40,114 | numpy_client.py:172 | fit, FitIns(clock=55)
DEBUG flower 2021-04-08 12:21:40,115 | numpy_client.py:260 | cached_clock: 49, curr_clock: 55
INFO flower 2021-04-08 12:21:40,115 | numpy_client.py:184 | Cache is stale, return ReadIns
DEBUG flower 2021-04-08 12:21:44,532 | numpy_client.py:228 | read: ReadRes(clock=50)
DEBUG flower 2021-04-08 12:21:44,539 | numpy_client.py:172 | fit, FitIns(clock=55)
DEBUG flower 2021-04-08 12:21:44,539 | numpy_client.py:260 | cached_clock: 50, curr_clock: 55
INFO flower 2021-04-08 12:21:48,009 | numpy_client.py:205 | Cache is fresh, return FitRes(clock=55)
DEBUG flower 2021-04-08 12:21:54,053 | numpy_client.py:172 | fit, FitIns(clock=56)
DEBUG flower 2021-04-08 12:21:54,053 | numpy_client.py:260 | cached_clock: 50, curr_clock: 56
INFO flower 2021-04-08 12:21:54,053 | numpy_client.py:184 | Cache is stale, return ReadIns
DEBUG flower 2021-04-08 12:21:58,526 | numpy_client.py:228 | read: ReadRes(clock=51)
DEBUG flower 2021-04-08 12:21:58,534 | numpy_client.py:172 | fit, FitIns(clock=56)
DEBUG flower 2021-04-08 12:21:58,534 | numpy_client.py:260 | cached_clock: 51, curr_clock: 56
INFO flower 2021-04-08 12:22:01,740 | numpy_client.py:205 | Cache is fresh, return FitRes(clock=56)
DEBUG flower 2021-04-08 12:22:07,660 | numpy_client.py:172 | fit, FitIns(clock=57)
DEBUG flower 2021-04-08 12:22:07,660 | numpy_client.py:260 | cached_clock: 51, curr_clock: 57
INFO flower 2021-04-08 12:22:07,660 | numpy_client.py:184 | Cache is stale, return ReadIns
DEBUG flower 2021-04-08 12:22:12,024 | numpy_client.py:228 | read: ReadRes(clock=52)
DEBUG flower 2021-04-08 12:22:12,031 | numpy_client.py:172 | fit, FitIns(clock=57)
DEBUG flower 2021-04-08 12:22:12,031 | numpy_client.py:260 | cached_clock: 52, curr_clock: 57
INFO flower 2021-04-08 12:22:15,221 | numpy_client.py:205 | Cache is fresh, return FitRes(clock=57)
DEBUG flower 2021-04-08 12:22:21,156 | numpy_client.py:172 | fit, FitIns(clock=58)
DEBUG flower 2021-04-08 12:22:21,156 | numpy_client.py:260 | cached_clock: 52, curr_clock: 58
INFO flower 2021-04-08 12:22:21,156 | numpy_client.py:184 | Cache is stale, return ReadIns
DEBUG flower 2021-04-08 12:22:25,835 | numpy_client.py:228 | read: ReadRes(clock=53)
DEBUG flower 2021-04-08 12:22:25,843 | numpy_client.py:172 | fit, FitIns(clock=58)
DEBUG flower 2021-04-08 12:22:25,843 | numpy_client.py:260 | cached_clock: 53, curr_clock: 58
INFO flower 2021-04-08 12:22:29,211 | numpy_client.py:205 | Cache is fresh, return FitRes(clock=58)
DEBUG flower 2021-04-08 12:22:34,497 | numpy_client.py:172 | fit, FitIns(clock=59)
DEBUG flower 2021-04-08 12:22:34,498 | numpy_client.py:260 | cached_clock: 53, curr_clock: 59
INFO flower 2021-04-08 12:22:34,498 | numpy_client.py:184 | Cache is stale, return ReadIns
DEBUG flower 2021-04-08 12:22:39,251 | numpy_client.py:228 | read: ReadRes(clock=54)
DEBUG flower 2021-04-08 12:22:39,258 | numpy_client.py:172 | fit, FitIns(clock=59)
DEBUG flower 2021-04-08 12:22:39,258 | numpy_client.py:260 | cached_clock: 54, curr_clock: 59
INFO flower 2021-04-08 12:22:42,712 | numpy_client.py:205 | Cache is fresh, return FitRes(clock=59)
DEBUG flower 2021-04-08 12:22:48,410 | numpy_client.py:172 | fit, FitIns(clock=60)
DEBUG flower 2021-04-08 12:22:48,410 | numpy_client.py:260 | cached_clock: 54, curr_clock: 60
INFO flower 2021-04-08 12:22:48,410 | numpy_client.py:184 | Cache is stale, return ReadIns
DEBUG flower 2021-04-08 12:22:52,800 | numpy_client.py:228 | read: ReadRes(clock=55)
DEBUG flower 2021-04-08 12:22:52,808 | numpy_client.py:172 | fit, FitIns(clock=60)
DEBUG flower 2021-04-08 12:22:52,808 | numpy_client.py:260 | cached_clock: 55, curr_clock: 60
INFO flower 2021-04-08 12:22:56,121 | numpy_client.py:205 | Cache is fresh, return FitRes(clock=60)
DEBUG flower 2021-04-08 12:23:02,188 | numpy_client.py:172 | fit, FitIns(clock=61)
DEBUG flower 2021-04-08 12:23:02,188 | numpy_client.py:260 | cached_clock: 55, curr_clock: 61
INFO flower 2021-04-08 12:23:02,189 | numpy_client.py:184 | Cache is stale, return ReadIns
DEBUG flower 2021-04-08 12:23:07,205 | numpy_client.py:228 | read: ReadRes(clock=56)
DEBUG flower 2021-04-08 12:23:07,212 | numpy_client.py:172 | fit, FitIns(clock=61)
DEBUG flower 2021-04-08 12:23:07,212 | numpy_client.py:260 | cached_clock: 56, curr_clock: 61
INFO flower 2021-04-08 12:23:10,709 | numpy_client.py:205 | Cache is fresh, return FitRes(clock=61)
DEBUG flower 2021-04-08 12:23:16,247 | numpy_client.py:172 | fit, FitIns(clock=62)
DEBUG flower 2021-04-08 12:23:16,247 | numpy_client.py:260 | cached_clock: 56, curr_clock: 62
INFO flower 2021-04-08 12:23:16,247 | numpy_client.py:184 | Cache is stale, return ReadIns
DEBUG flower 2021-04-08 12:23:20,441 | numpy_client.py:228 | read: ReadRes(clock=57)
DEBUG flower 2021-04-08 12:23:20,449 | numpy_client.py:172 | fit, FitIns(clock=62)
DEBUG flower 2021-04-08 12:23:20,449 | numpy_client.py:260 | cached_clock: 57, curr_clock: 62
INFO flower 2021-04-08 12:23:23,726 | numpy_client.py:205 | Cache is fresh, return FitRes(clock=62)
DEBUG flower 2021-04-08 12:23:29,973 | numpy_client.py:172 | fit, FitIns(clock=63)
DEBUG flower 2021-04-08 12:23:29,974 | numpy_client.py:260 | cached_clock: 57, curr_clock: 63
INFO flower 2021-04-08 12:23:29,974 | numpy_client.py:184 | Cache is stale, return ReadIns
DEBUG flower 2021-04-08 12:23:34,834 | numpy_client.py:228 | read: ReadRes(clock=58)
DEBUG flower 2021-04-08 12:23:34,841 | numpy_client.py:172 | fit, FitIns(clock=63)
DEBUG flower 2021-04-08 12:23:34,841 | numpy_client.py:260 | cached_clock: 58, curr_clock: 63
INFO flower 2021-04-08 12:23:38,118 | numpy_client.py:205 | Cache is fresh, return FitRes(clock=63)
DEBUG flower 2021-04-08 12:23:43,822 | numpy_client.py:172 | fit, FitIns(clock=64)
DEBUG flower 2021-04-08 12:23:43,822 | numpy_client.py:260 | cached_clock: 58, curr_clock: 64
INFO flower 2021-04-08 12:23:43,822 | numpy_client.py:184 | Cache is stale, return ReadIns
DEBUG flower 2021-04-08 12:23:48,279 | numpy_client.py:228 | read: ReadRes(clock=59)
DEBUG flower 2021-04-08 12:23:48,287 | numpy_client.py:172 | fit, FitIns(clock=64)
DEBUG flower 2021-04-08 12:23:48,287 | numpy_client.py:260 | cached_clock: 59, curr_clock: 64
INFO flower 2021-04-08 12:23:51,624 | numpy_client.py:205 | Cache is fresh, return FitRes(clock=64)
DEBUG flower 2021-04-08 12:23:57,519 | numpy_client.py:172 | fit, FitIns(clock=65)
DEBUG flower 2021-04-08 12:23:57,519 | numpy_client.py:260 | cached_clock: 59, curr_clock: 65
INFO flower 2021-04-08 12:23:57,520 | numpy_client.py:184 | Cache is stale, return ReadIns
DEBUG flower 2021-04-08 12:24:02,405 | numpy_client.py:228 | read: ReadRes(clock=60)
DEBUG flower 2021-04-08 12:24:02,413 | numpy_client.py:172 | fit, FitIns(clock=65)
DEBUG flower 2021-04-08 12:24:02,413 | numpy_client.py:260 | cached_clock: 60, curr_clock: 65
INFO flower 2021-04-08 12:24:05,652 | numpy_client.py:205 | Cache is fresh, return FitRes(clock=65)
DEBUG flower 2021-04-08 12:24:11,337 | numpy_client.py:172 | fit, FitIns(clock=66)
DEBUG flower 2021-04-08 12:24:11,337 | numpy_client.py:260 | cached_clock: 60, curr_clock: 66
INFO flower 2021-04-08 12:24:11,337 | numpy_client.py:184 | Cache is stale, return ReadIns
DEBUG flower 2021-04-08 12:24:16,108 | numpy_client.py:228 | read: ReadRes(clock=61)
DEBUG flower 2021-04-08 12:24:16,115 | numpy_client.py:172 | fit, FitIns(clock=66)
DEBUG flower 2021-04-08 12:24:16,115 | numpy_client.py:260 | cached_clock: 61, curr_clock: 66
INFO flower 2021-04-08 12:24:19,422 | numpy_client.py:205 | Cache is fresh, return FitRes(clock=66)
DEBUG flower 2021-04-08 12:24:24,928 | numpy_client.py:172 | fit, FitIns(clock=67)
DEBUG flower 2021-04-08 12:24:24,928 | numpy_client.py:260 | cached_clock: 61, curr_clock: 67
INFO flower 2021-04-08 12:24:24,929 | numpy_client.py:184 | Cache is stale, return ReadIns
DEBUG flower 2021-04-08 12:24:29,840 | numpy_client.py:228 | read: ReadRes(clock=62)
DEBUG flower 2021-04-08 12:24:29,847 | numpy_client.py:172 | fit, FitIns(clock=67)
DEBUG flower 2021-04-08 12:24:29,847 | numpy_client.py:260 | cached_clock: 62, curr_clock: 67
INFO flower 2021-04-08 12:24:33,023 | numpy_client.py:205 | Cache is fresh, return FitRes(clock=67)
DEBUG flower 2021-04-08 12:24:40,269 | numpy_client.py:172 | fit, FitIns(clock=68)
DEBUG flower 2021-04-08 12:24:40,269 | numpy_client.py:260 | cached_clock: 62, curr_clock: 68
INFO flower 2021-04-08 12:24:40,269 | numpy_client.py:184 | Cache is stale, return ReadIns
DEBUG flower 2021-04-08 12:24:45,148 | numpy_client.py:228 | read: ReadRes(clock=63)
DEBUG flower 2021-04-08 12:24:45,155 | numpy_client.py:172 | fit, FitIns(clock=68)
DEBUG flower 2021-04-08 12:24:45,155 | numpy_client.py:260 | cached_clock: 63, curr_clock: 68
INFO flower 2021-04-08 12:24:48,525 | numpy_client.py:205 | Cache is fresh, return FitRes(clock=68)
DEBUG flower 2021-04-08 12:24:54,581 | numpy_client.py:172 | fit, FitIns(clock=69)
DEBUG flower 2021-04-08 12:24:54,581 | numpy_client.py:260 | cached_clock: 63, curr_clock: 69
INFO flower 2021-04-08 12:24:54,581 | numpy_client.py:184 | Cache is stale, return ReadIns
DEBUG flower 2021-04-08 12:24:59,330 | numpy_client.py:228 | read: ReadRes(clock=64)
DEBUG flower 2021-04-08 12:24:59,338 | numpy_client.py:172 | fit, FitIns(clock=69)
DEBUG flower 2021-04-08 12:24:59,338 | numpy_client.py:260 | cached_clock: 64, curr_clock: 69
INFO flower 2021-04-08 12:25:02,722 | numpy_client.py:205 | Cache is fresh, return FitRes(clock=69)
DEBUG flower 2021-04-08 12:25:08,391 | numpy_client.py:172 | fit, FitIns(clock=70)
DEBUG flower 2021-04-08 12:25:08,391 | numpy_client.py:260 | cached_clock: 64, curr_clock: 70
INFO flower 2021-04-08 12:25:08,391 | numpy_client.py:184 | Cache is stale, return ReadIns
DEBUG flower 2021-04-08 12:25:12,942 | numpy_client.py:228 | read: ReadRes(clock=65)
DEBUG flower 2021-04-08 12:25:12,949 | numpy_client.py:172 | fit, FitIns(clock=70)
DEBUG flower 2021-04-08 12:25:12,949 | numpy_client.py:260 | cached_clock: 65, curr_clock: 70
INFO flower 2021-04-08 12:25:16,411 | numpy_client.py:205 | Cache is fresh, return FitRes(clock=70)
DEBUG flower 2021-04-08 12:25:22,219 | numpy_client.py:172 | fit, FitIns(clock=71)
DEBUG flower 2021-04-08 12:25:22,219 | numpy_client.py:260 | cached_clock: 65, curr_clock: 71
INFO flower 2021-04-08 12:25:22,220 | numpy_client.py:184 | Cache is stale, return ReadIns
DEBUG flower 2021-04-08 12:25:26,936 | numpy_client.py:228 | read: ReadRes(clock=66)
DEBUG flower 2021-04-08 12:25:26,943 | numpy_client.py:172 | fit, FitIns(clock=71)
DEBUG flower 2021-04-08 12:25:26,943 | numpy_client.py:260 | cached_clock: 66, curr_clock: 71
INFO flower 2021-04-08 12:25:30,311 | numpy_client.py:205 | Cache is fresh, return FitRes(clock=71)
DEBUG flower 2021-04-08 12:25:36,587 | numpy_client.py:172 | fit, FitIns(clock=72)
DEBUG flower 2021-04-08 12:25:36,587 | numpy_client.py:260 | cached_clock: 66, curr_clock: 72
INFO flower 2021-04-08 12:25:36,587 | numpy_client.py:184 | Cache is stale, return ReadIns
DEBUG flower 2021-04-08 12:25:41,051 | numpy_client.py:228 | read: ReadRes(clock=67)
DEBUG flower 2021-04-08 12:25:41,059 | numpy_client.py:172 | fit, FitIns(clock=72)
DEBUG flower 2021-04-08 12:25:41,059 | numpy_client.py:260 | cached_clock: 67, curr_clock: 72
INFO flower 2021-04-08 12:25:44,354 | numpy_client.py:205 | Cache is fresh, return FitRes(clock=72)
DEBUG flower 2021-04-08 12:25:50,167 | numpy_client.py:172 | fit, FitIns(clock=73)
DEBUG flower 2021-04-08 12:25:50,167 | numpy_client.py:260 | cached_clock: 67, curr_clock: 73
INFO flower 2021-04-08 12:25:50,168 | numpy_client.py:184 | Cache is stale, return ReadIns
DEBUG flower 2021-04-08 12:25:54,633 | numpy_client.py:228 | read: ReadRes(clock=68)
DEBUG flower 2021-04-08 12:25:54,640 | numpy_client.py:172 | fit, FitIns(clock=73)
DEBUG flower 2021-04-08 12:25:54,640 | numpy_client.py:260 | cached_clock: 68, curr_clock: 73
INFO flower 2021-04-08 12:25:58,114 | numpy_client.py:205 | Cache is fresh, return FitRes(clock=73)
DEBUG flower 2021-04-08 12:26:03,823 | numpy_client.py:172 | fit, FitIns(clock=74)
DEBUG flower 2021-04-08 12:26:03,824 | numpy_client.py:260 | cached_clock: 68, curr_clock: 74
INFO flower 2021-04-08 12:26:03,825 | numpy_client.py:184 | Cache is stale, return ReadIns
DEBUG flower 2021-04-08 12:26:08,435 | numpy_client.py:228 | read: ReadRes(clock=69)
DEBUG flower 2021-04-08 12:26:08,443 | numpy_client.py:172 | fit, FitIns(clock=74)
DEBUG flower 2021-04-08 12:26:08,443 | numpy_client.py:260 | cached_clock: 69, curr_clock: 74
INFO flower 2021-04-08 12:26:11,724 | numpy_client.py:205 | Cache is fresh, return FitRes(clock=74)
DEBUG flower 2021-04-08 12:26:17,454 | numpy_client.py:172 | fit, FitIns(clock=75)
DEBUG flower 2021-04-08 12:26:17,454 | numpy_client.py:260 | cached_clock: 69, curr_clock: 75
INFO flower 2021-04-08 12:26:17,454 | numpy_client.py:184 | Cache is stale, return ReadIns
DEBUG flower 2021-04-08 12:26:22,068 | numpy_client.py:228 | read: ReadRes(clock=70)
DEBUG flower 2021-04-08 12:26:22,107 | numpy_client.py:172 | fit, FitIns(clock=75)
DEBUG flower 2021-04-08 12:26:22,107 | numpy_client.py:260 | cached_clock: 70, curr_clock: 75
INFO flower 2021-04-08 12:26:25,431 | numpy_client.py:205 | Cache is fresh, return FitRes(clock=75)
DEBUG flower 2021-04-08 12:26:31,095 | numpy_client.py:172 | fit, FitIns(clock=76)
DEBUG flower 2021-04-08 12:26:31,095 | numpy_client.py:260 | cached_clock: 70, curr_clock: 76
INFO flower 2021-04-08 12:26:31,095 | numpy_client.py:184 | Cache is stale, return ReadIns
DEBUG flower 2021-04-08 12:26:35,341 | numpy_client.py:228 | read: ReadRes(clock=71)
DEBUG flower 2021-04-08 12:26:35,348 | numpy_client.py:172 | fit, FitIns(clock=76)
DEBUG flower 2021-04-08 12:26:35,349 | numpy_client.py:260 | cached_clock: 71, curr_clock: 76
INFO flower 2021-04-08 12:26:38,609 | numpy_client.py:205 | Cache is fresh, return FitRes(clock=76)
DEBUG flower 2021-04-08 12:26:44,356 | numpy_client.py:172 | fit, FitIns(clock=77)
DEBUG flower 2021-04-08 12:26:44,357 | numpy_client.py:260 | cached_clock: 71, curr_clock: 77
INFO flower 2021-04-08 12:26:44,357 | numpy_client.py:184 | Cache is stale, return ReadIns
DEBUG flower 2021-04-08 12:26:48,837 | numpy_client.py:228 | read: ReadRes(clock=72)
DEBUG flower 2021-04-08 12:26:48,844 | numpy_client.py:172 | fit, FitIns(clock=77)
DEBUG flower 2021-04-08 12:26:48,844 | numpy_client.py:260 | cached_clock: 72, curr_clock: 77
INFO flower 2021-04-08 12:26:52,308 | numpy_client.py:205 | Cache is fresh, return FitRes(clock=77)
DEBUG flower 2021-04-08 12:26:57,895 | numpy_client.py:172 | fit, FitIns(clock=78)
DEBUG flower 2021-04-08 12:26:57,895 | numpy_client.py:260 | cached_clock: 72, curr_clock: 78
INFO flower 2021-04-08 12:26:57,895 | numpy_client.py:184 | Cache is stale, return ReadIns
DEBUG flower 2021-04-08 12:27:02,434 | numpy_client.py:228 | read: ReadRes(clock=73)
DEBUG flower 2021-04-08 12:27:02,441 | numpy_client.py:172 | fit, FitIns(clock=78)
DEBUG flower 2021-04-08 12:27:02,441 | numpy_client.py:260 | cached_clock: 73, curr_clock: 78
INFO flower 2021-04-08 12:27:05,807 | numpy_client.py:205 | Cache is fresh, return FitRes(clock=78)
DEBUG flower 2021-04-08 12:27:11,515 | numpy_client.py:172 | fit, FitIns(clock=79)
DEBUG flower 2021-04-08 12:27:11,515 | numpy_client.py:260 | cached_clock: 73, curr_clock: 79
INFO flower 2021-04-08 12:27:11,515 | numpy_client.py:184 | Cache is stale, return ReadIns
DEBUG flower 2021-04-08 12:27:16,039 | numpy_client.py:228 | read: ReadRes(clock=74)
DEBUG flower 2021-04-08 12:27:16,047 | numpy_client.py:172 | fit, FitIns(clock=79)
DEBUG flower 2021-04-08 12:27:16,047 | numpy_client.py:260 | cached_clock: 74, curr_clock: 79
INFO flower 2021-04-08 12:27:19,324 | numpy_client.py:205 | Cache is fresh, return FitRes(clock=79)
DEBUG flower 2021-04-08 12:27:25,167 | numpy_client.py:172 | fit, FitIns(clock=80)
DEBUG flower 2021-04-08 12:27:25,167 | numpy_client.py:260 | cached_clock: 74, curr_clock: 80
INFO flower 2021-04-08 12:27:25,168 | numpy_client.py:184 | Cache is stale, return ReadIns
DEBUG flower 2021-04-08 12:27:29,642 | numpy_client.py:228 | read: ReadRes(clock=75)
DEBUG flower 2021-04-08 12:27:29,652 | numpy_client.py:172 | fit, FitIns(clock=80)
DEBUG flower 2021-04-08 12:27:29,652 | numpy_client.py:260 | cached_clock: 75, curr_clock: 80
INFO flower 2021-04-08 12:27:33,222 | numpy_client.py:205 | Cache is fresh, return FitRes(clock=80)
DEBUG flower 2021-04-08 12:27:38,977 | numpy_client.py:172 | fit, FitIns(clock=81)
DEBUG flower 2021-04-08 12:27:38,978 | numpy_client.py:260 | cached_clock: 75, curr_clock: 81
INFO flower 2021-04-08 12:27:38,978 | numpy_client.py:184 | Cache is stale, return ReadIns
DEBUG flower 2021-04-08 12:27:43,344 | numpy_client.py:228 | read: ReadRes(clock=76)
DEBUG flower 2021-04-08 12:27:43,351 | numpy_client.py:172 | fit, FitIns(clock=81)
DEBUG flower 2021-04-08 12:27:43,351 | numpy_client.py:260 | cached_clock: 76, curr_clock: 81
INFO flower 2021-04-08 12:27:46,623 | numpy_client.py:205 | Cache is fresh, return FitRes(clock=81)
DEBUG flower 2021-04-08 12:27:52,592 | numpy_client.py:172 | fit, FitIns(clock=82)
DEBUG flower 2021-04-08 12:27:52,592 | numpy_client.py:260 | cached_clock: 76, curr_clock: 82
INFO flower 2021-04-08 12:27:52,592 | numpy_client.py:184 | Cache is stale, return ReadIns
DEBUG flower 2021-04-08 12:27:57,217 | numpy_client.py:228 | read: ReadRes(clock=77)
DEBUG flower 2021-04-08 12:27:57,224 | numpy_client.py:172 | fit, FitIns(clock=82)
DEBUG flower 2021-04-08 12:27:57,224 | numpy_client.py:260 | cached_clock: 77, curr_clock: 82
INFO flower 2021-04-08 12:28:00,721 | numpy_client.py:205 | Cache is fresh, return FitRes(clock=82)
DEBUG flower 2021-04-08 12:28:06,584 | numpy_client.py:172 | fit, FitIns(clock=83)
DEBUG flower 2021-04-08 12:28:06,584 | numpy_client.py:260 | cached_clock: 77, curr_clock: 83
INFO flower 2021-04-08 12:28:06,584 | numpy_client.py:184 | Cache is stale, return ReadIns
DEBUG flower 2021-04-08 12:28:10,954 | numpy_client.py:228 | read: ReadRes(clock=78)
DEBUG flower 2021-04-08 12:28:10,961 | numpy_client.py:172 | fit, FitIns(clock=83)
DEBUG flower 2021-04-08 12:28:10,961 | numpy_client.py:260 | cached_clock: 78, curr_clock: 83
INFO flower 2021-04-08 12:28:14,416 | numpy_client.py:205 | Cache is fresh, return FitRes(clock=83)
DEBUG flower 2021-04-08 12:28:20,589 | numpy_client.py:172 | fit, FitIns(clock=84)
DEBUG flower 2021-04-08 12:28:20,589 | numpy_client.py:260 | cached_clock: 78, curr_clock: 84
INFO flower 2021-04-08 12:28:20,590 | numpy_client.py:184 | Cache is stale, return ReadIns
DEBUG flower 2021-04-08 12:28:25,026 | numpy_client.py:228 | read: ReadRes(clock=79)
DEBUG flower 2021-04-08 12:28:25,033 | numpy_client.py:172 | fit, FitIns(clock=84)
DEBUG flower 2021-04-08 12:28:25,034 | numpy_client.py:260 | cached_clock: 79, curr_clock: 84
INFO flower 2021-04-08 12:28:28,408 | numpy_client.py:205 | Cache is fresh, return FitRes(clock=84)
DEBUG flower 2021-04-08 12:28:34,067 | numpy_client.py:172 | fit, FitIns(clock=85)
DEBUG flower 2021-04-08 12:28:34,068 | numpy_client.py:260 | cached_clock: 79, curr_clock: 85
INFO flower 2021-04-08 12:28:34,068 | numpy_client.py:184 | Cache is stale, return ReadIns
DEBUG flower 2021-04-08 12:28:38,545 | numpy_client.py:228 | read: ReadRes(clock=80)
DEBUG flower 2021-04-08 12:28:38,553 | numpy_client.py:172 | fit, FitIns(clock=85)
DEBUG flower 2021-04-08 12:28:38,553 | numpy_client.py:260 | cached_clock: 80, curr_clock: 85
INFO flower 2021-04-08 12:28:41,912 | numpy_client.py:205 | Cache is fresh, return FitRes(clock=85)
DEBUG flower 2021-04-08 12:28:47,568 | numpy_client.py:172 | fit, FitIns(clock=86)
DEBUG flower 2021-04-08 12:28:47,568 | numpy_client.py:260 | cached_clock: 80, curr_clock: 86
INFO flower 2021-04-08 12:28:47,568 | numpy_client.py:184 | Cache is stale, return ReadIns
DEBUG flower 2021-04-08 12:28:52,135 | numpy_client.py:228 | read: ReadRes(clock=81)
DEBUG flower 2021-04-08 12:28:52,143 | numpy_client.py:172 | fit, FitIns(clock=86)
DEBUG flower 2021-04-08 12:28:52,143 | numpy_client.py:260 | cached_clock: 81, curr_clock: 86
INFO flower 2021-04-08 12:28:55,605 | numpy_client.py:205 | Cache is fresh, return FitRes(clock=86)
DEBUG flower 2021-04-08 12:29:01,391 | numpy_client.py:172 | fit, FitIns(clock=87)
DEBUG flower 2021-04-08 12:29:01,392 | numpy_client.py:260 | cached_clock: 81, curr_clock: 87
INFO flower 2021-04-08 12:29:01,392 | numpy_client.py:184 | Cache is stale, return ReadIns
DEBUG flower 2021-04-08 12:29:05,727 | numpy_client.py:228 | read: ReadRes(clock=82)
DEBUG flower 2021-04-08 12:29:05,735 | numpy_client.py:172 | fit, FitIns(clock=87)
DEBUG flower 2021-04-08 12:29:05,735 | numpy_client.py:260 | cached_clock: 82, curr_clock: 87
INFO flower 2021-04-08 12:29:09,234 | numpy_client.py:205 | Cache is fresh, return FitRes(clock=87)
DEBUG flower 2021-04-08 12:29:15,251 | numpy_client.py:172 | fit, FitIns(clock=88)
DEBUG flower 2021-04-08 12:29:15,251 | numpy_client.py:260 | cached_clock: 82, curr_clock: 88
INFO flower 2021-04-08 12:29:15,252 | numpy_client.py:184 | Cache is stale, return ReadIns
DEBUG flower 2021-04-08 12:29:19,733 | numpy_client.py:228 | read: ReadRes(clock=83)
DEBUG flower 2021-04-08 12:29:19,740 | numpy_client.py:172 | fit, FitIns(clock=88)
DEBUG flower 2021-04-08 12:29:19,740 | numpy_client.py:260 | cached_clock: 83, curr_clock: 88
INFO flower 2021-04-08 12:29:23,021 | numpy_client.py:205 | Cache is fresh, return FitRes(clock=88)
DEBUG flower 2021-04-08 12:29:28,762 | numpy_client.py:172 | fit, FitIns(clock=89)
DEBUG flower 2021-04-08 12:29:28,762 | numpy_client.py:260 | cached_clock: 83, curr_clock: 89
INFO flower 2021-04-08 12:29:28,762 | numpy_client.py:184 | Cache is stale, return ReadIns
DEBUG flower 2021-04-08 12:29:33,142 | numpy_client.py:228 | read: ReadRes(clock=84)
DEBUG flower 2021-04-08 12:29:33,149 | numpy_client.py:172 | fit, FitIns(clock=89)
DEBUG flower 2021-04-08 12:29:33,150 | numpy_client.py:260 | cached_clock: 84, curr_clock: 89
INFO flower 2021-04-08 12:29:36,613 | numpy_client.py:205 | Cache is fresh, return FitRes(clock=89)
DEBUG flower 2021-04-08 12:29:42,383 | numpy_client.py:172 | fit, FitIns(clock=90)
DEBUG flower 2021-04-08 12:29:42,383 | numpy_client.py:260 | cached_clock: 84, curr_clock: 90
INFO flower 2021-04-08 12:29:42,383 | numpy_client.py:184 | Cache is stale, return ReadIns
DEBUG flower 2021-04-08 12:29:46,905 | numpy_client.py:228 | read: ReadRes(clock=85)
DEBUG flower 2021-04-08 12:29:46,913 | numpy_client.py:172 | fit, FitIns(clock=90)
DEBUG flower 2021-04-08 12:29:46,913 | numpy_client.py:260 | cached_clock: 85, curr_clock: 90
INFO flower 2021-04-08 12:29:50,222 | numpy_client.py:205 | Cache is fresh, return FitRes(clock=90)
DEBUG flower 2021-04-08 12:29:55,964 | numpy_client.py:172 | fit, FitIns(clock=91)
DEBUG flower 2021-04-08 12:29:55,965 | numpy_client.py:260 | cached_clock: 85, curr_clock: 91
INFO flower 2021-04-08 12:29:55,965 | numpy_client.py:184 | Cache is stale, return ReadIns
DEBUG flower 2021-04-08 12:30:00,719 | numpy_client.py:228 | read: ReadRes(clock=86)
DEBUG flower 2021-04-08 12:30:00,726 | numpy_client.py:172 | fit, FitIns(clock=91)
DEBUG flower 2021-04-08 12:30:00,726 | numpy_client.py:260 | cached_clock: 86, curr_clock: 91
INFO flower 2021-04-08 12:30:04,132 | numpy_client.py:205 | Cache is fresh, return FitRes(clock=91)
DEBUG flower 2021-04-08 12:30:09,764 | numpy_client.py:172 | fit, FitIns(clock=92)
DEBUG flower 2021-04-08 12:30:09,765 | numpy_client.py:260 | cached_clock: 86, curr_clock: 92
INFO flower 2021-04-08 12:30:09,765 | numpy_client.py:184 | Cache is stale, return ReadIns
DEBUG flower 2021-04-08 12:30:14,028 | numpy_client.py:228 | read: ReadRes(clock=87)
DEBUG flower 2021-04-08 12:30:14,035 | numpy_client.py:172 | fit, FitIns(clock=92)
DEBUG flower 2021-04-08 12:30:14,035 | numpy_client.py:260 | cached_clock: 87, curr_clock: 92
INFO flower 2021-04-08 12:30:17,428 | numpy_client.py:205 | Cache is fresh, return FitRes(clock=92)
DEBUG flower 2021-04-08 12:30:23,275 | numpy_client.py:172 | fit, FitIns(clock=93)
DEBUG flower 2021-04-08 12:30:23,275 | numpy_client.py:260 | cached_clock: 87, curr_clock: 93
INFO flower 2021-04-08 12:30:23,275 | numpy_client.py:184 | Cache is stale, return ReadIns
DEBUG flower 2021-04-08 12:30:27,831 | numpy_client.py:228 | read: ReadRes(clock=88)
DEBUG flower 2021-04-08 12:30:27,838 | numpy_client.py:172 | fit, FitIns(clock=93)
DEBUG flower 2021-04-08 12:30:27,838 | numpy_client.py:260 | cached_clock: 88, curr_clock: 93
INFO flower 2021-04-08 12:30:31,025 | numpy_client.py:205 | Cache is fresh, return FitRes(clock=93)
DEBUG flower 2021-04-08 12:30:37,284 | numpy_client.py:172 | fit, FitIns(clock=94)
DEBUG flower 2021-04-08 12:30:37,284 | numpy_client.py:260 | cached_clock: 88, curr_clock: 94
INFO flower 2021-04-08 12:30:37,284 | numpy_client.py:184 | Cache is stale, return ReadIns
DEBUG flower 2021-04-08 12:30:42,132 | numpy_client.py:228 | read: ReadRes(clock=89)
DEBUG flower 2021-04-08 12:30:42,140 | numpy_client.py:172 | fit, FitIns(clock=94)
DEBUG flower 2021-04-08 12:30:42,140 | numpy_client.py:260 | cached_clock: 89, curr_clock: 94
INFO flower 2021-04-08 12:30:45,520 | numpy_client.py:205 | Cache is fresh, return FitRes(clock=94)
DEBUG flower 2021-04-08 12:30:51,250 | numpy_client.py:172 | fit, FitIns(clock=95)
DEBUG flower 2021-04-08 12:30:51,251 | numpy_client.py:260 | cached_clock: 89, curr_clock: 95
INFO flower 2021-04-08 12:30:51,251 | numpy_client.py:184 | Cache is stale, return ReadIns
DEBUG flower 2021-04-08 12:30:56,107 | numpy_client.py:228 | read: ReadRes(clock=90)
DEBUG flower 2021-04-08 12:30:56,115 | numpy_client.py:172 | fit, FitIns(clock=95)
DEBUG flower 2021-04-08 12:30:56,115 | numpy_client.py:260 | cached_clock: 90, curr_clock: 95
INFO flower 2021-04-08 12:30:59,423 | numpy_client.py:205 | Cache is fresh, return FitRes(clock=95)
DEBUG flower 2021-04-08 12:31:05,284 | numpy_client.py:172 | fit, FitIns(clock=96)
DEBUG flower 2021-04-08 12:31:05,284 | numpy_client.py:260 | cached_clock: 90, curr_clock: 96
INFO flower 2021-04-08 12:31:05,284 | numpy_client.py:184 | Cache is stale, return ReadIns
DEBUG flower 2021-04-08 12:31:10,345 | numpy_client.py:228 | read: ReadRes(clock=91)
DEBUG flower 2021-04-08 12:31:10,352 | numpy_client.py:172 | fit, FitIns(clock=96)
DEBUG flower 2021-04-08 12:31:10,352 | numpy_client.py:260 | cached_clock: 91, curr_clock: 96
INFO flower 2021-04-08 12:31:13,729 | numpy_client.py:205 | Cache is fresh, return FitRes(clock=96)
DEBUG flower 2021-04-08 12:31:19,456 | numpy_client.py:172 | fit, FitIns(clock=97)
DEBUG flower 2021-04-08 12:31:19,456 | numpy_client.py:260 | cached_clock: 91, curr_clock: 97
INFO flower 2021-04-08 12:31:19,456 | numpy_client.py:184 | Cache is stale, return ReadIns
DEBUG flower 2021-04-08 12:31:24,139 | numpy_client.py:228 | read: ReadRes(clock=92)
DEBUG flower 2021-04-08 12:31:24,147 | numpy_client.py:172 | fit, FitIns(clock=97)
DEBUG flower 2021-04-08 12:31:24,147 | numpy_client.py:260 | cached_clock: 92, curr_clock: 97
INFO flower 2021-04-08 12:31:27,508 | numpy_client.py:205 | Cache is fresh, return FitRes(clock=97)
DEBUG flower 2021-04-08 12:31:33,366 | numpy_client.py:172 | fit, FitIns(clock=98)
DEBUG flower 2021-04-08 12:31:33,366 | numpy_client.py:260 | cached_clock: 92, curr_clock: 98
INFO flower 2021-04-08 12:31:33,366 | numpy_client.py:184 | Cache is stale, return ReadIns
DEBUG flower 2021-04-08 12:31:38,025 | numpy_client.py:228 | read: ReadRes(clock=93)
DEBUG flower 2021-04-08 12:31:38,032 | numpy_client.py:172 | fit, FitIns(clock=98)
DEBUG flower 2021-04-08 12:31:38,032 | numpy_client.py:260 | cached_clock: 93, curr_clock: 98
INFO flower 2021-04-08 12:31:41,304 | numpy_client.py:205 | Cache is fresh, return FitRes(clock=98)
DEBUG flower 2021-04-08 12:31:47,243 | numpy_client.py:172 | fit, FitIns(clock=99)
DEBUG flower 2021-04-08 12:31:47,243 | numpy_client.py:260 | cached_clock: 93, curr_clock: 99
INFO flower 2021-04-08 12:31:47,243 | numpy_client.py:184 | Cache is stale, return ReadIns
DEBUG flower 2021-04-08 12:31:52,229 | numpy_client.py:228 | read: ReadRes(clock=94)
DEBUG flower 2021-04-08 12:31:52,236 | numpy_client.py:172 | fit, FitIns(clock=99)
DEBUG flower 2021-04-08 12:31:52,236 | numpy_client.py:260 | cached_clock: 94, curr_clock: 99
INFO flower 2021-04-08 12:31:55,623 | numpy_client.py:205 | Cache is fresh, return FitRes(clock=99)
DEBUG flower 2021-04-08 12:31:55,624 | numpy_client.py:217 | The client finishes computing after 1297 seconds
INFO flower 2021-04-08 12:33:18,405 | numpy_client.py:250 | [32;1m Loss: 83.670, Accuracy: 13.199%[0m
DEBUG flower 2021-04-08 12:33:19,663 | connection.py:68 | Insecure gRPC channel closed
INFO flower 2021-04-08 12:33:19,663 | app.py:74 | Disconnect and shut down
Namespace(idx=6, max_delay=0, min_delay=0, num_clients=31, server_ip='10.244.37.27:8080', staleness_bound=5)
I'm client 6
Start SSP client without delay
Files already downloaded and verified
Files already downloaded and verified
[32;1mClient 6: 2154 train samples, 447 test samples[0m
loss=155.5021367073059, acc=0.13465073529411764
loss=151.23799228668213, acc=0.19761029411764705
loss=140.2243138551712, acc=0.2035845588235294
loss=117.31158232688904, acc=0.19669117647058823
loss=109.27236676216125, acc=0.24724264705882354
loss=106.79182195663452, acc=0.3056066176470588
loss=102.64301002025604, acc=0.36534926470588236
loss=98.26135742664337, acc=0.39797794117647056
loss=122.54023444652557, acc=0.29825367647058826
loss=173.31033086776733, acc=0.19071691176470587
loss=171.33277106285095, acc=0.16544117647058823
loss=150.96803724765778, acc=0.21599264705882354
loss=167.16871845722198, acc=0.17693014705882354
loss=171.23223900794983, acc=0.17830882352941177
loss=102.27183926105499, acc=0.39108455882352944
loss=95.63822185993195, acc=0.41590073529411764
loss=141.33239829540253, acc=0.265625
loss=101.17705297470093, acc=0.4094669117647059
loss=92.6178902387619, acc=0.4397977941176471
loss=89.76655375957489, acc=0.45496323529411764
loss=87.79250061511993, acc=0.46829044117647056
loss=86.16247463226318, acc=0.4788602941176471
loss=84.71426886320114, acc=0.48621323529411764
loss=83.4292876124382, acc=0.4977022058823529
loss=82.18479657173157, acc=0.5073529411764706
loss=81.01566761732101, acc=0.515625
loss=79.79293704032898, acc=0.5271139705882353
loss=78.62160795927048, acc=0.5335477941176471
loss=77.51849168539047, acc=0.5381433823529411
loss=76.58245652914047, acc=0.546875
loss=75.69847977161407, acc=0.5565257352941176
loss=74.91469877958298, acc=0.5602022058823529
loss=74.22108697891235, acc=0.5670955882352942
loss=73.52415806055069, acc=0.5749080882352942
loss=72.92384743690491, acc=0.5795036764705882
loss=72.28430050611496, acc=0.5813419117647058
loss=71.7256817817688, acc=0.5845588235294118
loss=71.20101547241211, acc=0.5905330882352942
loss=70.68969929218292, acc=0.5928308823529411
loss=70.21918135881424, acc=0.5992647058823529
loss=69.69967114925385, acc=0.6038602941176471
loss=69.29083013534546, acc=0.6043198529411765
loss=68.79587572813034, acc=0.6075367647058824
loss=68.35366088151932, acc=0.6112132352941176
loss=67.94078612327576, acc=0.6153492647058824
loss=67.52622759342194, acc=0.6158088235294118
loss=67.15841633081436, acc=0.6194852941176471
loss=66.79946899414062, acc=0.6213235294117647
loss=66.42991751432419, acc=0.6254595588235294
loss=66.11860531568527, acc=0.6245404411764706
loss=65.83829879760742, acc=0.6263786764705882
loss=65.559131026268, acc=0.6295955882352942
loss=65.30260288715363, acc=0.6268382352941176
loss=65.06945008039474, acc=0.6282169117647058
loss=64.81488341093063, acc=0.6341911764705882
loss=64.69479161500931, acc=0.6401654411764706
loss=64.58009088039398, acc=0.6369485294117647
loss=64.42537015676498, acc=0.6360294117647058
loss=64.28915452957153, acc=0.6383272058823529
loss=64.21487843990326, acc=0.6369485294117647
loss=64.21447694301605, acc=0.6378676470588235
loss=64.17187660932541, acc=0.6387867647058824
loss=64.31141585111618, acc=0.6378676470588235
loss=64.49542379379272, acc=0.6374080882352942
loss=64.63172018527985, acc=0.6374080882352942
loss=64.65749055147171, acc=0.640625
loss=64.76378631591797, acc=0.6410845588235294
loss=64.93947625160217, acc=0.6351102941176471
loss=65.11955714225769, acc=0.6378676470588235
loss=65.33893096446991, acc=0.6392463235294118
loss=65.6656209230423, acc=0.6364889705882353
loss=66.00573116540909, acc=0.6360294117647058
loss=66.24272209405899, acc=0.6355698529411765
loss=66.70054817199707, acc=0.6383272058823529
loss=67.04259693622589, acc=0.6355698529411765
loss=67.3961216211319, acc=0.6337316176470589
loss=68.02341729402542, acc=0.6346507352941176
loss=68.30878323316574, acc=0.6309742647058824
loss=68.62807941436768, acc=0.6328125
loss=69.36547243595123, acc=0.6314338235294118
loss=69.68504375219345, acc=0.6291360294117647
loss=70.18253946304321, acc=0.6314338235294118
loss=70.0248087644577, acc=0.6309742647058824
loss=69.81377482414246, acc=0.6272977941176471
loss=69.90416318178177, acc=0.6263786764705882
loss=70.60999900102615, acc=0.6217830882352942
loss=125.5766584277153, acc=0.38465073529411764
loss=66.53629684448242, acc=0.6433823529411765
loss=66.1107092499733, acc=0.6511948529411765
loss=67.84795415401459, acc=0.6456801470588235
loss=68.80508887767792, acc=0.6401654411764706
loss=69.51942282915115, acc=0.6433823529411765
loss=70.66720920801163, acc=0.6328125
loss=71.38001126050949, acc=0.6309742647058824
loss=72.29592537879944, acc=0.6259191176470589
loss=72.71629238128662, acc=0.6222426470588235
loss=72.96188795566559, acc=0.6181066176470589
loss=73.49825698137283, acc=0.6171875
loss=73.76786667108536, acc=0.6194852941176471
loss=74.44545578956604, acc=0.6204044117647058
Files already downloaded and verified
Files already downloaded and verified
Testing on full test set: 313, 1307.4939739704132, 0.3379
Testing on partial test set: 14, 83.67035818099976, 0.1319910514541387
