DEBUG flower 2021-04-08 06:36:31,348 | connection.py:36 | ChannelConnectivity.IDLE
DEBUG flower 2021-04-08 06:36:31,350 | connection.py:36 | ChannelConnectivity.CONNECTING
INFO flower 2021-04-08 06:36:31,350 | app.py:63 | Opened (insecure) gRPC connection
DEBUG flower 2021-04-08 06:36:31,371 | connection.py:36 | ChannelConnectivity.READY
DEBUG flower 2021-04-08 06:36:37,972 | numpy_client.py:172 | fit, FitIns(clock=0)
INFO flower 2021-04-08 06:36:37,972 | numpy_client.py:184 | Cache is stale, return ReadIns
DEBUG flower 2021-04-08 06:36:38,157 | numpy_client.py:228 | read: ReadRes(clock=-1)
DEBUG flower 2021-04-08 06:36:38,174 | numpy_client.py:172 | fit, FitIns(clock=0)
DEBUG flower 2021-04-08 06:36:38,175 | numpy_client.py:260 | cached_clock: -1, curr_clock: 0
INFO flower 2021-04-08 06:36:42,319 | numpy_client.py:205 | Cache is fresh, return FitRes(clock=0)
DEBUG flower 2021-04-08 06:36:42,337 | numpy_client.py:172 | fit, FitIns(clock=1)
DEBUG flower 2021-04-08 06:36:42,337 | numpy_client.py:260 | cached_clock: -1, curr_clock: 1
INFO flower 2021-04-08 06:36:42,337 | numpy_client.py:184 | Cache is stale, return ReadIns
DEBUG flower 2021-04-08 06:36:44,110 | numpy_client.py:228 | read: ReadRes(clock=0)
DEBUG flower 2021-04-08 06:36:44,117 | numpy_client.py:172 | fit, FitIns(clock=1)
DEBUG flower 2021-04-08 06:36:44,117 | numpy_client.py:260 | cached_clock: 0, curr_clock: 1
INFO flower 2021-04-08 06:36:48,416 | numpy_client.py:205 | Cache is fresh, return FitRes(clock=1)
DEBUG flower 2021-04-08 06:36:53,331 | numpy_client.py:172 | fit, FitIns(clock=2)
DEBUG flower 2021-04-08 06:36:53,331 | numpy_client.py:260 | cached_clock: 0, curr_clock: 2
INFO flower 2021-04-08 06:36:53,331 | numpy_client.py:184 | Cache is stale, return ReadIns
DEBUG flower 2021-04-08 06:36:57,623 | numpy_client.py:228 | read: ReadRes(clock=1)
DEBUG flower 2021-04-08 06:36:57,631 | numpy_client.py:172 | fit, FitIns(clock=2)
DEBUG flower 2021-04-08 06:36:57,631 | numpy_client.py:260 | cached_clock: 1, curr_clock: 2
INFO flower 2021-04-08 06:37:01,734 | numpy_client.py:205 | Cache is fresh, return FitRes(clock=2)
DEBUG flower 2021-04-08 06:37:07,411 | numpy_client.py:172 | fit, FitIns(clock=3)
DEBUG flower 2021-04-08 06:37:07,411 | numpy_client.py:260 | cached_clock: 1, curr_clock: 3
INFO flower 2021-04-08 06:37:07,411 | numpy_client.py:184 | Cache is stale, return ReadIns
DEBUG flower 2021-04-08 06:37:11,834 | numpy_client.py:228 | read: ReadRes(clock=2)
DEBUG flower 2021-04-08 06:37:11,841 | numpy_client.py:172 | fit, FitIns(clock=3)
DEBUG flower 2021-04-08 06:37:11,841 | numpy_client.py:260 | cached_clock: 2, curr_clock: 3
INFO flower 2021-04-08 06:37:16,063 | numpy_client.py:205 | Cache is fresh, return FitRes(clock=3)
DEBUG flower 2021-04-08 06:37:20,821 | numpy_client.py:172 | fit, FitIns(clock=4)
DEBUG flower 2021-04-08 06:37:20,821 | numpy_client.py:260 | cached_clock: 2, curr_clock: 4
INFO flower 2021-04-08 06:37:20,821 | numpy_client.py:184 | Cache is stale, return ReadIns
DEBUG flower 2021-04-08 06:37:25,411 | numpy_client.py:228 | read: ReadRes(clock=3)
DEBUG flower 2021-04-08 06:37:25,419 | numpy_client.py:172 | fit, FitIns(clock=4)
DEBUG flower 2021-04-08 06:37:25,419 | numpy_client.py:260 | cached_clock: 3, curr_clock: 4
INFO flower 2021-04-08 06:37:29,535 | numpy_client.py:205 | Cache is fresh, return FitRes(clock=4)
DEBUG flower 2021-04-08 06:37:34,833 | numpy_client.py:172 | fit, FitIns(clock=5)
DEBUG flower 2021-04-08 06:37:34,833 | numpy_client.py:260 | cached_clock: 3, curr_clock: 5
INFO flower 2021-04-08 06:37:34,833 | numpy_client.py:184 | Cache is stale, return ReadIns
DEBUG flower 2021-04-08 06:37:39,110 | numpy_client.py:228 | read: ReadRes(clock=4)
DEBUG flower 2021-04-08 06:37:39,124 | numpy_client.py:172 | fit, FitIns(clock=5)
DEBUG flower 2021-04-08 06:37:39,124 | numpy_client.py:260 | cached_clock: 4, curr_clock: 5
INFO flower 2021-04-08 06:37:43,448 | numpy_client.py:205 | Cache is fresh, return FitRes(clock=5)
DEBUG flower 2021-04-08 06:37:48,304 | numpy_client.py:172 | fit, FitIns(clock=6)
DEBUG flower 2021-04-08 06:37:48,304 | numpy_client.py:260 | cached_clock: 4, curr_clock: 6
INFO flower 2021-04-08 06:37:48,304 | numpy_client.py:184 | Cache is stale, return ReadIns
DEBUG flower 2021-04-08 06:37:52,710 | numpy_client.py:228 | read: ReadRes(clock=5)
DEBUG flower 2021-04-08 06:37:52,718 | numpy_client.py:172 | fit, FitIns(clock=6)
DEBUG flower 2021-04-08 06:37:52,718 | numpy_client.py:260 | cached_clock: 5, curr_clock: 6
INFO flower 2021-04-08 06:37:56,930 | numpy_client.py:205 | Cache is fresh, return FitRes(clock=6)
DEBUG flower 2021-04-08 06:38:02,126 | numpy_client.py:172 | fit, FitIns(clock=7)
DEBUG flower 2021-04-08 06:38:02,126 | numpy_client.py:260 | cached_clock: 5, curr_clock: 7
INFO flower 2021-04-08 06:38:02,127 | numpy_client.py:184 | Cache is stale, return ReadIns
DEBUG flower 2021-04-08 06:38:07,024 | numpy_client.py:228 | read: ReadRes(clock=6)
DEBUG flower 2021-04-08 06:38:07,032 | numpy_client.py:172 | fit, FitIns(clock=7)
DEBUG flower 2021-04-08 06:38:07,032 | numpy_client.py:260 | cached_clock: 6, curr_clock: 7
INFO flower 2021-04-08 06:38:11,217 | numpy_client.py:205 | Cache is fresh, return FitRes(clock=7)
DEBUG flower 2021-04-08 06:38:15,889 | numpy_client.py:172 | fit, FitIns(clock=8)
DEBUG flower 2021-04-08 06:38:15,889 | numpy_client.py:260 | cached_clock: 6, curr_clock: 8
INFO flower 2021-04-08 06:38:15,889 | numpy_client.py:184 | Cache is stale, return ReadIns
DEBUG flower 2021-04-08 06:38:20,712 | numpy_client.py:228 | read: ReadRes(clock=7)
DEBUG flower 2021-04-08 06:38:20,720 | numpy_client.py:172 | fit, FitIns(clock=8)
DEBUG flower 2021-04-08 06:38:20,720 | numpy_client.py:260 | cached_clock: 7, curr_clock: 8
INFO flower 2021-04-08 06:38:25,032 | numpy_client.py:205 | Cache is fresh, return FitRes(clock=8)
DEBUG flower 2021-04-08 06:38:29,419 | numpy_client.py:172 | fit, FitIns(clock=9)
DEBUG flower 2021-04-08 06:38:29,419 | numpy_client.py:260 | cached_clock: 7, curr_clock: 9
INFO flower 2021-04-08 06:38:29,419 | numpy_client.py:184 | Cache is stale, return ReadIns
DEBUG flower 2021-04-08 06:38:33,553 | numpy_client.py:228 | read: ReadRes(clock=8)
DEBUG flower 2021-04-08 06:38:33,561 | numpy_client.py:172 | fit, FitIns(clock=9)
DEBUG flower 2021-04-08 06:38:33,561 | numpy_client.py:260 | cached_clock: 8, curr_clock: 9
INFO flower 2021-04-08 06:38:37,631 | numpy_client.py:205 | Cache is fresh, return FitRes(clock=9)
DEBUG flower 2021-04-08 06:38:42,502 | numpy_client.py:172 | fit, FitIns(clock=10)
DEBUG flower 2021-04-08 06:38:42,502 | numpy_client.py:260 | cached_clock: 8, curr_clock: 10
INFO flower 2021-04-08 06:38:42,502 | numpy_client.py:184 | Cache is stale, return ReadIns
DEBUG flower 2021-04-08 06:38:46,931 | numpy_client.py:228 | read: ReadRes(clock=9)
DEBUG flower 2021-04-08 06:38:46,939 | numpy_client.py:172 | fit, FitIns(clock=10)
DEBUG flower 2021-04-08 06:38:46,939 | numpy_client.py:260 | cached_clock: 9, curr_clock: 10
INFO flower 2021-04-08 06:38:50,927 | numpy_client.py:205 | Cache is fresh, return FitRes(clock=10)
DEBUG flower 2021-04-08 06:38:56,823 | numpy_client.py:172 | fit, FitIns(clock=11)
DEBUG flower 2021-04-08 06:38:56,823 | numpy_client.py:260 | cached_clock: 9, curr_clock: 11
INFO flower 2021-04-08 06:38:56,823 | numpy_client.py:184 | Cache is stale, return ReadIns
DEBUG flower 2021-04-08 06:39:01,441 | numpy_client.py:228 | read: ReadRes(clock=10)
DEBUG flower 2021-04-08 06:39:01,449 | numpy_client.py:172 | fit, FitIns(clock=11)
DEBUG flower 2021-04-08 06:39:01,449 | numpy_client.py:260 | cached_clock: 10, curr_clock: 11
INFO flower 2021-04-08 06:39:05,524 | numpy_client.py:205 | Cache is fresh, return FitRes(clock=11)
DEBUG flower 2021-04-08 06:39:10,802 | numpy_client.py:172 | fit, FitIns(clock=12)
DEBUG flower 2021-04-08 06:39:10,803 | numpy_client.py:260 | cached_clock: 10, curr_clock: 12
INFO flower 2021-04-08 06:39:10,803 | numpy_client.py:184 | Cache is stale, return ReadIns
DEBUG flower 2021-04-08 06:39:15,065 | numpy_client.py:228 | read: ReadRes(clock=11)
DEBUG flower 2021-04-08 06:39:15,072 | numpy_client.py:172 | fit, FitIns(clock=12)
DEBUG flower 2021-04-08 06:39:15,072 | numpy_client.py:260 | cached_clock: 11, curr_clock: 12
INFO flower 2021-04-08 06:39:19,231 | numpy_client.py:205 | Cache is fresh, return FitRes(clock=12)
DEBUG flower 2021-04-08 06:39:24,511 | numpy_client.py:172 | fit, FitIns(clock=13)
DEBUG flower 2021-04-08 06:39:24,512 | numpy_client.py:260 | cached_clock: 11, curr_clock: 13
INFO flower 2021-04-08 06:39:24,512 | numpy_client.py:184 | Cache is stale, return ReadIns
DEBUG flower 2021-04-08 06:39:29,126 | numpy_client.py:228 | read: ReadRes(clock=12)
DEBUG flower 2021-04-08 06:39:29,133 | numpy_client.py:172 | fit, FitIns(clock=13)
DEBUG flower 2021-04-08 06:39:29,133 | numpy_client.py:260 | cached_clock: 12, curr_clock: 13
INFO flower 2021-04-08 06:39:33,229 | numpy_client.py:205 | Cache is fresh, return FitRes(clock=13)
DEBUG flower 2021-04-08 06:39:38,523 | numpy_client.py:172 | fit, FitIns(clock=14)
DEBUG flower 2021-04-08 06:39:38,523 | numpy_client.py:260 | cached_clock: 12, curr_clock: 14
INFO flower 2021-04-08 06:39:38,524 | numpy_client.py:184 | Cache is stale, return ReadIns
DEBUG flower 2021-04-08 06:39:43,010 | numpy_client.py:228 | read: ReadRes(clock=13)
DEBUG flower 2021-04-08 06:39:43,018 | numpy_client.py:172 | fit, FitIns(clock=14)
DEBUG flower 2021-04-08 06:39:43,018 | numpy_client.py:260 | cached_clock: 13, curr_clock: 14
INFO flower 2021-04-08 06:39:47,435 | numpy_client.py:205 | Cache is fresh, return FitRes(clock=14)
DEBUG flower 2021-04-08 06:39:52,259 | numpy_client.py:172 | fit, FitIns(clock=15)
DEBUG flower 2021-04-08 06:39:52,260 | numpy_client.py:260 | cached_clock: 13, curr_clock: 15
INFO flower 2021-04-08 06:39:52,260 | numpy_client.py:184 | Cache is stale, return ReadIns
DEBUG flower 2021-04-08 06:39:56,810 | numpy_client.py:228 | read: ReadRes(clock=14)
DEBUG flower 2021-04-08 06:39:56,818 | numpy_client.py:172 | fit, FitIns(clock=15)
DEBUG flower 2021-04-08 06:39:56,818 | numpy_client.py:260 | cached_clock: 14, curr_clock: 15
INFO flower 2021-04-08 06:40:01,214 | numpy_client.py:205 | Cache is fresh, return FitRes(clock=15)
DEBUG flower 2021-04-08 06:40:06,023 | numpy_client.py:172 | fit, FitIns(clock=16)
DEBUG flower 2021-04-08 06:40:06,024 | numpy_client.py:260 | cached_clock: 14, curr_clock: 16
INFO flower 2021-04-08 06:40:06,024 | numpy_client.py:184 | Cache is stale, return ReadIns
DEBUG flower 2021-04-08 06:40:10,595 | numpy_client.py:228 | read: ReadRes(clock=15)
DEBUG flower 2021-04-08 06:40:10,603 | numpy_client.py:172 | fit, FitIns(clock=16)
DEBUG flower 2021-04-08 06:40:10,603 | numpy_client.py:260 | cached_clock: 15, curr_clock: 16
INFO flower 2021-04-08 06:40:14,734 | numpy_client.py:205 | Cache is fresh, return FitRes(clock=16)
DEBUG flower 2021-04-08 06:40:19,897 | numpy_client.py:172 | fit, FitIns(clock=17)
DEBUG flower 2021-04-08 06:40:19,897 | numpy_client.py:260 | cached_clock: 15, curr_clock: 17
INFO flower 2021-04-08 06:40:19,898 | numpy_client.py:184 | Cache is stale, return ReadIns
DEBUG flower 2021-04-08 06:40:24,421 | numpy_client.py:228 | read: ReadRes(clock=16)
DEBUG flower 2021-04-08 06:40:24,428 | numpy_client.py:172 | fit, FitIns(clock=17)
DEBUG flower 2021-04-08 06:40:24,428 | numpy_client.py:260 | cached_clock: 16, curr_clock: 17
INFO flower 2021-04-08 06:40:28,715 | numpy_client.py:205 | Cache is fresh, return FitRes(clock=17)
DEBUG flower 2021-04-08 06:40:33,372 | numpy_client.py:172 | fit, FitIns(clock=18)
DEBUG flower 2021-04-08 06:40:33,372 | numpy_client.py:260 | cached_clock: 16, curr_clock: 18
INFO flower 2021-04-08 06:40:33,372 | numpy_client.py:184 | Cache is stale, return ReadIns
DEBUG flower 2021-04-08 06:40:38,016 | numpy_client.py:228 | read: ReadRes(clock=17)
DEBUG flower 2021-04-08 06:40:38,024 | numpy_client.py:172 | fit, FitIns(clock=18)
DEBUG flower 2021-04-08 06:40:38,024 | numpy_client.py:260 | cached_clock: 17, curr_clock: 18
INFO flower 2021-04-08 06:40:42,127 | numpy_client.py:205 | Cache is fresh, return FitRes(clock=18)
DEBUG flower 2021-04-08 06:40:46,823 | numpy_client.py:172 | fit, FitIns(clock=19)
DEBUG flower 2021-04-08 06:40:46,823 | numpy_client.py:260 | cached_clock: 17, curr_clock: 19
INFO flower 2021-04-08 06:40:46,823 | numpy_client.py:184 | Cache is stale, return ReadIns
DEBUG flower 2021-04-08 06:40:51,214 | numpy_client.py:228 | read: ReadRes(clock=18)
DEBUG flower 2021-04-08 06:40:51,221 | numpy_client.py:172 | fit, FitIns(clock=19)
DEBUG flower 2021-04-08 06:40:51,221 | numpy_client.py:260 | cached_clock: 18, curr_clock: 19
INFO flower 2021-04-08 06:40:55,437 | numpy_client.py:205 | Cache is fresh, return FitRes(clock=19)
DEBUG flower 2021-04-08 06:41:00,336 | numpy_client.py:172 | fit, FitIns(clock=20)
DEBUG flower 2021-04-08 06:41:00,337 | numpy_client.py:260 | cached_clock: 18, curr_clock: 20
INFO flower 2021-04-08 06:41:00,337 | numpy_client.py:184 | Cache is stale, return ReadIns
DEBUG flower 2021-04-08 06:41:04,825 | numpy_client.py:228 | read: ReadRes(clock=19)
DEBUG flower 2021-04-08 06:41:04,832 | numpy_client.py:172 | fit, FitIns(clock=20)
DEBUG flower 2021-04-08 06:41:04,832 | numpy_client.py:260 | cached_clock: 19, curr_clock: 20
INFO flower 2021-04-08 06:41:09,033 | numpy_client.py:205 | Cache is fresh, return FitRes(clock=20)
DEBUG flower 2021-04-08 06:41:13,964 | numpy_client.py:172 | fit, FitIns(clock=21)
DEBUG flower 2021-04-08 06:41:13,964 | numpy_client.py:260 | cached_clock: 19, curr_clock: 21
INFO flower 2021-04-08 06:41:13,964 | numpy_client.py:184 | Cache is stale, return ReadIns
DEBUG flower 2021-04-08 06:41:18,235 | numpy_client.py:228 | read: ReadRes(clock=20)
DEBUG flower 2021-04-08 06:41:18,243 | numpy_client.py:172 | fit, FitIns(clock=21)
DEBUG flower 2021-04-08 06:41:18,243 | numpy_client.py:260 | cached_clock: 20, curr_clock: 21
INFO flower 2021-04-08 06:41:22,532 | numpy_client.py:205 | Cache is fresh, return FitRes(clock=21)
DEBUG flower 2021-04-08 06:41:26,630 | numpy_client.py:172 | fit, FitIns(clock=22)
DEBUG flower 2021-04-08 06:41:26,630 | numpy_client.py:260 | cached_clock: 20, curr_clock: 22
INFO flower 2021-04-08 06:41:26,630 | numpy_client.py:184 | Cache is stale, return ReadIns
DEBUG flower 2021-04-08 06:41:31,110 | numpy_client.py:228 | read: ReadRes(clock=21)
DEBUG flower 2021-04-08 06:41:31,118 | numpy_client.py:172 | fit, FitIns(clock=22)
DEBUG flower 2021-04-08 06:41:31,118 | numpy_client.py:260 | cached_clock: 21, curr_clock: 22
INFO flower 2021-04-08 06:41:35,431 | numpy_client.py:205 | Cache is fresh, return FitRes(clock=22)
DEBUG flower 2021-04-08 06:41:40,168 | numpy_client.py:172 | fit, FitIns(clock=23)
DEBUG flower 2021-04-08 06:41:40,169 | numpy_client.py:260 | cached_clock: 21, curr_clock: 23
INFO flower 2021-04-08 06:41:40,169 | numpy_client.py:184 | Cache is stale, return ReadIns
DEBUG flower 2021-04-08 06:41:44,173 | numpy_client.py:228 | read: ReadRes(clock=22)
DEBUG flower 2021-04-08 06:41:44,180 | numpy_client.py:172 | fit, FitIns(clock=23)
DEBUG flower 2021-04-08 06:41:44,181 | numpy_client.py:260 | cached_clock: 22, curr_clock: 23
INFO flower 2021-04-08 06:41:48,421 | numpy_client.py:205 | Cache is fresh, return FitRes(clock=23)
DEBUG flower 2021-04-08 06:41:53,401 | numpy_client.py:172 | fit, FitIns(clock=24)
DEBUG flower 2021-04-08 06:41:53,401 | numpy_client.py:260 | cached_clock: 22, curr_clock: 24
INFO flower 2021-04-08 06:41:53,402 | numpy_client.py:184 | Cache is stale, return ReadIns
DEBUG flower 2021-04-08 06:41:57,711 | numpy_client.py:228 | read: ReadRes(clock=23)
DEBUG flower 2021-04-08 06:41:57,718 | numpy_client.py:172 | fit, FitIns(clock=24)
DEBUG flower 2021-04-08 06:41:57,718 | numpy_client.py:260 | cached_clock: 23, curr_clock: 24
INFO flower 2021-04-08 06:42:01,912 | numpy_client.py:205 | Cache is fresh, return FitRes(clock=24)
DEBUG flower 2021-04-08 06:42:06,735 | numpy_client.py:172 | fit, FitIns(clock=25)
DEBUG flower 2021-04-08 06:42:06,735 | numpy_client.py:260 | cached_clock: 23, curr_clock: 25
INFO flower 2021-04-08 06:42:06,735 | numpy_client.py:184 | Cache is stale, return ReadIns
DEBUG flower 2021-04-08 06:42:11,210 | numpy_client.py:228 | read: ReadRes(clock=24)
DEBUG flower 2021-04-08 06:42:11,217 | numpy_client.py:172 | fit, FitIns(clock=25)
DEBUG flower 2021-04-08 06:42:11,217 | numpy_client.py:260 | cached_clock: 24, curr_clock: 25
INFO flower 2021-04-08 06:42:15,436 | numpy_client.py:205 | Cache is fresh, return FitRes(clock=25)
DEBUG flower 2021-04-08 06:42:20,407 | numpy_client.py:172 | fit, FitIns(clock=26)
DEBUG flower 2021-04-08 06:42:20,407 | numpy_client.py:260 | cached_clock: 24, curr_clock: 26
INFO flower 2021-04-08 06:42:20,407 | numpy_client.py:184 | Cache is stale, return ReadIns
DEBUG flower 2021-04-08 06:42:24,710 | numpy_client.py:228 | read: ReadRes(clock=25)
DEBUG flower 2021-04-08 06:42:24,723 | numpy_client.py:172 | fit, FitIns(clock=26)
DEBUG flower 2021-04-08 06:42:24,724 | numpy_client.py:260 | cached_clock: 25, curr_clock: 26
INFO flower 2021-04-08 06:42:28,828 | numpy_client.py:205 | Cache is fresh, return FitRes(clock=26)
DEBUG flower 2021-04-08 06:42:34,234 | numpy_client.py:172 | fit, FitIns(clock=27)
DEBUG flower 2021-04-08 06:42:34,234 | numpy_client.py:260 | cached_clock: 25, curr_clock: 27
INFO flower 2021-04-08 06:42:34,235 | numpy_client.py:184 | Cache is stale, return ReadIns
DEBUG flower 2021-04-08 06:42:39,128 | numpy_client.py:228 | read: ReadRes(clock=26)
DEBUG flower 2021-04-08 06:42:39,135 | numpy_client.py:172 | fit, FitIns(clock=27)
DEBUG flower 2021-04-08 06:42:39,135 | numpy_client.py:260 | cached_clock: 26, curr_clock: 27
INFO flower 2021-04-08 06:42:43,214 | numpy_client.py:205 | Cache is fresh, return FitRes(clock=27)
DEBUG flower 2021-04-08 06:42:48,168 | numpy_client.py:172 | fit, FitIns(clock=28)
DEBUG flower 2021-04-08 06:42:48,168 | numpy_client.py:260 | cached_clock: 26, curr_clock: 28
INFO flower 2021-04-08 06:42:48,168 | numpy_client.py:184 | Cache is stale, return ReadIns
DEBUG flower 2021-04-08 06:42:52,953 | numpy_client.py:228 | read: ReadRes(clock=27)
DEBUG flower 2021-04-08 06:42:53,013 | numpy_client.py:172 | fit, FitIns(clock=28)
DEBUG flower 2021-04-08 06:42:53,013 | numpy_client.py:260 | cached_clock: 27, curr_clock: 28
INFO flower 2021-04-08 06:42:57,042 | numpy_client.py:205 | Cache is fresh, return FitRes(clock=28)
DEBUG flower 2021-04-08 06:43:02,129 | numpy_client.py:172 | fit, FitIns(clock=29)
DEBUG flower 2021-04-08 06:43:02,129 | numpy_client.py:260 | cached_clock: 27, curr_clock: 29
INFO flower 2021-04-08 06:43:02,130 | numpy_client.py:184 | Cache is stale, return ReadIns
DEBUG flower 2021-04-08 06:43:06,711 | numpy_client.py:228 | read: ReadRes(clock=28)
DEBUG flower 2021-04-08 06:43:06,719 | numpy_client.py:172 | fit, FitIns(clock=29)
DEBUG flower 2021-04-08 06:43:06,719 | numpy_client.py:260 | cached_clock: 28, curr_clock: 29
INFO flower 2021-04-08 06:43:10,734 | numpy_client.py:205 | Cache is fresh, return FitRes(clock=29)
DEBUG flower 2021-04-08 06:43:15,959 | numpy_client.py:172 | fit, FitIns(clock=30)
DEBUG flower 2021-04-08 06:43:15,959 | numpy_client.py:260 | cached_clock: 28, curr_clock: 30
INFO flower 2021-04-08 06:43:15,960 | numpy_client.py:184 | Cache is stale, return ReadIns
DEBUG flower 2021-04-08 06:43:20,317 | numpy_client.py:228 | read: ReadRes(clock=29)
DEBUG flower 2021-04-08 06:43:20,324 | numpy_client.py:172 | fit, FitIns(clock=30)
DEBUG flower 2021-04-08 06:43:20,324 | numpy_client.py:260 | cached_clock: 29, curr_clock: 30
INFO flower 2021-04-08 06:43:24,532 | numpy_client.py:205 | Cache is fresh, return FitRes(clock=30)
DEBUG flower 2021-04-08 06:43:29,986 | numpy_client.py:172 | fit, FitIns(clock=31)
DEBUG flower 2021-04-08 06:43:29,986 | numpy_client.py:260 | cached_clock: 29, curr_clock: 31
INFO flower 2021-04-08 06:43:29,986 | numpy_client.py:184 | Cache is stale, return ReadIns
DEBUG flower 2021-04-08 06:43:34,502 | numpy_client.py:228 | read: ReadRes(clock=30)
DEBUG flower 2021-04-08 06:43:34,510 | numpy_client.py:172 | fit, FitIns(clock=31)
DEBUG flower 2021-04-08 06:43:34,510 | numpy_client.py:260 | cached_clock: 30, curr_clock: 31
INFO flower 2021-04-08 06:43:38,541 | numpy_client.py:205 | Cache is fresh, return FitRes(clock=31)
DEBUG flower 2021-04-08 06:43:44,043 | numpy_client.py:172 | fit, FitIns(clock=32)
DEBUG flower 2021-04-08 06:43:44,043 | numpy_client.py:260 | cached_clock: 30, curr_clock: 32
INFO flower 2021-04-08 06:43:44,044 | numpy_client.py:184 | Cache is stale, return ReadIns
DEBUG flower 2021-04-08 06:43:48,310 | numpy_client.py:228 | read: ReadRes(clock=31)
DEBUG flower 2021-04-08 06:43:48,318 | numpy_client.py:172 | fit, FitIns(clock=32)
DEBUG flower 2021-04-08 06:43:48,318 | numpy_client.py:260 | cached_clock: 31, curr_clock: 32
INFO flower 2021-04-08 06:43:52,533 | numpy_client.py:205 | Cache is fresh, return FitRes(clock=32)
DEBUG flower 2021-04-08 06:43:57,489 | numpy_client.py:172 | fit, FitIns(clock=33)
DEBUG flower 2021-04-08 06:43:57,489 | numpy_client.py:260 | cached_clock: 31, curr_clock: 33
INFO flower 2021-04-08 06:43:57,489 | numpy_client.py:184 | Cache is stale, return ReadIns
DEBUG flower 2021-04-08 06:44:02,110 | numpy_client.py:228 | read: ReadRes(clock=32)
DEBUG flower 2021-04-08 06:44:02,117 | numpy_client.py:172 | fit, FitIns(clock=33)
DEBUG flower 2021-04-08 06:44:02,117 | numpy_client.py:260 | cached_clock: 32, curr_clock: 33
INFO flower 2021-04-08 06:44:06,252 | numpy_client.py:205 | Cache is fresh, return FitRes(clock=33)
DEBUG flower 2021-04-08 06:44:11,152 | numpy_client.py:172 | fit, FitIns(clock=34)
DEBUG flower 2021-04-08 06:44:11,153 | numpy_client.py:260 | cached_clock: 32, curr_clock: 34
INFO flower 2021-04-08 06:44:11,153 | numpy_client.py:184 | Cache is stale, return ReadIns
DEBUG flower 2021-04-08 06:44:15,522 | numpy_client.py:228 | read: ReadRes(clock=33)
DEBUG flower 2021-04-08 06:44:15,530 | numpy_client.py:172 | fit, FitIns(clock=34)
DEBUG flower 2021-04-08 06:44:15,530 | numpy_client.py:260 | cached_clock: 33, curr_clock: 34
INFO flower 2021-04-08 06:44:19,752 | numpy_client.py:205 | Cache is fresh, return FitRes(clock=34)
DEBUG flower 2021-04-08 06:44:24,762 | numpy_client.py:172 | fit, FitIns(clock=35)
DEBUG flower 2021-04-08 06:44:24,763 | numpy_client.py:260 | cached_clock: 33, curr_clock: 35
INFO flower 2021-04-08 06:44:24,763 | numpy_client.py:184 | Cache is stale, return ReadIns
DEBUG flower 2021-04-08 06:44:29,644 | numpy_client.py:228 | read: ReadRes(clock=34)
DEBUG flower 2021-04-08 06:44:29,651 | numpy_client.py:172 | fit, FitIns(clock=35)
DEBUG flower 2021-04-08 06:44:29,651 | numpy_client.py:260 | cached_clock: 34, curr_clock: 35
INFO flower 2021-04-08 06:44:33,829 | numpy_client.py:205 | Cache is fresh, return FitRes(clock=35)
DEBUG flower 2021-04-08 06:44:38,988 | numpy_client.py:172 | fit, FitIns(clock=36)
DEBUG flower 2021-04-08 06:44:38,989 | numpy_client.py:260 | cached_clock: 34, curr_clock: 36
INFO flower 2021-04-08 06:44:38,989 | numpy_client.py:184 | Cache is stale, return ReadIns
DEBUG flower 2021-04-08 06:44:43,310 | numpy_client.py:228 | read: ReadRes(clock=35)
DEBUG flower 2021-04-08 06:44:43,318 | numpy_client.py:172 | fit, FitIns(clock=36)
DEBUG flower 2021-04-08 06:44:43,318 | numpy_client.py:260 | cached_clock: 35, curr_clock: 36
INFO flower 2021-04-08 06:44:47,516 | numpy_client.py:205 | Cache is fresh, return FitRes(clock=36)
DEBUG flower 2021-04-08 06:44:52,049 | numpy_client.py:172 | fit, FitIns(clock=37)
DEBUG flower 2021-04-08 06:44:52,049 | numpy_client.py:260 | cached_clock: 35, curr_clock: 37
INFO flower 2021-04-08 06:44:52,049 | numpy_client.py:184 | Cache is stale, return ReadIns
DEBUG flower 2021-04-08 06:44:56,310 | numpy_client.py:228 | read: ReadRes(clock=36)
DEBUG flower 2021-04-08 06:44:56,322 | numpy_client.py:172 | fit, FitIns(clock=37)
DEBUG flower 2021-04-08 06:44:56,323 | numpy_client.py:260 | cached_clock: 36, curr_clock: 37
INFO flower 2021-04-08 06:45:00,538 | numpy_client.py:205 | Cache is fresh, return FitRes(clock=37)
DEBUG flower 2021-04-08 06:45:05,267 | numpy_client.py:172 | fit, FitIns(clock=38)
DEBUG flower 2021-04-08 06:45:05,267 | numpy_client.py:260 | cached_clock: 36, curr_clock: 38
INFO flower 2021-04-08 06:45:05,267 | numpy_client.py:184 | Cache is stale, return ReadIns
DEBUG flower 2021-04-08 06:45:09,721 | numpy_client.py:228 | read: ReadRes(clock=37)
DEBUG flower 2021-04-08 06:45:09,728 | numpy_client.py:172 | fit, FitIns(clock=38)
DEBUG flower 2021-04-08 06:45:09,728 | numpy_client.py:260 | cached_clock: 37, curr_clock: 38
INFO flower 2021-04-08 06:45:13,833 | numpy_client.py:205 | Cache is fresh, return FitRes(clock=38)
DEBUG flower 2021-04-08 06:45:18,731 | numpy_client.py:172 | fit, FitIns(clock=39)
DEBUG flower 2021-04-08 06:45:18,731 | numpy_client.py:260 | cached_clock: 37, curr_clock: 39
INFO flower 2021-04-08 06:45:18,731 | numpy_client.py:184 | Cache is stale, return ReadIns
DEBUG flower 2021-04-08 06:45:23,510 | numpy_client.py:228 | read: ReadRes(clock=38)
DEBUG flower 2021-04-08 06:45:23,518 | numpy_client.py:172 | fit, FitIns(clock=39)
DEBUG flower 2021-04-08 06:45:23,518 | numpy_client.py:260 | cached_clock: 38, curr_clock: 39
INFO flower 2021-04-08 06:45:27,728 | numpy_client.py:205 | Cache is fresh, return FitRes(clock=39)
DEBUG flower 2021-04-08 06:45:32,332 | numpy_client.py:172 | fit, FitIns(clock=40)
DEBUG flower 2021-04-08 06:45:32,332 | numpy_client.py:260 | cached_clock: 38, curr_clock: 40
INFO flower 2021-04-08 06:45:32,332 | numpy_client.py:184 | Cache is stale, return ReadIns
DEBUG flower 2021-04-08 06:45:36,910 | numpy_client.py:228 | read: ReadRes(clock=39)
DEBUG flower 2021-04-08 06:45:36,917 | numpy_client.py:172 | fit, FitIns(clock=40)
DEBUG flower 2021-04-08 06:45:36,918 | numpy_client.py:260 | cached_clock: 39, curr_clock: 40
INFO flower 2021-04-08 06:45:41,216 | numpy_client.py:205 | Cache is fresh, return FitRes(clock=40)
DEBUG flower 2021-04-08 06:45:46,229 | numpy_client.py:172 | fit, FitIns(clock=41)
DEBUG flower 2021-04-08 06:45:46,229 | numpy_client.py:260 | cached_clock: 39, curr_clock: 41
INFO flower 2021-04-08 06:45:46,229 | numpy_client.py:184 | Cache is stale, return ReadIns
DEBUG flower 2021-04-08 06:45:50,310 | numpy_client.py:228 | read: ReadRes(clock=40)
DEBUG flower 2021-04-08 06:45:50,318 | numpy_client.py:172 | fit, FitIns(clock=41)
DEBUG flower 2021-04-08 06:45:50,318 | numpy_client.py:260 | cached_clock: 40, curr_clock: 41
INFO flower 2021-04-08 06:45:54,529 | numpy_client.py:205 | Cache is fresh, return FitRes(clock=41)
DEBUG flower 2021-04-08 06:45:59,347 | numpy_client.py:172 | fit, FitIns(clock=42)
DEBUG flower 2021-04-08 06:45:59,347 | numpy_client.py:260 | cached_clock: 40, curr_clock: 42
INFO flower 2021-04-08 06:45:59,347 | numpy_client.py:184 | Cache is stale, return ReadIns
DEBUG flower 2021-04-08 06:46:03,474 | numpy_client.py:228 | read: ReadRes(clock=41)
DEBUG flower 2021-04-08 06:46:03,482 | numpy_client.py:172 | fit, FitIns(clock=42)
DEBUG flower 2021-04-08 06:46:03,482 | numpy_client.py:260 | cached_clock: 41, curr_clock: 42
INFO flower 2021-04-08 06:46:07,613 | numpy_client.py:205 | Cache is fresh, return FitRes(clock=42)
DEBUG flower 2021-04-08 06:46:12,807 | numpy_client.py:172 | fit, FitIns(clock=43)
DEBUG flower 2021-04-08 06:46:12,808 | numpy_client.py:260 | cached_clock: 41, curr_clock: 43
INFO flower 2021-04-08 06:46:12,808 | numpy_client.py:184 | Cache is stale, return ReadIns
DEBUG flower 2021-04-08 06:46:17,510 | numpy_client.py:228 | read: ReadRes(clock=42)
DEBUG flower 2021-04-08 06:46:17,517 | numpy_client.py:172 | fit, FitIns(clock=43)
DEBUG flower 2021-04-08 06:46:17,518 | numpy_client.py:260 | cached_clock: 42, curr_clock: 43
INFO flower 2021-04-08 06:46:21,616 | numpy_client.py:205 | Cache is fresh, return FitRes(clock=43)
DEBUG flower 2021-04-08 06:46:27,229 | numpy_client.py:172 | fit, FitIns(clock=44)
DEBUG flower 2021-04-08 06:46:27,229 | numpy_client.py:260 | cached_clock: 42, curr_clock: 44
INFO flower 2021-04-08 06:46:27,230 | numpy_client.py:184 | Cache is stale, return ReadIns
DEBUG flower 2021-04-08 06:46:31,536 | numpy_client.py:228 | read: ReadRes(clock=43)
DEBUG flower 2021-04-08 06:46:31,543 | numpy_client.py:172 | fit, FitIns(clock=44)
DEBUG flower 2021-04-08 06:46:31,544 | numpy_client.py:260 | cached_clock: 43, curr_clock: 44
INFO flower 2021-04-08 06:46:35,817 | numpy_client.py:205 | Cache is fresh, return FitRes(clock=44)
DEBUG flower 2021-04-08 06:46:40,620 | numpy_client.py:172 | fit, FitIns(clock=45)
DEBUG flower 2021-04-08 06:46:40,621 | numpy_client.py:260 | cached_clock: 43, curr_clock: 45
INFO flower 2021-04-08 06:46:40,621 | numpy_client.py:184 | Cache is stale, return ReadIns
DEBUG flower 2021-04-08 06:46:45,134 | numpy_client.py:228 | read: ReadRes(clock=44)
DEBUG flower 2021-04-08 06:46:45,141 | numpy_client.py:172 | fit, FitIns(clock=45)
DEBUG flower 2021-04-08 06:46:45,141 | numpy_client.py:260 | cached_clock: 44, curr_clock: 45
INFO flower 2021-04-08 06:46:49,528 | numpy_client.py:205 | Cache is fresh, return FitRes(clock=45)
DEBUG flower 2021-04-08 06:46:54,215 | numpy_client.py:172 | fit, FitIns(clock=46)
DEBUG flower 2021-04-08 06:46:54,215 | numpy_client.py:260 | cached_clock: 44, curr_clock: 46
INFO flower 2021-04-08 06:46:54,215 | numpy_client.py:184 | Cache is stale, return ReadIns
DEBUG flower 2021-04-08 06:46:58,620 | numpy_client.py:228 | read: ReadRes(clock=45)
DEBUG flower 2021-04-08 06:46:58,627 | numpy_client.py:172 | fit, FitIns(clock=46)
DEBUG flower 2021-04-08 06:46:58,627 | numpy_client.py:260 | cached_clock: 45, curr_clock: 46
INFO flower 2021-04-08 06:47:02,918 | numpy_client.py:205 | Cache is fresh, return FitRes(clock=46)
DEBUG flower 2021-04-08 06:47:07,708 | numpy_client.py:172 | fit, FitIns(clock=47)
DEBUG flower 2021-04-08 06:47:07,708 | numpy_client.py:260 | cached_clock: 45, curr_clock: 47
INFO flower 2021-04-08 06:47:07,708 | numpy_client.py:184 | Cache is stale, return ReadIns
DEBUG flower 2021-04-08 06:47:11,829 | numpy_client.py:228 | read: ReadRes(clock=46)
DEBUG flower 2021-04-08 06:47:11,836 | numpy_client.py:172 | fit, FitIns(clock=47)
DEBUG flower 2021-04-08 06:47:11,836 | numpy_client.py:260 | cached_clock: 46, curr_clock: 47
INFO flower 2021-04-08 06:47:16,134 | numpy_client.py:205 | Cache is fresh, return FitRes(clock=47)
DEBUG flower 2021-04-08 06:47:22,020 | numpy_client.py:172 | fit, FitIns(clock=48)
DEBUG flower 2021-04-08 06:47:22,020 | numpy_client.py:260 | cached_clock: 46, curr_clock: 48
INFO flower 2021-04-08 06:47:22,020 | numpy_client.py:184 | Cache is stale, return ReadIns
DEBUG flower 2021-04-08 06:47:26,226 | numpy_client.py:228 | read: ReadRes(clock=47)
DEBUG flower 2021-04-08 06:47:26,233 | numpy_client.py:172 | fit, FitIns(clock=48)
DEBUG flower 2021-04-08 06:47:26,233 | numpy_client.py:260 | cached_clock: 47, curr_clock: 48
INFO flower 2021-04-08 06:47:30,515 | numpy_client.py:205 | Cache is fresh, return FitRes(clock=48)
DEBUG flower 2021-04-08 06:47:35,424 | numpy_client.py:172 | fit, FitIns(clock=49)
DEBUG flower 2021-04-08 06:47:35,424 | numpy_client.py:260 | cached_clock: 47, curr_clock: 49
INFO flower 2021-04-08 06:47:35,424 | numpy_client.py:184 | Cache is stale, return ReadIns
DEBUG flower 2021-04-08 06:47:39,718 | numpy_client.py:228 | read: ReadRes(clock=48)
DEBUG flower 2021-04-08 06:47:39,726 | numpy_client.py:172 | fit, FitIns(clock=49)
DEBUG flower 2021-04-08 06:47:39,726 | numpy_client.py:260 | cached_clock: 48, curr_clock: 49
INFO flower 2021-04-08 06:47:43,916 | numpy_client.py:205 | Cache is fresh, return FitRes(clock=49)
DEBUG flower 2021-04-08 06:47:43,917 | numpy_client.py:217 | The client finishes computing after 665 seconds
INFO flower 2021-04-08 06:48:12,017 | numpy_client.py:250 | [32;1m Loss: 39.478, Accuracy: 31.465%[0m
DEBUG flower 2021-04-08 06:48:13,724 | connection.py:68 | Insecure gRPC channel closed
INFO flower 2021-04-08 06:48:13,724 | app.py:74 | Disconnect and shut down
Namespace(idx=19, max_delay=0, min_delay=0, num_clients=31, server_ip='10.244.29.27:8080', staleness_bound=1)
I'm client 19
Start SSP client without delay
Using downloaded and verified file: ./cifar-10-python.tar.gz
Extracting ./cifar-10-python.tar.gz to .
Files already downloaded and verified
[32;1mClient 19: 2639 train samples, 553 test samples[0m
loss=186.50810432434082, acc=0.17959337349397592
loss=177.53307032585144, acc=0.19841867469879518
loss=183.41549134254456, acc=0.19841867469879518
loss=188.0234694480896, acc=0.19841867469879518
loss=193.31201720237732, acc=0.1871234939759036
loss=201.35064101219177, acc=0.18335843373493976
loss=199.33363592624664, acc=0.20444277108433734
loss=189.97249972820282, acc=0.2688253012048193
loss=172.17435801029205, acc=0.2767319277108434
loss=124.5107524394989, acc=0.3667168674698795
loss=172.35211074352264, acc=0.2744728915662651
loss=175.6379587650299, acc=0.2880271084337349
loss=120.66387939453125, acc=0.3855421686746988
loss=116.00919568538666, acc=0.40775602409638556
loss=114.65065383911133, acc=0.40813253012048195
loss=166.00908744335175, acc=0.28990963855421686
loss=173.74846589565277, acc=0.3053463855421687
loss=175.5422441959381, acc=0.3207831325301205
loss=172.5720407962799, acc=0.3328313253012048
loss=113.52229082584381, acc=0.45406626506024095
loss=150.27144646644592, acc=0.3482680722891566
loss=161.08492231369019, acc=0.3497740963855422
loss=110.62578892707825, acc=0.45896084337349397
loss=148.90499114990234, acc=0.3516566265060241
loss=108.64664483070374, acc=0.4811746987951807
loss=103.99336236715317, acc=0.4792921686746988
loss=143.0044732093811, acc=0.3685993975903614
loss=152.67810440063477, acc=0.34073795180722893
loss=159.4754854440689, acc=0.3305722891566265
loss=104.60913062095642, acc=0.49661144578313254
loss=140.66443401575089, acc=0.38365963855421686
loss=103.70564287900925, acc=0.4996234939759036
loss=139.73307633399963, acc=0.3802710843373494
loss=148.49200582504272, acc=0.36370481927710846
loss=151.6905208826065, acc=0.3542921686746988
loss=154.41677021980286, acc=0.37085843373493976
loss=153.8481159210205, acc=0.370105421686747
loss=152.9984745979309, acc=0.37914156626506024
loss=153.7735526561737, acc=0.3855421686746988
loss=151.7757704257965, acc=0.39081325301204817
loss=151.58882349729538, acc=0.4036144578313253
loss=154.93519455194473, acc=0.39457831325301207
loss=154.86202257871628, acc=0.38893072289156627
loss=98.90806859731674, acc=0.5150602409638554
loss=94.84952026605606, acc=0.526355421686747
loss=133.33940488100052, acc=0.4137801204819277
loss=97.3022992014885, acc=0.5237198795180723
loss=131.7570298910141, acc=0.40926204819277107
loss=140.4024630188942, acc=0.3953313253012048
loss=143.33561503887177, acc=0.40286144578313254
Files already downloaded and verified
Files already downloaded and verified
Testing on full test set: 313, 911.9755871295929, 0.2611
Testing on partial test set: 18, 39.47780406475067, 0.31464737793851716
