DEBUG flower 2021-04-08 06:36:26,331 | connection.py:36 | ChannelConnectivity.IDLE
INFO flower 2021-04-08 06:36:26,332 | app.py:63 | Opened (insecure) gRPC connection
DEBUG flower 2021-04-08 06:36:27,869 | connection.py:36 | ChannelConnectivity.READY
DEBUG flower 2021-04-08 06:36:37,740 | numpy_client.py:172 | fit, FitIns(clock=0)
INFO flower 2021-04-08 06:36:37,741 | numpy_client.py:184 | Cache is stale, return ReadIns
DEBUG flower 2021-04-08 06:36:37,916 | numpy_client.py:228 | read: ReadRes(clock=-1)
DEBUG flower 2021-04-08 06:36:37,937 | numpy_client.py:172 | fit, FitIns(clock=0)
DEBUG flower 2021-04-08 06:36:37,937 | numpy_client.py:260 | cached_clock: -1, curr_clock: 0
INFO flower 2021-04-08 06:36:39,509 | numpy_client.py:205 | Cache is fresh, return FitRes(clock=0)
DEBUG flower 2021-04-08 06:36:39,544 | numpy_client.py:172 | fit, FitIns(clock=1)
DEBUG flower 2021-04-08 06:36:39,544 | numpy_client.py:260 | cached_clock: -1, curr_clock: 1
INFO flower 2021-04-08 06:36:39,544 | numpy_client.py:184 | Cache is stale, return ReadIns
DEBUG flower 2021-04-08 06:36:44,103 | numpy_client.py:228 | read: ReadRes(clock=0)
DEBUG flower 2021-04-08 06:36:44,110 | numpy_client.py:172 | fit, FitIns(clock=1)
DEBUG flower 2021-04-08 06:36:44,110 | numpy_client.py:260 | cached_clock: 0, curr_clock: 1
INFO flower 2021-04-08 06:36:45,415 | numpy_client.py:205 | Cache is fresh, return FitRes(clock=1)
DEBUG flower 2021-04-08 06:36:52,986 | numpy_client.py:172 | fit, FitIns(clock=2)
DEBUG flower 2021-04-08 06:36:52,987 | numpy_client.py:260 | cached_clock: 0, curr_clock: 2
INFO flower 2021-04-08 06:36:52,987 | numpy_client.py:184 | Cache is stale, return ReadIns
DEBUG flower 2021-04-08 06:36:57,657 | numpy_client.py:228 | read: ReadRes(clock=1)
DEBUG flower 2021-04-08 06:36:57,665 | numpy_client.py:172 | fit, FitIns(clock=2)
DEBUG flower 2021-04-08 06:36:57,665 | numpy_client.py:260 | cached_clock: 1, curr_clock: 2
INFO flower 2021-04-08 06:36:59,004 | numpy_client.py:205 | Cache is fresh, return FitRes(clock=2)
DEBUG flower 2021-04-08 06:37:07,138 | numpy_client.py:172 | fit, FitIns(clock=3)
DEBUG flower 2021-04-08 06:37:07,138 | numpy_client.py:260 | cached_clock: 1, curr_clock: 3
INFO flower 2021-04-08 06:37:07,138 | numpy_client.py:184 | Cache is stale, return ReadIns
DEBUG flower 2021-04-08 06:37:11,900 | numpy_client.py:228 | read: ReadRes(clock=2)
DEBUG flower 2021-04-08 06:37:11,908 | numpy_client.py:172 | fit, FitIns(clock=3)
DEBUG flower 2021-04-08 06:37:11,908 | numpy_client.py:260 | cached_clock: 2, curr_clock: 3
INFO flower 2021-04-08 06:37:13,141 | numpy_client.py:205 | Cache is fresh, return FitRes(clock=3)
DEBUG flower 2021-04-08 06:37:20,505 | numpy_client.py:172 | fit, FitIns(clock=4)
DEBUG flower 2021-04-08 06:37:20,505 | numpy_client.py:260 | cached_clock: 2, curr_clock: 4
INFO flower 2021-04-08 06:37:20,505 | numpy_client.py:184 | Cache is stale, return ReadIns
DEBUG flower 2021-04-08 06:37:25,401 | numpy_client.py:228 | read: ReadRes(clock=3)
DEBUG flower 2021-04-08 06:37:25,409 | numpy_client.py:172 | fit, FitIns(clock=4)
DEBUG flower 2021-04-08 06:37:25,409 | numpy_client.py:260 | cached_clock: 3, curr_clock: 4
INFO flower 2021-04-08 06:37:26,621 | numpy_client.py:205 | Cache is fresh, return FitRes(clock=4)
DEBUG flower 2021-04-08 06:37:34,519 | numpy_client.py:172 | fit, FitIns(clock=5)
DEBUG flower 2021-04-08 06:37:34,519 | numpy_client.py:260 | cached_clock: 3, curr_clock: 5
INFO flower 2021-04-08 06:37:34,519 | numpy_client.py:184 | Cache is stale, return ReadIns
DEBUG flower 2021-04-08 06:37:39,100 | numpy_client.py:228 | read: ReadRes(clock=4)
DEBUG flower 2021-04-08 06:37:39,107 | numpy_client.py:172 | fit, FitIns(clock=5)
DEBUG flower 2021-04-08 06:37:39,107 | numpy_client.py:260 | cached_clock: 4, curr_clock: 5
INFO flower 2021-04-08 06:37:40,425 | numpy_client.py:205 | Cache is fresh, return FitRes(clock=5)
DEBUG flower 2021-04-08 06:37:48,001 | numpy_client.py:172 | fit, FitIns(clock=6)
DEBUG flower 2021-04-08 06:37:48,002 | numpy_client.py:260 | cached_clock: 4, curr_clock: 6
INFO flower 2021-04-08 06:37:48,002 | numpy_client.py:184 | Cache is stale, return ReadIns
DEBUG flower 2021-04-08 06:37:52,736 | numpy_client.py:228 | read: ReadRes(clock=5)
DEBUG flower 2021-04-08 06:37:52,743 | numpy_client.py:172 | fit, FitIns(clock=6)
DEBUG flower 2021-04-08 06:37:52,743 | numpy_client.py:260 | cached_clock: 5, curr_clock: 6
INFO flower 2021-04-08 06:37:54,109 | numpy_client.py:205 | Cache is fresh, return FitRes(clock=6)
DEBUG flower 2021-04-08 06:38:01,824 | numpy_client.py:172 | fit, FitIns(clock=7)
DEBUG flower 2021-04-08 06:38:01,825 | numpy_client.py:260 | cached_clock: 5, curr_clock: 7
INFO flower 2021-04-08 06:38:01,825 | numpy_client.py:184 | Cache is stale, return ReadIns
DEBUG flower 2021-04-08 06:38:07,001 | numpy_client.py:228 | read: ReadRes(clock=6)
DEBUG flower 2021-04-08 06:38:07,008 | numpy_client.py:172 | fit, FitIns(clock=7)
DEBUG flower 2021-04-08 06:38:07,008 | numpy_client.py:260 | cached_clock: 6, curr_clock: 7
INFO flower 2021-04-08 06:38:08,224 | numpy_client.py:205 | Cache is fresh, return FitRes(clock=7)
DEBUG flower 2021-04-08 06:38:15,562 | numpy_client.py:172 | fit, FitIns(clock=8)
DEBUG flower 2021-04-08 06:38:15,562 | numpy_client.py:260 | cached_clock: 6, curr_clock: 8
INFO flower 2021-04-08 06:38:15,562 | numpy_client.py:184 | Cache is stale, return ReadIns
DEBUG flower 2021-04-08 06:38:20,759 | numpy_client.py:228 | read: ReadRes(clock=7)
DEBUG flower 2021-04-08 06:38:20,766 | numpy_client.py:172 | fit, FitIns(clock=8)
DEBUG flower 2021-04-08 06:38:20,766 | numpy_client.py:260 | cached_clock: 7, curr_clock: 8
INFO flower 2021-04-08 06:38:22,009 | numpy_client.py:205 | Cache is fresh, return FitRes(clock=8)
DEBUG flower 2021-04-08 06:38:29,119 | numpy_client.py:172 | fit, FitIns(clock=9)
DEBUG flower 2021-04-08 06:38:29,119 | numpy_client.py:260 | cached_clock: 7, curr_clock: 9
INFO flower 2021-04-08 06:38:29,119 | numpy_client.py:184 | Cache is stale, return ReadIns
DEBUG flower 2021-04-08 06:38:33,644 | numpy_client.py:228 | read: ReadRes(clock=8)
DEBUG flower 2021-04-08 06:38:33,652 | numpy_client.py:172 | fit, FitIns(clock=9)
DEBUG flower 2021-04-08 06:38:33,652 | numpy_client.py:260 | cached_clock: 8, curr_clock: 9
INFO flower 2021-04-08 06:38:34,927 | numpy_client.py:205 | Cache is fresh, return FitRes(clock=9)
DEBUG flower 2021-04-08 06:38:42,215 | numpy_client.py:172 | fit, FitIns(clock=10)
DEBUG flower 2021-04-08 06:38:42,215 | numpy_client.py:260 | cached_clock: 8, curr_clock: 10
INFO flower 2021-04-08 06:38:42,215 | numpy_client.py:184 | Cache is stale, return ReadIns
DEBUG flower 2021-04-08 06:38:46,954 | numpy_client.py:228 | read: ReadRes(clock=9)
DEBUG flower 2021-04-08 06:38:46,961 | numpy_client.py:172 | fit, FitIns(clock=10)
DEBUG flower 2021-04-08 06:38:46,961 | numpy_client.py:260 | cached_clock: 9, curr_clock: 10
INFO flower 2021-04-08 06:38:48,208 | numpy_client.py:205 | Cache is fresh, return FitRes(clock=10)
DEBUG flower 2021-04-08 06:38:56,520 | numpy_client.py:172 | fit, FitIns(clock=11)
DEBUG flower 2021-04-08 06:38:56,520 | numpy_client.py:260 | cached_clock: 9, curr_clock: 11
INFO flower 2021-04-08 06:38:56,520 | numpy_client.py:184 | Cache is stale, return ReadIns
DEBUG flower 2021-04-08 06:39:01,421 | numpy_client.py:228 | read: ReadRes(clock=10)
DEBUG flower 2021-04-08 06:39:01,434 | numpy_client.py:172 | fit, FitIns(clock=11)
DEBUG flower 2021-04-08 06:39:01,434 | numpy_client.py:260 | cached_clock: 10, curr_clock: 11
INFO flower 2021-04-08 06:39:02,641 | numpy_client.py:205 | Cache is fresh, return FitRes(clock=11)
DEBUG flower 2021-04-08 06:39:10,494 | numpy_client.py:172 | fit, FitIns(clock=12)
DEBUG flower 2021-04-08 06:39:10,494 | numpy_client.py:260 | cached_clock: 10, curr_clock: 12
INFO flower 2021-04-08 06:39:10,494 | numpy_client.py:184 | Cache is stale, return ReadIns
DEBUG flower 2021-04-08 06:39:15,145 | numpy_client.py:228 | read: ReadRes(clock=11)
DEBUG flower 2021-04-08 06:39:15,152 | numpy_client.py:172 | fit, FitIns(clock=12)
DEBUG flower 2021-04-08 06:39:15,152 | numpy_client.py:260 | cached_clock: 11, curr_clock: 12
INFO flower 2021-04-08 06:39:16,322 | numpy_client.py:205 | Cache is fresh, return FitRes(clock=12)
DEBUG flower 2021-04-08 06:39:24,196 | numpy_client.py:172 | fit, FitIns(clock=13)
DEBUG flower 2021-04-08 06:39:24,196 | numpy_client.py:260 | cached_clock: 11, curr_clock: 13
INFO flower 2021-04-08 06:39:24,196 | numpy_client.py:184 | Cache is stale, return ReadIns
DEBUG flower 2021-04-08 06:39:29,147 | numpy_client.py:228 | read: ReadRes(clock=12)
DEBUG flower 2021-04-08 06:39:29,154 | numpy_client.py:172 | fit, FitIns(clock=13)
DEBUG flower 2021-04-08 06:39:29,155 | numpy_client.py:260 | cached_clock: 12, curr_clock: 13
INFO flower 2021-04-08 06:39:30,407 | numpy_client.py:205 | Cache is fresh, return FitRes(clock=13)
DEBUG flower 2021-04-08 06:39:38,233 | numpy_client.py:172 | fit, FitIns(clock=14)
DEBUG flower 2021-04-08 06:39:38,233 | numpy_client.py:260 | cached_clock: 12, curr_clock: 14
INFO flower 2021-04-08 06:39:38,233 | numpy_client.py:184 | Cache is stale, return ReadIns
DEBUG flower 2021-04-08 06:39:43,054 | numpy_client.py:228 | read: ReadRes(clock=13)
DEBUG flower 2021-04-08 06:39:43,061 | numpy_client.py:172 | fit, FitIns(clock=14)
DEBUG flower 2021-04-08 06:39:43,061 | numpy_client.py:260 | cached_clock: 13, curr_clock: 14
INFO flower 2021-04-08 06:39:44,322 | numpy_client.py:205 | Cache is fresh, return FitRes(clock=14)
DEBUG flower 2021-04-08 06:39:51,945 | numpy_client.py:172 | fit, FitIns(clock=15)
DEBUG flower 2021-04-08 06:39:51,945 | numpy_client.py:260 | cached_clock: 13, curr_clock: 15
INFO flower 2021-04-08 06:39:51,945 | numpy_client.py:184 | Cache is stale, return ReadIns
DEBUG flower 2021-04-08 06:39:56,800 | numpy_client.py:228 | read: ReadRes(clock=14)
DEBUG flower 2021-04-08 06:39:56,808 | numpy_client.py:172 | fit, FitIns(clock=15)
DEBUG flower 2021-04-08 06:39:56,808 | numpy_client.py:260 | cached_clock: 14, curr_clock: 15
INFO flower 2021-04-08 06:39:58,123 | numpy_client.py:205 | Cache is fresh, return FitRes(clock=15)
DEBUG flower 2021-04-08 06:40:05,724 | numpy_client.py:172 | fit, FitIns(clock=16)
DEBUG flower 2021-04-08 06:40:05,724 | numpy_client.py:260 | cached_clock: 14, curr_clock: 16
INFO flower 2021-04-08 06:40:05,724 | numpy_client.py:184 | Cache is stale, return ReadIns
DEBUG flower 2021-04-08 06:40:10,645 | numpy_client.py:228 | read: ReadRes(clock=15)
DEBUG flower 2021-04-08 06:40:10,652 | numpy_client.py:172 | fit, FitIns(clock=16)
DEBUG flower 2021-04-08 06:40:10,652 | numpy_client.py:260 | cached_clock: 15, curr_clock: 16
INFO flower 2021-04-08 06:40:11,908 | numpy_client.py:205 | Cache is fresh, return FitRes(clock=16)
DEBUG flower 2021-04-08 06:40:19,521 | numpy_client.py:172 | fit, FitIns(clock=17)
DEBUG flower 2021-04-08 06:40:19,521 | numpy_client.py:260 | cached_clock: 15, curr_clock: 17
INFO flower 2021-04-08 06:40:19,521 | numpy_client.py:184 | Cache is stale, return ReadIns
DEBUG flower 2021-04-08 06:40:24,433 | numpy_client.py:228 | read: ReadRes(clock=16)
DEBUG flower 2021-04-08 06:40:24,440 | numpy_client.py:172 | fit, FitIns(clock=17)
DEBUG flower 2021-04-08 06:40:24,440 | numpy_client.py:260 | cached_clock: 16, curr_clock: 17
INFO flower 2021-04-08 06:40:25,701 | numpy_client.py:205 | Cache is fresh, return FitRes(clock=17)
DEBUG flower 2021-04-08 06:40:33,057 | numpy_client.py:172 | fit, FitIns(clock=18)
DEBUG flower 2021-04-08 06:40:33,057 | numpy_client.py:260 | cached_clock: 16, curr_clock: 18
INFO flower 2021-04-08 06:40:33,057 | numpy_client.py:184 | Cache is stale, return ReadIns
DEBUG flower 2021-04-08 06:40:38,030 | numpy_client.py:228 | read: ReadRes(clock=17)
DEBUG flower 2021-04-08 06:40:38,038 | numpy_client.py:172 | fit, FitIns(clock=18)
DEBUG flower 2021-04-08 06:40:38,038 | numpy_client.py:260 | cached_clock: 17, curr_clock: 18
INFO flower 2021-04-08 06:40:39,200 | numpy_client.py:205 | Cache is fresh, return FitRes(clock=18)
DEBUG flower 2021-04-08 06:40:46,478 | numpy_client.py:172 | fit, FitIns(clock=19)
DEBUG flower 2021-04-08 06:40:46,478 | numpy_client.py:260 | cached_clock: 17, curr_clock: 19
INFO flower 2021-04-08 06:40:46,479 | numpy_client.py:184 | Cache is stale, return ReadIns
DEBUG flower 2021-04-08 06:40:51,244 | numpy_client.py:228 | read: ReadRes(clock=18)
DEBUG flower 2021-04-08 06:40:51,251 | numpy_client.py:172 | fit, FitIns(clock=19)
DEBUG flower 2021-04-08 06:40:51,251 | numpy_client.py:260 | cached_clock: 18, curr_clock: 19
INFO flower 2021-04-08 06:40:52,499 | numpy_client.py:205 | Cache is fresh, return FitRes(clock=19)
DEBUG flower 2021-04-08 06:40:59,979 | numpy_client.py:172 | fit, FitIns(clock=20)
DEBUG flower 2021-04-08 06:40:59,979 | numpy_client.py:260 | cached_clock: 18, curr_clock: 20
INFO flower 2021-04-08 06:40:59,980 | numpy_client.py:184 | Cache is stale, return ReadIns
DEBUG flower 2021-04-08 06:41:04,853 | numpy_client.py:228 | read: ReadRes(clock=19)
DEBUG flower 2021-04-08 06:41:04,861 | numpy_client.py:172 | fit, FitIns(clock=20)
DEBUG flower 2021-04-08 06:41:04,861 | numpy_client.py:260 | cached_clock: 19, curr_clock: 20
INFO flower 2021-04-08 06:41:06,114 | numpy_client.py:205 | Cache is fresh, return FitRes(clock=20)
DEBUG flower 2021-04-08 06:41:13,632 | numpy_client.py:172 | fit, FitIns(clock=21)
DEBUG flower 2021-04-08 06:41:13,632 | numpy_client.py:260 | cached_clock: 19, curr_clock: 21
INFO flower 2021-04-08 06:41:13,632 | numpy_client.py:184 | Cache is stale, return ReadIns
DEBUG flower 2021-04-08 06:41:18,212 | numpy_client.py:228 | read: ReadRes(clock=20)
DEBUG flower 2021-04-08 06:41:18,220 | numpy_client.py:172 | fit, FitIns(clock=21)
DEBUG flower 2021-04-08 06:41:18,220 | numpy_client.py:260 | cached_clock: 20, curr_clock: 21
INFO flower 2021-04-08 06:41:19,422 | numpy_client.py:205 | Cache is fresh, return FitRes(clock=21)
DEBUG flower 2021-04-08 06:41:26,290 | numpy_client.py:172 | fit, FitIns(clock=22)
DEBUG flower 2021-04-08 06:41:26,290 | numpy_client.py:260 | cached_clock: 20, curr_clock: 22
INFO flower 2021-04-08 06:41:26,290 | numpy_client.py:184 | Cache is stale, return ReadIns
DEBUG flower 2021-04-08 06:41:31,120 | numpy_client.py:228 | read: ReadRes(clock=21)
DEBUG flower 2021-04-08 06:41:31,128 | numpy_client.py:172 | fit, FitIns(clock=22)
DEBUG flower 2021-04-08 06:41:31,128 | numpy_client.py:260 | cached_clock: 21, curr_clock: 22
INFO flower 2021-04-08 06:41:32,337 | numpy_client.py:205 | Cache is fresh, return FitRes(clock=22)
DEBUG flower 2021-04-08 06:41:39,845 | numpy_client.py:172 | fit, FitIns(clock=23)
DEBUG flower 2021-04-08 06:41:39,845 | numpy_client.py:260 | cached_clock: 21, curr_clock: 23
INFO flower 2021-04-08 06:41:39,845 | numpy_client.py:184 | Cache is stale, return ReadIns
DEBUG flower 2021-04-08 06:41:44,339 | numpy_client.py:228 | read: ReadRes(clock=22)
DEBUG flower 2021-04-08 06:41:44,346 | numpy_client.py:172 | fit, FitIns(clock=23)
DEBUG flower 2021-04-08 06:41:44,346 | numpy_client.py:260 | cached_clock: 22, curr_clock: 23
INFO flower 2021-04-08 06:41:45,606 | numpy_client.py:205 | Cache is fresh, return FitRes(clock=23)
DEBUG flower 2021-04-08 06:41:53,120 | numpy_client.py:172 | fit, FitIns(clock=24)
DEBUG flower 2021-04-08 06:41:53,120 | numpy_client.py:260 | cached_clock: 22, curr_clock: 24
INFO flower 2021-04-08 06:41:53,120 | numpy_client.py:184 | Cache is stale, return ReadIns
DEBUG flower 2021-04-08 06:41:57,753 | numpy_client.py:228 | read: ReadRes(clock=23)
DEBUG flower 2021-04-08 06:41:57,761 | numpy_client.py:172 | fit, FitIns(clock=24)
DEBUG flower 2021-04-08 06:41:57,761 | numpy_client.py:260 | cached_clock: 23, curr_clock: 24
INFO flower 2021-04-08 06:41:59,020 | numpy_client.py:205 | Cache is fresh, return FitRes(clock=24)
DEBUG flower 2021-04-08 06:42:06,431 | numpy_client.py:172 | fit, FitIns(clock=25)
DEBUG flower 2021-04-08 06:42:06,431 | numpy_client.py:260 | cached_clock: 23, curr_clock: 25
INFO flower 2021-04-08 06:42:06,432 | numpy_client.py:184 | Cache is stale, return ReadIns
DEBUG flower 2021-04-08 06:42:11,251 | numpy_client.py:228 | read: ReadRes(clock=24)
DEBUG flower 2021-04-08 06:42:11,258 | numpy_client.py:172 | fit, FitIns(clock=25)
DEBUG flower 2021-04-08 06:42:11,258 | numpy_client.py:260 | cached_clock: 24, curr_clock: 25
INFO flower 2021-04-08 06:42:12,502 | numpy_client.py:205 | Cache is fresh, return FitRes(clock=25)
DEBUG flower 2021-04-08 06:42:20,098 | numpy_client.py:172 | fit, FitIns(clock=26)
DEBUG flower 2021-04-08 06:42:20,098 | numpy_client.py:260 | cached_clock: 24, curr_clock: 26
INFO flower 2021-04-08 06:42:20,098 | numpy_client.py:184 | Cache is stale, return ReadIns
DEBUG flower 2021-04-08 06:42:24,737 | numpy_client.py:228 | read: ReadRes(clock=25)
DEBUG flower 2021-04-08 06:42:24,744 | numpy_client.py:172 | fit, FitIns(clock=26)
DEBUG flower 2021-04-08 06:42:24,745 | numpy_client.py:260 | cached_clock: 25, curr_clock: 26
INFO flower 2021-04-08 06:42:25,928 | numpy_client.py:205 | Cache is fresh, return FitRes(clock=26)
DEBUG flower 2021-04-08 06:42:33,916 | numpy_client.py:172 | fit, FitIns(clock=27)
DEBUG flower 2021-04-08 06:42:33,916 | numpy_client.py:260 | cached_clock: 25, curr_clock: 27
INFO flower 2021-04-08 06:42:33,916 | numpy_client.py:184 | Cache is stale, return ReadIns
DEBUG flower 2021-04-08 06:42:39,015 | numpy_client.py:228 | read: ReadRes(clock=26)
DEBUG flower 2021-04-08 06:42:39,022 | numpy_client.py:172 | fit, FitIns(clock=27)
DEBUG flower 2021-04-08 06:42:39,023 | numpy_client.py:260 | cached_clock: 26, curr_clock: 27
INFO flower 2021-04-08 06:42:40,332 | numpy_client.py:205 | Cache is fresh, return FitRes(clock=27)
DEBUG flower 2021-04-08 06:42:47,825 | numpy_client.py:172 | fit, FitIns(clock=28)
DEBUG flower 2021-04-08 06:42:47,825 | numpy_client.py:260 | cached_clock: 26, curr_clock: 28
INFO flower 2021-04-08 06:42:47,825 | numpy_client.py:184 | Cache is stale, return ReadIns
DEBUG flower 2021-04-08 06:42:53,041 | numpy_client.py:228 | read: ReadRes(clock=27)
DEBUG flower 2021-04-08 06:42:53,048 | numpy_client.py:172 | fit, FitIns(clock=28)
DEBUG flower 2021-04-08 06:42:53,048 | numpy_client.py:260 | cached_clock: 27, curr_clock: 28
INFO flower 2021-04-08 06:42:54,212 | numpy_client.py:205 | Cache is fresh, return FitRes(clock=28)
DEBUG flower 2021-04-08 06:43:01,803 | numpy_client.py:172 | fit, FitIns(clock=29)
DEBUG flower 2021-04-08 06:43:01,804 | numpy_client.py:260 | cached_clock: 27, curr_clock: 29
INFO flower 2021-04-08 06:43:01,804 | numpy_client.py:184 | Cache is stale, return ReadIns
DEBUG flower 2021-04-08 06:43:06,840 | numpy_client.py:228 | read: ReadRes(clock=28)
DEBUG flower 2021-04-08 06:43:06,848 | numpy_client.py:172 | fit, FitIns(clock=29)
DEBUG flower 2021-04-08 06:43:06,848 | numpy_client.py:260 | cached_clock: 28, curr_clock: 29
INFO flower 2021-04-08 06:43:08,300 | numpy_client.py:205 | Cache is fresh, return FitRes(clock=29)
DEBUG flower 2021-04-08 06:43:15,717 | numpy_client.py:172 | fit, FitIns(clock=30)
DEBUG flower 2021-04-08 06:43:15,718 | numpy_client.py:260 | cached_clock: 28, curr_clock: 30
INFO flower 2021-04-08 06:43:15,718 | numpy_client.py:184 | Cache is stale, return ReadIns
DEBUG flower 2021-04-08 06:43:20,444 | numpy_client.py:228 | read: ReadRes(clock=29)
DEBUG flower 2021-04-08 06:43:20,452 | numpy_client.py:172 | fit, FitIns(clock=30)
DEBUG flower 2021-04-08 06:43:20,452 | numpy_client.py:260 | cached_clock: 29, curr_clock: 30
INFO flower 2021-04-08 06:43:21,710 | numpy_client.py:205 | Cache is fresh, return FitRes(clock=30)
DEBUG flower 2021-04-08 06:43:29,711 | numpy_client.py:172 | fit, FitIns(clock=31)
DEBUG flower 2021-04-08 06:43:29,711 | numpy_client.py:260 | cached_clock: 29, curr_clock: 31
INFO flower 2021-04-08 06:43:29,712 | numpy_client.py:184 | Cache is stale, return ReadIns
DEBUG flower 2021-04-08 06:43:34,537 | numpy_client.py:228 | read: ReadRes(clock=30)
DEBUG flower 2021-04-08 06:43:34,545 | numpy_client.py:172 | fit, FitIns(clock=31)
DEBUG flower 2021-04-08 06:43:34,545 | numpy_client.py:260 | cached_clock: 30, curr_clock: 31
INFO flower 2021-04-08 06:43:35,742 | numpy_client.py:205 | Cache is fresh, return FitRes(clock=31)
DEBUG flower 2021-04-08 06:43:43,711 | numpy_client.py:172 | fit, FitIns(clock=32)
DEBUG flower 2021-04-08 06:43:43,712 | numpy_client.py:260 | cached_clock: 30, curr_clock: 32
INFO flower 2021-04-08 06:43:43,712 | numpy_client.py:184 | Cache is stale, return ReadIns
DEBUG flower 2021-04-08 06:43:48,091 | numpy_client.py:228 | read: ReadRes(clock=31)
DEBUG flower 2021-04-08 06:43:48,098 | numpy_client.py:172 | fit, FitIns(clock=32)
DEBUG flower 2021-04-08 06:43:48,098 | numpy_client.py:260 | cached_clock: 31, curr_clock: 32
INFO flower 2021-04-08 06:43:49,506 | numpy_client.py:205 | Cache is fresh, return FitRes(clock=32)
DEBUG flower 2021-04-08 06:43:57,154 | numpy_client.py:172 | fit, FitIns(clock=33)
DEBUG flower 2021-04-08 06:43:57,155 | numpy_client.py:260 | cached_clock: 31, curr_clock: 33
INFO flower 2021-04-08 06:43:57,155 | numpy_client.py:184 | Cache is stale, return ReadIns
DEBUG flower 2021-04-08 06:44:02,057 | numpy_client.py:228 | read: ReadRes(clock=32)
DEBUG flower 2021-04-08 06:44:02,065 | numpy_client.py:172 | fit, FitIns(clock=33)
DEBUG flower 2021-04-08 06:44:02,065 | numpy_client.py:260 | cached_clock: 32, curr_clock: 33
INFO flower 2021-04-08 06:44:03,299 | numpy_client.py:205 | Cache is fresh, return FitRes(clock=33)
DEBUG flower 2021-04-08 06:44:10,818 | numpy_client.py:172 | fit, FitIns(clock=34)
DEBUG flower 2021-04-08 06:44:10,818 | numpy_client.py:260 | cached_clock: 32, curr_clock: 34
INFO flower 2021-04-08 06:44:10,819 | numpy_client.py:184 | Cache is stale, return ReadIns
DEBUG flower 2021-04-08 06:44:15,511 | numpy_client.py:228 | read: ReadRes(clock=33)
DEBUG flower 2021-04-08 06:44:15,518 | numpy_client.py:172 | fit, FitIns(clock=34)
DEBUG flower 2021-04-08 06:44:15,519 | numpy_client.py:260 | cached_clock: 33, curr_clock: 34
INFO flower 2021-04-08 06:44:16,732 | numpy_client.py:205 | Cache is fresh, return FitRes(clock=34)
DEBUG flower 2021-04-08 06:44:24,434 | numpy_client.py:172 | fit, FitIns(clock=35)
DEBUG flower 2021-04-08 06:44:24,434 | numpy_client.py:260 | cached_clock: 33, curr_clock: 35
INFO flower 2021-04-08 06:44:24,434 | numpy_client.py:184 | Cache is stale, return ReadIns
DEBUG flower 2021-04-08 06:44:29,751 | numpy_client.py:228 | read: ReadRes(clock=34)
DEBUG flower 2021-04-08 06:44:29,758 | numpy_client.py:172 | fit, FitIns(clock=35)
DEBUG flower 2021-04-08 06:44:29,759 | numpy_client.py:260 | cached_clock: 34, curr_clock: 35
INFO flower 2021-04-08 06:44:31,123 | numpy_client.py:205 | Cache is fresh, return FitRes(clock=35)
DEBUG flower 2021-04-08 06:44:38,691 | numpy_client.py:172 | fit, FitIns(clock=36)
DEBUG flower 2021-04-08 06:44:38,691 | numpy_client.py:260 | cached_clock: 34, curr_clock: 36
INFO flower 2021-04-08 06:44:38,692 | numpy_client.py:184 | Cache is stale, return ReadIns
DEBUG flower 2021-04-08 06:44:43,108 | numpy_client.py:228 | read: ReadRes(clock=35)
DEBUG flower 2021-04-08 06:44:43,115 | numpy_client.py:172 | fit, FitIns(clock=36)
DEBUG flower 2021-04-08 06:44:43,115 | numpy_client.py:260 | cached_clock: 35, curr_clock: 36
INFO flower 2021-04-08 06:44:44,425 | numpy_client.py:205 | Cache is fresh, return FitRes(clock=36)
DEBUG flower 2021-04-08 06:44:51,703 | numpy_client.py:172 | fit, FitIns(clock=37)
DEBUG flower 2021-04-08 06:44:51,703 | numpy_client.py:260 | cached_clock: 35, curr_clock: 37
INFO flower 2021-04-08 06:44:51,703 | numpy_client.py:184 | Cache is stale, return ReadIns
DEBUG flower 2021-04-08 06:44:56,348 | numpy_client.py:228 | read: ReadRes(clock=36)
DEBUG flower 2021-04-08 06:44:56,355 | numpy_client.py:172 | fit, FitIns(clock=37)
DEBUG flower 2021-04-08 06:44:56,355 | numpy_client.py:260 | cached_clock: 36, curr_clock: 37
INFO flower 2021-04-08 06:44:57,521 | numpy_client.py:205 | Cache is fresh, return FitRes(clock=37)
DEBUG flower 2021-04-08 06:45:04,932 | numpy_client.py:172 | fit, FitIns(clock=38)
DEBUG flower 2021-04-08 06:45:04,932 | numpy_client.py:260 | cached_clock: 36, curr_clock: 38
INFO flower 2021-04-08 06:45:04,933 | numpy_client.py:184 | Cache is stale, return ReadIns
DEBUG flower 2021-04-08 06:45:09,751 | numpy_client.py:228 | read: ReadRes(clock=37)
DEBUG flower 2021-04-08 06:45:09,759 | numpy_client.py:172 | fit, FitIns(clock=38)
DEBUG flower 2021-04-08 06:45:09,759 | numpy_client.py:260 | cached_clock: 37, curr_clock: 38
INFO flower 2021-04-08 06:45:11,015 | numpy_client.py:205 | Cache is fresh, return FitRes(clock=38)
DEBUG flower 2021-04-08 06:45:18,418 | numpy_client.py:172 | fit, FitIns(clock=39)
DEBUG flower 2021-04-08 06:45:18,418 | numpy_client.py:260 | cached_clock: 37, curr_clock: 39
INFO flower 2021-04-08 06:45:18,418 | numpy_client.py:184 | Cache is stale, return ReadIns
DEBUG flower 2021-04-08 06:45:23,501 | numpy_client.py:228 | read: ReadRes(clock=38)
DEBUG flower 2021-04-08 06:45:23,508 | numpy_client.py:172 | fit, FitIns(clock=39)
DEBUG flower 2021-04-08 06:45:23,508 | numpy_client.py:260 | cached_clock: 38, curr_clock: 39
INFO flower 2021-04-08 06:45:24,724 | numpy_client.py:205 | Cache is fresh, return FitRes(clock=39)
DEBUG flower 2021-04-08 06:45:31,982 | numpy_client.py:172 | fit, FitIns(clock=40)
DEBUG flower 2021-04-08 06:45:31,982 | numpy_client.py:260 | cached_clock: 38, curr_clock: 40
INFO flower 2021-04-08 06:45:31,982 | numpy_client.py:184 | Cache is stale, return ReadIns
DEBUG flower 2021-04-08 06:45:36,825 | numpy_client.py:228 | read: ReadRes(clock=39)
DEBUG flower 2021-04-08 06:45:36,832 | numpy_client.py:172 | fit, FitIns(clock=40)
DEBUG flower 2021-04-08 06:45:36,833 | numpy_client.py:260 | cached_clock: 39, curr_clock: 40
INFO flower 2021-04-08 06:45:38,111 | numpy_client.py:205 | Cache is fresh, return FitRes(clock=40)
DEBUG flower 2021-04-08 06:45:45,901 | numpy_client.py:172 | fit, FitIns(clock=41)
DEBUG flower 2021-04-08 06:45:45,902 | numpy_client.py:260 | cached_clock: 39, curr_clock: 41
INFO flower 2021-04-08 06:45:45,902 | numpy_client.py:184 | Cache is stale, return ReadIns
DEBUG flower 2021-04-08 06:45:50,320 | numpy_client.py:228 | read: ReadRes(clock=40)
DEBUG flower 2021-04-08 06:45:50,327 | numpy_client.py:172 | fit, FitIns(clock=41)
DEBUG flower 2021-04-08 06:45:50,327 | numpy_client.py:260 | cached_clock: 40, curr_clock: 41
INFO flower 2021-04-08 06:45:51,623 | numpy_client.py:205 | Cache is fresh, return FitRes(clock=41)
DEBUG flower 2021-04-08 06:45:59,051 | numpy_client.py:172 | fit, FitIns(clock=42)
DEBUG flower 2021-04-08 06:45:59,051 | numpy_client.py:260 | cached_clock: 40, curr_clock: 42
INFO flower 2021-04-08 06:45:59,051 | numpy_client.py:184 | Cache is stale, return ReadIns
DEBUG flower 2021-04-08 06:46:03,534 | numpy_client.py:228 | read: ReadRes(clock=41)
DEBUG flower 2021-04-08 06:46:03,541 | numpy_client.py:172 | fit, FitIns(clock=42)
DEBUG flower 2021-04-08 06:46:03,541 | numpy_client.py:260 | cached_clock: 41, curr_clock: 42
INFO flower 2021-04-08 06:46:04,723 | numpy_client.py:205 | Cache is fresh, return FitRes(clock=42)
DEBUG flower 2021-04-08 06:46:12,479 | numpy_client.py:172 | fit, FitIns(clock=43)
DEBUG flower 2021-04-08 06:46:12,479 | numpy_client.py:260 | cached_clock: 41, curr_clock: 43
INFO flower 2021-04-08 06:46:12,479 | numpy_client.py:184 | Cache is stale, return ReadIns
DEBUG flower 2021-04-08 06:46:17,530 | numpy_client.py:228 | read: ReadRes(clock=42)
DEBUG flower 2021-04-08 06:46:17,538 | numpy_client.py:172 | fit, FitIns(clock=43)
DEBUG flower 2021-04-08 06:46:17,538 | numpy_client.py:260 | cached_clock: 42, curr_clock: 43
INFO flower 2021-04-08 06:46:18,725 | numpy_client.py:205 | Cache is fresh, return FitRes(clock=43)
DEBUG flower 2021-04-08 06:46:26,915 | numpy_client.py:172 | fit, FitIns(clock=44)
DEBUG flower 2021-04-08 06:46:26,915 | numpy_client.py:260 | cached_clock: 42, curr_clock: 44
INFO flower 2021-04-08 06:46:26,915 | numpy_client.py:184 | Cache is stale, return ReadIns
DEBUG flower 2021-04-08 06:46:31,642 | numpy_client.py:228 | read: ReadRes(clock=43)
DEBUG flower 2021-04-08 06:46:31,649 | numpy_client.py:172 | fit, FitIns(clock=44)
DEBUG flower 2021-04-08 06:46:31,650 | numpy_client.py:260 | cached_clock: 43, curr_clock: 44
INFO flower 2021-04-08 06:46:32,822 | numpy_client.py:205 | Cache is fresh, return FitRes(clock=44)
DEBUG flower 2021-04-08 06:46:40,316 | numpy_client.py:172 | fit, FitIns(clock=45)
DEBUG flower 2021-04-08 06:46:40,317 | numpy_client.py:260 | cached_clock: 43, curr_clock: 45
INFO flower 2021-04-08 06:46:40,317 | numpy_client.py:184 | Cache is stale, return ReadIns
DEBUG flower 2021-04-08 06:46:45,123 | numpy_client.py:228 | read: ReadRes(clock=44)
DEBUG flower 2021-04-08 06:46:45,131 | numpy_client.py:172 | fit, FitIns(clock=45)
DEBUG flower 2021-04-08 06:46:45,131 | numpy_client.py:260 | cached_clock: 44, curr_clock: 45
INFO flower 2021-04-08 06:46:46,409 | numpy_client.py:205 | Cache is fresh, return FitRes(clock=45)
DEBUG flower 2021-04-08 06:46:53,873 | numpy_client.py:172 | fit, FitIns(clock=46)
DEBUG flower 2021-04-08 06:46:53,873 | numpy_client.py:260 | cached_clock: 44, curr_clock: 46
INFO flower 2021-04-08 06:46:53,873 | numpy_client.py:184 | Cache is stale, return ReadIns
DEBUG flower 2021-04-08 06:46:58,658 | numpy_client.py:228 | read: ReadRes(clock=45)
DEBUG flower 2021-04-08 06:46:58,665 | numpy_client.py:172 | fit, FitIns(clock=46)
DEBUG flower 2021-04-08 06:46:58,665 | numpy_client.py:260 | cached_clock: 45, curr_clock: 46
INFO flower 2021-04-08 06:46:59,926 | numpy_client.py:205 | Cache is fresh, return FitRes(clock=46)
DEBUG flower 2021-04-08 06:47:07,402 | numpy_client.py:172 | fit, FitIns(clock=47)
DEBUG flower 2021-04-08 06:47:07,402 | numpy_client.py:260 | cached_clock: 45, curr_clock: 47
INFO flower 2021-04-08 06:47:07,402 | numpy_client.py:184 | Cache is stale, return ReadIns
DEBUG flower 2021-04-08 06:47:11,833 | numpy_client.py:228 | read: ReadRes(clock=46)
DEBUG flower 2021-04-08 06:47:11,841 | numpy_client.py:172 | fit, FitIns(clock=47)
DEBUG flower 2021-04-08 06:47:11,841 | numpy_client.py:260 | cached_clock: 46, curr_clock: 47
INFO flower 2021-04-08 06:47:13,208 | numpy_client.py:205 | Cache is fresh, return FitRes(clock=47)
DEBUG flower 2021-04-08 06:47:21,708 | numpy_client.py:172 | fit, FitIns(clock=48)
DEBUG flower 2021-04-08 06:47:21,709 | numpy_client.py:260 | cached_clock: 46, curr_clock: 48
INFO flower 2021-04-08 06:47:21,709 | numpy_client.py:184 | Cache is stale, return ReadIns
DEBUG flower 2021-04-08 06:47:26,240 | numpy_client.py:228 | read: ReadRes(clock=47)
DEBUG flower 2021-04-08 06:47:26,248 | numpy_client.py:172 | fit, FitIns(clock=48)
DEBUG flower 2021-04-08 06:47:26,248 | numpy_client.py:260 | cached_clock: 47, curr_clock: 48
INFO flower 2021-04-08 06:47:27,533 | numpy_client.py:205 | Cache is fresh, return FitRes(clock=48)
DEBUG flower 2021-04-08 06:47:35,106 | numpy_client.py:172 | fit, FitIns(clock=49)
DEBUG flower 2021-04-08 06:47:35,107 | numpy_client.py:260 | cached_clock: 47, curr_clock: 49
INFO flower 2021-04-08 06:47:35,107 | numpy_client.py:184 | Cache is stale, return ReadIns
DEBUG flower 2021-04-08 06:47:39,744 | numpy_client.py:228 | read: ReadRes(clock=48)
DEBUG flower 2021-04-08 06:47:39,752 | numpy_client.py:172 | fit, FitIns(clock=49)
DEBUG flower 2021-04-08 06:47:39,752 | numpy_client.py:260 | cached_clock: 48, curr_clock: 49
INFO flower 2021-04-08 06:47:41,005 | numpy_client.py:205 | Cache is fresh, return FitRes(clock=49)
DEBUG flower 2021-04-08 06:47:41,005 | numpy_client.py:217 | The client finishes computing after 663 seconds
INFO flower 2021-04-08 06:48:11,355 | numpy_client.py:250 | [32;1m Loss: 7.068, Accuracy: 34.211%[0m
DEBUG flower 2021-04-08 06:48:13,722 | connection.py:68 | Insecure gRPC channel closed
INFO flower 2021-04-08 06:48:13,723 | app.py:74 | Disconnect and shut down
Namespace(idx=11, max_delay=0, min_delay=0, num_clients=31, server_ip='10.244.29.27:8080', staleness_bound=1)
I'm client 11
Start SSP client without delay
Using downloaded and verified file: ./cifar-10-python.tar.gz
Extracting ./cifar-10-python.tar.gz to .
Files already downloaded and verified
[32;1mClient 11: 819 train samples, 76 test samples[0m
loss=59.325024127960205, acc=0.13822115384615385
loss=57.693127155303955, acc=0.19591346153846154
loss=59.5221643447876, acc=0.004807692307692308
loss=61.25259041786194, acc=0.004807692307692308
loss=63.81106996536255, acc=0.002403846153846154
loss=71.28075695037842, acc=0.06971153846153846
loss=76.14594101905823, acc=0.12620192307692307
loss=76.10952544212341, acc=0.16105769230769232
loss=73.34515368938446, acc=0.20192307692307693
loss=49.16704273223877, acc=0.28966346153846156
loss=63.656834840774536, acc=0.009615384615384616
loss=68.4980959892273, acc=0.12980769230769232
loss=44.29960286617279, acc=0.33774038461538464
loss=48.12412750720978, acc=0.3449519230769231
loss=48.48852348327637, acc=0.34375
loss=62.88887691497803, acc=0.038461538461538464
loss=67.83044719696045, acc=0.13822115384615385
loss=71.6348888874054, acc=0.15144230769230768
loss=71.53223776817322, acc=0.19591346153846154
loss=42.26745617389679, acc=0.3713942307692308
loss=58.62679207324982, acc=0.140625
loss=64.00002729892731, acc=0.18509615384615385
loss=40.03129696846008, acc=0.3942307692307692
loss=57.277856945991516, acc=0.18028846153846154
loss=39.729854464530945, acc=0.4014423076923077
loss=40.00891196727753, acc=0.43509615384615385
loss=55.65225005149841, acc=0.15865384615384615
loss=59.143059849739075, acc=0.18629807692307693
loss=63.66344356536865, acc=0.1935096153846154
loss=37.163108110427856, acc=0.4326923076923077
loss=54.99823713302612, acc=0.18990384615384615
loss=37.79223334789276, acc=0.4387019230769231
loss=55.07819139957428, acc=0.18990384615384615
loss=59.26243352890015, acc=0.1971153846153846
loss=61.32564866542816, acc=0.1971153846153846
loss=63.98239350318909, acc=0.22115384615384615
loss=63.54570436477661, acc=0.23317307692307693
loss=64.67229545116425, acc=0.22355769230769232
loss=63.77122223377228, acc=0.23918269230769232
loss=64.06531250476837, acc=0.24879807692307693
loss=64.66736221313477, acc=0.2439903846153846
loss=64.93585705757141, acc=0.25841346153846156
loss=66.25008487701416, acc=0.23557692307692307
loss=37.02466154098511, acc=0.4338942307692308
loss=38.54983139038086, acc=0.4735576923076923
loss=52.58613586425781, acc=0.2127403846153846
loss=36.481093645095825, acc=0.4543269230769231
loss=51.36453974246979, acc=0.22596153846153846
loss=57.53852987289429, acc=0.23557692307692307
loss=59.70623171329498, acc=0.23317307692307693
Files already downloaded and verified
Files already downloaded and verified
Testing on full test set: 313, 911.9755871295929, 0.2611
Testing on partial test set: 3, 7.067596673965454, 0.34210526315789475
