DEBUG flower 2021-04-10 21:05:15,683 | client.py:85 | Start SSP client without delay
DEBUG flower 2021-04-10 21:05:18,415 | connection.py:36 | ChannelConnectivity.IDLE
INFO flower 2021-04-10 21:05:18,417 | app.py:63 | Opened (insecure) gRPC connection
DEBUG flower 2021-04-10 21:05:18,417 | app.py:66 | Waiting for message from server...
DEBUG flower 2021-04-10 21:05:18,418 | connection.py:36 | ChannelConnectivity.READY
DEBUG flower 2021-04-10 21:05:18,719 | app.py:68 | Received server message. Handling...
DEBUG flower 2021-04-10 21:05:18,719 | numpy_client.py:172 | fit, FitIns(clock=0)
INFO flower 2021-04-10 21:05:18,719 | numpy_client.py:184 | Cache is stale, return ReadIns
DEBUG flower 2021-04-10 21:05:18,720 | app.py:66 | Waiting for message from server...
DEBUG flower 2021-04-10 21:05:18,920 | app.py:68 | Received server message. Handling...
DEBUG flower 2021-04-10 21:05:18,920 | numpy_client.py:228 | read: ReadRes(clock=-1)
DEBUG flower 2021-04-10 21:05:18,936 | numpy_client.py:172 | fit, FitIns(clock=0)
DEBUG flower 2021-04-10 21:05:18,936 | numpy_client.py:260 | cached_clock: -1, curr_clock: 0
DEBUG flower 2021-04-10 21:05:19,617 | model_wrapper.py:21 | Load existing initial model
DEBUG flower 2021-04-10 21:05:19,617 | numpy_client.py:201 | Not a switch point
INFO flower 2021-04-10 21:05:19,624 | numpy_client.py:205 | Cache is fresh, return FitRes(clock=0)
DEBUG flower 2021-04-10 21:05:19,624 | app.py:66 | Waiting for message from server...
DEBUG flower 2021-04-10 21:05:19,644 | app.py:68 | Received server message. Handling...
DEBUG flower 2021-04-10 21:05:19,645 | numpy_client.py:172 | fit, FitIns(clock=1)
DEBUG flower 2021-04-10 21:05:19,645 | numpy_client.py:260 | cached_clock: -1, curr_clock: 1
DEBUG flower 2021-04-10 21:05:20,216 | numpy_client.py:201 | Not a switch point
INFO flower 2021-04-10 21:05:20,219 | numpy_client.py:205 | Cache is fresh, return FitRes(clock=1)
DEBUG flower 2021-04-10 21:05:20,219 | app.py:66 | Waiting for message from server...
DEBUG flower 2021-04-10 21:05:20,239 | app.py:68 | Received server message. Handling...
DEBUG flower 2021-04-10 21:05:20,239 | numpy_client.py:172 | fit, FitIns(clock=2)
DEBUG flower 2021-04-10 21:05:20,239 | numpy_client.py:260 | cached_clock: -1, curr_clock: 2
DEBUG flower 2021-04-10 21:05:20,815 | numpy_client.py:201 | Not a switch point
INFO flower 2021-04-10 21:05:20,822 | numpy_client.py:205 | Cache is fresh, return FitRes(clock=2)
DEBUG flower 2021-04-10 21:05:20,822 | app.py:66 | Waiting for message from server...
DEBUG flower 2021-04-10 21:05:20,846 | app.py:68 | Received server message. Handling...
DEBUG flower 2021-04-10 21:05:20,846 | numpy_client.py:172 | fit, FitIns(clock=3)
DEBUG flower 2021-04-10 21:05:20,846 | numpy_client.py:260 | cached_clock: -1, curr_clock: 3
DEBUG flower 2021-04-10 21:05:21,422 | numpy_client.py:201 | Not a switch point
INFO flower 2021-04-10 21:05:21,425 | numpy_client.py:205 | Cache is fresh, return FitRes(clock=3)
DEBUG flower 2021-04-10 21:05:21,425 | app.py:66 | Waiting for message from server...
DEBUG flower 2021-04-10 21:05:21,446 | app.py:68 | Received server message. Handling...
DEBUG flower 2021-04-10 21:05:21,447 | numpy_client.py:172 | fit, FitIns(clock=4)
DEBUG flower 2021-04-10 21:05:21,447 | numpy_client.py:260 | cached_clock: -1, curr_clock: 4
DEBUG flower 2021-04-10 21:05:22,044 | acc_variance.py:19 | AccuracyVariance: sample variance 0.1271487603305785 (last 5 data)
DEBUG flower 2021-04-10 21:05:22,044 | numpy_client.py:201 | Not a switch point
INFO flower 2021-04-10 21:05:22,047 | numpy_client.py:205 | Cache is fresh, return FitRes(clock=4)
DEBUG flower 2021-04-10 21:05:22,048 | app.py:66 | Waiting for message from server...
DEBUG flower 2021-04-10 21:05:22,081 | app.py:68 | Received server message. Handling...
DEBUG flower 2021-04-10 21:05:22,081 | numpy_client.py:172 | fit, FitIns(clock=5)
DEBUG flower 2021-04-10 21:05:22,081 | numpy_client.py:260 | cached_clock: -1, curr_clock: 5
DEBUG flower 2021-04-10 21:05:22,715 | acc_variance.py:19 | AccuracyVariance: sample variance 0.1699767561983471 (last 5 data)
DEBUG flower 2021-04-10 21:05:22,715 | numpy_client.py:201 | Not a switch point
INFO flower 2021-04-10 21:05:22,718 | numpy_client.py:205 | Cache is fresh, return FitRes(clock=5)
DEBUG flower 2021-04-10 21:05:22,718 | app.py:66 | Waiting for message from server...
DEBUG flower 2021-04-10 21:05:22,739 | app.py:68 | Received server message. Handling...
DEBUG flower 2021-04-10 21:05:22,739 | numpy_client.py:172 | fit, FitIns(clock=6)
DEBUG flower 2021-04-10 21:05:22,739 | numpy_client.py:260 | cached_clock: -1, curr_clock: 6
DEBUG flower 2021-04-10 21:05:23,316 | acc_variance.py:19 | AccuracyVariance: sample variance 0.14586002066115705 (last 5 data)
DEBUG flower 2021-04-10 21:05:23,317 | numpy_client.py:201 | Not a switch point
INFO flower 2021-04-10 21:05:23,320 | numpy_client.py:205 | Cache is fresh, return FitRes(clock=6)
DEBUG flower 2021-04-10 21:05:23,320 | app.py:66 | Waiting for message from server...
DEBUG flower 2021-04-10 21:05:23,339 | app.py:68 | Received server message. Handling...
DEBUG flower 2021-04-10 21:05:23,339 | numpy_client.py:172 | fit, FitIns(clock=7)
DEBUG flower 2021-04-10 21:05:23,339 | numpy_client.py:260 | cached_clock: -1, curr_clock: 7
DEBUG flower 2021-04-10 21:05:23,924 | acc_variance.py:19 | AccuracyVariance: sample variance 0.05479855371900827 (last 5 data)
DEBUG flower 2021-04-10 21:05:23,924 | numpy_client.py:201 | Not a switch point
INFO flower 2021-04-10 21:05:23,927 | numpy_client.py:205 | Cache is fresh, return FitRes(clock=7)
DEBUG flower 2021-04-10 21:05:23,928 | app.py:66 | Waiting for message from server...
DEBUG flower 2021-04-10 21:05:23,947 | app.py:68 | Received server message. Handling...
DEBUG flower 2021-04-10 21:05:23,947 | numpy_client.py:172 | fit, FitIns(clock=8)
DEBUG flower 2021-04-10 21:05:23,948 | numpy_client.py:260 | cached_clock: -1, curr_clock: 8
DEBUG flower 2021-04-10 21:05:24,538 | acc_variance.py:19 | AccuracyVariance: sample variance 0.0 (last 5 data)
DEBUG flower 2021-04-10 21:05:24,538 | acc_variance.py:23 | AccuracyVariance: should switch
DEBUG flower 2021-04-10 21:05:24,538 | numpy_client.py:199 | Find switch point, staleness_bound -> 29
INFO flower 2021-04-10 21:05:24,541 | numpy_client.py:205 | Cache is fresh, return FitRes(clock=8)
DEBUG flower 2021-04-10 21:05:24,542 | app.py:66 | Waiting for message from server...
DEBUG flower 2021-04-10 21:05:24,562 | app.py:68 | Received server message. Handling...
DEBUG flower 2021-04-10 21:05:24,562 | numpy_client.py:172 | fit, FitIns(clock=9)
DEBUG flower 2021-04-10 21:05:24,562 | numpy_client.py:260 | cached_clock: -1, curr_clock: 9
DEBUG flower 2021-04-10 21:05:25,215 | acc_variance.py:19 | AccuracyVariance: sample variance 0.0 (last 5 data)
DEBUG flower 2021-04-10 21:05:25,216 | acc_variance.py:23 | AccuracyVariance: should switch
DEBUG flower 2021-04-10 21:05:25,216 | numpy_client.py:199 | Find switch point, staleness_bound -> 28
INFO flower 2021-04-10 21:05:25,221 | numpy_client.py:205 | Cache is fresh, return FitRes(clock=9)
DEBUG flower 2021-04-10 21:05:25,222 | app.py:66 | Waiting for message from server...
DEBUG flower 2021-04-10 21:05:25,249 | app.py:68 | Received server message. Handling...
DEBUG flower 2021-04-10 21:05:25,250 | numpy_client.py:172 | fit, FitIns(clock=10)
DEBUG flower 2021-04-10 21:05:25,250 | numpy_client.py:260 | cached_clock: -1, curr_clock: 10
DEBUG flower 2021-04-10 21:05:25,825 | acc_variance.py:19 | AccuracyVariance: sample variance 0.0 (last 5 data)
DEBUG flower 2021-04-10 21:05:25,825 | acc_variance.py:23 | AccuracyVariance: should switch
DEBUG flower 2021-04-10 21:05:25,825 | numpy_client.py:199 | Find switch point, staleness_bound -> 27
INFO flower 2021-04-10 21:05:25,828 | numpy_client.py:205 | Cache is fresh, return FitRes(clock=10)
DEBUG flower 2021-04-10 21:05:25,829 | app.py:66 | Waiting for message from server...
DEBUG flower 2021-04-10 21:05:25,850 | app.py:68 | Received server message. Handling...
DEBUG flower 2021-04-10 21:05:25,850 | numpy_client.py:172 | fit, FitIns(clock=11)
DEBUG flower 2021-04-10 21:05:25,850 | numpy_client.py:260 | cached_clock: -1, curr_clock: 11
DEBUG flower 2021-04-10 21:05:26,444 | acc_variance.py:19 | AccuracyVariance: sample variance 0.0 (last 5 data)
DEBUG flower 2021-04-10 21:05:26,444 | acc_variance.py:23 | AccuracyVariance: should switch
DEBUG flower 2021-04-10 21:05:26,444 | numpy_client.py:199 | Find switch point, staleness_bound -> 26
INFO flower 2021-04-10 21:05:26,512 | numpy_client.py:205 | Cache is fresh, return FitRes(clock=11)
DEBUG flower 2021-04-10 21:05:26,512 | app.py:66 | Waiting for message from server...
DEBUG flower 2021-04-10 21:05:26,534 | app.py:68 | Received server message. Handling...
DEBUG flower 2021-04-10 21:05:26,534 | numpy_client.py:172 | fit, FitIns(clock=12)
DEBUG flower 2021-04-10 21:05:26,534 | numpy_client.py:260 | cached_clock: -1, curr_clock: 12
DEBUG flower 2021-04-10 21:05:27,046 | acc_variance.py:19 | AccuracyVariance: sample variance 0.0 (last 5 data)
DEBUG flower 2021-04-10 21:05:27,111 | acc_variance.py:23 | AccuracyVariance: should switch
DEBUG flower 2021-04-10 21:05:27,111 | numpy_client.py:199 | Find switch point, staleness_bound -> 25
INFO flower 2021-04-10 21:05:27,114 | numpy_client.py:205 | Cache is fresh, return FitRes(clock=12)
DEBUG flower 2021-04-10 21:05:27,115 | app.py:66 | Waiting for message from server...
DEBUG flower 2021-04-10 21:05:27,136 | app.py:68 | Received server message. Handling...
DEBUG flower 2021-04-10 21:05:27,137 | numpy_client.py:172 | fit, FitIns(clock=13)
DEBUG flower 2021-04-10 21:05:27,137 | numpy_client.py:260 | cached_clock: -1, curr_clock: 13
DEBUG flower 2021-04-10 21:05:27,550 | acc_variance.py:19 | AccuracyVariance: sample variance 0.0 (last 5 data)
DEBUG flower 2021-04-10 21:05:27,550 | acc_variance.py:23 | AccuracyVariance: should switch
DEBUG flower 2021-04-10 21:05:27,556 | numpy_client.py:199 | Find switch point, staleness_bound -> 24
INFO flower 2021-04-10 21:05:27,560 | numpy_client.py:205 | Cache is fresh, return FitRes(clock=13)
DEBUG flower 2021-04-10 21:05:27,560 | app.py:66 | Waiting for message from server...
DEBUG flower 2021-04-10 21:05:27,631 | app.py:68 | Received server message. Handling...
DEBUG flower 2021-04-10 21:05:27,632 | numpy_client.py:172 | fit, FitIns(clock=14)
DEBUG flower 2021-04-10 21:05:27,632 | numpy_client.py:260 | cached_clock: -1, curr_clock: 14
DEBUG flower 2021-04-10 21:05:28,115 | acc_variance.py:19 | AccuracyVariance: sample variance 0.0 (last 5 data)
DEBUG flower 2021-04-10 21:05:28,115 | acc_variance.py:23 | AccuracyVariance: should switch
DEBUG flower 2021-04-10 21:05:28,115 | numpy_client.py:199 | Find switch point, staleness_bound -> 23
INFO flower 2021-04-10 21:05:28,120 | numpy_client.py:205 | Cache is fresh, return FitRes(clock=14)
DEBUG flower 2021-04-10 21:05:28,120 | app.py:66 | Waiting for message from server...
DEBUG flower 2021-04-10 21:05:28,142 | app.py:68 | Received server message. Handling...
DEBUG flower 2021-04-10 21:05:28,142 | numpy_client.py:172 | fit, FitIns(clock=15)
DEBUG flower 2021-04-10 21:05:28,142 | numpy_client.py:260 | cached_clock: -1, curr_clock: 15
DEBUG flower 2021-04-10 21:05:28,725 | acc_variance.py:19 | AccuracyVariance: sample variance 0.0 (last 5 data)
DEBUG flower 2021-04-10 21:05:28,725 | acc_variance.py:23 | AccuracyVariance: should switch
DEBUG flower 2021-04-10 21:05:28,725 | numpy_client.py:199 | Find switch point, staleness_bound -> 22
INFO flower 2021-04-10 21:05:28,728 | numpy_client.py:205 | Cache is fresh, return FitRes(clock=15)
DEBUG flower 2021-04-10 21:05:28,728 | app.py:66 | Waiting for message from server...
DEBUG flower 2021-04-10 21:05:28,748 | app.py:68 | Received server message. Handling...
DEBUG flower 2021-04-10 21:05:28,749 | numpy_client.py:172 | fit, FitIns(clock=16)
DEBUG flower 2021-04-10 21:05:28,749 | numpy_client.py:260 | cached_clock: -1, curr_clock: 16
DEBUG flower 2021-04-10 21:05:29,324 | acc_variance.py:19 | AccuracyVariance: sample variance 0.0 (last 5 data)
DEBUG flower 2021-04-10 21:05:29,324 | acc_variance.py:23 | AccuracyVariance: should switch
DEBUG flower 2021-04-10 21:05:29,324 | numpy_client.py:199 | Find switch point, staleness_bound -> 21
INFO flower 2021-04-10 21:05:29,327 | numpy_client.py:205 | Cache is fresh, return FitRes(clock=16)
DEBUG flower 2021-04-10 21:05:29,328 | app.py:66 | Waiting for message from server...
DEBUG flower 2021-04-10 21:05:29,347 | app.py:68 | Received server message. Handling...
DEBUG flower 2021-04-10 21:05:29,347 | numpy_client.py:172 | fit, FitIns(clock=17)
DEBUG flower 2021-04-10 21:05:29,347 | numpy_client.py:260 | cached_clock: -1, curr_clock: 17
DEBUG flower 2021-04-10 21:05:29,943 | acc_variance.py:19 | AccuracyVariance: sample variance 0.0 (last 5 data)
DEBUG flower 2021-04-10 21:05:29,943 | acc_variance.py:23 | AccuracyVariance: should switch
DEBUG flower 2021-04-10 21:05:29,943 | numpy_client.py:199 | Find switch point, staleness_bound -> 20
INFO flower 2021-04-10 21:05:29,947 | numpy_client.py:205 | Cache is fresh, return FitRes(clock=17)
DEBUG flower 2021-04-10 21:05:29,947 | app.py:66 | Waiting for message from server...
DEBUG flower 2021-04-10 21:05:30,027 | app.py:68 | Received server message. Handling...
DEBUG flower 2021-04-10 21:05:30,027 | numpy_client.py:172 | fit, FitIns(clock=18)
DEBUG flower 2021-04-10 21:05:30,027 | numpy_client.py:260 | cached_clock: -1, curr_clock: 18
DEBUG flower 2021-04-10 21:05:30,613 | acc_variance.py:19 | AccuracyVariance: sample variance 0.0 (last 5 data)
DEBUG flower 2021-04-10 21:05:30,613 | acc_variance.py:23 | AccuracyVariance: should switch
DEBUG flower 2021-04-10 21:05:30,613 | numpy_client.py:199 | Find switch point, staleness_bound -> 19
INFO flower 2021-04-10 21:05:30,616 | numpy_client.py:205 | Cache is fresh, return FitRes(clock=18)
DEBUG flower 2021-04-10 21:05:30,616 | app.py:66 | Waiting for message from server...
DEBUG flower 2021-04-10 21:05:30,636 | app.py:68 | Received server message. Handling...
DEBUG flower 2021-04-10 21:05:30,636 | numpy_client.py:172 | fit, FitIns(clock=19)
DEBUG flower 2021-04-10 21:05:30,636 | numpy_client.py:260 | cached_clock: -1, curr_clock: 19
INFO flower 2021-04-10 21:05:30,636 | numpy_client.py:184 | Cache is stale, return ReadIns
DEBUG flower 2021-04-10 21:05:30,636 | app.py:66 | Waiting for message from server...
DEBUG flower 2021-04-10 21:06:37,784 | app.py:68 | Received server message. Handling...
DEBUG flower 2021-04-10 21:06:37,785 | numpy_client.py:228 | read: ReadRes(clock=0)
DEBUG flower 2021-04-10 21:06:37,792 | numpy_client.py:172 | fit, FitIns(clock=19)
DEBUG flower 2021-04-10 21:06:37,792 | numpy_client.py:260 | cached_clock: 0, curr_clock: 19
DEBUG flower 2021-04-10 21:06:38,417 | acc_variance.py:19 | AccuracyVariance: sample variance 0.13388946280991737 (last 5 data)
DEBUG flower 2021-04-10 21:06:38,418 | numpy_client.py:201 | Not a switch point
INFO flower 2021-04-10 21:06:38,421 | numpy_client.py:205 | Cache is fresh, return FitRes(clock=19)
DEBUG flower 2021-04-10 21:06:38,422 | app.py:66 | Waiting for message from server...
DEBUG flower 2021-04-10 21:06:38,443 | app.py:68 | Received server message. Handling...
DEBUG flower 2021-04-10 21:06:38,444 | numpy_client.py:172 | fit, FitIns(clock=20)
DEBUG flower 2021-04-10 21:06:38,444 | numpy_client.py:260 | cached_clock: 0, curr_clock: 20
INFO flower 2021-04-10 21:06:38,444 | numpy_client.py:184 | Cache is stale, return ReadIns
DEBUG flower 2021-04-10 21:06:38,444 | app.py:66 | Waiting for message from server...
DEBUG flower 2021-04-10 21:08:07,433 | app.py:68 | Received server message. Handling...
DEBUG flower 2021-04-10 21:08:07,433 | numpy_client.py:228 | read: ReadRes(clock=1)
DEBUG flower 2021-04-10 21:08:07,440 | numpy_client.py:172 | fit, FitIns(clock=20)
DEBUG flower 2021-04-10 21:08:07,441 | numpy_client.py:260 | cached_clock: 1, curr_clock: 20
DEBUG flower 2021-04-10 21:08:08,014 | acc_variance.py:19 | AccuracyVariance: sample variance 0.20083419421487606 (last 5 data)
DEBUG flower 2021-04-10 21:08:08,014 | numpy_client.py:201 | Not a switch point
INFO flower 2021-04-10 21:08:08,017 | numpy_client.py:205 | Cache is fresh, return FitRes(clock=20)
DEBUG flower 2021-04-10 21:08:08,018 | app.py:66 | Waiting for message from server...
DEBUG flower 2021-04-10 21:08:08,037 | app.py:68 | Received server message. Handling...
DEBUG flower 2021-04-10 21:08:08,038 | numpy_client.py:172 | fit, FitIns(clock=21)
DEBUG flower 2021-04-10 21:08:08,038 | numpy_client.py:260 | cached_clock: 1, curr_clock: 21
INFO flower 2021-04-10 21:08:08,038 | numpy_client.py:184 | Cache is stale, return ReadIns
DEBUG flower 2021-04-10 21:08:08,038 | app.py:66 | Waiting for message from server...
DEBUG flower 2021-04-10 21:09:21,567 | app.py:68 | Received server message. Handling...
DEBUG flower 2021-04-10 21:09:21,568 | numpy_client.py:228 | read: ReadRes(clock=2)
DEBUG flower 2021-04-10 21:09:21,575 | numpy_client.py:172 | fit, FitIns(clock=21)
DEBUG flower 2021-04-10 21:09:21,575 | numpy_client.py:260 | cached_clock: 2, curr_clock: 21
DEBUG flower 2021-04-10 21:09:22,143 | acc_variance.py:19 | AccuracyVariance: sample variance 0.200834194214876 (last 5 data)
DEBUG flower 2021-04-10 21:09:22,143 | numpy_client.py:201 | Not a switch point
INFO flower 2021-04-10 21:09:22,147 | numpy_client.py:205 | Cache is fresh, return FitRes(clock=21)
DEBUG flower 2021-04-10 21:09:22,147 | app.py:66 | Waiting for message from server...
DEBUG flower 2021-04-10 21:09:22,166 | app.py:68 | Received server message. Handling...
DEBUG flower 2021-04-10 21:09:22,167 | numpy_client.py:172 | fit, FitIns(clock=22)
DEBUG flower 2021-04-10 21:09:22,167 | numpy_client.py:260 | cached_clock: 2, curr_clock: 22
INFO flower 2021-04-10 21:09:22,167 | numpy_client.py:184 | Cache is stale, return ReadIns
DEBUG flower 2021-04-10 21:09:22,167 | app.py:66 | Waiting for message from server...
DEBUG flower 2021-04-10 21:10:16,973 | app.py:68 | Received server message. Handling...
DEBUG flower 2021-04-10 21:10:16,973 | numpy_client.py:228 | read: ReadRes(clock=3)
DEBUG flower 2021-04-10 21:10:16,981 | numpy_client.py:172 | fit, FitIns(clock=22)
DEBUG flower 2021-04-10 21:10:16,981 | numpy_client.py:260 | cached_clock: 3, curr_clock: 22
DEBUG flower 2021-04-10 21:10:17,539 | acc_variance.py:19 | AccuracyVariance: sample variance 0.13388946280991737 (last 5 data)
DEBUG flower 2021-04-10 21:10:17,539 | numpy_client.py:201 | Not a switch point
INFO flower 2021-04-10 21:10:17,543 | numpy_client.py:205 | Cache is fresh, return FitRes(clock=22)
DEBUG flower 2021-04-10 21:10:17,543 | app.py:66 | Waiting for message from server...
DEBUG flower 2021-04-10 21:10:17,564 | app.py:68 | Received server message. Handling...
DEBUG flower 2021-04-10 21:10:17,565 | numpy_client.py:172 | fit, FitIns(clock=23)
DEBUG flower 2021-04-10 21:10:17,565 | numpy_client.py:260 | cached_clock: 3, curr_clock: 23
INFO flower 2021-04-10 21:10:17,565 | numpy_client.py:184 | Cache is stale, return ReadIns
DEBUG flower 2021-04-10 21:10:17,565 | app.py:66 | Waiting for message from server...
DEBUG flower 2021-04-10 21:11:14,972 | app.py:68 | Received server message. Handling...
DEBUG flower 2021-04-10 21:11:14,973 | numpy_client.py:228 | read: ReadRes(clock=4)
DEBUG flower 2021-04-10 21:11:14,980 | numpy_client.py:172 | fit, FitIns(clock=23)
DEBUG flower 2021-04-10 21:11:14,980 | numpy_client.py:260 | cached_clock: 4, curr_clock: 23
DEBUG flower 2021-04-10 21:11:15,541 | acc_variance.py:19 | AccuracyVariance: sample variance 0.0 (last 5 data)
DEBUG flower 2021-04-10 21:11:15,541 | acc_variance.py:23 | AccuracyVariance: should switch
DEBUG flower 2021-04-10 21:11:15,542 | numpy_client.py:199 | Find switch point, staleness_bound -> 18
INFO flower 2021-04-10 21:11:15,545 | numpy_client.py:205 | Cache is fresh, return FitRes(clock=23)
DEBUG flower 2021-04-10 21:11:15,545 | app.py:66 | Waiting for message from server...
DEBUG flower 2021-04-10 21:11:15,565 | app.py:68 | Received server message. Handling...
DEBUG flower 2021-04-10 21:11:15,565 | numpy_client.py:172 | fit, FitIns(clock=24)
DEBUG flower 2021-04-10 21:11:15,565 | numpy_client.py:260 | cached_clock: 4, curr_clock: 24
INFO flower 2021-04-10 21:11:15,565 | numpy_client.py:184 | Cache is stale, return ReadIns
DEBUG flower 2021-04-10 21:11:15,565 | app.py:66 | Waiting for message from server...
DEBUG flower 2021-04-10 21:13:42,212 | app.py:68 | Received server message. Handling...
DEBUG flower 2021-04-10 21:13:42,212 | numpy_client.py:228 | read: ReadRes(clock=6)
DEBUG flower 2021-04-10 21:13:42,219 | numpy_client.py:172 | fit, FitIns(clock=24)
DEBUG flower 2021-04-10 21:13:42,219 | numpy_client.py:260 | cached_clock: 6, curr_clock: 24
DEBUG flower 2021-04-10 21:13:42,737 | acc_variance.py:19 | AccuracyVariance: sample variance 0.0 (last 5 data)
DEBUG flower 2021-04-10 21:13:42,738 | acc_variance.py:23 | AccuracyVariance: should switch
DEBUG flower 2021-04-10 21:13:42,738 | numpy_client.py:199 | Find switch point, staleness_bound -> 17
INFO flower 2021-04-10 21:13:42,741 | numpy_client.py:205 | Cache is fresh, return FitRes(clock=24)
DEBUG flower 2021-04-10 21:13:42,741 | app.py:66 | Waiting for message from server...
DEBUG flower 2021-04-10 21:13:42,762 | app.py:68 | Received server message. Handling...
DEBUG flower 2021-04-10 21:13:42,763 | numpy_client.py:172 | fit, FitIns(clock=25)
DEBUG flower 2021-04-10 21:13:42,763 | numpy_client.py:260 | cached_clock: 6, curr_clock: 25
INFO flower 2021-04-10 21:13:42,763 | numpy_client.py:184 | Cache is stale, return ReadIns
DEBUG flower 2021-04-10 21:13:42,763 | app.py:66 | Waiting for message from server...
DEBUG flower 2021-04-10 21:16:07,641 | app.py:68 | Received server message. Handling...
DEBUG flower 2021-04-10 21:16:07,642 | numpy_client.py:228 | read: ReadRes(clock=8)
DEBUG flower 2021-04-10 21:16:07,649 | numpy_client.py:172 | fit, FitIns(clock=25)
DEBUG flower 2021-04-10 21:16:07,649 | numpy_client.py:260 | cached_clock: 8, curr_clock: 25
DEBUG flower 2021-04-10 21:16:08,151 | acc_variance.py:19 | AccuracyVariance: sample variance 0.0 (last 5 data)
DEBUG flower 2021-04-10 21:16:08,152 | acc_variance.py:23 | AccuracyVariance: should switch
DEBUG flower 2021-04-10 21:16:08,152 | numpy_client.py:199 | Find switch point, staleness_bound -> 16
INFO flower 2021-04-10 21:16:08,212 | numpy_client.py:205 | Cache is fresh, return FitRes(clock=25)
DEBUG flower 2021-04-10 21:16:08,213 | app.py:66 | Waiting for message from server...
DEBUG flower 2021-04-10 21:16:08,234 | app.py:68 | Received server message. Handling...
DEBUG flower 2021-04-10 21:16:08,234 | numpy_client.py:172 | fit, FitIns(clock=26)
DEBUG flower 2021-04-10 21:16:08,234 | numpy_client.py:260 | cached_clock: 8, curr_clock: 26
INFO flower 2021-04-10 21:16:08,234 | numpy_client.py:184 | Cache is stale, return ReadIns
DEBUG flower 2021-04-10 21:16:08,235 | app.py:66 | Waiting for message from server...
DEBUG flower 2021-04-10 21:18:32,863 | app.py:68 | Received server message. Handling...
DEBUG flower 2021-04-10 21:18:32,863 | numpy_client.py:228 | read: ReadRes(clock=10)
DEBUG flower 2021-04-10 21:18:32,870 | numpy_client.py:172 | fit, FitIns(clock=26)
DEBUG flower 2021-04-10 21:18:32,871 | numpy_client.py:260 | cached_clock: 10, curr_clock: 26
DEBUG flower 2021-04-10 21:18:33,415 | acc_variance.py:19 | AccuracyVariance: sample variance 0.0 (last 5 data)
DEBUG flower 2021-04-10 21:18:33,415 | acc_variance.py:23 | AccuracyVariance: should switch
DEBUG flower 2021-04-10 21:18:33,415 | numpy_client.py:199 | Find switch point, staleness_bound -> 15
INFO flower 2021-04-10 21:18:33,419 | numpy_client.py:205 | Cache is fresh, return FitRes(clock=26)
DEBUG flower 2021-04-10 21:18:33,419 | app.py:66 | Waiting for message from server...
DEBUG flower 2021-04-10 21:18:33,441 | app.py:68 | Received server message. Handling...
DEBUG flower 2021-04-10 21:18:33,441 | numpy_client.py:172 | fit, FitIns(clock=27)
DEBUG flower 2021-04-10 21:18:33,441 | numpy_client.py:260 | cached_clock: 10, curr_clock: 27
INFO flower 2021-04-10 21:18:33,441 | numpy_client.py:184 | Cache is stale, return ReadIns
DEBUG flower 2021-04-10 21:18:33,441 | app.py:66 | Waiting for message from server...
DEBUG flower 2021-04-10 21:21:24,112 | app.py:68 | Received server message. Handling...
DEBUG flower 2021-04-10 21:21:24,112 | numpy_client.py:228 | read: ReadRes(clock=12)
DEBUG flower 2021-04-10 21:21:24,119 | numpy_client.py:172 | fit, FitIns(clock=27)
DEBUG flower 2021-04-10 21:21:24,119 | numpy_client.py:260 | cached_clock: 12, curr_clock: 27
DEBUG flower 2021-04-10 21:21:24,638 | acc_variance.py:19 | AccuracyVariance: sample variance 0.0 (last 5 data)
DEBUG flower 2021-04-10 21:21:24,639 | acc_variance.py:23 | AccuracyVariance: should switch
DEBUG flower 2021-04-10 21:21:24,639 | numpy_client.py:199 | Find switch point, staleness_bound -> 14
INFO flower 2021-04-10 21:21:24,642 | numpy_client.py:205 | Cache is fresh, return FitRes(clock=27)
DEBUG flower 2021-04-10 21:21:24,642 | app.py:66 | Waiting for message from server...
DEBUG flower 2021-04-10 21:21:24,662 | app.py:68 | Received server message. Handling...
DEBUG flower 2021-04-10 21:21:24,663 | numpy_client.py:172 | fit, FitIns(clock=28)
DEBUG flower 2021-04-10 21:21:24,663 | numpy_client.py:260 | cached_clock: 12, curr_clock: 28
INFO flower 2021-04-10 21:21:24,663 | numpy_client.py:184 | Cache is stale, return ReadIns
DEBUG flower 2021-04-10 21:21:24,663 | app.py:66 | Waiting for message from server...
DEBUG flower 2021-04-10 21:23:55,709 | app.py:68 | Received server message. Handling...
DEBUG flower 2021-04-10 21:23:55,710 | numpy_client.py:228 | read: ReadRes(clock=14)
DEBUG flower 2021-04-10 21:23:55,717 | numpy_client.py:172 | fit, FitIns(clock=28)
DEBUG flower 2021-04-10 21:23:55,717 | numpy_client.py:260 | cached_clock: 14, curr_clock: 28
DEBUG flower 2021-04-10 21:23:56,236 | acc_variance.py:19 | AccuracyVariance: sample variance 0.0 (last 5 data)
DEBUG flower 2021-04-10 21:23:56,237 | acc_variance.py:23 | AccuracyVariance: should switch
DEBUG flower 2021-04-10 21:23:56,237 | numpy_client.py:199 | Find switch point, staleness_bound -> 13
INFO flower 2021-04-10 21:23:56,240 | numpy_client.py:205 | Cache is fresh, return FitRes(clock=28)
DEBUG flower 2021-04-10 21:23:56,240 | app.py:66 | Waiting for message from server...
DEBUG flower 2021-04-10 21:23:56,264 | app.py:68 | Received server message. Handling...
DEBUG flower 2021-04-10 21:23:56,264 | numpy_client.py:172 | fit, FitIns(clock=29)
DEBUG flower 2021-04-10 21:23:56,265 | numpy_client.py:260 | cached_clock: 14, curr_clock: 29
INFO flower 2021-04-10 21:23:56,265 | numpy_client.py:184 | Cache is stale, return ReadIns
DEBUG flower 2021-04-10 21:23:56,265 | app.py:66 | Waiting for message from server...
DEBUG flower 2021-04-10 21:26:13,666 | app.py:68 | Received server message. Handling...
DEBUG flower 2021-04-10 21:26:13,667 | numpy_client.py:228 | read: ReadRes(clock=16)
DEBUG flower 2021-04-10 21:26:13,674 | numpy_client.py:172 | fit, FitIns(clock=29)
DEBUG flower 2021-04-10 21:26:13,674 | numpy_client.py:260 | cached_clock: 16, curr_clock: 29
DEBUG flower 2021-04-10 21:26:14,221 | acc_variance.py:19 | AccuracyVariance: sample variance 0.11777376033057849 (last 5 data)
DEBUG flower 2021-04-10 21:26:14,221 | numpy_client.py:201 | Not a switch point
INFO flower 2021-04-10 21:26:14,224 | numpy_client.py:205 | Cache is fresh, return FitRes(clock=29)
DEBUG flower 2021-04-10 21:26:14,225 | app.py:66 | Waiting for message from server...
DEBUG flower 2021-04-10 21:26:14,242 | app.py:68 | Received server message. Handling...
DEBUG flower 2021-04-10 21:26:14,242 | numpy_client.py:172 | fit, FitIns(clock=30)
DEBUG flower 2021-04-10 21:26:14,243 | numpy_client.py:260 | cached_clock: 16, curr_clock: 30
INFO flower 2021-04-10 21:26:14,243 | numpy_client.py:184 | Cache is stale, return ReadIns
DEBUG flower 2021-04-10 21:26:14,243 | app.py:66 | Waiting for message from server...
DEBUG flower 2021-04-10 21:27:05,518 | app.py:68 | Received server message. Handling...
DEBUG flower 2021-04-10 21:27:05,518 | numpy_client.py:228 | read: ReadRes(clock=17)
DEBUG flower 2021-04-10 21:27:05,525 | numpy_client.py:172 | fit, FitIns(clock=30)
DEBUG flower 2021-04-10 21:27:05,526 | numpy_client.py:260 | cached_clock: 17, curr_clock: 30
DEBUG flower 2021-04-10 21:27:06,045 | acc_variance.py:19 | AccuracyVariance: sample variance 0.11777376033057849 (last 5 data)
DEBUG flower 2021-04-10 21:27:06,046 | numpy_client.py:201 | Not a switch point
INFO flower 2021-04-10 21:27:06,113 | numpy_client.py:205 | Cache is fresh, return FitRes(clock=30)
DEBUG flower 2021-04-10 21:27:06,114 | app.py:66 | Waiting for message from server...
DEBUG flower 2021-04-10 21:27:06,135 | app.py:68 | Received server message. Handling...
DEBUG flower 2021-04-10 21:27:06,135 | numpy_client.py:172 | fit, FitIns(clock=31)
DEBUG flower 2021-04-10 21:27:06,135 | numpy_client.py:260 | cached_clock: 17, curr_clock: 31
INFO flower 2021-04-10 21:27:06,135 | numpy_client.py:184 | Cache is stale, return ReadIns
DEBUG flower 2021-04-10 21:27:06,136 | app.py:66 | Waiting for message from server...
DEBUG flower 2021-04-10 21:28:24,711 | app.py:68 | Received server message. Handling...
DEBUG flower 2021-04-10 21:28:24,712 | numpy_client.py:228 | read: ReadRes(clock=18)
DEBUG flower 2021-04-10 21:28:24,719 | numpy_client.py:172 | fit, FitIns(clock=31)
DEBUG flower 2021-04-10 21:28:24,719 | numpy_client.py:260 | cached_clock: 18, curr_clock: 31
DEBUG flower 2021-04-10 21:28:25,235 | acc_variance.py:19 | AccuracyVariance: sample variance 0.16708935950413223 (last 5 data)
DEBUG flower 2021-04-10 21:28:25,235 | numpy_client.py:201 | Not a switch point
INFO flower 2021-04-10 21:28:25,239 | numpy_client.py:205 | Cache is fresh, return FitRes(clock=31)
DEBUG flower 2021-04-10 21:28:25,239 | app.py:66 | Waiting for message from server...
DEBUG flower 2021-04-10 21:28:25,261 | app.py:68 | Received server message. Handling...
DEBUG flower 2021-04-10 21:28:25,261 | numpy_client.py:172 | fit, FitIns(clock=32)
DEBUG flower 2021-04-10 21:28:25,261 | numpy_client.py:260 | cached_clock: 18, curr_clock: 32
INFO flower 2021-04-10 21:28:25,261 | numpy_client.py:184 | Cache is stale, return ReadIns
DEBUG flower 2021-04-10 21:28:25,262 | app.py:66 | Waiting for message from server...
DEBUG flower 2021-04-10 21:29:41,911 | app.py:68 | Received server message. Handling...
DEBUG flower 2021-04-10 21:29:41,911 | numpy_client.py:228 | read: ReadRes(clock=19)
DEBUG flower 2021-04-10 21:29:41,919 | numpy_client.py:172 | fit, FitIns(clock=32)
DEBUG flower 2021-04-10 21:29:41,919 | numpy_client.py:260 | cached_clock: 19, curr_clock: 32
DEBUG flower 2021-04-10 21:29:42,445 | acc_variance.py:19 | AccuracyVariance: sample variance 0.16708935950413223 (last 5 data)
DEBUG flower 2021-04-10 21:29:42,445 | numpy_client.py:201 | Not a switch point
INFO flower 2021-04-10 21:29:42,448 | numpy_client.py:205 | Cache is fresh, return FitRes(clock=32)
DEBUG flower 2021-04-10 21:29:42,449 | app.py:66 | Waiting for message from server...
DEBUG flower 2021-04-10 21:29:42,482 | app.py:68 | Received server message. Handling...
DEBUG flower 2021-04-10 21:29:42,482 | numpy_client.py:172 | fit, FitIns(clock=33)
DEBUG flower 2021-04-10 21:29:42,482 | numpy_client.py:260 | cached_clock: 19, curr_clock: 33
INFO flower 2021-04-10 21:29:42,482 | numpy_client.py:184 | Cache is stale, return ReadIns
DEBUG flower 2021-04-10 21:29:42,482 | app.py:66 | Waiting for message from server...
DEBUG flower 2021-04-10 21:30:52,011 | app.py:68 | Received server message. Handling...
DEBUG flower 2021-04-10 21:30:52,012 | numpy_client.py:228 | read: ReadRes(clock=20)
DEBUG flower 2021-04-10 21:30:52,019 | numpy_client.py:172 | fit, FitIns(clock=33)
DEBUG flower 2021-04-10 21:30:52,019 | numpy_client.py:260 | cached_clock: 20, curr_clock: 33
DEBUG flower 2021-04-10 21:30:52,627 | acc_variance.py:19 | AccuracyVariance: sample variance 0.16540999483471075 (last 5 data)
DEBUG flower 2021-04-10 21:30:52,628 | numpy_client.py:201 | Not a switch point
INFO flower 2021-04-10 21:30:52,631 | numpy_client.py:205 | Cache is fresh, return FitRes(clock=33)
DEBUG flower 2021-04-10 21:30:52,631 | app.py:66 | Waiting for message from server...
DEBUG flower 2021-04-10 21:30:52,652 | app.py:68 | Received server message. Handling...
DEBUG flower 2021-04-10 21:30:52,653 | numpy_client.py:172 | fit, FitIns(clock=34)
DEBUG flower 2021-04-10 21:30:52,653 | numpy_client.py:260 | cached_clock: 20, curr_clock: 34
INFO flower 2021-04-10 21:30:52,653 | numpy_client.py:184 | Cache is stale, return ReadIns
DEBUG flower 2021-04-10 21:30:52,653 | app.py:66 | Waiting for message from server...
DEBUG flower 2021-04-10 21:32:21,268 | app.py:68 | Received server message. Handling...
DEBUG flower 2021-04-10 21:32:21,269 | numpy_client.py:228 | read: ReadRes(clock=21)
DEBUG flower 2021-04-10 21:32:21,275 | numpy_client.py:172 | fit, FitIns(clock=34)
DEBUG flower 2021-04-10 21:32:21,276 | numpy_client.py:260 | cached_clock: 21, curr_clock: 34
DEBUG flower 2021-04-10 21:32:21,825 | acc_variance.py:19 | AccuracyVariance: sample variance 0.16183044938016528 (last 5 data)
DEBUG flower 2021-04-10 21:32:21,825 | numpy_client.py:201 | Not a switch point
INFO flower 2021-04-10 21:32:21,829 | numpy_client.py:205 | Cache is fresh, return FitRes(clock=34)
DEBUG flower 2021-04-10 21:32:21,829 | app.py:66 | Waiting for message from server...
DEBUG flower 2021-04-10 21:32:21,853 | app.py:68 | Received server message. Handling...
DEBUG flower 2021-04-10 21:32:21,853 | numpy_client.py:172 | fit, FitIns(clock=35)
DEBUG flower 2021-04-10 21:32:21,853 | numpy_client.py:260 | cached_clock: 21, curr_clock: 35
INFO flower 2021-04-10 21:32:21,853 | numpy_client.py:184 | Cache is stale, return ReadIns
DEBUG flower 2021-04-10 21:32:21,854 | app.py:66 | Waiting for message from server...
DEBUG flower 2021-04-10 21:33:32,309 | app.py:68 | Received server message. Handling...
DEBUG flower 2021-04-10 21:33:32,309 | numpy_client.py:228 | read: ReadRes(clock=22)
DEBUG flower 2021-04-10 21:33:32,316 | numpy_client.py:172 | fit, FitIns(clock=35)
DEBUG flower 2021-04-10 21:33:32,317 | numpy_client.py:260 | cached_clock: 22, curr_clock: 35
DEBUG flower 2021-04-10 21:33:32,832 | acc_variance.py:19 | AccuracyVariance: sample variance 0.16183044938016528 (last 5 data)
DEBUG flower 2021-04-10 21:33:32,833 | numpy_client.py:201 | Not a switch point
INFO flower 2021-04-10 21:33:32,836 | numpy_client.py:205 | Cache is fresh, return FitRes(clock=35)
DEBUG flower 2021-04-10 21:33:32,836 | app.py:66 | Waiting for message from server...
DEBUG flower 2021-04-10 21:33:32,856 | app.py:68 | Received server message. Handling...
DEBUG flower 2021-04-10 21:33:32,856 | numpy_client.py:172 | fit, FitIns(clock=36)
DEBUG flower 2021-04-10 21:33:32,856 | numpy_client.py:260 | cached_clock: 22, curr_clock: 36
INFO flower 2021-04-10 21:33:32,856 | numpy_client.py:184 | Cache is stale, return ReadIns
DEBUG flower 2021-04-10 21:33:32,856 | app.py:66 | Waiting for message from server...
DEBUG flower 2021-04-10 21:34:52,322 | app.py:68 | Received server message. Handling...
DEBUG flower 2021-04-10 21:34:52,323 | numpy_client.py:228 | read: ReadRes(clock=23)
DEBUG flower 2021-04-10 21:34:52,330 | numpy_client.py:172 | fit, FitIns(clock=36)
DEBUG flower 2021-04-10 21:34:52,330 | numpy_client.py:260 | cached_clock: 23, curr_clock: 36
DEBUG flower 2021-04-10 21:34:52,922 | acc_variance.py:19 | AccuracyVariance: sample variance 0.16752518078512396 (last 5 data)
DEBUG flower 2021-04-10 21:34:52,922 | numpy_client.py:201 | Not a switch point
INFO flower 2021-04-10 21:34:52,925 | numpy_client.py:205 | Cache is fresh, return FitRes(clock=36)
DEBUG flower 2021-04-10 21:34:52,926 | app.py:66 | Waiting for message from server...
DEBUG flower 2021-04-10 21:34:52,944 | app.py:68 | Received server message. Handling...
DEBUG flower 2021-04-10 21:34:52,944 | numpy_client.py:172 | fit, FitIns(clock=37)
DEBUG flower 2021-04-10 21:34:52,944 | numpy_client.py:260 | cached_clock: 23, curr_clock: 37
INFO flower 2021-04-10 21:34:52,944 | numpy_client.py:184 | Cache is stale, return ReadIns
DEBUG flower 2021-04-10 21:34:52,945 | app.py:66 | Waiting for message from server...
DEBUG flower 2021-04-10 21:35:43,089 | app.py:68 | Received server message. Handling...
DEBUG flower 2021-04-10 21:35:43,090 | numpy_client.py:228 | read: ReadRes(clock=24)
DEBUG flower 2021-04-10 21:35:43,096 | numpy_client.py:172 | fit, FitIns(clock=37)
DEBUG flower 2021-04-10 21:35:43,097 | numpy_client.py:260 | cached_clock: 24, curr_clock: 37
DEBUG flower 2021-04-10 21:35:43,625 | acc_variance.py:19 | AccuracyVariance: sample variance 0.11229790805785125 (last 5 data)
DEBUG flower 2021-04-10 21:35:43,625 | numpy_client.py:201 | Not a switch point
INFO flower 2021-04-10 21:35:43,628 | numpy_client.py:205 | Cache is fresh, return FitRes(clock=37)
DEBUG flower 2021-04-10 21:35:43,629 | app.py:66 | Waiting for message from server...
DEBUG flower 2021-04-10 21:35:43,648 | app.py:68 | Received server message. Handling...
DEBUG flower 2021-04-10 21:35:43,648 | numpy_client.py:172 | fit, FitIns(clock=38)
DEBUG flower 2021-04-10 21:35:43,648 | numpy_client.py:260 | cached_clock: 24, curr_clock: 38
INFO flower 2021-04-10 21:35:43,648 | numpy_client.py:184 | Cache is stale, return ReadIns
DEBUG flower 2021-04-10 21:35:43,648 | app.py:66 | Waiting for message from server...
DEBUG flower 2021-04-10 21:37:13,236 | app.py:68 | Received server message. Handling...
DEBUG flower 2021-04-10 21:37:13,236 | numpy_client.py:228 | read: ReadRes(clock=25)
DEBUG flower 2021-04-10 21:37:13,243 | numpy_client.py:172 | fit, FitIns(clock=38)
DEBUG flower 2021-04-10 21:37:13,244 | numpy_client.py:260 | cached_clock: 25, curr_clock: 38
DEBUG flower 2021-04-10 21:37:13,725 | acc_variance.py:19 | AccuracyVariance: sample variance 0.10812435433884297 (last 5 data)
DEBUG flower 2021-04-10 21:37:13,725 | numpy_client.py:201 | Not a switch point
INFO flower 2021-04-10 21:37:13,729 | numpy_client.py:205 | Cache is fresh, return FitRes(clock=38)
DEBUG flower 2021-04-10 21:37:13,729 | app.py:66 | Waiting for message from server...
DEBUG flower 2021-04-10 21:37:13,747 | app.py:68 | Received server message. Handling...
DEBUG flower 2021-04-10 21:37:13,747 | numpy_client.py:172 | fit, FitIns(clock=39)
DEBUG flower 2021-04-10 21:37:13,747 | numpy_client.py:260 | cached_clock: 25, curr_clock: 39
INFO flower 2021-04-10 21:37:13,748 | numpy_client.py:184 | Cache is stale, return ReadIns
DEBUG flower 2021-04-10 21:37:13,748 | app.py:66 | Waiting for message from server...
DEBUG flower 2021-04-10 21:38:11,012 | app.py:68 | Received server message. Handling...
DEBUG flower 2021-04-10 21:38:11,012 | numpy_client.py:228 | read: ReadRes(clock=26)
DEBUG flower 2021-04-10 21:38:11,019 | numpy_client.py:172 | fit, FitIns(clock=39)
DEBUG flower 2021-04-10 21:38:11,020 | numpy_client.py:260 | cached_clock: 26, curr_clock: 39
DEBUG flower 2021-04-10 21:38:11,612 | acc_variance.py:19 | AccuracyVariance: sample variance 0.11149470557851242 (last 5 data)
DEBUG flower 2021-04-10 21:38:11,612 | numpy_client.py:201 | Not a switch point
INFO flower 2021-04-10 21:38:11,616 | numpy_client.py:205 | Cache is fresh, return FitRes(clock=39)
DEBUG flower 2021-04-10 21:38:11,616 | app.py:66 | Waiting for message from server...
DEBUG flower 2021-04-10 21:38:11,635 | app.py:68 | Received server message. Handling...
DEBUG flower 2021-04-10 21:38:11,636 | numpy_client.py:172 | fit, FitIns(clock=40)
DEBUG flower 2021-04-10 21:38:11,636 | numpy_client.py:260 | cached_clock: 26, curr_clock: 40
INFO flower 2021-04-10 21:38:11,636 | numpy_client.py:184 | Cache is stale, return ReadIns
DEBUG flower 2021-04-10 21:38:11,636 | app.py:66 | Waiting for message from server...
DEBUG flower 2021-04-10 21:39:25,568 | app.py:68 | Received server message. Handling...
DEBUG flower 2021-04-10 21:39:25,569 | numpy_client.py:228 | read: ReadRes(clock=27)
DEBUG flower 2021-04-10 21:39:25,576 | numpy_client.py:172 | fit, FitIns(clock=40)
DEBUG flower 2021-04-10 21:39:25,576 | numpy_client.py:260 | cached_clock: 27, curr_clock: 40
DEBUG flower 2021-04-10 21:39:26,123 | acc_variance.py:19 | AccuracyVariance: sample variance 0.1114947055785124 (last 5 data)
DEBUG flower 2021-04-10 21:39:26,123 | numpy_client.py:201 | Not a switch point
INFO flower 2021-04-10 21:39:26,127 | numpy_client.py:205 | Cache is fresh, return FitRes(clock=40)
DEBUG flower 2021-04-10 21:39:26,127 | app.py:66 | Waiting for message from server...
DEBUG flower 2021-04-10 21:39:26,145 | app.py:68 | Received server message. Handling...
DEBUG flower 2021-04-10 21:39:26,145 | numpy_client.py:172 | fit, FitIns(clock=41)
DEBUG flower 2021-04-10 21:39:26,145 | numpy_client.py:260 | cached_clock: 27, curr_clock: 41
INFO flower 2021-04-10 21:39:26,146 | numpy_client.py:184 | Cache is stale, return ReadIns
DEBUG flower 2021-04-10 21:39:26,146 | app.py:66 | Waiting for message from server...
DEBUG flower 2021-04-10 21:40:28,798 | app.py:68 | Received server message. Handling...
DEBUG flower 2021-04-10 21:40:28,798 | numpy_client.py:228 | read: ReadRes(clock=28)
DEBUG flower 2021-04-10 21:40:28,805 | numpy_client.py:172 | fit, FitIns(clock=41)
DEBUG flower 2021-04-10 21:40:28,805 | numpy_client.py:260 | cached_clock: 28, curr_clock: 41
DEBUG flower 2021-04-10 21:40:29,323 | acc_variance.py:19 | AccuracyVariance: sample variance 0.16224367252066116 (last 5 data)
DEBUG flower 2021-04-10 21:40:29,323 | numpy_client.py:201 | Not a switch point
INFO flower 2021-04-10 21:40:29,326 | numpy_client.py:205 | Cache is fresh, return FitRes(clock=41)
DEBUG flower 2021-04-10 21:40:29,327 | app.py:66 | Waiting for message from server...
DEBUG flower 2021-04-10 21:40:29,347 | app.py:68 | Received server message. Handling...
DEBUG flower 2021-04-10 21:40:29,348 | numpy_client.py:172 | fit, FitIns(clock=42)
DEBUG flower 2021-04-10 21:40:29,348 | numpy_client.py:260 | cached_clock: 28, curr_clock: 42
INFO flower 2021-04-10 21:40:29,348 | numpy_client.py:184 | Cache is stale, return ReadIns
DEBUG flower 2021-04-10 21:40:29,348 | app.py:66 | Waiting for message from server...
DEBUG flower 2021-04-10 21:41:56,412 | app.py:68 | Received server message. Handling...
DEBUG flower 2021-04-10 21:41:56,412 | numpy_client.py:228 | read: ReadRes(clock=29)
DEBUG flower 2021-04-10 21:41:56,419 | numpy_client.py:172 | fit, FitIns(clock=42)
DEBUG flower 2021-04-10 21:41:56,419 | numpy_client.py:260 | cached_clock: 29, curr_clock: 42
DEBUG flower 2021-04-10 21:41:56,921 | acc_variance.py:19 | AccuracyVariance: sample variance 0.15668259297520662 (last 5 data)
DEBUG flower 2021-04-10 21:41:56,921 | numpy_client.py:201 | Not a switch point
INFO flower 2021-04-10 21:41:56,925 | numpy_client.py:205 | Cache is fresh, return FitRes(clock=42)
DEBUG flower 2021-04-10 21:41:56,925 | app.py:66 | Waiting for message from server...
DEBUG flower 2021-04-10 21:41:56,945 | app.py:68 | Received server message. Handling...
DEBUG flower 2021-04-10 21:41:56,946 | numpy_client.py:172 | fit, FitIns(clock=43)
DEBUG flower 2021-04-10 21:41:56,946 | numpy_client.py:260 | cached_clock: 29, curr_clock: 43
INFO flower 2021-04-10 21:41:56,946 | numpy_client.py:184 | Cache is stale, return ReadIns
DEBUG flower 2021-04-10 21:41:56,946 | app.py:66 | Waiting for message from server...
DEBUG flower 2021-04-10 21:43:23,111 | app.py:68 | Received server message. Handling...
DEBUG flower 2021-04-10 21:43:23,111 | numpy_client.py:228 | read: ReadRes(clock=30)
DEBUG flower 2021-04-10 21:43:23,125 | numpy_client.py:172 | fit, FitIns(clock=43)
DEBUG flower 2021-04-10 21:43:23,126 | numpy_client.py:260 | cached_clock: 30, curr_clock: 43
DEBUG flower 2021-04-10 21:43:23,622 | acc_variance.py:19 | AccuracyVariance: sample variance 0.17677685950413224 (last 5 data)
DEBUG flower 2021-04-10 21:43:23,623 | numpy_client.py:201 | Not a switch point
INFO flower 2021-04-10 21:43:23,626 | numpy_client.py:205 | Cache is fresh, return FitRes(clock=43)
DEBUG flower 2021-04-10 21:43:23,626 | app.py:66 | Waiting for message from server...
DEBUG flower 2021-04-10 21:43:23,646 | app.py:68 | Received server message. Handling...
DEBUG flower 2021-04-10 21:43:23,646 | numpy_client.py:172 | fit, FitIns(clock=44)
DEBUG flower 2021-04-10 21:43:23,647 | numpy_client.py:260 | cached_clock: 30, curr_clock: 44
INFO flower 2021-04-10 21:43:23,647 | numpy_client.py:184 | Cache is stale, return ReadIns
DEBUG flower 2021-04-10 21:43:23,647 | app.py:66 | Waiting for message from server...
DEBUG flower 2021-04-10 21:44:31,713 | app.py:68 | Received server message. Handling...
DEBUG flower 2021-04-10 21:44:31,714 | numpy_client.py:228 | read: ReadRes(clock=31)
DEBUG flower 2021-04-10 21:44:31,721 | numpy_client.py:172 | fit, FitIns(clock=44)
DEBUG flower 2021-04-10 21:44:31,721 | numpy_client.py:260 | cached_clock: 31, curr_clock: 44
DEBUG flower 2021-04-10 21:44:32,348 | acc_variance.py:19 | AccuracyVariance: sample variance 0.1131404958677686 (last 5 data)
DEBUG flower 2021-04-10 21:44:32,348 | numpy_client.py:201 | Not a switch point
INFO flower 2021-04-10 21:44:32,351 | numpy_client.py:205 | Cache is fresh, return FitRes(clock=44)
DEBUG flower 2021-04-10 21:44:32,352 | app.py:66 | Waiting for message from server...
DEBUG flower 2021-04-10 21:44:32,371 | app.py:68 | Received server message. Handling...
DEBUG flower 2021-04-10 21:44:32,371 | numpy_client.py:172 | fit, FitIns(clock=45)
DEBUG flower 2021-04-10 21:44:32,371 | numpy_client.py:260 | cached_clock: 31, curr_clock: 45
INFO flower 2021-04-10 21:44:32,372 | numpy_client.py:184 | Cache is stale, return ReadIns
DEBUG flower 2021-04-10 21:44:32,372 | app.py:66 | Waiting for message from server...
DEBUG flower 2021-04-10 21:45:45,376 | app.py:68 | Received server message. Handling...
DEBUG flower 2021-04-10 21:45:45,377 | numpy_client.py:228 | read: ReadRes(clock=32)
DEBUG flower 2021-04-10 21:45:45,384 | numpy_client.py:172 | fit, FitIns(clock=45)
DEBUG flower 2021-04-10 21:45:45,384 | numpy_client.py:260 | cached_clock: 32, curr_clock: 45
DEBUG flower 2021-04-10 21:45:45,920 | acc_variance.py:19 | AccuracyVariance: sample variance 0.1131404958677686 (last 5 data)
DEBUG flower 2021-04-10 21:45:45,921 | numpy_client.py:201 | Not a switch point
INFO flower 2021-04-10 21:45:45,925 | numpy_client.py:205 | Cache is fresh, return FitRes(clock=45)
DEBUG flower 2021-04-10 21:45:45,926 | app.py:66 | Waiting for message from server...
DEBUG flower 2021-04-10 21:45:45,945 | app.py:68 | Received server message. Handling...
DEBUG flower 2021-04-10 21:45:45,946 | numpy_client.py:172 | fit, FitIns(clock=46)
DEBUG flower 2021-04-10 21:45:45,946 | numpy_client.py:260 | cached_clock: 32, curr_clock: 46
INFO flower 2021-04-10 21:45:45,946 | numpy_client.py:184 | Cache is stale, return ReadIns
DEBUG flower 2021-04-10 21:45:45,946 | app.py:66 | Waiting for message from server...
DEBUG flower 2021-04-10 21:47:05,820 | app.py:68 | Received server message. Handling...
DEBUG flower 2021-04-10 21:47:05,821 | numpy_client.py:228 | read: ReadRes(clock=33)
DEBUG flower 2021-04-10 21:47:05,828 | numpy_client.py:172 | fit, FitIns(clock=46)
DEBUG flower 2021-04-10 21:47:05,828 | numpy_client.py:260 | cached_clock: 33, curr_clock: 46
DEBUG flower 2021-04-10 21:47:06,352 | acc_variance.py:19 | AccuracyVariance: sample variance 0.1131404958677686 (last 5 data)
DEBUG flower 2021-04-10 21:47:06,353 | numpy_client.py:201 | Not a switch point
INFO flower 2021-04-10 21:47:06,413 | numpy_client.py:205 | Cache is fresh, return FitRes(clock=46)
DEBUG flower 2021-04-10 21:47:06,413 | app.py:66 | Waiting for message from server...
DEBUG flower 2021-04-10 21:47:06,433 | app.py:68 | Received server message. Handling...
DEBUG flower 2021-04-10 21:47:06,434 | numpy_client.py:172 | fit, FitIns(clock=47)
DEBUG flower 2021-04-10 21:47:06,434 | numpy_client.py:260 | cached_clock: 33, curr_clock: 47
INFO flower 2021-04-10 21:47:06,434 | numpy_client.py:184 | Cache is stale, return ReadIns
DEBUG flower 2021-04-10 21:47:06,434 | app.py:66 | Waiting for message from server...
DEBUG flower 2021-04-10 21:48:34,269 | app.py:68 | Received server message. Handling...
DEBUG flower 2021-04-10 21:48:34,270 | numpy_client.py:228 | read: ReadRes(clock=34)
DEBUG flower 2021-04-10 21:48:34,278 | numpy_client.py:172 | fit, FitIns(clock=47)
DEBUG flower 2021-04-10 21:48:34,278 | numpy_client.py:260 | cached_clock: 34, curr_clock: 47
DEBUG flower 2021-04-10 21:48:34,818 | acc_variance.py:19 | AccuracyVariance: sample variance 0.15980888429752066 (last 5 data)
DEBUG flower 2021-04-10 21:48:34,818 | numpy_client.py:201 | Not a switch point
INFO flower 2021-04-10 21:48:34,821 | numpy_client.py:205 | Cache is fresh, return FitRes(clock=47)
DEBUG flower 2021-04-10 21:48:34,822 | app.py:66 | Waiting for message from server...
DEBUG flower 2021-04-10 21:48:34,843 | app.py:68 | Received server message. Handling...
DEBUG flower 2021-04-10 21:48:34,843 | numpy_client.py:172 | fit, FitIns(clock=48)
DEBUG flower 2021-04-10 21:48:34,843 | numpy_client.py:260 | cached_clock: 34, curr_clock: 48
INFO flower 2021-04-10 21:48:34,844 | numpy_client.py:184 | Cache is stale, return ReadIns
DEBUG flower 2021-04-10 21:48:34,844 | app.py:66 | Waiting for message from server...
DEBUG flower 2021-04-10 21:49:54,706 | app.py:68 | Received server message. Handling...
DEBUG flower 2021-04-10 21:49:54,706 | numpy_client.py:228 | read: ReadRes(clock=35)
DEBUG flower 2021-04-10 21:49:54,716 | numpy_client.py:172 | fit, FitIns(clock=48)
DEBUG flower 2021-04-10 21:49:54,716 | numpy_client.py:260 | cached_clock: 35, curr_clock: 48
DEBUG flower 2021-04-10 21:49:55,316 | acc_variance.py:19 | AccuracyVariance: sample variance 0.16763171487603307 (last 5 data)
DEBUG flower 2021-04-10 21:49:55,317 | numpy_client.py:201 | Not a switch point
INFO flower 2021-04-10 21:49:55,320 | numpy_client.py:205 | Cache is fresh, return FitRes(clock=48)
DEBUG flower 2021-04-10 21:49:55,320 | app.py:66 | Waiting for message from server...
DEBUG flower 2021-04-10 21:49:55,340 | app.py:68 | Received server message. Handling...
DEBUG flower 2021-04-10 21:49:55,341 | numpy_client.py:172 | fit, FitIns(clock=49)
DEBUG flower 2021-04-10 21:49:55,341 | numpy_client.py:260 | cached_clock: 35, curr_clock: 49
INFO flower 2021-04-10 21:49:55,341 | numpy_client.py:184 | Cache is stale, return ReadIns
DEBUG flower 2021-04-10 21:49:55,341 | app.py:66 | Waiting for message from server...
DEBUG flower 2021-04-10 21:51:01,113 | app.py:68 | Received server message. Handling...
DEBUG flower 2021-04-10 21:51:01,114 | numpy_client.py:228 | read: ReadRes(clock=36)
DEBUG flower 2021-04-10 21:51:01,121 | numpy_client.py:172 | fit, FitIns(clock=49)
DEBUG flower 2021-04-10 21:51:01,121 | numpy_client.py:260 | cached_clock: 36, curr_clock: 49
DEBUG flower 2021-04-10 21:51:01,718 | acc_variance.py:19 | AccuracyVariance: sample variance 0.16763171487603307 (last 5 data)
DEBUG flower 2021-04-10 21:51:01,718 | numpy_client.py:201 | Not a switch point
INFO flower 2021-04-10 21:51:01,722 | numpy_client.py:205 | Cache is fresh, return FitRes(clock=49)
DEBUG flower 2021-04-10 21:51:01,723 | numpy_client.py:217 | The client finishes computing after 2742 seconds
DEBUG flower 2021-04-10 21:51:01,723 | app.py:66 | Waiting for message from server...
DEBUG flower 2021-04-10 22:06:55,835 | app.py:68 | Received server message. Handling...
INFO flower 2021-04-10 22:07:06,480 | numpy_client.py:250 | [32;1m Loss: 1.651, Accuracy: 73.438%[0m
DEBUG flower 2021-04-10 22:07:06,480 | app.py:66 | Waiting for message from server...
DEBUG flower 2021-04-10 22:07:08,632 | app.py:68 | Received server message. Handling...
DEBUG flower 2021-04-10 22:07:08,641 | connection.py:68 | Insecure gRPC channel closed
INFO flower 2021-04-10 22:07:08,641 | app.py:76 | Disconnect and shut down
Namespace(idx=30, max_delay=0, min_delay=0, num_clients=31, server_ip='10.244.50.51:8080', staleness_bound=2000)
I'm client 30
Files already downloaded and verified
Files already downloaded and verified
[32;1mClient 30: 322 train samples, 64 test samples[0m
loss=26.2911434173584, acc=0.0
feed:  0.0
loss=25.891154766082764, acc=0.0
feed:  0.0
loss=25.175935983657837, acc=0.0
feed:  0.0
loss=24.487608432769775, acc=0.32954545454545453
feed:  0.32954545454545453
loss=23.82362675666809, acc=0.9147727272727273
feed:  0.9147727272727273
loss=23.155890941619873, acc=0.9147727272727273
feed:  0.9147727272727273
loss=22.492475032806396, acc=0.9147727272727273
feed:  0.9147727272727273
loss=21.824080109596252, acc=0.9147727272727273
feed:  0.9147727272727273
loss=21.12827205657959, acc=0.9147727272727273
feed:  0.9147727272727273
loss=20.390785098075867, acc=0.9147727272727273
feed:  0.9147727272727273
loss=19.600809454917908, acc=0.9147727272727273
feed:  0.9147727272727273
loss=18.72556483745575, acc=0.9147727272727273
feed:  0.9147727272727273
loss=17.65453565120697, acc=0.9147727272727273
feed:  0.9147727272727273
loss=16.427774906158447, acc=0.9147727272727273
feed:  0.9147727272727273
loss=14.610855221748352, acc=0.9147727272727273
feed:  0.9147727272727273
loss=11.657057404518127, acc=0.9147727272727273
feed:  0.9147727272727273
loss=7.49541899561882, acc=0.9147727272727273
feed:  0.9147727272727273
loss=3.2628986090421677, acc=0.9147727272727273
feed:  0.9147727272727273
loss=1.5057501047849655, acc=0.9147727272727273
feed:  0.9147727272727273
loss=26.82592272758484, acc=0.0
feed:  0.0
loss=27.495294094085693, acc=0.0
feed:  0.0
loss=28.705283403396606, acc=0.0
feed:  0.0
loss=32.69717526435852, acc=0.0
feed:  0.0
loss=46.841042041778564, acc=0.0
feed:  0.0
loss=51.819950103759766, acc=0.0
feed:  0.0
loss=59.280714988708496, acc=0.0
feed:  0.0
loss=59.01774835586548, acc=0.0
feed:  0.0
loss=54.348860025405884, acc=0.0
feed:  0.0
loss=53.48602557182312, acc=0.0
feed:  0.0
loss=4.698804983869195, acc=0.8579545454545454
feed:  0.8579545454545454
loss=53.28787398338318, acc=0.0
feed:  0.0
loss=5.034249775111675, acc=0.8096590909090909
feed:  0.8096590909090909
loss=50.6771981716156, acc=0.0
feed:  0.0
loss=4.60361010581255, acc=0.8210227272727273
feed:  0.8210227272727273
loss=4.457196045666933, acc=0.8323863636363636
feed:  0.8323863636363636
loss=55.80241847038269, acc=0.0
feed:  0.0
loss=4.204443717375398, acc=0.8522727272727273
feed:  0.8522727272727273
loss=4.051295621320605, acc=0.84375
feed:  0.84375
loss=4.380134844221175, acc=0.7301136363636364
feed:  0.7301136363636364
loss=3.8366226740181446, acc=0.875
feed:  0.875
loss=51.96352529525757, acc=0.0
feed:  0.0
loss=51.940781354904175, acc=0.0
feed:  0.0
loss=52.14626669883728, acc=0.0
feed:  0.0
loss=4.3648355677723885, acc=0.8409090909090909
feed:  0.8409090909090909
loss=54.53036022186279, acc=0.0
feed:  0.0
loss=52.32363939285278, acc=0.0
feed:  0.0
loss=56.08095932006836, acc=0.0
feed:  0.0
loss=4.0168516845442355, acc=0.7897727272727273
feed:  0.7897727272727273
loss=1.714467766461894, acc=0.8778409090909091
feed:  0.8778409090909091
loss=52.06189489364624, acc=0.0
feed:  0.0
Files already downloaded and verified
Files already downloaded and verified
Testing on full test set: 313, 1888.1398029327393, 0.1752
Testing on partial test set: 2, 1.650508999824524, 0.734375
