DEBUG flower 2021-04-10 21:05:12,736 | client.py:85 | Start SSP client without delay
DEBUG flower 2021-04-10 21:05:15,414 | connection.py:36 | ChannelConnectivity.IDLE
DEBUG flower 2021-04-10 21:05:15,415 | connection.py:36 | ChannelConnectivity.CONNECTING
INFO flower 2021-04-10 21:05:15,415 | app.py:63 | Opened (insecure) gRPC connection
DEBUG flower 2021-04-10 21:05:15,416 | app.py:66 | Waiting for message from server...
DEBUG flower 2021-04-10 21:05:15,416 | connection.py:36 | ChannelConnectivity.READY
DEBUG flower 2021-04-10 21:05:18,769 | app.py:68 | Received server message. Handling...
DEBUG flower 2021-04-10 21:05:18,770 | numpy_client.py:172 | fit, FitIns(clock=0)
INFO flower 2021-04-10 21:05:18,770 | numpy_client.py:184 | Cache is stale, return ReadIns
DEBUG flower 2021-04-10 21:05:18,770 | app.py:66 | Waiting for message from server...
DEBUG flower 2021-04-10 21:05:18,966 | app.py:68 | Received server message. Handling...
DEBUG flower 2021-04-10 21:05:18,967 | numpy_client.py:228 | read: ReadRes(clock=-1)
DEBUG flower 2021-04-10 21:05:18,980 | numpy_client.py:172 | fit, FitIns(clock=0)
DEBUG flower 2021-04-10 21:05:18,980 | numpy_client.py:260 | cached_clock: -1, curr_clock: 0
DEBUG flower 2021-04-10 21:05:19,410 | model_wrapper.py:21 | Load existing initial model
DEBUG flower 2021-04-10 21:05:19,410 | numpy_client.py:201 | Not a switch point
INFO flower 2021-04-10 21:05:19,413 | numpy_client.py:205 | Cache is fresh, return FitRes(clock=0)
DEBUG flower 2021-04-10 21:05:19,413 | app.py:66 | Waiting for message from server...
DEBUG flower 2021-04-10 21:05:27,080 | app.py:68 | Received server message. Handling...
DEBUG flower 2021-04-10 21:05:27,081 | numpy_client.py:172 | fit, FitIns(clock=1)
DEBUG flower 2021-04-10 21:05:27,081 | numpy_client.py:260 | cached_clock: -1, curr_clock: 1
DEBUG flower 2021-04-10 21:05:27,511 | numpy_client.py:201 | Not a switch point
INFO flower 2021-04-10 21:05:27,515 | numpy_client.py:205 | Cache is fresh, return FitRes(clock=1)
DEBUG flower 2021-04-10 21:05:27,516 | app.py:66 | Waiting for message from server...
DEBUG flower 2021-04-10 21:05:27,535 | app.py:68 | Received server message. Handling...
DEBUG flower 2021-04-10 21:05:27,536 | numpy_client.py:172 | fit, FitIns(clock=2)
DEBUG flower 2021-04-10 21:05:27,536 | numpy_client.py:260 | cached_clock: -1, curr_clock: 2
DEBUG flower 2021-04-10 21:05:27,941 | numpy_client.py:201 | Not a switch point
INFO flower 2021-04-10 21:05:27,944 | numpy_client.py:205 | Cache is fresh, return FitRes(clock=2)
DEBUG flower 2021-04-10 21:05:27,944 | app.py:66 | Waiting for message from server...
DEBUG flower 2021-04-10 21:05:27,966 | app.py:68 | Received server message. Handling...
DEBUG flower 2021-04-10 21:05:27,967 | numpy_client.py:172 | fit, FitIns(clock=3)
DEBUG flower 2021-04-10 21:05:27,967 | numpy_client.py:260 | cached_clock: -1, curr_clock: 3
DEBUG flower 2021-04-10 21:05:28,428 | numpy_client.py:201 | Not a switch point
INFO flower 2021-04-10 21:05:28,431 | numpy_client.py:205 | Cache is fresh, return FitRes(clock=3)
DEBUG flower 2021-04-10 21:05:28,431 | app.py:66 | Waiting for message from server...
DEBUG flower 2021-04-10 21:05:28,485 | app.py:68 | Received server message. Handling...
DEBUG flower 2021-04-10 21:05:28,486 | numpy_client.py:172 | fit, FitIns(clock=4)
DEBUG flower 2021-04-10 21:05:28,486 | numpy_client.py:260 | cached_clock: -1, curr_clock: 4
DEBUG flower 2021-04-10 21:05:28,923 | acc_variance.py:19 | AccuracyVariance: sample variance 0.012554687500000003 (last 5 data)
DEBUG flower 2021-04-10 21:05:28,924 | numpy_client.py:201 | Not a switch point
INFO flower 2021-04-10 21:05:28,927 | numpy_client.py:205 | Cache is fresh, return FitRes(clock=4)
DEBUG flower 2021-04-10 21:05:28,927 | app.py:66 | Waiting for message from server...
DEBUG flower 2021-04-10 21:05:28,967 | app.py:68 | Received server message. Handling...
DEBUG flower 2021-04-10 21:05:28,967 | numpy_client.py:172 | fit, FitIns(clock=5)
DEBUG flower 2021-04-10 21:05:28,967 | numpy_client.py:260 | cached_clock: -1, curr_clock: 5
DEBUG flower 2021-04-10 21:05:29,425 | acc_variance.py:19 | AccuracyVariance: sample variance 0.012554687500000003 (last 5 data)
DEBUG flower 2021-04-10 21:05:29,426 | numpy_client.py:201 | Not a switch point
INFO flower 2021-04-10 21:05:29,429 | numpy_client.py:205 | Cache is fresh, return FitRes(clock=5)
DEBUG flower 2021-04-10 21:05:29,429 | app.py:66 | Waiting for message from server...
DEBUG flower 2021-04-10 21:05:29,449 | app.py:68 | Received server message. Handling...
DEBUG flower 2021-04-10 21:05:29,449 | numpy_client.py:172 | fit, FitIns(clock=6)
DEBUG flower 2021-04-10 21:05:29,449 | numpy_client.py:260 | cached_clock: -1, curr_clock: 6
DEBUG flower 2021-04-10 21:05:29,925 | acc_variance.py:19 | AccuracyVariance: sample variance 0.0002640625000000003 (last 5 data)
DEBUG flower 2021-04-10 21:05:29,926 | numpy_client.py:201 | Not a switch point
INFO flower 2021-04-10 21:05:29,929 | numpy_client.py:205 | Cache is fresh, return FitRes(clock=6)
DEBUG flower 2021-04-10 21:05:29,929 | app.py:66 | Waiting for message from server...
DEBUG flower 2021-04-10 21:05:29,948 | app.py:68 | Received server message. Handling...
DEBUG flower 2021-04-10 21:05:29,949 | numpy_client.py:172 | fit, FitIns(clock=7)
DEBUG flower 2021-04-10 21:05:29,949 | numpy_client.py:260 | cached_clock: -1, curr_clock: 7
DEBUG flower 2021-04-10 21:05:30,423 | acc_variance.py:19 | AccuracyVariance: sample variance 0.0 (last 5 data)
DEBUG flower 2021-04-10 21:05:30,423 | acc_variance.py:23 | AccuracyVariance: should switch
DEBUG flower 2021-04-10 21:05:30,423 | numpy_client.py:199 | Find switch point, staleness_bound -> 29
INFO flower 2021-04-10 21:05:30,426 | numpy_client.py:205 | Cache is fresh, return FitRes(clock=7)
DEBUG flower 2021-04-10 21:05:30,426 | app.py:66 | Waiting for message from server...
DEBUG flower 2021-04-10 21:05:30,454 | app.py:68 | Received server message. Handling...
DEBUG flower 2021-04-10 21:05:30,454 | numpy_client.py:172 | fit, FitIns(clock=8)
DEBUG flower 2021-04-10 21:05:30,454 | numpy_client.py:260 | cached_clock: -1, curr_clock: 8
DEBUG flower 2021-04-10 21:05:30,927 | acc_variance.py:19 | AccuracyVariance: sample variance 0.0 (last 5 data)
DEBUG flower 2021-04-10 21:05:30,927 | acc_variance.py:23 | AccuracyVariance: should switch
DEBUG flower 2021-04-10 21:05:30,927 | numpy_client.py:199 | Find switch point, staleness_bound -> 28
INFO flower 2021-04-10 21:05:30,930 | numpy_client.py:205 | Cache is fresh, return FitRes(clock=8)
DEBUG flower 2021-04-10 21:05:30,930 | app.py:66 | Waiting for message from server...
DEBUG flower 2021-04-10 21:05:30,956 | app.py:68 | Received server message. Handling...
DEBUG flower 2021-04-10 21:05:30,956 | numpy_client.py:172 | fit, FitIns(clock=9)
DEBUG flower 2021-04-10 21:05:30,957 | numpy_client.py:260 | cached_clock: -1, curr_clock: 9
DEBUG flower 2021-04-10 21:05:31,435 | acc_variance.py:19 | AccuracyVariance: sample variance 0.0 (last 5 data)
DEBUG flower 2021-04-10 21:05:31,435 | acc_variance.py:23 | AccuracyVariance: should switch
DEBUG flower 2021-04-10 21:05:31,435 | numpy_client.py:199 | Find switch point, staleness_bound -> 27
INFO flower 2021-04-10 21:05:31,438 | numpy_client.py:205 | Cache is fresh, return FitRes(clock=9)
DEBUG flower 2021-04-10 21:05:31,439 | app.py:66 | Waiting for message from server...
DEBUG flower 2021-04-10 21:05:31,517 | app.py:68 | Received server message. Handling...
DEBUG flower 2021-04-10 21:05:31,517 | numpy_client.py:172 | fit, FitIns(clock=10)
DEBUG flower 2021-04-10 21:05:31,517 | numpy_client.py:260 | cached_clock: -1, curr_clock: 10
DEBUG flower 2021-04-10 21:05:31,925 | acc_variance.py:19 | AccuracyVariance: sample variance 0.0 (last 5 data)
DEBUG flower 2021-04-10 21:05:31,925 | acc_variance.py:23 | AccuracyVariance: should switch
DEBUG flower 2021-04-10 21:05:31,925 | numpy_client.py:199 | Find switch point, staleness_bound -> 26
INFO flower 2021-04-10 21:05:31,928 | numpy_client.py:205 | Cache is fresh, return FitRes(clock=10)
DEBUG flower 2021-04-10 21:05:31,929 | app.py:66 | Waiting for message from server...
DEBUG flower 2021-04-10 21:05:31,950 | app.py:68 | Received server message. Handling...
DEBUG flower 2021-04-10 21:05:31,950 | numpy_client.py:172 | fit, FitIns(clock=11)
DEBUG flower 2021-04-10 21:05:31,950 | numpy_client.py:260 | cached_clock: -1, curr_clock: 11
DEBUG flower 2021-04-10 21:05:32,426 | acc_variance.py:19 | AccuracyVariance: sample variance 0.0 (last 5 data)
DEBUG flower 2021-04-10 21:05:32,426 | acc_variance.py:23 | AccuracyVariance: should switch
DEBUG flower 2021-04-10 21:05:32,426 | numpy_client.py:199 | Find switch point, staleness_bound -> 25
INFO flower 2021-04-10 21:05:32,429 | numpy_client.py:205 | Cache is fresh, return FitRes(clock=11)
DEBUG flower 2021-04-10 21:05:32,429 | app.py:66 | Waiting for message from server...
DEBUG flower 2021-04-10 21:05:32,449 | app.py:68 | Received server message. Handling...
DEBUG flower 2021-04-10 21:05:32,450 | numpy_client.py:172 | fit, FitIns(clock=12)
DEBUG flower 2021-04-10 21:05:32,450 | numpy_client.py:260 | cached_clock: -1, curr_clock: 12
DEBUG flower 2021-04-10 21:05:32,925 | acc_variance.py:19 | AccuracyVariance: sample variance 0.0 (last 5 data)
DEBUG flower 2021-04-10 21:05:32,925 | acc_variance.py:23 | AccuracyVariance: should switch
DEBUG flower 2021-04-10 21:05:32,925 | numpy_client.py:199 | Find switch point, staleness_bound -> 24
INFO flower 2021-04-10 21:05:32,928 | numpy_client.py:205 | Cache is fresh, return FitRes(clock=12)
DEBUG flower 2021-04-10 21:05:32,929 | app.py:66 | Waiting for message from server...
DEBUG flower 2021-04-10 21:05:32,949 | app.py:68 | Received server message. Handling...
DEBUG flower 2021-04-10 21:05:32,949 | numpy_client.py:172 | fit, FitIns(clock=13)
DEBUG flower 2021-04-10 21:05:32,950 | numpy_client.py:260 | cached_clock: -1, curr_clock: 13
DEBUG flower 2021-04-10 21:05:33,428 | acc_variance.py:19 | AccuracyVariance: sample variance 0.0 (last 5 data)
DEBUG flower 2021-04-10 21:05:33,428 | acc_variance.py:23 | AccuracyVariance: should switch
DEBUG flower 2021-04-10 21:05:33,428 | numpy_client.py:199 | Find switch point, staleness_bound -> 23
INFO flower 2021-04-10 21:05:33,431 | numpy_client.py:205 | Cache is fresh, return FitRes(clock=13)
DEBUG flower 2021-04-10 21:05:33,432 | app.py:66 | Waiting for message from server...
DEBUG flower 2021-04-10 21:05:33,449 | app.py:68 | Received server message. Handling...
DEBUG flower 2021-04-10 21:05:33,450 | numpy_client.py:172 | fit, FitIns(clock=14)
DEBUG flower 2021-04-10 21:05:33,450 | numpy_client.py:260 | cached_clock: -1, curr_clock: 14
DEBUG flower 2021-04-10 21:05:33,909 | acc_variance.py:19 | AccuracyVariance: sample variance 0.0 (last 5 data)
DEBUG flower 2021-04-10 21:05:33,909 | acc_variance.py:23 | AccuracyVariance: should switch
DEBUG flower 2021-04-10 21:05:33,909 | numpy_client.py:199 | Find switch point, staleness_bound -> 22
INFO flower 2021-04-10 21:05:33,912 | numpy_client.py:205 | Cache is fresh, return FitRes(clock=14)
DEBUG flower 2021-04-10 21:05:33,912 | app.py:66 | Waiting for message from server...
DEBUG flower 2021-04-10 21:05:33,934 | app.py:68 | Received server message. Handling...
DEBUG flower 2021-04-10 21:05:33,934 | numpy_client.py:172 | fit, FitIns(clock=15)
DEBUG flower 2021-04-10 21:05:33,935 | numpy_client.py:260 | cached_clock: -1, curr_clock: 15
DEBUG flower 2021-04-10 21:05:34,510 | acc_variance.py:19 | AccuracyVariance: sample variance 0.0 (last 5 data)
DEBUG flower 2021-04-10 21:05:34,511 | acc_variance.py:23 | AccuracyVariance: should switch
DEBUG flower 2021-04-10 21:05:34,511 | numpy_client.py:199 | Find switch point, staleness_bound -> 21
INFO flower 2021-04-10 21:05:34,516 | numpy_client.py:205 | Cache is fresh, return FitRes(clock=15)
DEBUG flower 2021-04-10 21:05:34,516 | app.py:66 | Waiting for message from server...
DEBUG flower 2021-04-10 21:05:34,537 | app.py:68 | Received server message. Handling...
DEBUG flower 2021-04-10 21:05:34,537 | numpy_client.py:172 | fit, FitIns(clock=16)
DEBUG flower 2021-04-10 21:05:34,537 | numpy_client.py:260 | cached_clock: -1, curr_clock: 16
DEBUG flower 2021-04-10 21:05:35,006 | acc_variance.py:19 | AccuracyVariance: sample variance 0.0 (last 5 data)
DEBUG flower 2021-04-10 21:05:35,006 | acc_variance.py:23 | AccuracyVariance: should switch
DEBUG flower 2021-04-10 21:05:35,006 | numpy_client.py:199 | Find switch point, staleness_bound -> 20
INFO flower 2021-04-10 21:05:35,010 | numpy_client.py:205 | Cache is fresh, return FitRes(clock=16)
DEBUG flower 2021-04-10 21:05:35,011 | app.py:66 | Waiting for message from server...
DEBUG flower 2021-04-10 21:05:35,031 | app.py:68 | Received server message. Handling...
DEBUG flower 2021-04-10 21:05:35,032 | numpy_client.py:172 | fit, FitIns(clock=17)
DEBUG flower 2021-04-10 21:05:35,032 | numpy_client.py:260 | cached_clock: -1, curr_clock: 17
DEBUG flower 2021-04-10 21:05:35,506 | acc_variance.py:19 | AccuracyVariance: sample variance 0.0 (last 5 data)
DEBUG flower 2021-04-10 21:05:35,507 | acc_variance.py:23 | AccuracyVariance: should switch
DEBUG flower 2021-04-10 21:05:35,507 | numpy_client.py:199 | Find switch point, staleness_bound -> 19
INFO flower 2021-04-10 21:05:35,511 | numpy_client.py:205 | Cache is fresh, return FitRes(clock=17)
DEBUG flower 2021-04-10 21:05:35,512 | app.py:66 | Waiting for message from server...
DEBUG flower 2021-04-10 21:05:35,533 | app.py:68 | Received server message. Handling...
DEBUG flower 2021-04-10 21:05:35,533 | numpy_client.py:172 | fit, FitIns(clock=18)
DEBUG flower 2021-04-10 21:05:35,533 | numpy_client.py:260 | cached_clock: -1, curr_clock: 18
DEBUG flower 2021-04-10 21:05:35,943 | acc_variance.py:19 | AccuracyVariance: sample variance 0.0 (last 5 data)
DEBUG flower 2021-04-10 21:05:35,944 | acc_variance.py:23 | AccuracyVariance: should switch
DEBUG flower 2021-04-10 21:05:35,944 | numpy_client.py:199 | Find switch point, staleness_bound -> 18
INFO flower 2021-04-10 21:05:35,947 | numpy_client.py:205 | Cache is fresh, return FitRes(clock=18)
DEBUG flower 2021-04-10 21:05:35,947 | app.py:66 | Waiting for message from server...
DEBUG flower 2021-04-10 21:05:35,966 | app.py:68 | Received server message. Handling...
DEBUG flower 2021-04-10 21:05:35,967 | numpy_client.py:172 | fit, FitIns(clock=19)
DEBUG flower 2021-04-10 21:05:35,967 | numpy_client.py:260 | cached_clock: -1, curr_clock: 19
INFO flower 2021-04-10 21:05:35,967 | numpy_client.py:184 | Cache is stale, return ReadIns
DEBUG flower 2021-04-10 21:05:35,967 | app.py:66 | Waiting for message from server...
DEBUG flower 2021-04-10 21:08:07,409 | app.py:68 | Received server message. Handling...
DEBUG flower 2021-04-10 21:08:07,410 | numpy_client.py:228 | read: ReadRes(clock=1)
DEBUG flower 2021-04-10 21:08:07,417 | numpy_client.py:172 | fit, FitIns(clock=19)
DEBUG flower 2021-04-10 21:08:07,417 | numpy_client.py:260 | cached_clock: 1, curr_clock: 19
DEBUG flower 2021-04-10 21:08:07,908 | acc_variance.py:19 | AccuracyVariance: sample variance 0.016576562500000003 (last 5 data)
DEBUG flower 2021-04-10 21:08:07,908 | numpy_client.py:201 | Not a switch point
INFO flower 2021-04-10 21:08:07,911 | numpy_client.py:205 | Cache is fresh, return FitRes(clock=19)
DEBUG flower 2021-04-10 21:08:07,912 | app.py:66 | Waiting for message from server...
DEBUG flower 2021-04-10 21:08:07,933 | app.py:68 | Received server message. Handling...
DEBUG flower 2021-04-10 21:08:07,933 | numpy_client.py:172 | fit, FitIns(clock=20)
DEBUG flower 2021-04-10 21:08:07,933 | numpy_client.py:260 | cached_clock: 1, curr_clock: 20
INFO flower 2021-04-10 21:08:07,933 | numpy_client.py:184 | Cache is stale, return ReadIns
DEBUG flower 2021-04-10 21:08:07,934 | app.py:66 | Waiting for message from server...
DEBUG flower 2021-04-10 21:09:21,534 | app.py:68 | Received server message. Handling...
DEBUG flower 2021-04-10 21:09:21,535 | numpy_client.py:228 | read: ReadRes(clock=2)
DEBUG flower 2021-04-10 21:09:21,542 | numpy_client.py:172 | fit, FitIns(clock=20)
DEBUG flower 2021-04-10 21:09:21,542 | numpy_client.py:260 | cached_clock: 2, curr_clock: 20
DEBUG flower 2021-04-10 21:09:22,053 | acc_variance.py:19 | AccuracyVariance: sample variance 0.02486484375 (last 5 data)
DEBUG flower 2021-04-10 21:09:22,053 | numpy_client.py:201 | Not a switch point
INFO flower 2021-04-10 21:09:22,105 | numpy_client.py:205 | Cache is fresh, return FitRes(clock=20)
DEBUG flower 2021-04-10 21:09:22,105 | app.py:66 | Waiting for message from server...
DEBUG flower 2021-04-10 21:09:22,124 | app.py:68 | Received server message. Handling...
DEBUG flower 2021-04-10 21:09:22,125 | numpy_client.py:172 | fit, FitIns(clock=21)
DEBUG flower 2021-04-10 21:09:22,125 | numpy_client.py:260 | cached_clock: 2, curr_clock: 21
INFO flower 2021-04-10 21:09:22,125 | numpy_client.py:184 | Cache is stale, return ReadIns
DEBUG flower 2021-04-10 21:09:22,125 | app.py:66 | Waiting for message from server...
DEBUG flower 2021-04-10 21:10:16,954 | app.py:68 | Received server message. Handling...
DEBUG flower 2021-04-10 21:10:16,955 | numpy_client.py:228 | read: ReadRes(clock=3)
DEBUG flower 2021-04-10 21:10:16,962 | numpy_client.py:172 | fit, FitIns(clock=21)
DEBUG flower 2021-04-10 21:10:16,962 | numpy_client.py:260 | cached_clock: 3, curr_clock: 21
DEBUG flower 2021-04-10 21:10:17,407 | acc_variance.py:19 | AccuracyVariance: sample variance 0.024864843750000004 (last 5 data)
DEBUG flower 2021-04-10 21:10:17,407 | numpy_client.py:201 | Not a switch point
INFO flower 2021-04-10 21:10:17,412 | numpy_client.py:205 | Cache is fresh, return FitRes(clock=21)
DEBUG flower 2021-04-10 21:10:17,412 | app.py:66 | Waiting for message from server...
DEBUG flower 2021-04-10 21:10:17,433 | app.py:68 | Received server message. Handling...
DEBUG flower 2021-04-10 21:10:17,433 | numpy_client.py:172 | fit, FitIns(clock=22)
DEBUG flower 2021-04-10 21:10:17,433 | numpy_client.py:260 | cached_clock: 3, curr_clock: 22
INFO flower 2021-04-10 21:10:17,433 | numpy_client.py:184 | Cache is stale, return ReadIns
DEBUG flower 2021-04-10 21:10:17,434 | app.py:66 | Waiting for message from server...
DEBUG flower 2021-04-10 21:11:15,105 | app.py:68 | Received server message. Handling...
DEBUG flower 2021-04-10 21:11:15,106 | numpy_client.py:228 | read: ReadRes(clock=4)
DEBUG flower 2021-04-10 21:11:15,113 | numpy_client.py:172 | fit, FitIns(clock=22)
DEBUG flower 2021-04-10 21:11:15,113 | numpy_client.py:260 | cached_clock: 4, curr_clock: 22
DEBUG flower 2021-04-10 21:11:15,616 | acc_variance.py:19 | AccuracyVariance: sample variance 0.015738281250000007 (last 5 data)
DEBUG flower 2021-04-10 21:11:15,617 | numpy_client.py:201 | Not a switch point
INFO flower 2021-04-10 21:11:15,621 | numpy_client.py:205 | Cache is fresh, return FitRes(clock=22)
DEBUG flower 2021-04-10 21:11:15,621 | app.py:66 | Waiting for message from server...
DEBUG flower 2021-04-10 21:11:15,641 | app.py:68 | Received server message. Handling...
DEBUG flower 2021-04-10 21:11:15,641 | numpy_client.py:172 | fit, FitIns(clock=23)
DEBUG flower 2021-04-10 21:11:15,641 | numpy_client.py:260 | cached_clock: 4, curr_clock: 23
INFO flower 2021-04-10 21:11:15,641 | numpy_client.py:184 | Cache is stale, return ReadIns
DEBUG flower 2021-04-10 21:11:15,641 | app.py:66 | Waiting for message from server...
DEBUG flower 2021-04-10 21:12:12,727 | app.py:68 | Received server message. Handling...
DEBUG flower 2021-04-10 21:12:12,727 | numpy_client.py:228 | read: ReadRes(clock=5)
DEBUG flower 2021-04-10 21:12:12,734 | numpy_client.py:172 | fit, FitIns(clock=23)
DEBUG flower 2021-04-10 21:12:12,734 | numpy_client.py:260 | cached_clock: 5, curr_clock: 23
DEBUG flower 2021-04-10 21:12:13,308 | acc_variance.py:19 | AccuracyVariance: sample variance 0.0148734375 (last 5 data)
DEBUG flower 2021-04-10 21:12:13,308 | numpy_client.py:201 | Not a switch point
INFO flower 2021-04-10 21:12:13,313 | numpy_client.py:205 | Cache is fresh, return FitRes(clock=23)
DEBUG flower 2021-04-10 21:12:13,313 | app.py:66 | Waiting for message from server...
DEBUG flower 2021-04-10 21:12:13,332 | app.py:68 | Received server message. Handling...
DEBUG flower 2021-04-10 21:12:13,332 | numpy_client.py:172 | fit, FitIns(clock=24)
DEBUG flower 2021-04-10 21:12:13,332 | numpy_client.py:260 | cached_clock: 5, curr_clock: 24
INFO flower 2021-04-10 21:12:13,333 | numpy_client.py:184 | Cache is stale, return ReadIns
DEBUG flower 2021-04-10 21:12:13,333 | app.py:66 | Waiting for message from server...
DEBUG flower 2021-04-10 21:13:42,205 | app.py:68 | Received server message. Handling...
DEBUG flower 2021-04-10 21:13:42,205 | numpy_client.py:228 | read: ReadRes(clock=6)
DEBUG flower 2021-04-10 21:13:42,212 | numpy_client.py:172 | fit, FitIns(clock=24)
DEBUG flower 2021-04-10 21:13:42,212 | numpy_client.py:260 | cached_clock: 6, curr_clock: 24
DEBUG flower 2021-04-10 21:13:42,626 | acc_variance.py:19 | AccuracyVariance: sample variance 0.0148734375 (last 5 data)
DEBUG flower 2021-04-10 21:13:42,627 | numpy_client.py:201 | Not a switch point
INFO flower 2021-04-10 21:13:42,630 | numpy_client.py:205 | Cache is fresh, return FitRes(clock=24)
DEBUG flower 2021-04-10 21:13:42,630 | app.py:66 | Waiting for message from server...
DEBUG flower 2021-04-10 21:13:42,649 | app.py:68 | Received server message. Handling...
DEBUG flower 2021-04-10 21:13:42,649 | numpy_client.py:172 | fit, FitIns(clock=25)
DEBUG flower 2021-04-10 21:13:42,649 | numpy_client.py:260 | cached_clock: 6, curr_clock: 25
INFO flower 2021-04-10 21:13:42,650 | numpy_client.py:184 | Cache is stale, return ReadIns
DEBUG flower 2021-04-10 21:13:42,650 | app.py:66 | Waiting for message from server...
DEBUG flower 2021-04-10 21:15:11,915 | app.py:68 | Received server message. Handling...
DEBUG flower 2021-04-10 21:15:11,915 | numpy_client.py:228 | read: ReadRes(clock=7)
DEBUG flower 2021-04-10 21:15:11,922 | numpy_client.py:172 | fit, FitIns(clock=25)
DEBUG flower 2021-04-10 21:15:11,922 | numpy_client.py:260 | cached_clock: 7, curr_clock: 25
DEBUG flower 2021-04-10 21:15:12,426 | acc_variance.py:19 | AccuracyVariance: sample variance 0.020425781250000004 (last 5 data)
DEBUG flower 2021-04-10 21:15:12,427 | numpy_client.py:201 | Not a switch point
INFO flower 2021-04-10 21:15:12,430 | numpy_client.py:205 | Cache is fresh, return FitRes(clock=25)
DEBUG flower 2021-04-10 21:15:12,430 | app.py:66 | Waiting for message from server...
DEBUG flower 2021-04-10 21:15:12,449 | app.py:68 | Received server message. Handling...
DEBUG flower 2021-04-10 21:15:12,449 | numpy_client.py:172 | fit, FitIns(clock=26)
DEBUG flower 2021-04-10 21:15:12,449 | numpy_client.py:260 | cached_clock: 7, curr_clock: 26
INFO flower 2021-04-10 21:15:12,449 | numpy_client.py:184 | Cache is stale, return ReadIns
DEBUG flower 2021-04-10 21:15:12,449 | app.py:66 | Waiting for message from server...
DEBUG flower 2021-04-10 21:16:07,613 | app.py:68 | Received server message. Handling...
DEBUG flower 2021-04-10 21:16:07,613 | numpy_client.py:228 | read: ReadRes(clock=8)
DEBUG flower 2021-04-10 21:16:07,620 | numpy_client.py:172 | fit, FitIns(clock=26)
DEBUG flower 2021-04-10 21:16:07,620 | numpy_client.py:260 | cached_clock: 8, curr_clock: 26
DEBUG flower 2021-04-10 21:16:08,119 | acc_variance.py:19 | AccuracyVariance: sample variance 0.02608984375 (last 5 data)
DEBUG flower 2021-04-10 21:16:08,119 | numpy_client.py:201 | Not a switch point
INFO flower 2021-04-10 21:16:08,123 | numpy_client.py:205 | Cache is fresh, return FitRes(clock=26)
DEBUG flower 2021-04-10 21:16:08,123 | app.py:66 | Waiting for message from server...
DEBUG flower 2021-04-10 21:16:08,142 | app.py:68 | Received server message. Handling...
DEBUG flower 2021-04-10 21:16:08,143 | numpy_client.py:172 | fit, FitIns(clock=27)
DEBUG flower 2021-04-10 21:16:08,143 | numpy_client.py:260 | cached_clock: 8, curr_clock: 27
INFO flower 2021-04-10 21:16:08,143 | numpy_client.py:184 | Cache is stale, return ReadIns
DEBUG flower 2021-04-10 21:16:08,143 | app.py:66 | Waiting for message from server...
DEBUG flower 2021-04-10 21:17:12,720 | app.py:68 | Received server message. Handling...
DEBUG flower 2021-04-10 21:17:12,721 | numpy_client.py:228 | read: ReadRes(clock=9)
DEBUG flower 2021-04-10 21:17:12,727 | numpy_client.py:172 | fit, FitIns(clock=27)
DEBUG flower 2021-04-10 21:17:12,728 | numpy_client.py:260 | cached_clock: 9, curr_clock: 27
DEBUG flower 2021-04-10 21:17:13,228 | acc_variance.py:19 | AccuracyVariance: sample variance 0.025208593749999997 (last 5 data)
DEBUG flower 2021-04-10 21:17:13,228 | numpy_client.py:201 | Not a switch point
INFO flower 2021-04-10 21:17:13,231 | numpy_client.py:205 | Cache is fresh, return FitRes(clock=27)
DEBUG flower 2021-04-10 21:17:13,231 | app.py:66 | Waiting for message from server...
DEBUG flower 2021-04-10 21:17:13,269 | app.py:68 | Received server message. Handling...
DEBUG flower 2021-04-10 21:17:13,269 | numpy_client.py:172 | fit, FitIns(clock=28)
DEBUG flower 2021-04-10 21:17:13,270 | numpy_client.py:260 | cached_clock: 9, curr_clock: 28
INFO flower 2021-04-10 21:17:13,270 | numpy_client.py:184 | Cache is stale, return ReadIns
DEBUG flower 2021-04-10 21:17:13,270 | app.py:66 | Waiting for message from server...
DEBUG flower 2021-04-10 21:18:32,984 | app.py:68 | Received server message. Handling...
DEBUG flower 2021-04-10 21:18:32,985 | numpy_client.py:228 | read: ReadRes(clock=10)
DEBUG flower 2021-04-10 21:18:33,008 | numpy_client.py:172 | fit, FitIns(clock=28)
DEBUG flower 2021-04-10 21:18:33,008 | numpy_client.py:260 | cached_clock: 10, curr_clock: 28
DEBUG flower 2021-04-10 21:18:33,427 | acc_variance.py:19 | AccuracyVariance: sample variance 0.02782421875 (last 5 data)
DEBUG flower 2021-04-10 21:18:33,427 | numpy_client.py:201 | Not a switch point
INFO flower 2021-04-10 21:18:33,430 | numpy_client.py:205 | Cache is fresh, return FitRes(clock=28)
DEBUG flower 2021-04-10 21:18:33,431 | app.py:66 | Waiting for message from server...
DEBUG flower 2021-04-10 21:18:33,462 | app.py:68 | Received server message. Handling...
DEBUG flower 2021-04-10 21:18:33,462 | numpy_client.py:172 | fit, FitIns(clock=29)
DEBUG flower 2021-04-10 21:18:33,462 | numpy_client.py:260 | cached_clock: 10, curr_clock: 29
INFO flower 2021-04-10 21:18:33,463 | numpy_client.py:184 | Cache is stale, return ReadIns
DEBUG flower 2021-04-10 21:18:33,463 | app.py:66 | Waiting for message from server...
DEBUG flower 2021-04-10 21:19:54,937 | app.py:68 | Received server message. Handling...
DEBUG flower 2021-04-10 21:19:54,937 | numpy_client.py:228 | read: ReadRes(clock=11)
DEBUG flower 2021-04-10 21:19:54,945 | numpy_client.py:172 | fit, FitIns(clock=29)
DEBUG flower 2021-04-10 21:19:54,945 | numpy_client.py:260 | cached_clock: 11, curr_clock: 29
DEBUG flower 2021-04-10 21:19:55,330 | acc_variance.py:19 | AccuracyVariance: sample variance 0.0019257812499999989 (last 5 data)
DEBUG flower 2021-04-10 21:19:55,330 | numpy_client.py:201 | Not a switch point
INFO flower 2021-04-10 21:19:55,333 | numpy_client.py:205 | Cache is fresh, return FitRes(clock=29)
DEBUG flower 2021-04-10 21:19:55,333 | app.py:66 | Waiting for message from server...
DEBUG flower 2021-04-10 21:19:55,352 | app.py:68 | Received server message. Handling...
DEBUG flower 2021-04-10 21:19:55,352 | numpy_client.py:172 | fit, FitIns(clock=30)
DEBUG flower 2021-04-10 21:19:55,352 | numpy_client.py:260 | cached_clock: 11, curr_clock: 30
INFO flower 2021-04-10 21:19:55,352 | numpy_client.py:184 | Cache is stale, return ReadIns
DEBUG flower 2021-04-10 21:19:55,353 | app.py:66 | Waiting for message from server...
DEBUG flower 2021-04-10 21:21:24,038 | app.py:68 | Received server message. Handling...
DEBUG flower 2021-04-10 21:21:24,038 | numpy_client.py:228 | read: ReadRes(clock=12)
DEBUG flower 2021-04-10 21:21:24,045 | numpy_client.py:172 | fit, FitIns(clock=30)
DEBUG flower 2021-04-10 21:21:24,045 | numpy_client.py:260 | cached_clock: 12, curr_clock: 30
DEBUG flower 2021-04-10 21:21:24,455 | acc_variance.py:19 | AccuracyVariance: sample variance 0.02896328125 (last 5 data)
DEBUG flower 2021-04-10 21:21:24,455 | numpy_client.py:201 | Not a switch point
INFO flower 2021-04-10 21:21:24,507 | numpy_client.py:205 | Cache is fresh, return FitRes(clock=30)
DEBUG flower 2021-04-10 21:21:24,508 | app.py:66 | Waiting for message from server...
DEBUG flower 2021-04-10 21:21:24,529 | app.py:68 | Received server message. Handling...
DEBUG flower 2021-04-10 21:21:24,529 | numpy_client.py:172 | fit, FitIns(clock=31)
DEBUG flower 2021-04-10 21:21:24,529 | numpy_client.py:260 | cached_clock: 12, curr_clock: 31
INFO flower 2021-04-10 21:21:24,529 | numpy_client.py:184 | Cache is stale, return ReadIns
DEBUG flower 2021-04-10 21:21:24,530 | app.py:66 | Waiting for message from server...
DEBUG flower 2021-04-10 21:22:45,763 | app.py:68 | Received server message. Handling...
DEBUG flower 2021-04-10 21:22:45,764 | numpy_client.py:228 | read: ReadRes(clock=13)
DEBUG flower 2021-04-10 21:22:45,771 | numpy_client.py:172 | fit, FitIns(clock=31)
DEBUG flower 2021-04-10 21:22:45,771 | numpy_client.py:260 | cached_clock: 13, curr_clock: 31
DEBUG flower 2021-04-10 21:22:46,224 | acc_variance.py:19 | AccuracyVariance: sample variance 0.04108437499999999 (last 5 data)
DEBUG flower 2021-04-10 21:22:46,224 | numpy_client.py:201 | Not a switch point
INFO flower 2021-04-10 21:22:46,227 | numpy_client.py:205 | Cache is fresh, return FitRes(clock=31)
DEBUG flower 2021-04-10 21:22:46,228 | app.py:66 | Waiting for message from server...
DEBUG flower 2021-04-10 21:22:46,258 | app.py:68 | Received server message. Handling...
DEBUG flower 2021-04-10 21:22:46,258 | numpy_client.py:172 | fit, FitIns(clock=32)
DEBUG flower 2021-04-10 21:22:46,258 | numpy_client.py:260 | cached_clock: 13, curr_clock: 32
INFO flower 2021-04-10 21:22:46,258 | numpy_client.py:184 | Cache is stale, return ReadIns
DEBUG flower 2021-04-10 21:22:46,259 | app.py:66 | Waiting for message from server...
DEBUG flower 2021-04-10 21:23:55,805 | app.py:68 | Received server message. Handling...
DEBUG flower 2021-04-10 21:23:55,806 | numpy_client.py:228 | read: ReadRes(clock=14)
DEBUG flower 2021-04-10 21:23:55,813 | numpy_client.py:172 | fit, FitIns(clock=32)
DEBUG flower 2021-04-10 21:23:55,813 | numpy_client.py:260 | cached_clock: 14, curr_clock: 32
DEBUG flower 2021-04-10 21:23:56,232 | acc_variance.py:19 | AccuracyVariance: sample variance 0.0345875 (last 5 data)
DEBUG flower 2021-04-10 21:23:56,233 | numpy_client.py:201 | Not a switch point
INFO flower 2021-04-10 21:23:56,236 | numpy_client.py:205 | Cache is fresh, return FitRes(clock=32)
DEBUG flower 2021-04-10 21:23:56,236 | app.py:66 | Waiting for message from server...
DEBUG flower 2021-04-10 21:23:56,256 | app.py:68 | Received server message. Handling...
DEBUG flower 2021-04-10 21:23:56,256 | numpy_client.py:172 | fit, FitIns(clock=33)
DEBUG flower 2021-04-10 21:23:56,256 | numpy_client.py:260 | cached_clock: 14, curr_clock: 33
INFO flower 2021-04-10 21:23:56,256 | numpy_client.py:184 | Cache is stale, return ReadIns
DEBUG flower 2021-04-10 21:23:56,257 | app.py:66 | Waiting for message from server...
DEBUG flower 2021-04-10 21:24:56,355 | app.py:68 | Received server message. Handling...
DEBUG flower 2021-04-10 21:24:56,356 | numpy_client.py:228 | read: ReadRes(clock=15)
DEBUG flower 2021-04-10 21:24:56,410 | numpy_client.py:172 | fit, FitIns(clock=33)
DEBUG flower 2021-04-10 21:24:56,410 | numpy_client.py:260 | cached_clock: 15, curr_clock: 33
DEBUG flower 2021-04-10 21:24:56,829 | acc_variance.py:19 | AccuracyVariance: sample variance 0.023321875 (last 5 data)
DEBUG flower 2021-04-10 21:24:56,829 | numpy_client.py:201 | Not a switch point
INFO flower 2021-04-10 21:24:56,832 | numpy_client.py:205 | Cache is fresh, return FitRes(clock=33)
DEBUG flower 2021-04-10 21:24:56,832 | app.py:66 | Waiting for message from server...
DEBUG flower 2021-04-10 21:24:56,854 | app.py:68 | Received server message. Handling...
DEBUG flower 2021-04-10 21:24:56,855 | numpy_client.py:172 | fit, FitIns(clock=34)
DEBUG flower 2021-04-10 21:24:56,855 | numpy_client.py:260 | cached_clock: 15, curr_clock: 34
INFO flower 2021-04-10 21:24:56,855 | numpy_client.py:184 | Cache is stale, return ReadIns
DEBUG flower 2021-04-10 21:24:56,855 | app.py:66 | Waiting for message from server...
DEBUG flower 2021-04-10 21:26:13,806 | app.py:68 | Received server message. Handling...
DEBUG flower 2021-04-10 21:26:13,806 | numpy_client.py:228 | read: ReadRes(clock=16)
DEBUG flower 2021-04-10 21:26:13,813 | numpy_client.py:172 | fit, FitIns(clock=34)
DEBUG flower 2021-04-10 21:26:13,813 | numpy_client.py:260 | cached_clock: 16, curr_clock: 34
DEBUG flower 2021-04-10 21:26:14,306 | acc_variance.py:19 | AccuracyVariance: sample variance 0.011209374999999999 (last 5 data)
DEBUG flower 2021-04-10 21:26:14,306 | numpy_client.py:201 | Not a switch point
INFO flower 2021-04-10 21:26:14,310 | numpy_client.py:205 | Cache is fresh, return FitRes(clock=34)
DEBUG flower 2021-04-10 21:26:14,311 | app.py:66 | Waiting for message from server...
DEBUG flower 2021-04-10 21:26:14,331 | app.py:68 | Received server message. Handling...
DEBUG flower 2021-04-10 21:26:14,331 | numpy_client.py:172 | fit, FitIns(clock=35)
DEBUG flower 2021-04-10 21:26:14,331 | numpy_client.py:260 | cached_clock: 16, curr_clock: 35
INFO flower 2021-04-10 21:26:14,331 | numpy_client.py:184 | Cache is stale, return ReadIns
DEBUG flower 2021-04-10 21:26:14,332 | app.py:66 | Waiting for message from server...
DEBUG flower 2021-04-10 21:27:05,542 | app.py:68 | Received server message. Handling...
DEBUG flower 2021-04-10 21:27:05,542 | numpy_client.py:228 | read: ReadRes(clock=17)
DEBUG flower 2021-04-10 21:27:05,550 | numpy_client.py:172 | fit, FitIns(clock=35)
DEBUG flower 2021-04-10 21:27:05,550 | numpy_client.py:260 | cached_clock: 17, curr_clock: 35
DEBUG flower 2021-04-10 21:27:05,945 | acc_variance.py:19 | AccuracyVariance: sample variance 0.007222656250000001 (last 5 data)
DEBUG flower 2021-04-10 21:27:05,945 | numpy_client.py:201 | Not a switch point
INFO flower 2021-04-10 21:27:05,948 | numpy_client.py:205 | Cache is fresh, return FitRes(clock=35)
DEBUG flower 2021-04-10 21:27:06,005 | app.py:66 | Waiting for message from server...
DEBUG flower 2021-04-10 21:27:06,024 | app.py:68 | Received server message. Handling...
DEBUG flower 2021-04-10 21:27:06,024 | numpy_client.py:172 | fit, FitIns(clock=36)
DEBUG flower 2021-04-10 21:27:06,024 | numpy_client.py:260 | cached_clock: 17, curr_clock: 36
INFO flower 2021-04-10 21:27:06,025 | numpy_client.py:184 | Cache is stale, return ReadIns
DEBUG flower 2021-04-10 21:27:06,025 | app.py:66 | Waiting for message from server...
DEBUG flower 2021-04-10 21:28:24,644 | app.py:68 | Received server message. Handling...
DEBUG flower 2021-04-10 21:28:24,644 | numpy_client.py:228 | read: ReadRes(clock=18)
DEBUG flower 2021-04-10 21:28:24,651 | numpy_client.py:172 | fit, FitIns(clock=36)
DEBUG flower 2021-04-10 21:28:24,651 | numpy_client.py:260 | cached_clock: 18, curr_clock: 36
DEBUG flower 2021-04-10 21:28:25,030 | acc_variance.py:19 | AccuracyVariance: sample variance 0.007222656249999999 (last 5 data)
DEBUG flower 2021-04-10 21:28:25,031 | numpy_client.py:201 | Not a switch point
INFO flower 2021-04-10 21:28:25,034 | numpy_client.py:205 | Cache is fresh, return FitRes(clock=36)
DEBUG flower 2021-04-10 21:28:25,034 | app.py:66 | Waiting for message from server...
DEBUG flower 2021-04-10 21:28:25,054 | app.py:68 | Received server message. Handling...
DEBUG flower 2021-04-10 21:28:25,055 | numpy_client.py:172 | fit, FitIns(clock=37)
DEBUG flower 2021-04-10 21:28:25,055 | numpy_client.py:260 | cached_clock: 18, curr_clock: 37
INFO flower 2021-04-10 21:28:25,055 | numpy_client.py:184 | Cache is stale, return ReadIns
DEBUG flower 2021-04-10 21:28:25,055 | app.py:66 | Waiting for message from server...
DEBUG flower 2021-04-10 21:29:42,006 | app.py:68 | Received server message. Handling...
DEBUG flower 2021-04-10 21:29:42,006 | numpy_client.py:228 | read: ReadRes(clock=19)
DEBUG flower 2021-04-10 21:29:42,013 | numpy_client.py:172 | fit, FitIns(clock=37)
DEBUG flower 2021-04-10 21:29:42,013 | numpy_client.py:260 | cached_clock: 19, curr_clock: 37
DEBUG flower 2021-04-10 21:29:42,506 | acc_variance.py:19 | AccuracyVariance: sample variance 0.01072890625 (last 5 data)
DEBUG flower 2021-04-10 21:29:42,507 | numpy_client.py:201 | Not a switch point
INFO flower 2021-04-10 21:29:42,511 | numpy_client.py:205 | Cache is fresh, return FitRes(clock=37)
DEBUG flower 2021-04-10 21:29:42,512 | app.py:66 | Waiting for message from server...
DEBUG flower 2021-04-10 21:29:42,529 | app.py:68 | Received server message. Handling...
DEBUG flower 2021-04-10 21:29:42,529 | numpy_client.py:172 | fit, FitIns(clock=38)
DEBUG flower 2021-04-10 21:29:42,530 | numpy_client.py:260 | cached_clock: 19, curr_clock: 38
INFO flower 2021-04-10 21:29:42,530 | numpy_client.py:184 | Cache is stale, return ReadIns
DEBUG flower 2021-04-10 21:29:42,530 | app.py:66 | Waiting for message from server...
DEBUG flower 2021-04-10 21:30:52,005 | app.py:68 | Received server message. Handling...
DEBUG flower 2021-04-10 21:30:52,006 | numpy_client.py:228 | read: ReadRes(clock=20)
DEBUG flower 2021-04-10 21:30:52,013 | numpy_client.py:172 | fit, FitIns(clock=38)
DEBUG flower 2021-04-10 21:30:52,013 | numpy_client.py:260 | cached_clock: 20, curr_clock: 38
DEBUG flower 2021-04-10 21:30:52,509 | acc_variance.py:19 | AccuracyVariance: sample variance 0.010935156249999998 (last 5 data)
DEBUG flower 2021-04-10 21:30:52,509 | numpy_client.py:201 | Not a switch point
INFO flower 2021-04-10 21:30:52,514 | numpy_client.py:205 | Cache is fresh, return FitRes(clock=38)
DEBUG flower 2021-04-10 21:30:52,515 | app.py:66 | Waiting for message from server...
DEBUG flower 2021-04-10 21:30:52,532 | app.py:68 | Received server message. Handling...
DEBUG flower 2021-04-10 21:30:52,533 | numpy_client.py:172 | fit, FitIns(clock=39)
DEBUG flower 2021-04-10 21:30:52,533 | numpy_client.py:260 | cached_clock: 20, curr_clock: 39
INFO flower 2021-04-10 21:30:52,533 | numpy_client.py:184 | Cache is stale, return ReadIns
DEBUG flower 2021-04-10 21:30:52,533 | app.py:66 | Waiting for message from server...
DEBUG flower 2021-04-10 21:32:21,267 | app.py:68 | Received server message. Handling...
DEBUG flower 2021-04-10 21:32:21,268 | numpy_client.py:228 | read: ReadRes(clock=21)
DEBUG flower 2021-04-10 21:32:21,275 | numpy_client.py:172 | fit, FitIns(clock=39)
DEBUG flower 2021-04-10 21:32:21,275 | numpy_client.py:260 | cached_clock: 21, curr_clock: 39
DEBUG flower 2021-04-10 21:32:21,821 | acc_variance.py:19 | AccuracyVariance: sample variance 0.010244531250000001 (last 5 data)
DEBUG flower 2021-04-10 21:32:21,821 | numpy_client.py:201 | Not a switch point
INFO flower 2021-04-10 21:32:21,824 | numpy_client.py:205 | Cache is fresh, return FitRes(clock=39)
DEBUG flower 2021-04-10 21:32:21,824 | app.py:66 | Waiting for message from server...
DEBUG flower 2021-04-10 21:32:21,843 | app.py:68 | Received server message. Handling...
DEBUG flower 2021-04-10 21:32:21,843 | numpy_client.py:172 | fit, FitIns(clock=40)
DEBUG flower 2021-04-10 21:32:21,843 | numpy_client.py:260 | cached_clock: 21, curr_clock: 40
INFO flower 2021-04-10 21:32:21,843 | numpy_client.py:184 | Cache is stale, return ReadIns
DEBUG flower 2021-04-10 21:32:21,844 | app.py:66 | Waiting for message from server...
DEBUG flower 2021-04-10 21:33:32,230 | app.py:68 | Received server message. Handling...
DEBUG flower 2021-04-10 21:33:32,230 | numpy_client.py:228 | read: ReadRes(clock=22)
DEBUG flower 2021-04-10 21:33:32,237 | numpy_client.py:172 | fit, FitIns(clock=40)
DEBUG flower 2021-04-10 21:33:32,237 | numpy_client.py:260 | cached_clock: 22, curr_clock: 40
DEBUG flower 2021-04-10 21:33:32,626 | acc_variance.py:19 | AccuracyVariance: sample variance 0.007439062500000001 (last 5 data)
DEBUG flower 2021-04-10 21:33:32,626 | numpy_client.py:201 | Not a switch point
INFO flower 2021-04-10 21:33:32,629 | numpy_client.py:205 | Cache is fresh, return FitRes(clock=40)
DEBUG flower 2021-04-10 21:33:32,630 | app.py:66 | Waiting for message from server...
DEBUG flower 2021-04-10 21:33:32,649 | app.py:68 | Received server message. Handling...
DEBUG flower 2021-04-10 21:33:32,649 | numpy_client.py:172 | fit, FitIns(clock=41)
DEBUG flower 2021-04-10 21:33:32,649 | numpy_client.py:260 | cached_clock: 22, curr_clock: 41
INFO flower 2021-04-10 21:33:32,649 | numpy_client.py:184 | Cache is stale, return ReadIns
DEBUG flower 2021-04-10 21:33:32,649 | app.py:66 | Waiting for message from server...
DEBUG flower 2021-04-10 21:34:52,244 | app.py:68 | Received server message. Handling...
DEBUG flower 2021-04-10 21:34:52,245 | numpy_client.py:228 | read: ReadRes(clock=23)
DEBUG flower 2021-04-10 21:34:52,252 | numpy_client.py:172 | fit, FitIns(clock=41)
DEBUG flower 2021-04-10 21:34:52,252 | numpy_client.py:260 | cached_clock: 23, curr_clock: 41
DEBUG flower 2021-04-10 21:34:52,705 | acc_variance.py:19 | AccuracyVariance: sample variance 0.007439062500000001 (last 5 data)
DEBUG flower 2021-04-10 21:34:52,705 | numpy_client.py:201 | Not a switch point
INFO flower 2021-04-10 21:34:52,710 | numpy_client.py:205 | Cache is fresh, return FitRes(clock=41)
DEBUG flower 2021-04-10 21:34:52,710 | app.py:66 | Waiting for message from server...
DEBUG flower 2021-04-10 21:34:52,731 | app.py:68 | Received server message. Handling...
DEBUG flower 2021-04-10 21:34:52,731 | numpy_client.py:172 | fit, FitIns(clock=42)
DEBUG flower 2021-04-10 21:34:52,731 | numpy_client.py:260 | cached_clock: 23, curr_clock: 42
INFO flower 2021-04-10 21:34:52,731 | numpy_client.py:184 | Cache is stale, return ReadIns
DEBUG flower 2021-04-10 21:34:52,732 | app.py:66 | Waiting for message from server...
DEBUG flower 2021-04-10 21:35:43,112 | app.py:68 | Received server message. Handling...
DEBUG flower 2021-04-10 21:35:43,113 | numpy_client.py:228 | read: ReadRes(clock=24)
DEBUG flower 2021-04-10 21:35:43,120 | numpy_client.py:172 | fit, FitIns(clock=42)
DEBUG flower 2021-04-10 21:35:43,120 | numpy_client.py:260 | cached_clock: 24, curr_clock: 42
DEBUG flower 2021-04-10 21:35:43,607 | acc_variance.py:19 | AccuracyVariance: sample variance 0.009442968749999999 (last 5 data)
DEBUG flower 2021-04-10 21:35:43,608 | numpy_client.py:201 | Not a switch point
INFO flower 2021-04-10 21:35:43,612 | numpy_client.py:205 | Cache is fresh, return FitRes(clock=42)
DEBUG flower 2021-04-10 21:35:43,612 | app.py:66 | Waiting for message from server...
DEBUG flower 2021-04-10 21:35:43,631 | app.py:68 | Received server message. Handling...
DEBUG flower 2021-04-10 21:35:43,632 | numpy_client.py:172 | fit, FitIns(clock=43)
DEBUG flower 2021-04-10 21:35:43,632 | numpy_client.py:260 | cached_clock: 24, curr_clock: 43
INFO flower 2021-04-10 21:35:43,632 | numpy_client.py:184 | Cache is stale, return ReadIns
DEBUG flower 2021-04-10 21:35:43,632 | app.py:66 | Waiting for message from server...
DEBUG flower 2021-04-10 21:37:13,220 | app.py:68 | Received server message. Handling...
DEBUG flower 2021-04-10 21:37:13,220 | numpy_client.py:228 | read: ReadRes(clock=25)
DEBUG flower 2021-04-10 21:37:13,227 | numpy_client.py:172 | fit, FitIns(clock=43)
DEBUG flower 2021-04-10 21:37:13,227 | numpy_client.py:260 | cached_clock: 25, curr_clock: 43
DEBUG flower 2021-04-10 21:37:13,629 | acc_variance.py:19 | AccuracyVariance: sample variance 0.00944296875 (last 5 data)
DEBUG flower 2021-04-10 21:37:13,629 | numpy_client.py:201 | Not a switch point
INFO flower 2021-04-10 21:37:13,632 | numpy_client.py:205 | Cache is fresh, return FitRes(clock=43)
DEBUG flower 2021-04-10 21:37:13,633 | app.py:66 | Waiting for message from server...
DEBUG flower 2021-04-10 21:37:13,653 | app.py:68 | Received server message. Handling...
DEBUG flower 2021-04-10 21:37:13,653 | numpy_client.py:172 | fit, FitIns(clock=44)
DEBUG flower 2021-04-10 21:37:13,653 | numpy_client.py:260 | cached_clock: 25, curr_clock: 44
INFO flower 2021-04-10 21:37:13,653 | numpy_client.py:184 | Cache is stale, return ReadIns
DEBUG flower 2021-04-10 21:37:13,653 | app.py:66 | Waiting for message from server...
DEBUG flower 2021-04-10 21:38:10,969 | app.py:68 | Received server message. Handling...
DEBUG flower 2021-04-10 21:38:10,970 | numpy_client.py:228 | read: ReadRes(clock=26)
DEBUG flower 2021-04-10 21:38:10,977 | numpy_client.py:172 | fit, FitIns(clock=44)
DEBUG flower 2021-04-10 21:38:10,977 | numpy_client.py:260 | cached_clock: 26, curr_clock: 44
DEBUG flower 2021-04-10 21:38:11,442 | acc_variance.py:19 | AccuracyVariance: sample variance 0.005076562500000001 (last 5 data)
DEBUG flower 2021-04-10 21:38:11,442 | numpy_client.py:201 | Not a switch point
INFO flower 2021-04-10 21:38:11,445 | numpy_client.py:205 | Cache is fresh, return FitRes(clock=44)
DEBUG flower 2021-04-10 21:38:11,445 | app.py:66 | Waiting for message from server...
DEBUG flower 2021-04-10 21:38:11,471 | app.py:68 | Received server message. Handling...
DEBUG flower 2021-04-10 21:38:11,472 | numpy_client.py:172 | fit, FitIns(clock=45)
DEBUG flower 2021-04-10 21:38:11,472 | numpy_client.py:260 | cached_clock: 26, curr_clock: 45
INFO flower 2021-04-10 21:38:11,472 | numpy_client.py:184 | Cache is stale, return ReadIns
DEBUG flower 2021-04-10 21:38:11,472 | app.py:66 | Waiting for message from server...
DEBUG flower 2021-04-10 21:39:25,605 | app.py:68 | Received server message. Handling...
DEBUG flower 2021-04-10 21:39:25,606 | numpy_client.py:228 | read: ReadRes(clock=27)
DEBUG flower 2021-04-10 21:39:25,613 | numpy_client.py:172 | fit, FitIns(clock=45)
DEBUG flower 2021-04-10 21:39:25,613 | numpy_client.py:260 | cached_clock: 27, curr_clock: 45
DEBUG flower 2021-04-10 21:39:26,025 | acc_variance.py:19 | AccuracyVariance: sample variance 0.03483984375000001 (last 5 data)
DEBUG flower 2021-04-10 21:39:26,025 | numpy_client.py:201 | Not a switch point
INFO flower 2021-04-10 21:39:26,029 | numpy_client.py:205 | Cache is fresh, return FitRes(clock=45)
DEBUG flower 2021-04-10 21:39:26,029 | app.py:66 | Waiting for message from server...
DEBUG flower 2021-04-10 21:39:26,050 | app.py:68 | Received server message. Handling...
DEBUG flower 2021-04-10 21:39:26,050 | numpy_client.py:172 | fit, FitIns(clock=46)
DEBUG flower 2021-04-10 21:39:26,050 | numpy_client.py:260 | cached_clock: 27, curr_clock: 46
INFO flower 2021-04-10 21:39:26,050 | numpy_client.py:184 | Cache is stale, return ReadIns
DEBUG flower 2021-04-10 21:39:26,051 | app.py:66 | Waiting for message from server...
DEBUG flower 2021-04-10 21:40:28,802 | app.py:68 | Received server message. Handling...
DEBUG flower 2021-04-10 21:40:28,802 | numpy_client.py:228 | read: ReadRes(clock=28)
DEBUG flower 2021-04-10 21:40:28,809 | numpy_client.py:172 | fit, FitIns(clock=46)
DEBUG flower 2021-04-10 21:40:28,809 | numpy_client.py:260 | cached_clock: 28, curr_clock: 46
DEBUG flower 2021-04-10 21:40:29,220 | acc_variance.py:19 | AccuracyVariance: sample variance 0.04390234375 (last 5 data)
DEBUG flower 2021-04-10 21:40:29,220 | numpy_client.py:201 | Not a switch point
INFO flower 2021-04-10 21:40:29,223 | numpy_client.py:205 | Cache is fresh, return FitRes(clock=46)
DEBUG flower 2021-04-10 21:40:29,223 | app.py:66 | Waiting for message from server...
DEBUG flower 2021-04-10 21:40:29,243 | app.py:68 | Received server message. Handling...
DEBUG flower 2021-04-10 21:40:29,244 | numpy_client.py:172 | fit, FitIns(clock=47)
DEBUG flower 2021-04-10 21:40:29,244 | numpy_client.py:260 | cached_clock: 28, curr_clock: 47
INFO flower 2021-04-10 21:40:29,244 | numpy_client.py:184 | Cache is stale, return ReadIns
DEBUG flower 2021-04-10 21:40:29,244 | app.py:66 | Waiting for message from server...
DEBUG flower 2021-04-10 21:41:56,405 | app.py:68 | Received server message. Handling...
DEBUG flower 2021-04-10 21:41:56,406 | numpy_client.py:228 | read: ReadRes(clock=29)
DEBUG flower 2021-04-10 21:41:56,412 | numpy_client.py:172 | fit, FitIns(clock=47)
DEBUG flower 2021-04-10 21:41:56,413 | numpy_client.py:260 | cached_clock: 29, curr_clock: 47
DEBUG flower 2021-04-10 21:41:56,831 | acc_variance.py:19 | AccuracyVariance: sample variance 0.052096093749999996 (last 5 data)
DEBUG flower 2021-04-10 21:41:56,831 | numpy_client.py:201 | Not a switch point
INFO flower 2021-04-10 21:41:56,834 | numpy_client.py:205 | Cache is fresh, return FitRes(clock=47)
DEBUG flower 2021-04-10 21:41:56,835 | app.py:66 | Waiting for message from server...
DEBUG flower 2021-04-10 21:41:56,855 | app.py:68 | Received server message. Handling...
DEBUG flower 2021-04-10 21:41:56,855 | numpy_client.py:172 | fit, FitIns(clock=48)
DEBUG flower 2021-04-10 21:41:56,855 | numpy_client.py:260 | cached_clock: 29, curr_clock: 48
INFO flower 2021-04-10 21:41:56,855 | numpy_client.py:184 | Cache is stale, return ReadIns
DEBUG flower 2021-04-10 21:41:56,856 | app.py:66 | Waiting for message from server...
DEBUG flower 2021-04-10 21:43:23,065 | app.py:68 | Received server message. Handling...
DEBUG flower 2021-04-10 21:43:23,065 | numpy_client.py:228 | read: ReadRes(clock=30)
DEBUG flower 2021-04-10 21:43:23,072 | numpy_client.py:172 | fit, FitIns(clock=48)
DEBUG flower 2021-04-10 21:43:23,072 | numpy_client.py:260 | cached_clock: 30, curr_clock: 48
DEBUG flower 2021-04-10 21:43:23,518 | acc_variance.py:19 | AccuracyVariance: sample variance 0.04414609375000001 (last 5 data)
DEBUG flower 2021-04-10 21:43:23,518 | numpy_client.py:201 | Not a switch point
INFO flower 2021-04-10 21:43:23,522 | numpy_client.py:205 | Cache is fresh, return FitRes(clock=48)
DEBUG flower 2021-04-10 21:43:23,522 | app.py:66 | Waiting for message from server...
DEBUG flower 2021-04-10 21:43:23,540 | app.py:68 | Received server message. Handling...
DEBUG flower 2021-04-10 21:43:23,540 | numpy_client.py:172 | fit, FitIns(clock=49)
DEBUG flower 2021-04-10 21:43:23,541 | numpy_client.py:260 | cached_clock: 30, curr_clock: 49
INFO flower 2021-04-10 21:43:23,541 | numpy_client.py:184 | Cache is stale, return ReadIns
DEBUG flower 2021-04-10 21:43:23,541 | app.py:66 | Waiting for message from server...
DEBUG flower 2021-04-10 21:44:31,805 | app.py:68 | Received server message. Handling...
DEBUG flower 2021-04-10 21:44:31,806 | numpy_client.py:228 | read: ReadRes(clock=31)
DEBUG flower 2021-04-10 21:44:31,813 | numpy_client.py:172 | fit, FitIns(clock=49)
DEBUG flower 2021-04-10 21:44:31,813 | numpy_client.py:260 | cached_clock: 31, curr_clock: 49
DEBUG flower 2021-04-10 21:44:32,239 | acc_variance.py:19 | AccuracyVariance: sample variance 0.04414609375000001 (last 5 data)
DEBUG flower 2021-04-10 21:44:32,239 | numpy_client.py:201 | Not a switch point
INFO flower 2021-04-10 21:44:32,242 | numpy_client.py:205 | Cache is fresh, return FitRes(clock=49)
DEBUG flower 2021-04-10 21:44:32,242 | numpy_client.py:217 | The client finishes computing after 2353 seconds
DEBUG flower 2021-04-10 21:44:32,243 | app.py:66 | Waiting for message from server...
DEBUG flower 2021-04-10 22:06:55,834 | app.py:68 | Received server message. Handling...
INFO flower 2021-04-10 22:07:05,954 | numpy_client.py:250 | [32;1m Loss: 141.030, Accuracy: 0.000%[0m
DEBUG flower 2021-04-10 22:07:05,955 | app.py:66 | Waiting for message from server...
DEBUG flower 2021-04-10 22:07:08,636 | app.py:68 | Received server message. Handling...
DEBUG flower 2021-04-10 22:07:08,654 | connection.py:68 | Insecure gRPC channel closed
INFO flower 2021-04-10 22:07:08,654 | app.py:76 | Disconnect and shut down
Namespace(idx=21, max_delay=0, min_delay=0, num_clients=31, server_ip='10.244.50.51:8080', staleness_bound=2000)
I'm client 21
Files already downloaded and verified
Files already downloaded and verified
[32;1mClient 21: 309 train samples, 511 test samples[0m
loss=22.39722180366516, acc=0.321875
feed:  0.321875
loss=22.789289712905884, acc=0.034375
feed:  0.034375
loss=22.67171025276184, acc=0.28125
feed:  0.28125
loss=22.544522523880005, acc=0.321875
feed:  0.321875
loss=22.422847270965576, acc=0.321875
feed:  0.321875
loss=22.289957523345947, acc=0.321875
feed:  0.321875
loss=22.168081283569336, acc=0.321875
feed:  0.321875
loss=22.054946422576904, acc=0.321875
feed:  0.321875
loss=21.9340763092041, acc=0.321875
feed:  0.321875
loss=21.817357540130615, acc=0.321875
feed:  0.321875
loss=21.69432759284973, acc=0.321875
feed:  0.321875
loss=21.578383684158325, acc=0.321875
feed:  0.321875
loss=21.460105180740356, acc=0.321875
feed:  0.321875
loss=21.342628240585327, acc=0.321875
feed:  0.321875
loss=21.226750373840332, acc=0.321875
feed:  0.321875
loss=21.106009483337402, acc=0.321875
feed:  0.321875
loss=20.98757314682007, acc=0.321875
feed:  0.321875
loss=20.87087321281433, acc=0.321875
feed:  0.321875
loss=20.74991011619568, acc=0.321875
feed:  0.321875
loss=21.97232985496521, acc=0.0
feed:  0.0
loss=23.11942481994629, acc=0.0
feed:  0.0
loss=26.981992721557617, acc=0.0
feed:  0.0
loss=30.33816647529602, acc=0.115625
feed:  0.115625
loss=34.92911887168884, acc=0.3125
feed:  0.3125
loss=56.223376512527466, acc=0.0
feed:  0.0
loss=40.32080149650574, acc=0.321875
feed:  0.321875
loss=27.935593008995056, acc=0.453125
feed:  0.453125
loss=27.819273233413696, acc=0.409375
feed:  0.409375
loss=28.184341192245483, acc=0.425
feed:  0.425
loss=27.09675896167755, acc=0.40625
feed:  0.40625
loss=59.14391803741455, acc=0.0
feed:  0.0
loss=53.44682288169861, acc=0.0
feed:  0.0
loss=43.04695701599121, acc=0.2125
feed:  0.2125
loss=43.660178899765015, acc=0.20625
feed:  0.20625
loss=42.735631465911865, acc=0.228125
feed:  0.228125
loss=43.032222270965576, acc=0.196875
feed:  0.196875
loss=59.72377824783325, acc=0.0
feed:  0.0
loss=59.910226821899414, acc=0.0
feed:  0.0
loss=37.99804878234863, acc=0.0
feed:  0.0
loss=42.368258237838745, acc=0.215625
feed:  0.215625
loss=53.40214014053345, acc=0.0
feed:  0.0
loss=50.22506666183472, acc=0.0
feed:  0.0
loss=41.688456773757935, acc=0.178125
feed:  0.178125
loss=57.2215940952301, acc=0.0
feed:  0.0
loss=41.80348062515259, acc=0.0
feed:  0.0
loss=23.595167994499207, acc=0.478125
feed:  0.478125
loss=23.365428686141968, acc=0.453125
feed:  0.453125
loss=61.012473344802856, acc=0.0
feed:  0.0
loss=42.32005047798157, acc=0.165625
feed:  0.165625
loss=52.80250906944275, acc=0.0
feed:  0.0
Files already downloaded and verified
Files already downloaded and verified
Testing on full test set: 313, 1888.1398029327393, 0.1752
Testing on partial test set: 16, 141.03008556365967, 0.0
