DEBUG flower 2021-04-10 17:57:48,418 | client.py:85 | Start SSP client without delay
DEBUG flower 2021-04-10 17:57:51,106 | connection.py:36 | ChannelConnectivity.IDLE
INFO flower 2021-04-10 17:57:51,108 | app.py:63 | Opened (insecure) gRPC connection
DEBUG flower 2021-04-10 17:57:51,108 | connection.py:36 | ChannelConnectivity.READY
DEBUG flower 2021-04-10 17:57:51,108 | app.py:66 | Waiting for message from server...
DEBUG flower 2021-04-10 17:57:53,030 | app.py:68 | Received server message. Handling...
DEBUG flower 2021-04-10 17:57:53,030 | numpy_client.py:172 | fit, FitIns(clock=0)
INFO flower 2021-04-10 17:57:53,030 | numpy_client.py:184 | Cache is stale, return ReadIns
DEBUG flower 2021-04-10 17:57:53,031 | app.py:66 | Waiting for message from server...
DEBUG flower 2021-04-10 17:57:53,214 | app.py:68 | Received server message. Handling...
DEBUG flower 2021-04-10 17:57:53,215 | numpy_client.py:228 | read: ReadRes(clock=-1)
DEBUG flower 2021-04-10 17:57:53,232 | numpy_client.py:172 | fit, FitIns(clock=0)
DEBUG flower 2021-04-10 17:57:53,232 | numpy_client.py:260 | cached_clock: -1, curr_clock: 0
DEBUG flower 2021-04-10 17:57:58,202 | model_wrapper.py:21 | Load existing initial model
INFO flower 2021-04-10 17:57:58,205 | numpy_client.py:205 | Cache is fresh, return FitRes(clock=0)
DEBUG flower 2021-04-10 17:57:58,206 | app.py:66 | Waiting for message from server...
DEBUG flower 2021-04-10 17:57:58,275 | app.py:68 | Received server message. Handling...
DEBUG flower 2021-04-10 17:57:58,275 | numpy_client.py:172 | fit, FitIns(clock=1)
DEBUG flower 2021-04-10 17:57:58,275 | numpy_client.py:260 | cached_clock: -1, curr_clock: 1
INFO flower 2021-04-10 17:58:03,481 | numpy_client.py:205 | Cache is fresh, return FitRes(clock=1)
DEBUG flower 2021-04-10 17:58:03,482 | app.py:66 | Waiting for message from server...
DEBUG flower 2021-04-10 17:58:03,504 | app.py:68 | Received server message. Handling...
DEBUG flower 2021-04-10 17:58:03,504 | numpy_client.py:172 | fit, FitIns(clock=2)
DEBUG flower 2021-04-10 17:58:03,504 | numpy_client.py:260 | cached_clock: -1, curr_clock: 2
INFO flower 2021-04-10 17:58:08,192 | numpy_client.py:205 | Cache is fresh, return FitRes(clock=2)
DEBUG flower 2021-04-10 17:58:08,193 | app.py:66 | Waiting for message from server...
DEBUG flower 2021-04-10 17:58:08,215 | app.py:68 | Received server message. Handling...
DEBUG flower 2021-04-10 17:58:08,216 | numpy_client.py:172 | fit, FitIns(clock=3)
DEBUG flower 2021-04-10 17:58:08,216 | numpy_client.py:260 | cached_clock: -1, curr_clock: 3
INFO flower 2021-04-10 17:58:12,699 | numpy_client.py:205 | Cache is fresh, return FitRes(clock=3)
DEBUG flower 2021-04-10 17:58:12,700 | app.py:66 | Waiting for message from server...
DEBUG flower 2021-04-10 17:58:12,722 | app.py:68 | Received server message. Handling...
DEBUG flower 2021-04-10 17:58:12,722 | numpy_client.py:172 | fit, FitIns(clock=4)
DEBUG flower 2021-04-10 17:58:12,722 | numpy_client.py:260 | cached_clock: -1, curr_clock: 4
INFO flower 2021-04-10 17:58:17,182 | numpy_client.py:205 | Cache is fresh, return FitRes(clock=4)
DEBUG flower 2021-04-10 17:58:17,183 | app.py:66 | Waiting for message from server...
DEBUG flower 2021-04-10 17:58:17,205 | app.py:68 | Received server message. Handling...
DEBUG flower 2021-04-10 17:58:17,205 | numpy_client.py:172 | fit, FitIns(clock=5)
DEBUG flower 2021-04-10 17:58:17,205 | numpy_client.py:260 | cached_clock: -1, curr_clock: 5
INFO flower 2021-04-10 17:58:21,481 | numpy_client.py:205 | Cache is fresh, return FitRes(clock=5)
DEBUG flower 2021-04-10 17:58:21,481 | app.py:66 | Waiting for message from server...
DEBUG flower 2021-04-10 17:58:21,502 | app.py:68 | Received server message. Handling...
DEBUG flower 2021-04-10 17:58:21,503 | numpy_client.py:172 | fit, FitIns(clock=6)
DEBUG flower 2021-04-10 17:58:21,503 | numpy_client.py:260 | cached_clock: -1, curr_clock: 6
INFO flower 2021-04-10 17:58:25,697 | numpy_client.py:205 | Cache is fresh, return FitRes(clock=6)
DEBUG flower 2021-04-10 17:58:25,697 | app.py:66 | Waiting for message from server...
DEBUG flower 2021-04-10 17:58:25,718 | app.py:68 | Received server message. Handling...
DEBUG flower 2021-04-10 17:58:25,718 | numpy_client.py:172 | fit, FitIns(clock=7)
DEBUG flower 2021-04-10 17:58:25,718 | numpy_client.py:260 | cached_clock: -1, curr_clock: 7
INFO flower 2021-04-10 17:58:29,878 | numpy_client.py:205 | Cache is fresh, return FitRes(clock=7)
DEBUG flower 2021-04-10 17:58:29,879 | app.py:66 | Waiting for message from server...
DEBUG flower 2021-04-10 17:58:29,912 | app.py:68 | Received server message. Handling...
DEBUG flower 2021-04-10 17:58:29,912 | numpy_client.py:172 | fit, FitIns(clock=8)
DEBUG flower 2021-04-10 17:58:29,912 | numpy_client.py:260 | cached_clock: -1, curr_clock: 8
INFO flower 2021-04-10 17:58:34,178 | numpy_client.py:205 | Cache is fresh, return FitRes(clock=8)
DEBUG flower 2021-04-10 17:58:34,178 | app.py:66 | Waiting for message from server...
DEBUG flower 2021-04-10 17:58:34,200 | app.py:68 | Received server message. Handling...
DEBUG flower 2021-04-10 17:58:34,201 | numpy_client.py:172 | fit, FitIns(clock=9)
DEBUG flower 2021-04-10 17:58:34,201 | numpy_client.py:260 | cached_clock: -1, curr_clock: 9
INFO flower 2021-04-10 17:58:38,195 | numpy_client.py:205 | Cache is fresh, return FitRes(clock=9)
DEBUG flower 2021-04-10 17:58:38,195 | app.py:66 | Waiting for message from server...
DEBUG flower 2021-04-10 17:58:38,215 | app.py:68 | Received server message. Handling...
DEBUG flower 2021-04-10 17:58:38,215 | numpy_client.py:172 | fit, FitIns(clock=10)
DEBUG flower 2021-04-10 17:58:38,216 | numpy_client.py:260 | cached_clock: -1, curr_clock: 10
INFO flower 2021-04-10 17:58:38,216 | numpy_client.py:184 | Cache is stale, return ReadIns
DEBUG flower 2021-04-10 17:58:38,216 | app.py:66 | Waiting for message from server...
DEBUG flower 2021-04-10 17:59:12,481 | app.py:68 | Received server message. Handling...
DEBUG flower 2021-04-10 17:59:12,482 | numpy_client.py:228 | read: ReadRes(clock=0)
DEBUG flower 2021-04-10 17:59:12,489 | numpy_client.py:172 | fit, FitIns(clock=10)
DEBUG flower 2021-04-10 17:59:12,489 | numpy_client.py:260 | cached_clock: 0, curr_clock: 10
INFO flower 2021-04-10 17:59:17,207 | numpy_client.py:205 | Cache is fresh, return FitRes(clock=10)
DEBUG flower 2021-04-10 17:59:17,208 | app.py:66 | Waiting for message from server...
DEBUG flower 2021-04-10 17:59:17,233 | app.py:68 | Received server message. Handling...
DEBUG flower 2021-04-10 17:59:17,233 | numpy_client.py:172 | fit, FitIns(clock=11)
DEBUG flower 2021-04-10 17:59:17,233 | numpy_client.py:260 | cached_clock: 0, curr_clock: 11
INFO flower 2021-04-10 17:59:17,233 | numpy_client.py:184 | Cache is stale, return ReadIns
DEBUG flower 2021-04-10 17:59:17,234 | app.py:66 | Waiting for message from server...
DEBUG flower 2021-04-10 18:00:43,727 | app.py:68 | Received server message. Handling...
DEBUG flower 2021-04-10 18:00:43,728 | numpy_client.py:228 | read: ReadRes(clock=1)
DEBUG flower 2021-04-10 18:00:43,780 | numpy_client.py:172 | fit, FitIns(clock=11)
DEBUG flower 2021-04-10 18:00:43,780 | numpy_client.py:260 | cached_clock: 1, curr_clock: 11
INFO flower 2021-04-10 18:00:48,199 | numpy_client.py:205 | Cache is fresh, return FitRes(clock=11)
DEBUG flower 2021-04-10 18:00:48,200 | app.py:66 | Waiting for message from server...
DEBUG flower 2021-04-10 18:00:48,222 | app.py:68 | Received server message. Handling...
DEBUG flower 2021-04-10 18:00:48,223 | numpy_client.py:172 | fit, FitIns(clock=12)
DEBUG flower 2021-04-10 18:00:48,223 | numpy_client.py:260 | cached_clock: 1, curr_clock: 12
INFO flower 2021-04-10 18:00:48,223 | numpy_client.py:184 | Cache is stale, return ReadIns
DEBUG flower 2021-04-10 18:00:48,223 | app.py:66 | Waiting for message from server...
DEBUG flower 2021-04-10 18:01:57,636 | app.py:68 | Received server message. Handling...
DEBUG flower 2021-04-10 18:01:57,637 | numpy_client.py:228 | read: ReadRes(clock=2)
DEBUG flower 2021-04-10 18:01:57,653 | numpy_client.py:172 | fit, FitIns(clock=12)
DEBUG flower 2021-04-10 18:01:57,653 | numpy_client.py:260 | cached_clock: 2, curr_clock: 12
INFO flower 2021-04-10 18:02:02,398 | numpy_client.py:205 | Cache is fresh, return FitRes(clock=12)
DEBUG flower 2021-04-10 18:02:02,399 | app.py:66 | Waiting for message from server...
DEBUG flower 2021-04-10 18:02:02,419 | app.py:68 | Received server message. Handling...
DEBUG flower 2021-04-10 18:02:02,420 | numpy_client.py:172 | fit, FitIns(clock=13)
DEBUG flower 2021-04-10 18:02:02,420 | numpy_client.py:260 | cached_clock: 2, curr_clock: 13
INFO flower 2021-04-10 18:02:02,420 | numpy_client.py:184 | Cache is stale, return ReadIns
DEBUG flower 2021-04-10 18:02:02,420 | app.py:66 | Waiting for message from server...
DEBUG flower 2021-04-10 18:02:52,627 | app.py:68 | Received server message. Handling...
DEBUG flower 2021-04-10 18:02:52,628 | numpy_client.py:228 | read: ReadRes(clock=3)
DEBUG flower 2021-04-10 18:02:52,636 | numpy_client.py:172 | fit, FitIns(clock=13)
DEBUG flower 2021-04-10 18:02:52,636 | numpy_client.py:260 | cached_clock: 3, curr_clock: 13
INFO flower 2021-04-10 18:02:57,175 | numpy_client.py:205 | Cache is fresh, return FitRes(clock=13)
DEBUG flower 2021-04-10 18:02:57,176 | app.py:66 | Waiting for message from server...
DEBUG flower 2021-04-10 18:02:57,199 | app.py:68 | Received server message. Handling...
DEBUG flower 2021-04-10 18:02:57,200 | numpy_client.py:172 | fit, FitIns(clock=14)
DEBUG flower 2021-04-10 18:02:57,200 | numpy_client.py:260 | cached_clock: 3, curr_clock: 14
INFO flower 2021-04-10 18:02:57,200 | numpy_client.py:184 | Cache is stale, return ReadIns
DEBUG flower 2021-04-10 18:02:57,200 | app.py:66 | Waiting for message from server...
DEBUG flower 2021-04-10 18:03:50,576 | app.py:68 | Received server message. Handling...
DEBUG flower 2021-04-10 18:03:50,577 | numpy_client.py:228 | read: ReadRes(clock=4)
DEBUG flower 2021-04-10 18:03:50,584 | numpy_client.py:172 | fit, FitIns(clock=14)
DEBUG flower 2021-04-10 18:03:50,585 | numpy_client.py:260 | cached_clock: 4, curr_clock: 14
INFO flower 2021-04-10 18:03:55,183 | numpy_client.py:205 | Cache is fresh, return FitRes(clock=14)
DEBUG flower 2021-04-10 18:03:55,183 | app.py:66 | Waiting for message from server...
DEBUG flower 2021-04-10 18:03:55,206 | app.py:68 | Received server message. Handling...
DEBUG flower 2021-04-10 18:03:55,206 | numpy_client.py:172 | fit, FitIns(clock=15)
DEBUG flower 2021-04-10 18:03:55,206 | numpy_client.py:260 | cached_clock: 4, curr_clock: 15
INFO flower 2021-04-10 18:03:55,207 | numpy_client.py:184 | Cache is stale, return ReadIns
DEBUG flower 2021-04-10 18:03:55,207 | app.py:66 | Waiting for message from server...
DEBUG flower 2021-04-10 18:04:48,216 | app.py:68 | Received server message. Handling...
DEBUG flower 2021-04-10 18:04:48,217 | numpy_client.py:228 | read: ReadRes(clock=5)
DEBUG flower 2021-04-10 18:04:48,224 | numpy_client.py:172 | fit, FitIns(clock=15)
DEBUG flower 2021-04-10 18:04:48,224 | numpy_client.py:260 | cached_clock: 5, curr_clock: 15
INFO flower 2021-04-10 18:04:52,785 | numpy_client.py:205 | Cache is fresh, return FitRes(clock=15)
DEBUG flower 2021-04-10 18:04:52,786 | app.py:66 | Waiting for message from server...
DEBUG flower 2021-04-10 18:04:52,806 | app.py:68 | Received server message. Handling...
DEBUG flower 2021-04-10 18:04:52,807 | numpy_client.py:172 | fit, FitIns(clock=16)
DEBUG flower 2021-04-10 18:04:52,807 | numpy_client.py:260 | cached_clock: 5, curr_clock: 16
INFO flower 2021-04-10 18:04:52,807 | numpy_client.py:184 | Cache is stale, return ReadIns
DEBUG flower 2021-04-10 18:04:52,807 | app.py:66 | Waiting for message from server...
DEBUG flower 2021-04-10 18:06:18,076 | app.py:68 | Received server message. Handling...
DEBUG flower 2021-04-10 18:06:18,076 | numpy_client.py:228 | read: ReadRes(clock=6)
DEBUG flower 2021-04-10 18:06:18,084 | numpy_client.py:172 | fit, FitIns(clock=16)
DEBUG flower 2021-04-10 18:06:18,084 | numpy_client.py:260 | cached_clock: 6, curr_clock: 16
INFO flower 2021-04-10 18:06:22,804 | numpy_client.py:205 | Cache is fresh, return FitRes(clock=16)
DEBUG flower 2021-04-10 18:06:22,804 | app.py:66 | Waiting for message from server...
DEBUG flower 2021-04-10 18:06:22,824 | app.py:68 | Received server message. Handling...
DEBUG flower 2021-04-10 18:06:22,824 | numpy_client.py:172 | fit, FitIns(clock=17)
DEBUG flower 2021-04-10 18:06:22,825 | numpy_client.py:260 | cached_clock: 6, curr_clock: 17
INFO flower 2021-04-10 18:06:22,825 | numpy_client.py:184 | Cache is stale, return ReadIns
DEBUG flower 2021-04-10 18:06:22,825 | app.py:66 | Waiting for message from server...
DEBUG flower 2021-04-10 18:07:47,689 | app.py:68 | Received server message. Handling...
DEBUG flower 2021-04-10 18:07:47,689 | numpy_client.py:228 | read: ReadRes(clock=7)
DEBUG flower 2021-04-10 18:07:47,697 | numpy_client.py:172 | fit, FitIns(clock=17)
DEBUG flower 2021-04-10 18:07:47,697 | numpy_client.py:260 | cached_clock: 7, curr_clock: 17
INFO flower 2021-04-10 18:07:52,610 | numpy_client.py:205 | Cache is fresh, return FitRes(clock=17)
DEBUG flower 2021-04-10 18:07:52,611 | app.py:66 | Waiting for message from server...
DEBUG flower 2021-04-10 18:07:52,632 | app.py:68 | Received server message. Handling...
DEBUG flower 2021-04-10 18:07:52,633 | numpy_client.py:172 | fit, FitIns(clock=18)
DEBUG flower 2021-04-10 18:07:52,633 | numpy_client.py:260 | cached_clock: 7, curr_clock: 18
INFO flower 2021-04-10 18:07:52,633 | numpy_client.py:184 | Cache is stale, return ReadIns
DEBUG flower 2021-04-10 18:07:52,634 | app.py:66 | Waiting for message from server...
DEBUG flower 2021-04-10 18:08:43,876 | app.py:68 | Received server message. Handling...
DEBUG flower 2021-04-10 18:08:43,877 | numpy_client.py:228 | read: ReadRes(clock=8)
DEBUG flower 2021-04-10 18:08:43,882 | numpy_client.py:172 | fit, FitIns(clock=18)
DEBUG flower 2021-04-10 18:08:43,882 | numpy_client.py:260 | cached_clock: 8, curr_clock: 18
INFO flower 2021-04-10 18:08:47,994 | numpy_client.py:205 | Cache is fresh, return FitRes(clock=18)
DEBUG flower 2021-04-10 18:08:47,994 | app.py:66 | Waiting for message from server...
DEBUG flower 2021-04-10 18:08:48,016 | app.py:68 | Received server message. Handling...
DEBUG flower 2021-04-10 18:08:48,016 | numpy_client.py:172 | fit, FitIns(clock=19)
DEBUG flower 2021-04-10 18:08:48,017 | numpy_client.py:260 | cached_clock: 8, curr_clock: 19
INFO flower 2021-04-10 18:08:48,017 | numpy_client.py:184 | Cache is stale, return ReadIns
DEBUG flower 2021-04-10 18:08:48,017 | app.py:66 | Waiting for message from server...
DEBUG flower 2021-04-10 18:09:48,976 | app.py:68 | Received server message. Handling...
DEBUG flower 2021-04-10 18:09:48,976 | numpy_client.py:228 | read: ReadRes(clock=9)
DEBUG flower 2021-04-10 18:09:48,984 | numpy_client.py:172 | fit, FitIns(clock=19)
DEBUG flower 2021-04-10 18:09:48,984 | numpy_client.py:260 | cached_clock: 9, curr_clock: 19
INFO flower 2021-04-10 18:09:53,380 | numpy_client.py:205 | Cache is fresh, return FitRes(clock=19)
DEBUG flower 2021-04-10 18:09:53,381 | app.py:66 | Waiting for message from server...
DEBUG flower 2021-04-10 18:09:53,403 | app.py:68 | Received server message. Handling...
DEBUG flower 2021-04-10 18:09:53,404 | numpy_client.py:172 | fit, FitIns(clock=20)
DEBUG flower 2021-04-10 18:09:53,404 | numpy_client.py:260 | cached_clock: 9, curr_clock: 20
INFO flower 2021-04-10 18:09:53,404 | numpy_client.py:184 | Cache is stale, return ReadIns
DEBUG flower 2021-04-10 18:09:53,404 | app.py:66 | Waiting for message from server...
DEBUG flower 2021-04-10 18:11:06,428 | app.py:68 | Received server message. Handling...
DEBUG flower 2021-04-10 18:11:06,428 | numpy_client.py:228 | read: ReadRes(clock=10)
DEBUG flower 2021-04-10 18:11:06,436 | numpy_client.py:172 | fit, FitIns(clock=20)
DEBUG flower 2021-04-10 18:11:06,436 | numpy_client.py:260 | cached_clock: 10, curr_clock: 20
INFO flower 2021-04-10 18:11:10,899 | numpy_client.py:205 | Cache is fresh, return FitRes(clock=20)
DEBUG flower 2021-04-10 18:11:10,900 | app.py:66 | Waiting for message from server...
DEBUG flower 2021-04-10 18:11:10,923 | app.py:68 | Received server message. Handling...
DEBUG flower 2021-04-10 18:11:10,923 | numpy_client.py:172 | fit, FitIns(clock=21)
DEBUG flower 2021-04-10 18:11:10,924 | numpy_client.py:260 | cached_clock: 10, curr_clock: 21
INFO flower 2021-04-10 18:11:10,924 | numpy_client.py:184 | Cache is stale, return ReadIns
DEBUG flower 2021-04-10 18:11:10,924 | app.py:66 | Waiting for message from server...
DEBUG flower 2021-04-10 18:12:28,582 | app.py:68 | Received server message. Handling...
DEBUG flower 2021-04-10 18:12:28,583 | numpy_client.py:228 | read: ReadRes(clock=11)
DEBUG flower 2021-04-10 18:12:28,590 | numpy_client.py:172 | fit, FitIns(clock=21)
DEBUG flower 2021-04-10 18:12:28,590 | numpy_client.py:260 | cached_clock: 11, curr_clock: 21
INFO flower 2021-04-10 18:12:32,916 | numpy_client.py:205 | Cache is fresh, return FitRes(clock=21)
DEBUG flower 2021-04-10 18:12:32,917 | app.py:66 | Waiting for message from server...
DEBUG flower 2021-04-10 18:12:32,976 | app.py:68 | Received server message. Handling...
DEBUG flower 2021-04-10 18:12:32,977 | numpy_client.py:172 | fit, FitIns(clock=22)
DEBUG flower 2021-04-10 18:12:32,977 | numpy_client.py:260 | cached_clock: 11, curr_clock: 22
INFO flower 2021-04-10 18:12:32,977 | numpy_client.py:184 | Cache is stale, return ReadIns
DEBUG flower 2021-04-10 18:12:32,977 | app.py:66 | Waiting for message from server...
DEBUG flower 2021-04-10 18:13:57,476 | app.py:68 | Received server message. Handling...
DEBUG flower 2021-04-10 18:13:57,477 | numpy_client.py:228 | read: ReadRes(clock=12)
DEBUG flower 2021-04-10 18:13:57,485 | numpy_client.py:172 | fit, FitIns(clock=22)
DEBUG flower 2021-04-10 18:13:57,485 | numpy_client.py:260 | cached_clock: 12, curr_clock: 22
INFO flower 2021-04-10 18:14:01,792 | numpy_client.py:205 | Cache is fresh, return FitRes(clock=22)
DEBUG flower 2021-04-10 18:14:01,792 | app.py:66 | Waiting for message from server...
DEBUG flower 2021-04-10 18:14:01,814 | app.py:68 | Received server message. Handling...
DEBUG flower 2021-04-10 18:14:01,814 | numpy_client.py:172 | fit, FitIns(clock=23)
DEBUG flower 2021-04-10 18:14:01,815 | numpy_client.py:260 | cached_clock: 12, curr_clock: 23
INFO flower 2021-04-10 18:14:01,815 | numpy_client.py:184 | Cache is stale, return ReadIns
DEBUG flower 2021-04-10 18:14:01,815 | app.py:66 | Waiting for message from server...
DEBUG flower 2021-04-10 18:15:19,176 | app.py:68 | Received server message. Handling...
DEBUG flower 2021-04-10 18:15:19,177 | numpy_client.py:228 | read: ReadRes(clock=13)
DEBUG flower 2021-04-10 18:15:19,184 | numpy_client.py:172 | fit, FitIns(clock=23)
DEBUG flower 2021-04-10 18:15:19,184 | numpy_client.py:260 | cached_clock: 13, curr_clock: 23
INFO flower 2021-04-10 18:15:23,878 | numpy_client.py:205 | Cache is fresh, return FitRes(clock=23)
DEBUG flower 2021-04-10 18:15:23,879 | app.py:66 | Waiting for message from server...
DEBUG flower 2021-04-10 18:15:23,899 | app.py:68 | Received server message. Handling...
DEBUG flower 2021-04-10 18:15:23,899 | numpy_client.py:172 | fit, FitIns(clock=24)
DEBUG flower 2021-04-10 18:15:23,900 | numpy_client.py:260 | cached_clock: 13, curr_clock: 24
INFO flower 2021-04-10 18:15:23,900 | numpy_client.py:184 | Cache is stale, return ReadIns
DEBUG flower 2021-04-10 18:15:23,900 | app.py:66 | Waiting for message from server...
DEBUG flower 2021-04-10 18:16:29,377 | app.py:68 | Received server message. Handling...
DEBUG flower 2021-04-10 18:16:29,378 | numpy_client.py:228 | read: ReadRes(clock=14)
DEBUG flower 2021-04-10 18:16:29,385 | numpy_client.py:172 | fit, FitIns(clock=24)
DEBUG flower 2021-04-10 18:16:29,386 | numpy_client.py:260 | cached_clock: 14, curr_clock: 24
INFO flower 2021-04-10 18:16:33,908 | numpy_client.py:205 | Cache is fresh, return FitRes(clock=24)
DEBUG flower 2021-04-10 18:16:33,909 | app.py:66 | Waiting for message from server...
DEBUG flower 2021-04-10 18:16:33,928 | app.py:68 | Received server message. Handling...
DEBUG flower 2021-04-10 18:16:33,929 | numpy_client.py:172 | fit, FitIns(clock=25)
DEBUG flower 2021-04-10 18:16:33,929 | numpy_client.py:260 | cached_clock: 14, curr_clock: 25
INFO flower 2021-04-10 18:16:33,929 | numpy_client.py:184 | Cache is stale, return ReadIns
DEBUG flower 2021-04-10 18:16:33,930 | app.py:66 | Waiting for message from server...
DEBUG flower 2021-04-10 18:17:26,505 | app.py:68 | Received server message. Handling...
DEBUG flower 2021-04-10 18:17:26,506 | numpy_client.py:228 | read: ReadRes(clock=15)
DEBUG flower 2021-04-10 18:17:26,514 | numpy_client.py:172 | fit, FitIns(clock=25)
DEBUG flower 2021-04-10 18:17:26,514 | numpy_client.py:260 | cached_clock: 15, curr_clock: 25
INFO flower 2021-04-10 18:17:30,909 | numpy_client.py:205 | Cache is fresh, return FitRes(clock=25)
DEBUG flower 2021-04-10 18:17:30,910 | app.py:66 | Waiting for message from server...
DEBUG flower 2021-04-10 18:17:30,932 | app.py:68 | Received server message. Handling...
DEBUG flower 2021-04-10 18:17:30,932 | numpy_client.py:172 | fit, FitIns(clock=26)
DEBUG flower 2021-04-10 18:17:30,932 | numpy_client.py:260 | cached_clock: 15, curr_clock: 26
INFO flower 2021-04-10 18:17:30,932 | numpy_client.py:184 | Cache is stale, return ReadIns
DEBUG flower 2021-04-10 18:17:30,933 | app.py:66 | Waiting for message from server...
DEBUG flower 2021-04-10 18:18:37,593 | app.py:68 | Received server message. Handling...
DEBUG flower 2021-04-10 18:18:37,593 | numpy_client.py:228 | read: ReadRes(clock=16)
DEBUG flower 2021-04-10 18:18:37,601 | numpy_client.py:172 | fit, FitIns(clock=26)
DEBUG flower 2021-04-10 18:18:37,601 | numpy_client.py:260 | cached_clock: 16, curr_clock: 26
INFO flower 2021-04-10 18:18:42,693 | numpy_client.py:205 | Cache is fresh, return FitRes(clock=26)
DEBUG flower 2021-04-10 18:18:42,694 | app.py:66 | Waiting for message from server...
DEBUG flower 2021-04-10 18:18:42,715 | app.py:68 | Received server message. Handling...
DEBUG flower 2021-04-10 18:18:42,715 | numpy_client.py:172 | fit, FitIns(clock=27)
DEBUG flower 2021-04-10 18:18:42,716 | numpy_client.py:260 | cached_clock: 16, curr_clock: 27
INFO flower 2021-04-10 18:18:42,716 | numpy_client.py:184 | Cache is stale, return ReadIns
DEBUG flower 2021-04-10 18:18:42,716 | app.py:66 | Waiting for message from server...
DEBUG flower 2021-04-10 18:19:29,975 | app.py:68 | Received server message. Handling...
DEBUG flower 2021-04-10 18:19:29,976 | numpy_client.py:228 | read: ReadRes(clock=17)
DEBUG flower 2021-04-10 18:19:29,987 | numpy_client.py:172 | fit, FitIns(clock=27)
DEBUG flower 2021-04-10 18:19:29,987 | numpy_client.py:260 | cached_clock: 17, curr_clock: 27
INFO flower 2021-04-10 18:19:34,796 | numpy_client.py:205 | Cache is fresh, return FitRes(clock=27)
DEBUG flower 2021-04-10 18:19:34,796 | app.py:66 | Waiting for message from server...
DEBUG flower 2021-04-10 18:19:34,817 | app.py:68 | Received server message. Handling...
DEBUG flower 2021-04-10 18:19:34,817 | numpy_client.py:172 | fit, FitIns(clock=28)
DEBUG flower 2021-04-10 18:19:34,818 | numpy_client.py:260 | cached_clock: 17, curr_clock: 28
INFO flower 2021-04-10 18:19:34,818 | numpy_client.py:184 | Cache is stale, return ReadIns
DEBUG flower 2021-04-10 18:19:34,818 | app.py:66 | Waiting for message from server...
DEBUG flower 2021-04-10 18:20:49,260 | app.py:68 | Received server message. Handling...
DEBUG flower 2021-04-10 18:20:49,261 | numpy_client.py:228 | read: ReadRes(clock=18)
DEBUG flower 2021-04-10 18:20:49,269 | numpy_client.py:172 | fit, FitIns(clock=28)
DEBUG flower 2021-04-10 18:20:49,269 | numpy_client.py:260 | cached_clock: 18, curr_clock: 28
INFO flower 2021-04-10 18:20:53,983 | numpy_client.py:205 | Cache is fresh, return FitRes(clock=28)
DEBUG flower 2021-04-10 18:20:53,984 | app.py:66 | Waiting for message from server...
DEBUG flower 2021-04-10 18:20:54,006 | app.py:68 | Received server message. Handling...
DEBUG flower 2021-04-10 18:20:54,007 | numpy_client.py:172 | fit, FitIns(clock=29)
DEBUG flower 2021-04-10 18:20:54,007 | numpy_client.py:260 | cached_clock: 18, curr_clock: 29
INFO flower 2021-04-10 18:20:54,007 | numpy_client.py:184 | Cache is stale, return ReadIns
DEBUG flower 2021-04-10 18:20:54,007 | app.py:66 | Waiting for message from server...
DEBUG flower 2021-04-10 18:22:06,675 | app.py:68 | Received server message. Handling...
DEBUG flower 2021-04-10 18:22:06,676 | numpy_client.py:228 | read: ReadRes(clock=19)
DEBUG flower 2021-04-10 18:22:06,683 | numpy_client.py:172 | fit, FitIns(clock=29)
DEBUG flower 2021-04-10 18:22:06,683 | numpy_client.py:260 | cached_clock: 19, curr_clock: 29
INFO flower 2021-04-10 18:22:11,500 | numpy_client.py:205 | Cache is fresh, return FitRes(clock=29)
DEBUG flower 2021-04-10 18:22:11,500 | app.py:66 | Waiting for message from server...
DEBUG flower 2021-04-10 18:22:11,518 | app.py:68 | Received server message. Handling...
DEBUG flower 2021-04-10 18:22:11,519 | numpy_client.py:172 | fit, FitIns(clock=30)
DEBUG flower 2021-04-10 18:22:11,519 | numpy_client.py:260 | cached_clock: 19, curr_clock: 30
INFO flower 2021-04-10 18:22:11,519 | numpy_client.py:184 | Cache is stale, return ReadIns
DEBUG flower 2021-04-10 18:22:11,520 | app.py:66 | Waiting for message from server...
DEBUG flower 2021-04-10 18:23:16,976 | app.py:68 | Received server message. Handling...
DEBUG flower 2021-04-10 18:23:16,976 | numpy_client.py:228 | read: ReadRes(clock=20)
DEBUG flower 2021-04-10 18:23:16,984 | numpy_client.py:172 | fit, FitIns(clock=30)
DEBUG flower 2021-04-10 18:23:16,984 | numpy_client.py:260 | cached_clock: 20, curr_clock: 30
INFO flower 2021-04-10 18:23:21,785 | numpy_client.py:205 | Cache is fresh, return FitRes(clock=30)
DEBUG flower 2021-04-10 18:23:21,785 | app.py:66 | Waiting for message from server...
DEBUG flower 2021-04-10 18:23:21,808 | app.py:68 | Received server message. Handling...
DEBUG flower 2021-04-10 18:23:21,809 | numpy_client.py:172 | fit, FitIns(clock=31)
DEBUG flower 2021-04-10 18:23:21,809 | numpy_client.py:260 | cached_clock: 20, curr_clock: 31
INFO flower 2021-04-10 18:23:21,809 | numpy_client.py:184 | Cache is stale, return ReadIns
DEBUG flower 2021-04-10 18:23:21,809 | app.py:66 | Waiting for message from server...
DEBUG flower 2021-04-10 18:24:45,994 | app.py:68 | Received server message. Handling...
DEBUG flower 2021-04-10 18:24:45,995 | numpy_client.py:228 | read: ReadRes(clock=21)
DEBUG flower 2021-04-10 18:24:46,003 | numpy_client.py:172 | fit, FitIns(clock=31)
DEBUG flower 2021-04-10 18:24:46,003 | numpy_client.py:260 | cached_clock: 21, curr_clock: 31
INFO flower 2021-04-10 18:24:50,709 | numpy_client.py:205 | Cache is fresh, return FitRes(clock=31)
DEBUG flower 2021-04-10 18:24:50,711 | app.py:66 | Waiting for message from server...
DEBUG flower 2021-04-10 18:24:50,732 | app.py:68 | Received server message. Handling...
DEBUG flower 2021-04-10 18:24:50,732 | numpy_client.py:172 | fit, FitIns(clock=32)
DEBUG flower 2021-04-10 18:24:50,732 | numpy_client.py:260 | cached_clock: 21, curr_clock: 32
INFO flower 2021-04-10 18:24:50,733 | numpy_client.py:184 | Cache is stale, return ReadIns
DEBUG flower 2021-04-10 18:24:50,733 | app.py:66 | Waiting for message from server...
DEBUG flower 2021-04-10 18:25:56,776 | app.py:68 | Received server message. Handling...
DEBUG flower 2021-04-10 18:25:56,778 | numpy_client.py:228 | read: ReadRes(clock=22)
DEBUG flower 2021-04-10 18:25:56,786 | numpy_client.py:172 | fit, FitIns(clock=32)
DEBUG flower 2021-04-10 18:25:56,786 | numpy_client.py:260 | cached_clock: 22, curr_clock: 32
INFO flower 2021-04-10 18:26:01,380 | numpy_client.py:205 | Cache is fresh, return FitRes(clock=32)
DEBUG flower 2021-04-10 18:26:01,381 | app.py:66 | Waiting for message from server...
DEBUG flower 2021-04-10 18:26:01,405 | app.py:68 | Received server message. Handling...
DEBUG flower 2021-04-10 18:26:01,406 | numpy_client.py:172 | fit, FitIns(clock=33)
DEBUG flower 2021-04-10 18:26:01,406 | numpy_client.py:260 | cached_clock: 22, curr_clock: 33
INFO flower 2021-04-10 18:26:01,406 | numpy_client.py:184 | Cache is stale, return ReadIns
DEBUG flower 2021-04-10 18:26:01,406 | app.py:66 | Waiting for message from server...
DEBUG flower 2021-04-10 18:27:16,238 | app.py:68 | Received server message. Handling...
DEBUG flower 2021-04-10 18:27:16,239 | numpy_client.py:228 | read: ReadRes(clock=23)
DEBUG flower 2021-04-10 18:27:16,246 | numpy_client.py:172 | fit, FitIns(clock=33)
DEBUG flower 2021-04-10 18:27:16,246 | numpy_client.py:260 | cached_clock: 23, curr_clock: 33
INFO flower 2021-04-10 18:27:20,785 | numpy_client.py:205 | Cache is fresh, return FitRes(clock=33)
DEBUG flower 2021-04-10 18:27:20,785 | app.py:66 | Waiting for message from server...
DEBUG flower 2021-04-10 18:27:20,807 | app.py:68 | Received server message. Handling...
DEBUG flower 2021-04-10 18:27:20,807 | numpy_client.py:172 | fit, FitIns(clock=34)
DEBUG flower 2021-04-10 18:27:20,807 | numpy_client.py:260 | cached_clock: 23, curr_clock: 34
INFO flower 2021-04-10 18:27:20,807 | numpy_client.py:184 | Cache is stale, return ReadIns
DEBUG flower 2021-04-10 18:27:20,807 | app.py:66 | Waiting for message from server...
DEBUG flower 2021-04-10 18:28:06,981 | app.py:68 | Received server message. Handling...
DEBUG flower 2021-04-10 18:28:06,982 | numpy_client.py:228 | read: ReadRes(clock=24)
DEBUG flower 2021-04-10 18:28:06,990 | numpy_client.py:172 | fit, FitIns(clock=34)
DEBUG flower 2021-04-10 18:28:06,990 | numpy_client.py:260 | cached_clock: 24, curr_clock: 34
INFO flower 2021-04-10 18:28:11,484 | numpy_client.py:205 | Cache is fresh, return FitRes(clock=34)
DEBUG flower 2021-04-10 18:28:11,485 | app.py:66 | Waiting for message from server...
DEBUG flower 2021-04-10 18:28:11,507 | app.py:68 | Received server message. Handling...
DEBUG flower 2021-04-10 18:28:11,507 | numpy_client.py:172 | fit, FitIns(clock=35)
DEBUG flower 2021-04-10 18:28:11,507 | numpy_client.py:260 | cached_clock: 24, curr_clock: 35
INFO flower 2021-04-10 18:28:11,507 | numpy_client.py:184 | Cache is stale, return ReadIns
DEBUG flower 2021-04-10 18:28:11,508 | app.py:66 | Waiting for message from server...
DEBUG flower 2021-04-10 18:29:36,875 | app.py:68 | Received server message. Handling...
DEBUG flower 2021-04-10 18:29:36,876 | numpy_client.py:228 | read: ReadRes(clock=25)
DEBUG flower 2021-04-10 18:29:36,884 | numpy_client.py:172 | fit, FitIns(clock=35)
DEBUG flower 2021-04-10 18:29:36,884 | numpy_client.py:260 | cached_clock: 25, curr_clock: 35
INFO flower 2021-04-10 18:29:41,197 | numpy_client.py:205 | Cache is fresh, return FitRes(clock=35)
DEBUG flower 2021-04-10 18:29:41,198 | app.py:66 | Waiting for message from server...
DEBUG flower 2021-04-10 18:29:41,222 | app.py:68 | Received server message. Handling...
DEBUG flower 2021-04-10 18:29:41,222 | numpy_client.py:172 | fit, FitIns(clock=36)
DEBUG flower 2021-04-10 18:29:41,222 | numpy_client.py:260 | cached_clock: 25, curr_clock: 36
INFO flower 2021-04-10 18:29:41,223 | numpy_client.py:184 | Cache is stale, return ReadIns
DEBUG flower 2021-04-10 18:29:41,223 | app.py:66 | Waiting for message from server...
DEBUG flower 2021-04-10 18:30:34,561 | app.py:68 | Received server message. Handling...
DEBUG flower 2021-04-10 18:30:34,562 | numpy_client.py:228 | read: ReadRes(clock=26)
DEBUG flower 2021-04-10 18:30:34,570 | numpy_client.py:172 | fit, FitIns(clock=36)
DEBUG flower 2021-04-10 18:30:34,570 | numpy_client.py:260 | cached_clock: 26, curr_clock: 36
INFO flower 2021-04-10 18:30:38,798 | numpy_client.py:205 | Cache is fresh, return FitRes(clock=36)
DEBUG flower 2021-04-10 18:30:38,799 | app.py:66 | Waiting for message from server...
DEBUG flower 2021-04-10 18:30:38,818 | app.py:68 | Received server message. Handling...
DEBUG flower 2021-04-10 18:30:38,819 | numpy_client.py:172 | fit, FitIns(clock=37)
DEBUG flower 2021-04-10 18:30:38,819 | numpy_client.py:260 | cached_clock: 26, curr_clock: 37
INFO flower 2021-04-10 18:30:38,819 | numpy_client.py:184 | Cache is stale, return ReadIns
DEBUG flower 2021-04-10 18:30:38,819 | app.py:66 | Waiting for message from server...
DEBUG flower 2021-04-10 18:31:49,360 | app.py:68 | Received server message. Handling...
DEBUG flower 2021-04-10 18:31:49,361 | numpy_client.py:228 | read: ReadRes(clock=27)
DEBUG flower 2021-04-10 18:31:49,369 | numpy_client.py:172 | fit, FitIns(clock=37)
DEBUG flower 2021-04-10 18:31:49,369 | numpy_client.py:260 | cached_clock: 27, curr_clock: 37
INFO flower 2021-04-10 18:31:53,694 | numpy_client.py:205 | Cache is fresh, return FitRes(clock=37)
DEBUG flower 2021-04-10 18:31:53,695 | app.py:66 | Waiting for message from server...
DEBUG flower 2021-04-10 18:31:53,715 | app.py:68 | Received server message. Handling...
DEBUG flower 2021-04-10 18:31:53,716 | numpy_client.py:172 | fit, FitIns(clock=38)
DEBUG flower 2021-04-10 18:31:53,716 | numpy_client.py:260 | cached_clock: 27, curr_clock: 38
INFO flower 2021-04-10 18:31:53,716 | numpy_client.py:184 | Cache is stale, return ReadIns
DEBUG flower 2021-04-10 18:31:53,716 | app.py:66 | Waiting for message from server...
DEBUG flower 2021-04-10 18:32:51,476 | app.py:68 | Received server message. Handling...
DEBUG flower 2021-04-10 18:32:51,477 | numpy_client.py:228 | read: ReadRes(clock=28)
DEBUG flower 2021-04-10 18:32:51,485 | numpy_client.py:172 | fit, FitIns(clock=38)
DEBUG flower 2021-04-10 18:32:51,485 | numpy_client.py:260 | cached_clock: 28, curr_clock: 38
INFO flower 2021-04-10 18:32:55,895 | numpy_client.py:205 | Cache is fresh, return FitRes(clock=38)
DEBUG flower 2021-04-10 18:32:55,895 | app.py:66 | Waiting for message from server...
DEBUG flower 2021-04-10 18:32:55,917 | app.py:68 | Received server message. Handling...
DEBUG flower 2021-04-10 18:32:55,917 | numpy_client.py:172 | fit, FitIns(clock=39)
DEBUG flower 2021-04-10 18:32:55,917 | numpy_client.py:260 | cached_clock: 28, curr_clock: 39
INFO flower 2021-04-10 18:32:55,917 | numpy_client.py:184 | Cache is stale, return ReadIns
DEBUG flower 2021-04-10 18:32:55,917 | app.py:66 | Waiting for message from server...
DEBUG flower 2021-04-10 18:34:21,596 | app.py:68 | Received server message. Handling...
DEBUG flower 2021-04-10 18:34:21,597 | numpy_client.py:228 | read: ReadRes(clock=29)
DEBUG flower 2021-04-10 18:34:21,604 | numpy_client.py:172 | fit, FitIns(clock=39)
DEBUG flower 2021-04-10 18:34:21,605 | numpy_client.py:260 | cached_clock: 29, curr_clock: 39
INFO flower 2021-04-10 18:34:25,905 | numpy_client.py:205 | Cache is fresh, return FitRes(clock=39)
DEBUG flower 2021-04-10 18:34:25,906 | app.py:66 | Waiting for message from server...
DEBUG flower 2021-04-10 18:34:25,928 | app.py:68 | Received server message. Handling...
DEBUG flower 2021-04-10 18:34:25,928 | numpy_client.py:172 | fit, FitIns(clock=40)
DEBUG flower 2021-04-10 18:34:25,929 | numpy_client.py:260 | cached_clock: 29, curr_clock: 40
INFO flower 2021-04-10 18:34:25,929 | numpy_client.py:184 | Cache is stale, return ReadIns
DEBUG flower 2021-04-10 18:34:25,929 | app.py:66 | Waiting for message from server...
DEBUG flower 2021-04-10 18:35:48,676 | app.py:68 | Received server message. Handling...
DEBUG flower 2021-04-10 18:35:48,677 | numpy_client.py:228 | read: ReadRes(clock=30)
DEBUG flower 2021-04-10 18:35:48,684 | numpy_client.py:172 | fit, FitIns(clock=40)
DEBUG flower 2021-04-10 18:35:48,684 | numpy_client.py:260 | cached_clock: 30, curr_clock: 40
INFO flower 2021-04-10 18:35:53,297 | numpy_client.py:205 | Cache is fresh, return FitRes(clock=40)
DEBUG flower 2021-04-10 18:35:53,298 | app.py:66 | Waiting for message from server...
DEBUG flower 2021-04-10 18:35:53,319 | app.py:68 | Received server message. Handling...
DEBUG flower 2021-04-10 18:35:53,320 | numpy_client.py:172 | fit, FitIns(clock=41)
DEBUG flower 2021-04-10 18:35:53,320 | numpy_client.py:260 | cached_clock: 30, curr_clock: 41
INFO flower 2021-04-10 18:35:53,320 | numpy_client.py:184 | Cache is stale, return ReadIns
DEBUG flower 2021-04-10 18:35:53,320 | app.py:66 | Waiting for message from server...
DEBUG flower 2021-04-10 18:36:57,375 | app.py:68 | Received server message. Handling...
DEBUG flower 2021-04-10 18:36:57,376 | numpy_client.py:228 | read: ReadRes(clock=31)
DEBUG flower 2021-04-10 18:36:57,384 | numpy_client.py:172 | fit, FitIns(clock=41)
DEBUG flower 2021-04-10 18:36:57,384 | numpy_client.py:260 | cached_clock: 31, curr_clock: 41
INFO flower 2021-04-10 18:37:01,804 | numpy_client.py:205 | Cache is fresh, return FitRes(clock=41)
DEBUG flower 2021-04-10 18:37:01,805 | app.py:66 | Waiting for message from server...
DEBUG flower 2021-04-10 18:37:01,827 | app.py:68 | Received server message. Handling...
DEBUG flower 2021-04-10 18:37:01,828 | numpy_client.py:172 | fit, FitIns(clock=42)
DEBUG flower 2021-04-10 18:37:01,828 | numpy_client.py:260 | cached_clock: 31, curr_clock: 42
INFO flower 2021-04-10 18:37:01,828 | numpy_client.py:184 | Cache is stale, return ReadIns
DEBUG flower 2021-04-10 18:37:01,828 | app.py:66 | Waiting for message from server...
DEBUG flower 2021-04-10 18:38:10,972 | app.py:68 | Received server message. Handling...
DEBUG flower 2021-04-10 18:38:10,973 | numpy_client.py:228 | read: ReadRes(clock=32)
DEBUG flower 2021-04-10 18:38:10,980 | numpy_client.py:172 | fit, FitIns(clock=42)
DEBUG flower 2021-04-10 18:38:10,980 | numpy_client.py:260 | cached_clock: 32, curr_clock: 42
INFO flower 2021-04-10 18:38:15,410 | numpy_client.py:205 | Cache is fresh, return FitRes(clock=42)
DEBUG flower 2021-04-10 18:38:15,411 | app.py:66 | Waiting for message from server...
DEBUG flower 2021-04-10 18:38:15,431 | app.py:68 | Received server message. Handling...
DEBUG flower 2021-04-10 18:38:15,432 | numpy_client.py:172 | fit, FitIns(clock=43)
DEBUG flower 2021-04-10 18:38:15,432 | numpy_client.py:260 | cached_clock: 32, curr_clock: 43
INFO flower 2021-04-10 18:38:15,432 | numpy_client.py:184 | Cache is stale, return ReadIns
DEBUG flower 2021-04-10 18:38:15,433 | app.py:66 | Waiting for message from server...
DEBUG flower 2021-04-10 18:39:31,763 | app.py:68 | Received server message. Handling...
DEBUG flower 2021-04-10 18:39:31,764 | numpy_client.py:228 | read: ReadRes(clock=33)
DEBUG flower 2021-04-10 18:39:31,780 | numpy_client.py:172 | fit, FitIns(clock=43)
DEBUG flower 2021-04-10 18:39:31,780 | numpy_client.py:260 | cached_clock: 33, curr_clock: 43
INFO flower 2021-04-10 18:39:36,287 | numpy_client.py:205 | Cache is fresh, return FitRes(clock=43)
DEBUG flower 2021-04-10 18:39:36,288 | app.py:66 | Waiting for message from server...
DEBUG flower 2021-04-10 18:39:36,306 | app.py:68 | Received server message. Handling...
DEBUG flower 2021-04-10 18:39:36,307 | numpy_client.py:172 | fit, FitIns(clock=44)
DEBUG flower 2021-04-10 18:39:36,307 | numpy_client.py:260 | cached_clock: 33, curr_clock: 44
INFO flower 2021-04-10 18:39:36,307 | numpy_client.py:184 | Cache is stale, return ReadIns
DEBUG flower 2021-04-10 18:39:36,308 | app.py:66 | Waiting for message from server...
DEBUG flower 2021-04-10 18:41:00,486 | app.py:68 | Received server message. Handling...
DEBUG flower 2021-04-10 18:41:00,487 | numpy_client.py:228 | read: ReadRes(clock=34)
DEBUG flower 2021-04-10 18:41:00,495 | numpy_client.py:172 | fit, FitIns(clock=44)
DEBUG flower 2021-04-10 18:41:00,495 | numpy_client.py:260 | cached_clock: 34, curr_clock: 44
INFO flower 2021-04-10 18:41:05,095 | numpy_client.py:205 | Cache is fresh, return FitRes(clock=44)
DEBUG flower 2021-04-10 18:41:05,096 | app.py:66 | Waiting for message from server...
DEBUG flower 2021-04-10 18:41:05,114 | app.py:68 | Received server message. Handling...
DEBUG flower 2021-04-10 18:41:05,114 | numpy_client.py:172 | fit, FitIns(clock=45)
DEBUG flower 2021-04-10 18:41:05,114 | numpy_client.py:260 | cached_clock: 34, curr_clock: 45
INFO flower 2021-04-10 18:41:05,114 | numpy_client.py:184 | Cache is stale, return ReadIns
DEBUG flower 2021-04-10 18:41:05,115 | app.py:66 | Waiting for message from server...
DEBUG flower 2021-04-10 18:42:21,276 | app.py:68 | Received server message. Handling...
DEBUG flower 2021-04-10 18:42:21,277 | numpy_client.py:228 | read: ReadRes(clock=35)
DEBUG flower 2021-04-10 18:42:21,284 | numpy_client.py:172 | fit, FitIns(clock=45)
DEBUG flower 2021-04-10 18:42:21,284 | numpy_client.py:260 | cached_clock: 35, curr_clock: 45
INFO flower 2021-04-10 18:42:25,707 | numpy_client.py:205 | Cache is fresh, return FitRes(clock=45)
DEBUG flower 2021-04-10 18:42:25,707 | app.py:66 | Waiting for message from server...
DEBUG flower 2021-04-10 18:42:25,730 | app.py:68 | Received server message. Handling...
DEBUG flower 2021-04-10 18:42:25,730 | numpy_client.py:172 | fit, FitIns(clock=46)
DEBUG flower 2021-04-10 18:42:25,730 | numpy_client.py:260 | cached_clock: 35, curr_clock: 46
INFO flower 2021-04-10 18:42:25,730 | numpy_client.py:184 | Cache is stale, return ReadIns
DEBUG flower 2021-04-10 18:42:25,731 | app.py:66 | Waiting for message from server...
DEBUG flower 2021-04-10 18:43:27,964 | app.py:68 | Received server message. Handling...
DEBUG flower 2021-04-10 18:43:27,965 | numpy_client.py:228 | read: ReadRes(clock=36)
DEBUG flower 2021-04-10 18:43:27,972 | numpy_client.py:172 | fit, FitIns(clock=46)
DEBUG flower 2021-04-10 18:43:27,972 | numpy_client.py:260 | cached_clock: 36, curr_clock: 46
INFO flower 2021-04-10 18:43:32,195 | numpy_client.py:205 | Cache is fresh, return FitRes(clock=46)
DEBUG flower 2021-04-10 18:43:32,196 | app.py:66 | Waiting for message from server...
DEBUG flower 2021-04-10 18:43:32,222 | app.py:68 | Received server message. Handling...
DEBUG flower 2021-04-10 18:43:32,223 | numpy_client.py:172 | fit, FitIns(clock=47)
DEBUG flower 2021-04-10 18:43:32,223 | numpy_client.py:260 | cached_clock: 36, curr_clock: 47
INFO flower 2021-04-10 18:43:32,223 | numpy_client.py:184 | Cache is stale, return ReadIns
DEBUG flower 2021-04-10 18:43:32,223 | app.py:66 | Waiting for message from server...
DEBUG flower 2021-04-10 18:44:54,946 | app.py:68 | Received server message. Handling...
DEBUG flower 2021-04-10 18:44:54,947 | numpy_client.py:228 | read: ReadRes(clock=37)
DEBUG flower 2021-04-10 18:44:54,979 | numpy_client.py:172 | fit, FitIns(clock=47)
DEBUG flower 2021-04-10 18:44:54,979 | numpy_client.py:260 | cached_clock: 37, curr_clock: 47
INFO flower 2021-04-10 18:44:59,409 | numpy_client.py:205 | Cache is fresh, return FitRes(clock=47)
DEBUG flower 2021-04-10 18:44:59,410 | app.py:66 | Waiting for message from server...
DEBUG flower 2021-04-10 18:44:59,430 | app.py:68 | Received server message. Handling...
DEBUG flower 2021-04-10 18:44:59,431 | numpy_client.py:172 | fit, FitIns(clock=48)
DEBUG flower 2021-04-10 18:44:59,431 | numpy_client.py:260 | cached_clock: 37, curr_clock: 48
INFO flower 2021-04-10 18:44:59,431 | numpy_client.py:184 | Cache is stale, return ReadIns
DEBUG flower 2021-04-10 18:44:59,431 | app.py:66 | Waiting for message from server...
DEBUG flower 2021-04-10 18:46:06,934 | app.py:68 | Received server message. Handling...
DEBUG flower 2021-04-10 18:46:06,935 | numpy_client.py:228 | read: ReadRes(clock=38)
DEBUG flower 2021-04-10 18:46:06,943 | numpy_client.py:172 | fit, FitIns(clock=48)
DEBUG flower 2021-04-10 18:46:06,943 | numpy_client.py:260 | cached_clock: 38, curr_clock: 48
INFO flower 2021-04-10 18:46:11,217 | numpy_client.py:205 | Cache is fresh, return FitRes(clock=48)
DEBUG flower 2021-04-10 18:46:11,218 | app.py:66 | Waiting for message from server...
DEBUG flower 2021-04-10 18:46:11,275 | app.py:68 | Received server message. Handling...
DEBUG flower 2021-04-10 18:46:11,275 | numpy_client.py:172 | fit, FitIns(clock=49)
DEBUG flower 2021-04-10 18:46:11,276 | numpy_client.py:260 | cached_clock: 38, curr_clock: 49
INFO flower 2021-04-10 18:46:11,276 | numpy_client.py:184 | Cache is stale, return ReadIns
DEBUG flower 2021-04-10 18:46:11,276 | app.py:66 | Waiting for message from server...
DEBUG flower 2021-04-10 18:47:17,078 | app.py:68 | Received server message. Handling...
DEBUG flower 2021-04-10 18:47:17,078 | numpy_client.py:228 | read: ReadRes(clock=39)
DEBUG flower 2021-04-10 18:47:17,086 | numpy_client.py:172 | fit, FitIns(clock=49)
DEBUG flower 2021-04-10 18:47:17,086 | numpy_client.py:260 | cached_clock: 39, curr_clock: 49
INFO flower 2021-04-10 18:47:21,890 | numpy_client.py:205 | Cache is fresh, return FitRes(clock=49)
DEBUG flower 2021-04-10 18:47:21,891 | numpy_client.py:217 | The client finishes computing after 2968 seconds
DEBUG flower 2021-04-10 18:47:21,891 | app.py:66 | Waiting for message from server...
DEBUG flower 2021-04-10 18:59:17,659 | app.py:68 | Received server message. Handling...
INFO flower 2021-04-10 18:59:28,315 | numpy_client.py:250 | [32;1m Loss: 61.819, Accuracy: 27.181%[0m
DEBUG flower 2021-04-10 18:59:28,316 | app.py:66 | Waiting for message from server...
DEBUG flower 2021-04-10 18:59:29,032 | app.py:68 | Received server message. Handling...
DEBUG flower 2021-04-10 18:59:29,048 | connection.py:68 | Insecure gRPC channel closed
INFO flower 2021-04-10 18:59:29,048 | app.py:76 | Disconnect and shut down
Namespace(idx=25, max_delay=0, min_delay=0, num_clients=31, server_ip='10.244.50.51:8080', staleness_bound=10)
I'm client 25
Files already downloaded and verified
Files already downloaded and verified
[32;1mClient 25: 2670 train samples, 493 test samples[0m
loss=191.80458855628967, acc=0.16889880952380953
loss=184.50418424606323, acc=0.33110119047619047
loss=164.40117967128754, acc=0.33110119047619047
loss=131.28077268600464, acc=0.3318452380952381
loss=112.23844480514526, acc=0.3984375
loss=103.99435204267502, acc=0.4654017857142857
loss=99.80755656957626, acc=0.4962797619047619
loss=96.11800438165665, acc=0.5148809523809523
loss=92.04792189598083, acc=0.5554315476190477
loss=88.87093377113342, acc=0.5691964285714286
loss=193.81946849822998, acc=0.18526785714285715
loss=187.8759162425995, acc=0.32254464285714285
loss=201.8402237892151, acc=0.03162202380952381
loss=209.93371605873108, acc=0.11421130952380952
loss=213.70499527454376, acc=0.12834821428571427
loss=212.22240567207336, acc=0.12313988095238096
loss=209.505420088768, acc=0.12723214285714285
loss=149.21445977687836, acc=0.3854166666666667
loss=187.0600311756134, acc=0.33705357142857145
loss=224.56034588813782, acc=0.023809523809523808
loss=222.54422616958618, acc=0.12388392857142858
loss=192.84946048259735, acc=0.24441964285714285
loss=214.96581077575684, acc=0.12909226190476192
loss=156.75086677074432, acc=0.32626488095238093
loss=189.96842324733734, acc=0.31398809523809523
loss=168.12371015548706, acc=0.39099702380952384
loss=166.39959859848022, acc=0.39992559523809523
loss=155.69866490364075, acc=0.34412202380952384
loss=199.88323259353638, acc=0.2622767857142857
loss=199.0661699771881, acc=0.25148809523809523
loss=166.37375450134277, acc=0.39732142857142855
loss=212.84790980815887, acc=0.16145833333333334
loss=153.23684978485107, acc=0.37686011904761907
loss=223.50076174736023, acc=0.13095238095238096
loss=151.19091498851776, acc=0.39285714285714285
loss=149.06588035821915, acc=0.43712797619047616
loss=89.90468156337738, acc=0.6625744047619048
loss=150.53731656074524, acc=0.40736607142857145
loss=223.86911058425903, acc=0.12425595238095238
loss=127.2179828286171, acc=0.5528273809523809
loss=224.83357000350952, acc=0.06101190476190476
loss=148.78636026382446, acc=0.45163690476190477
loss=128.08177548646927, acc=0.5476190476190477
loss=126.6436579823494, acc=0.44754464285714285
loss=105.38943856954575, acc=0.5290178571428571
loss=184.94965171813965, acc=0.3169642857142857
loss=103.49183422327042, acc=0.5286458333333334
loss=182.49408423900604, acc=0.3359375
loss=197.68226087093353, acc=0.21316964285714285
loss=195.80216026306152, acc=0.21726190476190477
Files already downloaded and verified
Files already downloaded and verified
Testing on full test set: 313, 1645.3218677043915, 0.1967
Testing on partial test set: 16, 61.81927180290222, 0.2718052738336714
