DEBUG flower 2021-04-10 17:57:40,833 | client.py:85 | Start SSP client without delay
DEBUG flower 2021-04-10 17:57:43,448 | connection.py:36 | ChannelConnectivity.IDLE
DEBUG flower 2021-04-10 17:57:43,502 | connection.py:36 | ChannelConnectivity.READY
INFO flower 2021-04-10 17:57:43,502 | app.py:63 | Opened (insecure) gRPC connection
DEBUG flower 2021-04-10 17:57:43,502 | app.py:66 | Waiting for message from server...
DEBUG flower 2021-04-10 17:57:53,262 | app.py:68 | Received server message. Handling...
DEBUG flower 2021-04-10 17:57:53,262 | numpy_client.py:172 | fit, FitIns(clock=0)
INFO flower 2021-04-10 17:57:53,263 | numpy_client.py:184 | Cache is stale, return ReadIns
DEBUG flower 2021-04-10 17:57:53,263 | app.py:66 | Waiting for message from server...
DEBUG flower 2021-04-10 17:57:53,469 | app.py:68 | Received server message. Handling...
DEBUG flower 2021-04-10 17:57:53,470 | numpy_client.py:228 | read: ReadRes(clock=-1)
DEBUG flower 2021-04-10 17:57:53,488 | numpy_client.py:172 | fit, FitIns(clock=0)
DEBUG flower 2021-04-10 17:57:53,488 | numpy_client.py:260 | cached_clock: -1, curr_clock: 0
DEBUG flower 2021-04-10 17:57:54,314 | model_wrapper.py:21 | Load existing initial model
INFO flower 2021-04-10 17:57:54,317 | numpy_client.py:205 | Cache is fresh, return FitRes(clock=0)
DEBUG flower 2021-04-10 17:57:54,317 | app.py:66 | Waiting for message from server...
DEBUG flower 2021-04-10 17:57:54,338 | app.py:68 | Received server message. Handling...
DEBUG flower 2021-04-10 17:57:54,338 | numpy_client.py:172 | fit, FitIns(clock=1)
DEBUG flower 2021-04-10 17:57:54,339 | numpy_client.py:260 | cached_clock: -1, curr_clock: 1
INFO flower 2021-04-10 17:57:55,119 | numpy_client.py:205 | Cache is fresh, return FitRes(clock=1)
DEBUG flower 2021-04-10 17:57:55,119 | app.py:66 | Waiting for message from server...
DEBUG flower 2021-04-10 17:57:55,141 | app.py:68 | Received server message. Handling...
DEBUG flower 2021-04-10 17:57:55,141 | numpy_client.py:172 | fit, FitIns(clock=2)
DEBUG flower 2021-04-10 17:57:55,141 | numpy_client.py:260 | cached_clock: -1, curr_clock: 2
INFO flower 2021-04-10 17:57:56,008 | numpy_client.py:205 | Cache is fresh, return FitRes(clock=2)
DEBUG flower 2021-04-10 17:57:56,008 | app.py:66 | Waiting for message from server...
DEBUG flower 2021-04-10 17:57:56,030 | app.py:68 | Received server message. Handling...
DEBUG flower 2021-04-10 17:57:56,030 | numpy_client.py:172 | fit, FitIns(clock=3)
DEBUG flower 2021-04-10 17:57:56,031 | numpy_client.py:260 | cached_clock: -1, curr_clock: 3
INFO flower 2021-04-10 17:57:56,828 | numpy_client.py:205 | Cache is fresh, return FitRes(clock=3)
DEBUG flower 2021-04-10 17:57:56,828 | app.py:66 | Waiting for message from server...
DEBUG flower 2021-04-10 17:57:56,848 | app.py:68 | Received server message. Handling...
DEBUG flower 2021-04-10 17:57:56,848 | numpy_client.py:172 | fit, FitIns(clock=4)
DEBUG flower 2021-04-10 17:57:56,848 | numpy_client.py:260 | cached_clock: -1, curr_clock: 4
INFO flower 2021-04-10 17:57:57,708 | numpy_client.py:205 | Cache is fresh, return FitRes(clock=4)
DEBUG flower 2021-04-10 17:57:57,709 | app.py:66 | Waiting for message from server...
DEBUG flower 2021-04-10 17:57:57,730 | app.py:68 | Received server message. Handling...
DEBUG flower 2021-04-10 17:57:57,731 | numpy_client.py:172 | fit, FitIns(clock=5)
DEBUG flower 2021-04-10 17:57:57,731 | numpy_client.py:260 | cached_clock: -1, curr_clock: 5
INFO flower 2021-04-10 17:57:58,528 | numpy_client.py:205 | Cache is fresh, return FitRes(clock=5)
DEBUG flower 2021-04-10 17:57:58,529 | app.py:66 | Waiting for message from server...
DEBUG flower 2021-04-10 17:57:58,545 | app.py:68 | Received server message. Handling...
DEBUG flower 2021-04-10 17:57:58,545 | numpy_client.py:172 | fit, FitIns(clock=6)
DEBUG flower 2021-04-10 17:57:58,545 | numpy_client.py:260 | cached_clock: -1, curr_clock: 6
INFO flower 2021-04-10 17:57:59,349 | numpy_client.py:205 | Cache is fresh, return FitRes(clock=6)
DEBUG flower 2021-04-10 17:57:59,401 | app.py:66 | Waiting for message from server...
DEBUG flower 2021-04-10 17:57:59,422 | app.py:68 | Received server message. Handling...
DEBUG flower 2021-04-10 17:57:59,423 | numpy_client.py:172 | fit, FitIns(clock=7)
DEBUG flower 2021-04-10 17:57:59,423 | numpy_client.py:260 | cached_clock: -1, curr_clock: 7
INFO flower 2021-04-10 17:58:00,207 | numpy_client.py:205 | Cache is fresh, return FitRes(clock=7)
DEBUG flower 2021-04-10 17:58:00,207 | app.py:66 | Waiting for message from server...
DEBUG flower 2021-04-10 17:58:00,228 | app.py:68 | Received server message. Handling...
DEBUG flower 2021-04-10 17:58:00,228 | numpy_client.py:172 | fit, FitIns(clock=8)
DEBUG flower 2021-04-10 17:58:00,229 | numpy_client.py:260 | cached_clock: -1, curr_clock: 8
INFO flower 2021-04-10 17:58:01,026 | numpy_client.py:205 | Cache is fresh, return FitRes(clock=8)
DEBUG flower 2021-04-10 17:58:01,026 | app.py:66 | Waiting for message from server...
DEBUG flower 2021-04-10 17:58:01,044 | app.py:68 | Received server message. Handling...
DEBUG flower 2021-04-10 17:58:01,045 | numpy_client.py:172 | fit, FitIns(clock=9)
DEBUG flower 2021-04-10 17:58:01,045 | numpy_client.py:260 | cached_clock: -1, curr_clock: 9
INFO flower 2021-04-10 17:58:01,929 | numpy_client.py:205 | Cache is fresh, return FitRes(clock=9)
DEBUG flower 2021-04-10 17:58:01,930 | app.py:66 | Waiting for message from server...
DEBUG flower 2021-04-10 17:58:01,950 | app.py:68 | Received server message. Handling...
DEBUG flower 2021-04-10 17:58:01,951 | numpy_client.py:172 | fit, FitIns(clock=10)
DEBUG flower 2021-04-10 17:58:01,951 | numpy_client.py:260 | cached_clock: -1, curr_clock: 10
INFO flower 2021-04-10 17:58:01,951 | numpy_client.py:184 | Cache is stale, return ReadIns
DEBUG flower 2021-04-10 17:58:01,951 | app.py:66 | Waiting for message from server...
DEBUG flower 2021-04-10 17:59:12,507 | app.py:68 | Received server message. Handling...
DEBUG flower 2021-04-10 17:59:12,508 | numpy_client.py:228 | read: ReadRes(clock=0)
DEBUG flower 2021-04-10 17:59:12,515 | numpy_client.py:172 | fit, FitIns(clock=10)
DEBUG flower 2021-04-10 17:59:12,515 | numpy_client.py:260 | cached_clock: 0, curr_clock: 10
INFO flower 2021-04-10 17:59:13,348 | numpy_client.py:205 | Cache is fresh, return FitRes(clock=10)
DEBUG flower 2021-04-10 17:59:13,349 | app.py:66 | Waiting for message from server...
DEBUG flower 2021-04-10 17:59:13,422 | app.py:68 | Received server message. Handling...
DEBUG flower 2021-04-10 17:59:13,422 | numpy_client.py:172 | fit, FitIns(clock=11)
DEBUG flower 2021-04-10 17:59:13,422 | numpy_client.py:260 | cached_clock: 0, curr_clock: 11
INFO flower 2021-04-10 17:59:13,422 | numpy_client.py:184 | Cache is stale, return ReadIns
DEBUG flower 2021-04-10 17:59:13,422 | app.py:66 | Waiting for message from server...
DEBUG flower 2021-04-10 18:00:43,711 | app.py:68 | Received server message. Handling...
DEBUG flower 2021-04-10 18:00:43,712 | numpy_client.py:228 | read: ReadRes(clock=1)
DEBUG flower 2021-04-10 18:00:43,719 | numpy_client.py:172 | fit, FitIns(clock=11)
DEBUG flower 2021-04-10 18:00:43,719 | numpy_client.py:260 | cached_clock: 1, curr_clock: 11
INFO flower 2021-04-10 18:00:44,607 | numpy_client.py:205 | Cache is fresh, return FitRes(clock=11)
DEBUG flower 2021-04-10 18:00:44,607 | app.py:66 | Waiting for message from server...
DEBUG flower 2021-04-10 18:00:44,626 | app.py:68 | Received server message. Handling...
DEBUG flower 2021-04-10 18:00:44,626 | numpy_client.py:172 | fit, FitIns(clock=12)
DEBUG flower 2021-04-10 18:00:44,626 | numpy_client.py:260 | cached_clock: 1, curr_clock: 12
INFO flower 2021-04-10 18:00:44,626 | numpy_client.py:184 | Cache is stale, return ReadIns
DEBUG flower 2021-04-10 18:00:44,627 | app.py:66 | Waiting for message from server...
DEBUG flower 2021-04-10 18:01:57,802 | app.py:68 | Received server message. Handling...
DEBUG flower 2021-04-10 18:01:57,803 | numpy_client.py:228 | read: ReadRes(clock=2)
DEBUG flower 2021-04-10 18:01:57,809 | numpy_client.py:172 | fit, FitIns(clock=12)
DEBUG flower 2021-04-10 18:01:57,810 | numpy_client.py:260 | cached_clock: 2, curr_clock: 12
INFO flower 2021-04-10 18:01:58,540 | numpy_client.py:205 | Cache is fresh, return FitRes(clock=12)
DEBUG flower 2021-04-10 18:01:58,541 | app.py:66 | Waiting for message from server...
DEBUG flower 2021-04-10 18:01:58,561 | app.py:68 | Received server message. Handling...
DEBUG flower 2021-04-10 18:01:58,561 | numpy_client.py:172 | fit, FitIns(clock=13)
DEBUG flower 2021-04-10 18:01:58,562 | numpy_client.py:260 | cached_clock: 2, curr_clock: 13
INFO flower 2021-04-10 18:01:58,562 | numpy_client.py:184 | Cache is stale, return ReadIns
DEBUG flower 2021-04-10 18:01:58,562 | app.py:66 | Waiting for message from server...
DEBUG flower 2021-04-10 18:02:52,507 | app.py:68 | Received server message. Handling...
DEBUG flower 2021-04-10 18:02:52,508 | numpy_client.py:228 | read: ReadRes(clock=3)
DEBUG flower 2021-04-10 18:02:52,515 | numpy_client.py:172 | fit, FitIns(clock=13)
DEBUG flower 2021-04-10 18:02:52,515 | numpy_client.py:260 | cached_clock: 3, curr_clock: 13
INFO flower 2021-04-10 18:02:53,526 | numpy_client.py:205 | Cache is fresh, return FitRes(clock=13)
DEBUG flower 2021-04-10 18:02:53,527 | app.py:66 | Waiting for message from server...
DEBUG flower 2021-04-10 18:02:53,549 | app.py:68 | Received server message. Handling...
DEBUG flower 2021-04-10 18:02:53,550 | numpy_client.py:172 | fit, FitIns(clock=14)
DEBUG flower 2021-04-10 18:02:53,550 | numpy_client.py:260 | cached_clock: 3, curr_clock: 14
INFO flower 2021-04-10 18:02:53,550 | numpy_client.py:184 | Cache is stale, return ReadIns
DEBUG flower 2021-04-10 18:02:53,551 | app.py:66 | Waiting for message from server...
DEBUG flower 2021-04-10 18:03:50,603 | app.py:68 | Received server message. Handling...
DEBUG flower 2021-04-10 18:03:50,604 | numpy_client.py:228 | read: ReadRes(clock=4)
DEBUG flower 2021-04-10 18:03:50,615 | numpy_client.py:172 | fit, FitIns(clock=14)
DEBUG flower 2021-04-10 18:03:50,615 | numpy_client.py:260 | cached_clock: 4, curr_clock: 14
INFO flower 2021-04-10 18:03:51,513 | numpy_client.py:205 | Cache is fresh, return FitRes(clock=14)
DEBUG flower 2021-04-10 18:03:51,514 | app.py:66 | Waiting for message from server...
DEBUG flower 2021-04-10 18:03:51,533 | app.py:68 | Received server message. Handling...
DEBUG flower 2021-04-10 18:03:51,534 | numpy_client.py:172 | fit, FitIns(clock=15)
DEBUG flower 2021-04-10 18:03:51,534 | numpy_client.py:260 | cached_clock: 4, curr_clock: 15
INFO flower 2021-04-10 18:03:51,534 | numpy_client.py:184 | Cache is stale, return ReadIns
DEBUG flower 2021-04-10 18:03:51,535 | app.py:66 | Waiting for message from server...
DEBUG flower 2021-04-10 18:04:48,336 | app.py:68 | Received server message. Handling...
DEBUG flower 2021-04-10 18:04:48,337 | numpy_client.py:228 | read: ReadRes(clock=5)
DEBUG flower 2021-04-10 18:04:48,408 | numpy_client.py:172 | fit, FitIns(clock=15)
DEBUG flower 2021-04-10 18:04:48,408 | numpy_client.py:260 | cached_clock: 5, curr_clock: 15
INFO flower 2021-04-10 18:04:49,234 | numpy_client.py:205 | Cache is fresh, return FitRes(clock=15)
DEBUG flower 2021-04-10 18:04:49,235 | app.py:66 | Waiting for message from server...
DEBUG flower 2021-04-10 18:04:49,253 | app.py:68 | Received server message. Handling...
DEBUG flower 2021-04-10 18:04:49,254 | numpy_client.py:172 | fit, FitIns(clock=16)
DEBUG flower 2021-04-10 18:04:49,254 | numpy_client.py:260 | cached_clock: 5, curr_clock: 16
INFO flower 2021-04-10 18:04:49,254 | numpy_client.py:184 | Cache is stale, return ReadIns
DEBUG flower 2021-04-10 18:04:49,255 | app.py:66 | Waiting for message from server...
DEBUG flower 2021-04-10 18:06:18,103 | app.py:68 | Received server message. Handling...
DEBUG flower 2021-04-10 18:06:18,104 | numpy_client.py:228 | read: ReadRes(clock=6)
DEBUG flower 2021-04-10 18:06:18,115 | numpy_client.py:172 | fit, FitIns(clock=16)
DEBUG flower 2021-04-10 18:06:18,115 | numpy_client.py:260 | cached_clock: 6, curr_clock: 16
INFO flower 2021-04-10 18:06:18,920 | numpy_client.py:205 | Cache is fresh, return FitRes(clock=16)
DEBUG flower 2021-04-10 18:06:18,920 | app.py:66 | Waiting for message from server...
DEBUG flower 2021-04-10 18:06:18,941 | app.py:68 | Received server message. Handling...
DEBUG flower 2021-04-10 18:06:18,941 | numpy_client.py:172 | fit, FitIns(clock=17)
DEBUG flower 2021-04-10 18:06:18,941 | numpy_client.py:260 | cached_clock: 6, curr_clock: 17
INFO flower 2021-04-10 18:06:18,941 | numpy_client.py:184 | Cache is stale, return ReadIns
DEBUG flower 2021-04-10 18:06:18,942 | app.py:66 | Waiting for message from server...
DEBUG flower 2021-04-10 18:07:47,593 | app.py:68 | Received server message. Handling...
DEBUG flower 2021-04-10 18:07:47,594 | numpy_client.py:228 | read: ReadRes(clock=7)
DEBUG flower 2021-04-10 18:07:47,601 | numpy_client.py:172 | fit, FitIns(clock=17)
DEBUG flower 2021-04-10 18:07:47,601 | numpy_client.py:260 | cached_clock: 7, curr_clock: 17
INFO flower 2021-04-10 18:07:48,401 | numpy_client.py:205 | Cache is fresh, return FitRes(clock=17)
DEBUG flower 2021-04-10 18:07:48,402 | app.py:66 | Waiting for message from server...
DEBUG flower 2021-04-10 18:07:48,423 | app.py:68 | Received server message. Handling...
DEBUG flower 2021-04-10 18:07:48,423 | numpy_client.py:172 | fit, FitIns(clock=18)
DEBUG flower 2021-04-10 18:07:48,423 | numpy_client.py:260 | cached_clock: 7, curr_clock: 18
INFO flower 2021-04-10 18:07:48,423 | numpy_client.py:184 | Cache is stale, return ReadIns
DEBUG flower 2021-04-10 18:07:48,424 | app.py:66 | Waiting for message from server...
DEBUG flower 2021-04-10 18:08:43,841 | app.py:68 | Received server message. Handling...
DEBUG flower 2021-04-10 18:08:43,841 | numpy_client.py:228 | read: ReadRes(clock=8)
DEBUG flower 2021-04-10 18:08:43,848 | numpy_client.py:172 | fit, FitIns(clock=18)
DEBUG flower 2021-04-10 18:08:43,848 | numpy_client.py:260 | cached_clock: 8, curr_clock: 18
INFO flower 2021-04-10 18:08:44,638 | numpy_client.py:205 | Cache is fresh, return FitRes(clock=18)
DEBUG flower 2021-04-10 18:08:44,638 | app.py:66 | Waiting for message from server...
DEBUG flower 2021-04-10 18:08:44,662 | app.py:68 | Received server message. Handling...
DEBUG flower 2021-04-10 18:08:44,663 | numpy_client.py:172 | fit, FitIns(clock=19)
DEBUG flower 2021-04-10 18:08:44,663 | numpy_client.py:260 | cached_clock: 8, curr_clock: 19
INFO flower 2021-04-10 18:08:44,663 | numpy_client.py:184 | Cache is stale, return ReadIns
DEBUG flower 2021-04-10 18:08:44,663 | app.py:66 | Waiting for message from server...
DEBUG flower 2021-04-10 18:09:49,002 | app.py:68 | Received server message. Handling...
DEBUG flower 2021-04-10 18:09:49,003 | numpy_client.py:228 | read: ReadRes(clock=9)
DEBUG flower 2021-04-10 18:09:49,010 | numpy_client.py:172 | fit, FitIns(clock=19)
DEBUG flower 2021-04-10 18:09:49,010 | numpy_client.py:260 | cached_clock: 9, curr_clock: 19
INFO flower 2021-04-10 18:09:49,809 | numpy_client.py:205 | Cache is fresh, return FitRes(clock=19)
DEBUG flower 2021-04-10 18:09:49,809 | app.py:66 | Waiting for message from server...
DEBUG flower 2021-04-10 18:09:49,828 | app.py:68 | Received server message. Handling...
DEBUG flower 2021-04-10 18:09:49,829 | numpy_client.py:172 | fit, FitIns(clock=20)
DEBUG flower 2021-04-10 18:09:49,829 | numpy_client.py:260 | cached_clock: 9, curr_clock: 20
INFO flower 2021-04-10 18:09:49,829 | numpy_client.py:184 | Cache is stale, return ReadIns
DEBUG flower 2021-04-10 18:09:49,829 | app.py:66 | Waiting for message from server...
DEBUG flower 2021-04-10 18:11:06,353 | app.py:68 | Received server message. Handling...
DEBUG flower 2021-04-10 18:11:06,353 | numpy_client.py:228 | read: ReadRes(clock=10)
DEBUG flower 2021-04-10 18:11:06,360 | numpy_client.py:172 | fit, FitIns(clock=20)
DEBUG flower 2021-04-10 18:11:06,360 | numpy_client.py:260 | cached_clock: 10, curr_clock: 20
INFO flower 2021-04-10 18:11:07,252 | numpy_client.py:205 | Cache is fresh, return FitRes(clock=20)
DEBUG flower 2021-04-10 18:11:07,253 | app.py:66 | Waiting for message from server...
DEBUG flower 2021-04-10 18:11:07,323 | app.py:68 | Received server message. Handling...
DEBUG flower 2021-04-10 18:11:07,323 | numpy_client.py:172 | fit, FitIns(clock=21)
DEBUG flower 2021-04-10 18:11:07,324 | numpy_client.py:260 | cached_clock: 10, curr_clock: 21
INFO flower 2021-04-10 18:11:07,324 | numpy_client.py:184 | Cache is stale, return ReadIns
DEBUG flower 2021-04-10 18:11:07,324 | app.py:66 | Waiting for message from server...
DEBUG flower 2021-04-10 18:12:28,467 | app.py:68 | Received server message. Handling...
DEBUG flower 2021-04-10 18:12:28,468 | numpy_client.py:228 | read: ReadRes(clock=11)
DEBUG flower 2021-04-10 18:12:28,476 | numpy_client.py:172 | fit, FitIns(clock=21)
DEBUG flower 2021-04-10 18:12:28,476 | numpy_client.py:260 | cached_clock: 11, curr_clock: 21
INFO flower 2021-04-10 18:12:29,428 | numpy_client.py:205 | Cache is fresh, return FitRes(clock=21)
DEBUG flower 2021-04-10 18:12:29,428 | app.py:66 | Waiting for message from server...
DEBUG flower 2021-04-10 18:12:29,451 | app.py:68 | Received server message. Handling...
DEBUG flower 2021-04-10 18:12:29,452 | numpy_client.py:172 | fit, FitIns(clock=22)
DEBUG flower 2021-04-10 18:12:29,452 | numpy_client.py:260 | cached_clock: 11, curr_clock: 22
INFO flower 2021-04-10 18:12:29,452 | numpy_client.py:184 | Cache is stale, return ReadIns
DEBUG flower 2021-04-10 18:12:29,452 | app.py:66 | Waiting for message from server...
DEBUG flower 2021-04-10 18:13:57,306 | app.py:68 | Received server message. Handling...
DEBUG flower 2021-04-10 18:13:57,306 | numpy_client.py:228 | read: ReadRes(clock=12)
DEBUG flower 2021-04-10 18:13:57,314 | numpy_client.py:172 | fit, FitIns(clock=22)
DEBUG flower 2021-04-10 18:13:57,314 | numpy_client.py:260 | cached_clock: 12, curr_clock: 22
INFO flower 2021-04-10 18:13:58,211 | numpy_client.py:205 | Cache is fresh, return FitRes(clock=22)
DEBUG flower 2021-04-10 18:13:58,212 | app.py:66 | Waiting for message from server...
DEBUG flower 2021-04-10 18:13:58,232 | app.py:68 | Received server message. Handling...
DEBUG flower 2021-04-10 18:13:58,233 | numpy_client.py:172 | fit, FitIns(clock=23)
DEBUG flower 2021-04-10 18:13:58,233 | numpy_client.py:260 | cached_clock: 12, curr_clock: 23
INFO flower 2021-04-10 18:13:58,233 | numpy_client.py:184 | Cache is stale, return ReadIns
DEBUG flower 2021-04-10 18:13:58,233 | app.py:66 | Waiting for message from server...
DEBUG flower 2021-04-10 18:15:19,202 | app.py:68 | Received server message. Handling...
DEBUG flower 2021-04-10 18:15:19,203 | numpy_client.py:228 | read: ReadRes(clock=13)
DEBUG flower 2021-04-10 18:15:19,210 | numpy_client.py:172 | fit, FitIns(clock=23)
DEBUG flower 2021-04-10 18:15:19,210 | numpy_client.py:260 | cached_clock: 13, curr_clock: 23
INFO flower 2021-04-10 18:15:20,116 | numpy_client.py:205 | Cache is fresh, return FitRes(clock=23)
DEBUG flower 2021-04-10 18:15:20,117 | app.py:66 | Waiting for message from server...
DEBUG flower 2021-04-10 18:15:20,140 | app.py:68 | Received server message. Handling...
DEBUG flower 2021-04-10 18:15:20,141 | numpy_client.py:172 | fit, FitIns(clock=24)
DEBUG flower 2021-04-10 18:15:20,141 | numpy_client.py:260 | cached_clock: 13, curr_clock: 24
INFO flower 2021-04-10 18:15:20,141 | numpy_client.py:184 | Cache is stale, return ReadIns
DEBUG flower 2021-04-10 18:15:20,142 | app.py:66 | Waiting for message from server...
DEBUG flower 2021-04-10 18:16:29,280 | app.py:68 | Received server message. Handling...
DEBUG flower 2021-04-10 18:16:29,281 | numpy_client.py:228 | read: ReadRes(clock=14)
DEBUG flower 2021-04-10 18:16:29,289 | numpy_client.py:172 | fit, FitIns(clock=24)
DEBUG flower 2021-04-10 18:16:29,289 | numpy_client.py:260 | cached_clock: 14, curr_clock: 24
INFO flower 2021-04-10 18:16:30,109 | numpy_client.py:205 | Cache is fresh, return FitRes(clock=24)
DEBUG flower 2021-04-10 18:16:30,110 | app.py:66 | Waiting for message from server...
DEBUG flower 2021-04-10 18:16:30,131 | app.py:68 | Received server message. Handling...
DEBUG flower 2021-04-10 18:16:30,132 | numpy_client.py:172 | fit, FitIns(clock=25)
DEBUG flower 2021-04-10 18:16:30,132 | numpy_client.py:260 | cached_clock: 14, curr_clock: 25
INFO flower 2021-04-10 18:16:30,132 | numpy_client.py:184 | Cache is stale, return ReadIns
DEBUG flower 2021-04-10 18:16:30,132 | app.py:66 | Waiting for message from server...
DEBUG flower 2021-04-10 18:17:26,644 | app.py:68 | Received server message. Handling...
DEBUG flower 2021-04-10 18:17:26,645 | numpy_client.py:228 | read: ReadRes(clock=15)
DEBUG flower 2021-04-10 18:17:26,652 | numpy_client.py:172 | fit, FitIns(clock=25)
DEBUG flower 2021-04-10 18:17:26,652 | numpy_client.py:260 | cached_clock: 15, curr_clock: 25
INFO flower 2021-04-10 18:17:27,412 | numpy_client.py:205 | Cache is fresh, return FitRes(clock=25)
DEBUG flower 2021-04-10 18:17:27,413 | app.py:66 | Waiting for message from server...
DEBUG flower 2021-04-10 18:17:27,437 | app.py:68 | Received server message. Handling...
DEBUG flower 2021-04-10 18:17:27,438 | numpy_client.py:172 | fit, FitIns(clock=26)
DEBUG flower 2021-04-10 18:17:27,438 | numpy_client.py:260 | cached_clock: 15, curr_clock: 26
INFO flower 2021-04-10 18:17:27,438 | numpy_client.py:184 | Cache is stale, return ReadIns
DEBUG flower 2021-04-10 18:17:27,438 | app.py:66 | Waiting for message from server...
DEBUG flower 2021-04-10 18:18:37,657 | app.py:68 | Received server message. Handling...
DEBUG flower 2021-04-10 18:18:37,657 | numpy_client.py:228 | read: ReadRes(clock=16)
DEBUG flower 2021-04-10 18:18:37,665 | numpy_client.py:172 | fit, FitIns(clock=26)
DEBUG flower 2021-04-10 18:18:37,665 | numpy_client.py:260 | cached_clock: 16, curr_clock: 26
INFO flower 2021-04-10 18:18:38,508 | numpy_client.py:205 | Cache is fresh, return FitRes(clock=26)
DEBUG flower 2021-04-10 18:18:38,508 | app.py:66 | Waiting for message from server...
DEBUG flower 2021-04-10 18:18:38,529 | app.py:68 | Received server message. Handling...
DEBUG flower 2021-04-10 18:18:38,530 | numpy_client.py:172 | fit, FitIns(clock=27)
DEBUG flower 2021-04-10 18:18:38,530 | numpy_client.py:260 | cached_clock: 16, curr_clock: 27
INFO flower 2021-04-10 18:18:38,530 | numpy_client.py:184 | Cache is stale, return ReadIns
DEBUG flower 2021-04-10 18:18:38,531 | app.py:66 | Waiting for message from server...
DEBUG flower 2021-04-10 18:19:30,003 | app.py:68 | Received server message. Handling...
DEBUG flower 2021-04-10 18:19:30,003 | numpy_client.py:228 | read: ReadRes(clock=17)
DEBUG flower 2021-04-10 18:19:30,011 | numpy_client.py:172 | fit, FitIns(clock=27)
DEBUG flower 2021-04-10 18:19:30,011 | numpy_client.py:260 | cached_clock: 17, curr_clock: 27
INFO flower 2021-04-10 18:19:30,921 | numpy_client.py:205 | Cache is fresh, return FitRes(clock=27)
DEBUG flower 2021-04-10 18:19:30,922 | app.py:66 | Waiting for message from server...
DEBUG flower 2021-04-10 18:19:30,942 | app.py:68 | Received server message. Handling...
DEBUG flower 2021-04-10 18:19:30,943 | numpy_client.py:172 | fit, FitIns(clock=28)
DEBUG flower 2021-04-10 18:19:30,943 | numpy_client.py:260 | cached_clock: 17, curr_clock: 28
INFO flower 2021-04-10 18:19:30,943 | numpy_client.py:184 | Cache is stale, return ReadIns
DEBUG flower 2021-04-10 18:19:30,943 | app.py:66 | Waiting for message from server...
DEBUG flower 2021-04-10 18:20:49,303 | app.py:68 | Received server message. Handling...
DEBUG flower 2021-04-10 18:20:49,303 | numpy_client.py:228 | read: ReadRes(clock=18)
DEBUG flower 2021-04-10 18:20:49,311 | numpy_client.py:172 | fit, FitIns(clock=28)
DEBUG flower 2021-04-10 18:20:49,311 | numpy_client.py:260 | cached_clock: 18, curr_clock: 28
INFO flower 2021-04-10 18:20:50,106 | numpy_client.py:205 | Cache is fresh, return FitRes(clock=28)
DEBUG flower 2021-04-10 18:20:50,107 | app.py:66 | Waiting for message from server...
DEBUG flower 2021-04-10 18:20:50,126 | app.py:68 | Received server message. Handling...
DEBUG flower 2021-04-10 18:20:50,127 | numpy_client.py:172 | fit, FitIns(clock=29)
DEBUG flower 2021-04-10 18:20:50,127 | numpy_client.py:260 | cached_clock: 18, curr_clock: 29
INFO flower 2021-04-10 18:20:50,127 | numpy_client.py:184 | Cache is stale, return ReadIns
DEBUG flower 2021-04-10 18:20:50,127 | app.py:66 | Waiting for message from server...
DEBUG flower 2021-04-10 18:22:06,703 | app.py:68 | Received server message. Handling...
DEBUG flower 2021-04-10 18:22:06,704 | numpy_client.py:228 | read: ReadRes(clock=19)
DEBUG flower 2021-04-10 18:22:06,711 | numpy_client.py:172 | fit, FitIns(clock=29)
DEBUG flower 2021-04-10 18:22:06,711 | numpy_client.py:260 | cached_clock: 19, curr_clock: 29
INFO flower 2021-04-10 18:22:07,605 | numpy_client.py:205 | Cache is fresh, return FitRes(clock=29)
DEBUG flower 2021-04-10 18:22:07,605 | app.py:66 | Waiting for message from server...
DEBUG flower 2021-04-10 18:22:07,627 | app.py:68 | Received server message. Handling...
DEBUG flower 2021-04-10 18:22:07,627 | numpy_client.py:172 | fit, FitIns(clock=30)
DEBUG flower 2021-04-10 18:22:07,627 | numpy_client.py:260 | cached_clock: 19, curr_clock: 30
INFO flower 2021-04-10 18:22:07,627 | numpy_client.py:184 | Cache is stale, return ReadIns
DEBUG flower 2021-04-10 18:22:07,627 | app.py:66 | Waiting for message from server...
DEBUG flower 2021-04-10 18:23:16,893 | app.py:68 | Received server message. Handling...
DEBUG flower 2021-04-10 18:23:16,894 | numpy_client.py:228 | read: ReadRes(clock=20)
DEBUG flower 2021-04-10 18:23:16,901 | numpy_client.py:172 | fit, FitIns(clock=30)
DEBUG flower 2021-04-10 18:23:16,902 | numpy_client.py:260 | cached_clock: 20, curr_clock: 30
INFO flower 2021-04-10 18:23:17,655 | numpy_client.py:205 | Cache is fresh, return FitRes(clock=30)
DEBUG flower 2021-04-10 18:23:17,655 | app.py:66 | Waiting for message from server...
DEBUG flower 2021-04-10 18:23:17,723 | app.py:68 | Received server message. Handling...
DEBUG flower 2021-04-10 18:23:17,723 | numpy_client.py:172 | fit, FitIns(clock=31)
DEBUG flower 2021-04-10 18:23:17,724 | numpy_client.py:260 | cached_clock: 20, curr_clock: 31
INFO flower 2021-04-10 18:23:17,724 | numpy_client.py:184 | Cache is stale, return ReadIns
DEBUG flower 2021-04-10 18:23:17,724 | app.py:66 | Waiting for message from server...
DEBUG flower 2021-04-10 18:24:45,991 | app.py:68 | Received server message. Handling...
DEBUG flower 2021-04-10 18:24:45,992 | numpy_client.py:228 | read: ReadRes(clock=21)
DEBUG flower 2021-04-10 18:24:45,999 | numpy_client.py:172 | fit, FitIns(clock=31)
DEBUG flower 2021-04-10 18:24:45,999 | numpy_client.py:260 | cached_clock: 21, curr_clock: 31
INFO flower 2021-04-10 18:24:47,021 | numpy_client.py:205 | Cache is fresh, return FitRes(clock=31)
DEBUG flower 2021-04-10 18:24:47,022 | app.py:66 | Waiting for message from server...
DEBUG flower 2021-04-10 18:24:47,046 | app.py:68 | Received server message. Handling...
DEBUG flower 2021-04-10 18:24:47,046 | numpy_client.py:172 | fit, FitIns(clock=32)
DEBUG flower 2021-04-10 18:24:47,046 | numpy_client.py:260 | cached_clock: 21, curr_clock: 32
INFO flower 2021-04-10 18:24:47,046 | numpy_client.py:184 | Cache is stale, return ReadIns
DEBUG flower 2021-04-10 18:24:47,047 | app.py:66 | Waiting for message from server...
DEBUG flower 2021-04-10 18:25:56,702 | app.py:68 | Received server message. Handling...
DEBUG flower 2021-04-10 18:25:56,703 | numpy_client.py:228 | read: ReadRes(clock=22)
DEBUG flower 2021-04-10 18:25:56,710 | numpy_client.py:172 | fit, FitIns(clock=32)
DEBUG flower 2021-04-10 18:25:56,710 | numpy_client.py:260 | cached_clock: 22, curr_clock: 32
INFO flower 2021-04-10 18:25:57,508 | numpy_client.py:205 | Cache is fresh, return FitRes(clock=32)
DEBUG flower 2021-04-10 18:25:57,508 | app.py:66 | Waiting for message from server...
DEBUG flower 2021-04-10 18:25:57,529 | app.py:68 | Received server message. Handling...
DEBUG flower 2021-04-10 18:25:57,529 | numpy_client.py:172 | fit, FitIns(clock=33)
DEBUG flower 2021-04-10 18:25:57,530 | numpy_client.py:260 | cached_clock: 22, curr_clock: 33
INFO flower 2021-04-10 18:25:57,530 | numpy_client.py:184 | Cache is stale, return ReadIns
DEBUG flower 2021-04-10 18:25:57,530 | app.py:66 | Waiting for message from server...
DEBUG flower 2021-04-10 18:27:16,171 | app.py:68 | Received server message. Handling...
DEBUG flower 2021-04-10 18:27:16,171 | numpy_client.py:228 | read: ReadRes(clock=23)
DEBUG flower 2021-04-10 18:27:16,185 | numpy_client.py:172 | fit, FitIns(clock=33)
DEBUG flower 2021-04-10 18:27:16,185 | numpy_client.py:260 | cached_clock: 23, curr_clock: 33
INFO flower 2021-04-10 18:27:17,034 | numpy_client.py:205 | Cache is fresh, return FitRes(clock=33)
DEBUG flower 2021-04-10 18:27:17,035 | app.py:66 | Waiting for message from server...
DEBUG flower 2021-04-10 18:27:17,057 | app.py:68 | Received server message. Handling...
DEBUG flower 2021-04-10 18:27:17,058 | numpy_client.py:172 | fit, FitIns(clock=34)
DEBUG flower 2021-04-10 18:27:17,058 | numpy_client.py:260 | cached_clock: 23, curr_clock: 34
INFO flower 2021-04-10 18:27:17,058 | numpy_client.py:184 | Cache is stale, return ReadIns
DEBUG flower 2021-04-10 18:27:17,059 | app.py:66 | Waiting for message from server...
DEBUG flower 2021-04-10 18:28:07,031 | app.py:68 | Received server message. Handling...
DEBUG flower 2021-04-10 18:28:07,032 | numpy_client.py:228 | read: ReadRes(clock=24)
DEBUG flower 2021-04-10 18:28:07,040 | numpy_client.py:172 | fit, FitIns(clock=34)
DEBUG flower 2021-04-10 18:28:07,041 | numpy_client.py:260 | cached_clock: 24, curr_clock: 34
INFO flower 2021-04-10 18:28:07,904 | numpy_client.py:205 | Cache is fresh, return FitRes(clock=34)
DEBUG flower 2021-04-10 18:28:07,905 | app.py:66 | Waiting for message from server...
DEBUG flower 2021-04-10 18:28:07,923 | app.py:68 | Received server message. Handling...
DEBUG flower 2021-04-10 18:28:07,923 | numpy_client.py:172 | fit, FitIns(clock=35)
DEBUG flower 2021-04-10 18:28:07,923 | numpy_client.py:260 | cached_clock: 24, curr_clock: 35
INFO flower 2021-04-10 18:28:07,923 | numpy_client.py:184 | Cache is stale, return ReadIns
DEBUG flower 2021-04-10 18:28:07,924 | app.py:66 | Waiting for message from server...
DEBUG flower 2021-04-10 18:29:36,859 | app.py:68 | Received server message. Handling...
DEBUG flower 2021-04-10 18:29:36,860 | numpy_client.py:228 | read: ReadRes(clock=25)
DEBUG flower 2021-04-10 18:29:36,867 | numpy_client.py:172 | fit, FitIns(clock=35)
DEBUG flower 2021-04-10 18:29:36,867 | numpy_client.py:260 | cached_clock: 25, curr_clock: 35
INFO flower 2021-04-10 18:29:37,626 | numpy_client.py:205 | Cache is fresh, return FitRes(clock=35)
DEBUG flower 2021-04-10 18:29:37,626 | app.py:66 | Waiting for message from server...
DEBUG flower 2021-04-10 18:29:37,647 | app.py:68 | Received server message. Handling...
DEBUG flower 2021-04-10 18:29:37,648 | numpy_client.py:172 | fit, FitIns(clock=36)
DEBUG flower 2021-04-10 18:29:37,648 | numpy_client.py:260 | cached_clock: 25, curr_clock: 36
INFO flower 2021-04-10 18:29:37,648 | numpy_client.py:184 | Cache is stale, return ReadIns
DEBUG flower 2021-04-10 18:29:37,648 | app.py:66 | Waiting for message from server...
DEBUG flower 2021-04-10 18:30:34,502 | app.py:68 | Received server message. Handling...
DEBUG flower 2021-04-10 18:30:34,503 | numpy_client.py:228 | read: ReadRes(clock=26)
DEBUG flower 2021-04-10 18:30:34,510 | numpy_client.py:172 | fit, FitIns(clock=36)
DEBUG flower 2021-04-10 18:30:34,511 | numpy_client.py:260 | cached_clock: 26, curr_clock: 36
INFO flower 2021-04-10 18:30:35,333 | numpy_client.py:205 | Cache is fresh, return FitRes(clock=36)
DEBUG flower 2021-04-10 18:30:35,334 | app.py:66 | Waiting for message from server...
DEBUG flower 2021-04-10 18:30:35,357 | app.py:68 | Received server message. Handling...
DEBUG flower 2021-04-10 18:30:35,358 | numpy_client.py:172 | fit, FitIns(clock=37)
DEBUG flower 2021-04-10 18:30:35,358 | numpy_client.py:260 | cached_clock: 26, curr_clock: 37
INFO flower 2021-04-10 18:30:35,358 | numpy_client.py:184 | Cache is stale, return ReadIns
DEBUG flower 2021-04-10 18:30:35,358 | app.py:66 | Waiting for message from server...
DEBUG flower 2021-04-10 18:31:49,306 | app.py:68 | Received server message. Handling...
DEBUG flower 2021-04-10 18:31:49,306 | numpy_client.py:228 | read: ReadRes(clock=27)
DEBUG flower 2021-04-10 18:31:49,314 | numpy_client.py:172 | fit, FitIns(clock=37)
DEBUG flower 2021-04-10 18:31:49,314 | numpy_client.py:260 | cached_clock: 27, curr_clock: 37
INFO flower 2021-04-10 18:31:50,121 | numpy_client.py:205 | Cache is fresh, return FitRes(clock=37)
DEBUG flower 2021-04-10 18:31:50,122 | app.py:66 | Waiting for message from server...
DEBUG flower 2021-04-10 18:31:50,141 | app.py:68 | Received server message. Handling...
DEBUG flower 2021-04-10 18:31:50,141 | numpy_client.py:172 | fit, FitIns(clock=38)
DEBUG flower 2021-04-10 18:31:50,141 | numpy_client.py:260 | cached_clock: 27, curr_clock: 38
INFO flower 2021-04-10 18:31:50,141 | numpy_client.py:184 | Cache is stale, return ReadIns
DEBUG flower 2021-04-10 18:31:50,142 | app.py:66 | Waiting for message from server...
DEBUG flower 2021-04-10 18:32:51,417 | app.py:68 | Received server message. Handling...
DEBUG flower 2021-04-10 18:32:51,418 | numpy_client.py:228 | read: ReadRes(clock=28)
DEBUG flower 2021-04-10 18:32:51,426 | numpy_client.py:172 | fit, FitIns(clock=38)
DEBUG flower 2021-04-10 18:32:51,426 | numpy_client.py:260 | cached_clock: 28, curr_clock: 38
INFO flower 2021-04-10 18:32:52,316 | numpy_client.py:205 | Cache is fresh, return FitRes(clock=38)
DEBUG flower 2021-04-10 18:32:52,317 | app.py:66 | Waiting for message from server...
DEBUG flower 2021-04-10 18:32:52,346 | app.py:68 | Received server message. Handling...
DEBUG flower 2021-04-10 18:32:52,347 | numpy_client.py:172 | fit, FitIns(clock=39)
DEBUG flower 2021-04-10 18:32:52,347 | numpy_client.py:260 | cached_clock: 28, curr_clock: 39
INFO flower 2021-04-10 18:32:52,347 | numpy_client.py:184 | Cache is stale, return ReadIns
DEBUG flower 2021-04-10 18:32:52,347 | app.py:66 | Waiting for message from server...
DEBUG flower 2021-04-10 18:34:21,533 | app.py:68 | Received server message. Handling...
DEBUG flower 2021-04-10 18:34:21,533 | numpy_client.py:228 | read: ReadRes(clock=29)
DEBUG flower 2021-04-10 18:34:21,541 | numpy_client.py:172 | fit, FitIns(clock=39)
DEBUG flower 2021-04-10 18:34:21,541 | numpy_client.py:260 | cached_clock: 29, curr_clock: 39
INFO flower 2021-04-10 18:34:22,430 | numpy_client.py:205 | Cache is fresh, return FitRes(clock=39)
DEBUG flower 2021-04-10 18:34:22,431 | app.py:66 | Waiting for message from server...
DEBUG flower 2021-04-10 18:34:22,452 | app.py:68 | Received server message. Handling...
DEBUG flower 2021-04-10 18:34:22,453 | numpy_client.py:172 | fit, FitIns(clock=40)
DEBUG flower 2021-04-10 18:34:22,453 | numpy_client.py:260 | cached_clock: 29, curr_clock: 40
INFO flower 2021-04-10 18:34:22,453 | numpy_client.py:184 | Cache is stale, return ReadIns
DEBUG flower 2021-04-10 18:34:22,453 | app.py:66 | Waiting for message from server...
DEBUG flower 2021-04-10 18:35:48,703 | app.py:68 | Received server message. Handling...
DEBUG flower 2021-04-10 18:35:48,703 | numpy_client.py:228 | read: ReadRes(clock=30)
DEBUG flower 2021-04-10 18:35:48,711 | numpy_client.py:172 | fit, FitIns(clock=40)
DEBUG flower 2021-04-10 18:35:48,711 | numpy_client.py:260 | cached_clock: 30, curr_clock: 40
INFO flower 2021-04-10 18:35:49,528 | numpy_client.py:205 | Cache is fresh, return FitRes(clock=40)
DEBUG flower 2021-04-10 18:35:49,528 | app.py:66 | Waiting for message from server...
DEBUG flower 2021-04-10 18:35:49,550 | app.py:68 | Received server message. Handling...
DEBUG flower 2021-04-10 18:35:49,550 | numpy_client.py:172 | fit, FitIns(clock=41)
DEBUG flower 2021-04-10 18:35:49,550 | numpy_client.py:260 | cached_clock: 30, curr_clock: 41
INFO flower 2021-04-10 18:35:49,550 | numpy_client.py:184 | Cache is stale, return ReadIns
DEBUG flower 2021-04-10 18:35:49,551 | app.py:66 | Waiting for message from server...
DEBUG flower 2021-04-10 18:36:57,402 | app.py:68 | Received server message. Handling...
DEBUG flower 2021-04-10 18:36:57,403 | numpy_client.py:228 | read: ReadRes(clock=31)
DEBUG flower 2021-04-10 18:36:57,410 | numpy_client.py:172 | fit, FitIns(clock=41)
DEBUG flower 2021-04-10 18:36:57,411 | numpy_client.py:260 | cached_clock: 31, curr_clock: 41
INFO flower 2021-04-10 18:36:58,226 | numpy_client.py:205 | Cache is fresh, return FitRes(clock=41)
DEBUG flower 2021-04-10 18:36:58,226 | app.py:66 | Waiting for message from server...
DEBUG flower 2021-04-10 18:36:58,272 | app.py:68 | Received server message. Handling...
DEBUG flower 2021-04-10 18:36:58,273 | numpy_client.py:172 | fit, FitIns(clock=42)
DEBUG flower 2021-04-10 18:36:58,273 | numpy_client.py:260 | cached_clock: 31, curr_clock: 42
INFO flower 2021-04-10 18:36:58,273 | numpy_client.py:184 | Cache is stale, return ReadIns
DEBUG flower 2021-04-10 18:36:58,273 | app.py:66 | Waiting for message from server...
DEBUG flower 2021-04-10 18:38:11,003 | app.py:68 | Received server message. Handling...
DEBUG flower 2021-04-10 18:38:11,003 | numpy_client.py:228 | read: ReadRes(clock=32)
DEBUG flower 2021-04-10 18:38:11,011 | numpy_client.py:172 | fit, FitIns(clock=42)
DEBUG flower 2021-04-10 18:38:11,011 | numpy_client.py:260 | cached_clock: 32, curr_clock: 42
INFO flower 2021-04-10 18:38:11,808 | numpy_client.py:205 | Cache is fresh, return FitRes(clock=42)
DEBUG flower 2021-04-10 18:38:11,809 | app.py:66 | Waiting for message from server...
DEBUG flower 2021-04-10 18:38:11,826 | app.py:68 | Received server message. Handling...
DEBUG flower 2021-04-10 18:38:11,827 | numpy_client.py:172 | fit, FitIns(clock=43)
DEBUG flower 2021-04-10 18:38:11,827 | numpy_client.py:260 | cached_clock: 32, curr_clock: 43
INFO flower 2021-04-10 18:38:11,827 | numpy_client.py:184 | Cache is stale, return ReadIns
DEBUG flower 2021-04-10 18:38:11,827 | app.py:66 | Waiting for message from server...
DEBUG flower 2021-04-10 18:39:31,802 | app.py:68 | Received server message. Handling...
DEBUG flower 2021-04-10 18:39:31,803 | numpy_client.py:228 | read: ReadRes(clock=33)
DEBUG flower 2021-04-10 18:39:31,810 | numpy_client.py:172 | fit, FitIns(clock=43)
DEBUG flower 2021-04-10 18:39:31,810 | numpy_client.py:260 | cached_clock: 33, curr_clock: 43
INFO flower 2021-04-10 18:39:32,611 | numpy_client.py:205 | Cache is fresh, return FitRes(clock=43)
DEBUG flower 2021-04-10 18:39:32,611 | app.py:66 | Waiting for message from server...
DEBUG flower 2021-04-10 18:39:32,633 | app.py:68 | Received server message. Handling...
DEBUG flower 2021-04-10 18:39:32,633 | numpy_client.py:172 | fit, FitIns(clock=44)
DEBUG flower 2021-04-10 18:39:32,633 | numpy_client.py:260 | cached_clock: 33, curr_clock: 44
INFO flower 2021-04-10 18:39:32,633 | numpy_client.py:184 | Cache is stale, return ReadIns
DEBUG flower 2021-04-10 18:39:32,634 | app.py:66 | Waiting for message from server...
DEBUG flower 2021-04-10 18:41:00,431 | app.py:68 | Received server message. Handling...
DEBUG flower 2021-04-10 18:41:00,431 | numpy_client.py:228 | read: ReadRes(clock=34)
DEBUG flower 2021-04-10 18:41:00,439 | numpy_client.py:172 | fit, FitIns(clock=44)
DEBUG flower 2021-04-10 18:41:00,439 | numpy_client.py:260 | cached_clock: 34, curr_clock: 44
INFO flower 2021-04-10 18:41:01,309 | numpy_client.py:205 | Cache is fresh, return FitRes(clock=44)
DEBUG flower 2021-04-10 18:41:01,309 | app.py:66 | Waiting for message from server...
DEBUG flower 2021-04-10 18:41:01,326 | app.py:68 | Received server message. Handling...
DEBUG flower 2021-04-10 18:41:01,327 | numpy_client.py:172 | fit, FitIns(clock=45)
DEBUG flower 2021-04-10 18:41:01,327 | numpy_client.py:260 | cached_clock: 34, curr_clock: 45
INFO flower 2021-04-10 18:41:01,327 | numpy_client.py:184 | Cache is stale, return ReadIns
DEBUG flower 2021-04-10 18:41:01,327 | app.py:66 | Waiting for message from server...
DEBUG flower 2021-04-10 18:42:21,191 | app.py:68 | Received server message. Handling...
DEBUG flower 2021-04-10 18:42:21,192 | numpy_client.py:228 | read: ReadRes(clock=35)
DEBUG flower 2021-04-10 18:42:21,199 | numpy_client.py:172 | fit, FitIns(clock=45)
DEBUG flower 2021-04-10 18:42:21,200 | numpy_client.py:260 | cached_clock: 35, curr_clock: 45
INFO flower 2021-04-10 18:42:22,006 | numpy_client.py:205 | Cache is fresh, return FitRes(clock=45)
DEBUG flower 2021-04-10 18:42:22,006 | app.py:66 | Waiting for message from server...
DEBUG flower 2021-04-10 18:42:22,025 | app.py:68 | Received server message. Handling...
DEBUG flower 2021-04-10 18:42:22,025 | numpy_client.py:172 | fit, FitIns(clock=46)
DEBUG flower 2021-04-10 18:42:22,025 | numpy_client.py:260 | cached_clock: 35, curr_clock: 46
INFO flower 2021-04-10 18:42:22,025 | numpy_client.py:184 | Cache is stale, return ReadIns
DEBUG flower 2021-04-10 18:42:22,025 | app.py:66 | Waiting for message from server...
DEBUG flower 2021-04-10 18:43:27,940 | app.py:68 | Received server message. Handling...
DEBUG flower 2021-04-10 18:43:27,940 | numpy_client.py:228 | read: ReadRes(clock=36)
DEBUG flower 2021-04-10 18:43:27,947 | numpy_client.py:172 | fit, FitIns(clock=46)
DEBUG flower 2021-04-10 18:43:27,947 | numpy_client.py:260 | cached_clock: 36, curr_clock: 46
INFO flower 2021-04-10 18:43:28,707 | numpy_client.py:205 | Cache is fresh, return FitRes(clock=46)
DEBUG flower 2021-04-10 18:43:28,707 | app.py:66 | Waiting for message from server...
DEBUG flower 2021-04-10 18:43:28,724 | app.py:68 | Received server message. Handling...
DEBUG flower 2021-04-10 18:43:28,725 | numpy_client.py:172 | fit, FitIns(clock=47)
DEBUG flower 2021-04-10 18:43:28,725 | numpy_client.py:260 | cached_clock: 36, curr_clock: 47
INFO flower 2021-04-10 18:43:28,725 | numpy_client.py:184 | Cache is stale, return ReadIns
DEBUG flower 2021-04-10 18:43:28,725 | app.py:66 | Waiting for message from server...
DEBUG flower 2021-04-10 18:44:55,002 | app.py:68 | Received server message. Handling...
DEBUG flower 2021-04-10 18:44:55,003 | numpy_client.py:228 | read: ReadRes(clock=37)
DEBUG flower 2021-04-10 18:44:55,010 | numpy_client.py:172 | fit, FitIns(clock=47)
DEBUG flower 2021-04-10 18:44:55,011 | numpy_client.py:260 | cached_clock: 37, curr_clock: 47
INFO flower 2021-04-10 18:44:55,835 | numpy_client.py:205 | Cache is fresh, return FitRes(clock=47)
DEBUG flower 2021-04-10 18:44:55,836 | app.py:66 | Waiting for message from server...
DEBUG flower 2021-04-10 18:44:55,857 | app.py:68 | Received server message. Handling...
DEBUG flower 2021-04-10 18:44:55,857 | numpy_client.py:172 | fit, FitIns(clock=48)
DEBUG flower 2021-04-10 18:44:55,857 | numpy_client.py:260 | cached_clock: 37, curr_clock: 48
INFO flower 2021-04-10 18:44:55,857 | numpy_client.py:184 | Cache is stale, return ReadIns
DEBUG flower 2021-04-10 18:44:55,858 | app.py:66 | Waiting for message from server...
DEBUG flower 2021-04-10 18:46:06,830 | app.py:68 | Received server message. Handling...
DEBUG flower 2021-04-10 18:46:06,831 | numpy_client.py:228 | read: ReadRes(clock=38)
DEBUG flower 2021-04-10 18:46:06,839 | numpy_client.py:172 | fit, FitIns(clock=48)
DEBUG flower 2021-04-10 18:46:06,839 | numpy_client.py:260 | cached_clock: 38, curr_clock: 48
INFO flower 2021-04-10 18:46:07,706 | numpy_client.py:205 | Cache is fresh, return FitRes(clock=48)
DEBUG flower 2021-04-10 18:46:07,707 | app.py:66 | Waiting for message from server...
DEBUG flower 2021-04-10 18:46:07,728 | app.py:68 | Received server message. Handling...
DEBUG flower 2021-04-10 18:46:07,728 | numpy_client.py:172 | fit, FitIns(clock=49)
DEBUG flower 2021-04-10 18:46:07,728 | numpy_client.py:260 | cached_clock: 38, curr_clock: 49
INFO flower 2021-04-10 18:46:07,728 | numpy_client.py:184 | Cache is stale, return ReadIns
DEBUG flower 2021-04-10 18:46:07,729 | app.py:66 | Waiting for message from server...
DEBUG flower 2021-04-10 18:47:17,102 | app.py:68 | Received server message. Handling...
DEBUG flower 2021-04-10 18:47:17,103 | numpy_client.py:228 | read: ReadRes(clock=39)
DEBUG flower 2021-04-10 18:47:17,109 | numpy_client.py:172 | fit, FitIns(clock=49)
DEBUG flower 2021-04-10 18:47:17,109 | numpy_client.py:260 | cached_clock: 39, curr_clock: 49
INFO flower 2021-04-10 18:47:17,935 | numpy_client.py:205 | Cache is fresh, return FitRes(clock=49)
DEBUG flower 2021-04-10 18:47:17,935 | numpy_client.py:217 | The client finishes computing after 2964 seconds
DEBUG flower 2021-04-10 18:47:17,935 | app.py:66 | Waiting for message from server...
DEBUG flower 2021-04-10 18:59:17,176 | app.py:68 | Received server message. Handling...
INFO flower 2021-04-10 18:59:27,603 | numpy_client.py:250 | [32;1m Loss: 109.294, Accuracy: 0.000%[0m
DEBUG flower 2021-04-10 18:59:27,604 | app.py:66 | Waiting for message from server...
DEBUG flower 2021-04-10 18:59:28,977 | app.py:68 | Received server message. Handling...
DEBUG flower 2021-04-10 18:59:29,023 | connection.py:68 | Insecure gRPC channel closed
INFO flower 2021-04-10 18:59:29,023 | app.py:76 | Disconnect and shut down
Namespace(idx=2, max_delay=0, min_delay=0, num_clients=31, server_ip='10.244.50.51:8080', staleness_bound=10)
I'm client 2
Files already downloaded and verified
Files already downloaded and verified
[32;1mClient 2: 534 train samples, 432 test samples[0m
loss=40.178239583969116, acc=0.0
loss=39.4941201210022, acc=0.0
loss=38.90696954727173, acc=0.06433823529411764
loss=38.32206583023071, acc=0.32536764705882354
loss=37.738614320755005, acc=0.3272058823529412
loss=37.14034986495972, acc=0.3272058823529412
loss=36.52130103111267, acc=0.3272058823529412
loss=35.86630463600159, acc=0.3272058823529412
loss=35.14267563819885, acc=0.3272058823529412
loss=34.342883348464966, acc=0.3272058823529412
loss=36.59576439857483, acc=0.3272058823529412
loss=38.82719564437866, acc=0.2702205882352941
loss=41.18353843688965, acc=0.0
loss=54.33386182785034, acc=0.0
loss=62.85243105888367, acc=0.0
loss=65.65379190444946, acc=0.0
loss=69.33165144920349, acc=0.0
loss=73.71218490600586, acc=0.0
loss=40.80775034427643, acc=0.4227941176470588
loss=75.86323666572571, acc=0.0
loss=74.2122495174408, acc=0.0
loss=73.81884789466858, acc=0.0
loss=75.71019005775452, acc=0.0
loss=69.92701315879822, acc=0.0
loss=60.037691712379456, acc=0.2775735294117647
loss=39.91677939891815, acc=0.4430147058823529
loss=39.620182037353516, acc=0.46875
loss=71.9284679889679, acc=0.0
loss=76.7810263633728, acc=0.0
loss=77.49007081985474, acc=0.0
loss=40.595309257507324, acc=0.4724264705882353
loss=75.34128308296204, acc=0.0
loss=74.40416431427002, acc=0.0
loss=75.5554792881012, acc=0.0
loss=74.23783588409424, acc=0.0
loss=69.77929067611694, acc=0.001838235294117647
loss=63.14981257915497, acc=0.25183823529411764
loss=72.94376063346863, acc=0.0
loss=74.13698410987854, acc=0.0
loss=69.21527576446533, acc=0.0055147058823529415
loss=74.45784759521484, acc=0.0
loss=17.637746512889862, acc=0.4724264705882353
loss=69.0111837387085, acc=0.0055147058823529415
loss=37.093013286590576, acc=0.25735294117647056
loss=33.7431755065918, acc=0.4099264705882353
loss=74.12324833869934, acc=0.0
loss=33.24041497707367, acc=0.4025735294117647
loss=74.12004017829895, acc=0.0
loss=71.43602013587952, acc=0.0
loss=71.04732656478882, acc=0.0
Files already downloaded and verified
Files already downloaded and verified
Testing on full test set: 313, 1645.3218677043915, 0.1967
Testing on partial test set: 14, 109.29356527328491, 0.0
