DEBUG flower 2021-04-08 13:45:14,149 | connection.py:36 | ChannelConnectivity.IDLE
DEBUG flower 2021-04-08 13:45:14,151 | connection.py:36 | ChannelConnectivity.CONNECTING
INFO flower 2021-04-08 13:45:14,152 | app.py:63 | Opened (insecure) gRPC connection
DEBUG flower 2021-04-08 13:45:14,177 | connection.py:36 | ChannelConnectivity.READY
DEBUG flower 2021-04-08 13:45:21,751 | numpy_client.py:172 | fit, FitIns(clock=0)
INFO flower 2021-04-08 13:45:21,751 | numpy_client.py:184 | Cache is stale, return ReadIns
DEBUG flower 2021-04-08 13:45:21,975 | numpy_client.py:228 | read: ReadRes(clock=-1)
DEBUG flower 2021-04-08 13:45:21,993 | numpy_client.py:172 | fit, FitIns(clock=0)
DEBUG flower 2021-04-08 13:45:21,993 | numpy_client.py:260 | cached_clock: -1, curr_clock: 0
DEBUG flower 2021-04-08 13:45:25,510 | model_wrapper.py:21 | Load existing initial model
DEBUG flower 2021-04-08 13:45:25,511 | numpy_client.py:201 | Not a switch point
INFO flower 2021-04-08 13:45:25,514 | numpy_client.py:205 | Cache is fresh, return FitRes(clock=0)
DEBUG flower 2021-04-08 13:45:25,535 | numpy_client.py:172 | fit, FitIns(clock=1)
DEBUG flower 2021-04-08 13:45:25,535 | numpy_client.py:260 | cached_clock: -1, curr_clock: 1
DEBUG flower 2021-04-08 13:45:29,018 | numpy_client.py:201 | Not a switch point
INFO flower 2021-04-08 13:45:29,021 | numpy_client.py:205 | Cache is fresh, return FitRes(clock=1)
DEBUG flower 2021-04-08 13:45:36,101 | numpy_client.py:172 | fit, FitIns(clock=2)
DEBUG flower 2021-04-08 13:45:36,101 | numpy_client.py:260 | cached_clock: -1, curr_clock: 2
DEBUG flower 2021-04-08 13:45:39,647 | numpy_client.py:201 | Not a switch point
INFO flower 2021-04-08 13:45:39,708 | numpy_client.py:205 | Cache is fresh, return FitRes(clock=2)
DEBUG flower 2021-04-08 13:45:39,742 | numpy_client.py:172 | fit, FitIns(clock=3)
DEBUG flower 2021-04-08 13:45:39,742 | numpy_client.py:260 | cached_clock: -1, curr_clock: 3
DEBUG flower 2021-04-08 13:45:43,320 | numpy_client.py:201 | Not a switch point
INFO flower 2021-04-08 13:45:43,325 | numpy_client.py:205 | Cache is fresh, return FitRes(clock=3)
DEBUG flower 2021-04-08 13:45:49,842 | numpy_client.py:172 | fit, FitIns(clock=4)
DEBUG flower 2021-04-08 13:45:49,842 | numpy_client.py:260 | cached_clock: -1, curr_clock: 4
DEBUG flower 2021-04-08 13:45:53,319 | numpy_client.py:201 | Not a switch point
INFO flower 2021-04-08 13:45:53,323 | numpy_client.py:205 | Cache is fresh, return FitRes(clock=4)
DEBUG flower 2021-04-08 13:45:53,346 | numpy_client.py:172 | fit, FitIns(clock=5)
DEBUG flower 2021-04-08 13:45:53,346 | numpy_client.py:260 | cached_clock: -1, curr_clock: 5
DEBUG flower 2021-04-08 13:45:56,938 | numpy_client.py:201 | Not a switch point
INFO flower 2021-04-08 13:45:56,941 | numpy_client.py:205 | Cache is fresh, return FitRes(clock=5)
DEBUG flower 2021-04-08 13:46:03,592 | numpy_client.py:172 | fit, FitIns(clock=6)
DEBUG flower 2021-04-08 13:46:03,592 | numpy_client.py:260 | cached_clock: -1, curr_clock: 6
DEBUG flower 2021-04-08 13:46:07,013 | acc_variance.py:19 | AccuracyVariance: sample variance 0.0024646353346436762 (last 7 data)
DEBUG flower 2021-04-08 13:46:07,013 | numpy_client.py:201 | Not a switch point
INFO flower 2021-04-08 13:46:07,016 | numpy_client.py:205 | Cache is fresh, return FitRes(clock=6)
DEBUG flower 2021-04-08 13:46:07,043 | numpy_client.py:172 | fit, FitIns(clock=7)
DEBUG flower 2021-04-08 13:46:07,043 | numpy_client.py:260 | cached_clock: -1, curr_clock: 7
DEBUG flower 2021-04-08 13:46:10,434 | acc_variance.py:19 | AccuracyVariance: sample variance 0.0038067549537668657 (last 7 data)
DEBUG flower 2021-04-08 13:46:10,434 | numpy_client.py:201 | Not a switch point
INFO flower 2021-04-08 13:46:10,437 | numpy_client.py:205 | Cache is fresh, return FitRes(clock=7)
DEBUG flower 2021-04-08 13:46:17,291 | numpy_client.py:172 | fit, FitIns(clock=8)
DEBUG flower 2021-04-08 13:46:17,291 | numpy_client.py:260 | cached_clock: -1, curr_clock: 8
DEBUG flower 2021-04-08 13:46:20,612 | acc_variance.py:19 | AccuracyVariance: sample variance 0.0043583859166062755 (last 7 data)
DEBUG flower 2021-04-08 13:46:20,612 | numpy_client.py:201 | Not a switch point
INFO flower 2021-04-08 13:46:20,615 | numpy_client.py:205 | Cache is fresh, return FitRes(clock=8)
DEBUG flower 2021-04-08 13:46:20,638 | numpy_client.py:172 | fit, FitIns(clock=9)
DEBUG flower 2021-04-08 13:46:20,638 | numpy_client.py:260 | cached_clock: -1, curr_clock: 9
DEBUG flower 2021-04-08 13:46:24,213 | acc_variance.py:19 | AccuracyVariance: sample variance 0.004735428099279783 (last 7 data)
DEBUG flower 2021-04-08 13:46:24,213 | numpy_client.py:201 | Not a switch point
INFO flower 2021-04-08 13:46:24,217 | numpy_client.py:205 | Cache is fresh, return FitRes(clock=9)
DEBUG flower 2021-04-08 13:46:30,065 | numpy_client.py:172 | fit, FitIns(clock=10)
DEBUG flower 2021-04-08 13:46:30,065 | numpy_client.py:260 | cached_clock: -1, curr_clock: 10
DEBUG flower 2021-04-08 13:46:33,636 | acc_variance.py:19 | AccuracyVariance: sample variance 0.002902562191559822 (last 7 data)
DEBUG flower 2021-04-08 13:46:33,637 | numpy_client.py:201 | Not a switch point
INFO flower 2021-04-08 13:46:33,640 | numpy_client.py:205 | Cache is fresh, return FitRes(clock=10)
DEBUG flower 2021-04-08 13:46:33,665 | numpy_client.py:172 | fit, FitIns(clock=11)
DEBUG flower 2021-04-08 13:46:33,665 | numpy_client.py:260 | cached_clock: -1, curr_clock: 11
DEBUG flower 2021-04-08 13:46:37,240 | acc_variance.py:19 | AccuracyVariance: sample variance 0.001712448673428904 (last 7 data)
DEBUG flower 2021-04-08 13:46:37,241 | numpy_client.py:201 | Not a switch point
INFO flower 2021-04-08 13:46:37,244 | numpy_client.py:205 | Cache is fresh, return FitRes(clock=11)
DEBUG flower 2021-04-08 13:46:43,495 | numpy_client.py:172 | fit, FitIns(clock=12)
DEBUG flower 2021-04-08 13:46:43,495 | numpy_client.py:260 | cached_clock: -1, curr_clock: 12
DEBUG flower 2021-04-08 13:46:47,024 | acc_variance.py:19 | AccuracyVariance: sample variance 0.0008167323230125224 (last 7 data)
DEBUG flower 2021-04-08 13:46:47,025 | numpy_client.py:201 | Not a switch point
INFO flower 2021-04-08 13:46:47,028 | numpy_client.py:205 | Cache is fresh, return FitRes(clock=12)
DEBUG flower 2021-04-08 13:46:47,052 | numpy_client.py:172 | fit, FitIns(clock=13)
DEBUG flower 2021-04-08 13:46:47,052 | numpy_client.py:260 | cached_clock: -1, curr_clock: 13
DEBUG flower 2021-04-08 13:46:50,625 | acc_variance.py:19 | AccuracyVariance: sample variance 0.0005300129499329985 (last 7 data)
DEBUG flower 2021-04-08 13:46:50,625 | numpy_client.py:201 | Not a switch point
INFO flower 2021-04-08 13:46:50,629 | numpy_client.py:205 | Cache is fresh, return FitRes(clock=13)
DEBUG flower 2021-04-08 13:46:56,826 | numpy_client.py:172 | fit, FitIns(clock=14)
DEBUG flower 2021-04-08 13:46:56,826 | numpy_client.py:260 | cached_clock: -1, curr_clock: 14
DEBUG flower 2021-04-08 13:47:00,320 | acc_variance.py:19 | AccuracyVariance: sample variance 0.0005149103878806037 (last 7 data)
DEBUG flower 2021-04-08 13:47:00,321 | numpy_client.py:201 | Not a switch point
INFO flower 2021-04-08 13:47:00,325 | numpy_client.py:205 | Cache is fresh, return FitRes(clock=14)
DEBUG flower 2021-04-08 13:47:00,347 | numpy_client.py:172 | fit, FitIns(clock=15)
DEBUG flower 2021-04-08 13:47:00,347 | numpy_client.py:260 | cached_clock: -1, curr_clock: 15
DEBUG flower 2021-04-08 13:47:03,939 | acc_variance.py:19 | AccuracyVariance: sample variance 0.0005095968163103367 (last 7 data)
DEBUG flower 2021-04-08 13:47:03,940 | numpy_client.py:201 | Not a switch point
INFO flower 2021-04-08 13:47:03,943 | numpy_client.py:205 | Cache is fresh, return FitRes(clock=15)
DEBUG flower 2021-04-08 13:47:10,307 | numpy_client.py:172 | fit, FitIns(clock=16)
DEBUG flower 2021-04-08 13:47:10,308 | numpy_client.py:260 | cached_clock: -1, curr_clock: 16
DEBUG flower 2021-04-08 13:47:13,840 | acc_variance.py:19 | AccuracyVariance: sample variance 0.00047084411650992464 (last 7 data)
DEBUG flower 2021-04-08 13:47:13,840 | numpy_client.py:201 | Not a switch point
INFO flower 2021-04-08 13:47:13,844 | numpy_client.py:205 | Cache is fresh, return FitRes(clock=16)
DEBUG flower 2021-04-08 13:47:13,877 | numpy_client.py:172 | fit, FitIns(clock=17)
DEBUG flower 2021-04-08 13:47:13,877 | numpy_client.py:260 | cached_clock: -1, curr_clock: 17
DEBUG flower 2021-04-08 13:47:17,522 | acc_variance.py:19 | AccuracyVariance: sample variance 0.00043972176874121995 (last 7 data)
DEBUG flower 2021-04-08 13:47:17,522 | numpy_client.py:201 | Not a switch point
INFO flower 2021-04-08 13:47:17,526 | numpy_client.py:205 | Cache is fresh, return FitRes(clock=17)
DEBUG flower 2021-04-08 13:47:23,520 | numpy_client.py:172 | fit, FitIns(clock=18)
DEBUG flower 2021-04-08 13:47:23,520 | numpy_client.py:260 | cached_clock: -1, curr_clock: 18
DEBUG flower 2021-04-08 13:47:27,208 | acc_variance.py:19 | AccuracyVariance: sample variance 0.0003697360217643893 (last 7 data)
DEBUG flower 2021-04-08 13:47:27,208 | numpy_client.py:201 | Not a switch point
INFO flower 2021-04-08 13:47:27,213 | numpy_client.py:205 | Cache is fresh, return FitRes(clock=18)
DEBUG flower 2021-04-08 13:47:27,235 | numpy_client.py:172 | fit, FitIns(clock=19)
DEBUG flower 2021-04-08 13:47:27,235 | numpy_client.py:260 | cached_clock: -1, curr_clock: 19
DEBUG flower 2021-04-08 13:47:30,619 | acc_variance.py:19 | AccuracyVariance: sample variance 0.0003497468715714814 (last 7 data)
DEBUG flower 2021-04-08 13:47:30,619 | numpy_client.py:201 | Not a switch point
INFO flower 2021-04-08 13:47:30,623 | numpy_client.py:205 | Cache is fresh, return FitRes(clock=19)
DEBUG flower 2021-04-08 13:47:36,655 | numpy_client.py:172 | fit, FitIns(clock=20)
DEBUG flower 2021-04-08 13:47:36,655 | numpy_client.py:260 | cached_clock: -1, curr_clock: 20
DEBUG flower 2021-04-08 13:47:40,222 | acc_variance.py:19 | AccuracyVariance: sample variance 0.00040093744053860345 (last 7 data)
DEBUG flower 2021-04-08 13:47:40,222 | numpy_client.py:201 | Not a switch point
INFO flower 2021-04-08 13:47:40,226 | numpy_client.py:205 | Cache is fresh, return FitRes(clock=20)
DEBUG flower 2021-04-08 13:47:40,276 | numpy_client.py:172 | fit, FitIns(clock=21)
DEBUG flower 2021-04-08 13:47:40,276 | numpy_client.py:260 | cached_clock: -1, curr_clock: 21
DEBUG flower 2021-04-08 13:47:43,612 | acc_variance.py:19 | AccuracyVariance: sample variance 0.0005098182151257639 (last 7 data)
DEBUG flower 2021-04-08 13:47:43,613 | numpy_client.py:201 | Not a switch point
INFO flower 2021-04-08 13:47:43,617 | numpy_client.py:205 | Cache is fresh, return FitRes(clock=21)
DEBUG flower 2021-04-08 13:47:49,771 | numpy_client.py:172 | fit, FitIns(clock=22)
DEBUG flower 2021-04-08 13:47:49,772 | numpy_client.py:260 | cached_clock: -1, curr_clock: 22
DEBUG flower 2021-04-08 13:47:53,320 | acc_variance.py:19 | AccuracyVariance: sample variance 0.0005571343048229 (last 7 data)
DEBUG flower 2021-04-08 13:47:53,320 | numpy_client.py:201 | Not a switch point
INFO flower 2021-04-08 13:47:53,325 | numpy_client.py:205 | Cache is fresh, return FitRes(clock=22)
DEBUG flower 2021-04-08 13:47:53,348 | numpy_client.py:172 | fit, FitIns(clock=23)
DEBUG flower 2021-04-08 13:47:53,348 | numpy_client.py:260 | cached_clock: -1, curr_clock: 23
DEBUG flower 2021-04-08 13:47:56,742 | acc_variance.py:19 | AccuracyVariance: sample variance 0.0006326471150848745 (last 7 data)
DEBUG flower 2021-04-08 13:47:56,742 | numpy_client.py:201 | Not a switch point
INFO flower 2021-04-08 13:47:56,810 | numpy_client.py:205 | Cache is fresh, return FitRes(clock=23)
DEBUG flower 2021-04-08 13:48:03,601 | numpy_client.py:172 | fit, FitIns(clock=24)
DEBUG flower 2021-04-08 13:48:03,601 | numpy_client.py:260 | cached_clock: -1, curr_clock: 24
DEBUG flower 2021-04-08 13:48:07,112 | acc_variance.py:19 | AccuracyVariance: sample variance 0.000652280445752989 (last 7 data)
DEBUG flower 2021-04-08 13:48:07,113 | numpy_client.py:201 | Not a switch point
INFO flower 2021-04-08 13:48:07,116 | numpy_client.py:205 | Cache is fresh, return FitRes(clock=24)
DEBUG flower 2021-04-08 13:48:07,140 | numpy_client.py:172 | fit, FitIns(clock=25)
DEBUG flower 2021-04-08 13:48:07,140 | numpy_client.py:260 | cached_clock: -1, curr_clock: 25
DEBUG flower 2021-04-08 13:48:10,623 | acc_variance.py:19 | AccuracyVariance: sample variance 0.0006274837784250779 (last 7 data)
DEBUG flower 2021-04-08 13:48:10,624 | numpy_client.py:201 | Not a switch point
INFO flower 2021-04-08 13:48:10,627 | numpy_client.py:205 | Cache is fresh, return FitRes(clock=25)
DEBUG flower 2021-04-08 13:48:16,769 | numpy_client.py:172 | fit, FitIns(clock=26)
DEBUG flower 2021-04-08 13:48:16,769 | numpy_client.py:260 | cached_clock: -1, curr_clock: 26
DEBUG flower 2021-04-08 13:48:20,415 | acc_variance.py:19 | AccuracyVariance: sample variance 0.0005507849030804555 (last 7 data)
DEBUG flower 2021-04-08 13:48:20,415 | numpy_client.py:201 | Not a switch point
INFO flower 2021-04-08 13:48:20,418 | numpy_client.py:205 | Cache is fresh, return FitRes(clock=26)
DEBUG flower 2021-04-08 13:48:20,442 | numpy_client.py:172 | fit, FitIns(clock=27)
DEBUG flower 2021-04-08 13:48:20,442 | numpy_client.py:260 | cached_clock: -1, curr_clock: 27
DEBUG flower 2021-04-08 13:48:24,008 | acc_variance.py:19 | AccuracyVariance: sample variance 0.00045534619942998124 (last 7 data)
DEBUG flower 2021-04-08 13:48:24,008 | numpy_client.py:201 | Not a switch point
INFO flower 2021-04-08 13:48:24,012 | numpy_client.py:205 | Cache is fresh, return FitRes(clock=27)
DEBUG flower 2021-04-08 13:48:29,869 | numpy_client.py:172 | fit, FitIns(clock=28)
DEBUG flower 2021-04-08 13:48:29,869 | numpy_client.py:260 | cached_clock: -1, curr_clock: 28
DEBUG flower 2021-04-08 13:48:33,340 | acc_variance.py:19 | AccuracyVariance: sample variance 0.00038256924595864996 (last 7 data)
DEBUG flower 2021-04-08 13:48:33,341 | numpy_client.py:201 | Not a switch point
INFO flower 2021-04-08 13:48:33,344 | numpy_client.py:205 | Cache is fresh, return FitRes(clock=28)
DEBUG flower 2021-04-08 13:48:33,365 | numpy_client.py:172 | fit, FitIns(clock=29)
DEBUG flower 2021-04-08 13:48:33,366 | numpy_client.py:260 | cached_clock: -1, curr_clock: 29
DEBUG flower 2021-04-08 13:48:36,817 | acc_variance.py:19 | AccuracyVariance: sample variance 0.00026676975838937076 (last 7 data)
DEBUG flower 2021-04-08 13:48:36,817 | numpy_client.py:201 | Not a switch point
INFO flower 2021-04-08 13:48:36,821 | numpy_client.py:205 | Cache is fresh, return FitRes(clock=29)
DEBUG flower 2021-04-08 13:48:43,112 | numpy_client.py:172 | fit, FitIns(clock=30)
DEBUG flower 2021-04-08 13:48:43,112 | numpy_client.py:260 | cached_clock: -1, curr_clock: 30
INFO flower 2021-04-08 13:48:43,112 | numpy_client.py:184 | Cache is stale, return ReadIns
DEBUG flower 2021-04-08 13:48:43,209 | numpy_client.py:228 | read: ReadRes(clock=14)
DEBUG flower 2021-04-08 13:48:43,216 | numpy_client.py:172 | fit, FitIns(clock=30)
DEBUG flower 2021-04-08 13:48:43,216 | numpy_client.py:260 | cached_clock: 14, curr_clock: 30
DEBUG flower 2021-04-08 13:48:46,719 | acc_variance.py:19 | AccuracyVariance: sample variance 0.0006615871031015072 (last 7 data)
DEBUG flower 2021-04-08 13:48:46,719 | numpy_client.py:201 | Not a switch point
INFO flower 2021-04-08 13:48:46,723 | numpy_client.py:205 | Cache is fresh, return FitRes(clock=30)
DEBUG flower 2021-04-08 13:48:46,746 | numpy_client.py:172 | fit, FitIns(clock=31)
DEBUG flower 2021-04-08 13:48:46,747 | numpy_client.py:260 | cached_clock: 14, curr_clock: 31
DEBUG flower 2021-04-08 13:48:50,313 | acc_variance.py:19 | AccuracyVariance: sample variance 0.000683885126655305 (last 7 data)
DEBUG flower 2021-04-08 13:48:50,313 | numpy_client.py:201 | Not a switch point
INFO flower 2021-04-08 13:48:50,316 | numpy_client.py:205 | Cache is fresh, return FitRes(clock=31)
DEBUG flower 2021-04-08 13:48:57,176 | numpy_client.py:172 | fit, FitIns(clock=32)
DEBUG flower 2021-04-08 13:48:57,176 | numpy_client.py:260 | cached_clock: 14, curr_clock: 32
DEBUG flower 2021-04-08 13:49:00,738 | acc_variance.py:19 | AccuracyVariance: sample variance 0.0006984974484735385 (last 7 data)
DEBUG flower 2021-04-08 13:49:00,738 | numpy_client.py:201 | Not a switch point
INFO flower 2021-04-08 13:49:00,741 | numpy_client.py:205 | Cache is fresh, return FitRes(clock=32)
DEBUG flower 2021-04-08 13:49:00,764 | numpy_client.py:172 | fit, FitIns(clock=33)
DEBUG flower 2021-04-08 13:49:00,764 | numpy_client.py:260 | cached_clock: 14, curr_clock: 33
DEBUG flower 2021-04-08 13:49:04,323 | acc_variance.py:19 | AccuracyVariance: sample variance 0.0006798841337765032 (last 7 data)
DEBUG flower 2021-04-08 13:49:04,324 | numpy_client.py:201 | Not a switch point
INFO flower 2021-04-08 13:49:04,327 | numpy_client.py:205 | Cache is fresh, return FitRes(clock=33)
DEBUG flower 2021-04-08 13:49:12,418 | numpy_client.py:172 | fit, FitIns(clock=34)
DEBUG flower 2021-04-08 13:49:12,419 | numpy_client.py:260 | cached_clock: 14, curr_clock: 34
DEBUG flower 2021-04-08 13:49:15,910 | acc_variance.py:19 | AccuracyVariance: sample variance 0.0006590963664279449 (last 7 data)
DEBUG flower 2021-04-08 13:49:15,911 | numpy_client.py:201 | Not a switch point
INFO flower 2021-04-08 13:49:15,916 | numpy_client.py:205 | Cache is fresh, return FitRes(clock=34)
DEBUG flower 2021-04-08 13:49:15,938 | numpy_client.py:172 | fit, FitIns(clock=35)
DEBUG flower 2021-04-08 13:49:15,938 | numpy_client.py:260 | cached_clock: 14, curr_clock: 35
DEBUG flower 2021-04-08 13:49:19,318 | acc_variance.py:19 | AccuracyVariance: sample variance 0.0006109737524746068 (last 7 data)
DEBUG flower 2021-04-08 13:49:19,318 | numpy_client.py:201 | Not a switch point
INFO flower 2021-04-08 13:49:19,322 | numpy_client.py:205 | Cache is fresh, return FitRes(clock=35)
DEBUG flower 2021-04-08 13:49:25,875 | numpy_client.py:172 | fit, FitIns(clock=36)
DEBUG flower 2021-04-08 13:49:25,875 | numpy_client.py:260 | cached_clock: 14, curr_clock: 36
DEBUG flower 2021-04-08 13:49:29,424 | acc_variance.py:19 | AccuracyVariance: sample variance 0.0005741266639069835 (last 7 data)
DEBUG flower 2021-04-08 13:49:29,424 | numpy_client.py:201 | Not a switch point
INFO flower 2021-04-08 13:49:29,428 | numpy_client.py:205 | Cache is fresh, return FitRes(clock=36)
DEBUG flower 2021-04-08 13:49:29,451 | numpy_client.py:172 | fit, FitIns(clock=37)
DEBUG flower 2021-04-08 13:49:29,451 | numpy_client.py:260 | cached_clock: 14, curr_clock: 37
DEBUG flower 2021-04-08 13:49:33,021 | acc_variance.py:19 | AccuracyVariance: sample variance 0.0002626185306001 (last 7 data)
DEBUG flower 2021-04-08 13:49:33,021 | numpy_client.py:201 | Not a switch point
INFO flower 2021-04-08 13:49:33,024 | numpy_client.py:205 | Cache is fresh, return FitRes(clock=37)
DEBUG flower 2021-04-08 13:49:38,945 | numpy_client.py:172 | fit, FitIns(clock=38)
DEBUG flower 2021-04-08 13:49:38,945 | numpy_client.py:260 | cached_clock: 14, curr_clock: 38
DEBUG flower 2021-04-08 13:49:42,539 | acc_variance.py:19 | AccuracyVariance: sample variance 0.0002698139921015026 (last 7 data)
DEBUG flower 2021-04-08 13:49:42,540 | numpy_client.py:201 | Not a switch point
INFO flower 2021-04-08 13:49:42,543 | numpy_client.py:205 | Cache is fresh, return FitRes(clock=38)
DEBUG flower 2021-04-08 13:49:42,567 | numpy_client.py:172 | fit, FitIns(clock=39)
DEBUG flower 2021-04-08 13:49:42,567 | numpy_client.py:260 | cached_clock: 14, curr_clock: 39
DEBUG flower 2021-04-08 13:49:46,119 | acc_variance.py:19 | AccuracyVariance: sample variance 0.00023295108933277735 (last 7 data)
DEBUG flower 2021-04-08 13:49:46,120 | numpy_client.py:201 | Not a switch point
INFO flower 2021-04-08 13:49:46,123 | numpy_client.py:205 | Cache is fresh, return FitRes(clock=39)
DEBUG flower 2021-04-08 13:49:52,452 | numpy_client.py:172 | fit, FitIns(clock=40)
DEBUG flower 2021-04-08 13:49:52,453 | numpy_client.py:260 | cached_clock: 14, curr_clock: 40
DEBUG flower 2021-04-08 13:49:55,843 | acc_variance.py:19 | AccuracyVariance: sample variance 0.0002050073959855713 (last 7 data)
DEBUG flower 2021-04-08 13:49:55,843 | numpy_client.py:201 | Not a switch point
INFO flower 2021-04-08 13:49:55,846 | numpy_client.py:205 | Cache is fresh, return FitRes(clock=40)
DEBUG flower 2021-04-08 13:49:55,930 | numpy_client.py:172 | fit, FitIns(clock=41)
DEBUG flower 2021-04-08 13:49:55,930 | numpy_client.py:260 | cached_clock: 14, curr_clock: 41
DEBUG flower 2021-04-08 13:49:59,253 | acc_variance.py:19 | AccuracyVariance: sample variance 0.00019006297594419667 (last 7 data)
DEBUG flower 2021-04-08 13:49:59,253 | numpy_client.py:201 | Not a switch point
INFO flower 2021-04-08 13:49:59,309 | numpy_client.py:205 | Cache is fresh, return FitRes(clock=41)
DEBUG flower 2021-04-08 13:50:06,399 | numpy_client.py:172 | fit, FitIns(clock=42)
DEBUG flower 2021-04-08 13:50:06,399 | numpy_client.py:260 | cached_clock: 14, curr_clock: 42
DEBUG flower 2021-04-08 13:50:10,042 | acc_variance.py:19 | AccuracyVariance: sample variance 0.00016918823048957718 (last 7 data)
DEBUG flower 2021-04-08 13:50:10,043 | numpy_client.py:201 | Not a switch point
INFO flower 2021-04-08 13:50:10,046 | numpy_client.py:205 | Cache is fresh, return FitRes(clock=42)
DEBUG flower 2021-04-08 13:50:10,131 | numpy_client.py:172 | fit, FitIns(clock=43)
DEBUG flower 2021-04-08 13:50:10,131 | numpy_client.py:260 | cached_clock: 14, curr_clock: 43
DEBUG flower 2021-04-08 13:50:13,726 | acc_variance.py:19 | AccuracyVariance: sample variance 0.00014655810871263796 (last 7 data)
DEBUG flower 2021-04-08 13:50:13,726 | numpy_client.py:201 | Not a switch point
INFO flower 2021-04-08 13:50:13,730 | numpy_client.py:205 | Cache is fresh, return FitRes(clock=43)
DEBUG flower 2021-04-08 13:50:19,643 | numpy_client.py:172 | fit, FitIns(clock=44)
DEBUG flower 2021-04-08 13:50:19,643 | numpy_client.py:260 | cached_clock: 14, curr_clock: 44
DEBUG flower 2021-04-08 13:50:23,250 | acc_variance.py:19 | AccuracyVariance: sample variance 0.00014339526849224143 (last 7 data)
DEBUG flower 2021-04-08 13:50:23,251 | numpy_client.py:201 | Not a switch point
INFO flower 2021-04-08 13:50:23,307 | numpy_client.py:205 | Cache is fresh, return FitRes(clock=44)
DEBUG flower 2021-04-08 13:50:23,331 | numpy_client.py:172 | fit, FitIns(clock=45)
DEBUG flower 2021-04-08 13:50:23,331 | numpy_client.py:260 | cached_clock: 14, curr_clock: 45
INFO flower 2021-04-08 13:50:23,331 | numpy_client.py:184 | Cache is stale, return ReadIns
DEBUG flower 2021-04-08 13:50:23,347 | numpy_client.py:228 | read: ReadRes(clock=21)
DEBUG flower 2021-04-08 13:50:23,354 | numpy_client.py:172 | fit, FitIns(clock=45)
DEBUG flower 2021-04-08 13:50:23,354 | numpy_client.py:260 | cached_clock: 21, curr_clock: 45
DEBUG flower 2021-04-08 13:50:26,749 | acc_variance.py:19 | AccuracyVariance: sample variance 0.00012994529045500357 (last 7 data)
DEBUG flower 2021-04-08 13:50:26,749 | numpy_client.py:201 | Not a switch point
INFO flower 2021-04-08 13:50:26,809 | numpy_client.py:205 | Cache is fresh, return FitRes(clock=45)
DEBUG flower 2021-04-08 13:50:32,816 | numpy_client.py:172 | fit, FitIns(clock=46)
DEBUG flower 2021-04-08 13:50:32,817 | numpy_client.py:260 | cached_clock: 21, curr_clock: 46
DEBUG flower 2021-04-08 13:50:36,349 | acc_variance.py:19 | AccuracyVariance: sample variance 0.00011466877219048672 (last 7 data)
DEBUG flower 2021-04-08 13:50:36,349 | numpy_client.py:201 | Not a switch point
INFO flower 2021-04-08 13:50:36,353 | numpy_client.py:205 | Cache is fresh, return FitRes(clock=46)
DEBUG flower 2021-04-08 13:50:36,376 | numpy_client.py:172 | fit, FitIns(clock=47)
DEBUG flower 2021-04-08 13:50:36,376 | numpy_client.py:260 | cached_clock: 21, curr_clock: 47
DEBUG flower 2021-04-08 13:50:40,008 | acc_variance.py:19 | AccuracyVariance: sample variance 9.252889064770896e-05 (last 7 data)
DEBUG flower 2021-04-08 13:50:40,008 | acc_variance.py:23 | AccuracyVariance: should switch
DEBUG flower 2021-04-08 13:50:40,008 | numpy_client.py:199 | Find switch point, staleness_bound -> 29
INFO flower 2021-04-08 13:50:40,011 | numpy_client.py:205 | Cache is fresh, return FitRes(clock=47)
DEBUG flower 2021-04-08 13:50:46,064 | numpy_client.py:172 | fit, FitIns(clock=48)
DEBUG flower 2021-04-08 13:50:46,064 | numpy_client.py:260 | cached_clock: 21, curr_clock: 48
DEBUG flower 2021-04-08 13:50:49,623 | acc_variance.py:19 | AccuracyVariance: sample variance 6.52019511434806e-05 (last 7 data)
DEBUG flower 2021-04-08 13:50:49,623 | acc_variance.py:23 | AccuracyVariance: should switch
DEBUG flower 2021-04-08 13:50:49,623 | numpy_client.py:199 | Find switch point, staleness_bound -> 28
INFO flower 2021-04-08 13:50:49,627 | numpy_client.py:205 | Cache is fresh, return FitRes(clock=48)
DEBUG flower 2021-04-08 13:50:49,650 | numpy_client.py:172 | fit, FitIns(clock=49)
DEBUG flower 2021-04-08 13:50:49,650 | numpy_client.py:260 | cached_clock: 21, curr_clock: 49
DEBUG flower 2021-04-08 13:50:53,225 | acc_variance.py:19 | AccuracyVariance: sample variance 5.9746051763295914e-05 (last 7 data)
DEBUG flower 2021-04-08 13:50:53,226 | acc_variance.py:23 | AccuracyVariance: should switch
DEBUG flower 2021-04-08 13:50:53,226 | numpy_client.py:199 | Find switch point, staleness_bound -> 27
INFO flower 2021-04-08 13:50:53,230 | numpy_client.py:205 | Cache is fresh, return FitRes(clock=49)
DEBUG flower 2021-04-08 13:50:59,774 | numpy_client.py:172 | fit, FitIns(clock=50)
DEBUG flower 2021-04-08 13:50:59,774 | numpy_client.py:260 | cached_clock: 21, curr_clock: 50
INFO flower 2021-04-08 13:50:59,774 | numpy_client.py:184 | Cache is stale, return ReadIns
DEBUG flower 2021-04-08 13:50:59,806 | numpy_client.py:228 | read: ReadRes(clock=24)
DEBUG flower 2021-04-08 13:50:59,813 | numpy_client.py:172 | fit, FitIns(clock=50)
DEBUG flower 2021-04-08 13:50:59,814 | numpy_client.py:260 | cached_clock: 24, curr_clock: 50
DEBUG flower 2021-04-08 13:51:03,140 | acc_variance.py:19 | AccuracyVariance: sample variance 5.974605176329604e-05 (last 7 data)
DEBUG flower 2021-04-08 13:51:03,140 | acc_variance.py:23 | AccuracyVariance: should switch
DEBUG flower 2021-04-08 13:51:03,140 | numpy_client.py:199 | Find switch point, staleness_bound -> 26
INFO flower 2021-04-08 13:51:03,143 | numpy_client.py:205 | Cache is fresh, return FitRes(clock=50)
DEBUG flower 2021-04-08 13:51:03,185 | numpy_client.py:172 | fit, FitIns(clock=51)
DEBUG flower 2021-04-08 13:51:03,185 | numpy_client.py:260 | cached_clock: 24, curr_clock: 51
INFO flower 2021-04-08 13:51:03,185 | numpy_client.py:184 | Cache is stale, return ReadIns
DEBUG flower 2021-04-08 13:51:04,709 | numpy_client.py:228 | read: ReadRes(clock=25)
DEBUG flower 2021-04-08 13:51:04,716 | numpy_client.py:172 | fit, FitIns(clock=51)
DEBUG flower 2021-04-08 13:51:04,716 | numpy_client.py:260 | cached_clock: 25, curr_clock: 51
DEBUG flower 2021-04-08 13:51:08,132 | acc_variance.py:19 | AccuracyVariance: sample variance 0.020641438545761486 (last 7 data)
DEBUG flower 2021-04-08 13:51:08,132 | numpy_client.py:201 | Not a switch point
INFO flower 2021-04-08 13:51:08,135 | numpy_client.py:205 | Cache is fresh, return FitRes(clock=51)
DEBUG flower 2021-04-08 13:51:14,302 | numpy_client.py:172 | fit, FitIns(clock=52)
DEBUG flower 2021-04-08 13:51:14,302 | numpy_client.py:260 | cached_clock: 25, curr_clock: 52
INFO flower 2021-04-08 13:51:14,302 | numpy_client.py:184 | Cache is stale, return ReadIns
DEBUG flower 2021-04-08 13:51:18,709 | numpy_client.py:228 | read: ReadRes(clock=26)
DEBUG flower 2021-04-08 13:51:18,716 | numpy_client.py:172 | fit, FitIns(clock=52)
DEBUG flower 2021-04-08 13:51:18,716 | numpy_client.py:260 | cached_clock: 26, curr_clock: 52
DEBUG flower 2021-04-08 13:51:22,221 | acc_variance.py:19 | AccuracyVariance: sample variance 0.026473146600933566 (last 7 data)
DEBUG flower 2021-04-08 13:51:22,221 | numpy_client.py:201 | Not a switch point
INFO flower 2021-04-08 13:51:22,225 | numpy_client.py:205 | Cache is fresh, return FitRes(clock=52)
DEBUG flower 2021-04-08 13:51:27,436 | numpy_client.py:172 | fit, FitIns(clock=53)
DEBUG flower 2021-04-08 13:51:27,437 | numpy_client.py:260 | cached_clock: 26, curr_clock: 53
INFO flower 2021-04-08 13:51:27,437 | numpy_client.py:184 | Cache is stale, return ReadIns
DEBUG flower 2021-04-08 13:51:32,023 | numpy_client.py:228 | read: ReadRes(clock=27)
DEBUG flower 2021-04-08 13:51:32,030 | numpy_client.py:172 | fit, FitIns(clock=53)
DEBUG flower 2021-04-08 13:51:32,030 | numpy_client.py:260 | cached_clock: 27, curr_clock: 53
DEBUG flower 2021-04-08 13:51:35,522 | acc_variance.py:19 | AccuracyVariance: sample variance 0.031238597961005466 (last 7 data)
DEBUG flower 2021-04-08 13:51:35,523 | numpy_client.py:201 | Not a switch point
INFO flower 2021-04-08 13:51:35,527 | numpy_client.py:205 | Cache is fresh, return FitRes(clock=53)
DEBUG flower 2021-04-08 13:51:41,625 | numpy_client.py:172 | fit, FitIns(clock=54)
DEBUG flower 2021-04-08 13:51:41,625 | numpy_client.py:260 | cached_clock: 27, curr_clock: 54
INFO flower 2021-04-08 13:51:41,625 | numpy_client.py:184 | Cache is stale, return ReadIns
DEBUG flower 2021-04-08 13:51:45,821 | numpy_client.py:228 | read: ReadRes(clock=28)
DEBUG flower 2021-04-08 13:51:45,828 | numpy_client.py:172 | fit, FitIns(clock=54)
DEBUG flower 2021-04-08 13:51:45,828 | numpy_client.py:260 | cached_clock: 28, curr_clock: 54
DEBUG flower 2021-04-08 13:51:49,242 | acc_variance.py:19 | AccuracyVariance: sample variance 0.029838566737446812 (last 7 data)
DEBUG flower 2021-04-08 13:51:49,242 | numpy_client.py:201 | Not a switch point
INFO flower 2021-04-08 13:51:49,245 | numpy_client.py:205 | Cache is fresh, return FitRes(clock=54)
DEBUG flower 2021-04-08 13:51:54,362 | numpy_client.py:172 | fit, FitIns(clock=55)
DEBUG flower 2021-04-08 13:51:54,362 | numpy_client.py:260 | cached_clock: 28, curr_clock: 55
INFO flower 2021-04-08 13:51:54,363 | numpy_client.py:184 | Cache is stale, return ReadIns
DEBUG flower 2021-04-08 13:51:58,829 | numpy_client.py:228 | read: ReadRes(clock=29)
DEBUG flower 2021-04-08 13:51:58,836 | numpy_client.py:172 | fit, FitIns(clock=55)
DEBUG flower 2021-04-08 13:51:58,837 | numpy_client.py:260 | cached_clock: 29, curr_clock: 55
DEBUG flower 2021-04-08 13:52:02,239 | acc_variance.py:19 | AccuracyVariance: sample variance 0.024557967776477778 (last 7 data)
DEBUG flower 2021-04-08 13:52:02,240 | numpy_client.py:201 | Not a switch point
INFO flower 2021-04-08 13:52:02,308 | numpy_client.py:205 | Cache is fresh, return FitRes(clock=55)
DEBUG flower 2021-04-08 13:52:07,828 | numpy_client.py:172 | fit, FitIns(clock=56)
DEBUG flower 2021-04-08 13:52:07,828 | numpy_client.py:260 | cached_clock: 29, curr_clock: 56
INFO flower 2021-04-08 13:52:07,829 | numpy_client.py:184 | Cache is stale, return ReadIns
DEBUG flower 2021-04-08 13:52:12,334 | numpy_client.py:228 | read: ReadRes(clock=30)
DEBUG flower 2021-04-08 13:52:12,341 | numpy_client.py:172 | fit, FitIns(clock=56)
DEBUG flower 2021-04-08 13:52:12,341 | numpy_client.py:260 | cached_clock: 30, curr_clock: 56
DEBUG flower 2021-04-08 13:52:16,012 | acc_variance.py:19 | AccuracyVariance: sample variance 0.015412552022395944 (last 7 data)
DEBUG flower 2021-04-08 13:52:16,013 | numpy_client.py:201 | Not a switch point
INFO flower 2021-04-08 13:52:16,016 | numpy_client.py:205 | Cache is fresh, return FitRes(clock=56)
DEBUG flower 2021-04-08 13:52:21,858 | numpy_client.py:172 | fit, FitIns(clock=57)
DEBUG flower 2021-04-08 13:52:21,858 | numpy_client.py:260 | cached_clock: 30, curr_clock: 57
INFO flower 2021-04-08 13:52:21,858 | numpy_client.py:184 | Cache is stale, return ReadIns
DEBUG flower 2021-04-08 13:52:26,438 | numpy_client.py:228 | read: ReadRes(clock=31)
DEBUG flower 2021-04-08 13:52:26,450 | numpy_client.py:172 | fit, FitIns(clock=57)
DEBUG flower 2021-04-08 13:52:26,450 | numpy_client.py:260 | cached_clock: 31, curr_clock: 57
DEBUG flower 2021-04-08 13:52:29,919 | acc_variance.py:19 | AccuracyVariance: sample variance 0.0014039373312308453 (last 7 data)
DEBUG flower 2021-04-08 13:52:29,919 | numpy_client.py:201 | Not a switch point
INFO flower 2021-04-08 13:52:29,923 | numpy_client.py:205 | Cache is fresh, return FitRes(clock=57)
DEBUG flower 2021-04-08 13:52:35,053 | numpy_client.py:172 | fit, FitIns(clock=58)
DEBUG flower 2021-04-08 13:52:35,053 | numpy_client.py:260 | cached_clock: 31, curr_clock: 58
INFO flower 2021-04-08 13:52:35,053 | numpy_client.py:184 | Cache is stale, return ReadIns
DEBUG flower 2021-04-08 13:52:39,782 | numpy_client.py:228 | read: ReadRes(clock=32)
DEBUG flower 2021-04-08 13:52:39,790 | numpy_client.py:172 | fit, FitIns(clock=58)
DEBUG flower 2021-04-08 13:52:39,790 | numpy_client.py:260 | cached_clock: 32, curr_clock: 58
DEBUG flower 2021-04-08 13:52:43,318 | acc_variance.py:19 | AccuracyVariance: sample variance 0.00026786093826540745 (last 7 data)
DEBUG flower 2021-04-08 13:52:43,319 | numpy_client.py:201 | Not a switch point
INFO flower 2021-04-08 13:52:43,323 | numpy_client.py:205 | Cache is fresh, return FitRes(clock=58)
DEBUG flower 2021-04-08 13:52:48,824 | numpy_client.py:172 | fit, FitIns(clock=59)
DEBUG flower 2021-04-08 13:52:48,825 | numpy_client.py:260 | cached_clock: 32, curr_clock: 59
INFO flower 2021-04-08 13:52:48,825 | numpy_client.py:184 | Cache is stale, return ReadIns
DEBUG flower 2021-04-08 13:52:53,777 | numpy_client.py:228 | read: ReadRes(clock=33)
DEBUG flower 2021-04-08 13:52:53,809 | numpy_client.py:172 | fit, FitIns(clock=59)
DEBUG flower 2021-04-08 13:52:53,809 | numpy_client.py:260 | cached_clock: 33, curr_clock: 59
DEBUG flower 2021-04-08 13:52:57,218 | acc_variance.py:19 | AccuracyVariance: sample variance 0.0001801870073560074 (last 7 data)
DEBUG flower 2021-04-08 13:52:57,219 | numpy_client.py:201 | Not a switch point
INFO flower 2021-04-08 13:52:57,222 | numpy_client.py:205 | Cache is fresh, return FitRes(clock=59)
DEBUG flower 2021-04-08 13:53:02,945 | numpy_client.py:172 | fit, FitIns(clock=60)
DEBUG flower 2021-04-08 13:53:02,945 | numpy_client.py:260 | cached_clock: 33, curr_clock: 60
INFO flower 2021-04-08 13:53:02,946 | numpy_client.py:184 | Cache is stale, return ReadIns
DEBUG flower 2021-04-08 13:53:07,709 | numpy_client.py:228 | read: ReadRes(clock=34)
DEBUG flower 2021-04-08 13:53:07,716 | numpy_client.py:172 | fit, FitIns(clock=60)
DEBUG flower 2021-04-08 13:53:07,716 | numpy_client.py:260 | cached_clock: 34, curr_clock: 60
DEBUG flower 2021-04-08 13:53:11,311 | acc_variance.py:19 | AccuracyVariance: sample variance 0.00011014591067531962 (last 7 data)
DEBUG flower 2021-04-08 13:53:11,311 | numpy_client.py:201 | Not a switch point
INFO flower 2021-04-08 13:53:11,317 | numpy_client.py:205 | Cache is fresh, return FitRes(clock=60)
DEBUG flower 2021-04-08 13:53:16,955 | numpy_client.py:172 | fit, FitIns(clock=61)
DEBUG flower 2021-04-08 13:53:16,955 | numpy_client.py:260 | cached_clock: 34, curr_clock: 61
INFO flower 2021-04-08 13:53:16,955 | numpy_client.py:184 | Cache is stale, return ReadIns
DEBUG flower 2021-04-08 13:53:21,609 | numpy_client.py:228 | read: ReadRes(clock=35)
DEBUG flower 2021-04-08 13:53:21,619 | numpy_client.py:172 | fit, FitIns(clock=61)
DEBUG flower 2021-04-08 13:53:21,620 | numpy_client.py:260 | cached_clock: 35, curr_clock: 61
DEBUG flower 2021-04-08 13:53:25,020 | acc_variance.py:19 | AccuracyVariance: sample variance 0.0015046737922504848 (last 7 data)
DEBUG flower 2021-04-08 13:53:25,021 | numpy_client.py:201 | Not a switch point
INFO flower 2021-04-08 13:53:25,025 | numpy_client.py:205 | Cache is fresh, return FitRes(clock=61)
DEBUG flower 2021-04-08 13:53:30,548 | numpy_client.py:172 | fit, FitIns(clock=62)
DEBUG flower 2021-04-08 13:53:30,548 | numpy_client.py:260 | cached_clock: 35, curr_clock: 62
INFO flower 2021-04-08 13:53:30,548 | numpy_client.py:184 | Cache is stale, return ReadIns
DEBUG flower 2021-04-08 13:53:35,038 | numpy_client.py:228 | read: ReadRes(clock=36)
DEBUG flower 2021-04-08 13:53:35,045 | numpy_client.py:172 | fit, FitIns(clock=62)
DEBUG flower 2021-04-08 13:53:35,045 | numpy_client.py:260 | cached_clock: 36, curr_clock: 62
DEBUG flower 2021-04-08 13:53:38,521 | acc_variance.py:19 | AccuracyVariance: sample variance 0.002171906565145399 (last 7 data)
DEBUG flower 2021-04-08 13:53:38,522 | numpy_client.py:201 | Not a switch point
INFO flower 2021-04-08 13:53:38,525 | numpy_client.py:205 | Cache is fresh, return FitRes(clock=62)
DEBUG flower 2021-04-08 13:53:44,303 | numpy_client.py:172 | fit, FitIns(clock=63)
DEBUG flower 2021-04-08 13:53:44,304 | numpy_client.py:260 | cached_clock: 36, curr_clock: 63
INFO flower 2021-04-08 13:53:44,304 | numpy_client.py:184 | Cache is stale, return ReadIns
DEBUG flower 2021-04-08 13:53:48,749 | numpy_client.py:228 | read: ReadRes(clock=37)
DEBUG flower 2021-04-08 13:53:48,809 | numpy_client.py:172 | fit, FitIns(clock=63)
DEBUG flower 2021-04-08 13:53:48,809 | numpy_client.py:260 | cached_clock: 37, curr_clock: 63
DEBUG flower 2021-04-08 13:53:52,343 | acc_variance.py:19 | AccuracyVariance: sample variance 0.0029602128616771045 (last 7 data)
DEBUG flower 2021-04-08 13:53:52,407 | numpy_client.py:201 | Not a switch point
INFO flower 2021-04-08 13:53:52,411 | numpy_client.py:205 | Cache is fresh, return FitRes(clock=63)
DEBUG flower 2021-04-08 13:53:57,976 | numpy_client.py:172 | fit, FitIns(clock=64)
DEBUG flower 2021-04-08 13:53:57,976 | numpy_client.py:260 | cached_clock: 37, curr_clock: 64
INFO flower 2021-04-08 13:53:57,977 | numpy_client.py:184 | Cache is stale, return ReadIns
DEBUG flower 2021-04-08 13:54:02,527 | numpy_client.py:228 | read: ReadRes(clock=38)
DEBUG flower 2021-04-08 13:54:02,535 | numpy_client.py:172 | fit, FitIns(clock=64)
DEBUG flower 2021-04-08 13:54:02,535 | numpy_client.py:260 | cached_clock: 38, curr_clock: 64
DEBUG flower 2021-04-08 13:54:05,942 | acc_variance.py:19 | AccuracyVariance: sample variance 0.0030099643383439466 (last 7 data)
DEBUG flower 2021-04-08 13:54:05,942 | numpy_client.py:201 | Not a switch point
INFO flower 2021-04-08 13:54:05,945 | numpy_client.py:205 | Cache is fresh, return FitRes(clock=64)
DEBUG flower 2021-04-08 13:54:11,969 | numpy_client.py:172 | fit, FitIns(clock=65)
DEBUG flower 2021-04-08 13:54:11,969 | numpy_client.py:260 | cached_clock: 38, curr_clock: 65
INFO flower 2021-04-08 13:54:11,969 | numpy_client.py:184 | Cache is stale, return ReadIns
DEBUG flower 2021-04-08 13:54:16,144 | numpy_client.py:228 | read: ReadRes(clock=39)
DEBUG flower 2021-04-08 13:54:16,151 | numpy_client.py:172 | fit, FitIns(clock=65)
DEBUG flower 2021-04-08 13:54:16,151 | numpy_client.py:260 | cached_clock: 39, curr_clock: 65
DEBUG flower 2021-04-08 13:54:19,642 | acc_variance.py:19 | AccuracyVariance: sample variance 0.0025738561145545306 (last 7 data)
DEBUG flower 2021-04-08 13:54:19,642 | numpy_client.py:201 | Not a switch point
INFO flower 2021-04-08 13:54:19,646 | numpy_client.py:205 | Cache is fresh, return FitRes(clock=65)
DEBUG flower 2021-04-08 13:54:25,927 | numpy_client.py:172 | fit, FitIns(clock=66)
DEBUG flower 2021-04-08 13:54:25,930 | numpy_client.py:260 | cached_clock: 39, curr_clock: 66
INFO flower 2021-04-08 13:54:25,930 | numpy_client.py:184 | Cache is stale, return ReadIns
DEBUG flower 2021-04-08 13:54:30,309 | numpy_client.py:228 | read: ReadRes(clock=40)
DEBUG flower 2021-04-08 13:54:30,322 | numpy_client.py:172 | fit, FitIns(clock=66)
DEBUG flower 2021-04-08 13:54:30,322 | numpy_client.py:260 | cached_clock: 40, curr_clock: 66
DEBUG flower 2021-04-08 13:54:33,922 | acc_variance.py:19 | AccuracyVariance: sample variance 0.0016974647178847732 (last 7 data)
DEBUG flower 2021-04-08 13:54:33,923 | numpy_client.py:201 | Not a switch point
INFO flower 2021-04-08 13:54:33,926 | numpy_client.py:205 | Cache is fresh, return FitRes(clock=66)
DEBUG flower 2021-04-08 13:54:39,457 | numpy_client.py:172 | fit, FitIns(clock=67)
DEBUG flower 2021-04-08 13:54:39,457 | numpy_client.py:260 | cached_clock: 40, curr_clock: 67
INFO flower 2021-04-08 13:54:39,457 | numpy_client.py:184 | Cache is stale, return ReadIns
DEBUG flower 2021-04-08 13:54:43,660 | numpy_client.py:228 | read: ReadRes(clock=41)
DEBUG flower 2021-04-08 13:54:43,668 | numpy_client.py:172 | fit, FitIns(clock=67)
DEBUG flower 2021-04-08 13:54:43,668 | numpy_client.py:260 | cached_clock: 41, curr_clock: 67
DEBUG flower 2021-04-08 13:54:47,340 | acc_variance.py:19 | AccuracyVariance: sample variance 0.0005808397922747752 (last 7 data)
DEBUG flower 2021-04-08 13:54:47,340 | numpy_client.py:201 | Not a switch point
INFO flower 2021-04-08 13:54:47,343 | numpy_client.py:205 | Cache is fresh, return FitRes(clock=67)
DEBUG flower 2021-04-08 13:54:52,890 | numpy_client.py:172 | fit, FitIns(clock=68)
DEBUG flower 2021-04-08 13:54:52,890 | numpy_client.py:260 | cached_clock: 41, curr_clock: 68
INFO flower 2021-04-08 13:54:52,891 | numpy_client.py:184 | Cache is stale, return ReadIns
DEBUG flower 2021-04-08 13:54:57,421 | numpy_client.py:228 | read: ReadRes(clock=42)
DEBUG flower 2021-04-08 13:54:57,428 | numpy_client.py:172 | fit, FitIns(clock=68)
DEBUG flower 2021-04-08 13:54:57,428 | numpy_client.py:260 | cached_clock: 42, curr_clock: 68
DEBUG flower 2021-04-08 13:55:00,842 | acc_variance.py:19 | AccuracyVariance: sample variance 0.0012321318504588895 (last 7 data)
DEBUG flower 2021-04-08 13:55:00,842 | numpy_client.py:201 | Not a switch point
INFO flower 2021-04-08 13:55:00,845 | numpy_client.py:205 | Cache is fresh, return FitRes(clock=68)
DEBUG flower 2021-04-08 13:55:06,504 | numpy_client.py:172 | fit, FitIns(clock=69)
DEBUG flower 2021-04-08 13:55:06,504 | numpy_client.py:260 | cached_clock: 42, curr_clock: 69
INFO flower 2021-04-08 13:55:06,504 | numpy_client.py:184 | Cache is stale, return ReadIns
DEBUG flower 2021-04-08 13:55:11,038 | numpy_client.py:228 | read: ReadRes(clock=43)
DEBUG flower 2021-04-08 13:55:11,045 | numpy_client.py:172 | fit, FitIns(clock=69)
DEBUG flower 2021-04-08 13:55:11,045 | numpy_client.py:260 | cached_clock: 43, curr_clock: 69
DEBUG flower 2021-04-08 13:55:14,522 | acc_variance.py:19 | AccuracyVariance: sample variance 0.0015765177078567985 (last 7 data)
DEBUG flower 2021-04-08 13:55:14,522 | numpy_client.py:201 | Not a switch point
INFO flower 2021-04-08 13:55:14,526 | numpy_client.py:205 | Cache is fresh, return FitRes(clock=69)
DEBUG flower 2021-04-08 13:55:20,147 | numpy_client.py:172 | fit, FitIns(clock=70)
DEBUG flower 2021-04-08 13:55:20,147 | numpy_client.py:260 | cached_clock: 43, curr_clock: 70
INFO flower 2021-04-08 13:55:20,148 | numpy_client.py:184 | Cache is stale, return ReadIns
DEBUG flower 2021-04-08 13:55:24,532 | numpy_client.py:228 | read: ReadRes(clock=44)
DEBUG flower 2021-04-08 13:55:24,540 | numpy_client.py:172 | fit, FitIns(clock=70)
DEBUG flower 2021-04-08 13:55:24,540 | numpy_client.py:260 | cached_clock: 44, curr_clock: 70
DEBUG flower 2021-04-08 13:55:28,144 | acc_variance.py:19 | AccuracyVariance: sample variance 0.001358993371699007 (last 7 data)
DEBUG flower 2021-04-08 13:55:28,145 | numpy_client.py:201 | Not a switch point
INFO flower 2021-04-08 13:55:28,148 | numpy_client.py:205 | Cache is fresh, return FitRes(clock=70)
DEBUG flower 2021-04-08 13:55:33,854 | numpy_client.py:172 | fit, FitIns(clock=71)
DEBUG flower 2021-04-08 13:55:33,854 | numpy_client.py:260 | cached_clock: 44, curr_clock: 71
INFO flower 2021-04-08 13:55:33,855 | numpy_client.py:184 | Cache is stale, return ReadIns
DEBUG flower 2021-04-08 13:55:38,235 | numpy_client.py:228 | read: ReadRes(clock=45)
DEBUG flower 2021-04-08 13:55:38,242 | numpy_client.py:172 | fit, FitIns(clock=71)
DEBUG flower 2021-04-08 13:55:38,242 | numpy_client.py:260 | cached_clock: 45, curr_clock: 71
DEBUG flower 2021-04-08 13:55:41,740 | acc_variance.py:19 | AccuracyVariance: sample variance 0.0017353713579262295 (last 7 data)
DEBUG flower 2021-04-08 13:55:41,741 | numpy_client.py:201 | Not a switch point
INFO flower 2021-04-08 13:55:41,744 | numpy_client.py:205 | Cache is fresh, return FitRes(clock=71)
DEBUG flower 2021-04-08 13:55:47,457 | numpy_client.py:172 | fit, FitIns(clock=72)
DEBUG flower 2021-04-08 13:55:47,457 | numpy_client.py:260 | cached_clock: 45, curr_clock: 72
INFO flower 2021-04-08 13:55:47,457 | numpy_client.py:184 | Cache is stale, return ReadIns
DEBUG flower 2021-04-08 13:55:51,739 | numpy_client.py:228 | read: ReadRes(clock=46)
DEBUG flower 2021-04-08 13:55:51,746 | numpy_client.py:172 | fit, FitIns(clock=72)
DEBUG flower 2021-04-08 13:55:51,746 | numpy_client.py:260 | cached_clock: 46, curr_clock: 72
DEBUG flower 2021-04-08 13:55:55,343 | acc_variance.py:19 | AccuracyVariance: sample variance 0.0013174178370018907 (last 7 data)
DEBUG flower 2021-04-08 13:55:55,343 | numpy_client.py:201 | Not a switch point
INFO flower 2021-04-08 13:55:55,347 | numpy_client.py:205 | Cache is fresh, return FitRes(clock=72)
DEBUG flower 2021-04-08 13:56:00,927 | numpy_client.py:172 | fit, FitIns(clock=73)
DEBUG flower 2021-04-08 13:56:00,927 | numpy_client.py:260 | cached_clock: 46, curr_clock: 73
INFO flower 2021-04-08 13:56:00,928 | numpy_client.py:184 | Cache is stale, return ReadIns
DEBUG flower 2021-04-08 13:56:05,264 | numpy_client.py:228 | read: ReadRes(clock=47)
DEBUG flower 2021-04-08 13:56:05,272 | numpy_client.py:172 | fit, FitIns(clock=73)
DEBUG flower 2021-04-08 13:56:05,272 | numpy_client.py:260 | cached_clock: 47, curr_clock: 73
DEBUG flower 2021-04-08 13:56:08,924 | acc_variance.py:19 | AccuracyVariance: sample variance 0.0016827258824577244 (last 7 data)
DEBUG flower 2021-04-08 13:56:08,924 | numpy_client.py:201 | Not a switch point
INFO flower 2021-04-08 13:56:08,928 | numpy_client.py:205 | Cache is fresh, return FitRes(clock=73)
DEBUG flower 2021-04-08 13:56:14,721 | numpy_client.py:172 | fit, FitIns(clock=74)
DEBUG flower 2021-04-08 13:56:14,721 | numpy_client.py:260 | cached_clock: 47, curr_clock: 74
INFO flower 2021-04-08 13:56:14,721 | numpy_client.py:184 | Cache is stale, return ReadIns
DEBUG flower 2021-04-08 13:56:19,245 | numpy_client.py:228 | read: ReadRes(clock=48)
DEBUG flower 2021-04-08 13:56:19,253 | numpy_client.py:172 | fit, FitIns(clock=74)
DEBUG flower 2021-04-08 13:56:19,253 | numpy_client.py:260 | cached_clock: 48, curr_clock: 74
DEBUG flower 2021-04-08 13:56:22,842 | acc_variance.py:19 | AccuracyVariance: sample variance 0.0014572153747434307 (last 7 data)
DEBUG flower 2021-04-08 13:56:22,842 | numpy_client.py:201 | Not a switch point
INFO flower 2021-04-08 13:56:22,845 | numpy_client.py:205 | Cache is fresh, return FitRes(clock=74)
DEBUG flower 2021-04-08 13:56:28,051 | numpy_client.py:172 | fit, FitIns(clock=75)
DEBUG flower 2021-04-08 13:56:28,051 | numpy_client.py:260 | cached_clock: 48, curr_clock: 75
INFO flower 2021-04-08 13:56:28,051 | numpy_client.py:184 | Cache is stale, return ReadIns
DEBUG flower 2021-04-08 13:56:32,140 | numpy_client.py:228 | read: ReadRes(clock=49)
DEBUG flower 2021-04-08 13:56:32,147 | numpy_client.py:172 | fit, FitIns(clock=75)
DEBUG flower 2021-04-08 13:56:32,147 | numpy_client.py:260 | cached_clock: 49, curr_clock: 75
DEBUG flower 2021-04-08 13:56:35,733 | acc_variance.py:19 | AccuracyVariance: sample variance 0.0016014804242962808 (last 7 data)
DEBUG flower 2021-04-08 13:56:35,734 | numpy_client.py:201 | Not a switch point
INFO flower 2021-04-08 13:56:35,737 | numpy_client.py:205 | Cache is fresh, return FitRes(clock=75)
DEBUG flower 2021-04-08 13:56:41,711 | numpy_client.py:172 | fit, FitIns(clock=76)
DEBUG flower 2021-04-08 13:56:41,711 | numpy_client.py:260 | cached_clock: 49, curr_clock: 76
INFO flower 2021-04-08 13:56:41,711 | numpy_client.py:184 | Cache is stale, return ReadIns
DEBUG flower 2021-04-08 13:56:46,710 | numpy_client.py:228 | read: ReadRes(clock=50)
DEBUG flower 2021-04-08 13:56:46,717 | numpy_client.py:172 | fit, FitIns(clock=76)
DEBUG flower 2021-04-08 13:56:46,717 | numpy_client.py:260 | cached_clock: 50, curr_clock: 76
DEBUG flower 2021-04-08 13:56:50,222 | acc_variance.py:19 | AccuracyVariance: sample variance 0.003121161893392548 (last 7 data)
DEBUG flower 2021-04-08 13:56:50,222 | numpy_client.py:201 | Not a switch point
INFO flower 2021-04-08 13:56:50,226 | numpy_client.py:205 | Cache is fresh, return FitRes(clock=76)
DEBUG flower 2021-04-08 13:56:56,032 | numpy_client.py:172 | fit, FitIns(clock=77)
DEBUG flower 2021-04-08 13:56:56,032 | numpy_client.py:260 | cached_clock: 50, curr_clock: 77
INFO flower 2021-04-08 13:56:56,033 | numpy_client.py:184 | Cache is stale, return ReadIns
DEBUG flower 2021-04-08 13:57:00,809 | numpy_client.py:228 | read: ReadRes(clock=51)
DEBUG flower 2021-04-08 13:57:00,817 | numpy_client.py:172 | fit, FitIns(clock=77)
DEBUG flower 2021-04-08 13:57:00,817 | numpy_client.py:260 | cached_clock: 51, curr_clock: 77
DEBUG flower 2021-04-08 13:57:04,323 | acc_variance.py:19 | AccuracyVariance: sample variance 0.0023196902744434407 (last 7 data)
DEBUG flower 2021-04-08 13:57:04,324 | numpy_client.py:201 | Not a switch point
INFO flower 2021-04-08 13:57:04,327 | numpy_client.py:205 | Cache is fresh, return FitRes(clock=77)
DEBUG flower 2021-04-08 13:57:09,915 | numpy_client.py:172 | fit, FitIns(clock=78)
DEBUG flower 2021-04-08 13:57:09,915 | numpy_client.py:260 | cached_clock: 51, curr_clock: 78
INFO flower 2021-04-08 13:57:09,916 | numpy_client.py:184 | Cache is stale, return ReadIns
DEBUG flower 2021-04-08 13:57:14,994 | numpy_client.py:228 | read: ReadRes(clock=52)
DEBUG flower 2021-04-08 13:57:15,001 | numpy_client.py:172 | fit, FitIns(clock=78)
DEBUG flower 2021-04-08 13:57:15,001 | numpy_client.py:260 | cached_clock: 52, curr_clock: 78
DEBUG flower 2021-04-08 13:57:18,707 | acc_variance.py:19 | AccuracyVariance: sample variance 0.003994793711970009 (last 7 data)
DEBUG flower 2021-04-08 13:57:18,708 | numpy_client.py:201 | Not a switch point
INFO flower 2021-04-08 13:57:18,714 | numpy_client.py:205 | Cache is fresh, return FitRes(clock=78)
DEBUG flower 2021-04-08 13:57:24,186 | numpy_client.py:172 | fit, FitIns(clock=79)
DEBUG flower 2021-04-08 13:57:24,187 | numpy_client.py:260 | cached_clock: 52, curr_clock: 79
INFO flower 2021-04-08 13:57:24,187 | numpy_client.py:184 | Cache is stale, return ReadIns
DEBUG flower 2021-04-08 13:57:28,936 | numpy_client.py:228 | read: ReadRes(clock=53)
DEBUG flower 2021-04-08 13:57:28,943 | numpy_client.py:172 | fit, FitIns(clock=79)
DEBUG flower 2021-04-08 13:57:28,943 | numpy_client.py:260 | cached_clock: 53, curr_clock: 79
DEBUG flower 2021-04-08 13:57:32,709 | acc_variance.py:19 | AccuracyVariance: sample variance 0.005182598356740038 (last 7 data)
DEBUG flower 2021-04-08 13:57:32,709 | numpy_client.py:201 | Not a switch point
INFO flower 2021-04-08 13:57:32,713 | numpy_client.py:205 | Cache is fresh, return FitRes(clock=79)
DEBUG flower 2021-04-08 13:57:38,725 | numpy_client.py:172 | fit, FitIns(clock=80)
DEBUG flower 2021-04-08 13:57:38,726 | numpy_client.py:260 | cached_clock: 53, curr_clock: 80
INFO flower 2021-04-08 13:57:38,726 | numpy_client.py:184 | Cache is stale, return ReadIns
DEBUG flower 2021-04-08 13:57:43,561 | numpy_client.py:228 | read: ReadRes(clock=54)
DEBUG flower 2021-04-08 13:57:43,569 | numpy_client.py:172 | fit, FitIns(clock=80)
DEBUG flower 2021-04-08 13:57:43,569 | numpy_client.py:260 | cached_clock: 54, curr_clock: 80
DEBUG flower 2021-04-08 13:57:47,028 | acc_variance.py:19 | AccuracyVariance: sample variance 0.004931318608330061 (last 7 data)
DEBUG flower 2021-04-08 13:57:47,028 | numpy_client.py:201 | Not a switch point
INFO flower 2021-04-08 13:57:47,032 | numpy_client.py:205 | Cache is fresh, return FitRes(clock=80)
DEBUG flower 2021-04-08 13:57:52,424 | numpy_client.py:172 | fit, FitIns(clock=81)
DEBUG flower 2021-04-08 13:57:52,424 | numpy_client.py:260 | cached_clock: 54, curr_clock: 81
INFO flower 2021-04-08 13:57:52,424 | numpy_client.py:184 | Cache is stale, return ReadIns
DEBUG flower 2021-04-08 13:57:56,809 | numpy_client.py:228 | read: ReadRes(clock=55)
DEBUG flower 2021-04-08 13:57:56,816 | numpy_client.py:172 | fit, FitIns(clock=81)
DEBUG flower 2021-04-08 13:57:56,817 | numpy_client.py:260 | cached_clock: 55, curr_clock: 81
DEBUG flower 2021-04-08 13:58:00,440 | acc_variance.py:19 | AccuracyVariance: sample variance 0.004444897503734683 (last 7 data)
DEBUG flower 2021-04-08 13:58:00,441 | numpy_client.py:201 | Not a switch point
INFO flower 2021-04-08 13:58:00,444 | numpy_client.py:205 | Cache is fresh, return FitRes(clock=81)
DEBUG flower 2021-04-08 13:58:05,651 | numpy_client.py:172 | fit, FitIns(clock=82)
DEBUG flower 2021-04-08 13:58:05,651 | numpy_client.py:260 | cached_clock: 55, curr_clock: 82
INFO flower 2021-04-08 13:58:05,652 | numpy_client.py:184 | Cache is stale, return ReadIns
DEBUG flower 2021-04-08 13:58:10,047 | numpy_client.py:228 | read: ReadRes(clock=56)
DEBUG flower 2021-04-08 13:58:10,054 | numpy_client.py:172 | fit, FitIns(clock=82)
DEBUG flower 2021-04-08 13:58:10,054 | numpy_client.py:260 | cached_clock: 56, curr_clock: 82
DEBUG flower 2021-04-08 13:58:13,526 | acc_variance.py:19 | AccuracyVariance: sample variance 0.0028736301106437423 (last 7 data)
DEBUG flower 2021-04-08 13:58:13,527 | numpy_client.py:201 | Not a switch point
INFO flower 2021-04-08 13:58:13,530 | numpy_client.py:205 | Cache is fresh, return FitRes(clock=82)
DEBUG flower 2021-04-08 13:58:19,407 | numpy_client.py:172 | fit, FitIns(clock=83)
DEBUG flower 2021-04-08 13:58:19,407 | numpy_client.py:260 | cached_clock: 56, curr_clock: 83
INFO flower 2021-04-08 13:58:19,408 | numpy_client.py:184 | Cache is stale, return ReadIns
DEBUG flower 2021-04-08 13:58:23,899 | numpy_client.py:228 | read: ReadRes(clock=57)
DEBUG flower 2021-04-08 13:58:23,907 | numpy_client.py:172 | fit, FitIns(clock=83)
DEBUG flower 2021-04-08 13:58:23,907 | numpy_client.py:260 | cached_clock: 57, curr_clock: 83
DEBUG flower 2021-04-08 13:58:27,426 | acc_variance.py:19 | AccuracyVariance: sample variance 0.00381856816199005 (last 7 data)
DEBUG flower 2021-04-08 13:58:27,427 | numpy_client.py:201 | Not a switch point
INFO flower 2021-04-08 13:58:27,431 | numpy_client.py:205 | Cache is fresh, return FitRes(clock=83)
DEBUG flower 2021-04-08 13:58:32,885 | numpy_client.py:172 | fit, FitIns(clock=84)
DEBUG flower 2021-04-08 13:58:32,885 | numpy_client.py:260 | cached_clock: 57, curr_clock: 84
INFO flower 2021-04-08 13:58:32,885 | numpy_client.py:184 | Cache is stale, return ReadIns
DEBUG flower 2021-04-08 13:58:38,331 | numpy_client.py:228 | read: ReadRes(clock=58)
DEBUG flower 2021-04-08 13:58:38,343 | numpy_client.py:172 | fit, FitIns(clock=84)
DEBUG flower 2021-04-08 13:58:38,344 | numpy_client.py:260 | cached_clock: 58, curr_clock: 84
DEBUG flower 2021-04-08 13:58:42,113 | acc_variance.py:19 | AccuracyVariance: sample variance 0.0016287124785938978 (last 7 data)
DEBUG flower 2021-04-08 13:58:42,114 | numpy_client.py:201 | Not a switch point
INFO flower 2021-04-08 13:58:42,117 | numpy_client.py:205 | Cache is fresh, return FitRes(clock=84)
DEBUG flower 2021-04-08 13:58:47,675 | numpy_client.py:172 | fit, FitIns(clock=85)
DEBUG flower 2021-04-08 13:58:47,675 | numpy_client.py:260 | cached_clock: 58, curr_clock: 85
INFO flower 2021-04-08 13:58:47,675 | numpy_client.py:184 | Cache is stale, return ReadIns
DEBUG flower 2021-04-08 13:58:52,757 | numpy_client.py:228 | read: ReadRes(clock=59)
DEBUG flower 2021-04-08 13:58:52,765 | numpy_client.py:172 | fit, FitIns(clock=85)
DEBUG flower 2021-04-08 13:58:52,765 | numpy_client.py:260 | cached_clock: 59, curr_clock: 85
DEBUG flower 2021-04-08 13:58:56,331 | acc_variance.py:19 | AccuracyVariance: sample variance 0.0026374054816828544 (last 7 data)
DEBUG flower 2021-04-08 13:58:56,332 | numpy_client.py:201 | Not a switch point
INFO flower 2021-04-08 13:58:56,335 | numpy_client.py:205 | Cache is fresh, return FitRes(clock=85)
DEBUG flower 2021-04-08 13:59:01,994 | numpy_client.py:172 | fit, FitIns(clock=86)
DEBUG flower 2021-04-08 13:59:01,995 | numpy_client.py:260 | cached_clock: 59, curr_clock: 86
INFO flower 2021-04-08 13:59:01,995 | numpy_client.py:184 | Cache is stale, return ReadIns
DEBUG flower 2021-04-08 13:59:06,776 | numpy_client.py:228 | read: ReadRes(clock=60)
DEBUG flower 2021-04-08 13:59:06,783 | numpy_client.py:172 | fit, FitIns(clock=86)
DEBUG flower 2021-04-08 13:59:06,783 | numpy_client.py:260 | cached_clock: 60, curr_clock: 86
DEBUG flower 2021-04-08 13:59:10,309 | acc_variance.py:19 | AccuracyVariance: sample variance 0.0023942463255387457 (last 7 data)
DEBUG flower 2021-04-08 13:59:10,310 | numpy_client.py:201 | Not a switch point
INFO flower 2021-04-08 13:59:10,314 | numpy_client.py:205 | Cache is fresh, return FitRes(clock=86)
DEBUG flower 2021-04-08 13:59:16,140 | numpy_client.py:172 | fit, FitIns(clock=87)
DEBUG flower 2021-04-08 13:59:16,141 | numpy_client.py:260 | cached_clock: 60, curr_clock: 87
INFO flower 2021-04-08 13:59:16,141 | numpy_client.py:184 | Cache is stale, return ReadIns
DEBUG flower 2021-04-08 13:59:21,026 | numpy_client.py:228 | read: ReadRes(clock=61)
DEBUG flower 2021-04-08 13:59:21,034 | numpy_client.py:172 | fit, FitIns(clock=87)
DEBUG flower 2021-04-08 13:59:21,034 | numpy_client.py:260 | cached_clock: 61, curr_clock: 87
DEBUG flower 2021-04-08 13:59:24,618 | acc_variance.py:19 | AccuracyVariance: sample variance 0.0023463292961997347 (last 7 data)
DEBUG flower 2021-04-08 13:59:24,619 | numpy_client.py:201 | Not a switch point
INFO flower 2021-04-08 13:59:24,624 | numpy_client.py:205 | Cache is fresh, return FitRes(clock=87)
DEBUG flower 2021-04-08 13:59:30,520 | numpy_client.py:172 | fit, FitIns(clock=88)
DEBUG flower 2021-04-08 13:59:30,520 | numpy_client.py:260 | cached_clock: 61, curr_clock: 88
INFO flower 2021-04-08 13:59:30,520 | numpy_client.py:184 | Cache is stale, return ReadIns
DEBUG flower 2021-04-08 13:59:34,859 | numpy_client.py:228 | read: ReadRes(clock=62)
DEBUG flower 2021-04-08 13:59:34,866 | numpy_client.py:172 | fit, FitIns(clock=88)
DEBUG flower 2021-04-08 13:59:34,867 | numpy_client.py:260 | cached_clock: 62, curr_clock: 88
DEBUG flower 2021-04-08 13:59:38,318 | acc_variance.py:19 | AccuracyVariance: sample variance 0.0027571585195276293 (last 7 data)
DEBUG flower 2021-04-08 13:59:38,319 | numpy_client.py:201 | Not a switch point
INFO flower 2021-04-08 13:59:38,322 | numpy_client.py:205 | Cache is fresh, return FitRes(clock=88)
DEBUG flower 2021-04-08 13:59:44,028 | numpy_client.py:172 | fit, FitIns(clock=89)
DEBUG flower 2021-04-08 13:59:44,028 | numpy_client.py:260 | cached_clock: 62, curr_clock: 89
INFO flower 2021-04-08 13:59:44,029 | numpy_client.py:184 | Cache is stale, return ReadIns
DEBUG flower 2021-04-08 13:59:48,709 | numpy_client.py:228 | read: ReadRes(clock=63)
DEBUG flower 2021-04-08 13:59:48,716 | numpy_client.py:172 | fit, FitIns(clock=89)
DEBUG flower 2021-04-08 13:59:48,716 | numpy_client.py:260 | cached_clock: 63, curr_clock: 89
DEBUG flower 2021-04-08 13:59:52,314 | acc_variance.py:19 | AccuracyVariance: sample variance 0.002339505468424228 (last 7 data)
DEBUG flower 2021-04-08 13:59:52,314 | numpy_client.py:201 | Not a switch point
INFO flower 2021-04-08 13:59:52,318 | numpy_client.py:205 | Cache is fresh, return FitRes(clock=89)
DEBUG flower 2021-04-08 13:59:58,026 | numpy_client.py:172 | fit, FitIns(clock=90)
DEBUG flower 2021-04-08 13:59:58,026 | numpy_client.py:260 | cached_clock: 63, curr_clock: 90
INFO flower 2021-04-08 13:59:58,026 | numpy_client.py:184 | Cache is stale, return ReadIns
DEBUG flower 2021-04-08 14:00:02,457 | numpy_client.py:228 | read: ReadRes(clock=64)
DEBUG flower 2021-04-08 14:00:02,463 | numpy_client.py:172 | fit, FitIns(clock=90)
DEBUG flower 2021-04-08 14:00:02,463 | numpy_client.py:260 | cached_clock: 64, curr_clock: 90
DEBUG flower 2021-04-08 14:00:06,012 | acc_variance.py:19 | AccuracyVariance: sample variance 0.002367623117983556 (last 7 data)
DEBUG flower 2021-04-08 14:00:06,013 | numpy_client.py:201 | Not a switch point
INFO flower 2021-04-08 14:00:06,016 | numpy_client.py:205 | Cache is fresh, return FitRes(clock=90)
DEBUG flower 2021-04-08 14:00:11,627 | numpy_client.py:172 | fit, FitIns(clock=91)
DEBUG flower 2021-04-08 14:00:11,627 | numpy_client.py:260 | cached_clock: 64, curr_clock: 91
INFO flower 2021-04-08 14:00:11,627 | numpy_client.py:184 | Cache is stale, return ReadIns
DEBUG flower 2021-04-08 14:00:16,322 | numpy_client.py:228 | read: ReadRes(clock=65)
DEBUG flower 2021-04-08 14:00:16,329 | numpy_client.py:172 | fit, FitIns(clock=91)
DEBUG flower 2021-04-08 14:00:16,329 | numpy_client.py:260 | cached_clock: 65, curr_clock: 91
DEBUG flower 2021-04-08 14:00:19,808 | acc_variance.py:19 | AccuracyVariance: sample variance 0.00267259998623532 (last 7 data)
DEBUG flower 2021-04-08 14:00:19,808 | numpy_client.py:201 | Not a switch point
INFO flower 2021-04-08 14:00:19,814 | numpy_client.py:205 | Cache is fresh, return FitRes(clock=91)
DEBUG flower 2021-04-08 14:00:25,856 | numpy_client.py:172 | fit, FitIns(clock=92)
DEBUG flower 2021-04-08 14:00:25,857 | numpy_client.py:260 | cached_clock: 65, curr_clock: 92
INFO flower 2021-04-08 14:00:25,857 | numpy_client.py:184 | Cache is stale, return ReadIns
DEBUG flower 2021-04-08 14:00:30,244 | numpy_client.py:228 | read: ReadRes(clock=66)
DEBUG flower 2021-04-08 14:00:30,252 | numpy_client.py:172 | fit, FitIns(clock=92)
DEBUG flower 2021-04-08 14:00:30,252 | numpy_client.py:260 | cached_clock: 66, curr_clock: 92
DEBUG flower 2021-04-08 14:00:33,824 | acc_variance.py:19 | AccuracyVariance: sample variance 0.0024650544109728794 (last 7 data)
DEBUG flower 2021-04-08 14:00:33,824 | numpy_client.py:201 | Not a switch point
INFO flower 2021-04-08 14:00:33,827 | numpy_client.py:205 | Cache is fresh, return FitRes(clock=92)
DEBUG flower 2021-04-08 14:00:39,477 | numpy_client.py:172 | fit, FitIns(clock=93)
DEBUG flower 2021-04-08 14:00:39,477 | numpy_client.py:260 | cached_clock: 66, curr_clock: 93
INFO flower 2021-04-08 14:00:39,477 | numpy_client.py:184 | Cache is stale, return ReadIns
DEBUG flower 2021-04-08 14:00:43,961 | numpy_client.py:228 | read: ReadRes(clock=67)
DEBUG flower 2021-04-08 14:00:43,968 | numpy_client.py:172 | fit, FitIns(clock=93)
DEBUG flower 2021-04-08 14:00:43,968 | numpy_client.py:260 | cached_clock: 67, curr_clock: 93
DEBUG flower 2021-04-08 14:00:47,509 | acc_variance.py:19 | AccuracyVariance: sample variance 0.0028094086399685844 (last 7 data)
DEBUG flower 2021-04-08 14:00:47,509 | numpy_client.py:201 | Not a switch point
INFO flower 2021-04-08 14:00:47,513 | numpy_client.py:205 | Cache is fresh, return FitRes(clock=93)
DEBUG flower 2021-04-08 14:00:53,180 | numpy_client.py:172 | fit, FitIns(clock=94)
DEBUG flower 2021-04-08 14:00:53,180 | numpy_client.py:260 | cached_clock: 67, curr_clock: 94
INFO flower 2021-04-08 14:00:53,180 | numpy_client.py:184 | Cache is stale, return ReadIns
DEBUG flower 2021-04-08 14:00:57,446 | numpy_client.py:228 | read: ReadRes(clock=68)
DEBUG flower 2021-04-08 14:00:57,453 | numpy_client.py:172 | fit, FitIns(clock=94)
DEBUG flower 2021-04-08 14:00:57,453 | numpy_client.py:260 | cached_clock: 68, curr_clock: 94
DEBUG flower 2021-04-08 14:01:01,009 | acc_variance.py:19 | AccuracyVariance: sample variance 0.0020665207290017774 (last 7 data)
DEBUG flower 2021-04-08 14:01:01,010 | numpy_client.py:201 | Not a switch point
INFO flower 2021-04-08 14:01:01,015 | numpy_client.py:205 | Cache is fresh, return FitRes(clock=94)
DEBUG flower 2021-04-08 14:01:06,631 | numpy_client.py:172 | fit, FitIns(clock=95)
DEBUG flower 2021-04-08 14:01:06,631 | numpy_client.py:260 | cached_clock: 68, curr_clock: 95
INFO flower 2021-04-08 14:01:06,632 | numpy_client.py:184 | Cache is stale, return ReadIns
DEBUG flower 2021-04-08 14:01:10,748 | numpy_client.py:228 | read: ReadRes(clock=69)
DEBUG flower 2021-04-08 14:01:10,755 | numpy_client.py:172 | fit, FitIns(clock=95)
DEBUG flower 2021-04-08 14:01:10,756 | numpy_client.py:260 | cached_clock: 69, curr_clock: 95
DEBUG flower 2021-04-08 14:01:14,323 | acc_variance.py:19 | AccuracyVariance: sample variance 0.0025279712100571236 (last 7 data)
DEBUG flower 2021-04-08 14:01:14,324 | numpy_client.py:201 | Not a switch point
INFO flower 2021-04-08 14:01:14,327 | numpy_client.py:205 | Cache is fresh, return FitRes(clock=95)
DEBUG flower 2021-04-08 14:01:20,160 | numpy_client.py:172 | fit, FitIns(clock=96)
DEBUG flower 2021-04-08 14:01:20,160 | numpy_client.py:260 | cached_clock: 69, curr_clock: 96
INFO flower 2021-04-08 14:01:20,160 | numpy_client.py:184 | Cache is stale, return ReadIns
DEBUG flower 2021-04-08 14:01:24,161 | numpy_client.py:228 | read: ReadRes(clock=70)
DEBUG flower 2021-04-08 14:01:24,168 | numpy_client.py:172 | fit, FitIns(clock=96)
DEBUG flower 2021-04-08 14:01:24,169 | numpy_client.py:260 | cached_clock: 70, curr_clock: 96
DEBUG flower 2021-04-08 14:01:27,715 | acc_variance.py:19 | AccuracyVariance: sample variance 0.0011285804616430976 (last 7 data)
DEBUG flower 2021-04-08 14:01:27,716 | numpy_client.py:201 | Not a switch point
INFO flower 2021-04-08 14:01:27,720 | numpy_client.py:205 | Cache is fresh, return FitRes(clock=96)
DEBUG flower 2021-04-08 14:01:33,230 | numpy_client.py:172 | fit, FitIns(clock=97)
DEBUG flower 2021-04-08 14:01:33,230 | numpy_client.py:260 | cached_clock: 70, curr_clock: 97
INFO flower 2021-04-08 14:01:33,230 | numpy_client.py:184 | Cache is stale, return ReadIns
DEBUG flower 2021-04-08 14:01:37,538 | numpy_client.py:228 | read: ReadRes(clock=71)
DEBUG flower 2021-04-08 14:01:37,545 | numpy_client.py:172 | fit, FitIns(clock=97)
DEBUG flower 2021-04-08 14:01:37,545 | numpy_client.py:260 | cached_clock: 71, curr_clock: 97
DEBUG flower 2021-04-08 14:01:41,209 | acc_variance.py:19 | AccuracyVariance: sample variance 0.0010593300750175094 (last 7 data)
DEBUG flower 2021-04-08 14:01:41,209 | numpy_client.py:201 | Not a switch point
INFO flower 2021-04-08 14:01:41,214 | numpy_client.py:205 | Cache is fresh, return FitRes(clock=97)
DEBUG flower 2021-04-08 14:01:46,634 | numpy_client.py:172 | fit, FitIns(clock=98)
DEBUG flower 2021-04-08 14:01:46,634 | numpy_client.py:260 | cached_clock: 71, curr_clock: 98
INFO flower 2021-04-08 14:01:46,635 | numpy_client.py:184 | Cache is stale, return ReadIns
DEBUG flower 2021-04-08 14:01:50,935 | numpy_client.py:228 | read: ReadRes(clock=72)
DEBUG flower 2021-04-08 14:01:50,943 | numpy_client.py:172 | fit, FitIns(clock=98)
DEBUG flower 2021-04-08 14:01:50,943 | numpy_client.py:260 | cached_clock: 72, curr_clock: 98
DEBUG flower 2021-04-08 14:01:54,624 | acc_variance.py:19 | AccuracyVariance: sample variance 0.001596000803614443 (last 7 data)
DEBUG flower 2021-04-08 14:01:54,625 | numpy_client.py:201 | Not a switch point
INFO flower 2021-04-08 14:01:54,628 | numpy_client.py:205 | Cache is fresh, return FitRes(clock=98)
DEBUG flower 2021-04-08 14:02:00,052 | numpy_client.py:172 | fit, FitIns(clock=99)
DEBUG flower 2021-04-08 14:02:00,052 | numpy_client.py:260 | cached_clock: 72, curr_clock: 99
INFO flower 2021-04-08 14:02:00,053 | numpy_client.py:184 | Cache is stale, return ReadIns
DEBUG flower 2021-04-08 14:02:04,595 | numpy_client.py:228 | read: ReadRes(clock=73)
DEBUG flower 2021-04-08 14:02:04,603 | numpy_client.py:172 | fit, FitIns(clock=99)
DEBUG flower 2021-04-08 14:02:04,603 | numpy_client.py:260 | cached_clock: 73, curr_clock: 99
DEBUG flower 2021-04-08 14:02:08,137 | acc_variance.py:19 | AccuracyVariance: sample variance 0.0010470898833645742 (last 7 data)
DEBUG flower 2021-04-08 14:02:08,137 | numpy_client.py:201 | Not a switch point
INFO flower 2021-04-08 14:02:08,141 | numpy_client.py:205 | Cache is fresh, return FitRes(clock=99)
DEBUG flower 2021-04-08 14:02:08,141 | numpy_client.py:217 | The client finishes computing after 1006 seconds
INFO flower 2021-04-08 14:08:15,048 | numpy_client.py:250 | [32;1m Loss: 113.873, Accuracy: 16.992%[0m
DEBUG flower 2021-04-08 14:08:15,921 | connection.py:68 | Insecure gRPC channel closed
INFO flower 2021-04-08 14:08:15,921 | app.py:74 | Disconnect and shut down
Namespace(idx=10, max_delay=0, min_delay=0, num_clients=31, server_ip='10.244.37.27:8080', staleness_bound=2000)
I'm client 10
Start SSP client without delay
Files already downloaded and verified
Files already downloaded and verified
[32;1mClient 10: 2245 train samples, 512 test samples[0m
loss=159.89708924293518, acc=0.19806338028169015
feed:  0.19806338028169015
loss=159.29600739479065, acc=0.198943661971831
feed:  0.198943661971831
loss=151.3666160106659, acc=0.23591549295774647
feed:  0.23591549295774647
loss=133.01790630817413, acc=0.198943661971831
feed:  0.198943661971831
loss=115.65155351161957, acc=0.2539612676056338
feed:  0.2539612676056338
loss=111.6375823020935, acc=0.289612676056338
feed:  0.289612676056338
loss=107.58770191669464, acc=0.3380281690140845
feed:  0.3380281690140845
loss=104.36022186279297, acc=0.37059859154929575
feed:  0.37059859154929575
loss=102.25305676460266, acc=0.3873239436619718
feed:  0.3873239436619718
loss=100.4158923625946, acc=0.3961267605633803
feed:  0.3961267605633803
loss=98.74099731445312, acc=0.4080105633802817
feed:  0.4080105633802817
loss=97.31301021575928, acc=0.4159330985915493
feed:  0.4159330985915493
loss=95.86353898048401, acc=0.43045774647887325
feed:  0.43045774647887325
loss=94.4303514957428, acc=0.4423415492957746
feed:  0.4423415492957746
loss=92.93466651439667, acc=0.4546654929577465
feed:  0.4546654929577465
loss=91.41888999938965, acc=0.4612676056338028
feed:  0.4612676056338028
loss=89.84430360794067, acc=0.4705105633802817
feed:  0.4705105633802817
loss=88.17745983600616, acc=0.480193661971831
feed:  0.480193661971831
loss=86.3693186044693, acc=0.4894366197183099
feed:  0.4894366197183099
loss=84.34691107273102, acc=0.5
feed:  0.5
loss=82.27130717039108, acc=0.5154049295774648
feed:  0.5154049295774648
loss=80.1679636836052, acc=0.5294894366197183
feed:  0.5294894366197183
loss=78.09552764892578, acc=0.5387323943661971
feed:  0.5387323943661971
loss=76.07819527387619, acc=0.5545774647887324
feed:  0.5545774647887324
loss=74.32230687141418, acc=0.5642605633802817
feed:  0.5642605633802817
loss=72.80536365509033, acc=0.5757042253521126
feed:  0.5757042253521126
loss=71.46434015035629, acc=0.585387323943662
feed:  0.585387323943662
loss=70.30576103925705, acc=0.5902288732394366
feed:  0.5902288732394366
loss=69.21849155426025, acc=0.5981514084507042
feed:  0.5981514084507042
loss=68.28921097517014, acc=0.6025528169014085
feed:  0.6025528169014085
loss=104.04556465148926, acc=0.5211267605633803
feed:  0.5211267605633803
loss=76.55113756656647, acc=0.5589788732394366
feed:  0.5589788732394366
loss=74.118497133255, acc=0.5651408450704225
feed:  0.5651408450704225
loss=72.6573880314827, acc=0.5757042253521126
feed:  0.5757042253521126
loss=71.509770154953, acc=0.585387323943662
feed:  0.585387323943662
loss=70.48479855060577, acc=0.590669014084507
feed:  0.590669014084507
loss=69.47703754901886, acc=0.5981514084507042
feed:  0.5981514084507042
loss=68.57811629772186, acc=0.6073943661971831
feed:  0.6073943661971831
loss=67.78070098161697, acc=0.6161971830985915
feed:  0.6161971830985915
loss=67.01881843805313, acc=0.6205985915492958
feed:  0.6205985915492958
loss=66.30217325687408, acc=0.6258802816901409
feed:  0.6258802816901409
loss=65.56944513320923, acc=0.6316021126760564
feed:  0.6316021126760564
loss=64.81152445077896, acc=0.6390845070422535
feed:  0.6390845070422535
loss=64.14391207695007, acc=0.644806338028169
feed:  0.644806338028169
loss=63.35215777158737, acc=0.6514084507042254
feed:  0.6514084507042254
loss=62.631212294101715, acc=0.6518485915492958
feed:  0.6518485915492958
loss=61.939577639102936, acc=0.6575704225352113
feed:  0.6575704225352113
loss=61.269494354724884, acc=0.6610915492957746
feed:  0.6610915492957746
loss=60.562595665454865, acc=0.6632922535211268
feed:  0.6632922535211268
loss=59.937535524368286, acc=0.6694542253521126
feed:  0.6694542253521126
loss=59.22413045167923, acc=0.6734154929577465
feed:  0.6734154929577465
loss=153.80078077316284, acc=0.25264084507042256
feed:  0.25264084507042256
loss=128.22561812400818, acc=0.3710387323943662
feed:  0.3710387323943662
loss=140.64642548561096, acc=0.3230633802816901
feed:  0.3230633802816901
loss=141.16849160194397, acc=0.3613556338028169
feed:  0.3613556338028169
loss=140.08015143871307, acc=0.3648767605633803
feed:  0.3648767605633803
loss=146.894087433815, acc=0.3380281690140845
feed:  0.3380281690140845
loss=139.88651490211487, acc=0.3380281690140845
feed:  0.3380281690140845
loss=133.5889357328415, acc=0.3402288732394366
feed:  0.3402288732394366
loss=139.24958562850952, acc=0.34330985915492956
feed:  0.34330985915492956
loss=138.85812187194824, acc=0.3419894366197183
feed:  0.3419894366197183
loss=165.82223761081696, acc=0.2363556338028169
feed:  0.2363556338028169
loss=166.42254996299744, acc=0.2381161971830986
feed:  0.2381161971830986
loss=167.04808676242828, acc=0.22007042253521128
feed:  0.22007042253521128
loss=167.821315407753, acc=0.23151408450704225
feed:  0.23151408450704225
loss=168.09709537029266, acc=0.22887323943661972
feed:  0.22887323943661972
loss=143.09394431114197, acc=0.29005281690140844
feed:  0.29005281690140844
loss=150.69045996665955, acc=0.27420774647887325
feed:  0.27420774647887325
loss=140.33006393909454, acc=0.320862676056338
feed:  0.320862676056338
loss=143.68451642990112, acc=0.31866197183098594
feed:  0.31866197183098594
loss=157.34129106998444, acc=0.238556338028169
feed:  0.238556338028169
loss=136.72133564949036, acc=0.3512323943661972
feed:  0.3512323943661972
loss=138.61727285385132, acc=0.33758802816901406
feed:  0.33758802816901406
loss=135.25590753555298, acc=0.36399647887323944
feed:  0.36399647887323944
loss=137.6942548751831, acc=0.34242957746478875
feed:  0.34242957746478875
loss=132.98643827438354, acc=0.3600352112676056
feed:  0.3600352112676056
loss=169.05041825771332, acc=0.22007042253521128
feed:  0.22007042253521128
loss=137.0810831785202, acc=0.3701584507042254
feed:  0.3701584507042254
loss=169.59046268463135, acc=0.21390845070422534
feed:  0.21390845070422534
loss=166.19636499881744, acc=0.20994718309859156
feed:  0.20994718309859156
loss=169.24236238002777, acc=0.2227112676056338
feed:  0.2227112676056338
loss=169.07001066207886, acc=0.22315140845070422
feed:  0.22315140845070422
loss=164.7765475511551, acc=0.21522887323943662
feed:  0.21522887323943662
loss=129.30038964748383, acc=0.3331866197183099
feed:  0.3331866197183099
loss=168.3221230506897, acc=0.2319542253521127
feed:  0.2319542253521127
loss=129.44700145721436, acc=0.3336267605633803
feed:  0.3336267605633803
loss=168.2207075357437, acc=0.23723591549295775
feed:  0.23723591549295775
loss=162.8095806837082, acc=0.22799295774647887
feed:  0.22799295774647887
loss=128.62729918956757, acc=0.3336267605633803
feed:  0.3336267605633803
loss=169.53208363056183, acc=0.24867957746478872
feed:  0.24867957746478872
loss=130.14646589756012, acc=0.33494718309859156
feed:  0.33494718309859156
loss=131.71714890003204, acc=0.3595950704225352
feed:  0.3595950704225352
loss=133.05599510669708, acc=0.30369718309859156
feed:  0.30369718309859156
loss=121.85356998443604, acc=0.3846830985915493
feed:  0.3846830985915493
loss=126.08264625072479, acc=0.38952464788732394
feed:  0.38952464788732394
loss=127.99402523040771, acc=0.3983274647887324
feed:  0.3983274647887324
loss=128.81013453006744, acc=0.3987676056338028
feed:  0.3987676056338028
loss=129.46680450439453, acc=0.4014084507042254
feed:  0.4014084507042254
loss=134.41817200183868, acc=0.3102992957746479
feed:  0.3102992957746479
loss=136.3092337846756, acc=0.34286971830985913
feed:  0.34286971830985913
Files already downloaded and verified
Files already downloaded and verified
Testing on full test set: 313, 1497.4904010295868, 0.3377
Testing on partial test set: 16, 113.87315845489502, 0.169921875
