DEBUG flower 2021-04-08 13:45:18,217 | connection.py:36 | ChannelConnectivity.IDLE
DEBUG flower 2021-04-08 13:45:18,219 | connection.py:36 | ChannelConnectivity.CONNECTING
INFO flower 2021-04-08 13:45:18,219 | app.py:63 | Opened (insecure) gRPC connection
DEBUG flower 2021-04-08 13:45:18,220 | connection.py:36 | ChannelConnectivity.READY
DEBUG flower 2021-04-08 13:45:21,795 | numpy_client.py:172 | fit, FitIns(clock=0)
INFO flower 2021-04-08 13:45:21,796 | numpy_client.py:184 | Cache is stale, return ReadIns
DEBUG flower 2021-04-08 13:45:21,997 | numpy_client.py:228 | read: ReadRes(clock=-1)
DEBUG flower 2021-04-08 13:45:22,013 | numpy_client.py:172 | fit, FitIns(clock=0)
DEBUG flower 2021-04-08 13:45:22,014 | numpy_client.py:260 | cached_clock: -1, curr_clock: 0
DEBUG flower 2021-04-08 13:45:22,938 | model_wrapper.py:21 | Load existing initial model
DEBUG flower 2021-04-08 13:45:22,938 | numpy_client.py:201 | Not a switch point
INFO flower 2021-04-08 13:45:22,941 | numpy_client.py:205 | Cache is fresh, return FitRes(clock=0)
DEBUG flower 2021-04-08 13:45:22,965 | numpy_client.py:172 | fit, FitIns(clock=1)
DEBUG flower 2021-04-08 13:45:22,965 | numpy_client.py:260 | cached_clock: -1, curr_clock: 1
DEBUG flower 2021-04-08 13:45:23,834 | numpy_client.py:201 | Not a switch point
INFO flower 2021-04-08 13:45:23,838 | numpy_client.py:205 | Cache is fresh, return FitRes(clock=1)
DEBUG flower 2021-04-08 13:45:23,860 | numpy_client.py:172 | fit, FitIns(clock=2)
DEBUG flower 2021-04-08 13:45:23,860 | numpy_client.py:260 | cached_clock: -1, curr_clock: 2
DEBUG flower 2021-04-08 13:45:24,733 | numpy_client.py:201 | Not a switch point
INFO flower 2021-04-08 13:45:24,736 | numpy_client.py:205 | Cache is fresh, return FitRes(clock=2)
DEBUG flower 2021-04-08 13:45:24,760 | numpy_client.py:172 | fit, FitIns(clock=3)
DEBUG flower 2021-04-08 13:45:24,760 | numpy_client.py:260 | cached_clock: -1, curr_clock: 3
DEBUG flower 2021-04-08 13:45:25,631 | numpy_client.py:201 | Not a switch point
INFO flower 2021-04-08 13:45:25,635 | numpy_client.py:205 | Cache is fresh, return FitRes(clock=3)
DEBUG flower 2021-04-08 13:45:25,667 | numpy_client.py:172 | fit, FitIns(clock=4)
DEBUG flower 2021-04-08 13:45:25,668 | numpy_client.py:260 | cached_clock: -1, curr_clock: 4
DEBUG flower 2021-04-08 13:45:26,535 | numpy_client.py:201 | Not a switch point
INFO flower 2021-04-08 13:45:26,539 | numpy_client.py:205 | Cache is fresh, return FitRes(clock=4)
DEBUG flower 2021-04-08 13:45:26,555 | numpy_client.py:172 | fit, FitIns(clock=5)
DEBUG flower 2021-04-08 13:45:26,555 | numpy_client.py:260 | cached_clock: -1, curr_clock: 5
DEBUG flower 2021-04-08 13:45:27,433 | numpy_client.py:201 | Not a switch point
INFO flower 2021-04-08 13:45:27,436 | numpy_client.py:205 | Cache is fresh, return FitRes(clock=5)
DEBUG flower 2021-04-08 13:45:35,949 | numpy_client.py:172 | fit, FitIns(clock=6)
DEBUG flower 2021-04-08 13:45:35,949 | numpy_client.py:260 | cached_clock: -1, curr_clock: 6
DEBUG flower 2021-04-08 13:45:36,834 | acc_variance.py:19 | AccuracyVariance: sample variance 7.703719777548943e-34 (last 7 data)
DEBUG flower 2021-04-08 13:45:36,834 | acc_variance.py:23 | AccuracyVariance: should switch
DEBUG flower 2021-04-08 13:45:36,834 | numpy_client.py:199 | Find switch point, staleness_bound -> 29
INFO flower 2021-04-08 13:45:36,837 | numpy_client.py:205 | Cache is fresh, return FitRes(clock=6)
DEBUG flower 2021-04-08 13:45:36,860 | numpy_client.py:172 | fit, FitIns(clock=7)
DEBUG flower 2021-04-08 13:45:36,860 | numpy_client.py:260 | cached_clock: -1, curr_clock: 7
DEBUG flower 2021-04-08 13:45:37,709 | acc_variance.py:19 | AccuracyVariance: sample variance 7.703719777548943e-34 (last 7 data)
DEBUG flower 2021-04-08 13:45:37,709 | acc_variance.py:23 | AccuracyVariance: should switch
DEBUG flower 2021-04-08 13:45:37,709 | numpy_client.py:199 | Find switch point, staleness_bound -> 28
INFO flower 2021-04-08 13:45:37,712 | numpy_client.py:205 | Cache is fresh, return FitRes(clock=7)
DEBUG flower 2021-04-08 13:45:37,732 | numpy_client.py:172 | fit, FitIns(clock=8)
DEBUG flower 2021-04-08 13:45:37,733 | numpy_client.py:260 | cached_clock: -1, curr_clock: 8
DEBUG flower 2021-04-08 13:45:38,530 | acc_variance.py:19 | AccuracyVariance: sample variance 7.703719777548943e-34 (last 7 data)
DEBUG flower 2021-04-08 13:45:38,531 | acc_variance.py:23 | AccuracyVariance: should switch
DEBUG flower 2021-04-08 13:45:38,531 | numpy_client.py:199 | Find switch point, staleness_bound -> 27
INFO flower 2021-04-08 13:45:38,534 | numpy_client.py:205 | Cache is fresh, return FitRes(clock=8)
DEBUG flower 2021-04-08 13:45:38,554 | numpy_client.py:172 | fit, FitIns(clock=9)
DEBUG flower 2021-04-08 13:45:38,554 | numpy_client.py:260 | cached_clock: -1, curr_clock: 9
DEBUG flower 2021-04-08 13:45:39,409 | acc_variance.py:19 | AccuracyVariance: sample variance 7.703719777548943e-34 (last 7 data)
DEBUG flower 2021-04-08 13:45:39,410 | acc_variance.py:23 | AccuracyVariance: should switch
DEBUG flower 2021-04-08 13:45:39,410 | numpy_client.py:199 | Find switch point, staleness_bound -> 26
INFO flower 2021-04-08 13:45:39,414 | numpy_client.py:205 | Cache is fresh, return FitRes(clock=9)
DEBUG flower 2021-04-08 13:45:39,434 | numpy_client.py:172 | fit, FitIns(clock=10)
DEBUG flower 2021-04-08 13:45:39,434 | numpy_client.py:260 | cached_clock: -1, curr_clock: 10
DEBUG flower 2021-04-08 13:45:40,309 | acc_variance.py:19 | AccuracyVariance: sample variance 7.703719777548943e-34 (last 7 data)
DEBUG flower 2021-04-08 13:45:40,310 | acc_variance.py:23 | AccuracyVariance: should switch
DEBUG flower 2021-04-08 13:45:40,310 | numpy_client.py:199 | Find switch point, staleness_bound -> 25
INFO flower 2021-04-08 13:45:40,314 | numpy_client.py:205 | Cache is fresh, return FitRes(clock=10)
DEBUG flower 2021-04-08 13:45:40,335 | numpy_client.py:172 | fit, FitIns(clock=11)
DEBUG flower 2021-04-08 13:45:40,336 | numpy_client.py:260 | cached_clock: -1, curr_clock: 11
DEBUG flower 2021-04-08 13:45:41,209 | acc_variance.py:19 | AccuracyVariance: sample variance 7.703719777548943e-34 (last 7 data)
DEBUG flower 2021-04-08 13:45:41,209 | acc_variance.py:23 | AccuracyVariance: should switch
DEBUG flower 2021-04-08 13:45:41,209 | numpy_client.py:199 | Find switch point, staleness_bound -> 24
INFO flower 2021-04-08 13:45:41,212 | numpy_client.py:205 | Cache is fresh, return FitRes(clock=11)
DEBUG flower 2021-04-08 13:45:49,654 | numpy_client.py:172 | fit, FitIns(clock=12)
DEBUG flower 2021-04-08 13:45:49,655 | numpy_client.py:260 | cached_clock: -1, curr_clock: 12
DEBUG flower 2021-04-08 13:45:50,528 | acc_variance.py:19 | AccuracyVariance: sample variance 3.3216411564625616e-06 (last 7 data)
DEBUG flower 2021-04-08 13:45:50,528 | acc_variance.py:23 | AccuracyVariance: should switch
DEBUG flower 2021-04-08 13:45:50,528 | numpy_client.py:199 | Find switch point, staleness_bound -> 23
INFO flower 2021-04-08 13:45:50,531 | numpy_client.py:205 | Cache is fresh, return FitRes(clock=12)
DEBUG flower 2021-04-08 13:45:50,596 | numpy_client.py:172 | fit, FitIns(clock=13)
DEBUG flower 2021-04-08 13:45:50,596 | numpy_client.py:260 | cached_clock: -1, curr_clock: 13
DEBUG flower 2021-04-08 13:45:51,434 | acc_variance.py:19 | AccuracyVariance: sample variance 7.750496031745977e-06 (last 7 data)
DEBUG flower 2021-04-08 13:45:51,435 | acc_variance.py:23 | AccuracyVariance: should switch
DEBUG flower 2021-04-08 13:45:51,435 | numpy_client.py:199 | Find switch point, staleness_bound -> 22
INFO flower 2021-04-08 13:45:51,438 | numpy_client.py:205 | Cache is fresh, return FitRes(clock=13)
DEBUG flower 2021-04-08 13:45:51,460 | numpy_client.py:172 | fit, FitIns(clock=14)
DEBUG flower 2021-04-08 13:45:51,460 | numpy_client.py:260 | cached_clock: -1, curr_clock: 14
DEBUG flower 2021-04-08 13:45:52,334 | acc_variance.py:19 | AccuracyVariance: sample variance 7.78740315570672e-05 (last 7 data)
DEBUG flower 2021-04-08 13:45:52,334 | acc_variance.py:23 | AccuracyVariance: should switch
DEBUG flower 2021-04-08 13:45:52,334 | numpy_client.py:199 | Find switch point, staleness_bound -> 21
INFO flower 2021-04-08 13:45:52,337 | numpy_client.py:205 | Cache is fresh, return FitRes(clock=14)
DEBUG flower 2021-04-08 13:45:52,365 | numpy_client.py:172 | fit, FitIns(clock=15)
DEBUG flower 2021-04-08 13:45:52,365 | numpy_client.py:260 | cached_clock: -1, curr_clock: 15
DEBUG flower 2021-04-08 13:45:53,229 | acc_variance.py:19 | AccuracyVariance: sample variance 0.00014873570956160245 (last 7 data)
DEBUG flower 2021-04-08 13:45:53,229 | numpy_client.py:201 | Not a switch point
INFO flower 2021-04-08 13:45:53,232 | numpy_client.py:205 | Cache is fresh, return FitRes(clock=15)
DEBUG flower 2021-04-08 13:45:53,291 | numpy_client.py:172 | fit, FitIns(clock=16)
DEBUG flower 2021-04-08 13:45:53,291 | numpy_client.py:260 | cached_clock: -1, curr_clock: 16
DEBUG flower 2021-04-08 13:45:54,209 | acc_variance.py:19 | AccuracyVariance: sample variance 0.00018847237969261784 (last 7 data)
DEBUG flower 2021-04-08 13:45:54,209 | numpy_client.py:201 | Not a switch point
INFO flower 2021-04-08 13:45:54,212 | numpy_client.py:205 | Cache is fresh, return FitRes(clock=16)
DEBUG flower 2021-04-08 13:45:54,233 | numpy_client.py:172 | fit, FitIns(clock=17)
DEBUG flower 2021-04-08 13:45:54,234 | numpy_client.py:260 | cached_clock: -1, curr_clock: 17
DEBUG flower 2021-04-08 13:45:55,048 | acc_variance.py:19 | AccuracyVariance: sample variance 0.0001960998519778283 (last 7 data)
DEBUG flower 2021-04-08 13:45:55,049 | numpy_client.py:201 | Not a switch point
INFO flower 2021-04-08 13:45:55,052 | numpy_client.py:205 | Cache is fresh, return FitRes(clock=17)
DEBUG flower 2021-04-08 13:46:03,439 | numpy_client.py:172 | fit, FitIns(clock=18)
DEBUG flower 2021-04-08 13:46:03,439 | numpy_client.py:260 | cached_clock: -1, curr_clock: 18
DEBUG flower 2021-04-08 13:46:04,308 | acc_variance.py:19 | AccuracyVariance: sample variance 0.00020360430051650315 (last 7 data)
DEBUG flower 2021-04-08 13:46:04,308 | numpy_client.py:201 | Not a switch point
INFO flower 2021-04-08 13:46:04,311 | numpy_client.py:205 | Cache is fresh, return FitRes(clock=18)
DEBUG flower 2021-04-08 13:46:04,334 | numpy_client.py:172 | fit, FitIns(clock=19)
DEBUG flower 2021-04-08 13:46:04,334 | numpy_client.py:260 | cached_clock: -1, curr_clock: 19
DEBUG flower 2021-04-08 13:46:05,133 | acc_variance.py:19 | AccuracyVariance: sample variance 0.0002084022266313935 (last 7 data)
DEBUG flower 2021-04-08 13:46:05,133 | numpy_client.py:201 | Not a switch point
INFO flower 2021-04-08 13:46:05,136 | numpy_client.py:205 | Cache is fresh, return FitRes(clock=19)
DEBUG flower 2021-04-08 13:46:05,157 | numpy_client.py:172 | fit, FitIns(clock=20)
DEBUG flower 2021-04-08 13:46:05,157 | numpy_client.py:260 | cached_clock: -1, curr_clock: 20
DEBUG flower 2021-04-08 13:46:06,014 | acc_variance.py:19 | AccuracyVariance: sample variance 0.00021676784139581783 (last 7 data)
DEBUG flower 2021-04-08 13:46:06,015 | numpy_client.py:201 | Not a switch point
INFO flower 2021-04-08 13:46:06,019 | numpy_client.py:205 | Cache is fresh, return FitRes(clock=20)
DEBUG flower 2021-04-08 13:46:06,036 | numpy_client.py:172 | fit, FitIns(clock=21)
DEBUG flower 2021-04-08 13:46:06,036 | numpy_client.py:260 | cached_clock: -1, curr_clock: 21
INFO flower 2021-04-08 13:46:06,036 | numpy_client.py:184 | Cache is stale, return ReadIns
DEBUG flower 2021-04-08 13:46:06,050 | numpy_client.py:228 | read: ReadRes(clock=2)
DEBUG flower 2021-04-08 13:46:06,057 | numpy_client.py:172 | fit, FitIns(clock=21)
DEBUG flower 2021-04-08 13:46:06,057 | numpy_client.py:260 | cached_clock: 2, curr_clock: 21
DEBUG flower 2021-04-08 13:46:06,907 | acc_variance.py:19 | AccuracyVariance: sample variance 0.00019757613693625612 (last 7 data)
DEBUG flower 2021-04-08 13:46:06,907 | numpy_client.py:201 | Not a switch point
INFO flower 2021-04-08 13:46:06,911 | numpy_client.py:205 | Cache is fresh, return FitRes(clock=21)
DEBUG flower 2021-04-08 13:46:06,934 | numpy_client.py:172 | fit, FitIns(clock=22)
DEBUG flower 2021-04-08 13:46:06,934 | numpy_client.py:260 | cached_clock: 2, curr_clock: 22
DEBUG flower 2021-04-08 13:46:07,731 | acc_variance.py:19 | AccuracyVariance: sample variance 0.0001547638731418494 (last 7 data)
DEBUG flower 2021-04-08 13:46:07,731 | numpy_client.py:201 | Not a switch point
INFO flower 2021-04-08 13:46:07,734 | numpy_client.py:205 | Cache is fresh, return FitRes(clock=22)
DEBUG flower 2021-04-08 13:46:07,757 | numpy_client.py:172 | fit, FitIns(clock=23)
DEBUG flower 2021-04-08 13:46:07,757 | numpy_client.py:260 | cached_clock: 2, curr_clock: 23
DEBUG flower 2021-04-08 13:46:08,554 | acc_variance.py:19 | AccuracyVariance: sample variance 0.00016608205782312927 (last 7 data)
DEBUG flower 2021-04-08 13:46:08,554 | numpy_client.py:201 | Not a switch point
INFO flower 2021-04-08 13:46:08,606 | numpy_client.py:205 | Cache is fresh, return FitRes(clock=23)
DEBUG flower 2021-04-08 13:46:17,043 | numpy_client.py:172 | fit, FitIns(clock=24)
DEBUG flower 2021-04-08 13:46:17,043 | numpy_client.py:260 | cached_clock: 2, curr_clock: 24
INFO flower 2021-04-08 13:46:17,043 | numpy_client.py:184 | Cache is stale, return ReadIns
DEBUG flower 2021-04-08 13:46:17,105 | numpy_client.py:228 | read: ReadRes(clock=3)
DEBUG flower 2021-04-08 13:46:17,112 | numpy_client.py:172 | fit, FitIns(clock=24)
DEBUG flower 2021-04-08 13:46:17,113 | numpy_client.py:260 | cached_clock: 3, curr_clock: 24
DEBUG flower 2021-04-08 13:46:17,934 | acc_variance.py:19 | AccuracyVariance: sample variance 0.0003450816090325019 (last 7 data)
DEBUG flower 2021-04-08 13:46:17,934 | numpy_client.py:201 | Not a switch point
INFO flower 2021-04-08 13:46:17,937 | numpy_client.py:205 | Cache is fresh, return FitRes(clock=24)
DEBUG flower 2021-04-08 13:46:17,959 | numpy_client.py:172 | fit, FitIns(clock=25)
DEBUG flower 2021-04-08 13:46:17,959 | numpy_client.py:260 | cached_clock: 3, curr_clock: 25
INFO flower 2021-04-08 13:46:17,960 | numpy_client.py:184 | Cache is stale, return ReadIns
DEBUG flower 2021-04-08 13:46:21,439 | numpy_client.py:228 | read: ReadRes(clock=4)
DEBUG flower 2021-04-08 13:46:21,446 | numpy_client.py:172 | fit, FitIns(clock=25)
DEBUG flower 2021-04-08 13:46:21,446 | numpy_client.py:260 | cached_clock: 4, curr_clock: 25
DEBUG flower 2021-04-08 13:46:22,335 | acc_variance.py:19 | AccuracyVariance: sample variance 0.005660445601851852 (last 7 data)
DEBUG flower 2021-04-08 13:46:22,336 | numpy_client.py:201 | Not a switch point
INFO flower 2021-04-08 13:46:22,339 | numpy_client.py:205 | Cache is fresh, return FitRes(clock=25)
DEBUG flower 2021-04-08 13:46:29,905 | numpy_client.py:172 | fit, FitIns(clock=26)
DEBUG flower 2021-04-08 13:46:29,906 | numpy_client.py:260 | cached_clock: 4, curr_clock: 26
INFO flower 2021-04-08 13:46:29,906 | numpy_client.py:184 | Cache is stale, return ReadIns
DEBUG flower 2021-04-08 13:46:34,054 | numpy_client.py:228 | read: ReadRes(clock=5)
DEBUG flower 2021-04-08 13:46:34,061 | numpy_client.py:172 | fit, FitIns(clock=26)
DEBUG flower 2021-04-08 13:46:34,061 | numpy_client.py:260 | cached_clock: 5, curr_clock: 26
DEBUG flower 2021-04-08 13:46:34,909 | acc_variance.py:19 | AccuracyVariance: sample variance 0.0056728710002519524 (last 7 data)
DEBUG flower 2021-04-08 13:46:34,909 | numpy_client.py:201 | Not a switch point
INFO flower 2021-04-08 13:46:34,913 | numpy_client.py:205 | Cache is fresh, return FitRes(clock=26)
DEBUG flower 2021-04-08 13:46:43,351 | numpy_client.py:172 | fit, FitIns(clock=27)
DEBUG flower 2021-04-08 13:46:43,352 | numpy_client.py:260 | cached_clock: 5, curr_clock: 27
INFO flower 2021-04-08 13:46:43,352 | numpy_client.py:184 | Cache is stale, return ReadIns
DEBUG flower 2021-04-08 13:46:47,938 | numpy_client.py:228 | read: ReadRes(clock=6)
DEBUG flower 2021-04-08 13:46:47,945 | numpy_client.py:172 | fit, FitIns(clock=27)
DEBUG flower 2021-04-08 13:46:47,945 | numpy_client.py:260 | cached_clock: 6, curr_clock: 27
DEBUG flower 2021-04-08 13:46:48,734 | acc_variance.py:19 | AccuracyVariance: sample variance 0.007192214269967247 (last 7 data)
DEBUG flower 2021-04-08 13:46:48,734 | numpy_client.py:201 | Not a switch point
INFO flower 2021-04-08 13:46:48,738 | numpy_client.py:205 | Cache is fresh, return FitRes(clock=27)
DEBUG flower 2021-04-08 13:46:56,639 | numpy_client.py:172 | fit, FitIns(clock=28)
DEBUG flower 2021-04-08 13:46:56,639 | numpy_client.py:260 | cached_clock: 6, curr_clock: 28
INFO flower 2021-04-08 13:46:56,639 | numpy_client.py:184 | Cache is stale, return ReadIns
DEBUG flower 2021-04-08 13:47:01,306 | numpy_client.py:228 | read: ReadRes(clock=7)
DEBUG flower 2021-04-08 13:47:01,313 | numpy_client.py:172 | fit, FitIns(clock=28)
DEBUG flower 2021-04-08 13:47:01,313 | numpy_client.py:260 | cached_clock: 7, curr_clock: 28
DEBUG flower 2021-04-08 13:47:02,147 | acc_variance.py:19 | AccuracyVariance: sample variance 0.009052948436318974 (last 7 data)
DEBUG flower 2021-04-08 13:47:02,147 | numpy_client.py:201 | Not a switch point
INFO flower 2021-04-08 13:47:02,151 | numpy_client.py:205 | Cache is fresh, return FitRes(clock=28)
DEBUG flower 2021-04-08 13:47:10,133 | numpy_client.py:172 | fit, FitIns(clock=29)
DEBUG flower 2021-04-08 13:47:10,133 | numpy_client.py:260 | cached_clock: 7, curr_clock: 29
INFO flower 2021-04-08 13:47:10,134 | numpy_client.py:184 | Cache is stale, return ReadIns
DEBUG flower 2021-04-08 13:47:14,440 | numpy_client.py:228 | read: ReadRes(clock=8)
DEBUG flower 2021-04-08 13:47:14,446 | numpy_client.py:172 | fit, FitIns(clock=29)
DEBUG flower 2021-04-08 13:47:14,446 | numpy_client.py:260 | cached_clock: 8, curr_clock: 29
DEBUG flower 2021-04-08 13:47:15,334 | acc_variance.py:19 | AccuracyVariance: sample variance 0.01058889991181658 (last 7 data)
DEBUG flower 2021-04-08 13:47:15,334 | numpy_client.py:201 | Not a switch point
INFO flower 2021-04-08 13:47:15,338 | numpy_client.py:205 | Cache is fresh, return FitRes(clock=29)
DEBUG flower 2021-04-08 13:47:23,273 | numpy_client.py:172 | fit, FitIns(clock=30)
DEBUG flower 2021-04-08 13:47:23,273 | numpy_client.py:260 | cached_clock: 8, curr_clock: 30
INFO flower 2021-04-08 13:47:23,273 | numpy_client.py:184 | Cache is stale, return ReadIns
DEBUG flower 2021-04-08 13:47:27,480 | numpy_client.py:228 | read: ReadRes(clock=9)
DEBUG flower 2021-04-08 13:47:27,487 | numpy_client.py:172 | fit, FitIns(clock=30)
DEBUG flower 2021-04-08 13:47:27,488 | numpy_client.py:260 | cached_clock: 9, curr_clock: 30
DEBUG flower 2021-04-08 13:47:28,322 | acc_variance.py:19 | AccuracyVariance: sample variance 0.010548302075459813 (last 7 data)
DEBUG flower 2021-04-08 13:47:28,322 | numpy_client.py:201 | Not a switch point
INFO flower 2021-04-08 13:47:28,325 | numpy_client.py:205 | Cache is fresh, return FitRes(clock=30)
DEBUG flower 2021-04-08 13:47:36,461 | numpy_client.py:172 | fit, FitIns(clock=31)
DEBUG flower 2021-04-08 13:47:36,461 | numpy_client.py:260 | cached_clock: 9, curr_clock: 31
INFO flower 2021-04-08 13:47:36,461 | numpy_client.py:184 | Cache is stale, return ReadIns
DEBUG flower 2021-04-08 13:47:40,684 | numpy_client.py:228 | read: ReadRes(clock=10)
DEBUG flower 2021-04-08 13:47:40,692 | numpy_client.py:172 | fit, FitIns(clock=31)
DEBUG flower 2021-04-08 13:47:40,692 | numpy_client.py:260 | cached_clock: 10, curr_clock: 31
DEBUG flower 2021-04-08 13:47:41,526 | acc_variance.py:19 | AccuracyVariance: sample variance 0.010512625188964472 (last 7 data)
DEBUG flower 2021-04-08 13:47:41,527 | numpy_client.py:201 | Not a switch point
INFO flower 2021-04-08 13:47:41,530 | numpy_client.py:205 | Cache is fresh, return FitRes(clock=31)
DEBUG flower 2021-04-08 13:47:49,522 | numpy_client.py:172 | fit, FitIns(clock=32)
DEBUG flower 2021-04-08 13:47:49,522 | numpy_client.py:260 | cached_clock: 10, curr_clock: 32
INFO flower 2021-04-08 13:47:49,522 | numpy_client.py:184 | Cache is stale, return ReadIns
DEBUG flower 2021-04-08 13:47:54,372 | numpy_client.py:228 | read: ReadRes(clock=11)
DEBUG flower 2021-04-08 13:47:54,379 | numpy_client.py:172 | fit, FitIns(clock=32)
DEBUG flower 2021-04-08 13:47:54,379 | numpy_client.py:260 | cached_clock: 11, curr_clock: 32
DEBUG flower 2021-04-08 13:47:55,307 | acc_variance.py:19 | AccuracyVariance: sample variance 0.0022070460128495845 (last 7 data)
DEBUG flower 2021-04-08 13:47:55,307 | numpy_client.py:201 | Not a switch point
INFO flower 2021-04-08 13:47:55,311 | numpy_client.py:205 | Cache is fresh, return FitRes(clock=32)
DEBUG flower 2021-04-08 13:48:03,408 | numpy_client.py:172 | fit, FitIns(clock=33)
DEBUG flower 2021-04-08 13:48:03,409 | numpy_client.py:260 | cached_clock: 11, curr_clock: 33
INFO flower 2021-04-08 13:48:03,409 | numpy_client.py:184 | Cache is stale, return ReadIns
DEBUG flower 2021-04-08 13:48:07,699 | numpy_client.py:228 | read: ReadRes(clock=12)
DEBUG flower 2021-04-08 13:48:07,705 | numpy_client.py:172 | fit, FitIns(clock=33)
DEBUG flower 2021-04-08 13:48:07,705 | numpy_client.py:260 | cached_clock: 12, curr_clock: 33
DEBUG flower 2021-04-08 13:48:08,535 | acc_variance.py:19 | AccuracyVariance: sample variance 0.0017149510267069792 (last 7 data)
DEBUG flower 2021-04-08 13:48:08,535 | numpy_client.py:201 | Not a switch point
INFO flower 2021-04-08 13:48:08,538 | numpy_client.py:205 | Cache is fresh, return FitRes(clock=33)
DEBUG flower 2021-04-08 13:48:16,542 | numpy_client.py:172 | fit, FitIns(clock=34)
DEBUG flower 2021-04-08 13:48:16,542 | numpy_client.py:260 | cached_clock: 12, curr_clock: 34
INFO flower 2021-04-08 13:48:16,542 | numpy_client.py:184 | Cache is stale, return ReadIns
DEBUG flower 2021-04-08 13:48:20,777 | numpy_client.py:228 | read: ReadRes(clock=13)
DEBUG flower 2021-04-08 13:48:20,784 | numpy_client.py:172 | fit, FitIns(clock=34)
DEBUG flower 2021-04-08 13:48:20,785 | numpy_client.py:260 | cached_clock: 13, curr_clock: 34
DEBUG flower 2021-04-08 13:48:21,610 | acc_variance.py:19 | AccuracyVariance: sample variance 0.0024154482394809773 (last 7 data)
DEBUG flower 2021-04-08 13:48:21,611 | numpy_client.py:201 | Not a switch point
INFO flower 2021-04-08 13:48:21,615 | numpy_client.py:205 | Cache is fresh, return FitRes(clock=34)
DEBUG flower 2021-04-08 13:48:29,603 | numpy_client.py:172 | fit, FitIns(clock=35)
DEBUG flower 2021-04-08 13:48:29,603 | numpy_client.py:260 | cached_clock: 13, curr_clock: 35
INFO flower 2021-04-08 13:48:29,603 | numpy_client.py:184 | Cache is stale, return ReadIns
DEBUG flower 2021-04-08 13:48:33,998 | numpy_client.py:228 | read: ReadRes(clock=14)
DEBUG flower 2021-04-08 13:48:34,005 | numpy_client.py:172 | fit, FitIns(clock=35)
DEBUG flower 2021-04-08 13:48:34,005 | numpy_client.py:260 | cached_clock: 14, curr_clock: 35
DEBUG flower 2021-04-08 13:48:34,836 | acc_variance.py:19 | AccuracyVariance: sample variance 0.002478805468946838 (last 7 data)
DEBUG flower 2021-04-08 13:48:34,836 | numpy_client.py:201 | Not a switch point
INFO flower 2021-04-08 13:48:34,839 | numpy_client.py:205 | Cache is fresh, return FitRes(clock=35)
DEBUG flower 2021-04-08 13:48:42,878 | numpy_client.py:172 | fit, FitIns(clock=36)
DEBUG flower 2021-04-08 13:48:42,879 | numpy_client.py:260 | cached_clock: 14, curr_clock: 36
INFO flower 2021-04-08 13:48:42,879 | numpy_client.py:184 | Cache is stale, return ReadIns
DEBUG flower 2021-04-08 13:48:47,509 | numpy_client.py:228 | read: ReadRes(clock=15)
DEBUG flower 2021-04-08 13:48:47,516 | numpy_client.py:172 | fit, FitIns(clock=36)
DEBUG flower 2021-04-08 13:48:47,516 | numpy_client.py:260 | cached_clock: 15, curr_clock: 36
DEBUG flower 2021-04-08 13:48:48,445 | acc_variance.py:19 | AccuracyVariance: sample variance 0.0038144742850844044 (last 7 data)
DEBUG flower 2021-04-08 13:48:48,445 | numpy_client.py:201 | Not a switch point
INFO flower 2021-04-08 13:48:48,449 | numpy_client.py:205 | Cache is fresh, return FitRes(clock=36)
DEBUG flower 2021-04-08 13:48:56,948 | numpy_client.py:172 | fit, FitIns(clock=37)
DEBUG flower 2021-04-08 13:48:56,948 | numpy_client.py:260 | cached_clock: 15, curr_clock: 37
INFO flower 2021-04-08 13:48:56,948 | numpy_client.py:184 | Cache is stale, return ReadIns
DEBUG flower 2021-04-08 13:49:01,919 | numpy_client.py:228 | read: ReadRes(clock=16)
DEBUG flower 2021-04-08 13:49:01,926 | numpy_client.py:172 | fit, FitIns(clock=37)
DEBUG flower 2021-04-08 13:49:01,926 | numpy_client.py:260 | cached_clock: 16, curr_clock: 37
DEBUG flower 2021-04-08 13:49:02,845 | acc_variance.py:19 | AccuracyVariance: sample variance 0.003377370913643235 (last 7 data)
DEBUG flower 2021-04-08 13:49:02,846 | numpy_client.py:201 | Not a switch point
INFO flower 2021-04-08 13:49:02,905 | numpy_client.py:205 | Cache is fresh, return FitRes(clock=37)
DEBUG flower 2021-04-08 13:49:12,183 | numpy_client.py:172 | fit, FitIns(clock=38)
DEBUG flower 2021-04-08 13:49:12,183 | numpy_client.py:260 | cached_clock: 16, curr_clock: 38
INFO flower 2021-04-08 13:49:12,183 | numpy_client.py:184 | Cache is stale, return ReadIns
DEBUG flower 2021-04-08 13:49:16,702 | numpy_client.py:228 | read: ReadRes(clock=17)
DEBUG flower 2021-04-08 13:49:16,709 | numpy_client.py:172 | fit, FitIns(clock=38)
DEBUG flower 2021-04-08 13:49:16,710 | numpy_client.py:260 | cached_clock: 17, curr_clock: 38
DEBUG flower 2021-04-08 13:49:17,522 | acc_variance.py:19 | AccuracyVariance: sample variance 0.0032641890668304355 (last 7 data)
DEBUG flower 2021-04-08 13:49:17,522 | numpy_client.py:201 | Not a switch point
INFO flower 2021-04-08 13:49:17,525 | numpy_client.py:205 | Cache is fresh, return FitRes(clock=38)
DEBUG flower 2021-04-08 13:49:25,656 | numpy_client.py:172 | fit, FitIns(clock=39)
DEBUG flower 2021-04-08 13:49:25,656 | numpy_client.py:260 | cached_clock: 17, curr_clock: 39
INFO flower 2021-04-08 13:49:25,657 | numpy_client.py:184 | Cache is stale, return ReadIns
DEBUG flower 2021-04-08 13:49:29,992 | numpy_client.py:228 | read: ReadRes(clock=18)
DEBUG flower 2021-04-08 13:49:29,999 | numpy_client.py:172 | fit, FitIns(clock=39)
DEBUG flower 2021-04-08 13:49:29,999 | numpy_client.py:260 | cached_clock: 18, curr_clock: 39
DEBUG flower 2021-04-08 13:49:30,829 | acc_variance.py:19 | AccuracyVariance: sample variance 0.009002508700239355 (last 7 data)
DEBUG flower 2021-04-08 13:49:30,830 | numpy_client.py:201 | Not a switch point
INFO flower 2021-04-08 13:49:30,833 | numpy_client.py:205 | Cache is fresh, return FitRes(clock=39)
DEBUG flower 2021-04-08 13:49:38,701 | numpy_client.py:172 | fit, FitIns(clock=40)
DEBUG flower 2021-04-08 13:49:38,702 | numpy_client.py:260 | cached_clock: 18, curr_clock: 40
INFO flower 2021-04-08 13:49:38,702 | numpy_client.py:184 | Cache is stale, return ReadIns
DEBUG flower 2021-04-08 13:49:43,369 | numpy_client.py:228 | read: ReadRes(clock=19)
DEBUG flower 2021-04-08 13:49:43,377 | numpy_client.py:172 | fit, FitIns(clock=40)
DEBUG flower 2021-04-08 13:49:43,377 | numpy_client.py:260 | cached_clock: 19, curr_clock: 40
DEBUG flower 2021-04-08 13:49:44,239 | acc_variance.py:19 | AccuracyVariance: sample variance 0.010240742709120686 (last 7 data)
DEBUG flower 2021-04-08 13:49:44,240 | numpy_client.py:201 | Not a switch point
INFO flower 2021-04-08 13:49:44,243 | numpy_client.py:205 | Cache is fresh, return FitRes(clock=40)
DEBUG flower 2021-04-08 13:49:52,223 | numpy_client.py:172 | fit, FitIns(clock=41)
DEBUG flower 2021-04-08 13:49:52,224 | numpy_client.py:260 | cached_clock: 19, curr_clock: 41
INFO flower 2021-04-08 13:49:52,224 | numpy_client.py:184 | Cache is stale, return ReadIns
DEBUG flower 2021-04-08 13:49:57,126 | numpy_client.py:228 | read: ReadRes(clock=20)
DEBUG flower 2021-04-08 13:49:57,133 | numpy_client.py:172 | fit, FitIns(clock=41)
DEBUG flower 2021-04-08 13:49:57,133 | numpy_client.py:260 | cached_clock: 20, curr_clock: 41
DEBUG flower 2021-04-08 13:49:57,922 | acc_variance.py:19 | AccuracyVariance: sample variance 0.00913475922776518 (last 7 data)
DEBUG flower 2021-04-08 13:49:57,922 | numpy_client.py:201 | Not a switch point
INFO flower 2021-04-08 13:49:57,925 | numpy_client.py:205 | Cache is fresh, return FitRes(clock=41)
DEBUG flower 2021-04-08 13:50:06,203 | numpy_client.py:172 | fit, FitIns(clock=42)
DEBUG flower 2021-04-08 13:50:06,203 | numpy_client.py:260 | cached_clock: 20, curr_clock: 42
INFO flower 2021-04-08 13:50:06,203 | numpy_client.py:184 | Cache is stale, return ReadIns
DEBUG flower 2021-04-08 13:50:10,934 | numpy_client.py:228 | read: ReadRes(clock=21)
DEBUG flower 2021-04-08 13:50:11,009 | numpy_client.py:172 | fit, FitIns(clock=42)
DEBUG flower 2021-04-08 13:50:11,009 | numpy_client.py:260 | cached_clock: 21, curr_clock: 42
DEBUG flower 2021-04-08 13:50:11,909 | acc_variance.py:19 | AccuracyVariance: sample variance 0.009770545949861428 (last 7 data)
DEBUG flower 2021-04-08 13:50:11,909 | numpy_client.py:201 | Not a switch point
INFO flower 2021-04-08 13:50:11,913 | numpy_client.py:205 | Cache is fresh, return FitRes(clock=42)
DEBUG flower 2021-04-08 13:50:19,429 | numpy_client.py:172 | fit, FitIns(clock=43)
DEBUG flower 2021-04-08 13:50:19,429 | numpy_client.py:260 | cached_clock: 21, curr_clock: 43
INFO flower 2021-04-08 13:50:19,429 | numpy_client.py:184 | Cache is stale, return ReadIns
DEBUG flower 2021-04-08 13:50:23,933 | numpy_client.py:228 | read: ReadRes(clock=22)
DEBUG flower 2021-04-08 13:50:23,940 | numpy_client.py:172 | fit, FitIns(clock=43)
DEBUG flower 2021-04-08 13:50:23,940 | numpy_client.py:260 | cached_clock: 22, curr_clock: 43
DEBUG flower 2021-04-08 13:50:24,746 | acc_variance.py:19 | AccuracyVariance: sample variance 0.007449825995212901 (last 7 data)
DEBUG flower 2021-04-08 13:50:24,747 | numpy_client.py:201 | Not a switch point
INFO flower 2021-04-08 13:50:24,807 | numpy_client.py:205 | Cache is fresh, return FitRes(clock=43)
DEBUG flower 2021-04-08 13:50:32,539 | numpy_client.py:172 | fit, FitIns(clock=44)
DEBUG flower 2021-04-08 13:50:32,540 | numpy_client.py:260 | cached_clock: 22, curr_clock: 44
INFO flower 2021-04-08 13:50:32,540 | numpy_client.py:184 | Cache is stale, return ReadIns
DEBUG flower 2021-04-08 13:50:36,895 | numpy_client.py:228 | read: ReadRes(clock=23)
DEBUG flower 2021-04-08 13:50:36,902 | numpy_client.py:172 | fit, FitIns(clock=44)
DEBUG flower 2021-04-08 13:50:36,902 | numpy_client.py:260 | cached_clock: 23, curr_clock: 44
DEBUG flower 2021-04-08 13:50:37,734 | acc_variance.py:19 | AccuracyVariance: sample variance 0.008291308421516754 (last 7 data)
DEBUG flower 2021-04-08 13:50:37,734 | numpy_client.py:201 | Not a switch point
INFO flower 2021-04-08 13:50:37,737 | numpy_client.py:205 | Cache is fresh, return FitRes(clock=44)
DEBUG flower 2021-04-08 13:50:45,776 | numpy_client.py:172 | fit, FitIns(clock=45)
DEBUG flower 2021-04-08 13:50:45,776 | numpy_client.py:260 | cached_clock: 23, curr_clock: 45
INFO flower 2021-04-08 13:50:45,776 | numpy_client.py:184 | Cache is stale, return ReadIns
DEBUG flower 2021-04-08 13:50:50,469 | numpy_client.py:228 | read: ReadRes(clock=24)
DEBUG flower 2021-04-08 13:50:50,508 | numpy_client.py:172 | fit, FitIns(clock=45)
DEBUG flower 2021-04-08 13:50:50,508 | numpy_client.py:260 | cached_clock: 24, curr_clock: 45
DEBUG flower 2021-04-08 13:50:51,335 | acc_variance.py:19 | AccuracyVariance: sample variance 0.006938293257117663 (last 7 data)
DEBUG flower 2021-04-08 13:50:51,335 | numpy_client.py:201 | Not a switch point
INFO flower 2021-04-08 13:50:51,338 | numpy_client.py:205 | Cache is fresh, return FitRes(clock=45)
DEBUG flower 2021-04-08 13:50:59,504 | numpy_client.py:172 | fit, FitIns(clock=46)
DEBUG flower 2021-04-08 13:50:59,504 | numpy_client.py:260 | cached_clock: 24, curr_clock: 46
INFO flower 2021-04-08 13:50:59,504 | numpy_client.py:184 | Cache is stale, return ReadIns
DEBUG flower 2021-04-08 13:51:04,706 | numpy_client.py:228 | read: ReadRes(clock=25)
DEBUG flower 2021-04-08 13:51:04,713 | numpy_client.py:172 | fit, FitIns(clock=46)
DEBUG flower 2021-04-08 13:51:04,713 | numpy_client.py:260 | cached_clock: 25, curr_clock: 46
DEBUG flower 2021-04-08 13:51:05,534 | acc_variance.py:19 | AccuracyVariance: sample variance 0.006738994787729907 (last 7 data)
DEBUG flower 2021-04-08 13:51:05,534 | numpy_client.py:201 | Not a switch point
INFO flower 2021-04-08 13:51:05,537 | numpy_client.py:205 | Cache is fresh, return FitRes(clock=46)
DEBUG flower 2021-04-08 13:51:13,990 | numpy_client.py:172 | fit, FitIns(clock=47)
DEBUG flower 2021-04-08 13:51:13,991 | numpy_client.py:260 | cached_clock: 25, curr_clock: 47
INFO flower 2021-04-08 13:51:13,991 | numpy_client.py:184 | Cache is stale, return ReadIns
DEBUG flower 2021-04-08 13:51:18,680 | numpy_client.py:228 | read: ReadRes(clock=26)
DEBUG flower 2021-04-08 13:51:18,686 | numpy_client.py:172 | fit, FitIns(clock=47)
DEBUG flower 2021-04-08 13:51:18,687 | numpy_client.py:260 | cached_clock: 26, curr_clock: 47
DEBUG flower 2021-04-08 13:51:19,508 | acc_variance.py:19 | AccuracyVariance: sample variance 0.00771149750409423 (last 7 data)
DEBUG flower 2021-04-08 13:51:19,509 | numpy_client.py:201 | Not a switch point
INFO flower 2021-04-08 13:51:19,512 | numpy_client.py:205 | Cache is fresh, return FitRes(clock=47)
DEBUG flower 2021-04-08 13:51:27,111 | numpy_client.py:172 | fit, FitIns(clock=48)
DEBUG flower 2021-04-08 13:51:27,111 | numpy_client.py:260 | cached_clock: 26, curr_clock: 48
INFO flower 2021-04-08 13:51:27,111 | numpy_client.py:184 | Cache is stale, return ReadIns
DEBUG flower 2021-04-08 13:51:32,006 | numpy_client.py:228 | read: ReadRes(clock=27)
DEBUG flower 2021-04-08 13:51:32,013 | numpy_client.py:172 | fit, FitIns(clock=48)
DEBUG flower 2021-04-08 13:51:32,013 | numpy_client.py:260 | cached_clock: 27, curr_clock: 48
DEBUG flower 2021-04-08 13:51:32,913 | acc_variance.py:19 | AccuracyVariance: sample variance 0.008945671729339882 (last 7 data)
DEBUG flower 2021-04-08 13:51:32,913 | numpy_client.py:201 | Not a switch point
INFO flower 2021-04-08 13:51:32,916 | numpy_client.py:205 | Cache is fresh, return FitRes(clock=48)
DEBUG flower 2021-04-08 13:51:41,332 | numpy_client.py:172 | fit, FitIns(clock=49)
DEBUG flower 2021-04-08 13:51:41,333 | numpy_client.py:260 | cached_clock: 27, curr_clock: 49
INFO flower 2021-04-08 13:51:41,333 | numpy_client.py:184 | Cache is stale, return ReadIns
DEBUG flower 2021-04-08 13:51:45,800 | numpy_client.py:228 | read: ReadRes(clock=28)
DEBUG flower 2021-04-08 13:51:45,807 | numpy_client.py:172 | fit, FitIns(clock=49)
DEBUG flower 2021-04-08 13:51:45,807 | numpy_client.py:260 | cached_clock: 28, curr_clock: 49
DEBUG flower 2021-04-08 13:51:46,633 | acc_variance.py:19 | AccuracyVariance: sample variance 0.009324584868669689 (last 7 data)
DEBUG flower 2021-04-08 13:51:46,633 | numpy_client.py:201 | Not a switch point
INFO flower 2021-04-08 13:51:46,637 | numpy_client.py:205 | Cache is fresh, return FitRes(clock=49)
DEBUG flower 2021-04-08 13:51:54,084 | numpy_client.py:172 | fit, FitIns(clock=50)
DEBUG flower 2021-04-08 13:51:54,084 | numpy_client.py:260 | cached_clock: 28, curr_clock: 50
INFO flower 2021-04-08 13:51:54,084 | numpy_client.py:184 | Cache is stale, return ReadIns
DEBUG flower 2021-04-08 13:51:58,768 | numpy_client.py:228 | read: ReadRes(clock=29)
DEBUG flower 2021-04-08 13:51:58,807 | numpy_client.py:172 | fit, FitIns(clock=50)
DEBUG flower 2021-04-08 13:51:58,807 | numpy_client.py:260 | cached_clock: 29, curr_clock: 50
DEBUG flower 2021-04-08 13:51:59,635 | acc_variance.py:19 | AccuracyVariance: sample variance 0.010948744370433357 (last 7 data)
DEBUG flower 2021-04-08 13:51:59,636 | numpy_client.py:201 | Not a switch point
INFO flower 2021-04-08 13:51:59,641 | numpy_client.py:205 | Cache is fresh, return FitRes(clock=50)
DEBUG flower 2021-04-08 13:52:07,531 | numpy_client.py:172 | fit, FitIns(clock=51)
DEBUG flower 2021-04-08 13:52:07,531 | numpy_client.py:260 | cached_clock: 29, curr_clock: 51
INFO flower 2021-04-08 13:52:07,531 | numpy_client.py:184 | Cache is stale, return ReadIns
DEBUG flower 2021-04-08 13:52:12,321 | numpy_client.py:228 | read: ReadRes(clock=30)
DEBUG flower 2021-04-08 13:52:12,329 | numpy_client.py:172 | fit, FitIns(clock=51)
DEBUG flower 2021-04-08 13:52:12,329 | numpy_client.py:260 | cached_clock: 30, curr_clock: 51
DEBUG flower 2021-04-08 13:52:13,133 | acc_variance.py:19 | AccuracyVariance: sample variance 0.00925470738063744 (last 7 data)
DEBUG flower 2021-04-08 13:52:13,133 | numpy_client.py:201 | Not a switch point
INFO flower 2021-04-08 13:52:13,136 | numpy_client.py:205 | Cache is fresh, return FitRes(clock=51)
DEBUG flower 2021-04-08 13:52:21,575 | numpy_client.py:172 | fit, FitIns(clock=52)
DEBUG flower 2021-04-08 13:52:21,576 | numpy_client.py:260 | cached_clock: 30, curr_clock: 52
INFO flower 2021-04-08 13:52:21,576 | numpy_client.py:184 | Cache is stale, return ReadIns
DEBUG flower 2021-04-08 13:52:26,336 | numpy_client.py:228 | read: ReadRes(clock=31)
DEBUG flower 2021-04-08 13:52:26,343 | numpy_client.py:172 | fit, FitIns(clock=52)
DEBUG flower 2021-04-08 13:52:26,344 | numpy_client.py:260 | cached_clock: 31, curr_clock: 52
DEBUG flower 2021-04-08 13:52:27,233 | acc_variance.py:19 | AccuracyVariance: sample variance 0.011269836348891409 (last 7 data)
DEBUG flower 2021-04-08 13:52:27,233 | numpy_client.py:201 | Not a switch point
INFO flower 2021-04-08 13:52:27,236 | numpy_client.py:205 | Cache is fresh, return FitRes(clock=52)
DEBUG flower 2021-04-08 13:52:34,767 | numpy_client.py:172 | fit, FitIns(clock=53)
DEBUG flower 2021-04-08 13:52:34,768 | numpy_client.py:260 | cached_clock: 31, curr_clock: 53
INFO flower 2021-04-08 13:52:34,768 | numpy_client.py:184 | Cache is stale, return ReadIns
DEBUG flower 2021-04-08 13:52:39,745 | numpy_client.py:228 | read: ReadRes(clock=32)
DEBUG flower 2021-04-08 13:52:39,752 | numpy_client.py:172 | fit, FitIns(clock=53)
DEBUG flower 2021-04-08 13:52:39,752 | numpy_client.py:260 | cached_clock: 32, curr_clock: 53
DEBUG flower 2021-04-08 13:52:40,533 | acc_variance.py:19 | AccuracyVariance: sample variance 0.009513057248362308 (last 7 data)
DEBUG flower 2021-04-08 13:52:40,534 | numpy_client.py:201 | Not a switch point
INFO flower 2021-04-08 13:52:40,537 | numpy_client.py:205 | Cache is fresh, return FitRes(clock=53)
DEBUG flower 2021-04-08 13:52:48,534 | numpy_client.py:172 | fit, FitIns(clock=54)
DEBUG flower 2021-04-08 13:52:48,535 | numpy_client.py:260 | cached_clock: 32, curr_clock: 54
INFO flower 2021-04-08 13:52:48,535 | numpy_client.py:184 | Cache is stale, return ReadIns
DEBUG flower 2021-04-08 13:52:53,810 | numpy_client.py:228 | read: ReadRes(clock=33)
DEBUG flower 2021-04-08 13:52:53,817 | numpy_client.py:172 | fit, FitIns(clock=54)
DEBUG flower 2021-04-08 13:52:53,817 | numpy_client.py:260 | cached_clock: 33, curr_clock: 54
DEBUG flower 2021-04-08 13:52:54,635 | acc_variance.py:19 | AccuracyVariance: sample variance 0.008643894479087932 (last 7 data)
DEBUG flower 2021-04-08 13:52:54,635 | numpy_client.py:201 | Not a switch point
INFO flower 2021-04-08 13:52:54,638 | numpy_client.py:205 | Cache is fresh, return FitRes(clock=54)
DEBUG flower 2021-04-08 13:53:02,672 | numpy_client.py:172 | fit, FitIns(clock=55)
DEBUG flower 2021-04-08 13:53:02,672 | numpy_client.py:260 | cached_clock: 33, curr_clock: 55
INFO flower 2021-04-08 13:53:02,672 | numpy_client.py:184 | Cache is stale, return ReadIns
DEBUG flower 2021-04-08 13:53:07,645 | numpy_client.py:228 | read: ReadRes(clock=34)
DEBUG flower 2021-04-08 13:53:07,652 | numpy_client.py:172 | fit, FitIns(clock=55)
DEBUG flower 2021-04-08 13:53:07,652 | numpy_client.py:260 | cached_clock: 34, curr_clock: 55
DEBUG flower 2021-04-08 13:53:08,511 | acc_variance.py:19 | AccuracyVariance: sample variance 0.008801856969639707 (last 7 data)
DEBUG flower 2021-04-08 13:53:08,511 | numpy_client.py:201 | Not a switch point
INFO flower 2021-04-08 13:53:08,516 | numpy_client.py:205 | Cache is fresh, return FitRes(clock=55)
DEBUG flower 2021-04-08 13:53:16,663 | numpy_client.py:172 | fit, FitIns(clock=56)
DEBUG flower 2021-04-08 13:53:16,664 | numpy_client.py:260 | cached_clock: 34, curr_clock: 56
INFO flower 2021-04-08 13:53:16,664 | numpy_client.py:184 | Cache is stale, return ReadIns
DEBUG flower 2021-04-08 13:53:21,536 | numpy_client.py:228 | read: ReadRes(clock=35)
DEBUG flower 2021-04-08 13:53:21,543 | numpy_client.py:172 | fit, FitIns(clock=56)
DEBUG flower 2021-04-08 13:53:21,543 | numpy_client.py:260 | cached_clock: 35, curr_clock: 56
DEBUG flower 2021-04-08 13:53:22,435 | acc_variance.py:19 | AccuracyVariance: sample variance 0.012109227371504157 (last 7 data)
DEBUG flower 2021-04-08 13:53:22,435 | numpy_client.py:201 | Not a switch point
INFO flower 2021-04-08 13:53:22,439 | numpy_client.py:205 | Cache is fresh, return FitRes(clock=56)
DEBUG flower 2021-04-08 13:53:30,270 | numpy_client.py:172 | fit, FitIns(clock=57)
DEBUG flower 2021-04-08 13:53:30,271 | numpy_client.py:260 | cached_clock: 35, curr_clock: 57
INFO flower 2021-04-08 13:53:30,271 | numpy_client.py:184 | Cache is stale, return ReadIns
DEBUG flower 2021-04-08 13:53:35,001 | numpy_client.py:228 | read: ReadRes(clock=36)
DEBUG flower 2021-04-08 13:53:35,008 | numpy_client.py:172 | fit, FitIns(clock=57)
DEBUG flower 2021-04-08 13:53:35,008 | numpy_client.py:260 | cached_clock: 36, curr_clock: 57
DEBUG flower 2021-04-08 13:53:35,934 | acc_variance.py:19 | AccuracyVariance: sample variance 0.014833588238536154 (last 7 data)
DEBUG flower 2021-04-08 13:53:35,935 | numpy_client.py:201 | Not a switch point
INFO flower 2021-04-08 13:53:35,938 | numpy_client.py:205 | Cache is fresh, return FitRes(clock=57)
DEBUG flower 2021-04-08 13:53:44,029 | numpy_client.py:172 | fit, FitIns(clock=58)
DEBUG flower 2021-04-08 13:53:44,029 | numpy_client.py:260 | cached_clock: 36, curr_clock: 58
INFO flower 2021-04-08 13:53:44,029 | numpy_client.py:184 | Cache is stale, return ReadIns
DEBUG flower 2021-04-08 13:53:48,702 | numpy_client.py:228 | read: ReadRes(clock=37)
DEBUG flower 2021-04-08 13:53:48,709 | numpy_client.py:172 | fit, FitIns(clock=58)
DEBUG flower 2021-04-08 13:53:48,709 | numpy_client.py:260 | cached_clock: 37, curr_clock: 58
DEBUG flower 2021-04-08 13:53:49,556 | acc_variance.py:19 | AccuracyVariance: sample variance 0.018522824349647266 (last 7 data)
DEBUG flower 2021-04-08 13:53:49,556 | numpy_client.py:201 | Not a switch point
INFO flower 2021-04-08 13:53:49,607 | numpy_client.py:205 | Cache is fresh, return FitRes(clock=58)
DEBUG flower 2021-04-08 13:53:57,669 | numpy_client.py:172 | fit, FitIns(clock=59)
DEBUG flower 2021-04-08 13:53:57,669 | numpy_client.py:260 | cached_clock: 37, curr_clock: 59
INFO flower 2021-04-08 13:53:57,670 | numpy_client.py:184 | Cache is stale, return ReadIns
DEBUG flower 2021-04-08 13:54:02,606 | numpy_client.py:228 | read: ReadRes(clock=38)
DEBUG flower 2021-04-08 13:54:02,613 | numpy_client.py:172 | fit, FitIns(clock=59)
DEBUG flower 2021-04-08 13:54:02,613 | numpy_client.py:260 | cached_clock: 38, curr_clock: 59
DEBUG flower 2021-04-08 13:54:03,427 | acc_variance.py:19 | AccuracyVariance: sample variance 0.016402141006865708 (last 7 data)
DEBUG flower 2021-04-08 13:54:03,427 | numpy_client.py:201 | Not a switch point
INFO flower 2021-04-08 13:54:03,430 | numpy_client.py:205 | Cache is fresh, return FitRes(clock=59)
DEBUG flower 2021-04-08 13:54:11,713 | numpy_client.py:172 | fit, FitIns(clock=60)
DEBUG flower 2021-04-08 13:54:11,714 | numpy_client.py:260 | cached_clock: 38, curr_clock: 60
INFO flower 2021-04-08 13:54:11,714 | numpy_client.py:184 | Cache is stale, return ReadIns
DEBUG flower 2021-04-08 13:54:16,096 | numpy_client.py:228 | read: ReadRes(clock=39)
DEBUG flower 2021-04-08 13:54:16,103 | numpy_client.py:172 | fit, FitIns(clock=60)
DEBUG flower 2021-04-08 13:54:16,103 | numpy_client.py:260 | cached_clock: 39, curr_clock: 60
DEBUG flower 2021-04-08 13:54:16,943 | acc_variance.py:19 | AccuracyVariance: sample variance 0.01790426095206601 (last 7 data)
DEBUG flower 2021-04-08 13:54:16,944 | numpy_client.py:201 | Not a switch point
INFO flower 2021-04-08 13:54:16,947 | numpy_client.py:205 | Cache is fresh, return FitRes(clock=60)
DEBUG flower 2021-04-08 13:54:25,622 | numpy_client.py:172 | fit, FitIns(clock=61)
DEBUG flower 2021-04-08 13:54:25,622 | numpy_client.py:260 | cached_clock: 39, curr_clock: 61
INFO flower 2021-04-08 13:54:25,622 | numpy_client.py:184 | Cache is stale, return ReadIns
DEBUG flower 2021-04-08 13:54:30,233 | numpy_client.py:228 | read: ReadRes(clock=40)
DEBUG flower 2021-04-08 13:54:30,240 | numpy_client.py:172 | fit, FitIns(clock=61)
DEBUG flower 2021-04-08 13:54:30,241 | numpy_client.py:260 | cached_clock: 40, curr_clock: 61
DEBUG flower 2021-04-08 13:54:31,035 | acc_variance.py:19 | AccuracyVariance: sample variance 0.015536053831254726 (last 7 data)
DEBUG flower 2021-04-08 13:54:31,035 | numpy_client.py:201 | Not a switch point
INFO flower 2021-04-08 13:54:31,039 | numpy_client.py:205 | Cache is fresh, return FitRes(clock=61)
DEBUG flower 2021-04-08 13:54:39,163 | numpy_client.py:172 | fit, FitIns(clock=62)
DEBUG flower 2021-04-08 13:54:39,164 | numpy_client.py:260 | cached_clock: 40, curr_clock: 62
INFO flower 2021-04-08 13:54:39,164 | numpy_client.py:184 | Cache is stale, return ReadIns
DEBUG flower 2021-04-08 13:54:43,575 | numpy_client.py:228 | read: ReadRes(clock=41)
DEBUG flower 2021-04-08 13:54:43,582 | numpy_client.py:172 | fit, FitIns(clock=62)
DEBUG flower 2021-04-08 13:54:43,582 | numpy_client.py:260 | cached_clock: 41, curr_clock: 62
DEBUG flower 2021-04-08 13:54:44,419 | acc_variance.py:19 | AccuracyVariance: sample variance 0.007526592813051146 (last 7 data)
DEBUG flower 2021-04-08 13:54:44,419 | numpy_client.py:201 | Not a switch point
INFO flower 2021-04-08 13:54:44,422 | numpy_client.py:205 | Cache is fresh, return FitRes(clock=62)
DEBUG flower 2021-04-08 13:54:52,603 | numpy_client.py:172 | fit, FitIns(clock=63)
DEBUG flower 2021-04-08 13:54:52,603 | numpy_client.py:260 | cached_clock: 41, curr_clock: 63
INFO flower 2021-04-08 13:54:52,603 | numpy_client.py:184 | Cache is stale, return ReadIns
DEBUG flower 2021-04-08 13:54:57,306 | numpy_client.py:228 | read: ReadRes(clock=42)
DEBUG flower 2021-04-08 13:54:57,313 | numpy_client.py:172 | fit, FitIns(clock=63)
DEBUG flower 2021-04-08 13:54:57,313 | numpy_client.py:260 | cached_clock: 42, curr_clock: 63
DEBUG flower 2021-04-08 13:54:58,134 | acc_variance.py:19 | AccuracyVariance: sample variance 0.012383078231292517 (last 7 data)
DEBUG flower 2021-04-08 13:54:58,134 | numpy_client.py:201 | Not a switch point
INFO flower 2021-04-08 13:54:58,137 | numpy_client.py:205 | Cache is fresh, return FitRes(clock=63)
DEBUG flower 2021-04-08 13:55:06,248 | numpy_client.py:172 | fit, FitIns(clock=64)
DEBUG flower 2021-04-08 13:55:06,248 | numpy_client.py:260 | cached_clock: 42, curr_clock: 64
INFO flower 2021-04-08 13:55:06,248 | numpy_client.py:184 | Cache is stale, return ReadIns
DEBUG flower 2021-04-08 13:55:10,996 | numpy_client.py:228 | read: ReadRes(clock=43)
DEBUG flower 2021-04-08 13:55:11,003 | numpy_client.py:172 | fit, FitIns(clock=64)
DEBUG flower 2021-04-08 13:55:11,003 | numpy_client.py:260 | cached_clock: 43, curr_clock: 64
DEBUG flower 2021-04-08 13:55:11,834 | acc_variance.py:19 | AccuracyVariance: sample variance 0.011827010896951373 (last 7 data)
DEBUG flower 2021-04-08 13:55:11,835 | numpy_client.py:201 | Not a switch point
INFO flower 2021-04-08 13:55:11,838 | numpy_client.py:205 | Cache is fresh, return FitRes(clock=64)
DEBUG flower 2021-04-08 13:55:19,871 | numpy_client.py:172 | fit, FitIns(clock=65)
DEBUG flower 2021-04-08 13:55:19,872 | numpy_client.py:260 | cached_clock: 43, curr_clock: 65
INFO flower 2021-04-08 13:55:19,872 | numpy_client.py:184 | Cache is stale, return ReadIns
DEBUG flower 2021-04-08 13:55:24,511 | numpy_client.py:228 | read: ReadRes(clock=44)
DEBUG flower 2021-04-08 13:55:24,518 | numpy_client.py:172 | fit, FitIns(clock=65)
DEBUG flower 2021-04-08 13:55:24,518 | numpy_client.py:260 | cached_clock: 44, curr_clock: 65
DEBUG flower 2021-04-08 13:55:25,331 | acc_variance.py:19 | AccuracyVariance: sample variance 0.010573152872260015 (last 7 data)
DEBUG flower 2021-04-08 13:55:25,331 | numpy_client.py:201 | Not a switch point
INFO flower 2021-04-08 13:55:25,334 | numpy_client.py:205 | Cache is fresh, return FitRes(clock=65)
DEBUG flower 2021-04-08 13:55:33,565 | numpy_client.py:172 | fit, FitIns(clock=66)
DEBUG flower 2021-04-08 13:55:33,565 | numpy_client.py:260 | cached_clock: 44, curr_clock: 66
INFO flower 2021-04-08 13:55:33,566 | numpy_client.py:184 | Cache is stale, return ReadIns
DEBUG flower 2021-04-08 13:55:38,225 | numpy_client.py:228 | read: ReadRes(clock=45)
DEBUG flower 2021-04-08 13:55:38,233 | numpy_client.py:172 | fit, FitIns(clock=66)
DEBUG flower 2021-04-08 13:55:38,233 | numpy_client.py:260 | cached_clock: 45, curr_clock: 66
DEBUG flower 2021-04-08 13:55:39,111 | acc_variance.py:19 | AccuracyVariance: sample variance 0.011171048280423283 (last 7 data)
DEBUG flower 2021-04-08 13:55:39,111 | numpy_client.py:201 | Not a switch point
INFO flower 2021-04-08 13:55:39,114 | numpy_client.py:205 | Cache is fresh, return FitRes(clock=66)
DEBUG flower 2021-04-08 13:55:47,156 | numpy_client.py:172 | fit, FitIns(clock=67)
DEBUG flower 2021-04-08 13:55:47,156 | numpy_client.py:260 | cached_clock: 45, curr_clock: 67
INFO flower 2021-04-08 13:55:47,156 | numpy_client.py:184 | Cache is stale, return ReadIns
DEBUG flower 2021-04-08 13:55:51,706 | numpy_client.py:228 | read: ReadRes(clock=46)
DEBUG flower 2021-04-08 13:55:51,713 | numpy_client.py:172 | fit, FitIns(clock=67)
DEBUG flower 2021-04-08 13:55:51,713 | numpy_client.py:260 | cached_clock: 46, curr_clock: 67
DEBUG flower 2021-04-08 13:55:52,542 | acc_variance.py:19 | AccuracyVariance: sample variance 0.009579982166477702 (last 7 data)
DEBUG flower 2021-04-08 13:55:52,542 | numpy_client.py:201 | Not a switch point
INFO flower 2021-04-08 13:55:52,546 | numpy_client.py:205 | Cache is fresh, return FitRes(clock=67)
DEBUG flower 2021-04-08 13:56:00,654 | numpy_client.py:172 | fit, FitIns(clock=68)
DEBUG flower 2021-04-08 13:56:00,655 | numpy_client.py:260 | cached_clock: 46, curr_clock: 68
INFO flower 2021-04-08 13:56:00,655 | numpy_client.py:184 | Cache is stale, return ReadIns
DEBUG flower 2021-04-08 13:56:05,306 | numpy_client.py:228 | read: ReadRes(clock=47)
DEBUG flower 2021-04-08 13:56:05,313 | numpy_client.py:172 | fit, FitIns(clock=68)
DEBUG flower 2021-04-08 13:56:05,313 | numpy_client.py:260 | cached_clock: 47, curr_clock: 68
DEBUG flower 2021-04-08 13:56:06,231 | acc_variance.py:19 | AccuracyVariance: sample variance 0.008988607016880826 (last 7 data)
DEBUG flower 2021-04-08 13:56:06,231 | numpy_client.py:201 | Not a switch point
INFO flower 2021-04-08 13:56:06,236 | numpy_client.py:205 | Cache is fresh, return FitRes(clock=68)
DEBUG flower 2021-04-08 13:56:14,428 | numpy_client.py:172 | fit, FitIns(clock=69)
DEBUG flower 2021-04-08 13:56:14,428 | numpy_client.py:260 | cached_clock: 47, curr_clock: 69
INFO flower 2021-04-08 13:56:14,428 | numpy_client.py:184 | Cache is stale, return ReadIns
DEBUG flower 2021-04-08 13:56:19,279 | numpy_client.py:228 | read: ReadRes(clock=48)
DEBUG flower 2021-04-08 13:56:19,307 | numpy_client.py:172 | fit, FitIns(clock=69)
DEBUG flower 2021-04-08 13:56:19,307 | numpy_client.py:260 | cached_clock: 48, curr_clock: 69
DEBUG flower 2021-04-08 13:56:20,132 | acc_variance.py:19 | AccuracyVariance: sample variance 0.00935177311665407 (last 7 data)
DEBUG flower 2021-04-08 13:56:20,132 | numpy_client.py:201 | Not a switch point
INFO flower 2021-04-08 13:56:20,135 | numpy_client.py:205 | Cache is fresh, return FitRes(clock=69)
DEBUG flower 2021-04-08 13:56:27,764 | numpy_client.py:172 | fit, FitIns(clock=70)
DEBUG flower 2021-04-08 13:56:27,765 | numpy_client.py:260 | cached_clock: 48, curr_clock: 70
INFO flower 2021-04-08 13:56:27,765 | numpy_client.py:184 | Cache is stale, return ReadIns
DEBUG flower 2021-04-08 13:56:32,172 | numpy_client.py:228 | read: ReadRes(clock=49)
DEBUG flower 2021-04-08 13:56:32,179 | numpy_client.py:172 | fit, FitIns(clock=70)
DEBUG flower 2021-04-08 13:56:32,179 | numpy_client.py:260 | cached_clock: 49, curr_clock: 70
DEBUG flower 2021-04-08 13:56:33,009 | acc_variance.py:19 | AccuracyVariance: sample variance 0.008163363725119678 (last 7 data)
DEBUG flower 2021-04-08 13:56:33,010 | numpy_client.py:201 | Not a switch point
INFO flower 2021-04-08 13:56:33,013 | numpy_client.py:205 | Cache is fresh, return FitRes(clock=70)
DEBUG flower 2021-04-08 13:56:41,420 | numpy_client.py:172 | fit, FitIns(clock=71)
DEBUG flower 2021-04-08 13:56:41,420 | numpy_client.py:260 | cached_clock: 49, curr_clock: 71
INFO flower 2021-04-08 13:56:41,420 | numpy_client.py:184 | Cache is stale, return ReadIns
DEBUG flower 2021-04-08 13:56:46,703 | numpy_client.py:228 | read: ReadRes(clock=50)
DEBUG flower 2021-04-08 13:56:46,710 | numpy_client.py:172 | fit, FitIns(clock=71)
DEBUG flower 2021-04-08 13:56:46,710 | numpy_client.py:260 | cached_clock: 50, curr_clock: 71
DEBUG flower 2021-04-08 13:56:47,532 | acc_variance.py:19 | AccuracyVariance: sample variance 0.009940810815066769 (last 7 data)
DEBUG flower 2021-04-08 13:56:47,532 | numpy_client.py:201 | Not a switch point
INFO flower 2021-04-08 13:56:47,535 | numpy_client.py:205 | Cache is fresh, return FitRes(clock=71)
DEBUG flower 2021-04-08 13:56:55,711 | numpy_client.py:172 | fit, FitIns(clock=72)
DEBUG flower 2021-04-08 13:56:55,711 | numpy_client.py:260 | cached_clock: 50, curr_clock: 72
INFO flower 2021-04-08 13:56:55,712 | numpy_client.py:184 | Cache is stale, return ReadIns
DEBUG flower 2021-04-08 13:57:00,806 | numpy_client.py:228 | read: ReadRes(clock=51)
DEBUG flower 2021-04-08 13:57:00,813 | numpy_client.py:172 | fit, FitIns(clock=72)
DEBUG flower 2021-04-08 13:57:00,813 | numpy_client.py:260 | cached_clock: 51, curr_clock: 72
DEBUG flower 2021-04-08 13:57:01,706 | acc_variance.py:19 | AccuracyVariance: sample variance 0.013800803886369364 (last 7 data)
DEBUG flower 2021-04-08 13:57:01,706 | numpy_client.py:201 | Not a switch point
INFO flower 2021-04-08 13:57:01,709 | numpy_client.py:205 | Cache is fresh, return FitRes(clock=72)
DEBUG flower 2021-04-08 13:57:09,628 | numpy_client.py:172 | fit, FitIns(clock=73)
DEBUG flower 2021-04-08 13:57:09,628 | numpy_client.py:260 | cached_clock: 51, curr_clock: 73
INFO flower 2021-04-08 13:57:09,629 | numpy_client.py:184 | Cache is stale, return ReadIns
DEBUG flower 2021-04-08 13:57:15,027 | numpy_client.py:228 | read: ReadRes(clock=52)
DEBUG flower 2021-04-08 13:57:15,034 | numpy_client.py:172 | fit, FitIns(clock=73)
DEBUG flower 2021-04-08 13:57:15,034 | numpy_client.py:260 | cached_clock: 52, curr_clock: 73
DEBUG flower 2021-04-08 13:57:15,842 | acc_variance.py:19 | AccuracyVariance: sample variance 0.01291035800894432 (last 7 data)
DEBUG flower 2021-04-08 13:57:15,843 | numpy_client.py:201 | Not a switch point
INFO flower 2021-04-08 13:57:15,846 | numpy_client.py:205 | Cache is fresh, return FitRes(clock=73)
DEBUG flower 2021-04-08 13:57:23,901 | numpy_client.py:172 | fit, FitIns(clock=74)
DEBUG flower 2021-04-08 13:57:23,902 | numpy_client.py:260 | cached_clock: 52, curr_clock: 74
INFO flower 2021-04-08 13:57:23,902 | numpy_client.py:184 | Cache is stale, return ReadIns
DEBUG flower 2021-04-08 13:57:29,008 | numpy_client.py:228 | read: ReadRes(clock=53)
DEBUG flower 2021-04-08 13:57:29,015 | numpy_client.py:172 | fit, FitIns(clock=74)
DEBUG flower 2021-04-08 13:57:29,015 | numpy_client.py:260 | cached_clock: 53, curr_clock: 74
DEBUG flower 2021-04-08 13:57:29,836 | acc_variance.py:19 | AccuracyVariance: sample variance 0.014282318830309905 (last 7 data)
DEBUG flower 2021-04-08 13:57:29,837 | numpy_client.py:201 | Not a switch point
INFO flower 2021-04-08 13:57:29,840 | numpy_client.py:205 | Cache is fresh, return FitRes(clock=74)
DEBUG flower 2021-04-08 13:57:38,450 | numpy_client.py:172 | fit, FitIns(clock=75)
DEBUG flower 2021-04-08 13:57:38,450 | numpy_client.py:260 | cached_clock: 53, curr_clock: 75
INFO flower 2021-04-08 13:57:38,450 | numpy_client.py:184 | Cache is stale, return ReadIns
DEBUG flower 2021-04-08 13:57:43,521 | numpy_client.py:228 | read: ReadRes(clock=54)
DEBUG flower 2021-04-08 13:57:43,529 | numpy_client.py:172 | fit, FitIns(clock=75)
DEBUG flower 2021-04-08 13:57:43,529 | numpy_client.py:260 | cached_clock: 54, curr_clock: 75
DEBUG flower 2021-04-08 13:57:44,331 | acc_variance.py:19 | AccuracyVariance: sample variance 0.010125346434870246 (last 7 data)
DEBUG flower 2021-04-08 13:57:44,331 | numpy_client.py:201 | Not a switch point
INFO flower 2021-04-08 13:57:44,335 | numpy_client.py:205 | Cache is fresh, return FitRes(clock=75)
DEBUG flower 2021-04-08 13:57:52,165 | numpy_client.py:172 | fit, FitIns(clock=76)
DEBUG flower 2021-04-08 13:57:52,165 | numpy_client.py:260 | cached_clock: 54, curr_clock: 76
INFO flower 2021-04-08 13:57:52,165 | numpy_client.py:184 | Cache is stale, return ReadIns
DEBUG flower 2021-04-08 13:57:56,704 | numpy_client.py:228 | read: ReadRes(clock=55)
DEBUG flower 2021-04-08 13:57:56,711 | numpy_client.py:172 | fit, FitIns(clock=76)
DEBUG flower 2021-04-08 13:57:56,712 | numpy_client.py:260 | cached_clock: 55, curr_clock: 76
DEBUG flower 2021-04-08 13:57:57,610 | acc_variance.py:19 | AccuracyVariance: sample variance 0.010633188460569412 (last 7 data)
DEBUG flower 2021-04-08 13:57:57,610 | numpy_client.py:201 | Not a switch point
INFO flower 2021-04-08 13:57:57,614 | numpy_client.py:205 | Cache is fresh, return FitRes(clock=76)
DEBUG flower 2021-04-08 13:58:05,366 | numpy_client.py:172 | fit, FitIns(clock=77)
DEBUG flower 2021-04-08 13:58:05,366 | numpy_client.py:260 | cached_clock: 55, curr_clock: 77
INFO flower 2021-04-08 13:58:05,366 | numpy_client.py:184 | Cache is stale, return ReadIns
DEBUG flower 2021-04-08 13:58:10,001 | numpy_client.py:228 | read: ReadRes(clock=56)
DEBUG flower 2021-04-08 13:58:10,008 | numpy_client.py:172 | fit, FitIns(clock=77)
DEBUG flower 2021-04-08 13:58:10,008 | numpy_client.py:260 | cached_clock: 56, curr_clock: 77
DEBUG flower 2021-04-08 13:58:10,913 | acc_variance.py:19 | AccuracyVariance: sample variance 0.011046548248929203 (last 7 data)
DEBUG flower 2021-04-08 13:58:10,913 | numpy_client.py:201 | Not a switch point
INFO flower 2021-04-08 13:58:10,917 | numpy_client.py:205 | Cache is fresh, return FitRes(clock=77)
DEBUG flower 2021-04-08 13:58:19,111 | numpy_client.py:172 | fit, FitIns(clock=78)
DEBUG flower 2021-04-08 13:58:19,112 | numpy_client.py:260 | cached_clock: 56, curr_clock: 78
INFO flower 2021-04-08 13:58:19,112 | numpy_client.py:184 | Cache is stale, return ReadIns
DEBUG flower 2021-04-08 13:58:23,932 | numpy_client.py:228 | read: ReadRes(clock=57)
DEBUG flower 2021-04-08 13:58:23,939 | numpy_client.py:172 | fit, FitIns(clock=78)
DEBUG flower 2021-04-08 13:58:23,939 | numpy_client.py:260 | cached_clock: 57, curr_clock: 78
DEBUG flower 2021-04-08 13:58:24,809 | acc_variance.py:19 | AccuracyVariance: sample variance 0.014608823853615518 (last 7 data)
DEBUG flower 2021-04-08 13:58:24,810 | numpy_client.py:201 | Not a switch point
INFO flower 2021-04-08 13:58:24,815 | numpy_client.py:205 | Cache is fresh, return FitRes(clock=78)
DEBUG flower 2021-04-08 13:58:32,586 | numpy_client.py:172 | fit, FitIns(clock=79)
DEBUG flower 2021-04-08 13:58:32,586 | numpy_client.py:260 | cached_clock: 57, curr_clock: 79
INFO flower 2021-04-08 13:58:32,586 | numpy_client.py:184 | Cache is stale, return ReadIns
DEBUG flower 2021-04-08 13:58:38,318 | numpy_client.py:228 | read: ReadRes(clock=58)
DEBUG flower 2021-04-08 13:58:38,325 | numpy_client.py:172 | fit, FitIns(clock=79)
DEBUG flower 2021-04-08 13:58:38,326 | numpy_client.py:260 | cached_clock: 58, curr_clock: 79
DEBUG flower 2021-04-08 13:58:39,117 | acc_variance.py:19 | AccuracyVariance: sample variance 0.00637509054547745 (last 7 data)
DEBUG flower 2021-04-08 13:58:39,117 | numpy_client.py:201 | Not a switch point
INFO flower 2021-04-08 13:58:39,121 | numpy_client.py:205 | Cache is fresh, return FitRes(clock=79)
DEBUG flower 2021-04-08 13:58:47,332 | numpy_client.py:172 | fit, FitIns(clock=80)
DEBUG flower 2021-04-08 13:58:47,332 | numpy_client.py:260 | cached_clock: 58, curr_clock: 80
INFO flower 2021-04-08 13:58:47,332 | numpy_client.py:184 | Cache is stale, return ReadIns
DEBUG flower 2021-04-08 13:58:52,727 | numpy_client.py:228 | read: ReadRes(clock=59)
DEBUG flower 2021-04-08 13:58:52,734 | numpy_client.py:172 | fit, FitIns(clock=80)
DEBUG flower 2021-04-08 13:58:52,734 | numpy_client.py:260 | cached_clock: 59, curr_clock: 80
DEBUG flower 2021-04-08 13:58:53,610 | acc_variance.py:19 | AccuracyVariance: sample variance 0.010680921674225245 (last 7 data)
DEBUG flower 2021-04-08 13:58:53,611 | numpy_client.py:201 | Not a switch point
INFO flower 2021-04-08 13:58:53,615 | numpy_client.py:205 | Cache is fresh, return FitRes(clock=80)
DEBUG flower 2021-04-08 13:59:01,718 | numpy_client.py:172 | fit, FitIns(clock=81)
DEBUG flower 2021-04-08 13:59:01,718 | numpy_client.py:260 | cached_clock: 59, curr_clock: 81
INFO flower 2021-04-08 13:59:01,718 | numpy_client.py:184 | Cache is stale, return ReadIns
DEBUG flower 2021-04-08 13:59:06,733 | numpy_client.py:228 | read: ReadRes(clock=60)
DEBUG flower 2021-04-08 13:59:06,740 | numpy_client.py:172 | fit, FitIns(clock=81)
DEBUG flower 2021-04-08 13:59:06,740 | numpy_client.py:260 | cached_clock: 60, curr_clock: 81
DEBUG flower 2021-04-08 13:59:07,632 | acc_variance.py:19 | AccuracyVariance: sample variance 0.011291611552028218 (last 7 data)
DEBUG flower 2021-04-08 13:59:07,632 | numpy_client.py:201 | Not a switch point
INFO flower 2021-04-08 13:59:07,636 | numpy_client.py:205 | Cache is fresh, return FitRes(clock=81)
DEBUG flower 2021-04-08 13:59:15,839 | numpy_client.py:172 | fit, FitIns(clock=82)
DEBUG flower 2021-04-08 13:59:15,839 | numpy_client.py:260 | cached_clock: 60, curr_clock: 82
INFO flower 2021-04-08 13:59:15,839 | numpy_client.py:184 | Cache is stale, return ReadIns
DEBUG flower 2021-04-08 13:59:20,814 | numpy_client.py:228 | read: ReadRes(clock=61)
DEBUG flower 2021-04-08 13:59:20,821 | numpy_client.py:172 | fit, FitIns(clock=82)
DEBUG flower 2021-04-08 13:59:20,821 | numpy_client.py:260 | cached_clock: 61, curr_clock: 82
DEBUG flower 2021-04-08 13:59:21,729 | acc_variance.py:19 | AccuracyVariance: sample variance 0.011380188649533888 (last 7 data)
DEBUG flower 2021-04-08 13:59:21,729 | numpy_client.py:201 | Not a switch point
INFO flower 2021-04-08 13:59:21,732 | numpy_client.py:205 | Cache is fresh, return FitRes(clock=82)
DEBUG flower 2021-04-08 13:59:30,229 | numpy_client.py:172 | fit, FitIns(clock=83)
DEBUG flower 2021-04-08 13:59:30,229 | numpy_client.py:260 | cached_clock: 61, curr_clock: 83
INFO flower 2021-04-08 13:59:30,230 | numpy_client.py:184 | Cache is stale, return ReadIns
DEBUG flower 2021-04-08 13:59:34,806 | numpy_client.py:228 | read: ReadRes(clock=62)
DEBUG flower 2021-04-08 13:59:34,813 | numpy_client.py:172 | fit, FitIns(clock=83)
DEBUG flower 2021-04-08 13:59:34,813 | numpy_client.py:260 | cached_clock: 62, curr_clock: 83
DEBUG flower 2021-04-08 13:59:35,632 | acc_variance.py:19 | AccuracyVariance: sample variance 0.012961289840010076 (last 7 data)
DEBUG flower 2021-04-08 13:59:35,632 | numpy_client.py:201 | Not a switch point
INFO flower 2021-04-08 13:59:35,636 | numpy_client.py:205 | Cache is fresh, return FitRes(clock=83)
DEBUG flower 2021-04-08 13:59:43,759 | numpy_client.py:172 | fit, FitIns(clock=84)
DEBUG flower 2021-04-08 13:59:43,759 | numpy_client.py:260 | cached_clock: 62, curr_clock: 84
INFO flower 2021-04-08 13:59:43,759 | numpy_client.py:184 | Cache is stale, return ReadIns
DEBUG flower 2021-04-08 13:59:48,579 | numpy_client.py:228 | read: ReadRes(clock=63)
DEBUG flower 2021-04-08 13:59:48,606 | numpy_client.py:172 | fit, FitIns(clock=84)
DEBUG flower 2021-04-08 13:59:48,606 | numpy_client.py:260 | cached_clock: 63, curr_clock: 84
DEBUG flower 2021-04-08 13:59:49,431 | acc_variance.py:19 | AccuracyVariance: sample variance 0.013406389754976064 (last 7 data)
DEBUG flower 2021-04-08 13:59:49,431 | numpy_client.py:201 | Not a switch point
INFO flower 2021-04-08 13:59:49,434 | numpy_client.py:205 | Cache is fresh, return FitRes(clock=84)
DEBUG flower 2021-04-08 13:59:57,733 | numpy_client.py:172 | fit, FitIns(clock=85)
DEBUG flower 2021-04-08 13:59:57,733 | numpy_client.py:260 | cached_clock: 63, curr_clock: 85
INFO flower 2021-04-08 13:59:57,734 | numpy_client.py:184 | Cache is stale, return ReadIns
DEBUG flower 2021-04-08 14:00:02,406 | numpy_client.py:228 | read: ReadRes(clock=64)
DEBUG flower 2021-04-08 14:00:02,412 | numpy_client.py:172 | fit, FitIns(clock=85)
DEBUG flower 2021-04-08 14:00:02,412 | numpy_client.py:260 | cached_clock: 64, curr_clock: 85
DEBUG flower 2021-04-08 14:00:03,225 | acc_variance.py:19 | AccuracyVariance: sample variance 0.01384189381771227 (last 7 data)
DEBUG flower 2021-04-08 14:00:03,225 | numpy_client.py:201 | Not a switch point
INFO flower 2021-04-08 14:00:03,229 | numpy_client.py:205 | Cache is fresh, return FitRes(clock=85)
DEBUG flower 2021-04-08 14:00:11,342 | numpy_client.py:172 | fit, FitIns(clock=86)
DEBUG flower 2021-04-08 14:00:11,343 | numpy_client.py:260 | cached_clock: 64, curr_clock: 86
INFO flower 2021-04-08 14:00:11,343 | numpy_client.py:184 | Cache is stale, return ReadIns
DEBUG flower 2021-04-08 14:00:16,292 | numpy_client.py:228 | read: ReadRes(clock=65)
DEBUG flower 2021-04-08 14:00:16,299 | numpy_client.py:172 | fit, FitIns(clock=86)
DEBUG flower 2021-04-08 14:00:16,300 | numpy_client.py:260 | cached_clock: 65, curr_clock: 86
DEBUG flower 2021-04-08 14:00:17,135 | acc_variance.py:19 | AccuracyVariance: sample variance 0.014901620370370369 (last 7 data)
DEBUG flower 2021-04-08 14:00:17,135 | numpy_client.py:201 | Not a switch point
INFO flower 2021-04-08 14:00:17,138 | numpy_client.py:205 | Cache is fresh, return FitRes(clock=86)
DEBUG flower 2021-04-08 14:00:25,570 | numpy_client.py:172 | fit, FitIns(clock=87)
DEBUG flower 2021-04-08 14:00:25,571 | numpy_client.py:260 | cached_clock: 65, curr_clock: 87
INFO flower 2021-04-08 14:00:25,571 | numpy_client.py:184 | Cache is stale, return ReadIns
DEBUG flower 2021-04-08 14:00:30,241 | numpy_client.py:228 | read: ReadRes(clock=66)
DEBUG flower 2021-04-08 14:00:30,247 | numpy_client.py:172 | fit, FitIns(clock=87)
DEBUG flower 2021-04-08 14:00:30,247 | numpy_client.py:260 | cached_clock: 66, curr_clock: 87
DEBUG flower 2021-04-08 14:00:31,130 | acc_variance.py:19 | AccuracyVariance: sample variance 0.014488998724489794 (last 7 data)
DEBUG flower 2021-04-08 14:00:31,130 | numpy_client.py:201 | Not a switch point
INFO flower 2021-04-08 14:00:31,134 | numpy_client.py:205 | Cache is fresh, return FitRes(clock=87)
DEBUG flower 2021-04-08 14:00:39,216 | numpy_client.py:172 | fit, FitIns(clock=88)
DEBUG flower 2021-04-08 14:00:39,216 | numpy_client.py:260 | cached_clock: 66, curr_clock: 88
INFO flower 2021-04-08 14:00:39,216 | numpy_client.py:184 | Cache is stale, return ReadIns
DEBUG flower 2021-04-08 14:00:43,907 | numpy_client.py:228 | read: ReadRes(clock=67)
DEBUG flower 2021-04-08 14:00:43,914 | numpy_client.py:172 | fit, FitIns(clock=88)
DEBUG flower 2021-04-08 14:00:43,914 | numpy_client.py:260 | cached_clock: 67, curr_clock: 88
DEBUG flower 2021-04-08 14:00:44,734 | acc_variance.py:19 | AccuracyVariance: sample variance 0.014748086734693877 (last 7 data)
DEBUG flower 2021-04-08 14:00:44,734 | numpy_client.py:201 | Not a switch point
INFO flower 2021-04-08 14:00:44,737 | numpy_client.py:205 | Cache is fresh, return FitRes(clock=88)
DEBUG flower 2021-04-08 14:00:52,917 | numpy_client.py:172 | fit, FitIns(clock=89)
DEBUG flower 2021-04-08 14:00:52,917 | numpy_client.py:260 | cached_clock: 67, curr_clock: 89
INFO flower 2021-04-08 14:00:52,917 | numpy_client.py:184 | Cache is stale, return ReadIns
DEBUG flower 2021-04-08 14:00:57,505 | numpy_client.py:228 | read: ReadRes(clock=68)
DEBUG flower 2021-04-08 14:00:57,510 | numpy_client.py:172 | fit, FitIns(clock=89)
DEBUG flower 2021-04-08 14:00:57,510 | numpy_client.py:260 | cached_clock: 68, curr_clock: 89
DEBUG flower 2021-04-08 14:00:58,335 | acc_variance.py:19 | AccuracyVariance: sample variance 0.01301345190854119 (last 7 data)
DEBUG flower 2021-04-08 14:00:58,335 | numpy_client.py:201 | Not a switch point
INFO flower 2021-04-08 14:00:58,338 | numpy_client.py:205 | Cache is fresh, return FitRes(clock=89)
DEBUG flower 2021-04-08 14:01:06,363 | numpy_client.py:172 | fit, FitIns(clock=90)
DEBUG flower 2021-04-08 14:01:06,364 | numpy_client.py:260 | cached_clock: 68, curr_clock: 90
INFO flower 2021-04-08 14:01:06,364 | numpy_client.py:184 | Cache is stale, return ReadIns
DEBUG flower 2021-04-08 14:01:10,800 | numpy_client.py:228 | read: ReadRes(clock=69)
DEBUG flower 2021-04-08 14:01:10,807 | numpy_client.py:172 | fit, FitIns(clock=90)
DEBUG flower 2021-04-08 14:01:10,807 | numpy_client.py:260 | cached_clock: 69, curr_clock: 90
DEBUG flower 2021-04-08 14:01:11,709 | acc_variance.py:19 | AccuracyVariance: sample variance 0.013671628952506926 (last 7 data)
DEBUG flower 2021-04-08 14:01:11,710 | numpy_client.py:201 | Not a switch point
INFO flower 2021-04-08 14:01:11,713 | numpy_client.py:205 | Cache is fresh, return FitRes(clock=90)
DEBUG flower 2021-04-08 14:01:19,871 | numpy_client.py:172 | fit, FitIns(clock=91)
DEBUG flower 2021-04-08 14:01:19,871 | numpy_client.py:260 | cached_clock: 69, curr_clock: 91
INFO flower 2021-04-08 14:01:19,871 | numpy_client.py:184 | Cache is stale, return ReadIns
DEBUG flower 2021-04-08 14:01:24,023 | numpy_client.py:228 | read: ReadRes(clock=70)
DEBUG flower 2021-04-08 14:01:24,030 | numpy_client.py:172 | fit, FitIns(clock=91)
DEBUG flower 2021-04-08 14:01:24,031 | numpy_client.py:260 | cached_clock: 70, curr_clock: 91
DEBUG flower 2021-04-08 14:01:24,843 | acc_variance.py:19 | AccuracyVariance: sample variance 0.00749337640148652 (last 7 data)
DEBUG flower 2021-04-08 14:01:24,843 | numpy_client.py:201 | Not a switch point
INFO flower 2021-04-08 14:01:24,847 | numpy_client.py:205 | Cache is fresh, return FitRes(clock=91)
DEBUG flower 2021-04-08 14:01:32,955 | numpy_client.py:172 | fit, FitIns(clock=92)
DEBUG flower 2021-04-08 14:01:32,956 | numpy_client.py:260 | cached_clock: 70, curr_clock: 92
INFO flower 2021-04-08 14:01:32,956 | numpy_client.py:184 | Cache is stale, return ReadIns
DEBUG flower 2021-04-08 14:01:37,609 | numpy_client.py:228 | read: ReadRes(clock=71)
DEBUG flower 2021-04-08 14:01:37,616 | numpy_client.py:172 | fit, FitIns(clock=92)
DEBUG flower 2021-04-08 14:01:37,616 | numpy_client.py:260 | cached_clock: 71, curr_clock: 92
DEBUG flower 2021-04-08 14:01:38,433 | acc_variance.py:19 | AccuracyVariance: sample variance 0.007519211388259006 (last 7 data)
DEBUG flower 2021-04-08 14:01:38,433 | numpy_client.py:201 | Not a switch point
INFO flower 2021-04-08 14:01:38,436 | numpy_client.py:205 | Cache is fresh, return FitRes(clock=92)
DEBUG flower 2021-04-08 14:01:46,420 | numpy_client.py:172 | fit, FitIns(clock=93)
DEBUG flower 2021-04-08 14:01:46,421 | numpy_client.py:260 | cached_clock: 71, curr_clock: 93
INFO flower 2021-04-08 14:01:46,421 | numpy_client.py:184 | Cache is stale, return ReadIns
DEBUG flower 2021-04-08 14:01:50,989 | numpy_client.py:228 | read: ReadRes(clock=72)
DEBUG flower 2021-04-08 14:01:50,996 | numpy_client.py:172 | fit, FitIns(clock=93)
DEBUG flower 2021-04-08 14:01:50,996 | numpy_client.py:260 | cached_clock: 72, curr_clock: 93
DEBUG flower 2021-04-08 14:01:51,907 | acc_variance.py:19 | AccuracyVariance: sample variance 0.007571250433043589 (last 7 data)
DEBUG flower 2021-04-08 14:01:51,908 | numpy_client.py:201 | Not a switch point
INFO flower 2021-04-08 14:01:51,912 | numpy_client.py:205 | Cache is fresh, return FitRes(clock=93)
DEBUG flower 2021-04-08 14:01:59,854 | numpy_client.py:172 | fit, FitIns(clock=94)
DEBUG flower 2021-04-08 14:01:59,854 | numpy_client.py:260 | cached_clock: 72, curr_clock: 94
INFO flower 2021-04-08 14:01:59,854 | numpy_client.py:184 | Cache is stale, return ReadIns
DEBUG flower 2021-04-08 14:02:04,624 | numpy_client.py:228 | read: ReadRes(clock=73)
DEBUG flower 2021-04-08 14:02:04,631 | numpy_client.py:172 | fit, FitIns(clock=94)
DEBUG flower 2021-04-08 14:02:04,631 | numpy_client.py:260 | cached_clock: 73, curr_clock: 94
DEBUG flower 2021-04-08 14:02:05,530 | acc_variance.py:19 | AccuracyVariance: sample variance 2.743429547745029e-05 (last 7 data)
DEBUG flower 2021-04-08 14:02:05,531 | acc_variance.py:23 | AccuracyVariance: should switch
DEBUG flower 2021-04-08 14:02:05,531 | numpy_client.py:199 | Find switch point, staleness_bound -> 20
INFO flower 2021-04-08 14:02:05,534 | numpy_client.py:205 | Cache is fresh, return FitRes(clock=94)
DEBUG flower 2021-04-08 14:02:13,557 | numpy_client.py:172 | fit, FitIns(clock=95)
DEBUG flower 2021-04-08 14:02:13,557 | numpy_client.py:260 | cached_clock: 73, curr_clock: 95
INFO flower 2021-04-08 14:02:13,558 | numpy_client.py:184 | Cache is stale, return ReadIns
DEBUG flower 2021-04-08 14:02:32,305 | numpy_client.py:228 | read: ReadRes(clock=75)
DEBUG flower 2021-04-08 14:02:32,312 | numpy_client.py:172 | fit, FitIns(clock=95)
DEBUG flower 2021-04-08 14:02:32,312 | numpy_client.py:260 | cached_clock: 75, curr_clock: 95
DEBUG flower 2021-04-08 14:02:33,218 | acc_variance.py:19 | AccuracyVariance: sample variance 2.3005440602166843e-05 (last 7 data)
DEBUG flower 2021-04-08 14:02:33,218 | acc_variance.py:23 | AccuracyVariance: should switch
DEBUG flower 2021-04-08 14:02:33,218 | numpy_client.py:199 | Find switch point, staleness_bound -> 19
INFO flower 2021-04-08 14:02:33,222 | numpy_client.py:205 | Cache is fresh, return FitRes(clock=95)
DEBUG flower 2021-04-08 14:02:41,576 | numpy_client.py:172 | fit, FitIns(clock=96)
DEBUG flower 2021-04-08 14:02:41,577 | numpy_client.py:260 | cached_clock: 75, curr_clock: 96
INFO flower 2021-04-08 14:02:41,577 | numpy_client.py:184 | Cache is stale, return ReadIns
DEBUG flower 2021-04-08 14:02:59,502 | numpy_client.py:228 | read: ReadRes(clock=77)
DEBUG flower 2021-04-08 14:02:59,510 | numpy_client.py:172 | fit, FitIns(clock=96)
DEBUG flower 2021-04-08 14:02:59,510 | numpy_client.py:260 | cached_clock: 77, curr_clock: 96
DEBUG flower 2021-04-08 14:03:00,333 | acc_variance.py:19 | AccuracyVariance: sample variance 0.007091457821554548 (last 7 data)
DEBUG flower 2021-04-08 14:03:00,334 | numpy_client.py:201 | Not a switch point
INFO flower 2021-04-08 14:03:00,337 | numpy_client.py:205 | Cache is fresh, return FitRes(clock=96)
DEBUG flower 2021-04-08 14:03:09,665 | numpy_client.py:172 | fit, FitIns(clock=97)
DEBUG flower 2021-04-08 14:03:09,665 | numpy_client.py:260 | cached_clock: 77, curr_clock: 97
INFO flower 2021-04-08 14:03:09,666 | numpy_client.py:184 | Cache is stale, return ReadIns
DEBUG flower 2021-04-08 14:03:14,106 | numpy_client.py:228 | read: ReadRes(clock=78)
DEBUG flower 2021-04-08 14:03:14,113 | numpy_client.py:172 | fit, FitIns(clock=97)
DEBUG flower 2021-04-08 14:03:14,113 | numpy_client.py:260 | cached_clock: 78, curr_clock: 97
DEBUG flower 2021-04-08 14:03:14,938 | acc_variance.py:19 | AccuracyVariance: sample variance 0.008488023392227262 (last 7 data)
DEBUG flower 2021-04-08 14:03:14,938 | numpy_client.py:201 | Not a switch point
INFO flower 2021-04-08 14:03:14,941 | numpy_client.py:205 | Cache is fresh, return FitRes(clock=97)
DEBUG flower 2021-04-08 14:03:22,917 | numpy_client.py:172 | fit, FitIns(clock=98)
DEBUG flower 2021-04-08 14:03:22,917 | numpy_client.py:260 | cached_clock: 78, curr_clock: 98
INFO flower 2021-04-08 14:03:22,918 | numpy_client.py:184 | Cache is stale, return ReadIns
DEBUG flower 2021-04-08 14:03:27,356 | numpy_client.py:228 | read: ReadRes(clock=79)
DEBUG flower 2021-04-08 14:03:27,363 | numpy_client.py:172 | fit, FitIns(clock=98)
DEBUG flower 2021-04-08 14:03:27,363 | numpy_client.py:260 | cached_clock: 79, curr_clock: 98
DEBUG flower 2021-04-08 14:03:28,137 | acc_variance.py:19 | AccuracyVariance: sample variance 0.008819818436633913 (last 7 data)
DEBUG flower 2021-04-08 14:03:28,137 | numpy_client.py:201 | Not a switch point
INFO flower 2021-04-08 14:03:28,140 | numpy_client.py:205 | Cache is fresh, return FitRes(clock=98)
DEBUG flower 2021-04-08 14:03:35,450 | numpy_client.py:172 | fit, FitIns(clock=99)
DEBUG flower 2021-04-08 14:03:35,451 | numpy_client.py:260 | cached_clock: 79, curr_clock: 99
INFO flower 2021-04-08 14:03:35,451 | numpy_client.py:184 | Cache is stale, return ReadIns
DEBUG flower 2021-04-08 14:03:40,024 | numpy_client.py:228 | read: ReadRes(clock=80)
DEBUG flower 2021-04-08 14:03:40,031 | numpy_client.py:172 | fit, FitIns(clock=99)
DEBUG flower 2021-04-08 14:03:40,031 | numpy_client.py:260 | cached_clock: 80, curr_clock: 99
DEBUG flower 2021-04-08 14:03:40,932 | acc_variance.py:19 | AccuracyVariance: sample variance 0.008491837128369865 (last 7 data)
DEBUG flower 2021-04-08 14:03:40,933 | numpy_client.py:201 | Not a switch point
INFO flower 2021-04-08 14:03:40,936 | numpy_client.py:205 | Cache is fresh, return FitRes(clock=99)
DEBUG flower 2021-04-08 14:03:40,936 | numpy_client.py:217 | The client finishes computing after 1098 seconds
INFO flower 2021-04-08 14:08:14,442 | numpy_client.py:250 | [32;1m Loss: 21.615, Accuracy: 36.054%[0m
DEBUG flower 2021-04-08 14:08:15,928 | connection.py:68 | Insecure gRPC channel closed
INFO flower 2021-04-08 14:08:15,928 | app.py:74 | Disconnect and shut down
Namespace(idx=23, max_delay=0, min_delay=0, num_clients=31, server_ip='10.244.37.27:8080', staleness_bound=2000)
I'm client 23
Start SSP client without delay
Files already downloaded and verified
Files already downloaded and verified
[32;1mClient 23: 576 train samples, 147 test samples[0m
loss=40.93421149253845, acc=0.1996527777777778
feed:  0.1996527777777778
loss=40.71101212501526, acc=0.1996527777777778
feed:  0.1996527777777778
loss=40.46257495880127, acc=0.1996527777777778
feed:  0.1996527777777778
loss=40.2205810546875, acc=0.1996527777777778
feed:  0.1996527777777778
loss=39.98337936401367, acc=0.1996527777777778
feed:  0.1996527777777778
loss=39.749714851379395, acc=0.1996527777777778
feed:  0.1996527777777778
loss=39.51796555519104, acc=0.1996527777777778
feed:  0.1996527777777778
loss=39.2859046459198, acc=0.1996527777777778
feed:  0.1996527777777778
loss=39.05112624168396, acc=0.1996527777777778
feed:  0.1996527777777778
loss=38.8109176158905, acc=0.1996527777777778
feed:  0.1996527777777778
loss=38.56347346305847, acc=0.1996527777777778
feed:  0.1996527777777778
loss=38.30374073982239, acc=0.1996527777777778
feed:  0.1996527777777778
loss=38.02531838417053, acc=0.2048611111111111
feed:  0.2048611111111111
loss=37.71901321411133, acc=0.2065972222222222
feed:  0.2065972222222222
loss=37.367560148239136, acc=0.22569444444444445
feed:  0.22569444444444445
loss=36.95112204551697, acc=0.2309027777777778
feed:  0.2309027777777778
loss=36.43357825279236, acc=0.2326388888888889
feed:  0.2326388888888889
loss=35.764962673187256, acc=0.19791666666666666
feed:  0.19791666666666666
loss=34.89442574977875, acc=0.19791666666666666
feed:  0.19791666666666666
loss=33.8041410446167, acc=0.203125
feed:  0.203125
loss=32.596540331840515, acc=0.203125
feed:  0.203125
loss=31.503519296646118, acc=0.21875
feed:  0.21875
loss=30.705850481987, acc=0.2204861111111111
feed:  0.2204861111111111
loss=30.198282122612, acc=0.234375
feed:  0.234375
loss=59.74070978164673, acc=0.171875
feed:  0.171875
loss=78.61088824272156, acc=0.0
feed:  0.0
loss=41.19810676574707, acc=0.2048611111111111
feed:  0.2048611111111111
loss=43.04645121097565, acc=0.2899305555555556
feed:  0.2899305555555556
loss=42.93821918964386, acc=0.3142361111111111
feed:  0.3142361111111111
loss=50.08185851573944, acc=0.3159722222222222
feed:  0.3159722222222222
loss=51.02348208427429, acc=0.2170138888888889
feed:  0.2170138888888889
loss=35.90953028202057, acc=0.2725694444444444
feed:  0.2725694444444444
loss=41.088266491889954, acc=0.3368055555555556
feed:  0.3368055555555556
loss=37.33765459060669, acc=0.2326388888888889
feed:  0.2326388888888889
loss=40.628965973854065, acc=0.3576388888888889
feed:  0.3576388888888889
loss=49.04537487030029, acc=0.3229166666666667
feed:  0.3229166666666667
loss=25.49704909324646, acc=0.3975694444444444
feed:  0.3975694444444444
loss=46.8505574464798, acc=0.2361111111111111
feed:  0.2361111111111111
loss=49.02749025821686, acc=0.3420138888888889
feed:  0.3420138888888889
loss=67.5945258140564, acc=0.09722222222222222
feed:  0.09722222222222222
loss=64.47519493103027, acc=0.1753472222222222
feed:  0.1753472222222222
loss=43.300925850868225, acc=0.25
feed:  0.25
loss=49.00759482383728, acc=0.3524305555555556
feed:  0.3524305555555556
loss=51.99711883068085, acc=0.3142361111111111
feed:  0.3142361111111111
loss=64.74970078468323, acc=0.1701388888888889
feed:  0.1701388888888889
loss=43.992990612983704, acc=0.2743055555555556
feed:  0.2743055555555556
loss=35.7415189743042, acc=0.4097222222222222
feed:  0.4097222222222222
loss=67.29008436203003, acc=0.14583333333333334
feed:  0.14583333333333334
loss=65.15653538703918, acc=0.1736111111111111
feed:  0.1736111111111111
loss=36.33512902259827, acc=0.3663194444444444
feed:  0.3663194444444444
loss=36.37852442264557, acc=0.3854166666666667
feed:  0.3854166666666667
loss=41.64719748497009, acc=0.3263888888888889
feed:  0.3263888888888889
loss=65.82955074310303, acc=0.1701388888888889
feed:  0.1701388888888889
loss=36.374837040901184, acc=0.3489583333333333
feed:  0.3489583333333333
loss=66.16425037384033, acc=0.171875
feed:  0.171875
loss=66.38337779045105, acc=0.1684027777777778
feed:  0.1684027777777778
loss=36.48260259628296, acc=0.4565972222222222
feed:  0.4565972222222222
loss=36.54921090602875, acc=0.4600694444444444
feed:  0.4600694444444444
loss=35.696768045425415, acc=0.4722222222222222
feed:  0.4722222222222222
loss=36.53117036819458, acc=0.4635416666666667
feed:  0.4635416666666667
loss=36.531984090805054, acc=0.4774305555555556
feed:  0.4774305555555556
loss=58.248265504837036, acc=0.2152777777777778
feed:  0.2152777777777778
loss=34.51555383205414, acc=0.4201388888888889
feed:  0.4201388888888889
loss=58.90303659439087, acc=0.2152777777777778
feed:  0.2152777777777778
loss=34.38996231555939, acc=0.4253472222222222
feed:  0.4253472222222222
loss=39.49306774139404, acc=0.3871527777777778
feed:  0.3871527777777778
loss=59.010717272758484, acc=0.22916666666666666
feed:  0.22916666666666666
loss=34.518861413002014, acc=0.4305555555555556
feed:  0.4305555555555556
loss=59.07823431491852, acc=0.234375
feed:  0.234375
loss=34.5970596075058, acc=0.4340277777777778
feed:  0.4340277777777778
loss=35.12775707244873, acc=0.4583333333333333
feed:  0.4583333333333333
loss=35.42719924449921, acc=0.4982638888888889
feed:  0.4982638888888889
loss=56.186675667762756, acc=0.203125
feed:  0.203125
loss=36.07776975631714, acc=0.4965277777777778
feed:  0.4965277777777778
loss=32.57739019393921, acc=0.5017361111111112
feed:  0.5017361111111112
loss=36.70407748222351, acc=0.5034722222222222
feed:  0.5034722222222222
loss=36.8971403837204, acc=0.5086805555555556
feed:  0.5086805555555556
loss=32.61514663696289, acc=0.5104166666666666
feed:  0.5104166666666666
loss=46.94400501251221, acc=0.2777777777777778
feed:  0.2777777777777778
loss=37.95032715797424, acc=0.5121527777777778
feed:  0.5121527777777778
loss=49.80673015117645, acc=0.2795138888888889
feed:  0.2795138888888889
loss=38.966915130615234, acc=0.53125
feed:  0.53125
loss=31.729621291160583, acc=0.5086805555555556
feed:  0.5086805555555556
loss=46.6798620223999, acc=0.3020833333333333
feed:  0.3020833333333333
loss=40.869669795036316, acc=0.5260416666666666
feed:  0.5260416666666666
loss=51.048068046569824, acc=0.2673611111111111
feed:  0.2673611111111111
loss=54.033031582832336, acc=0.2586805555555556
feed:  0.2586805555555556
loss=24.54021906852722, acc=0.5034722222222222
feed:  0.5034722222222222
loss=42.46186411380768, acc=0.25
feed:  0.25
loss=46.807597279548645, acc=0.2482638888888889
feed:  0.2482638888888889
loss=48.837039828300476, acc=0.2586805555555556
feed:  0.2586805555555556
loss=50.06182157993317, acc=0.2569444444444444
feed:  0.2569444444444444
loss=50.80387461185455, acc=0.2638888888888889
feed:  0.2638888888888889
loss=50.55970060825348, acc=0.2534722222222222
feed:  0.2534722222222222
loss=55.122758865356445, acc=0.2604166666666667
feed:  0.2604166666666667
loss=57.33503746986389, acc=0.2534722222222222
feed:  0.2534722222222222
loss=32.344964027404785, acc=0.4982638888888889
feed:  0.4982638888888889
loss=36.64693760871887, acc=0.4114583333333333
feed:  0.4114583333333333
loss=38.4188369512558, acc=0.4079861111111111
feed:  0.4079861111111111
loss=39.32867097854614, acc=0.4131944444444444
feed:  0.4131944444444444
Files already downloaded and verified
Files already downloaded and verified
Testing on full test set: 313, 1497.4904010295868, 0.3377
Testing on partial test set: 5, 21.615175008773804, 0.36054421768707484
