DEBUG flower 2021-04-08 13:45:19,822 | connection.py:36 | ChannelConnectivity.IDLE
INFO flower 2021-04-08 13:45:19,824 | app.py:63 | Opened (insecure) gRPC connection
DEBUG flower 2021-04-08 13:45:19,825 | connection.py:36 | ChannelConnectivity.READY
DEBUG flower 2021-04-08 13:45:21,556 | numpy_client.py:172 | fit, FitIns(clock=0)
INFO flower 2021-04-08 13:45:21,556 | numpy_client.py:184 | Cache is stale, return ReadIns
DEBUG flower 2021-04-08 13:45:21,730 | numpy_client.py:228 | read: ReadRes(clock=-1)
DEBUG flower 2021-04-08 13:45:21,744 | numpy_client.py:172 | fit, FitIns(clock=0)
DEBUG flower 2021-04-08 13:45:21,745 | numpy_client.py:260 | cached_clock: -1, curr_clock: 0
DEBUG flower 2021-04-08 13:45:22,825 | model_wrapper.py:21 | Load existing initial model
DEBUG flower 2021-04-08 13:45:22,825 | numpy_client.py:201 | Not a switch point
INFO flower 2021-04-08 13:45:22,829 | numpy_client.py:205 | Cache is fresh, return FitRes(clock=0)
DEBUG flower 2021-04-08 13:45:22,850 | numpy_client.py:172 | fit, FitIns(clock=1)
DEBUG flower 2021-04-08 13:45:22,850 | numpy_client.py:260 | cached_clock: -1, curr_clock: 1
DEBUG flower 2021-04-08 13:45:23,997 | numpy_client.py:201 | Not a switch point
INFO flower 2021-04-08 13:45:24,000 | numpy_client.py:205 | Cache is fresh, return FitRes(clock=1)
DEBUG flower 2021-04-08 13:45:24,016 | numpy_client.py:172 | fit, FitIns(clock=2)
DEBUG flower 2021-04-08 13:45:24,016 | numpy_client.py:260 | cached_clock: -1, curr_clock: 2
DEBUG flower 2021-04-08 13:45:25,024 | numpy_client.py:201 | Not a switch point
INFO flower 2021-04-08 13:45:25,027 | numpy_client.py:205 | Cache is fresh, return FitRes(clock=2)
DEBUG flower 2021-04-08 13:45:25,049 | numpy_client.py:172 | fit, FitIns(clock=3)
DEBUG flower 2021-04-08 13:45:25,050 | numpy_client.py:260 | cached_clock: -1, curr_clock: 3
DEBUG flower 2021-04-08 13:45:26,208 | numpy_client.py:201 | Not a switch point
INFO flower 2021-04-08 13:45:26,212 | numpy_client.py:205 | Cache is fresh, return FitRes(clock=3)
DEBUG flower 2021-04-08 13:45:26,246 | numpy_client.py:172 | fit, FitIns(clock=4)
DEBUG flower 2021-04-08 13:45:26,246 | numpy_client.py:260 | cached_clock: -1, curr_clock: 4
DEBUG flower 2021-04-08 13:45:27,320 | numpy_client.py:201 | Not a switch point
INFO flower 2021-04-08 13:45:27,323 | numpy_client.py:205 | Cache is fresh, return FitRes(clock=4)
DEBUG flower 2021-04-08 13:45:35,874 | numpy_client.py:172 | fit, FitIns(clock=5)
DEBUG flower 2021-04-08 13:45:35,874 | numpy_client.py:260 | cached_clock: -1, curr_clock: 5
DEBUG flower 2021-04-08 13:45:36,898 | numpy_client.py:201 | Not a switch point
INFO flower 2021-04-08 13:45:36,902 | numpy_client.py:205 | Cache is fresh, return FitRes(clock=5)
DEBUG flower 2021-04-08 13:45:36,930 | numpy_client.py:172 | fit, FitIns(clock=6)
DEBUG flower 2021-04-08 13:45:36,930 | numpy_client.py:260 | cached_clock: -1, curr_clock: 6
DEBUG flower 2021-04-08 13:45:37,928 | acc_variance.py:19 | AccuracyVariance: sample variance 7.703719777548943e-34 (last 7 data)
DEBUG flower 2021-04-08 13:45:37,928 | acc_variance.py:23 | AccuracyVariance: should switch
DEBUG flower 2021-04-08 13:45:37,928 | numpy_client.py:199 | Find switch point, staleness_bound -> 29
INFO flower 2021-04-08 13:45:37,931 | numpy_client.py:205 | Cache is fresh, return FitRes(clock=6)
DEBUG flower 2021-04-08 13:45:37,978 | numpy_client.py:172 | fit, FitIns(clock=7)
DEBUG flower 2021-04-08 13:45:37,978 | numpy_client.py:260 | cached_clock: -1, curr_clock: 7
DEBUG flower 2021-04-08 13:45:39,039 | acc_variance.py:19 | AccuracyVariance: sample variance 7.703719777548943e-34 (last 7 data)
DEBUG flower 2021-04-08 13:45:39,039 | acc_variance.py:23 | AccuracyVariance: should switch
DEBUG flower 2021-04-08 13:45:39,095 | numpy_client.py:199 | Find switch point, staleness_bound -> 28
INFO flower 2021-04-08 13:45:39,099 | numpy_client.py:205 | Cache is fresh, return FitRes(clock=7)
DEBUG flower 2021-04-08 13:45:39,121 | numpy_client.py:172 | fit, FitIns(clock=8)
DEBUG flower 2021-04-08 13:45:39,121 | numpy_client.py:260 | cached_clock: -1, curr_clock: 8
DEBUG flower 2021-04-08 13:45:40,100 | acc_variance.py:19 | AccuracyVariance: sample variance 7.703719777548943e-34 (last 7 data)
DEBUG flower 2021-04-08 13:45:40,100 | acc_variance.py:23 | AccuracyVariance: should switch
DEBUG flower 2021-04-08 13:45:40,100 | numpy_client.py:199 | Find switch point, staleness_bound -> 27
INFO flower 2021-04-08 13:45:40,104 | numpy_client.py:205 | Cache is fresh, return FitRes(clock=8)
DEBUG flower 2021-04-08 13:45:40,125 | numpy_client.py:172 | fit, FitIns(clock=9)
DEBUG flower 2021-04-08 13:45:40,125 | numpy_client.py:260 | cached_clock: -1, curr_clock: 9
DEBUG flower 2021-04-08 13:45:41,122 | acc_variance.py:19 | AccuracyVariance: sample variance 7.703719777548943e-34 (last 7 data)
DEBUG flower 2021-04-08 13:45:41,122 | acc_variance.py:23 | AccuracyVariance: should switch
DEBUG flower 2021-04-08 13:45:41,122 | numpy_client.py:199 | Find switch point, staleness_bound -> 26
INFO flower 2021-04-08 13:45:41,126 | numpy_client.py:205 | Cache is fresh, return FitRes(clock=9)
DEBUG flower 2021-04-08 13:45:49,631 | numpy_client.py:172 | fit, FitIns(clock=10)
DEBUG flower 2021-04-08 13:45:49,631 | numpy_client.py:260 | cached_clock: -1, curr_clock: 10
DEBUG flower 2021-04-08 13:45:50,726 | acc_variance.py:19 | AccuracyVariance: sample variance 7.703719777548943e-34 (last 7 data)
DEBUG flower 2021-04-08 13:45:50,727 | acc_variance.py:23 | AccuracyVariance: should switch
DEBUG flower 2021-04-08 13:45:50,727 | numpy_client.py:199 | Find switch point, staleness_bound -> 25
INFO flower 2021-04-08 13:45:50,732 | numpy_client.py:205 | Cache is fresh, return FitRes(clock=10)
DEBUG flower 2021-04-08 13:45:50,755 | numpy_client.py:172 | fit, FitIns(clock=11)
DEBUG flower 2021-04-08 13:45:50,755 | numpy_client.py:260 | cached_clock: -1, curr_clock: 11
DEBUG flower 2021-04-08 13:45:51,905 | acc_variance.py:19 | AccuracyVariance: sample variance 7.703719777548943e-34 (last 7 data)
DEBUG flower 2021-04-08 13:45:51,906 | acc_variance.py:23 | AccuracyVariance: should switch
DEBUG flower 2021-04-08 13:45:51,906 | numpy_client.py:199 | Find switch point, staleness_bound -> 24
INFO flower 2021-04-08 13:45:51,910 | numpy_client.py:205 | Cache is fresh, return FitRes(clock=11)
DEBUG flower 2021-04-08 13:45:51,933 | numpy_client.py:172 | fit, FitIns(clock=12)
DEBUG flower 2021-04-08 13:45:51,933 | numpy_client.py:260 | cached_clock: -1, curr_clock: 12
DEBUG flower 2021-04-08 13:45:52,921 | acc_variance.py:19 | AccuracyVariance: sample variance 7.703719777548943e-34 (last 7 data)
DEBUG flower 2021-04-08 13:45:52,921 | acc_variance.py:23 | AccuracyVariance: should switch
DEBUG flower 2021-04-08 13:45:52,922 | numpy_client.py:199 | Find switch point, staleness_bound -> 23
INFO flower 2021-04-08 13:45:52,925 | numpy_client.py:205 | Cache is fresh, return FitRes(clock=12)
DEBUG flower 2021-04-08 13:45:52,946 | numpy_client.py:172 | fit, FitIns(clock=13)
DEBUG flower 2021-04-08 13:45:52,946 | numpy_client.py:260 | cached_clock: -1, curr_clock: 13
DEBUG flower 2021-04-08 13:45:54,001 | acc_variance.py:19 | AccuracyVariance: sample variance 7.703719777548943e-34 (last 7 data)
DEBUG flower 2021-04-08 13:45:54,002 | acc_variance.py:23 | AccuracyVariance: should switch
DEBUG flower 2021-04-08 13:45:54,003 | numpy_client.py:199 | Find switch point, staleness_bound -> 22
INFO flower 2021-04-08 13:45:54,006 | numpy_client.py:205 | Cache is fresh, return FitRes(clock=13)
DEBUG flower 2021-04-08 13:45:54,045 | numpy_client.py:172 | fit, FitIns(clock=14)
DEBUG flower 2021-04-08 13:45:54,045 | numpy_client.py:260 | cached_clock: -1, curr_clock: 14
DEBUG flower 2021-04-08 13:45:55,097 | acc_variance.py:19 | AccuracyVariance: sample variance 7.703719777548943e-34 (last 7 data)
DEBUG flower 2021-04-08 13:45:55,097 | acc_variance.py:23 | AccuracyVariance: should switch
DEBUG flower 2021-04-08 13:45:55,098 | numpy_client.py:199 | Find switch point, staleness_bound -> 21
INFO flower 2021-04-08 13:45:55,102 | numpy_client.py:205 | Cache is fresh, return FitRes(clock=14)
DEBUG flower 2021-04-08 13:46:03,439 | numpy_client.py:172 | fit, FitIns(clock=15)
DEBUG flower 2021-04-08 13:46:03,440 | numpy_client.py:260 | cached_clock: -1, curr_clock: 15
DEBUG flower 2021-04-08 13:46:04,532 | acc_variance.py:19 | AccuracyVariance: sample variance 2.711543801194029e-07 (last 7 data)
DEBUG flower 2021-04-08 13:46:04,532 | acc_variance.py:23 | AccuracyVariance: should switch
DEBUG flower 2021-04-08 13:46:04,532 | numpy_client.py:199 | Find switch point, staleness_bound -> 20
INFO flower 2021-04-08 13:46:04,536 | numpy_client.py:205 | Cache is fresh, return FitRes(clock=15)
DEBUG flower 2021-04-08 13:46:04,559 | numpy_client.py:172 | fit, FitIns(clock=16)
DEBUG flower 2021-04-08 13:46:04,559 | numpy_client.py:260 | cached_clock: -1, curr_clock: 16
DEBUG flower 2021-04-08 13:46:05,608 | acc_variance.py:19 | AccuracyVariance: sample variance 0.0001812215107131288 (last 7 data)
DEBUG flower 2021-04-08 13:46:05,609 | numpy_client.py:201 | Not a switch point
INFO flower 2021-04-08 13:46:05,612 | numpy_client.py:205 | Cache is fresh, return FitRes(clock=16)
DEBUG flower 2021-04-08 13:46:05,644 | numpy_client.py:172 | fit, FitIns(clock=17)
DEBUG flower 2021-04-08 13:46:05,644 | numpy_client.py:260 | cached_clock: -1, curr_clock: 17
DEBUG flower 2021-04-08 13:46:06,803 | acc_variance.py:19 | AccuracyVariance: sample variance 0.0006655032336063677 (last 7 data)
DEBUG flower 2021-04-08 13:46:06,803 | numpy_client.py:201 | Not a switch point
INFO flower 2021-04-08 13:46:06,806 | numpy_client.py:205 | Cache is fresh, return FitRes(clock=17)
DEBUG flower 2021-04-08 13:46:06,830 | numpy_client.py:172 | fit, FitIns(clock=18)
DEBUG flower 2021-04-08 13:46:06,830 | numpy_client.py:260 | cached_clock: -1, curr_clock: 18
DEBUG flower 2021-04-08 13:46:07,926 | acc_variance.py:19 | AccuracyVariance: sample variance 0.0006329647079920403 (last 7 data)
DEBUG flower 2021-04-08 13:46:07,926 | numpy_client.py:201 | Not a switch point
INFO flower 2021-04-08 13:46:07,930 | numpy_client.py:205 | Cache is fresh, return FitRes(clock=18)
DEBUG flower 2021-04-08 13:46:07,948 | numpy_client.py:172 | fit, FitIns(clock=19)
DEBUG flower 2021-04-08 13:46:07,948 | numpy_client.py:260 | cached_clock: -1, curr_clock: 19
DEBUG flower 2021-04-08 13:46:08,941 | acc_variance.py:19 | AccuracyVariance: sample variance 0.0005837953803970566 (last 7 data)
DEBUG flower 2021-04-08 13:46:08,942 | numpy_client.py:201 | Not a switch point
INFO flower 2021-04-08 13:46:08,999 | numpy_client.py:205 | Cache is fresh, return FitRes(clock=19)
DEBUG flower 2021-04-08 13:46:17,155 | numpy_client.py:172 | fit, FitIns(clock=20)
DEBUG flower 2021-04-08 13:46:17,156 | numpy_client.py:260 | cached_clock: -1, curr_clock: 20
INFO flower 2021-04-08 13:46:17,156 | numpy_client.py:184 | Cache is stale, return ReadIns
DEBUG flower 2021-04-08 13:46:17,196 | numpy_client.py:228 | read: ReadRes(clock=3)
DEBUG flower 2021-04-08 13:46:17,203 | numpy_client.py:172 | fit, FitIns(clock=20)
DEBUG flower 2021-04-08 13:46:17,203 | numpy_client.py:260 | cached_clock: 3, curr_clock: 20
DEBUG flower 2021-04-08 13:46:18,218 | acc_variance.py:19 | AccuracyVariance: sample variance 0.0005193510227220138 (last 7 data)
DEBUG flower 2021-04-08 13:46:18,218 | numpy_client.py:201 | Not a switch point
INFO flower 2021-04-08 13:46:18,221 | numpy_client.py:205 | Cache is fresh, return FitRes(clock=20)
DEBUG flower 2021-04-08 13:46:18,244 | numpy_client.py:172 | fit, FitIns(clock=21)
DEBUG flower 2021-04-08 13:46:18,244 | numpy_client.py:260 | cached_clock: 3, curr_clock: 21
DEBUG flower 2021-04-08 13:46:19,302 | acc_variance.py:19 | AccuracyVariance: sample variance 0.0004249892984404644 (last 7 data)
DEBUG flower 2021-04-08 13:46:19,303 | numpy_client.py:201 | Not a switch point
INFO flower 2021-04-08 13:46:19,307 | numpy_client.py:205 | Cache is fresh, return FitRes(clock=21)
DEBUG flower 2021-04-08 13:46:19,336 | numpy_client.py:172 | fit, FitIns(clock=22)
DEBUG flower 2021-04-08 13:46:19,337 | numpy_client.py:260 | cached_clock: 3, curr_clock: 22
DEBUG flower 2021-04-08 13:46:20,323 | acc_variance.py:19 | AccuracyVariance: sample variance 0.0004522855060391503 (last 7 data)
DEBUG flower 2021-04-08 13:46:20,323 | numpy_client.py:201 | Not a switch point
INFO flower 2021-04-08 13:46:20,326 | numpy_client.py:205 | Cache is fresh, return FitRes(clock=22)
DEBUG flower 2021-04-08 13:46:20,349 | numpy_client.py:172 | fit, FitIns(clock=23)
DEBUG flower 2021-04-08 13:46:20,349 | numpy_client.py:260 | cached_clock: 3, curr_clock: 23
DEBUG flower 2021-04-08 13:46:21,399 | acc_variance.py:19 | AccuracyVariance: sample variance 0.0005603857189134157 (last 7 data)
DEBUG flower 2021-04-08 13:46:21,400 | numpy_client.py:201 | Not a switch point
INFO flower 2021-04-08 13:46:21,403 | numpy_client.py:205 | Cache is fresh, return FitRes(clock=23)
DEBUG flower 2021-04-08 13:46:29,641 | numpy_client.py:172 | fit, FitIns(clock=24)
DEBUG flower 2021-04-08 13:46:29,641 | numpy_client.py:260 | cached_clock: 3, curr_clock: 24
INFO flower 2021-04-08 13:46:29,641 | numpy_client.py:184 | Cache is stale, return ReadIns
DEBUG flower 2021-04-08 13:46:29,696 | numpy_client.py:228 | read: ReadRes(clock=4)
DEBUG flower 2021-04-08 13:46:29,703 | numpy_client.py:172 | fit, FitIns(clock=24)
DEBUG flower 2021-04-08 13:46:29,703 | numpy_client.py:260 | cached_clock: 4, curr_clock: 24
DEBUG flower 2021-04-08 13:46:30,802 | acc_variance.py:19 | AccuracyVariance: sample variance 0.0002510889559905596 (last 7 data)
DEBUG flower 2021-04-08 13:46:30,803 | numpy_client.py:201 | Not a switch point
INFO flower 2021-04-08 13:46:30,808 | numpy_client.py:205 | Cache is fresh, return FitRes(clock=24)
DEBUG flower 2021-04-08 13:46:30,831 | numpy_client.py:172 | fit, FitIns(clock=25)
DEBUG flower 2021-04-08 13:46:30,831 | numpy_client.py:260 | cached_clock: 4, curr_clock: 25
INFO flower 2021-04-08 13:46:30,831 | numpy_client.py:184 | Cache is stale, return ReadIns
DEBUG flower 2021-04-08 13:46:34,041 | numpy_client.py:228 | read: ReadRes(clock=5)
DEBUG flower 2021-04-08 13:46:34,048 | numpy_client.py:172 | fit, FitIns(clock=25)
DEBUG flower 2021-04-08 13:46:34,049 | numpy_client.py:260 | cached_clock: 5, curr_clock: 25
DEBUG flower 2021-04-08 13:46:35,101 | acc_variance.py:19 | AccuracyVariance: sample variance 0.001656030184182517 (last 7 data)
DEBUG flower 2021-04-08 13:46:35,101 | numpy_client.py:201 | Not a switch point
INFO flower 2021-04-08 13:46:35,104 | numpy_client.py:205 | Cache is fresh, return FitRes(clock=25)
DEBUG flower 2021-04-08 13:46:43,367 | numpy_client.py:172 | fit, FitIns(clock=26)
DEBUG flower 2021-04-08 13:46:43,368 | numpy_client.py:260 | cached_clock: 5, curr_clock: 26
INFO flower 2021-04-08 13:46:43,368 | numpy_client.py:184 | Cache is stale, return ReadIns
DEBUG flower 2021-04-08 13:46:47,927 | numpy_client.py:228 | read: ReadRes(clock=6)
DEBUG flower 2021-04-08 13:46:47,934 | numpy_client.py:172 | fit, FitIns(clock=26)
DEBUG flower 2021-04-08 13:46:47,934 | numpy_client.py:260 | cached_clock: 6, curr_clock: 26
DEBUG flower 2021-04-08 13:46:48,897 | acc_variance.py:19 | AccuracyVariance: sample variance 0.0016022512321255038 (last 7 data)
DEBUG flower 2021-04-08 13:46:48,897 | numpy_client.py:201 | Not a switch point
INFO flower 2021-04-08 13:46:48,902 | numpy_client.py:205 | Cache is fresh, return FitRes(clock=26)
DEBUG flower 2021-04-08 13:46:56,666 | numpy_client.py:172 | fit, FitIns(clock=27)
DEBUG flower 2021-04-08 13:46:56,666 | numpy_client.py:260 | cached_clock: 6, curr_clock: 27
INFO flower 2021-04-08 13:46:56,667 | numpy_client.py:184 | Cache is stale, return ReadIns
DEBUG flower 2021-04-08 13:47:01,297 | numpy_client.py:228 | read: ReadRes(clock=7)
DEBUG flower 2021-04-08 13:47:01,304 | numpy_client.py:172 | fit, FitIns(clock=27)
DEBUG flower 2021-04-08 13:47:01,304 | numpy_client.py:260 | cached_clock: 7, curr_clock: 27
DEBUG flower 2021-04-08 13:47:02,300 | acc_variance.py:19 | AccuracyVariance: sample variance 0.0016741071428571434 (last 7 data)
DEBUG flower 2021-04-08 13:47:02,301 | numpy_client.py:201 | Not a switch point
INFO flower 2021-04-08 13:47:02,305 | numpy_client.py:205 | Cache is fresh, return FitRes(clock=27)
DEBUG flower 2021-04-08 13:47:10,154 | numpy_client.py:172 | fit, FitIns(clock=28)
DEBUG flower 2021-04-08 13:47:10,154 | numpy_client.py:260 | cached_clock: 7, curr_clock: 28
INFO flower 2021-04-08 13:47:10,154 | numpy_client.py:184 | Cache is stale, return ReadIns
DEBUG flower 2021-04-08 13:47:14,404 | numpy_client.py:228 | read: ReadRes(clock=8)
DEBUG flower 2021-04-08 13:47:14,410 | numpy_client.py:172 | fit, FitIns(clock=28)
DEBUG flower 2021-04-08 13:47:14,410 | numpy_client.py:260 | cached_clock: 8, curr_clock: 28
DEBUG flower 2021-04-08 13:47:15,433 | acc_variance.py:19 | AccuracyVariance: sample variance 0.0018015497015132587 (last 7 data)
DEBUG flower 2021-04-08 13:47:15,434 | numpy_client.py:201 | Not a switch point
INFO flower 2021-04-08 13:47:15,437 | numpy_client.py:205 | Cache is fresh, return FitRes(clock=28)
DEBUG flower 2021-04-08 13:47:23,332 | numpy_client.py:172 | fit, FitIns(clock=29)
DEBUG flower 2021-04-08 13:47:23,332 | numpy_client.py:260 | cached_clock: 8, curr_clock: 29
INFO flower 2021-04-08 13:47:23,333 | numpy_client.py:184 | Cache is stale, return ReadIns
DEBUG flower 2021-04-08 13:47:27,480 | numpy_client.py:228 | read: ReadRes(clock=9)
DEBUG flower 2021-04-08 13:47:27,494 | numpy_client.py:172 | fit, FitIns(clock=29)
DEBUG flower 2021-04-08 13:47:27,494 | numpy_client.py:260 | cached_clock: 9, curr_clock: 29
DEBUG flower 2021-04-08 13:47:28,521 | acc_variance.py:19 | AccuracyVariance: sample variance 0.001707549516405202 (last 7 data)
DEBUG flower 2021-04-08 13:47:28,521 | numpy_client.py:201 | Not a switch point
INFO flower 2021-04-08 13:47:28,525 | numpy_client.py:205 | Cache is fresh, return FitRes(clock=29)
DEBUG flower 2021-04-08 13:47:36,490 | numpy_client.py:172 | fit, FitIns(clock=30)
DEBUG flower 2021-04-08 13:47:36,491 | numpy_client.py:260 | cached_clock: 9, curr_clock: 30
INFO flower 2021-04-08 13:47:36,491 | numpy_client.py:184 | Cache is stale, return ReadIns
DEBUG flower 2021-04-08 13:47:40,689 | numpy_client.py:228 | read: ReadRes(clock=10)
DEBUG flower 2021-04-08 13:47:40,696 | numpy_client.py:172 | fit, FitIns(clock=30)
DEBUG flower 2021-04-08 13:47:40,697 | numpy_client.py:260 | cached_clock: 10, curr_clock: 30
DEBUG flower 2021-04-08 13:47:41,702 | acc_variance.py:19 | AccuracyVariance: sample variance 0.003260541036142348 (last 7 data)
DEBUG flower 2021-04-08 13:47:41,703 | numpy_client.py:201 | Not a switch point
INFO flower 2021-04-08 13:47:41,708 | numpy_client.py:205 | Cache is fresh, return FitRes(clock=30)
DEBUG flower 2021-04-08 13:47:49,567 | numpy_client.py:172 | fit, FitIns(clock=31)
DEBUG flower 2021-04-08 13:47:49,568 | numpy_client.py:260 | cached_clock: 10, curr_clock: 31
INFO flower 2021-04-08 13:47:49,568 | numpy_client.py:184 | Cache is stale, return ReadIns
DEBUG flower 2021-04-08 13:47:54,361 | numpy_client.py:228 | read: ReadRes(clock=11)
DEBUG flower 2021-04-08 13:47:54,369 | numpy_client.py:172 | fit, FitIns(clock=31)
DEBUG flower 2021-04-08 13:47:54,369 | numpy_client.py:260 | cached_clock: 11, curr_clock: 31
DEBUG flower 2021-04-08 13:47:55,421 | acc_variance.py:19 | AccuracyVariance: sample variance 0.0037293669593687815 (last 7 data)
DEBUG flower 2021-04-08 13:47:55,422 | numpy_client.py:201 | Not a switch point
INFO flower 2021-04-08 13:47:55,425 | numpy_client.py:205 | Cache is fresh, return FitRes(clock=31)
DEBUG flower 2021-04-08 13:48:03,440 | numpy_client.py:172 | fit, FitIns(clock=32)
DEBUG flower 2021-04-08 13:48:03,441 | numpy_client.py:260 | cached_clock: 11, curr_clock: 32
INFO flower 2021-04-08 13:48:03,441 | numpy_client.py:184 | Cache is stale, return ReadIns
DEBUG flower 2021-04-08 13:48:07,686 | numpy_client.py:228 | read: ReadRes(clock=12)
DEBUG flower 2021-04-08 13:48:07,693 | numpy_client.py:172 | fit, FitIns(clock=32)
DEBUG flower 2021-04-08 13:48:07,693 | numpy_client.py:260 | cached_clock: 12, curr_clock: 32
DEBUG flower 2021-04-08 13:48:08,700 | acc_variance.py:19 | AccuracyVariance: sample variance 0.004063429155675875 (last 7 data)
DEBUG flower 2021-04-08 13:48:08,701 | numpy_client.py:201 | Not a switch point
INFO flower 2021-04-08 13:48:08,707 | numpy_client.py:205 | Cache is fresh, return FitRes(clock=32)
DEBUG flower 2021-04-08 13:48:16,574 | numpy_client.py:172 | fit, FitIns(clock=33)
DEBUG flower 2021-04-08 13:48:16,574 | numpy_client.py:260 | cached_clock: 12, curr_clock: 33
INFO flower 2021-04-08 13:48:16,574 | numpy_client.py:184 | Cache is stale, return ReadIns
DEBUG flower 2021-04-08 13:48:20,798 | numpy_client.py:228 | read: ReadRes(clock=13)
DEBUG flower 2021-04-08 13:48:20,805 | numpy_client.py:172 | fit, FitIns(clock=33)
DEBUG flower 2021-04-08 13:48:20,805 | numpy_client.py:260 | cached_clock: 13, curr_clock: 33
DEBUG flower 2021-04-08 13:48:21,827 | acc_variance.py:19 | AccuracyVariance: sample variance 0.004652014930121707 (last 7 data)
DEBUG flower 2021-04-08 13:48:21,828 | numpy_client.py:201 | Not a switch point
INFO flower 2021-04-08 13:48:21,831 | numpy_client.py:205 | Cache is fresh, return FitRes(clock=33)
DEBUG flower 2021-04-08 13:48:29,636 | numpy_client.py:172 | fit, FitIns(clock=34)
DEBUG flower 2021-04-08 13:48:29,636 | numpy_client.py:260 | cached_clock: 13, curr_clock: 34
INFO flower 2021-04-08 13:48:29,636 | numpy_client.py:184 | Cache is stale, return ReadIns
DEBUG flower 2021-04-08 13:48:33,939 | numpy_client.py:228 | read: ReadRes(clock=14)
DEBUG flower 2021-04-08 13:48:33,946 | numpy_client.py:172 | fit, FitIns(clock=34)
DEBUG flower 2021-04-08 13:48:33,947 | numpy_client.py:260 | cached_clock: 14, curr_clock: 34
DEBUG flower 2021-04-08 13:48:34,998 | acc_variance.py:19 | AccuracyVariance: sample variance 0.0041807486174742 (last 7 data)
DEBUG flower 2021-04-08 13:48:34,998 | numpy_client.py:201 | Not a switch point
INFO flower 2021-04-08 13:48:35,004 | numpy_client.py:205 | Cache is fresh, return FitRes(clock=34)
DEBUG flower 2021-04-08 13:48:42,901 | numpy_client.py:172 | fit, FitIns(clock=35)
DEBUG flower 2021-04-08 13:48:42,901 | numpy_client.py:260 | cached_clock: 14, curr_clock: 35
INFO flower 2021-04-08 13:48:42,901 | numpy_client.py:184 | Cache is stale, return ReadIns
DEBUG flower 2021-04-08 13:48:47,513 | numpy_client.py:228 | read: ReadRes(clock=15)
DEBUG flower 2021-04-08 13:48:47,520 | numpy_client.py:172 | fit, FitIns(clock=35)
DEBUG flower 2021-04-08 13:48:47,521 | numpy_client.py:260 | cached_clock: 15, curr_clock: 35
DEBUG flower 2021-04-08 13:48:48,608 | acc_variance.py:19 | AccuracyVariance: sample variance 0.0041699928270627976 (last 7 data)
DEBUG flower 2021-04-08 13:48:48,608 | numpy_client.py:201 | Not a switch point
INFO flower 2021-04-08 13:48:48,611 | numpy_client.py:205 | Cache is fresh, return FitRes(clock=35)
DEBUG flower 2021-04-08 13:48:56,970 | numpy_client.py:172 | fit, FitIns(clock=36)
DEBUG flower 2021-04-08 13:48:56,970 | numpy_client.py:260 | cached_clock: 15, curr_clock: 36
INFO flower 2021-04-08 13:48:56,970 | numpy_client.py:184 | Cache is stale, return ReadIns
DEBUG flower 2021-04-08 13:49:01,997 | numpy_client.py:228 | read: ReadRes(clock=16)
DEBUG flower 2021-04-08 13:49:02,004 | numpy_client.py:172 | fit, FitIns(clock=36)
DEBUG flower 2021-04-08 13:49:02,004 | numpy_client.py:260 | cached_clock: 16, curr_clock: 36
DEBUG flower 2021-04-08 13:49:03,021 | acc_variance.py:19 | AccuracyVariance: sample variance 0.004190239020778379 (last 7 data)
DEBUG flower 2021-04-08 13:49:03,022 | numpy_client.py:201 | Not a switch point
INFO flower 2021-04-08 13:49:03,025 | numpy_client.py:205 | Cache is fresh, return FitRes(clock=36)
DEBUG flower 2021-04-08 13:49:12,207 | numpy_client.py:172 | fit, FitIns(clock=37)
DEBUG flower 2021-04-08 13:49:12,207 | numpy_client.py:260 | cached_clock: 16, curr_clock: 37
INFO flower 2021-04-08 13:49:12,207 | numpy_client.py:184 | Cache is stale, return ReadIns
DEBUG flower 2021-04-08 13:49:16,797 | numpy_client.py:228 | read: ReadRes(clock=17)
DEBUG flower 2021-04-08 13:49:16,805 | numpy_client.py:172 | fit, FitIns(clock=37)
DEBUG flower 2021-04-08 13:49:16,805 | numpy_client.py:260 | cached_clock: 17, curr_clock: 37
DEBUG flower 2021-04-08 13:49:17,825 | acc_variance.py:19 | AccuracyVariance: sample variance 0.0024155336028969417 (last 7 data)
DEBUG flower 2021-04-08 13:49:17,825 | numpy_client.py:201 | Not a switch point
INFO flower 2021-04-08 13:49:17,828 | numpy_client.py:205 | Cache is fresh, return FitRes(clock=37)
DEBUG flower 2021-04-08 13:49:25,674 | numpy_client.py:172 | fit, FitIns(clock=38)
DEBUG flower 2021-04-08 13:49:25,674 | numpy_client.py:260 | cached_clock: 17, curr_clock: 38
INFO flower 2021-04-08 13:49:25,674 | numpy_client.py:184 | Cache is stale, return ReadIns
DEBUG flower 2021-04-08 13:49:30,098 | numpy_client.py:228 | read: ReadRes(clock=18)
DEBUG flower 2021-04-08 13:49:30,105 | numpy_client.py:172 | fit, FitIns(clock=38)
DEBUG flower 2021-04-08 13:49:30,105 | numpy_client.py:260 | cached_clock: 18, curr_clock: 38
DEBUG flower 2021-04-08 13:49:31,102 | acc_variance.py:19 | AccuracyVariance: sample variance 0.0026129339916238603 (last 7 data)
DEBUG flower 2021-04-08 13:49:31,103 | numpy_client.py:201 | Not a switch point
INFO flower 2021-04-08 13:49:31,107 | numpy_client.py:205 | Cache is fresh, return FitRes(clock=38)
DEBUG flower 2021-04-08 13:49:38,762 | numpy_client.py:172 | fit, FitIns(clock=39)
DEBUG flower 2021-04-08 13:49:38,762 | numpy_client.py:260 | cached_clock: 18, curr_clock: 39
INFO flower 2021-04-08 13:49:38,762 | numpy_client.py:184 | Cache is stale, return ReadIns
DEBUG flower 2021-04-08 13:49:43,368 | numpy_client.py:228 | read: ReadRes(clock=19)
DEBUG flower 2021-04-08 13:49:43,375 | numpy_client.py:172 | fit, FitIns(clock=39)
DEBUG flower 2021-04-08 13:49:43,375 | numpy_client.py:260 | cached_clock: 19, curr_clock: 39
DEBUG flower 2021-04-08 13:49:44,503 | acc_variance.py:19 | AccuracyVariance: sample variance 0.00473661509671896 (last 7 data)
DEBUG flower 2021-04-08 13:49:44,503 | numpy_client.py:201 | Not a switch point
INFO flower 2021-04-08 13:49:44,506 | numpy_client.py:205 | Cache is fresh, return FitRes(clock=39)
DEBUG flower 2021-04-08 13:49:52,249 | numpy_client.py:172 | fit, FitIns(clock=40)
DEBUG flower 2021-04-08 13:49:52,249 | numpy_client.py:260 | cached_clock: 19, curr_clock: 40
INFO flower 2021-04-08 13:49:52,250 | numpy_client.py:184 | Cache is stale, return ReadIns
DEBUG flower 2021-04-08 13:49:57,197 | numpy_client.py:228 | read: ReadRes(clock=20)
DEBUG flower 2021-04-08 13:49:57,205 | numpy_client.py:172 | fit, FitIns(clock=40)
DEBUG flower 2021-04-08 13:49:57,205 | numpy_client.py:260 | cached_clock: 20, curr_clock: 40
DEBUG flower 2021-04-08 13:49:58,305 | acc_variance.py:19 | AccuracyVariance: sample variance 0.005729040127955944 (last 7 data)
DEBUG flower 2021-04-08 13:49:58,305 | numpy_client.py:201 | Not a switch point
INFO flower 2021-04-08 13:49:58,309 | numpy_client.py:205 | Cache is fresh, return FitRes(clock=40)
DEBUG flower 2021-04-08 13:50:06,249 | numpy_client.py:172 | fit, FitIns(clock=41)
DEBUG flower 2021-04-08 13:50:06,249 | numpy_client.py:260 | cached_clock: 20, curr_clock: 41
INFO flower 2021-04-08 13:50:06,249 | numpy_client.py:184 | Cache is stale, return ReadIns
DEBUG flower 2021-04-08 13:50:10,997 | numpy_client.py:228 | read: ReadRes(clock=21)
DEBUG flower 2021-04-08 13:50:11,004 | numpy_client.py:172 | fit, FitIns(clock=41)
DEBUG flower 2021-04-08 13:50:11,004 | numpy_client.py:260 | cached_clock: 21, curr_clock: 41
DEBUG flower 2021-04-08 13:50:12,097 | acc_variance.py:19 | AccuracyVariance: sample variance 0.0057688094370401235 (last 7 data)
DEBUG flower 2021-04-08 13:50:12,097 | numpy_client.py:201 | Not a switch point
INFO flower 2021-04-08 13:50:12,101 | numpy_client.py:205 | Cache is fresh, return FitRes(clock=41)
DEBUG flower 2021-04-08 13:50:19,458 | numpy_client.py:172 | fit, FitIns(clock=42)
DEBUG flower 2021-04-08 13:50:19,458 | numpy_client.py:260 | cached_clock: 21, curr_clock: 42
INFO flower 2021-04-08 13:50:19,458 | numpy_client.py:184 | Cache is stale, return ReadIns
DEBUG flower 2021-04-08 13:50:23,910 | numpy_client.py:228 | read: ReadRes(clock=22)
DEBUG flower 2021-04-08 13:50:23,917 | numpy_client.py:172 | fit, FitIns(clock=42)
DEBUG flower 2021-04-08 13:50:23,917 | numpy_client.py:260 | cached_clock: 22, curr_clock: 42
DEBUG flower 2021-04-08 13:50:24,999 | acc_variance.py:19 | AccuracyVariance: sample variance 0.005580809066824009 (last 7 data)
DEBUG flower 2021-04-08 13:50:24,999 | numpy_client.py:201 | Not a switch point
INFO flower 2021-04-08 13:50:25,004 | numpy_client.py:205 | Cache is fresh, return FitRes(clock=42)
DEBUG flower 2021-04-08 13:50:32,591 | numpy_client.py:172 | fit, FitIns(clock=43)
DEBUG flower 2021-04-08 13:50:32,592 | numpy_client.py:260 | cached_clock: 22, curr_clock: 43
INFO flower 2021-04-08 13:50:32,592 | numpy_client.py:184 | Cache is stale, return ReadIns
DEBUG flower 2021-04-08 13:50:36,945 | numpy_client.py:228 | read: ReadRes(clock=23)
DEBUG flower 2021-04-08 13:50:36,952 | numpy_client.py:172 | fit, FitIns(clock=43)
DEBUG flower 2021-04-08 13:50:36,953 | numpy_client.py:260 | cached_clock: 23, curr_clock: 43
DEBUG flower 2021-04-08 13:50:38,001 | acc_variance.py:19 | AccuracyVariance: sample variance 0.007542882161367948 (last 7 data)
DEBUG flower 2021-04-08 13:50:38,001 | numpy_client.py:201 | Not a switch point
INFO flower 2021-04-08 13:50:38,005 | numpy_client.py:205 | Cache is fresh, return FitRes(clock=43)
DEBUG flower 2021-04-08 13:50:45,816 | numpy_client.py:172 | fit, FitIns(clock=44)
DEBUG flower 2021-04-08 13:50:45,816 | numpy_client.py:260 | cached_clock: 23, curr_clock: 44
INFO flower 2021-04-08 13:50:45,816 | numpy_client.py:184 | Cache is stale, return ReadIns
DEBUG flower 2021-04-08 13:50:50,497 | numpy_client.py:228 | read: ReadRes(clock=24)
DEBUG flower 2021-04-08 13:50:50,504 | numpy_client.py:172 | fit, FitIns(clock=44)
DEBUG flower 2021-04-08 13:50:50,504 | numpy_client.py:260 | cached_clock: 24, curr_clock: 44
DEBUG flower 2021-04-08 13:50:51,502 | acc_variance.py:19 | AccuracyVariance: sample variance 0.009921267614188533 (last 7 data)
DEBUG flower 2021-04-08 13:50:51,503 | numpy_client.py:201 | Not a switch point
INFO flower 2021-04-08 13:50:51,506 | numpy_client.py:205 | Cache is fresh, return FitRes(clock=44)
DEBUG flower 2021-04-08 13:50:59,521 | numpy_client.py:172 | fit, FitIns(clock=45)
DEBUG flower 2021-04-08 13:50:59,521 | numpy_client.py:260 | cached_clock: 24, curr_clock: 45
INFO flower 2021-04-08 13:50:59,521 | numpy_client.py:184 | Cache is stale, return ReadIns
DEBUG flower 2021-04-08 13:51:04,697 | numpy_client.py:228 | read: ReadRes(clock=25)
DEBUG flower 2021-04-08 13:51:04,704 | numpy_client.py:172 | fit, FitIns(clock=45)
DEBUG flower 2021-04-08 13:51:04,705 | numpy_client.py:260 | cached_clock: 25, curr_clock: 45
DEBUG flower 2021-04-08 13:51:05,838 | acc_variance.py:19 | AccuracyVariance: sample variance 0.010043919778795873 (last 7 data)
DEBUG flower 2021-04-08 13:51:05,838 | numpy_client.py:201 | Not a switch point
INFO flower 2021-04-08 13:51:05,841 | numpy_client.py:205 | Cache is fresh, return FitRes(clock=45)
DEBUG flower 2021-04-08 13:51:14,031 | numpy_client.py:172 | fit, FitIns(clock=46)
DEBUG flower 2021-04-08 13:51:14,031 | numpy_client.py:260 | cached_clock: 25, curr_clock: 46
INFO flower 2021-04-08 13:51:14,031 | numpy_client.py:184 | Cache is stale, return ReadIns
DEBUG flower 2021-04-08 13:51:18,697 | numpy_client.py:228 | read: ReadRes(clock=26)
DEBUG flower 2021-04-08 13:51:18,705 | numpy_client.py:172 | fit, FitIns(clock=46)
DEBUG flower 2021-04-08 13:51:18,705 | numpy_client.py:260 | cached_clock: 26, curr_clock: 46
DEBUG flower 2021-04-08 13:51:19,727 | acc_variance.py:19 | AccuracyVariance: sample variance 0.006211604539775094 (last 7 data)
DEBUG flower 2021-04-08 13:51:19,727 | numpy_client.py:201 | Not a switch point
INFO flower 2021-04-08 13:51:19,730 | numpy_client.py:205 | Cache is fresh, return FitRes(clock=46)
DEBUG flower 2021-04-08 13:51:27,153 | numpy_client.py:172 | fit, FitIns(clock=47)
DEBUG flower 2021-04-08 13:51:27,153 | numpy_client.py:260 | cached_clock: 26, curr_clock: 47
INFO flower 2021-04-08 13:51:27,153 | numpy_client.py:184 | Cache is stale, return ReadIns
DEBUG flower 2021-04-08 13:51:32,006 | numpy_client.py:228 | read: ReadRes(clock=27)
DEBUG flower 2021-04-08 13:51:32,013 | numpy_client.py:172 | fit, FitIns(clock=47)
DEBUG flower 2021-04-08 13:51:32,013 | numpy_client.py:260 | cached_clock: 27, curr_clock: 47
DEBUG flower 2021-04-08 13:51:33,002 | acc_variance.py:19 | AccuracyVariance: sample variance 0.008132462168540884 (last 7 data)
DEBUG flower 2021-04-08 13:51:33,003 | numpy_client.py:201 | Not a switch point
INFO flower 2021-04-08 13:51:33,006 | numpy_client.py:205 | Cache is fresh, return FitRes(clock=47)
DEBUG flower 2021-04-08 13:51:41,344 | numpy_client.py:172 | fit, FitIns(clock=48)
DEBUG flower 2021-04-08 13:51:41,345 | numpy_client.py:260 | cached_clock: 27, curr_clock: 48
INFO flower 2021-04-08 13:51:41,345 | numpy_client.py:184 | Cache is stale, return ReadIns
DEBUG flower 2021-04-08 13:51:45,791 | numpy_client.py:228 | read: ReadRes(clock=28)
DEBUG flower 2021-04-08 13:51:45,802 | numpy_client.py:172 | fit, FitIns(clock=48)
DEBUG flower 2021-04-08 13:51:45,802 | numpy_client.py:260 | cached_clock: 28, curr_clock: 48
DEBUG flower 2021-04-08 13:51:46,826 | acc_variance.py:19 | AccuracyVariance: sample variance 0.008508462908973112 (last 7 data)
DEBUG flower 2021-04-08 13:51:46,826 | numpy_client.py:201 | Not a switch point
INFO flower 2021-04-08 13:51:46,830 | numpy_client.py:205 | Cache is fresh, return FitRes(clock=48)
DEBUG flower 2021-04-08 13:51:54,086 | numpy_client.py:172 | fit, FitIns(clock=49)
DEBUG flower 2021-04-08 13:51:54,087 | numpy_client.py:260 | cached_clock: 28, curr_clock: 49
INFO flower 2021-04-08 13:51:54,087 | numpy_client.py:184 | Cache is stale, return ReadIns
DEBUG flower 2021-04-08 13:51:58,817 | numpy_client.py:228 | read: ReadRes(clock=29)
DEBUG flower 2021-04-08 13:51:58,824 | numpy_client.py:172 | fit, FitIns(clock=49)
DEBUG flower 2021-04-08 13:51:58,825 | numpy_client.py:260 | cached_clock: 29, curr_clock: 49
DEBUG flower 2021-04-08 13:51:59,916 | acc_variance.py:19 | AccuracyVariance: sample variance 0.009207408516127539 (last 7 data)
DEBUG flower 2021-04-08 13:51:59,917 | numpy_client.py:201 | Not a switch point
INFO flower 2021-04-08 13:51:59,920 | numpy_client.py:205 | Cache is fresh, return FitRes(clock=49)
DEBUG flower 2021-04-08 13:52:07,550 | numpy_client.py:172 | fit, FitIns(clock=50)
DEBUG flower 2021-04-08 13:52:07,550 | numpy_client.py:260 | cached_clock: 29, curr_clock: 50
INFO flower 2021-04-08 13:52:07,550 | numpy_client.py:184 | Cache is stale, return ReadIns
DEBUG flower 2021-04-08 13:52:12,327 | numpy_client.py:228 | read: ReadRes(clock=30)
DEBUG flower 2021-04-08 13:52:12,334 | numpy_client.py:172 | fit, FitIns(clock=50)
DEBUG flower 2021-04-08 13:52:12,334 | numpy_client.py:260 | cached_clock: 30, curr_clock: 50
DEBUG flower 2021-04-08 13:52:13,300 | acc_variance.py:19 | AccuracyVariance: sample variance 0.005797371031746031 (last 7 data)
DEBUG flower 2021-04-08 13:52:13,300 | numpy_client.py:201 | Not a switch point
INFO flower 2021-04-08 13:52:13,303 | numpy_client.py:205 | Cache is fresh, return FitRes(clock=50)
DEBUG flower 2021-04-08 13:52:21,597 | numpy_client.py:172 | fit, FitIns(clock=51)
DEBUG flower 2021-04-08 13:52:21,598 | numpy_client.py:260 | cached_clock: 30, curr_clock: 51
INFO flower 2021-04-08 13:52:21,598 | numpy_client.py:184 | Cache is stale, return ReadIns
DEBUG flower 2021-04-08 13:52:26,397 | numpy_client.py:228 | read: ReadRes(clock=31)
DEBUG flower 2021-04-08 13:52:26,404 | numpy_client.py:172 | fit, FitIns(clock=51)
DEBUG flower 2021-04-08 13:52:26,404 | numpy_client.py:260 | cached_clock: 31, curr_clock: 51
DEBUG flower 2021-04-08 13:52:27,418 | acc_variance.py:19 | AccuracyVariance: sample variance 0.007018379205423665 (last 7 data)
DEBUG flower 2021-04-08 13:52:27,419 | numpy_client.py:201 | Not a switch point
INFO flower 2021-04-08 13:52:27,422 | numpy_client.py:205 | Cache is fresh, return FitRes(clock=51)
DEBUG flower 2021-04-08 13:52:34,783 | numpy_client.py:172 | fit, FitIns(clock=52)
DEBUG flower 2021-04-08 13:52:34,784 | numpy_client.py:260 | cached_clock: 31, curr_clock: 52
INFO flower 2021-04-08 13:52:34,784 | numpy_client.py:184 | Cache is stale, return ReadIns
DEBUG flower 2021-04-08 13:52:39,682 | numpy_client.py:228 | read: ReadRes(clock=32)
DEBUG flower 2021-04-08 13:52:39,689 | numpy_client.py:172 | fit, FitIns(clock=52)
DEBUG flower 2021-04-08 13:52:39,689 | numpy_client.py:260 | cached_clock: 32, curr_clock: 52
DEBUG flower 2021-04-08 13:52:40,642 | acc_variance.py:19 | AccuracyVariance: sample variance 0.006607128395575916 (last 7 data)
DEBUG flower 2021-04-08 13:52:40,643 | numpy_client.py:201 | Not a switch point
INFO flower 2021-04-08 13:52:40,646 | numpy_client.py:205 | Cache is fresh, return FitRes(clock=52)
DEBUG flower 2021-04-08 13:52:48,535 | numpy_client.py:172 | fit, FitIns(clock=53)
DEBUG flower 2021-04-08 13:52:48,535 | numpy_client.py:260 | cached_clock: 32, curr_clock: 53
INFO flower 2021-04-08 13:52:48,535 | numpy_client.py:184 | Cache is stale, return ReadIns
DEBUG flower 2021-04-08 13:52:53,857 | numpy_client.py:228 | read: ReadRes(clock=33)
DEBUG flower 2021-04-08 13:52:53,864 | numpy_client.py:172 | fit, FitIns(clock=53)
DEBUG flower 2021-04-08 13:52:53,864 | numpy_client.py:260 | cached_clock: 33, curr_clock: 53
DEBUG flower 2021-04-08 13:52:54,828 | acc_variance.py:19 | AccuracyVariance: sample variance 0.00813264293812763 (last 7 data)
DEBUG flower 2021-04-08 13:52:54,828 | numpy_client.py:201 | Not a switch point
INFO flower 2021-04-08 13:52:54,833 | numpy_client.py:205 | Cache is fresh, return FitRes(clock=53)
DEBUG flower 2021-04-08 13:53:02,667 | numpy_client.py:172 | fit, FitIns(clock=54)
DEBUG flower 2021-04-08 13:53:02,668 | numpy_client.py:260 | cached_clock: 33, curr_clock: 54
INFO flower 2021-04-08 13:53:02,668 | numpy_client.py:184 | Cache is stale, return ReadIns
DEBUG flower 2021-04-08 13:53:07,630 | numpy_client.py:228 | read: ReadRes(clock=34)
DEBUG flower 2021-04-08 13:53:07,638 | numpy_client.py:172 | fit, FitIns(clock=54)
DEBUG flower 2021-04-08 13:53:07,638 | numpy_client.py:260 | cached_clock: 34, curr_clock: 54
DEBUG flower 2021-04-08 13:53:08,624 | acc_variance.py:19 | AccuracyVariance: sample variance 0.007884265525938265 (last 7 data)
DEBUG flower 2021-04-08 13:53:08,625 | numpy_client.py:201 | Not a switch point
INFO flower 2021-04-08 13:53:08,628 | numpy_client.py:205 | Cache is fresh, return FitRes(clock=54)
DEBUG flower 2021-04-08 13:53:16,672 | numpy_client.py:172 | fit, FitIns(clock=55)
DEBUG flower 2021-04-08 13:53:16,672 | numpy_client.py:260 | cached_clock: 34, curr_clock: 55
INFO flower 2021-04-08 13:53:16,672 | numpy_client.py:184 | Cache is stale, return ReadIns
DEBUG flower 2021-04-08 13:53:21,524 | numpy_client.py:228 | read: ReadRes(clock=35)
DEBUG flower 2021-04-08 13:53:21,532 | numpy_client.py:172 | fit, FitIns(clock=55)
DEBUG flower 2021-04-08 13:53:21,532 | numpy_client.py:260 | cached_clock: 35, curr_clock: 55
DEBUG flower 2021-04-08 13:53:22,625 | acc_variance.py:19 | AccuracyVariance: sample variance 0.008006556151372113 (last 7 data)
DEBUG flower 2021-04-08 13:53:22,626 | numpy_client.py:201 | Not a switch point
INFO flower 2021-04-08 13:53:22,629 | numpy_client.py:205 | Cache is fresh, return FitRes(clock=55)
DEBUG flower 2021-04-08 13:53:30,297 | numpy_client.py:172 | fit, FitIns(clock=56)
DEBUG flower 2021-04-08 13:53:30,298 | numpy_client.py:260 | cached_clock: 35, curr_clock: 56
INFO flower 2021-04-08 13:53:30,298 | numpy_client.py:184 | Cache is stale, return ReadIns
DEBUG flower 2021-04-08 13:53:35,008 | numpy_client.py:228 | read: ReadRes(clock=36)
DEBUG flower 2021-04-08 13:53:35,016 | numpy_client.py:172 | fit, FitIns(clock=56)
DEBUG flower 2021-04-08 13:53:35,016 | numpy_client.py:260 | cached_clock: 36, curr_clock: 56
DEBUG flower 2021-04-08 13:53:36,030 | acc_variance.py:19 | AccuracyVariance: sample variance 0.007876673203294923 (last 7 data)
DEBUG flower 2021-04-08 13:53:36,030 | numpy_client.py:201 | Not a switch point
INFO flower 2021-04-08 13:53:36,034 | numpy_client.py:205 | Cache is fresh, return FitRes(clock=56)
DEBUG flower 2021-04-08 13:53:44,052 | numpy_client.py:172 | fit, FitIns(clock=57)
DEBUG flower 2021-04-08 13:53:44,052 | numpy_client.py:260 | cached_clock: 36, curr_clock: 57
INFO flower 2021-04-08 13:53:44,052 | numpy_client.py:184 | Cache is stale, return ReadIns
DEBUG flower 2021-04-08 13:53:48,620 | numpy_client.py:228 | read: ReadRes(clock=37)
DEBUG flower 2021-04-08 13:53:48,627 | numpy_client.py:172 | fit, FitIns(clock=57)
DEBUG flower 2021-04-08 13:53:48,627 | numpy_client.py:260 | cached_clock: 37, curr_clock: 57
DEBUG flower 2021-04-08 13:53:49,818 | acc_variance.py:19 | AccuracyVariance: sample variance 0.00806738511731223 (last 7 data)
DEBUG flower 2021-04-08 13:53:49,818 | numpy_client.py:201 | Not a switch point
INFO flower 2021-04-08 13:53:49,822 | numpy_client.py:205 | Cache is fresh, return FitRes(clock=57)
DEBUG flower 2021-04-08 13:53:57,711 | numpy_client.py:172 | fit, FitIns(clock=58)
DEBUG flower 2021-04-08 13:53:57,712 | numpy_client.py:260 | cached_clock: 37, curr_clock: 58
INFO flower 2021-04-08 13:53:57,712 | numpy_client.py:184 | Cache is stale, return ReadIns
DEBUG flower 2021-04-08 13:54:02,622 | numpy_client.py:228 | read: ReadRes(clock=38)
DEBUG flower 2021-04-08 13:54:02,630 | numpy_client.py:172 | fit, FitIns(clock=58)
DEBUG flower 2021-04-08 13:54:02,630 | numpy_client.py:260 | cached_clock: 38, curr_clock: 58
DEBUG flower 2021-04-08 13:54:03,619 | acc_variance.py:19 | AccuracyVariance: sample variance 0.0071743833587856925 (last 7 data)
DEBUG flower 2021-04-08 13:54:03,619 | numpy_client.py:201 | Not a switch point
INFO flower 2021-04-08 13:54:03,622 | numpy_client.py:205 | Cache is fresh, return FitRes(clock=58)
DEBUG flower 2021-04-08 13:54:11,718 | numpy_client.py:172 | fit, FitIns(clock=59)
DEBUG flower 2021-04-08 13:54:11,718 | numpy_client.py:260 | cached_clock: 38, curr_clock: 59
INFO flower 2021-04-08 13:54:11,719 | numpy_client.py:184 | Cache is stale, return ReadIns
DEBUG flower 2021-04-08 13:54:16,045 | numpy_client.py:228 | read: ReadRes(clock=39)
DEBUG flower 2021-04-08 13:54:16,053 | numpy_client.py:172 | fit, FitIns(clock=59)
DEBUG flower 2021-04-08 13:54:16,053 | numpy_client.py:260 | cached_clock: 39, curr_clock: 59
DEBUG flower 2021-04-08 13:54:17,100 | acc_variance.py:19 | AccuracyVariance: sample variance 0.007631368874080245 (last 7 data)
DEBUG flower 2021-04-08 13:54:17,101 | numpy_client.py:201 | Not a switch point
INFO flower 2021-04-08 13:54:17,105 | numpy_client.py:205 | Cache is fresh, return FitRes(clock=59)
DEBUG flower 2021-04-08 13:54:25,637 | numpy_client.py:172 | fit, FitIns(clock=60)
DEBUG flower 2021-04-08 13:54:25,637 | numpy_client.py:260 | cached_clock: 39, curr_clock: 60
INFO flower 2021-04-08 13:54:25,637 | numpy_client.py:184 | Cache is stale, return ReadIns
DEBUG flower 2021-04-08 13:54:30,154 | numpy_client.py:228 | read: ReadRes(clock=40)
DEBUG flower 2021-04-08 13:54:30,161 | numpy_client.py:172 | fit, FitIns(clock=60)
DEBUG flower 2021-04-08 13:54:30,161 | numpy_client.py:260 | cached_clock: 40, curr_clock: 60
DEBUG flower 2021-04-08 13:54:31,201 | acc_variance.py:19 | AccuracyVariance: sample variance 0.006355858669998612 (last 7 data)
DEBUG flower 2021-04-08 13:54:31,201 | numpy_client.py:201 | Not a switch point
INFO flower 2021-04-08 13:54:31,204 | numpy_client.py:205 | Cache is fresh, return FitRes(clock=60)
DEBUG flower 2021-04-08 13:54:39,164 | numpy_client.py:172 | fit, FitIns(clock=61)
DEBUG flower 2021-04-08 13:54:39,164 | numpy_client.py:260 | cached_clock: 40, curr_clock: 61
INFO flower 2021-04-08 13:54:39,164 | numpy_client.py:184 | Cache is stale, return ReadIns
DEBUG flower 2021-04-08 13:54:43,718 | numpy_client.py:228 | read: ReadRes(clock=41)
DEBUG flower 2021-04-08 13:54:43,725 | numpy_client.py:172 | fit, FitIns(clock=61)
DEBUG flower 2021-04-08 13:54:43,725 | numpy_client.py:260 | cached_clock: 41, curr_clock: 61
DEBUG flower 2021-04-08 13:54:44,799 | acc_variance.py:19 | AccuracyVariance: sample variance 0.003046690615021519 (last 7 data)
DEBUG flower 2021-04-08 13:54:44,800 | numpy_client.py:201 | Not a switch point
INFO flower 2021-04-08 13:54:44,803 | numpy_client.py:205 | Cache is fresh, return FitRes(clock=61)
DEBUG flower 2021-04-08 13:54:52,635 | numpy_client.py:172 | fit, FitIns(clock=62)
DEBUG flower 2021-04-08 13:54:52,635 | numpy_client.py:260 | cached_clock: 41, curr_clock: 62
INFO flower 2021-04-08 13:54:52,635 | numpy_client.py:184 | Cache is stale, return ReadIns
DEBUG flower 2021-04-08 13:54:57,408 | numpy_client.py:228 | read: ReadRes(clock=42)
DEBUG flower 2021-04-08 13:54:57,416 | numpy_client.py:172 | fit, FitIns(clock=62)
DEBUG flower 2021-04-08 13:54:57,416 | numpy_client.py:260 | cached_clock: 42, curr_clock: 62
DEBUG flower 2021-04-08 13:54:58,502 | acc_variance.py:19 | AccuracyVariance: sample variance 0.0029391327109074923 (last 7 data)
DEBUG flower 2021-04-08 13:54:58,502 | numpy_client.py:201 | Not a switch point
INFO flower 2021-04-08 13:54:58,505 | numpy_client.py:205 | Cache is fresh, return FitRes(clock=62)
DEBUG flower 2021-04-08 13:55:06,274 | numpy_client.py:172 | fit, FitIns(clock=63)
DEBUG flower 2021-04-08 13:55:06,274 | numpy_client.py:260 | cached_clock: 42, curr_clock: 63
INFO flower 2021-04-08 13:55:06,274 | numpy_client.py:184 | Cache is stale, return ReadIns
DEBUG flower 2021-04-08 13:55:11,022 | numpy_client.py:228 | read: ReadRes(clock=43)
DEBUG flower 2021-04-08 13:55:11,029 | numpy_client.py:172 | fit, FitIns(clock=63)
DEBUG flower 2021-04-08 13:55:11,029 | numpy_client.py:260 | cached_clock: 43, curr_clock: 63
DEBUG flower 2021-04-08 13:55:12,025 | acc_variance.py:19 | AccuracyVariance: sample variance 0.0027749035413485125 (last 7 data)
DEBUG flower 2021-04-08 13:55:12,025 | numpy_client.py:201 | Not a switch point
INFO flower 2021-04-08 13:55:12,028 | numpy_client.py:205 | Cache is fresh, return FitRes(clock=63)
DEBUG flower 2021-04-08 13:55:19,875 | numpy_client.py:172 | fit, FitIns(clock=64)
DEBUG flower 2021-04-08 13:55:19,875 | numpy_client.py:260 | cached_clock: 43, curr_clock: 64
INFO flower 2021-04-08 13:55:19,875 | numpy_client.py:184 | Cache is stale, return ReadIns
DEBUG flower 2021-04-08 13:55:24,535 | numpy_client.py:228 | read: ReadRes(clock=44)
DEBUG flower 2021-04-08 13:55:24,542 | numpy_client.py:172 | fit, FitIns(clock=64)
DEBUG flower 2021-04-08 13:55:24,542 | numpy_client.py:260 | cached_clock: 44, curr_clock: 64
DEBUG flower 2021-04-08 13:55:25,706 | acc_variance.py:19 | AccuracyVariance: sample variance 0.0026655379413670225 (last 7 data)
DEBUG flower 2021-04-08 13:55:25,707 | numpy_client.py:201 | Not a switch point
INFO flower 2021-04-08 13:55:25,710 | numpy_client.py:205 | Cache is fresh, return FitRes(clock=64)
DEBUG flower 2021-04-08 13:55:33,594 | numpy_client.py:172 | fit, FitIns(clock=65)
DEBUG flower 2021-04-08 13:55:33,594 | numpy_client.py:260 | cached_clock: 44, curr_clock: 65
INFO flower 2021-04-08 13:55:33,594 | numpy_client.py:184 | Cache is stale, return ReadIns
DEBUG flower 2021-04-08 13:55:38,220 | numpy_client.py:228 | read: ReadRes(clock=45)
DEBUG flower 2021-04-08 13:55:38,227 | numpy_client.py:172 | fit, FitIns(clock=65)
DEBUG flower 2021-04-08 13:55:38,227 | numpy_client.py:260 | cached_clock: 45, curr_clock: 65
DEBUG flower 2021-04-08 13:55:39,331 | acc_variance.py:19 | AccuracyVariance: sample variance 0.003295519951177749 (last 7 data)
DEBUG flower 2021-04-08 13:55:39,395 | numpy_client.py:201 | Not a switch point
INFO flower 2021-04-08 13:55:39,399 | numpy_client.py:205 | Cache is fresh, return FitRes(clock=65)
DEBUG flower 2021-04-08 13:55:47,189 | numpy_client.py:172 | fit, FitIns(clock=66)
DEBUG flower 2021-04-08 13:55:47,189 | numpy_client.py:260 | cached_clock: 45, curr_clock: 66
INFO flower 2021-04-08 13:55:47,189 | numpy_client.py:184 | Cache is stale, return ReadIns
DEBUG flower 2021-04-08 13:55:51,726 | numpy_client.py:228 | read: ReadRes(clock=46)
DEBUG flower 2021-04-08 13:55:51,734 | numpy_client.py:172 | fit, FitIns(clock=66)
DEBUG flower 2021-04-08 13:55:51,734 | numpy_client.py:260 | cached_clock: 46, curr_clock: 66
DEBUG flower 2021-04-08 13:55:52,723 | acc_variance.py:19 | AccuracyVariance: sample variance 0.002858419090425284 (last 7 data)
DEBUG flower 2021-04-08 13:55:52,723 | numpy_client.py:201 | Not a switch point
INFO flower 2021-04-08 13:55:52,727 | numpy_client.py:205 | Cache is fresh, return FitRes(clock=66)
DEBUG flower 2021-04-08 13:56:00,658 | numpy_client.py:172 | fit, FitIns(clock=67)
DEBUG flower 2021-04-08 13:56:00,658 | numpy_client.py:260 | cached_clock: 46, curr_clock: 67
INFO flower 2021-04-08 13:56:00,658 | numpy_client.py:184 | Cache is stale, return ReadIns
DEBUG flower 2021-04-08 13:56:05,297 | numpy_client.py:228 | read: ReadRes(clock=47)
DEBUG flower 2021-04-08 13:56:05,304 | numpy_client.py:172 | fit, FitIns(clock=67)
DEBUG flower 2021-04-08 13:56:05,304 | numpy_client.py:260 | cached_clock: 47, curr_clock: 67
DEBUG flower 2021-04-08 13:56:06,404 | acc_variance.py:19 | AccuracyVariance: sample variance 0.0019301672624832242 (last 7 data)
DEBUG flower 2021-04-08 13:56:06,404 | numpy_client.py:201 | Not a switch point
INFO flower 2021-04-08 13:56:06,409 | numpy_client.py:205 | Cache is fresh, return FitRes(clock=67)
DEBUG flower 2021-04-08 13:56:14,465 | numpy_client.py:172 | fit, FitIns(clock=68)
DEBUG flower 2021-04-08 13:56:14,465 | numpy_client.py:260 | cached_clock: 47, curr_clock: 68
INFO flower 2021-04-08 13:56:14,465 | numpy_client.py:184 | Cache is stale, return ReadIns
DEBUG flower 2021-04-08 13:56:19,295 | numpy_client.py:228 | read: ReadRes(clock=48)
DEBUG flower 2021-04-08 13:56:19,303 | numpy_client.py:172 | fit, FitIns(clock=68)
DEBUG flower 2021-04-08 13:56:19,303 | numpy_client.py:260 | cached_clock: 48, curr_clock: 68
DEBUG flower 2021-04-08 13:56:20,510 | acc_variance.py:19 | AccuracyVariance: sample variance 0.0018426747824980324 (last 7 data)
DEBUG flower 2021-04-08 13:56:20,511 | numpy_client.py:201 | Not a switch point
INFO flower 2021-04-08 13:56:20,514 | numpy_client.py:205 | Cache is fresh, return FitRes(clock=68)
DEBUG flower 2021-04-08 13:56:27,796 | numpy_client.py:172 | fit, FitIns(clock=69)
DEBUG flower 2021-04-08 13:56:27,796 | numpy_client.py:260 | cached_clock: 48, curr_clock: 69
INFO flower 2021-04-08 13:56:27,796 | numpy_client.py:184 | Cache is stale, return ReadIns
DEBUG flower 2021-04-08 13:56:32,239 | numpy_client.py:228 | read: ReadRes(clock=49)
DEBUG flower 2021-04-08 13:56:32,246 | numpy_client.py:172 | fit, FitIns(clock=69)
DEBUG flower 2021-04-08 13:56:32,247 | numpy_client.py:260 | cached_clock: 49, curr_clock: 69
DEBUG flower 2021-04-08 13:56:33,222 | acc_variance.py:19 | AccuracyVariance: sample variance 0.001664435969966217 (last 7 data)
DEBUG flower 2021-04-08 13:56:33,222 | numpy_client.py:201 | Not a switch point
INFO flower 2021-04-08 13:56:33,226 | numpy_client.py:205 | Cache is fresh, return FitRes(clock=69)
DEBUG flower 2021-04-08 13:56:41,427 | numpy_client.py:172 | fit, FitIns(clock=70)
DEBUG flower 2021-04-08 13:56:41,428 | numpy_client.py:260 | cached_clock: 49, curr_clock: 70
INFO flower 2021-04-08 13:56:41,428 | numpy_client.py:184 | Cache is stale, return ReadIns
DEBUG flower 2021-04-08 13:56:46,732 | numpy_client.py:228 | read: ReadRes(clock=50)
DEBUG flower 2021-04-08 13:56:46,739 | numpy_client.py:172 | fit, FitIns(clock=70)
DEBUG flower 2021-04-08 13:56:46,739 | numpy_client.py:260 | cached_clock: 50, curr_clock: 70
DEBUG flower 2021-04-08 13:56:47,823 | acc_variance.py:19 | AccuracyVariance: sample variance 0.0019394768962006563 (last 7 data)
DEBUG flower 2021-04-08 13:56:47,824 | numpy_client.py:201 | Not a switch point
INFO flower 2021-04-08 13:56:47,827 | numpy_client.py:205 | Cache is fresh, return FitRes(clock=70)
DEBUG flower 2021-04-08 13:56:55,744 | numpy_client.py:172 | fit, FitIns(clock=71)
DEBUG flower 2021-04-08 13:56:55,744 | numpy_client.py:260 | cached_clock: 50, curr_clock: 71
INFO flower 2021-04-08 13:56:55,745 | numpy_client.py:184 | Cache is stale, return ReadIns
DEBUG flower 2021-04-08 13:57:00,762 | numpy_client.py:228 | read: ReadRes(clock=51)
DEBUG flower 2021-04-08 13:57:00,769 | numpy_client.py:172 | fit, FitIns(clock=71)
DEBUG flower 2021-04-08 13:57:00,769 | numpy_client.py:260 | cached_clock: 51, curr_clock: 71
DEBUG flower 2021-04-08 13:57:01,841 | acc_variance.py:19 | AccuracyVariance: sample variance 0.0025848243208848156 (last 7 data)
DEBUG flower 2021-04-08 13:57:01,842 | numpy_client.py:201 | Not a switch point
INFO flower 2021-04-08 13:57:01,898 | numpy_client.py:205 | Cache is fresh, return FitRes(clock=71)
DEBUG flower 2021-04-08 13:57:09,660 | numpy_client.py:172 | fit, FitIns(clock=72)
DEBUG flower 2021-04-08 13:57:09,660 | numpy_client.py:260 | cached_clock: 51, curr_clock: 72
INFO flower 2021-04-08 13:57:09,660 | numpy_client.py:184 | Cache is stale, return ReadIns
DEBUG flower 2021-04-08 13:57:14,998 | numpy_client.py:228 | read: ReadRes(clock=52)
DEBUG flower 2021-04-08 13:57:15,011 | numpy_client.py:172 | fit, FitIns(clock=72)
DEBUG flower 2021-04-08 13:57:15,012 | numpy_client.py:260 | cached_clock: 52, curr_clock: 72
DEBUG flower 2021-04-08 13:57:16,100 | acc_variance.py:19 | AccuracyVariance: sample variance 0.002529147288166967 (last 7 data)
DEBUG flower 2021-04-08 13:57:16,100 | numpy_client.py:201 | Not a switch point
INFO flower 2021-04-08 13:57:16,105 | numpy_client.py:205 | Cache is fresh, return FitRes(clock=72)
DEBUG flower 2021-04-08 13:57:23,916 | numpy_client.py:172 | fit, FitIns(clock=73)
DEBUG flower 2021-04-08 13:57:23,917 | numpy_client.py:260 | cached_clock: 52, curr_clock: 73
INFO flower 2021-04-08 13:57:23,917 | numpy_client.py:184 | Cache is stale, return ReadIns
DEBUG flower 2021-04-08 13:57:28,842 | numpy_client.py:228 | read: ReadRes(clock=53)
DEBUG flower 2021-04-08 13:57:28,849 | numpy_client.py:172 | fit, FitIns(clock=73)
DEBUG flower 2021-04-08 13:57:28,849 | numpy_client.py:260 | cached_clock: 53, curr_clock: 73
DEBUG flower 2021-04-08 13:57:29,902 | acc_variance.py:19 | AccuracyVariance: sample variance 0.0031137561317043827 (last 7 data)
DEBUG flower 2021-04-08 13:57:29,903 | numpy_client.py:201 | Not a switch point
INFO flower 2021-04-08 13:57:29,906 | numpy_client.py:205 | Cache is fresh, return FitRes(clock=73)
DEBUG flower 2021-04-08 13:57:38,450 | numpy_client.py:172 | fit, FitIns(clock=74)
DEBUG flower 2021-04-08 13:57:38,450 | numpy_client.py:260 | cached_clock: 53, curr_clock: 74
INFO flower 2021-04-08 13:57:38,450 | numpy_client.py:184 | Cache is stale, return ReadIns
DEBUG flower 2021-04-08 13:57:43,540 | numpy_client.py:228 | read: ReadRes(clock=54)
DEBUG flower 2021-04-08 13:57:43,547 | numpy_client.py:172 | fit, FitIns(clock=74)
DEBUG flower 2021-04-08 13:57:43,547 | numpy_client.py:260 | cached_clock: 54, curr_clock: 74
DEBUG flower 2021-04-08 13:57:44,601 | acc_variance.py:19 | AccuracyVariance: sample variance 0.0024139970614095977 (last 7 data)
DEBUG flower 2021-04-08 13:57:44,602 | numpy_client.py:201 | Not a switch point
INFO flower 2021-04-08 13:57:44,605 | numpy_client.py:205 | Cache is fresh, return FitRes(clock=74)
DEBUG flower 2021-04-08 13:57:52,174 | numpy_client.py:172 | fit, FitIns(clock=75)
DEBUG flower 2021-04-08 13:57:52,175 | numpy_client.py:260 | cached_clock: 54, curr_clock: 75
INFO flower 2021-04-08 13:57:52,175 | numpy_client.py:184 | Cache is stale, return ReadIns
DEBUG flower 2021-04-08 13:57:56,705 | numpy_client.py:228 | read: ReadRes(clock=55)
DEBUG flower 2021-04-08 13:57:56,712 | numpy_client.py:172 | fit, FitIns(clock=75)
DEBUG flower 2021-04-08 13:57:56,712 | numpy_client.py:260 | cached_clock: 55, curr_clock: 75
DEBUG flower 2021-04-08 13:57:57,735 | acc_variance.py:19 | AccuracyVariance: sample variance 0.0025293280577537137 (last 7 data)
DEBUG flower 2021-04-08 13:57:57,735 | numpy_client.py:201 | Not a switch point
INFO flower 2021-04-08 13:57:57,796 | numpy_client.py:205 | Cache is fresh, return FitRes(clock=75)
DEBUG flower 2021-04-08 13:58:05,420 | numpy_client.py:172 | fit, FitIns(clock=76)
DEBUG flower 2021-04-08 13:58:05,420 | numpy_client.py:260 | cached_clock: 55, curr_clock: 76
INFO flower 2021-04-08 13:58:05,420 | numpy_client.py:184 | Cache is stale, return ReadIns
DEBUG flower 2021-04-08 13:58:10,097 | numpy_client.py:228 | read: ReadRes(clock=56)
DEBUG flower 2021-04-08 13:58:10,105 | numpy_client.py:172 | fit, FitIns(clock=76)
DEBUG flower 2021-04-08 13:58:10,105 | numpy_client.py:260 | cached_clock: 56, curr_clock: 76
DEBUG flower 2021-04-08 13:58:11,126 | acc_variance.py:19 | AccuracyVariance: sample variance 0.0027077476398722753 (last 7 data)
DEBUG flower 2021-04-08 13:58:11,126 | numpy_client.py:201 | Not a switch point
INFO flower 2021-04-08 13:58:11,130 | numpy_client.py:205 | Cache is fresh, return FitRes(clock=76)
DEBUG flower 2021-04-08 13:58:19,125 | numpy_client.py:172 | fit, FitIns(clock=77)
DEBUG flower 2021-04-08 13:58:19,126 | numpy_client.py:260 | cached_clock: 56, curr_clock: 77
INFO flower 2021-04-08 13:58:19,126 | numpy_client.py:184 | Cache is stale, return ReadIns
DEBUG flower 2021-04-08 13:58:23,943 | numpy_client.py:228 | read: ReadRes(clock=57)
DEBUG flower 2021-04-08 13:58:23,950 | numpy_client.py:172 | fit, FitIns(clock=77)
DEBUG flower 2021-04-08 13:58:23,951 | numpy_client.py:260 | cached_clock: 57, curr_clock: 77
DEBUG flower 2021-04-08 13:58:24,923 | acc_variance.py:19 | AccuracyVariance: sample variance 0.0032247486579665883 (last 7 data)
DEBUG flower 2021-04-08 13:58:24,923 | numpy_client.py:201 | Not a switch point
INFO flower 2021-04-08 13:58:24,926 | numpy_client.py:205 | Cache is fresh, return FitRes(clock=77)
DEBUG flower 2021-04-08 13:58:32,588 | numpy_client.py:172 | fit, FitIns(clock=78)
DEBUG flower 2021-04-08 13:58:32,588 | numpy_client.py:260 | cached_clock: 57, curr_clock: 78
INFO flower 2021-04-08 13:58:32,588 | numpy_client.py:184 | Cache is stale, return ReadIns
DEBUG flower 2021-04-08 13:58:38,318 | numpy_client.py:228 | read: ReadRes(clock=58)
DEBUG flower 2021-04-08 13:58:38,325 | numpy_client.py:172 | fit, FitIns(clock=78)
DEBUG flower 2021-04-08 13:58:38,325 | numpy_client.py:260 | cached_clock: 58, curr_clock: 78
DEBUG flower 2021-04-08 13:58:39,324 | acc_variance.py:19 | AccuracyVariance: sample variance 0.0010697944143643855 (last 7 data)
DEBUG flower 2021-04-08 13:58:39,324 | numpy_client.py:201 | Not a switch point
INFO flower 2021-04-08 13:58:39,327 | numpy_client.py:205 | Cache is fresh, return FitRes(clock=78)
DEBUG flower 2021-04-08 13:58:47,335 | numpy_client.py:172 | fit, FitIns(clock=79)
DEBUG flower 2021-04-08 13:58:47,335 | numpy_client.py:260 | cached_clock: 58, curr_clock: 79
INFO flower 2021-04-08 13:58:47,335 | numpy_client.py:184 | Cache is stale, return ReadIns
DEBUG flower 2021-04-08 13:58:52,797 | numpy_client.py:228 | read: ReadRes(clock=59)
DEBUG flower 2021-04-08 13:58:52,804 | numpy_client.py:172 | fit, FitIns(clock=79)
DEBUG flower 2021-04-08 13:58:52,804 | numpy_client.py:260 | cached_clock: 59, curr_clock: 79
DEBUG flower 2021-04-08 13:58:53,843 | acc_variance.py:19 | AccuracyVariance: sample variance 0.001864457517700958 (last 7 data)
DEBUG flower 2021-04-08 13:58:53,843 | numpy_client.py:201 | Not a switch point
INFO flower 2021-04-08 13:58:53,898 | numpy_client.py:205 | Cache is fresh, return FitRes(clock=79)
DEBUG flower 2021-04-08 13:59:01,735 | numpy_client.py:172 | fit, FitIns(clock=80)
DEBUG flower 2021-04-08 13:59:01,735 | numpy_client.py:260 | cached_clock: 59, curr_clock: 80
INFO flower 2021-04-08 13:59:01,735 | numpy_client.py:184 | Cache is stale, return ReadIns
DEBUG flower 2021-04-08 13:59:06,711 | numpy_client.py:228 | read: ReadRes(clock=60)
DEBUG flower 2021-04-08 13:59:06,719 | numpy_client.py:172 | fit, FitIns(clock=80)
DEBUG flower 2021-04-08 13:59:06,719 | numpy_client.py:260 | cached_clock: 60, curr_clock: 80
DEBUG flower 2021-04-08 13:59:07,730 | acc_variance.py:19 | AccuracyVariance: sample variance 0.001678535997732426 (last 7 data)
DEBUG flower 2021-04-08 13:59:07,730 | numpy_client.py:201 | Not a switch point
INFO flower 2021-04-08 13:59:07,798 | numpy_client.py:205 | Cache is fresh, return FitRes(clock=80)
DEBUG flower 2021-04-08 13:59:15,872 | numpy_client.py:172 | fit, FitIns(clock=81)
DEBUG flower 2021-04-08 13:59:15,872 | numpy_client.py:260 | cached_clock: 60, curr_clock: 81
INFO flower 2021-04-08 13:59:15,872 | numpy_client.py:184 | Cache is stale, return ReadIns
DEBUG flower 2021-04-08 13:59:21,001 | numpy_client.py:228 | read: ReadRes(clock=61)
DEBUG flower 2021-04-08 13:59:21,008 | numpy_client.py:172 | fit, FitIns(clock=81)
DEBUG flower 2021-04-08 13:59:21,008 | numpy_client.py:260 | cached_clock: 61, curr_clock: 81
DEBUG flower 2021-04-08 13:59:22,103 | acc_variance.py:19 | AccuracyVariance: sample variance 0.0017916073742422138 (last 7 data)
DEBUG flower 2021-04-08 13:59:22,104 | numpy_client.py:201 | Not a switch point
INFO flower 2021-04-08 13:59:22,107 | numpy_client.py:205 | Cache is fresh, return FitRes(clock=81)
DEBUG flower 2021-04-08 13:59:30,251 | numpy_client.py:172 | fit, FitIns(clock=82)
DEBUG flower 2021-04-08 13:59:30,251 | numpy_client.py:260 | cached_clock: 61, curr_clock: 82
INFO flower 2021-04-08 13:59:30,251 | numpy_client.py:184 | Cache is stale, return ReadIns
DEBUG flower 2021-04-08 13:59:34,825 | numpy_client.py:228 | read: ReadRes(clock=62)
DEBUG flower 2021-04-08 13:59:34,832 | numpy_client.py:172 | fit, FitIns(clock=82)
DEBUG flower 2021-04-08 13:59:34,832 | numpy_client.py:260 | cached_clock: 62, curr_clock: 82
DEBUG flower 2021-04-08 13:59:35,851 | acc_variance.py:19 | AccuracyVariance: sample variance 0.0019232980181868667 (last 7 data)
DEBUG flower 2021-04-08 13:59:35,896 | numpy_client.py:201 | Not a switch point
INFO flower 2021-04-08 13:59:35,900 | numpy_client.py:205 | Cache is fresh, return FitRes(clock=82)
DEBUG flower 2021-04-08 13:59:43,777 | numpy_client.py:172 | fit, FitIns(clock=83)
DEBUG flower 2021-04-08 13:59:43,777 | numpy_client.py:260 | cached_clock: 62, curr_clock: 83
INFO flower 2021-04-08 13:59:43,777 | numpy_client.py:184 | Cache is stale, return ReadIns
DEBUG flower 2021-04-08 13:59:48,797 | numpy_client.py:228 | read: ReadRes(clock=63)
DEBUG flower 2021-04-08 13:59:48,804 | numpy_client.py:172 | fit, FitIns(clock=83)
DEBUG flower 2021-04-08 13:59:48,804 | numpy_client.py:260 | cached_clock: 63, curr_clock: 83
DEBUG flower 2021-04-08 13:59:49,843 | acc_variance.py:19 | AccuracyVariance: sample variance 0.0015237972314776245 (last 7 data)
DEBUG flower 2021-04-08 13:59:49,843 | numpy_client.py:201 | Not a switch point
INFO flower 2021-04-08 13:59:49,846 | numpy_client.py:205 | Cache is fresh, return FitRes(clock=83)
DEBUG flower 2021-04-08 13:59:57,792 | numpy_client.py:172 | fit, FitIns(clock=84)
DEBUG flower 2021-04-08 13:59:57,792 | numpy_client.py:260 | cached_clock: 63, curr_clock: 84
INFO flower 2021-04-08 13:59:57,792 | numpy_client.py:184 | Cache is stale, return ReadIns
DEBUG flower 2021-04-08 14:00:02,433 | numpy_client.py:228 | read: ReadRes(clock=64)
DEBUG flower 2021-04-08 14:00:02,440 | numpy_client.py:172 | fit, FitIns(clock=84)
DEBUG flower 2021-04-08 14:00:02,440 | numpy_client.py:260 | cached_clock: 64, curr_clock: 84
DEBUG flower 2021-04-08 14:00:03,422 | acc_variance.py:19 | AccuracyVariance: sample variance 0.0016087589372483682 (last 7 data)
DEBUG flower 2021-04-08 14:00:03,422 | numpy_client.py:201 | Not a switch point
INFO flower 2021-04-08 14:00:03,425 | numpy_client.py:205 | Cache is fresh, return FitRes(clock=84)
DEBUG flower 2021-04-08 14:00:11,353 | numpy_client.py:172 | fit, FitIns(clock=85)
DEBUG flower 2021-04-08 14:00:11,353 | numpy_client.py:260 | cached_clock: 64, curr_clock: 85
INFO flower 2021-04-08 14:00:11,353 | numpy_client.py:184 | Cache is stale, return ReadIns
DEBUG flower 2021-04-08 14:00:16,288 | numpy_client.py:228 | read: ReadRes(clock=65)
DEBUG flower 2021-04-08 14:00:16,299 | numpy_client.py:172 | fit, FitIns(clock=85)
DEBUG flower 2021-04-08 14:00:16,299 | numpy_client.py:260 | cached_clock: 65, curr_clock: 85
DEBUG flower 2021-04-08 14:00:17,321 | acc_variance.py:19 | AccuracyVariance: sample variance 0.00177967658151696 (last 7 data)
DEBUG flower 2021-04-08 14:00:17,322 | numpy_client.py:201 | Not a switch point
INFO flower 2021-04-08 14:00:17,325 | numpy_client.py:205 | Cache is fresh, return FitRes(clock=85)
DEBUG flower 2021-04-08 14:00:25,574 | numpy_client.py:172 | fit, FitIns(clock=86)
DEBUG flower 2021-04-08 14:00:25,574 | numpy_client.py:260 | cached_clock: 65, curr_clock: 86
INFO flower 2021-04-08 14:00:25,575 | numpy_client.py:184 | Cache is stale, return ReadIns
DEBUG flower 2021-04-08 14:00:30,297 | numpy_client.py:228 | read: ReadRes(clock=66)
DEBUG flower 2021-04-08 14:00:30,304 | numpy_client.py:172 | fit, FitIns(clock=86)
DEBUG flower 2021-04-08 14:00:30,304 | numpy_client.py:260 | cached_clock: 66, curr_clock: 86
DEBUG flower 2021-04-08 14:00:31,324 | acc_variance.py:19 | AccuracyVariance: sample variance 0.002091504118654264 (last 7 data)
DEBUG flower 2021-04-08 14:00:31,324 | numpy_client.py:201 | Not a switch point
INFO flower 2021-04-08 14:00:31,327 | numpy_client.py:205 | Cache is fresh, return FitRes(clock=86)
DEBUG flower 2021-04-08 14:00:39,227 | numpy_client.py:172 | fit, FitIns(clock=87)
DEBUG flower 2021-04-08 14:00:39,227 | numpy_client.py:260 | cached_clock: 66, curr_clock: 87
INFO flower 2021-04-08 14:00:39,227 | numpy_client.py:184 | Cache is stale, return ReadIns
DEBUG flower 2021-04-08 14:00:43,925 | numpy_client.py:228 | read: ReadRes(clock=67)
DEBUG flower 2021-04-08 14:00:43,932 | numpy_client.py:172 | fit, FitIns(clock=87)
DEBUG flower 2021-04-08 14:00:43,932 | numpy_client.py:260 | cached_clock: 67, curr_clock: 87
DEBUG flower 2021-04-08 14:00:45,000 | acc_variance.py:19 | AccuracyVariance: sample variance 0.0027761689284557353 (last 7 data)
DEBUG flower 2021-04-08 14:00:45,000 | numpy_client.py:201 | Not a switch point
INFO flower 2021-04-08 14:00:45,004 | numpy_client.py:205 | Cache is fresh, return FitRes(clock=87)
DEBUG flower 2021-04-08 14:00:52,946 | numpy_client.py:172 | fit, FitIns(clock=88)
DEBUG flower 2021-04-08 14:00:52,946 | numpy_client.py:260 | cached_clock: 67, curr_clock: 88
INFO flower 2021-04-08 14:00:52,946 | numpy_client.py:184 | Cache is stale, return ReadIns
DEBUG flower 2021-04-08 14:00:57,549 | numpy_client.py:228 | read: ReadRes(clock=68)
DEBUG flower 2021-04-08 14:00:57,556 | numpy_client.py:172 | fit, FitIns(clock=88)
DEBUG flower 2021-04-08 14:00:57,556 | numpy_client.py:260 | cached_clock: 68, curr_clock: 88
DEBUG flower 2021-04-08 14:00:58,602 | acc_variance.py:19 | AccuracyVariance: sample variance 0.0023635623467073903 (last 7 data)
DEBUG flower 2021-04-08 14:00:58,602 | numpy_client.py:201 | Not a switch point
INFO flower 2021-04-08 14:00:58,605 | numpy_client.py:205 | Cache is fresh, return FitRes(clock=88)
DEBUG flower 2021-04-08 14:01:06,392 | numpy_client.py:172 | fit, FitIns(clock=89)
DEBUG flower 2021-04-08 14:01:06,392 | numpy_client.py:260 | cached_clock: 68, curr_clock: 89
INFO flower 2021-04-08 14:01:06,392 | numpy_client.py:184 | Cache is stale, return ReadIns
DEBUG flower 2021-04-08 14:01:10,804 | numpy_client.py:228 | read: ReadRes(clock=69)
DEBUG flower 2021-04-08 14:01:10,813 | numpy_client.py:172 | fit, FitIns(clock=89)
DEBUG flower 2021-04-08 14:01:10,813 | numpy_client.py:260 | cached_clock: 69, curr_clock: 89
DEBUG flower 2021-04-08 14:01:11,843 | acc_variance.py:19 | AccuracyVariance: sample variance 0.002515408799574251 (last 7 data)
DEBUG flower 2021-04-08 14:01:11,843 | numpy_client.py:201 | Not a switch point
INFO flower 2021-04-08 14:01:11,846 | numpy_client.py:205 | Cache is fresh, return FitRes(clock=89)
DEBUG flower 2021-04-08 14:01:19,868 | numpy_client.py:172 | fit, FitIns(clock=90)
DEBUG flower 2021-04-08 14:01:19,868 | numpy_client.py:260 | cached_clock: 69, curr_clock: 90
INFO flower 2021-04-08 14:01:19,868 | numpy_client.py:184 | Cache is stale, return ReadIns
DEBUG flower 2021-04-08 14:01:24,129 | numpy_client.py:228 | read: ReadRes(clock=70)
DEBUG flower 2021-04-08 14:01:24,136 | numpy_client.py:172 | fit, FitIns(clock=90)
DEBUG flower 2021-04-08 14:01:24,136 | numpy_client.py:260 | cached_clock: 70, curr_clock: 90
DEBUG flower 2021-04-08 14:01:25,100 | acc_variance.py:19 | AccuracyVariance: sample variance 0.0020362790099032807 (last 7 data)
DEBUG flower 2021-04-08 14:01:25,101 | numpy_client.py:201 | Not a switch point
INFO flower 2021-04-08 14:01:25,106 | numpy_client.py:205 | Cache is fresh, return FitRes(clock=90)
DEBUG flower 2021-04-08 14:01:32,981 | numpy_client.py:172 | fit, FitIns(clock=91)
DEBUG flower 2021-04-08 14:01:32,981 | numpy_client.py:260 | cached_clock: 70, curr_clock: 91
INFO flower 2021-04-08 14:01:32,981 | numpy_client.py:184 | Cache is stale, return ReadIns
DEBUG flower 2021-04-08 14:01:37,697 | numpy_client.py:228 | read: ReadRes(clock=71)
DEBUG flower 2021-04-08 14:01:37,705 | numpy_client.py:172 | fit, FitIns(clock=91)
DEBUG flower 2021-04-08 14:01:37,706 | numpy_client.py:260 | cached_clock: 71, curr_clock: 91
DEBUG flower 2021-04-08 14:01:38,742 | acc_variance.py:19 | AccuracyVariance: sample variance 0.002640139814429173 (last 7 data)
DEBUG flower 2021-04-08 14:01:38,742 | numpy_client.py:201 | Not a switch point
INFO flower 2021-04-08 14:01:38,745 | numpy_client.py:205 | Cache is fresh, return FitRes(clock=91)
DEBUG flower 2021-04-08 14:01:46,450 | numpy_client.py:172 | fit, FitIns(clock=92)
DEBUG flower 2021-04-08 14:01:46,450 | numpy_client.py:260 | cached_clock: 71, curr_clock: 92
INFO flower 2021-04-08 14:01:46,450 | numpy_client.py:184 | Cache is stale, return ReadIns
DEBUG flower 2021-04-08 14:01:51,006 | numpy_client.py:228 | read: ReadRes(clock=72)
DEBUG flower 2021-04-08 14:01:51,013 | numpy_client.py:172 | fit, FitIns(clock=92)
DEBUG flower 2021-04-08 14:01:51,013 | numpy_client.py:260 | cached_clock: 72, curr_clock: 92
DEBUG flower 2021-04-08 14:01:52,197 | acc_variance.py:19 | AccuracyVariance: sample variance 0.0027887324147346016 (last 7 data)
DEBUG flower 2021-04-08 14:01:52,197 | numpy_client.py:201 | Not a switch point
INFO flower 2021-04-08 14:01:52,200 | numpy_client.py:205 | Cache is fresh, return FitRes(clock=92)
DEBUG flower 2021-04-08 14:01:59,883 | numpy_client.py:172 | fit, FitIns(clock=93)
DEBUG flower 2021-04-08 14:01:59,884 | numpy_client.py:260 | cached_clock: 72, curr_clock: 93
INFO flower 2021-04-08 14:01:59,884 | numpy_client.py:184 | Cache is stale, return ReadIns
DEBUG flower 2021-04-08 14:02:04,521 | numpy_client.py:228 | read: ReadRes(clock=73)
DEBUG flower 2021-04-08 14:02:04,528 | numpy_client.py:172 | fit, FitIns(clock=93)
DEBUG flower 2021-04-08 14:02:04,528 | numpy_client.py:260 | cached_clock: 73, curr_clock: 93
DEBUG flower 2021-04-08 14:02:05,602 | acc_variance.py:19 | AccuracyVariance: sample variance 0.0011672292216206217 (last 7 data)
DEBUG flower 2021-04-08 14:02:05,602 | numpy_client.py:201 | Not a switch point
INFO flower 2021-04-08 14:02:05,606 | numpy_client.py:205 | Cache is fresh, return FitRes(clock=93)
DEBUG flower 2021-04-08 14:02:13,561 | numpy_client.py:172 | fit, FitIns(clock=94)
DEBUG flower 2021-04-08 14:02:13,561 | numpy_client.py:260 | cached_clock: 73, curr_clock: 94
INFO flower 2021-04-08 14:02:13,561 | numpy_client.py:184 | Cache is stale, return ReadIns
DEBUG flower 2021-04-08 14:02:18,138 | numpy_client.py:228 | read: ReadRes(clock=74)
DEBUG flower 2021-04-08 14:02:18,146 | numpy_client.py:172 | fit, FitIns(clock=94)
DEBUG flower 2021-04-08 14:02:18,146 | numpy_client.py:260 | cached_clock: 74, curr_clock: 94
DEBUG flower 2021-04-08 14:02:19,200 | acc_variance.py:19 | AccuracyVariance: sample variance 0.0010790136632884452 (last 7 data)
DEBUG flower 2021-04-08 14:02:19,200 | numpy_client.py:201 | Not a switch point
INFO flower 2021-04-08 14:02:19,204 | numpy_client.py:205 | Cache is fresh, return FitRes(clock=94)
DEBUG flower 2021-04-08 14:02:27,954 | numpy_client.py:172 | fit, FitIns(clock=95)
DEBUG flower 2021-04-08 14:02:27,954 | numpy_client.py:260 | cached_clock: 74, curr_clock: 95
INFO flower 2021-04-08 14:02:27,955 | numpy_client.py:184 | Cache is stale, return ReadIns
DEBUG flower 2021-04-08 14:02:32,297 | numpy_client.py:228 | read: ReadRes(clock=75)
DEBUG flower 2021-04-08 14:02:32,305 | numpy_client.py:172 | fit, FitIns(clock=95)
DEBUG flower 2021-04-08 14:02:32,305 | numpy_client.py:260 | cached_clock: 75, curr_clock: 95
DEBUG flower 2021-04-08 14:02:33,319 | acc_variance.py:19 | AccuracyVariance: sample variance 0.0010359905016428348 (last 7 data)
DEBUG flower 2021-04-08 14:02:33,319 | numpy_client.py:201 | Not a switch point
INFO flower 2021-04-08 14:02:33,322 | numpy_client.py:205 | Cache is fresh, return FitRes(clock=95)
DEBUG flower 2021-04-08 14:02:41,571 | numpy_client.py:172 | fit, FitIns(clock=96)
DEBUG flower 2021-04-08 14:02:41,572 | numpy_client.py:260 | cached_clock: 75, curr_clock: 96
INFO flower 2021-04-08 14:02:41,572 | numpy_client.py:184 | Cache is stale, return ReadIns
DEBUG flower 2021-04-08 14:02:46,013 | numpy_client.py:228 | read: ReadRes(clock=76)
DEBUG flower 2021-04-08 14:02:46,020 | numpy_client.py:172 | fit, FitIns(clock=96)
DEBUG flower 2021-04-08 14:02:46,020 | numpy_client.py:260 | cached_clock: 76, curr_clock: 96
DEBUG flower 2021-04-08 14:02:47,042 | acc_variance.py:19 | AccuracyVariance: sample variance 0.0017308687930954701 (last 7 data)
DEBUG flower 2021-04-08 14:02:47,042 | numpy_client.py:201 | Not a switch point
INFO flower 2021-04-08 14:02:47,045 | numpy_client.py:205 | Cache is fresh, return FitRes(clock=96)
DEBUG flower 2021-04-08 14:02:54,910 | numpy_client.py:172 | fit, FitIns(clock=97)
DEBUG flower 2021-04-08 14:02:54,910 | numpy_client.py:260 | cached_clock: 76, curr_clock: 97
INFO flower 2021-04-08 14:02:54,911 | numpy_client.py:184 | Cache is stale, return ReadIns
DEBUG flower 2021-04-08 14:02:59,497 | numpy_client.py:228 | read: ReadRes(clock=77)
DEBUG flower 2021-04-08 14:02:59,504 | numpy_client.py:172 | fit, FitIns(clock=97)
DEBUG flower 2021-04-08 14:02:59,504 | numpy_client.py:260 | cached_clock: 77, curr_clock: 97
DEBUG flower 2021-04-08 14:03:00,521 | acc_variance.py:19 | AccuracyVariance: sample variance 0.002072523312045908 (last 7 data)
DEBUG flower 2021-04-08 14:03:00,522 | numpy_client.py:201 | Not a switch point
INFO flower 2021-04-08 14:03:00,525 | numpy_client.py:205 | Cache is fresh, return FitRes(clock=97)
DEBUG flower 2021-04-08 14:03:09,668 | numpy_client.py:172 | fit, FitIns(clock=98)
DEBUG flower 2021-04-08 14:03:09,668 | numpy_client.py:260 | cached_clock: 77, curr_clock: 98
INFO flower 2021-04-08 14:03:09,668 | numpy_client.py:184 | Cache is stale, return ReadIns
DEBUG flower 2021-04-08 14:03:14,096 | numpy_client.py:228 | read: ReadRes(clock=78)
DEBUG flower 2021-04-08 14:03:14,103 | numpy_client.py:172 | fit, FitIns(clock=98)
DEBUG flower 2021-04-08 14:03:14,103 | numpy_client.py:260 | cached_clock: 78, curr_clock: 98
DEBUG flower 2021-04-08 14:03:15,223 | acc_variance.py:19 | AccuracyVariance: sample variance 0.0021859562277291877 (last 7 data)
DEBUG flower 2021-04-08 14:03:15,223 | numpy_client.py:201 | Not a switch point
INFO flower 2021-04-08 14:03:15,227 | numpy_client.py:205 | Cache is fresh, return FitRes(clock=98)
DEBUG flower 2021-04-08 14:03:22,932 | numpy_client.py:172 | fit, FitIns(clock=99)
DEBUG flower 2021-04-08 14:03:22,933 | numpy_client.py:260 | cached_clock: 78, curr_clock: 99
INFO flower 2021-04-08 14:03:22,933 | numpy_client.py:184 | Cache is stale, return ReadIns
DEBUG flower 2021-04-08 14:03:27,349 | numpy_client.py:228 | read: ReadRes(clock=79)
DEBUG flower 2021-04-08 14:03:27,356 | numpy_client.py:172 | fit, FitIns(clock=99)
DEBUG flower 2021-04-08 14:03:27,356 | numpy_client.py:260 | cached_clock: 79, curr_clock: 99
DEBUG flower 2021-04-08 14:03:28,520 | acc_variance.py:19 | AccuracyVariance: sample variance 0.0021372388241010687 (last 7 data)
DEBUG flower 2021-04-08 14:03:28,521 | numpy_client.py:201 | Not a switch point
INFO flower 2021-04-08 14:03:28,524 | numpy_client.py:205 | Cache is fresh, return FitRes(clock=99)
DEBUG flower 2021-04-08 14:03:28,524 | numpy_client.py:217 | The client finishes computing after 1086 seconds
INFO flower 2021-04-08 14:08:14,934 | numpy_client.py:250 | [32;1m Loss: 28.319, Accuracy: 57.990%[0m
DEBUG flower 2021-04-08 14:08:15,917 | connection.py:68 | Insecure gRPC channel closed
INFO flower 2021-04-08 14:08:15,917 | app.py:74 | Disconnect and shut down
Namespace(idx=28, max_delay=0, min_delay=0, num_clients=31, server_ip='10.244.37.27:8080', staleness_bound=2000)
I'm client 28
Start SSP client without delay
Files already downloaded and verified
Files already downloaded and verified
[32;1mClient 28: 667 train samples, 388 test samples[0m
loss=48.12590003013611, acc=0.19791666666666666
feed:  0.19791666666666666
loss=48.24531626701355, acc=0.19791666666666666
feed:  0.19791666666666666
loss=47.91726994514465, acc=0.19791666666666666
feed:  0.19791666666666666
loss=47.60306096076965, acc=0.19791666666666666
feed:  0.19791666666666666
loss=47.298587799072266, acc=0.19791666666666666
feed:  0.19791666666666666
loss=47.000285625457764, acc=0.19791666666666666
feed:  0.19791666666666666
loss=46.70452046394348, acc=0.19791666666666666
feed:  0.19791666666666666
loss=46.406970500946045, acc=0.19791666666666666
feed:  0.19791666666666666
loss=46.10299849510193, acc=0.19791666666666666
feed:  0.19791666666666666
loss=45.78643751144409, acc=0.19791666666666666
feed:  0.19791666666666666
loss=45.45069169998169, acc=0.19791666666666666
feed:  0.19791666666666666
loss=45.087440490722656, acc=0.19791666666666666
feed:  0.19791666666666666
loss=44.680980920791626, acc=0.19791666666666666
feed:  0.19791666666666666
loss=44.20753598213196, acc=0.19791666666666666
feed:  0.19791666666666666
loss=43.631974935531616, acc=0.19791666666666666
feed:  0.19791666666666666
loss=42.90706717967987, acc=0.19940476190476192
feed:  0.19940476190476192
loss=41.98724555969238, acc=0.23660714285714285
feed:  0.23660714285714285
loss=40.87285816669464, acc=0.26785714285714285
feed:  0.26785714285714285
loss=39.708128809928894, acc=0.22470238095238096
feed:  0.22470238095238096
loss=38.73879027366638, acc=0.20982142857142858
feed:  0.20982142857142858
loss=55.55383014678955, acc=0.23214285714285715
feed:  0.23214285714285715
loss=47.05292797088623, acc=0.24107142857142858
feed:  0.24107142857142858
loss=45.3687047958374, acc=0.19642857142857142
feed:  0.19642857142857142
loss=43.532938718795776, acc=0.19791666666666666
feed:  0.19791666666666666
loss=58.099945068359375, acc=0.22470238095238096
feed:  0.22470238095238096
loss=44.30880570411682, acc=0.3244047619047619
feed:  0.3244047619047619
loss=67.08583903312683, acc=0.22023809523809523
feed:  0.22023809523809523
loss=66.38399076461792, acc=0.20982142857142858
feed:  0.20982142857142858
loss=66.91493105888367, acc=0.26339285714285715
feed:  0.26339285714285715
loss=53.55025899410248, acc=0.27380952380952384
feed:  0.27380952380952384
loss=41.96853220462799, acc=0.37797619047619047
feed:  0.37797619047619047
loss=64.93059086799622, acc=0.19642857142857142
feed:  0.19642857142857142
loss=38.98309850692749, acc=0.34226190476190477
feed:  0.34226190476190477
loss=64.5222761631012, acc=0.1875
feed:  0.1875
loss=65.62228214740753, acc=0.25892857142857145
feed:  0.25892857142857145
loss=55.14215707778931, acc=0.27380952380952384
feed:  0.27380952380952384
loss=53.17208242416382, acc=0.2857142857142857
feed:  0.2857142857142857
loss=65.44825780391693, acc=0.26339285714285715
feed:  0.26339285714285715
loss=66.46442198753357, acc=0.18601190476190477
feed:  0.18601190476190477
loss=75.70417213439941, acc=0.07738095238095238
feed:  0.07738095238095238
loss=50.64695191383362, acc=0.32142857142857145
feed:  0.32142857142857145
loss=65.21397745609283, acc=0.2648809523809524
feed:  0.2648809523809524
loss=70.71514439582825, acc=0.24404761904761904
feed:  0.24404761904761904
loss=75.5893542766571, acc=0.08630952380952381
feed:  0.08630952380952381
loss=49.39177691936493, acc=0.35119047619047616
feed:  0.35119047619047616
loss=56.84870767593384, acc=0.27380952380952384
feed:  0.27380952380952384
loss=64.86634969711304, acc=0.2261904761904762
feed:  0.2261904761904762
loss=75.4085750579834, acc=0.09226190476190477
feed:  0.09226190476190477
loss=53.86212921142578, acc=0.28869047619047616
feed:  0.28869047619047616
loss=53.75051999092102, acc=0.29910714285714285
feed:  0.29910714285714285
loss=56.211371064186096, acc=0.28125
feed:  0.28125
loss=75.61071634292603, acc=0.09672619047619048
feed:  0.09672619047619048
loss=53.8977335691452, acc=0.19940476190476192
feed:  0.19940476190476192
loss=75.53569602966309, acc=0.09672619047619048
feed:  0.09672619047619048
loss=75.47735166549683, acc=0.10119047619047619
feed:  0.10119047619047619
loss=60.697274565696716, acc=0.2931547619047619
feed:  0.2931547619047619
loss=60.90904259681702, acc=0.29464285714285715
feed:  0.29464285714285715
loss=59.78671753406525, acc=0.28869047619047616
feed:  0.28869047619047616
loss=61.34842586517334, acc=0.29017857142857145
feed:  0.29017857142857145
loss=61.50255870819092, acc=0.29464285714285715
feed:  0.29464285714285715
loss=71.57233691215515, acc=0.1324404761904762
feed:  0.1324404761904762
loss=54.834797620773315, acc=0.2693452380952381
feed:  0.2693452380952381
loss=69.22364401817322, acc=0.27232142857142855
feed:  0.27232142857142855
loss=54.730446100234985, acc=0.2604166666666667
feed:  0.2604166666666667
loss=59.53825283050537, acc=0.27232142857142855
feed:  0.27232142857142855
loss=71.32939219474792, acc=0.16815476190476192
feed:  0.16815476190476192
loss=54.50287961959839, acc=0.25595238095238093
feed:  0.25595238095238093
loss=71.09666430950165, acc=0.17113095238095238
feed:  0.17113095238095238
loss=54.46393084526062, acc=0.25744047619047616
feed:  0.25744047619047616
loss=54.78631353378296, acc=0.24702380952380953
feed:  0.24702380952380953
loss=63.244280219078064, acc=0.2857142857142857
feed:  0.2857142857142857
loss=70.60624647140503, acc=0.14732142857142858
feed:  0.14732142857142858
loss=64.53734982013702, acc=0.28273809523809523
feed:  0.28273809523809523
loss=58.937800884246826, acc=0.30505952380952384
feed:  0.30505952380952384
loss=65.81952679157257, acc=0.28869047619047616
feed:  0.28869047619047616
loss=66.12265658378601, acc=0.29017857142857145
feed:  0.29017857142857145
loss=58.887946367263794, acc=0.30952380952380953
feed:  0.30952380952380953
loss=60.23915493488312, acc=0.20386904761904762
feed:  0.20386904761904762
loss=67.81227970123291, acc=0.28273809523809523
feed:  0.28273809523809523
loss=62.76995229721069, acc=0.19940476190476192
feed:  0.19940476190476192
loss=69.39462053775787, acc=0.27976190476190477
feed:  0.27976190476190477
loss=57.47969317436218, acc=0.3020833333333333
feed:  0.3020833333333333
loss=59.74197721481323, acc=0.22023809523809523
feed:  0.22023809523809523
loss=72.23925113677979, acc=0.2708333333333333
feed:  0.2708333333333333
loss=63.692639112472534, acc=0.19791666666666666
feed:  0.19791666666666666
loss=67.00261962413788, acc=0.19196428571428573
feed:  0.19196428571428573
loss=45.33145308494568, acc=0.31101190476190477
feed:  0.31101190476190477
loss=59.38758957386017, acc=0.16815476190476192
feed:  0.16815476190476192
loss=63.40378701686859, acc=0.17857142857142858
feed:  0.17857142857142858
loss=65.44750320911407, acc=0.18452380952380953
feed:  0.18452380952380953
loss=66.3452707529068, acc=0.18601190476190477
feed:  0.18601190476190477
loss=71.17583632469177, acc=0.27380952380952384
feed:  0.27380952380952384
loss=62.930440068244934, acc=0.17410714285714285
feed:  0.17410714285714285
loss=67.98713099956512, acc=0.17410714285714285
feed:  0.17410714285714285
loss=69.75235855579376, acc=0.19196428571428573
feed:  0.19196428571428573
loss=70.79809176921844, acc=0.19940476190476192
feed:  0.19940476190476192
loss=54.01289510726929, acc=0.2767857142857143
feed:  0.2767857142857143
loss=55.587833404541016, acc=0.27529761904761907
feed:  0.27529761904761907
loss=57.83220815658569, acc=0.28125
feed:  0.28125
loss=59.83704686164856, acc=0.28869047619047616
feed:  0.28869047619047616
Files already downloaded and verified
Files already downloaded and verified
Testing on full test set: 313, 1497.4904010295868, 0.3377
Testing on partial test set: 13, 28.318747520446777, 0.5798969072164949
