DEBUG flower 2021-04-08 13:45:15,994 | connection.py:36 | ChannelConnectivity.IDLE
INFO flower 2021-04-08 13:45:15,995 | app.py:63 | Opened (insecure) gRPC connection
DEBUG flower 2021-04-08 13:45:15,995 | connection.py:36 | ChannelConnectivity.READY
DEBUG flower 2021-04-08 13:45:21,524 | numpy_client.py:172 | fit, FitIns(clock=0)
INFO flower 2021-04-08 13:45:21,525 | numpy_client.py:184 | Cache is stale, return ReadIns
DEBUG flower 2021-04-08 13:45:21,745 | numpy_client.py:228 | read: ReadRes(clock=-1)
DEBUG flower 2021-04-08 13:45:21,761 | numpy_client.py:172 | fit, FitIns(clock=0)
DEBUG flower 2021-04-08 13:45:21,761 | numpy_client.py:260 | cached_clock: -1, curr_clock: 0
DEBUG flower 2021-04-08 13:45:26,876 | model_wrapper.py:21 | Load existing initial model
DEBUG flower 2021-04-08 13:45:26,877 | numpy_client.py:201 | Not a switch point
INFO flower 2021-04-08 13:45:26,880 | numpy_client.py:205 | Cache is fresh, return FitRes(clock=0)
DEBUG flower 2021-04-08 13:45:35,787 | numpy_client.py:172 | fit, FitIns(clock=1)
DEBUG flower 2021-04-08 13:45:35,788 | numpy_client.py:260 | cached_clock: -1, curr_clock: 1
DEBUG flower 2021-04-08 13:45:40,499 | numpy_client.py:201 | Not a switch point
INFO flower 2021-04-08 13:45:40,503 | numpy_client.py:205 | Cache is fresh, return FitRes(clock=1)
DEBUG flower 2021-04-08 13:45:49,507 | numpy_client.py:172 | fit, FitIns(clock=2)
DEBUG flower 2021-04-08 13:45:49,507 | numpy_client.py:260 | cached_clock: -1, curr_clock: 2
DEBUG flower 2021-04-08 13:45:54,583 | numpy_client.py:201 | Not a switch point
INFO flower 2021-04-08 13:45:54,586 | numpy_client.py:205 | Cache is fresh, return FitRes(clock=2)
DEBUG flower 2021-04-08 13:46:03,318 | numpy_client.py:172 | fit, FitIns(clock=3)
DEBUG flower 2021-04-08 13:46:03,318 | numpy_client.py:260 | cached_clock: -1, curr_clock: 3
DEBUG flower 2021-04-08 13:46:08,369 | numpy_client.py:201 | Not a switch point
INFO flower 2021-04-08 13:46:08,372 | numpy_client.py:205 | Cache is fresh, return FitRes(clock=3)
DEBUG flower 2021-04-08 13:46:16,982 | numpy_client.py:172 | fit, FitIns(clock=4)
DEBUG flower 2021-04-08 13:46:16,982 | numpy_client.py:260 | cached_clock: -1, curr_clock: 4
DEBUG flower 2021-04-08 13:46:21,371 | numpy_client.py:201 | Not a switch point
INFO flower 2021-04-08 13:46:21,376 | numpy_client.py:205 | Cache is fresh, return FitRes(clock=4)
DEBUG flower 2021-04-08 13:46:29,634 | numpy_client.py:172 | fit, FitIns(clock=5)
DEBUG flower 2021-04-08 13:46:29,634 | numpy_client.py:260 | cached_clock: -1, curr_clock: 5
DEBUG flower 2021-04-08 13:46:33,974 | numpy_client.py:201 | Not a switch point
INFO flower 2021-04-08 13:46:33,977 | numpy_client.py:205 | Cache is fresh, return FitRes(clock=5)
DEBUG flower 2021-04-08 13:46:43,192 | numpy_client.py:172 | fit, FitIns(clock=6)
DEBUG flower 2021-04-08 13:46:43,192 | numpy_client.py:260 | cached_clock: -1, curr_clock: 6
DEBUG flower 2021-04-08 13:46:47,870 | acc_variance.py:19 | AccuracyVariance: sample variance 0.006098770390509144 (last 7 data)
DEBUG flower 2021-04-08 13:46:47,871 | numpy_client.py:201 | Not a switch point
INFO flower 2021-04-08 13:46:47,874 | numpy_client.py:205 | Cache is fresh, return FitRes(clock=6)
DEBUG flower 2021-04-08 13:46:56,493 | numpy_client.py:172 | fit, FitIns(clock=7)
DEBUG flower 2021-04-08 13:46:56,494 | numpy_client.py:260 | cached_clock: -1, curr_clock: 7
DEBUG flower 2021-04-08 13:47:01,168 | acc_variance.py:19 | AccuracyVariance: sample variance 0.00949675826212838 (last 7 data)
DEBUG flower 2021-04-08 13:47:01,168 | numpy_client.py:201 | Not a switch point
INFO flower 2021-04-08 13:47:01,173 | numpy_client.py:205 | Cache is fresh, return FitRes(clock=7)
DEBUG flower 2021-04-08 13:47:09,939 | numpy_client.py:172 | fit, FitIns(clock=8)
DEBUG flower 2021-04-08 13:47:09,939 | numpy_client.py:260 | cached_clock: -1, curr_clock: 8
DEBUG flower 2021-04-08 13:47:14,369 | acc_variance.py:19 | AccuracyVariance: sample variance 0.005457887198997246 (last 7 data)
DEBUG flower 2021-04-08 13:47:14,369 | numpy_client.py:201 | Not a switch point
INFO flower 2021-04-08 13:47:14,373 | numpy_client.py:205 | Cache is fresh, return FitRes(clock=8)
DEBUG flower 2021-04-08 13:47:23,117 | numpy_client.py:172 | fit, FitIns(clock=9)
DEBUG flower 2021-04-08 13:47:23,117 | numpy_client.py:260 | cached_clock: -1, curr_clock: 9
DEBUG flower 2021-04-08 13:47:27,390 | acc_variance.py:19 | AccuracyVariance: sample variance 0.00736523837476167 (last 7 data)
DEBUG flower 2021-04-08 13:47:27,391 | numpy_client.py:201 | Not a switch point
INFO flower 2021-04-08 13:47:27,394 | numpy_client.py:205 | Cache is fresh, return FitRes(clock=9)
DEBUG flower 2021-04-08 13:47:36,219 | numpy_client.py:172 | fit, FitIns(clock=10)
DEBUG flower 2021-04-08 13:47:36,219 | numpy_client.py:260 | cached_clock: -1, curr_clock: 10
DEBUG flower 2021-04-08 13:47:40,568 | acc_variance.py:19 | AccuracyVariance: sample variance 0.007872088173504696 (last 7 data)
DEBUG flower 2021-04-08 13:47:40,569 | numpy_client.py:201 | Not a switch point
INFO flower 2021-04-08 13:47:40,572 | numpy_client.py:205 | Cache is fresh, return FitRes(clock=10)
DEBUG flower 2021-04-08 13:47:49,414 | numpy_client.py:172 | fit, FitIns(clock=11)
DEBUG flower 2021-04-08 13:47:49,414 | numpy_client.py:260 | cached_clock: -1, curr_clock: 11
DEBUG flower 2021-04-08 13:47:54,263 | acc_variance.py:19 | AccuracyVariance: sample variance 0.006374417414024433 (last 7 data)
DEBUG flower 2021-04-08 13:47:54,264 | numpy_client.py:201 | Not a switch point
INFO flower 2021-04-08 13:47:54,267 | numpy_client.py:205 | Cache is fresh, return FitRes(clock=11)
DEBUG flower 2021-04-08 13:48:03,218 | numpy_client.py:172 | fit, FitIns(clock=12)
DEBUG flower 2021-04-08 13:48:03,219 | numpy_client.py:260 | cached_clock: -1, curr_clock: 12
DEBUG flower 2021-04-08 13:48:07,575 | acc_variance.py:19 | AccuracyVariance: sample variance 0.0032217390632723686 (last 7 data)
DEBUG flower 2021-04-08 13:48:07,575 | numpy_client.py:201 | Not a switch point
INFO flower 2021-04-08 13:48:07,579 | numpy_client.py:205 | Cache is fresh, return FitRes(clock=12)
DEBUG flower 2021-04-08 13:48:16,336 | numpy_client.py:172 | fit, FitIns(clock=13)
DEBUG flower 2021-04-08 13:48:16,337 | numpy_client.py:260 | cached_clock: -1, curr_clock: 13
DEBUG flower 2021-04-08 13:48:20,667 | acc_variance.py:19 | AccuracyVariance: sample variance 0.0016525084298425255 (last 7 data)
DEBUG flower 2021-04-08 13:48:20,668 | numpy_client.py:201 | Not a switch point
INFO flower 2021-04-08 13:48:20,672 | numpy_client.py:205 | Cache is fresh, return FitRes(clock=13)
DEBUG flower 2021-04-08 13:48:29,484 | numpy_client.py:172 | fit, FitIns(clock=14)
DEBUG flower 2021-04-08 13:48:29,484 | numpy_client.py:260 | cached_clock: -1, curr_clock: 14
DEBUG flower 2021-04-08 13:48:33,867 | acc_variance.py:19 | AccuracyVariance: sample variance 0.001214195236918297 (last 7 data)
DEBUG flower 2021-04-08 13:48:33,868 | numpy_client.py:201 | Not a switch point
INFO flower 2021-04-08 13:48:33,872 | numpy_client.py:205 | Cache is fresh, return FitRes(clock=14)
DEBUG flower 2021-04-08 13:48:42,720 | numpy_client.py:172 | fit, FitIns(clock=15)
DEBUG flower 2021-04-08 13:48:42,720 | numpy_client.py:260 | cached_clock: -1, curr_clock: 15
DEBUG flower 2021-04-08 13:48:47,375 | acc_variance.py:19 | AccuracyVariance: sample variance 0.000809419355977685 (last 7 data)
DEBUG flower 2021-04-08 13:48:47,376 | numpy_client.py:201 | Not a switch point
INFO flower 2021-04-08 13:48:47,379 | numpy_client.py:205 | Cache is fresh, return FitRes(clock=15)
DEBUG flower 2021-04-08 13:48:56,825 | numpy_client.py:172 | fit, FitIns(clock=16)
DEBUG flower 2021-04-08 13:48:56,825 | numpy_client.py:260 | cached_clock: -1, curr_clock: 16
DEBUG flower 2021-04-08 13:49:01,778 | acc_variance.py:19 | AccuracyVariance: sample variance 0.0006742549961160931 (last 7 data)
DEBUG flower 2021-04-08 13:49:01,779 | numpy_client.py:201 | Not a switch point
INFO flower 2021-04-08 13:49:01,782 | numpy_client.py:205 | Cache is fresh, return FitRes(clock=16)
DEBUG flower 2021-04-08 13:49:12,095 | numpy_client.py:172 | fit, FitIns(clock=17)
DEBUG flower 2021-04-08 13:49:12,095 | numpy_client.py:260 | cached_clock: -1, curr_clock: 17
DEBUG flower 2021-04-08 13:49:16,580 | acc_variance.py:19 | AccuracyVariance: sample variance 0.0005630340371442688 (last 7 data)
DEBUG flower 2021-04-08 13:49:16,580 | numpy_client.py:201 | Not a switch point
INFO flower 2021-04-08 13:49:16,584 | numpy_client.py:205 | Cache is fresh, return FitRes(clock=17)
DEBUG flower 2021-04-08 13:49:25,503 | numpy_client.py:172 | fit, FitIns(clock=18)
DEBUG flower 2021-04-08 13:49:25,504 | numpy_client.py:260 | cached_clock: -1, curr_clock: 18
DEBUG flower 2021-04-08 13:49:29,883 | acc_variance.py:19 | AccuracyVariance: sample variance 0.00041672551373490515 (last 7 data)
DEBUG flower 2021-04-08 13:49:29,884 | numpy_client.py:201 | Not a switch point
INFO flower 2021-04-08 13:49:29,887 | numpy_client.py:205 | Cache is fresh, return FitRes(clock=18)
DEBUG flower 2021-04-08 13:49:38,592 | numpy_client.py:172 | fit, FitIns(clock=19)
DEBUG flower 2021-04-08 13:49:38,592 | numpy_client.py:260 | cached_clock: -1, curr_clock: 19
DEBUG flower 2021-04-08 13:49:43,208 | acc_variance.py:19 | AccuracyVariance: sample variance 0.0003406472883270953 (last 7 data)
DEBUG flower 2021-04-08 13:49:43,208 | numpy_client.py:201 | Not a switch point
INFO flower 2021-04-08 13:49:43,264 | numpy_client.py:205 | Cache is fresh, return FitRes(clock=19)
DEBUG flower 2021-04-08 13:49:52,114 | numpy_client.py:172 | fit, FitIns(clock=20)
DEBUG flower 2021-04-08 13:49:52,114 | numpy_client.py:260 | cached_clock: -1, curr_clock: 20
DEBUG flower 2021-04-08 13:49:56,975 | acc_variance.py:19 | AccuracyVariance: sample variance 0.0002910171421509781 (last 7 data)
DEBUG flower 2021-04-08 13:49:56,975 | numpy_client.py:201 | Not a switch point
INFO flower 2021-04-08 13:49:56,979 | numpy_client.py:205 | Cache is fresh, return FitRes(clock=20)
DEBUG flower 2021-04-08 13:50:06,118 | numpy_client.py:172 | fit, FitIns(clock=21)
DEBUG flower 2021-04-08 13:50:06,118 | numpy_client.py:260 | cached_clock: -1, curr_clock: 21
DEBUG flower 2021-04-08 13:50:10,699 | acc_variance.py:19 | AccuracyVariance: sample variance 0.00027990056316644347 (last 7 data)
DEBUG flower 2021-04-08 13:50:10,699 | numpy_client.py:201 | Not a switch point
INFO flower 2021-04-08 13:50:10,765 | numpy_client.py:205 | Cache is fresh, return FitRes(clock=21)
DEBUG flower 2021-04-08 13:50:19,301 | numpy_client.py:172 | fit, FitIns(clock=22)
DEBUG flower 2021-04-08 13:50:19,302 | numpy_client.py:260 | cached_clock: -1, curr_clock: 22
DEBUG flower 2021-04-08 13:50:23,794 | acc_variance.py:19 | AccuracyVariance: sample variance 0.00026586553739142786 (last 7 data)
DEBUG flower 2021-04-08 13:50:23,795 | numpy_client.py:201 | Not a switch point
INFO flower 2021-04-08 13:50:23,798 | numpy_client.py:205 | Cache is fresh, return FitRes(clock=22)
DEBUG flower 2021-04-08 13:50:32,432 | numpy_client.py:172 | fit, FitIns(clock=23)
DEBUG flower 2021-04-08 13:50:32,432 | numpy_client.py:260 | cached_clock: -1, curr_clock: 23
DEBUG flower 2021-04-08 13:50:36,768 | acc_variance.py:19 | AccuracyVariance: sample variance 0.0002322675393686892 (last 7 data)
DEBUG flower 2021-04-08 13:50:36,768 | numpy_client.py:201 | Not a switch point
INFO flower 2021-04-08 13:50:36,771 | numpy_client.py:205 | Cache is fresh, return FitRes(clock=23)
DEBUG flower 2021-04-08 13:50:45,633 | numpy_client.py:172 | fit, FitIns(clock=24)
DEBUG flower 2021-04-08 13:50:45,633 | numpy_client.py:260 | cached_clock: -1, curr_clock: 24
DEBUG flower 2021-04-08 13:50:50,293 | acc_variance.py:19 | AccuracyVariance: sample variance 0.00019936467233952398 (last 7 data)
DEBUG flower 2021-04-08 13:50:50,294 | numpy_client.py:201 | Not a switch point
INFO flower 2021-04-08 13:50:50,297 | numpy_client.py:205 | Cache is fresh, return FitRes(clock=24)
DEBUG flower 2021-04-08 13:50:59,401 | numpy_client.py:172 | fit, FitIns(clock=25)
DEBUG flower 2021-04-08 13:50:59,401 | numpy_client.py:260 | cached_clock: -1, curr_clock: 25
DEBUG flower 2021-04-08 13:51:04,376 | acc_variance.py:19 | AccuracyVariance: sample variance 0.0001865157827837015 (last 7 data)
DEBUG flower 2021-04-08 13:51:04,376 | numpy_client.py:201 | Not a switch point
INFO flower 2021-04-08 13:51:04,380 | numpy_client.py:205 | Cache is fresh, return FitRes(clock=25)
DEBUG flower 2021-04-08 13:51:13,906 | numpy_client.py:172 | fit, FitIns(clock=26)
DEBUG flower 2021-04-08 13:51:13,906 | numpy_client.py:260 | cached_clock: -1, curr_clock: 26
DEBUG flower 2021-04-08 13:51:18,378 | acc_variance.py:19 | AccuracyVariance: sample variance 0.00017817421086081488 (last 7 data)
DEBUG flower 2021-04-08 13:51:18,378 | numpy_client.py:201 | Not a switch point
INFO flower 2021-04-08 13:51:18,382 | numpy_client.py:205 | Cache is fresh, return FitRes(clock=26)
DEBUG flower 2021-04-08 13:51:27,019 | numpy_client.py:172 | fit, FitIns(clock=27)
DEBUG flower 2021-04-08 13:51:27,020 | numpy_client.py:260 | cached_clock: -1, curr_clock: 27
DEBUG flower 2021-04-08 13:51:31,670 | acc_variance.py:19 | AccuracyVariance: sample variance 0.00018413247652001953 (last 7 data)
DEBUG flower 2021-04-08 13:51:31,670 | numpy_client.py:201 | Not a switch point
INFO flower 2021-04-08 13:51:31,673 | numpy_client.py:205 | Cache is fresh, return FitRes(clock=27)
DEBUG flower 2021-04-08 13:51:41,233 | numpy_client.py:172 | fit, FitIns(clock=28)
DEBUG flower 2021-04-08 13:51:41,234 | numpy_client.py:260 | cached_clock: -1, curr_clock: 28
DEBUG flower 2021-04-08 13:51:45,568 | acc_variance.py:19 | AccuracyVariance: sample variance 0.000213322461337476 (last 7 data)
DEBUG flower 2021-04-08 13:51:45,569 | numpy_client.py:201 | Not a switch point
INFO flower 2021-04-08 13:51:45,573 | numpy_client.py:205 | Cache is fresh, return FitRes(clock=28)
DEBUG flower 2021-04-08 13:51:54,014 | numpy_client.py:172 | fit, FitIns(clock=29)
DEBUG flower 2021-04-08 13:51:54,014 | numpy_client.py:260 | cached_clock: -1, curr_clock: 29
DEBUG flower 2021-04-08 13:51:58,569 | acc_variance.py:19 | AccuracyVariance: sample variance 0.00023919678165383774 (last 7 data)
DEBUG flower 2021-04-08 13:51:58,569 | numpy_client.py:201 | Not a switch point
INFO flower 2021-04-08 13:51:58,573 | numpy_client.py:205 | Cache is fresh, return FitRes(clock=29)
DEBUG flower 2021-04-08 13:52:07,439 | numpy_client.py:172 | fit, FitIns(clock=30)
DEBUG flower 2021-04-08 13:52:07,440 | numpy_client.py:260 | cached_clock: -1, curr_clock: 30
INFO flower 2021-04-08 13:52:07,440 | numpy_client.py:184 | Cache is stale, return ReadIns
DEBUG flower 2021-04-08 13:52:07,490 | numpy_client.py:228 | read: ReadRes(clock=29)
DEBUG flower 2021-04-08 13:52:07,497 | numpy_client.py:172 | fit, FitIns(clock=30)
DEBUG flower 2021-04-08 13:52:07,497 | numpy_client.py:260 | cached_clock: 29, curr_clock: 30
DEBUG flower 2021-04-08 13:52:11,988 | acc_variance.py:19 | AccuracyVariance: sample variance 0.0002856878045335783 (last 7 data)
DEBUG flower 2021-04-08 13:52:11,988 | numpy_client.py:201 | Not a switch point
INFO flower 2021-04-08 13:52:11,991 | numpy_client.py:205 | Cache is fresh, return FitRes(clock=30)
DEBUG flower 2021-04-08 13:52:21,494 | numpy_client.py:172 | fit, FitIns(clock=31)
DEBUG flower 2021-04-08 13:52:21,494 | numpy_client.py:260 | cached_clock: 29, curr_clock: 31
DEBUG flower 2021-04-08 13:52:26,069 | acc_variance.py:19 | AccuracyVariance: sample variance 0.0005551172674952337 (last 7 data)
DEBUG flower 2021-04-08 13:52:26,069 | numpy_client.py:201 | Not a switch point
INFO flower 2021-04-08 13:52:26,073 | numpy_client.py:205 | Cache is fresh, return FitRes(clock=31)
DEBUG flower 2021-04-08 13:52:34,717 | numpy_client.py:172 | fit, FitIns(clock=32)
DEBUG flower 2021-04-08 13:52:34,717 | numpy_client.py:260 | cached_clock: 29, curr_clock: 32
DEBUG flower 2021-04-08 13:52:39,501 | acc_variance.py:19 | AccuracyVariance: sample variance 0.000744634250759127 (last 7 data)
DEBUG flower 2021-04-08 13:52:39,502 | numpy_client.py:201 | Not a switch point
INFO flower 2021-04-08 13:52:39,505 | numpy_client.py:205 | Cache is fresh, return FitRes(clock=32)
DEBUG flower 2021-04-08 13:52:48,481 | numpy_client.py:172 | fit, FitIns(clock=33)
DEBUG flower 2021-04-08 13:52:48,481 | numpy_client.py:260 | cached_clock: 29, curr_clock: 33
DEBUG flower 2021-04-08 13:52:53,566 | acc_variance.py:19 | AccuracyVariance: sample variance 0.000751916575453711 (last 7 data)
DEBUG flower 2021-04-08 13:52:53,567 | numpy_client.py:201 | Not a switch point
INFO flower 2021-04-08 13:52:53,570 | numpy_client.py:205 | Cache is fresh, return FitRes(clock=33)
DEBUG flower 2021-04-08 13:53:02,619 | numpy_client.py:172 | fit, FitIns(clock=34)
DEBUG flower 2021-04-08 13:53:02,619 | numpy_client.py:260 | cached_clock: 29, curr_clock: 34
DEBUG flower 2021-04-08 13:53:07,386 | acc_variance.py:19 | AccuracyVariance: sample variance 0.0007096294400112986 (last 7 data)
DEBUG flower 2021-04-08 13:53:07,387 | numpy_client.py:201 | Not a switch point
INFO flower 2021-04-08 13:53:07,390 | numpy_client.py:205 | Cache is fresh, return FitRes(clock=34)
DEBUG flower 2021-04-08 13:53:16,601 | numpy_client.py:172 | fit, FitIns(clock=35)
DEBUG flower 2021-04-08 13:53:16,601 | numpy_client.py:260 | cached_clock: 29, curr_clock: 35
DEBUG flower 2021-04-08 13:53:21,275 | acc_variance.py:19 | AccuracyVariance: sample variance 0.0005697757043994072 (last 7 data)
DEBUG flower 2021-04-08 13:53:21,276 | numpy_client.py:201 | Not a switch point
INFO flower 2021-04-08 13:53:21,279 | numpy_client.py:205 | Cache is fresh, return FitRes(clock=35)
DEBUG flower 2021-04-08 13:53:30,199 | numpy_client.py:172 | fit, FitIns(clock=36)
DEBUG flower 2021-04-08 13:53:30,199 | numpy_client.py:260 | cached_clock: 29, curr_clock: 36
DEBUG flower 2021-04-08 13:53:34,693 | acc_variance.py:19 | AccuracyVariance: sample variance 0.0003525638196455052 (last 7 data)
DEBUG flower 2021-04-08 13:53:34,693 | numpy_client.py:201 | Not a switch point
INFO flower 2021-04-08 13:53:34,696 | numpy_client.py:205 | Cache is fresh, return FitRes(clock=36)
DEBUG flower 2021-04-08 13:53:43,936 | numpy_client.py:172 | fit, FitIns(clock=37)
DEBUG flower 2021-04-08 13:53:43,936 | numpy_client.py:260 | cached_clock: 29, curr_clock: 37
DEBUG flower 2021-04-08 13:53:48,388 | acc_variance.py:19 | AccuracyVariance: sample variance 0.0001444658745851282 (last 7 data)
DEBUG flower 2021-04-08 13:53:48,388 | numpy_client.py:201 | Not a switch point
INFO flower 2021-04-08 13:53:48,391 | numpy_client.py:205 | Cache is fresh, return FitRes(clock=37)
DEBUG flower 2021-04-08 13:53:57,591 | numpy_client.py:172 | fit, FitIns(clock=38)
DEBUG flower 2021-04-08 13:53:57,592 | numpy_client.py:260 | cached_clock: 29, curr_clock: 38
DEBUG flower 2021-04-08 13:54:02,278 | acc_variance.py:19 | AccuracyVariance: sample variance 0.0001405599004307606 (last 7 data)
DEBUG flower 2021-04-08 13:54:02,279 | numpy_client.py:201 | Not a switch point
INFO flower 2021-04-08 13:54:02,282 | numpy_client.py:205 | Cache is fresh, return FitRes(clock=38)
DEBUG flower 2021-04-08 13:54:11,635 | numpy_client.py:172 | fit, FitIns(clock=39)
DEBUG flower 2021-04-08 13:54:11,636 | numpy_client.py:260 | cached_clock: 29, curr_clock: 39
DEBUG flower 2021-04-08 13:54:15,866 | acc_variance.py:19 | AccuracyVariance: sample variance 0.00014345627957065168 (last 7 data)
DEBUG flower 2021-04-08 13:54:15,866 | numpy_client.py:201 | Not a switch point
INFO flower 2021-04-08 13:54:15,870 | numpy_client.py:205 | Cache is fresh, return FitRes(clock=39)
DEBUG flower 2021-04-08 13:54:25,526 | numpy_client.py:172 | fit, FitIns(clock=40)
DEBUG flower 2021-04-08 13:54:25,527 | numpy_client.py:260 | cached_clock: 29, curr_clock: 40
DEBUG flower 2021-04-08 13:54:29,991 | acc_variance.py:19 | AccuracyVariance: sample variance 0.00012585732822540738 (last 7 data)
DEBUG flower 2021-04-08 13:54:29,992 | numpy_client.py:201 | Not a switch point
INFO flower 2021-04-08 13:54:29,995 | numpy_client.py:205 | Cache is fresh, return FitRes(clock=40)
DEBUG flower 2021-04-08 13:54:39,094 | numpy_client.py:172 | fit, FitIns(clock=41)
DEBUG flower 2021-04-08 13:54:39,094 | numpy_client.py:260 | cached_clock: 29, curr_clock: 41
DEBUG flower 2021-04-08 13:54:43,464 | acc_variance.py:19 | AccuracyVariance: sample variance 0.00012425190664501056 (last 7 data)
DEBUG flower 2021-04-08 13:54:43,465 | numpy_client.py:201 | Not a switch point
INFO flower 2021-04-08 13:54:43,468 | numpy_client.py:205 | Cache is fresh, return FitRes(clock=41)
DEBUG flower 2021-04-08 13:54:52,532 | numpy_client.py:172 | fit, FitIns(clock=42)
DEBUG flower 2021-04-08 13:54:52,533 | numpy_client.py:260 | cached_clock: 29, curr_clock: 42
DEBUG flower 2021-04-08 13:54:57,167 | acc_variance.py:19 | AccuracyVariance: sample variance 0.00010260354141656668 (last 7 data)
DEBUG flower 2021-04-08 13:54:57,167 | numpy_client.py:201 | Not a switch point
INFO flower 2021-04-08 13:54:57,172 | numpy_client.py:205 | Cache is fresh, return FitRes(clock=42)
DEBUG flower 2021-04-08 13:55:06,203 | numpy_client.py:172 | fit, FitIns(clock=43)
DEBUG flower 2021-04-08 13:55:06,203 | numpy_client.py:260 | cached_clock: 29, curr_clock: 43
DEBUG flower 2021-04-08 13:55:10,694 | acc_variance.py:19 | AccuracyVariance: sample variance 9.412956359014219e-05 (last 7 data)
DEBUG flower 2021-04-08 13:55:10,694 | acc_variance.py:23 | AccuracyVariance: should switch
DEBUG flower 2021-04-08 13:55:10,695 | numpy_client.py:199 | Find switch point, staleness_bound -> 29
INFO flower 2021-04-08 13:55:10,698 | numpy_client.py:205 | Cache is fresh, return FitRes(clock=43)
DEBUG flower 2021-04-08 13:55:19,792 | numpy_client.py:172 | fit, FitIns(clock=44)
DEBUG flower 2021-04-08 13:55:19,793 | numpy_client.py:260 | cached_clock: 29, curr_clock: 44
DEBUG flower 2021-04-08 13:55:24,181 | acc_variance.py:19 | AccuracyVariance: sample variance 8.803889202739947e-05 (last 7 data)
DEBUG flower 2021-04-08 13:55:24,181 | acc_variance.py:23 | AccuracyVariance: should switch
DEBUG flower 2021-04-08 13:55:24,181 | numpy_client.py:199 | Find switch point, staleness_bound -> 28
INFO flower 2021-04-08 13:55:24,184 | numpy_client.py:205 | Cache is fresh, return FitRes(clock=44)
DEBUG flower 2021-04-08 13:55:33,483 | numpy_client.py:172 | fit, FitIns(clock=45)
DEBUG flower 2021-04-08 13:55:33,483 | numpy_client.py:260 | cached_clock: 29, curr_clock: 45
DEBUG flower 2021-04-08 13:55:37,963 | acc_variance.py:19 | AccuracyVariance: sample variance 8.386810606595594e-05 (last 7 data)
DEBUG flower 2021-04-08 13:55:37,964 | acc_variance.py:23 | AccuracyVariance: should switch
DEBUG flower 2021-04-08 13:55:37,964 | numpy_client.py:199 | Find switch point, staleness_bound -> 27
INFO flower 2021-04-08 13:55:37,967 | numpy_client.py:205 | Cache is fresh, return FitRes(clock=45)
DEBUG flower 2021-04-08 13:55:47,103 | numpy_client.py:172 | fit, FitIns(clock=46)
DEBUG flower 2021-04-08 13:55:47,104 | numpy_client.py:260 | cached_clock: 29, curr_clock: 46
DEBUG flower 2021-04-08 13:55:51,398 | acc_variance.py:19 | AccuracyVariance: sample variance 7.912356118918142e-05 (last 7 data)
DEBUG flower 2021-04-08 13:55:51,398 | acc_variance.py:23 | AccuracyVariance: should switch
DEBUG flower 2021-04-08 13:55:51,398 | numpy_client.py:199 | Find switch point, staleness_bound -> 26
INFO flower 2021-04-08 13:55:51,402 | numpy_client.py:205 | Cache is fresh, return FitRes(clock=46)
DEBUG flower 2021-04-08 13:56:00,547 | numpy_client.py:172 | fit, FitIns(clock=47)
DEBUG flower 2021-04-08 13:56:00,547 | numpy_client.py:260 | cached_clock: 29, curr_clock: 47
DEBUG flower 2021-04-08 13:56:04,976 | acc_variance.py:19 | AccuracyVariance: sample variance 7.537206058894094e-05 (last 7 data)
DEBUG flower 2021-04-08 13:56:04,977 | acc_variance.py:23 | AccuracyVariance: should switch
DEBUG flower 2021-04-08 13:56:04,977 | numpy_client.py:199 | Find switch point, staleness_bound -> 25
INFO flower 2021-04-08 13:56:04,982 | numpy_client.py:205 | Cache is fresh, return FitRes(clock=47)
DEBUG flower 2021-04-08 13:56:14,330 | numpy_client.py:172 | fit, FitIns(clock=48)
DEBUG flower 2021-04-08 13:56:14,330 | numpy_client.py:260 | cached_clock: 29, curr_clock: 48
DEBUG flower 2021-04-08 13:56:18,974 | acc_variance.py:19 | AccuracyVariance: sample variance 6.24624849939975e-05 (last 7 data)
DEBUG flower 2021-04-08 13:56:18,974 | acc_variance.py:23 | AccuracyVariance: should switch
DEBUG flower 2021-04-08 13:56:18,974 | numpy_client.py:199 | Find switch point, staleness_bound -> 24
INFO flower 2021-04-08 13:56:18,979 | numpy_client.py:205 | Cache is fresh, return FitRes(clock=48)
DEBUG flower 2021-04-08 13:56:27,644 | numpy_client.py:172 | fit, FitIns(clock=49)
DEBUG flower 2021-04-08 13:56:27,644 | numpy_client.py:260 | cached_clock: 29, curr_clock: 49
DEBUG flower 2021-04-08 13:56:31,886 | acc_variance.py:19 | AccuracyVariance: sample variance 6.288728726784848e-05 (last 7 data)
DEBUG flower 2021-04-08 13:56:31,886 | acc_variance.py:23 | AccuracyVariance: should switch
DEBUG flower 2021-04-08 13:56:31,886 | numpy_client.py:199 | Find switch point, staleness_bound -> 23
INFO flower 2021-04-08 13:56:31,889 | numpy_client.py:205 | Cache is fresh, return FitRes(clock=49)
DEBUG flower 2021-04-08 13:56:41,326 | numpy_client.py:172 | fit, FitIns(clock=50)
DEBUG flower 2021-04-08 13:56:41,327 | numpy_client.py:260 | cached_clock: 29, curr_clock: 50
DEBUG flower 2021-04-08 13:56:46,383 | acc_variance.py:19 | AccuracyVariance: sample variance 6.730081738577812e-05 (last 7 data)
DEBUG flower 2021-04-08 13:56:46,383 | acc_variance.py:23 | AccuracyVariance: should switch
DEBUG flower 2021-04-08 13:56:46,383 | numpy_client.py:199 | Find switch point, staleness_bound -> 22
INFO flower 2021-04-08 13:56:46,387 | numpy_client.py:205 | Cache is fresh, return FitRes(clock=50)
DEBUG flower 2021-04-08 13:56:55,635 | numpy_client.py:172 | fit, FitIns(clock=51)
DEBUG flower 2021-04-08 13:56:55,635 | numpy_client.py:260 | cached_clock: 29, curr_clock: 51
DEBUG flower 2021-04-08 13:57:00,479 | acc_variance.py:19 | AccuracyVariance: sample variance 6.813938810818472e-05 (last 7 data)
DEBUG flower 2021-04-08 13:57:00,479 | acc_variance.py:23 | AccuracyVariance: should switch
DEBUG flower 2021-04-08 13:57:00,479 | numpy_client.py:199 | Find switch point, staleness_bound -> 21
INFO flower 2021-04-08 13:57:00,483 | numpy_client.py:205 | Cache is fresh, return FitRes(clock=51)
DEBUG flower 2021-04-08 13:57:09,530 | numpy_client.py:172 | fit, FitIns(clock=52)
DEBUG flower 2021-04-08 13:57:09,530 | numpy_client.py:260 | cached_clock: 29, curr_clock: 52
INFO flower 2021-04-08 13:57:09,530 | numpy_client.py:184 | Cache is stale, return ReadIns
DEBUG flower 2021-04-08 13:57:09,583 | numpy_client.py:228 | read: ReadRes(clock=51)
DEBUG flower 2021-04-08 13:57:09,590 | numpy_client.py:172 | fit, FitIns(clock=52)
DEBUG flower 2021-04-08 13:57:09,590 | numpy_client.py:260 | cached_clock: 51, curr_clock: 52
DEBUG flower 2021-04-08 13:57:14,688 | acc_variance.py:19 | AccuracyVariance: sample variance 0.0008490142380481607 (last 7 data)
DEBUG flower 2021-04-08 13:57:14,689 | numpy_client.py:201 | Not a switch point
INFO flower 2021-04-08 13:57:14,694 | numpy_client.py:205 | Cache is fresh, return FitRes(clock=52)
DEBUG flower 2021-04-08 13:57:23,825 | numpy_client.py:172 | fit, FitIns(clock=53)
DEBUG flower 2021-04-08 13:57:23,825 | numpy_client.py:260 | cached_clock: 51, curr_clock: 53
DEBUG flower 2021-04-08 13:57:28,674 | acc_variance.py:19 | AccuracyVariance: sample variance 0.0009584477173222237 (last 7 data)
DEBUG flower 2021-04-08 13:57:28,675 | numpy_client.py:201 | Not a switch point
INFO flower 2021-04-08 13:57:28,679 | numpy_client.py:205 | Cache is fresh, return FitRes(clock=53)
DEBUG flower 2021-04-08 13:57:38,388 | numpy_client.py:172 | fit, FitIns(clock=54)
DEBUG flower 2021-04-08 13:57:38,388 | numpy_client.py:260 | cached_clock: 51, curr_clock: 54
DEBUG flower 2021-04-08 13:57:43,269 | acc_variance.py:19 | AccuracyVariance: sample variance 0.0009466139396935253 (last 7 data)
DEBUG flower 2021-04-08 13:57:43,269 | numpy_client.py:201 | Not a switch point
INFO flower 2021-04-08 13:57:43,274 | numpy_client.py:205 | Cache is fresh, return FitRes(clock=54)
DEBUG flower 2021-04-08 13:57:52,119 | numpy_client.py:172 | fit, FitIns(clock=55)
DEBUG flower 2021-04-08 13:57:52,119 | numpy_client.py:260 | cached_clock: 51, curr_clock: 55
DEBUG flower 2021-04-08 13:57:56,478 | acc_variance.py:19 | AccuracyVariance: sample variance 0.0009148861750582592 (last 7 data)
DEBUG flower 2021-04-08 13:57:56,478 | numpy_client.py:201 | Not a switch point
INFO flower 2021-04-08 13:57:56,482 | numpy_client.py:205 | Cache is fresh, return FitRes(clock=55)
DEBUG flower 2021-04-08 13:58:05,308 | numpy_client.py:172 | fit, FitIns(clock=56)
DEBUG flower 2021-04-08 13:58:05,309 | numpy_client.py:260 | cached_clock: 51, curr_clock: 56
DEBUG flower 2021-04-08 13:58:09,764 | acc_variance.py:19 | AccuracyVariance: sample variance 0.0009013807728973949 (last 7 data)
DEBUG flower 2021-04-08 13:58:09,765 | numpy_client.py:201 | Not a switch point
INFO flower 2021-04-08 13:58:09,768 | numpy_client.py:205 | Cache is fresh, return FitRes(clock=56)
DEBUG flower 2021-04-08 13:58:19,026 | numpy_client.py:172 | fit, FitIns(clock=57)
DEBUG flower 2021-04-08 13:58:19,026 | numpy_client.py:260 | cached_clock: 51, curr_clock: 57
DEBUG flower 2021-04-08 13:58:23,577 | acc_variance.py:19 | AccuracyVariance: sample variance 0.0008661663194689648 (last 7 data)
DEBUG flower 2021-04-08 13:58:23,577 | numpy_client.py:201 | Not a switch point
INFO flower 2021-04-08 13:58:23,580 | numpy_client.py:205 | Cache is fresh, return FitRes(clock=57)
DEBUG flower 2021-04-08 13:58:32,515 | numpy_client.py:172 | fit, FitIns(clock=58)
DEBUG flower 2021-04-08 13:58:32,516 | numpy_client.py:260 | cached_clock: 51, curr_clock: 58
DEBUG flower 2021-04-08 13:58:37,576 | acc_variance.py:19 | AccuracyVariance: sample variance 0.0008936626121036655 (last 7 data)
DEBUG flower 2021-04-08 13:58:37,576 | numpy_client.py:201 | Not a switch point
INFO flower 2021-04-08 13:58:38,047 | numpy_client.py:205 | Cache is fresh, return FitRes(clock=58)
DEBUG flower 2021-04-08 13:58:47,281 | numpy_client.py:172 | fit, FitIns(clock=59)
DEBUG flower 2021-04-08 13:58:47,281 | numpy_client.py:260 | cached_clock: 51, curr_clock: 59
DEBUG flower 2021-04-08 13:58:52,368 | acc_variance.py:19 | AccuracyVariance: sample variance 0.00041668137843372654 (last 7 data)
DEBUG flower 2021-04-08 13:58:52,369 | numpy_client.py:201 | Not a switch point
INFO flower 2021-04-08 13:58:52,373 | numpy_client.py:205 | Cache is fresh, return FitRes(clock=59)
DEBUG flower 2021-04-08 13:59:01,631 | numpy_client.py:172 | fit, FitIns(clock=60)
DEBUG flower 2021-04-08 13:59:01,632 | numpy_client.py:260 | cached_clock: 51, curr_clock: 60
DEBUG flower 2021-04-08 13:59:06,477 | acc_variance.py:19 | AccuracyVariance: sample variance 0.0003076671845208672 (last 7 data)
DEBUG flower 2021-04-08 13:59:06,478 | numpy_client.py:201 | Not a switch point
INFO flower 2021-04-08 13:59:06,481 | numpy_client.py:205 | Cache is fresh, return FitRes(clock=60)
DEBUG flower 2021-04-08 13:59:15,789 | numpy_client.py:172 | fit, FitIns(clock=61)
DEBUG flower 2021-04-08 13:59:15,789 | numpy_client.py:260 | cached_clock: 51, curr_clock: 61
DEBUG flower 2021-04-08 13:59:20,682 | acc_variance.py:19 | AccuracyVariance: sample variance 0.00028606295459360226 (last 7 data)
DEBUG flower 2021-04-08 13:59:20,683 | numpy_client.py:201 | Not a switch point
INFO flower 2021-04-08 13:59:20,686 | numpy_client.py:205 | Cache is fresh, return FitRes(clock=61)
DEBUG flower 2021-04-08 13:59:30,139 | numpy_client.py:172 | fit, FitIns(clock=62)
DEBUG flower 2021-04-08 13:59:30,139 | numpy_client.py:260 | cached_clock: 51, curr_clock: 62
DEBUG flower 2021-04-08 13:59:34,477 | acc_variance.py:19 | AccuracyVariance: sample variance 0.00029262808064402186 (last 7 data)
DEBUG flower 2021-04-08 13:59:34,477 | numpy_client.py:201 | Not a switch point
INFO flower 2021-04-08 13:59:34,480 | numpy_client.py:205 | Cache is fresh, return FitRes(clock=62)
DEBUG flower 2021-04-08 13:59:43,693 | numpy_client.py:172 | fit, FitIns(clock=63)
DEBUG flower 2021-04-08 13:59:43,693 | numpy_client.py:260 | cached_clock: 51, curr_clock: 63
DEBUG flower 2021-04-08 13:59:48,487 | acc_variance.py:19 | AccuracyVariance: sample variance 0.00032470341077607453 (last 7 data)
DEBUG flower 2021-04-08 13:59:48,488 | numpy_client.py:201 | Not a switch point
INFO flower 2021-04-08 13:59:48,491 | numpy_client.py:205 | Cache is fresh, return FitRes(clock=63)
DEBUG flower 2021-04-08 13:59:57,704 | numpy_client.py:172 | fit, FitIns(clock=64)
DEBUG flower 2021-04-08 13:59:57,704 | numpy_client.py:260 | cached_clock: 51, curr_clock: 64
DEBUG flower 2021-04-08 14:00:02,083 | acc_variance.py:19 | AccuracyVariance: sample variance 0.00033056237200762654 (last 7 data)
DEBUG flower 2021-04-08 14:00:02,083 | numpy_client.py:201 | Not a switch point
INFO flower 2021-04-08 14:00:02,086 | numpy_client.py:205 | Cache is fresh, return FitRes(clock=64)
DEBUG flower 2021-04-08 14:00:11,244 | numpy_client.py:172 | fit, FitIns(clock=65)
DEBUG flower 2021-04-08 14:00:11,245 | numpy_client.py:260 | cached_clock: 51, curr_clock: 65
DEBUG flower 2021-04-08 14:00:15,970 | acc_variance.py:19 | AccuracyVariance: sample variance 0.0003744990643316148 (last 7 data)
DEBUG flower 2021-04-08 14:00:15,971 | numpy_client.py:201 | Not a switch point
INFO flower 2021-04-08 14:00:15,974 | numpy_client.py:205 | Cache is fresh, return FitRes(clock=65)
DEBUG flower 2021-04-08 14:00:25,503 | numpy_client.py:172 | fit, FitIns(clock=66)
DEBUG flower 2021-04-08 14:00:25,503 | numpy_client.py:260 | cached_clock: 51, curr_clock: 66
DEBUG flower 2021-04-08 14:00:29,962 | acc_variance.py:19 | AccuracyVariance: sample variance 0.0004106072576089259 (last 7 data)
DEBUG flower 2021-04-08 14:00:29,962 | numpy_client.py:201 | Not a switch point
INFO flower 2021-04-08 14:00:29,965 | numpy_client.py:205 | Cache is fresh, return FitRes(clock=66)
DEBUG flower 2021-04-08 14:00:39,119 | numpy_client.py:172 | fit, FitIns(clock=67)
DEBUG flower 2021-04-08 14:00:39,119 | numpy_client.py:260 | cached_clock: 51, curr_clock: 67
DEBUG flower 2021-04-08 14:00:43,664 | acc_variance.py:19 | AccuracyVariance: sample variance 0.0003880320510557172 (last 7 data)
DEBUG flower 2021-04-08 14:00:43,665 | numpy_client.py:201 | Not a switch point
INFO flower 2021-04-08 14:00:43,669 | numpy_client.py:205 | Cache is fresh, return FitRes(clock=67)
DEBUG flower 2021-04-08 14:00:52,839 | numpy_client.py:172 | fit, FitIns(clock=68)
DEBUG flower 2021-04-08 14:00:52,839 | numpy_client.py:260 | cached_clock: 51, curr_clock: 68
DEBUG flower 2021-04-08 14:00:57,179 | acc_variance.py:19 | AccuracyVariance: sample variance 0.0003860459625026489 (last 7 data)
DEBUG flower 2021-04-08 14:00:57,180 | numpy_client.py:201 | Not a switch point
INFO flower 2021-04-08 14:00:57,184 | numpy_client.py:205 | Cache is fresh, return FitRes(clock=68)
DEBUG flower 2021-04-08 14:01:06,302 | numpy_client.py:172 | fit, FitIns(clock=69)
DEBUG flower 2021-04-08 14:01:06,302 | numpy_client.py:260 | cached_clock: 51, curr_clock: 69
DEBUG flower 2021-04-08 14:01:10,564 | acc_variance.py:19 | AccuracyVariance: sample variance 0.00037909465256690927 (last 7 data)
DEBUG flower 2021-04-08 14:01:10,564 | numpy_client.py:201 | Not a switch point
INFO flower 2021-04-08 14:01:10,567 | numpy_client.py:205 | Cache is fresh, return FitRes(clock=69)
DEBUG flower 2021-04-08 14:01:19,805 | numpy_client.py:172 | fit, FitIns(clock=70)
DEBUG flower 2021-04-08 14:01:19,805 | numpy_client.py:260 | cached_clock: 51, curr_clock: 70
DEBUG flower 2021-04-08 14:01:23,863 | acc_variance.py:19 | AccuracyVariance: sample variance 0.00034215340547983893 (last 7 data)
DEBUG flower 2021-04-08 14:01:23,863 | numpy_client.py:201 | Not a switch point
INFO flower 2021-04-08 14:01:23,868 | numpy_client.py:205 | Cache is fresh, return FitRes(clock=70)
DEBUG flower 2021-04-08 14:01:32,915 | numpy_client.py:172 | fit, FitIns(clock=71)
DEBUG flower 2021-04-08 14:01:32,915 | numpy_client.py:260 | cached_clock: 51, curr_clock: 71
DEBUG flower 2021-04-08 14:01:37,377 | acc_variance.py:19 | AccuracyVariance: sample variance 0.0003164776940187841 (last 7 data)
DEBUG flower 2021-04-08 14:01:37,378 | numpy_client.py:201 | Not a switch point
INFO flower 2021-04-08 14:01:37,382 | numpy_client.py:205 | Cache is fresh, return FitRes(clock=71)
DEBUG flower 2021-04-08 14:01:46,336 | numpy_client.py:172 | fit, FitIns(clock=72)
DEBUG flower 2021-04-08 14:01:46,336 | numpy_client.py:260 | cached_clock: 51, curr_clock: 72
DEBUG flower 2021-04-08 14:01:50,764 | acc_variance.py:19 | AccuracyVariance: sample variance 0.0003270370648259298 (last 7 data)
DEBUG flower 2021-04-08 14:01:50,765 | numpy_client.py:201 | Not a switch point
INFO flower 2021-04-08 14:01:50,768 | numpy_client.py:205 | Cache is fresh, return FitRes(clock=72)
DEBUG flower 2021-04-08 14:01:59,736 | numpy_client.py:172 | fit, FitIns(clock=73)
DEBUG flower 2021-04-08 14:01:59,736 | numpy_client.py:260 | cached_clock: 51, curr_clock: 73
INFO flower 2021-04-08 14:01:59,736 | numpy_client.py:184 | Cache is stale, return ReadIns
DEBUG flower 2021-04-08 14:01:59,792 | numpy_client.py:228 | read: ReadRes(clock=72)
DEBUG flower 2021-04-08 14:01:59,799 | numpy_client.py:172 | fit, FitIns(clock=73)
DEBUG flower 2021-04-08 14:01:59,799 | numpy_client.py:260 | cached_clock: 72, curr_clock: 73
DEBUG flower 2021-04-08 14:02:04,465 | acc_variance.py:19 | AccuracyVariance: sample variance 0.00035871517724736973 (last 7 data)
DEBUG flower 2021-04-08 14:02:04,465 | numpy_client.py:201 | Not a switch point
INFO flower 2021-04-08 14:02:04,471 | numpy_client.py:205 | Cache is fresh, return FitRes(clock=73)
DEBUG flower 2021-04-08 14:02:13,500 | numpy_client.py:172 | fit, FitIns(clock=74)
DEBUG flower 2021-04-08 14:02:13,500 | numpy_client.py:260 | cached_clock: 72, curr_clock: 74
DEBUG flower 2021-04-08 14:02:17,966 | acc_variance.py:19 | AccuracyVariance: sample variance 0.0003528562160158186 (last 7 data)
DEBUG flower 2021-04-08 14:02:17,966 | numpy_client.py:201 | Not a switch point
INFO flower 2021-04-08 14:02:17,971 | numpy_client.py:205 | Cache is fresh, return FitRes(clock=74)
DEBUG flower 2021-04-08 14:02:27,837 | numpy_client.py:172 | fit, FitIns(clock=75)
DEBUG flower 2021-04-08 14:02:27,837 | numpy_client.py:260 | cached_clock: 72, curr_clock: 75
DEBUG flower 2021-04-08 14:02:32,169 | acc_variance.py:19 | AccuracyVariance: sample variance 0.00035187972247722636 (last 7 data)
DEBUG flower 2021-04-08 14:02:32,169 | numpy_client.py:201 | Not a switch point
INFO flower 2021-04-08 14:02:32,172 | numpy_client.py:205 | Cache is fresh, return FitRes(clock=75)
DEBUG flower 2021-04-08 14:02:41,505 | numpy_client.py:172 | fit, FitIns(clock=76)
DEBUG flower 2021-04-08 14:02:41,505 | numpy_client.py:260 | cached_clock: 72, curr_clock: 76
DEBUG flower 2021-04-08 14:02:45,880 | acc_variance.py:19 | AccuracyVariance: sample variance 0.000329370718875785 (last 7 data)
DEBUG flower 2021-04-08 14:02:45,880 | numpy_client.py:201 | Not a switch point
INFO flower 2021-04-08 14:02:45,883 | numpy_client.py:205 | Cache is fresh, return FitRes(clock=76)
DEBUG flower 2021-04-08 14:02:54,832 | numpy_client.py:172 | fit, FitIns(clock=77)
DEBUG flower 2021-04-08 14:02:54,832 | numpy_client.py:260 | cached_clock: 72, curr_clock: 77
DEBUG flower 2021-04-08 14:02:59,362 | acc_variance.py:19 | AccuracyVariance: sample variance 0.00029093990537391434 (last 7 data)
DEBUG flower 2021-04-08 14:02:59,363 | numpy_client.py:201 | Not a switch point
INFO flower 2021-04-08 14:02:59,369 | numpy_client.py:205 | Cache is fresh, return FitRes(clock=77)
DEBUG flower 2021-04-08 14:03:09,604 | numpy_client.py:172 | fit, FitIns(clock=78)
DEBUG flower 2021-04-08 14:03:09,604 | numpy_client.py:260 | cached_clock: 72, curr_clock: 78
DEBUG flower 2021-04-08 14:03:13,874 | acc_variance.py:19 | AccuracyVariance: sample variance 0.00022846638655462214 (last 7 data)
DEBUG flower 2021-04-08 14:03:13,874 | numpy_client.py:201 | Not a switch point
INFO flower 2021-04-08 14:03:13,878 | numpy_client.py:205 | Cache is fresh, return FitRes(clock=78)
DEBUG flower 2021-04-08 14:03:22,828 | numpy_client.py:172 | fit, FitIns(clock=79)
DEBUG flower 2021-04-08 14:03:22,828 | numpy_client.py:260 | cached_clock: 72, curr_clock: 79
DEBUG flower 2021-04-08 14:03:27,184 | acc_variance.py:19 | AccuracyVariance: sample variance 0.0001774459783913565 (last 7 data)
DEBUG flower 2021-04-08 14:03:27,185 | numpy_client.py:201 | Not a switch point
INFO flower 2021-04-08 14:03:27,188 | numpy_client.py:205 | Cache is fresh, return FitRes(clock=79)
DEBUG flower 2021-04-08 14:03:35,404 | numpy_client.py:172 | fit, FitIns(clock=80)
DEBUG flower 2021-04-08 14:03:35,405 | numpy_client.py:260 | cached_clock: 72, curr_clock: 80
DEBUG flower 2021-04-08 14:03:39,889 | acc_variance.py:19 | AccuracyVariance: sample variance 0.0001529233016736107 (last 7 data)
DEBUG flower 2021-04-08 14:03:39,889 | numpy_client.py:201 | Not a switch point
INFO flower 2021-04-08 14:03:39,893 | numpy_client.py:205 | Cache is fresh, return FitRes(clock=80)
DEBUG flower 2021-04-08 14:03:49,809 | numpy_client.py:172 | fit, FitIns(clock=81)
DEBUG flower 2021-04-08 14:03:49,809 | numpy_client.py:260 | cached_clock: 72, curr_clock: 81
DEBUG flower 2021-04-08 14:03:54,369 | acc_variance.py:19 | AccuracyVariance: sample variance 0.00011896118741614295 (last 7 data)
DEBUG flower 2021-04-08 14:03:54,369 | numpy_client.py:201 | Not a switch point
INFO flower 2021-04-08 14:03:54,375 | numpy_client.py:205 | Cache is fresh, return FitRes(clock=81)
DEBUG flower 2021-04-08 14:04:03,303 | numpy_client.py:172 | fit, FitIns(clock=82)
DEBUG flower 2021-04-08 14:04:03,304 | numpy_client.py:260 | cached_clock: 72, curr_clock: 82
DEBUG flower 2021-04-08 14:04:07,886 | acc_variance.py:19 | AccuracyVariance: sample variance 8.574937327872313e-05 (last 7 data)
DEBUG flower 2021-04-08 14:04:07,886 | acc_variance.py:23 | AccuracyVariance: should switch
DEBUG flower 2021-04-08 14:04:07,886 | numpy_client.py:199 | Find switch point, staleness_bound -> 20
INFO flower 2021-04-08 14:04:07,889 | numpy_client.py:205 | Cache is fresh, return FitRes(clock=82)
DEBUG flower 2021-04-08 14:04:16,718 | numpy_client.py:172 | fit, FitIns(clock=83)
DEBUG flower 2021-04-08 14:04:16,718 | numpy_client.py:260 | cached_clock: 72, curr_clock: 83
DEBUG flower 2021-04-08 14:04:20,806 | acc_variance.py:19 | AccuracyVariance: sample variance 5.491534849233772e-05 (last 7 data)
DEBUG flower 2021-04-08 14:04:20,806 | acc_variance.py:23 | AccuracyVariance: should switch
DEBUG flower 2021-04-08 14:04:20,807 | numpy_client.py:199 | Find switch point, staleness_bound -> 19
INFO flower 2021-04-08 14:04:20,810 | numpy_client.py:205 | Cache is fresh, return FitRes(clock=83)
DEBUG flower 2021-04-08 14:04:29,538 | numpy_client.py:172 | fit, FitIns(clock=84)
DEBUG flower 2021-04-08 14:04:29,539 | numpy_client.py:260 | cached_clock: 72, curr_clock: 84
DEBUG flower 2021-04-08 14:04:33,701 | acc_variance.py:19 | AccuracyVariance: sample variance 2.953755031424313e-05 (last 7 data)
DEBUG flower 2021-04-08 14:04:33,701 | acc_variance.py:23 | AccuracyVariance: should switch
DEBUG flower 2021-04-08 14:04:33,701 | numpy_client.py:199 | Find switch point, staleness_bound -> 18
INFO flower 2021-04-08 14:04:33,704 | numpy_client.py:205 | Cache is fresh, return FitRes(clock=84)
DEBUG flower 2021-04-08 14:04:42,613 | numpy_client.py:172 | fit, FitIns(clock=85)
DEBUG flower 2021-04-08 14:04:42,613 | numpy_client.py:260 | cached_clock: 72, curr_clock: 85
DEBUG flower 2021-04-08 14:04:47,082 | acc_variance.py:19 | AccuracyVariance: sample variance 3.6985382388249156e-05 (last 7 data)
DEBUG flower 2021-04-08 14:04:47,083 | acc_variance.py:23 | AccuracyVariance: should switch
DEBUG flower 2021-04-08 14:04:47,083 | numpy_client.py:199 | Find switch point, staleness_bound -> 17
INFO flower 2021-04-08 14:04:47,086 | numpy_client.py:205 | Cache is fresh, return FitRes(clock=85)
DEBUG flower 2021-04-08 14:04:55,818 | numpy_client.py:172 | fit, FitIns(clock=86)
DEBUG flower 2021-04-08 14:04:55,819 | numpy_client.py:260 | cached_clock: 72, curr_clock: 86
DEBUG flower 2021-04-08 14:05:00,179 | acc_variance.py:19 | AccuracyVariance: sample variance 0.0002330123225760887 (last 7 data)
DEBUG flower 2021-04-08 14:05:00,180 | numpy_client.py:201 | Not a switch point
INFO flower 2021-04-08 14:05:00,183 | numpy_client.py:205 | Cache is fresh, return FitRes(clock=86)
DEBUG flower 2021-04-08 14:05:09,302 | numpy_client.py:172 | fit, FitIns(clock=87)
DEBUG flower 2021-04-08 14:05:09,302 | numpy_client.py:260 | cached_clock: 72, curr_clock: 87
DEBUG flower 2021-04-08 14:05:13,478 | acc_variance.py:19 | AccuracyVariance: sample variance 0.0008685275580820569 (last 7 data)
DEBUG flower 2021-04-08 14:05:13,478 | numpy_client.py:201 | Not a switch point
INFO flower 2021-04-08 14:05:13,481 | numpy_client.py:205 | Cache is fresh, return FitRes(clock=87)
DEBUG flower 2021-04-08 14:05:22,420 | numpy_client.py:172 | fit, FitIns(clock=88)
DEBUG flower 2021-04-08 14:05:22,420 | numpy_client.py:260 | cached_clock: 72, curr_clock: 88
DEBUG flower 2021-04-08 14:05:26,766 | acc_variance.py:19 | AccuracyVariance: sample variance 0.0014242406521432108 (last 7 data)
DEBUG flower 2021-04-08 14:05:26,767 | numpy_client.py:201 | Not a switch point
INFO flower 2021-04-08 14:05:26,770 | numpy_client.py:205 | Cache is fresh, return FitRes(clock=88)
DEBUG flower 2021-04-08 14:05:36,103 | numpy_client.py:172 | fit, FitIns(clock=89)
DEBUG flower 2021-04-08 14:05:36,103 | numpy_client.py:260 | cached_clock: 72, curr_clock: 89
DEBUG flower 2021-04-08 14:05:40,797 | acc_variance.py:19 | AccuracyVariance: sample variance 0.0012348891762587395 (last 7 data)
DEBUG flower 2021-04-08 14:05:40,798 | numpy_client.py:201 | Not a switch point
INFO flower 2021-04-08 14:05:40,801 | numpy_client.py:205 | Cache is fresh, return FitRes(clock=89)
DEBUG flower 2021-04-08 14:05:49,810 | numpy_client.py:172 | fit, FitIns(clock=90)
DEBUG flower 2021-04-08 14:05:49,810 | numpy_client.py:260 | cached_clock: 72, curr_clock: 90
INFO flower 2021-04-08 14:05:49,811 | numpy_client.py:184 | Cache is stale, return ReadIns
DEBUG flower 2021-04-08 14:05:49,864 | numpy_client.py:228 | read: ReadRes(clock=89)
DEBUG flower 2021-04-08 14:05:49,871 | numpy_client.py:172 | fit, FitIns(clock=90)
DEBUG flower 2021-04-08 14:05:49,871 | numpy_client.py:260 | cached_clock: 89, curr_clock: 90
DEBUG flower 2021-04-08 14:05:54,683 | acc_variance.py:19 | AccuracyVariance: sample variance 0.00912142614398701 (last 7 data)
DEBUG flower 2021-04-08 14:05:54,683 | numpy_client.py:201 | Not a switch point
INFO flower 2021-04-08 14:05:54,686 | numpy_client.py:205 | Cache is fresh, return FitRes(clock=90)
DEBUG flower 2021-04-08 14:06:03,801 | numpy_client.py:172 | fit, FitIns(clock=91)
DEBUG flower 2021-04-08 14:06:03,801 | numpy_client.py:260 | cached_clock: 89, curr_clock: 91
DEBUG flower 2021-04-08 14:06:08,595 | acc_variance.py:19 | AccuracyVariance: sample variance 0.008523304542405201 (last 7 data)
DEBUG flower 2021-04-08 14:06:08,595 | numpy_client.py:201 | Not a switch point
INFO flower 2021-04-08 14:06:08,663 | numpy_client.py:205 | Cache is fresh, return FitRes(clock=91)
DEBUG flower 2021-04-08 14:06:17,712 | numpy_client.py:172 | fit, FitIns(clock=92)
DEBUG flower 2021-04-08 14:06:17,712 | numpy_client.py:260 | cached_clock: 89, curr_clock: 92
DEBUG flower 2021-04-08 14:06:22,180 | acc_variance.py:19 | AccuracyVariance: sample variance 0.00713208261245675 (last 7 data)
DEBUG flower 2021-04-08 14:06:22,180 | numpy_client.py:201 | Not a switch point
INFO flower 2021-04-08 14:06:22,183 | numpy_client.py:205 | Cache is fresh, return FitRes(clock=92)
DEBUG flower 2021-04-08 14:06:31,016 | numpy_client.py:172 | fit, FitIns(clock=93)
DEBUG flower 2021-04-08 14:06:31,017 | numpy_client.py:260 | cached_clock: 89, curr_clock: 93
DEBUG flower 2021-04-08 14:06:35,578 | acc_variance.py:19 | AccuracyVariance: sample variance 0.006133129722477229 (last 7 data)
DEBUG flower 2021-04-08 14:06:35,579 | numpy_client.py:201 | Not a switch point
INFO flower 2021-04-08 14:06:35,582 | numpy_client.py:205 | Cache is fresh, return FitRes(clock=93)
DEBUG flower 2021-04-08 14:06:44,112 | numpy_client.py:172 | fit, FitIns(clock=94)
DEBUG flower 2021-04-08 14:06:44,113 | numpy_client.py:260 | cached_clock: 89, curr_clock: 94
DEBUG flower 2021-04-08 14:06:48,565 | acc_variance.py:19 | AccuracyVariance: sample variance 0.006030625485488316 (last 7 data)
DEBUG flower 2021-04-08 14:06:48,566 | numpy_client.py:201 | Not a switch point
INFO flower 2021-04-08 14:06:48,572 | numpy_client.py:205 | Cache is fresh, return FitRes(clock=94)
DEBUG flower 2021-04-08 14:06:57,293 | numpy_client.py:172 | fit, FitIns(clock=95)
DEBUG flower 2021-04-08 14:06:57,293 | numpy_client.py:260 | cached_clock: 89, curr_clock: 95
DEBUG flower 2021-04-08 14:07:01,869 | acc_variance.py:19 | AccuracyVariance: sample variance 0.006391144693171389 (last 7 data)
DEBUG flower 2021-04-08 14:07:01,870 | numpy_client.py:201 | Not a switch point
INFO flower 2021-04-08 14:07:01,873 | numpy_client.py:205 | Cache is fresh, return FitRes(clock=95)
DEBUG flower 2021-04-08 14:07:10,731 | numpy_client.py:172 | fit, FitIns(clock=96)
DEBUG flower 2021-04-08 14:07:10,732 | numpy_client.py:260 | cached_clock: 89, curr_clock: 96
DEBUG flower 2021-04-08 14:07:15,079 | acc_variance.py:19 | AccuracyVariance: sample variance 0.006095018889908906 (last 7 data)
DEBUG flower 2021-04-08 14:07:15,079 | numpy_client.py:201 | Not a switch point
INFO flower 2021-04-08 14:07:15,082 | numpy_client.py:205 | Cache is fresh, return FitRes(clock=96)
DEBUG flower 2021-04-08 14:07:24,089 | numpy_client.py:172 | fit, FitIns(clock=97)
DEBUG flower 2021-04-08 14:07:24,089 | numpy_client.py:260 | cached_clock: 89, curr_clock: 97
DEBUG flower 2021-04-08 14:07:28,363 | acc_variance.py:19 | AccuracyVariance: sample variance 0.0014900794876774222 (last 7 data)
DEBUG flower 2021-04-08 14:07:28,364 | numpy_client.py:201 | Not a switch point
INFO flower 2021-04-08 14:07:28,367 | numpy_client.py:205 | Cache is fresh, return FitRes(clock=97)
DEBUG flower 2021-04-08 14:07:37,197 | numpy_client.py:172 | fit, FitIns(clock=98)
DEBUG flower 2021-04-08 14:07:37,197 | numpy_client.py:260 | cached_clock: 89, curr_clock: 98
DEBUG flower 2021-04-08 14:07:41,882 | acc_variance.py:19 | AccuracyVariance: sample variance 0.0009151730545159233 (last 7 data)
DEBUG flower 2021-04-08 14:07:41,882 | numpy_client.py:201 | Not a switch point
INFO flower 2021-04-08 14:07:41,886 | numpy_client.py:205 | Cache is fresh, return FitRes(clock=98)
DEBUG flower 2021-04-08 14:07:50,715 | numpy_client.py:172 | fit, FitIns(clock=99)
DEBUG flower 2021-04-08 14:07:50,716 | numpy_client.py:260 | cached_clock: 89, curr_clock: 99
DEBUG flower 2021-04-08 14:07:55,269 | acc_variance.py:19 | AccuracyVariance: sample variance 0.0005608107213473622 (last 7 data)
DEBUG flower 2021-04-08 14:07:55,269 | numpy_client.py:201 | Not a switch point
INFO flower 2021-04-08 14:07:55,272 | numpy_client.py:205 | Cache is fresh, return FitRes(clock=99)
DEBUG flower 2021-04-08 14:07:55,272 | numpy_client.py:217 | The client finishes computing after 1353 seconds
INFO flower 2021-04-08 14:08:15,363 | numpy_client.py:250 | [32;1m Loss: 4.102, Accuracy: 73.504%[0m
DEBUG flower 2021-04-08 14:08:15,910 | connection.py:68 | Insecure gRPC channel closed
INFO flower 2021-04-08 14:08:15,910 | app.py:74 | Disconnect and shut down
Namespace(idx=15, max_delay=0, min_delay=0, num_clients=31, server_ip='10.244.37.27:8080', staleness_bound=2000)
I'm client 15
Start SSP client without delay
Files already downloaded and verified
Files already downloaded and verified
[32;1mClient 15: 2700 train samples, 117 test samples[0m
loss=192.73167395591736, acc=0.14669117647058824
feed:  0.14669117647058824
loss=201.11365413665771, acc=0.010661764705882353
feed:  0.010661764705882353
loss=191.22274732589722, acc=0.19779411764705881
feed:  0.19779411764705881
loss=183.05224227905273, acc=0.19852941176470587
feed:  0.19852941176470587
loss=172.07572758197784, acc=0.19852941176470587
feed:  0.19852941176470587
loss=146.59789037704468, acc=0.20772058823529413
feed:  0.20772058823529413
loss=134.5382490158081, acc=0.28566176470588234
feed:  0.28566176470588234
loss=129.23774456977844, acc=0.3536764705882353
feed:  0.3536764705882353
loss=123.07823371887207, acc=0.38088235294117645
feed:  0.38088235294117645
loss=119.28050756454468, acc=0.41544117647058826
feed:  0.41544117647058826
loss=116.18430626392365, acc=0.43308823529411766
feed:  0.43308823529411766
loss=112.7978686094284, acc=0.44375
feed:  0.44375
loss=109.55355906486511, acc=0.46176470588235297
feed:  0.46176470588235297
loss=107.04623991250992, acc=0.4768382352941177
feed:  0.4768382352941177
loss=104.98096072673798, acc=0.49080882352941174
feed:  0.49080882352941174
loss=103.21373480558395, acc=0.49816176470588236
feed:  0.49816176470588236
loss=101.66448825597763, acc=0.5073529411764706
feed:  0.5073529411764706
loss=100.26149785518646, acc=0.5154411764705882
feed:  0.5154411764705882
loss=98.85432058572769, acc=0.525
feed:  0.525
loss=97.42715752124786, acc=0.5341911764705882
feed:  0.5341911764705882
loss=95.99435478448868, acc=0.5404411764705882
feed:  0.5404411764705882
loss=94.5667387843132, acc=0.5477941176470589
feed:  0.5477941176470589
loss=93.11174541711807, acc=0.5566176470588236
feed:  0.5566176470588236
loss=91.63522398471832, acc=0.5606617647058824
feed:  0.5606617647058824
loss=90.14527726173401, acc=0.5676470588235294
feed:  0.5676470588235294
loss=88.70200020074844, acc=0.5753676470588235
feed:  0.5753676470588235
loss=87.29078376293182, acc=0.580514705882353
feed:  0.580514705882353
loss=85.99853587150574, acc=0.5900735294117647
feed:  0.5900735294117647
loss=84.81424331665039, acc=0.6003676470588235
feed:  0.6003676470588235
loss=83.75008583068848, acc=0.6058823529411764
feed:  0.6058823529411764
loss=85.33084124326706, acc=0.6191176470588236
feed:  0.6191176470588236
loss=76.20715975761414, acc=0.6496323529411765
feed:  0.6496323529411765
loss=74.19190102815628, acc=0.6584558823529412
feed:  0.6584558823529412
loss=72.73144376277924, acc=0.6613970588235294
feed:  0.6613970588235294
loss=71.45273351669312, acc=0.6705882352941176
feed:  0.6705882352941176
loss=70.32062238454819, acc=0.6720588235294118
feed:  0.6720588235294118
loss=69.23776185512543, acc=0.6808823529411765
feed:  0.6808823529411765
loss=68.21294379234314, acc=0.6867647058823529
feed:  0.6867647058823529
loss=67.19033223390579, acc=0.6930147058823529
feed:  0.6930147058823529
loss=66.21118322014809, acc=0.6970588235294117
feed:  0.6970588235294117
loss=65.24471864104271, acc=0.7018382352941176
feed:  0.7018382352941176
loss=64.23878702521324, acc=0.70625
feed:  0.70625
loss=63.24586045742035, acc=0.7121323529411765
feed:  0.7121323529411765
loss=62.2611808180809, acc=0.7161764705882353
feed:  0.7161764705882353
loss=61.25710016489029, acc=0.7205882352941176
feed:  0.7205882352941176
loss=60.2386349439621, acc=0.7238970588235294
feed:  0.7238970588235294
loss=59.221216917037964, acc=0.7286764705882353
feed:  0.7286764705882353
loss=58.154516875743866, acc=0.7330882352941176
feed:  0.7330882352941176
loss=57.09222865104675, acc=0.7349264705882353
feed:  0.7349264705882353
loss=55.961541175842285, acc=0.7404411764705883
feed:  0.7404411764705883
loss=54.850949883461, acc=0.7455882352941177
feed:  0.7455882352941177
loss=53.74145430326462, acc=0.7485294117647059
feed:  0.7485294117647059
loss=82.1281726360321, acc=0.6573529411764706
feed:  0.6573529411764706
loss=69.10525417327881, acc=0.6966911764705882
feed:  0.6966911764705882
loss=65.4335872232914, acc=0.7128676470588236
feed:  0.7128676470588236
loss=62.51311346888542, acc=0.725
feed:  0.725
loss=60.25435131788254, acc=0.7382352941176471
feed:  0.7382352941176471
loss=58.205098539590836, acc=0.7408088235294118
feed:  0.7408088235294118
loss=56.15664303302765, acc=0.7514705882352941
feed:  0.7514705882352941
loss=54.25402557849884, acc=0.7595588235294117
feed:  0.7595588235294117
loss=52.3895500600338, acc=0.7665441176470589
feed:  0.7665441176470589
loss=50.53941237926483, acc=0.7783088235294118
feed:  0.7783088235294118
loss=48.62440124154091, acc=0.7875
feed:  0.7875
loss=46.77158069610596, acc=0.794485294117647
feed:  0.794485294117647
loss=44.86585411429405, acc=0.8058823529411765
feed:  0.8058823529411765
loss=42.99973711371422, acc=0.8180147058823529
feed:  0.8180147058823529
loss=41.157721519470215, acc=0.8283088235294118
feed:  0.8283088235294118
loss=39.32248593866825, acc=0.8349264705882353
feed:  0.8349264705882353
loss=37.46801175177097, acc=0.8444852941176471
feed:  0.8444852941176471
loss=35.45364624261856, acc=0.8536764705882353
feed:  0.8536764705882353
loss=33.59258617460728, acc=0.8628676470588236
feed:  0.8628676470588236
loss=31.748952120542526, acc=0.8716911764705882
feed:  0.8716911764705882
loss=29.9726382791996, acc=0.881985294117647
feed:  0.881985294117647
loss=28.24757145345211, acc=0.8922794117647059
feed:  0.8922794117647059
loss=26.635450065135956, acc=0.9
feed:  0.9
loss=24.940154507756233, acc=0.9095588235294118
feed:  0.9095588235294118
loss=23.4349165558815, acc=0.9161764705882353
feed:  0.9161764705882353
loss=22.0697385892272, acc=0.9224264705882353
feed:  0.9224264705882353
loss=20.89504163712263, acc=0.9264705882352942
feed:  0.9264705882352942
loss=19.87475660443306, acc=0.9319852941176471
feed:  0.9319852941176471
loss=19.017578154802322, acc=0.9389705882352941
feed:  0.9389705882352941
loss=18.387763135135174, acc=0.9419117647058823
feed:  0.9419117647058823
loss=18.04431676864624, acc=0.9411764705882353
feed:  0.9411764705882353
loss=18.2567300722003, acc=0.9415441176470588
feed:  0.9415441176470588
loss=18.722524717450142, acc=0.9393382352941176
feed:  0.9393382352941176
loss=20.513776049017906, acc=0.924264705882353
feed:  0.924264705882353
loss=24.768539987504482, acc=0.8974264705882353
feed:  0.8974264705882353
loss=33.24367079883814, acc=0.8584558823529411
feed:  0.8584558823529411
loss=34.14558060467243, acc=0.8452205882352941
feed:  0.8452205882352941
loss=24.10086889564991, acc=0.893014705882353
feed:  0.893014705882353
loss=114.88871803879738, acc=0.6345588235294117
feed:  0.6345588235294117
loss=52.33246186375618, acc=0.7746323529411765
feed:  0.7746323529411765
loss=44.21649453043938, acc=0.8073529411764706
feed:  0.8073529411764706
loss=38.7107210457325, acc=0.8323529411764706
feed:  0.8323529411764706
loss=34.875054240226746, acc=0.8511029411764706
feed:  0.8511029411764706
loss=31.946671903133392, acc=0.8702205882352941
feed:  0.8702205882352941
loss=29.754982478916645, acc=0.8797794117647059
feed:  0.8797794117647059
loss=27.89077713340521, acc=0.8900735294117647
feed:  0.8900735294117647
loss=26.355814561247826, acc=0.8974264705882353
feed:  0.8974264705882353
loss=25.10445587337017, acc=0.9025735294117647
feed:  0.9025735294117647
Files already downloaded and verified
Files already downloaded and verified
Testing on full test set: 313, 1497.4904010295868, 0.3377
Testing on partial test set: 4, 4.101766228675842, 0.7350427350427351
