DEBUG flower 2021-04-08 13:45:15,480 | connection.py:36 | ChannelConnectivity.IDLE
INFO flower 2021-04-08 13:45:15,483 | app.py:63 | Opened (insecure) gRPC connection
DEBUG flower 2021-04-08 13:45:15,483 | connection.py:36 | ChannelConnectivity.READY
DEBUG flower 2021-04-08 13:45:21,668 | numpy_client.py:172 | fit, FitIns(clock=0)
INFO flower 2021-04-08 13:45:21,668 | numpy_client.py:184 | Cache is stale, return ReadIns
DEBUG flower 2021-04-08 13:45:21,874 | numpy_client.py:228 | read: ReadRes(clock=-1)
DEBUG flower 2021-04-08 13:45:21,891 | numpy_client.py:172 | fit, FitIns(clock=0)
DEBUG flower 2021-04-08 13:45:21,891 | numpy_client.py:260 | cached_clock: -1, curr_clock: 0
DEBUG flower 2021-04-08 13:45:22,986 | model_wrapper.py:21 | Load existing initial model
DEBUG flower 2021-04-08 13:45:22,986 | numpy_client.py:201 | Not a switch point
INFO flower 2021-04-08 13:45:22,989 | numpy_client.py:205 | Cache is fresh, return FitRes(clock=0)
DEBUG flower 2021-04-08 13:45:23,011 | numpy_client.py:172 | fit, FitIns(clock=1)
DEBUG flower 2021-04-08 13:45:23,011 | numpy_client.py:260 | cached_clock: -1, curr_clock: 1
DEBUG flower 2021-04-08 13:45:24,062 | numpy_client.py:201 | Not a switch point
INFO flower 2021-04-08 13:45:24,065 | numpy_client.py:205 | Cache is fresh, return FitRes(clock=1)
DEBUG flower 2021-04-08 13:45:24,087 | numpy_client.py:172 | fit, FitIns(clock=2)
DEBUG flower 2021-04-08 13:45:24,087 | numpy_client.py:260 | cached_clock: -1, curr_clock: 2
DEBUG flower 2021-04-08 13:45:25,157 | numpy_client.py:201 | Not a switch point
INFO flower 2021-04-08 13:45:25,161 | numpy_client.py:205 | Cache is fresh, return FitRes(clock=2)
DEBUG flower 2021-04-08 13:45:25,179 | numpy_client.py:172 | fit, FitIns(clock=3)
DEBUG flower 2021-04-08 13:45:25,179 | numpy_client.py:260 | cached_clock: -1, curr_clock: 3
DEBUG flower 2021-04-08 13:45:26,276 | numpy_client.py:201 | Not a switch point
INFO flower 2021-04-08 13:45:26,279 | numpy_client.py:205 | Cache is fresh, return FitRes(clock=3)
DEBUG flower 2021-04-08 13:45:26,302 | numpy_client.py:172 | fit, FitIns(clock=4)
DEBUG flower 2021-04-08 13:45:26,302 | numpy_client.py:260 | cached_clock: -1, curr_clock: 4
DEBUG flower 2021-04-08 13:45:27,385 | numpy_client.py:201 | Not a switch point
INFO flower 2021-04-08 13:45:27,389 | numpy_client.py:205 | Cache is fresh, return FitRes(clock=4)
DEBUG flower 2021-04-08 13:45:35,897 | numpy_client.py:172 | fit, FitIns(clock=5)
DEBUG flower 2021-04-08 13:45:35,897 | numpy_client.py:260 | cached_clock: -1, curr_clock: 5
DEBUG flower 2021-04-08 13:45:36,882 | numpy_client.py:201 | Not a switch point
INFO flower 2021-04-08 13:45:36,885 | numpy_client.py:205 | Cache is fresh, return FitRes(clock=5)
DEBUG flower 2021-04-08 13:45:36,909 | numpy_client.py:172 | fit, FitIns(clock=6)
DEBUG flower 2021-04-08 13:45:36,909 | numpy_client.py:260 | cached_clock: -1, curr_clock: 6
DEBUG flower 2021-04-08 13:45:37,895 | acc_variance.py:19 | AccuracyVariance: sample variance 0.0021618234878985607 (last 7 data)
DEBUG flower 2021-04-08 13:45:37,895 | numpy_client.py:201 | Not a switch point
INFO flower 2021-04-08 13:45:37,898 | numpy_client.py:205 | Cache is fresh, return FitRes(clock=6)
DEBUG flower 2021-04-08 13:45:37,956 | numpy_client.py:172 | fit, FitIns(clock=7)
DEBUG flower 2021-04-08 13:45:37,956 | numpy_client.py:260 | cached_clock: -1, curr_clock: 7
DEBUG flower 2021-04-08 13:45:38,885 | acc_variance.py:19 | AccuracyVariance: sample variance 0.002225092843259753 (last 7 data)
DEBUG flower 2021-04-08 13:45:38,886 | numpy_client.py:201 | Not a switch point
INFO flower 2021-04-08 13:45:38,889 | numpy_client.py:205 | Cache is fresh, return FitRes(clock=7)
DEBUG flower 2021-04-08 13:45:38,920 | numpy_client.py:172 | fit, FitIns(clock=8)
DEBUG flower 2021-04-08 13:45:38,920 | numpy_client.py:260 | cached_clock: -1, curr_clock: 8
DEBUG flower 2021-04-08 13:45:39,960 | acc_variance.py:19 | AccuracyVariance: sample variance 4.139623536489427e-05 (last 7 data)
DEBUG flower 2021-04-08 13:45:39,961 | acc_variance.py:23 | AccuracyVariance: should switch
DEBUG flower 2021-04-08 13:45:39,961 | numpy_client.py:199 | Find switch point, staleness_bound -> 29
INFO flower 2021-04-08 13:45:39,964 | numpy_client.py:205 | Cache is fresh, return FitRes(clock=8)
DEBUG flower 2021-04-08 13:45:39,989 | numpy_client.py:172 | fit, FitIns(clock=9)
DEBUG flower 2021-04-08 13:45:39,989 | numpy_client.py:260 | cached_clock: -1, curr_clock: 9
DEBUG flower 2021-04-08 13:45:41,062 | acc_variance.py:19 | AccuracyVariance: sample variance 7.393476097922159e-05 (last 7 data)
DEBUG flower 2021-04-08 13:45:41,062 | acc_variance.py:23 | AccuracyVariance: should switch
DEBUG flower 2021-04-08 13:45:41,063 | numpy_client.py:199 | Find switch point, staleness_bound -> 28
INFO flower 2021-04-08 13:45:41,068 | numpy_client.py:205 | Cache is fresh, return FitRes(clock=9)
DEBUG flower 2021-04-08 13:45:49,606 | numpy_client.py:172 | fit, FitIns(clock=10)
DEBUG flower 2021-04-08 13:45:49,607 | numpy_client.py:260 | cached_clock: -1, curr_clock: 10
DEBUG flower 2021-04-08 13:45:50,759 | acc_variance.py:19 | AccuracyVariance: sample variance 9.3457876347818e-05 (last 7 data)
DEBUG flower 2021-04-08 13:45:50,760 | acc_variance.py:23 | AccuracyVariance: should switch
DEBUG flower 2021-04-08 13:45:50,760 | numpy_client.py:199 | Find switch point, staleness_bound -> 27
INFO flower 2021-04-08 13:45:50,763 | numpy_client.py:205 | Cache is fresh, return FitRes(clock=10)
DEBUG flower 2021-04-08 13:45:50,786 | numpy_client.py:172 | fit, FitIns(clock=11)
DEBUG flower 2021-04-08 13:45:50,786 | numpy_client.py:260 | cached_clock: -1, curr_clock: 11
DEBUG flower 2021-04-08 13:45:51,781 | acc_variance.py:19 | AccuracyVariance: sample variance 0.00010972713915498172 (last 7 data)
DEBUG flower 2021-04-08 13:45:51,782 | numpy_client.py:201 | Not a switch point
INFO flower 2021-04-08 13:45:51,785 | numpy_client.py:205 | Cache is fresh, return FitRes(clock=11)
DEBUG flower 2021-04-08 13:45:51,808 | numpy_client.py:172 | fit, FitIns(clock=12)
DEBUG flower 2021-04-08 13:45:51,808 | numpy_client.py:260 | cached_clock: -1, curr_clock: 12
DEBUG flower 2021-04-08 13:45:52,779 | acc_variance.py:19 | AccuracyVariance: sample variance 6.67039775093711e-05 (last 7 data)
DEBUG flower 2021-04-08 13:45:52,779 | acc_variance.py:23 | AccuracyVariance: should switch
DEBUG flower 2021-04-08 13:45:52,779 | numpy_client.py:199 | Find switch point, staleness_bound -> 26
INFO flower 2021-04-08 13:45:52,783 | numpy_client.py:205 | Cache is fresh, return FitRes(clock=12)
DEBUG flower 2021-04-08 13:45:52,805 | numpy_client.py:172 | fit, FitIns(clock=13)
DEBUG flower 2021-04-08 13:45:52,805 | numpy_client.py:260 | cached_clock: -1, curr_clock: 13
DEBUG flower 2021-04-08 13:45:53,966 | acc_variance.py:19 | AccuracyVariance: sample variance 0.00027458900226757344 (last 7 data)
DEBUG flower 2021-04-08 13:45:53,966 | numpy_client.py:201 | Not a switch point
INFO flower 2021-04-08 13:45:53,971 | numpy_client.py:205 | Cache is fresh, return FitRes(clock=13)
DEBUG flower 2021-04-08 13:45:54,003 | numpy_client.py:172 | fit, FitIns(clock=14)
DEBUG flower 2021-04-08 13:45:54,003 | numpy_client.py:260 | cached_clock: -1, curr_clock: 14
DEBUG flower 2021-04-08 13:45:54,978 | acc_variance.py:19 | AccuracyVariance: sample variance 0.00039254115761951016 (last 7 data)
DEBUG flower 2021-04-08 13:45:54,978 | numpy_client.py:201 | Not a switch point
INFO flower 2021-04-08 13:45:54,982 | numpy_client.py:205 | Cache is fresh, return FitRes(clock=14)
DEBUG flower 2021-04-08 13:46:03,396 | numpy_client.py:172 | fit, FitIns(clock=15)
DEBUG flower 2021-04-08 13:46:03,396 | numpy_client.py:260 | cached_clock: -1, curr_clock: 15
DEBUG flower 2021-04-08 13:46:04,561 | acc_variance.py:19 | AccuracyVariance: sample variance 0.00038241806076171953 (last 7 data)
DEBUG flower 2021-04-08 13:46:04,562 | numpy_client.py:201 | Not a switch point
INFO flower 2021-04-08 13:46:04,565 | numpy_client.py:205 | Cache is fresh, return FitRes(clock=15)
DEBUG flower 2021-04-08 13:46:04,589 | numpy_client.py:172 | fit, FitIns(clock=16)
DEBUG flower 2021-04-08 13:46:04,589 | numpy_client.py:260 | cached_clock: -1, curr_clock: 16
DEBUG flower 2021-04-08 13:46:05,601 | acc_variance.py:19 | AccuracyVariance: sample variance 0.0003390333599426164 (last 7 data)
DEBUG flower 2021-04-08 13:46:05,602 | numpy_client.py:201 | Not a switch point
INFO flower 2021-04-08 13:46:05,605 | numpy_client.py:205 | Cache is fresh, return FitRes(clock=16)
DEBUG flower 2021-04-08 13:46:05,677 | numpy_client.py:172 | fit, FitIns(clock=17)
DEBUG flower 2021-04-08 13:46:05,677 | numpy_client.py:260 | cached_clock: -1, curr_clock: 17
DEBUG flower 2021-04-08 13:46:06,661 | acc_variance.py:19 | AccuracyVariance: sample variance 0.0002902255715211254 (last 7 data)
DEBUG flower 2021-04-08 13:46:06,661 | numpy_client.py:201 | Not a switch point
INFO flower 2021-04-08 13:46:06,665 | numpy_client.py:205 | Cache is fresh, return FitRes(clock=17)
DEBUG flower 2021-04-08 13:46:06,693 | numpy_client.py:172 | fit, FitIns(clock=18)
DEBUG flower 2021-04-08 13:46:06,693 | numpy_client.py:260 | cached_clock: -1, curr_clock: 18
DEBUG flower 2021-04-08 13:46:07,759 | acc_variance.py:19 | AccuracyVariance: sample variance 0.00019233884029802386 (last 7 data)
DEBUG flower 2021-04-08 13:46:07,760 | numpy_client.py:201 | Not a switch point
INFO flower 2021-04-08 13:46:07,763 | numpy_client.py:205 | Cache is fresh, return FitRes(clock=18)
DEBUG flower 2021-04-08 13:46:07,786 | numpy_client.py:172 | fit, FitIns(clock=19)
DEBUG flower 2021-04-08 13:46:07,787 | numpy_client.py:260 | cached_clock: -1, curr_clock: 19
DEBUG flower 2021-04-08 13:46:08,780 | acc_variance.py:19 | AccuracyVariance: sample variance 0.00012870794576333916 (last 7 data)
DEBUG flower 2021-04-08 13:46:08,781 | numpy_client.py:201 | Not a switch point
INFO flower 2021-04-08 13:46:08,784 | numpy_client.py:205 | Cache is fresh, return FitRes(clock=19)
DEBUG flower 2021-04-08 13:46:17,094 | numpy_client.py:172 | fit, FitIns(clock=20)
DEBUG flower 2021-04-08 13:46:17,094 | numpy_client.py:260 | cached_clock: -1, curr_clock: 20
DEBUG flower 2021-04-08 13:46:18,162 | acc_variance.py:19 | AccuracyVariance: sample variance 0.00011478868758387696 (last 7 data)
DEBUG flower 2021-04-08 13:46:18,163 | numpy_client.py:201 | Not a switch point
INFO flower 2021-04-08 13:46:18,167 | numpy_client.py:205 | Cache is fresh, return FitRes(clock=20)
DEBUG flower 2021-04-08 13:46:18,190 | numpy_client.py:172 | fit, FitIns(clock=21)
DEBUG flower 2021-04-08 13:46:18,190 | numpy_client.py:260 | cached_clock: -1, curr_clock: 21
DEBUG flower 2021-04-08 13:46:19,184 | acc_variance.py:19 | AccuracyVariance: sample variance 0.00014732721319820417 (last 7 data)
DEBUG flower 2021-04-08 13:46:19,184 | numpy_client.py:201 | Not a switch point
INFO flower 2021-04-08 13:46:19,187 | numpy_client.py:205 | Cache is fresh, return FitRes(clock=21)
DEBUG flower 2021-04-08 13:46:19,210 | numpy_client.py:172 | fit, FitIns(clock=22)
DEBUG flower 2021-04-08 13:46:19,210 | numpy_client.py:260 | cached_clock: -1, curr_clock: 22
DEBUG flower 2021-04-08 13:46:20,292 | acc_variance.py:19 | AccuracyVariance: sample variance 0.00016495224790596483 (last 7 data)
DEBUG flower 2021-04-08 13:46:20,292 | numpy_client.py:201 | Not a switch point
INFO flower 2021-04-08 13:46:20,295 | numpy_client.py:205 | Cache is fresh, return FitRes(clock=22)
DEBUG flower 2021-04-08 13:46:20,313 | numpy_client.py:172 | fit, FitIns(clock=23)
DEBUG flower 2021-04-08 13:46:20,313 | numpy_client.py:260 | cached_clock: -1, curr_clock: 23
DEBUG flower 2021-04-08 13:46:21,370 | acc_variance.py:19 | AccuracyVariance: sample variance 0.0001233752429543244 (last 7 data)
DEBUG flower 2021-04-08 13:46:21,371 | numpy_client.py:201 | Not a switch point
INFO flower 2021-04-08 13:46:21,375 | numpy_client.py:205 | Cache is fresh, return FitRes(clock=23)
DEBUG flower 2021-04-08 13:46:29,698 | numpy_client.py:172 | fit, FitIns(clock=24)
DEBUG flower 2021-04-08 13:46:29,698 | numpy_client.py:260 | cached_clock: -1, curr_clock: 24
DEBUG flower 2021-04-08 13:46:30,694 | acc_variance.py:19 | AccuracyVariance: sample variance 7.022898445092318e-05 (last 7 data)
DEBUG flower 2021-04-08 13:46:30,694 | acc_variance.py:23 | AccuracyVariance: should switch
DEBUG flower 2021-04-08 13:46:30,694 | numpy_client.py:199 | Find switch point, staleness_bound -> 25
INFO flower 2021-04-08 13:46:30,697 | numpy_client.py:205 | Cache is fresh, return FitRes(clock=24)
DEBUG flower 2021-04-08 13:46:30,720 | numpy_client.py:172 | fit, FitIns(clock=25)
DEBUG flower 2021-04-08 13:46:30,720 | numpy_client.py:260 | cached_clock: -1, curr_clock: 25
INFO flower 2021-04-08 13:46:30,720 | numpy_client.py:184 | Cache is stale, return ReadIns
DEBUG flower 2021-04-08 13:46:30,760 | numpy_client.py:228 | read: ReadRes(clock=4)
DEBUG flower 2021-04-08 13:46:30,767 | numpy_client.py:172 | fit, FitIns(clock=25)
DEBUG flower 2021-04-08 13:46:30,767 | numpy_client.py:260 | cached_clock: 4, curr_clock: 25
DEBUG flower 2021-04-08 13:46:31,807 | acc_variance.py:19 | AccuracyVariance: sample variance 3.0369290573372262e-05 (last 7 data)
DEBUG flower 2021-04-08 13:46:31,856 | acc_variance.py:23 | AccuracyVariance: should switch
DEBUG flower 2021-04-08 13:46:31,856 | numpy_client.py:199 | Find switch point, staleness_bound -> 24
INFO flower 2021-04-08 13:46:31,861 | numpy_client.py:205 | Cache is fresh, return FitRes(clock=25)
DEBUG flower 2021-04-08 13:46:31,883 | numpy_client.py:172 | fit, FitIns(clock=26)
DEBUG flower 2021-04-08 13:46:31,883 | numpy_client.py:260 | cached_clock: 4, curr_clock: 26
DEBUG flower 2021-04-08 13:46:32,895 | acc_variance.py:19 | AccuracyVariance: sample variance 2.8923133879402136e-05 (last 7 data)
DEBUG flower 2021-04-08 13:46:32,895 | acc_variance.py:23 | AccuracyVariance: should switch
DEBUG flower 2021-04-08 13:46:32,895 | numpy_client.py:199 | Find switch point, staleness_bound -> 23
INFO flower 2021-04-08 13:46:32,898 | numpy_client.py:205 | Cache is fresh, return FitRes(clock=26)
DEBUG flower 2021-04-08 13:46:32,921 | numpy_client.py:172 | fit, FitIns(clock=27)
DEBUG flower 2021-04-08 13:46:32,921 | numpy_client.py:260 | cached_clock: 4, curr_clock: 27
DEBUG flower 2021-04-08 13:46:33,968 | acc_variance.py:19 | AccuracyVariance: sample variance 6.796936461659504e-05 (last 7 data)
DEBUG flower 2021-04-08 13:46:33,968 | acc_variance.py:23 | AccuracyVariance: should switch
DEBUG flower 2021-04-08 13:46:33,968 | numpy_client.py:199 | Find switch point, staleness_bound -> 22
INFO flower 2021-04-08 13:46:33,971 | numpy_client.py:205 | Cache is fresh, return FitRes(clock=27)
DEBUG flower 2021-04-08 13:46:33,991 | numpy_client.py:172 | fit, FitIns(clock=28)
DEBUG flower 2021-04-08 13:46:33,992 | numpy_client.py:260 | cached_clock: 4, curr_clock: 28
INFO flower 2021-04-08 13:46:33,992 | numpy_client.py:184 | Cache is stale, return ReadIns
DEBUG flower 2021-04-08 13:46:47,917 | numpy_client.py:228 | read: ReadRes(clock=6)
DEBUG flower 2021-04-08 13:46:47,924 | numpy_client.py:172 | fit, FitIns(clock=28)
DEBUG flower 2021-04-08 13:46:47,924 | numpy_client.py:260 | cached_clock: 6, curr_clock: 28
DEBUG flower 2021-04-08 13:46:48,961 | acc_variance.py:19 | AccuracyVariance: sample variance 0.00038521998935628685 (last 7 data)
DEBUG flower 2021-04-08 13:46:48,962 | numpy_client.py:201 | Not a switch point
INFO flower 2021-04-08 13:46:48,967 | numpy_client.py:205 | Cache is fresh, return FitRes(clock=28)
DEBUG flower 2021-04-08 13:46:56,679 | numpy_client.py:172 | fit, FitIns(clock=29)
DEBUG flower 2021-04-08 13:46:56,679 | numpy_client.py:260 | cached_clock: 6, curr_clock: 29
INFO flower 2021-04-08 13:46:56,679 | numpy_client.py:184 | Cache is stale, return ReadIns
DEBUG flower 2021-04-08 13:47:01,251 | numpy_client.py:228 | read: ReadRes(clock=7)
DEBUG flower 2021-04-08 13:47:01,259 | numpy_client.py:172 | fit, FitIns(clock=29)
DEBUG flower 2021-04-08 13:47:01,259 | numpy_client.py:260 | cached_clock: 7, curr_clock: 29
DEBUG flower 2021-04-08 13:47:02,289 | acc_variance.py:19 | AccuracyVariance: sample variance 0.0005943704012217132 (last 7 data)
DEBUG flower 2021-04-08 13:47:02,290 | numpy_client.py:201 | Not a switch point
INFO flower 2021-04-08 13:47:02,293 | numpy_client.py:205 | Cache is fresh, return FitRes(clock=29)
DEBUG flower 2021-04-08 13:47:10,172 | numpy_client.py:172 | fit, FitIns(clock=30)
DEBUG flower 2021-04-08 13:47:10,172 | numpy_client.py:260 | cached_clock: 7, curr_clock: 30
INFO flower 2021-04-08 13:47:10,172 | numpy_client.py:184 | Cache is stale, return ReadIns
DEBUG flower 2021-04-08 13:47:14,440 | numpy_client.py:228 | read: ReadRes(clock=8)
DEBUG flower 2021-04-08 13:47:14,448 | numpy_client.py:172 | fit, FitIns(clock=30)
DEBUG flower 2021-04-08 13:47:14,448 | numpy_client.py:260 | cached_clock: 8, curr_clock: 30
DEBUG flower 2021-04-08 13:47:15,467 | acc_variance.py:19 | AccuracyVariance: sample variance 0.0006061204243602203 (last 7 data)
DEBUG flower 2021-04-08 13:47:15,467 | numpy_client.py:201 | Not a switch point
INFO flower 2021-04-08 13:47:15,471 | numpy_client.py:205 | Cache is fresh, return FitRes(clock=30)
DEBUG flower 2021-04-08 13:47:23,356 | numpy_client.py:172 | fit, FitIns(clock=31)
DEBUG flower 2021-04-08 13:47:23,357 | numpy_client.py:260 | cached_clock: 8, curr_clock: 31
INFO flower 2021-04-08 13:47:23,357 | numpy_client.py:184 | Cache is stale, return ReadIns
DEBUG flower 2021-04-08 13:47:27,479 | numpy_client.py:228 | read: ReadRes(clock=9)
DEBUG flower 2021-04-08 13:47:27,486 | numpy_client.py:172 | fit, FitIns(clock=31)
DEBUG flower 2021-04-08 13:47:27,487 | numpy_client.py:260 | cached_clock: 9, curr_clock: 31
DEBUG flower 2021-04-08 13:47:28,562 | acc_variance.py:19 | AccuracyVariance: sample variance 0.0022874583506872132 (last 7 data)
DEBUG flower 2021-04-08 13:47:28,562 | numpy_client.py:201 | Not a switch point
INFO flower 2021-04-08 13:47:28,568 | numpy_client.py:205 | Cache is fresh, return FitRes(clock=31)
DEBUG flower 2021-04-08 13:47:36,509 | numpy_client.py:172 | fit, FitIns(clock=32)
DEBUG flower 2021-04-08 13:47:36,509 | numpy_client.py:260 | cached_clock: 9, curr_clock: 32
INFO flower 2021-04-08 13:47:36,509 | numpy_client.py:184 | Cache is stale, return ReadIns
DEBUG flower 2021-04-08 13:47:40,662 | numpy_client.py:228 | read: ReadRes(clock=10)
DEBUG flower 2021-04-08 13:47:40,669 | numpy_client.py:172 | fit, FitIns(clock=32)
DEBUG flower 2021-04-08 13:47:40,669 | numpy_client.py:260 | cached_clock: 10, curr_clock: 32
DEBUG flower 2021-04-08 13:47:41,659 | acc_variance.py:19 | AccuracyVariance: sample variance 0.003936890444953491 (last 7 data)
DEBUG flower 2021-04-08 13:47:41,660 | numpy_client.py:201 | Not a switch point
INFO flower 2021-04-08 13:47:41,663 | numpy_client.py:205 | Cache is fresh, return FitRes(clock=32)
DEBUG flower 2021-04-08 13:47:49,547 | numpy_client.py:172 | fit, FitIns(clock=33)
DEBUG flower 2021-04-08 13:47:49,548 | numpy_client.py:260 | cached_clock: 10, curr_clock: 33
INFO flower 2021-04-08 13:47:49,548 | numpy_client.py:184 | Cache is stale, return ReadIns
DEBUG flower 2021-04-08 13:47:54,349 | numpy_client.py:228 | read: ReadRes(clock=11)
DEBUG flower 2021-04-08 13:47:54,356 | numpy_client.py:172 | fit, FitIns(clock=33)
DEBUG flower 2021-04-08 13:47:54,356 | numpy_client.py:260 | cached_clock: 11, curr_clock: 33
DEBUG flower 2021-04-08 13:47:55,298 | acc_variance.py:19 | AccuracyVariance: sample variance 0.004605014837567679 (last 7 data)
DEBUG flower 2021-04-08 13:47:55,298 | numpy_client.py:201 | Not a switch point
INFO flower 2021-04-08 13:47:55,302 | numpy_client.py:205 | Cache is fresh, return FitRes(clock=33)
DEBUG flower 2021-04-08 13:48:03,413 | numpy_client.py:172 | fit, FitIns(clock=34)
DEBUG flower 2021-04-08 13:48:03,413 | numpy_client.py:260 | cached_clock: 11, curr_clock: 34
INFO flower 2021-04-08 13:48:03,413 | numpy_client.py:184 | Cache is stale, return ReadIns
DEBUG flower 2021-04-08 13:48:07,687 | numpy_client.py:228 | read: ReadRes(clock=12)
DEBUG flower 2021-04-08 13:48:07,695 | numpy_client.py:172 | fit, FitIns(clock=34)
DEBUG flower 2021-04-08 13:48:07,695 | numpy_client.py:260 | cached_clock: 12, curr_clock: 34
DEBUG flower 2021-04-08 13:48:08,683 | acc_variance.py:19 | AccuracyVariance: sample variance 0.005407631802721088 (last 7 data)
DEBUG flower 2021-04-08 13:48:08,683 | numpy_client.py:201 | Not a switch point
INFO flower 2021-04-08 13:48:08,686 | numpy_client.py:205 | Cache is fresh, return FitRes(clock=34)
DEBUG flower 2021-04-08 13:48:16,551 | numpy_client.py:172 | fit, FitIns(clock=35)
DEBUG flower 2021-04-08 13:48:16,551 | numpy_client.py:260 | cached_clock: 12, curr_clock: 35
INFO flower 2021-04-08 13:48:16,551 | numpy_client.py:184 | Cache is stale, return ReadIns
DEBUG flower 2021-04-08 13:48:20,759 | numpy_client.py:228 | read: ReadRes(clock=13)
DEBUG flower 2021-04-08 13:48:20,767 | numpy_client.py:172 | fit, FitIns(clock=35)
DEBUG flower 2021-04-08 13:48:20,767 | numpy_client.py:260 | cached_clock: 13, curr_clock: 35
DEBUG flower 2021-04-08 13:48:21,761 | acc_variance.py:19 | AccuracyVariance: sample variance 0.005295554658938404 (last 7 data)
DEBUG flower 2021-04-08 13:48:21,762 | numpy_client.py:201 | Not a switch point
INFO flower 2021-04-08 13:48:21,765 | numpy_client.py:205 | Cache is fresh, return FitRes(clock=35)
DEBUG flower 2021-04-08 13:48:29,622 | numpy_client.py:172 | fit, FitIns(clock=36)
DEBUG flower 2021-04-08 13:48:29,622 | numpy_client.py:260 | cached_clock: 13, curr_clock: 36
INFO flower 2021-04-08 13:48:29,623 | numpy_client.py:184 | Cache is stale, return ReadIns
DEBUG flower 2021-04-08 13:48:33,940 | numpy_client.py:228 | read: ReadRes(clock=14)
DEBUG flower 2021-04-08 13:48:33,948 | numpy_client.py:172 | fit, FitIns(clock=36)
DEBUG flower 2021-04-08 13:48:33,948 | numpy_client.py:260 | cached_clock: 14, curr_clock: 36
DEBUG flower 2021-04-08 13:48:34,902 | acc_variance.py:19 | AccuracyVariance: sample variance 0.004840015300337821 (last 7 data)
DEBUG flower 2021-04-08 13:48:34,902 | numpy_client.py:201 | Not a switch point
INFO flower 2021-04-08 13:48:34,905 | numpy_client.py:205 | Cache is fresh, return FitRes(clock=36)
DEBUG flower 2021-04-08 13:48:42,878 | numpy_client.py:172 | fit, FitIns(clock=37)
DEBUG flower 2021-04-08 13:48:42,878 | numpy_client.py:260 | cached_clock: 14, curr_clock: 37
INFO flower 2021-04-08 13:48:42,878 | numpy_client.py:184 | Cache is stale, return ReadIns
DEBUG flower 2021-04-08 13:48:47,507 | numpy_client.py:228 | read: ReadRes(clock=15)
DEBUG flower 2021-04-08 13:48:47,514 | numpy_client.py:172 | fit, FitIns(clock=37)
DEBUG flower 2021-04-08 13:48:47,514 | numpy_client.py:260 | cached_clock: 15, curr_clock: 37
DEBUG flower 2021-04-08 13:48:48,563 | acc_variance.py:19 | AccuracyVariance: sample variance 0.004610257155583321 (last 7 data)
DEBUG flower 2021-04-08 13:48:48,563 | numpy_client.py:201 | Not a switch point
INFO flower 2021-04-08 13:48:48,568 | numpy_client.py:205 | Cache is fresh, return FitRes(clock=37)
DEBUG flower 2021-04-08 13:48:56,949 | numpy_client.py:172 | fit, FitIns(clock=38)
DEBUG flower 2021-04-08 13:48:56,949 | numpy_client.py:260 | cached_clock: 15, curr_clock: 38
INFO flower 2021-04-08 13:48:56,949 | numpy_client.py:184 | Cache is stale, return ReadIns
DEBUG flower 2021-04-08 13:49:01,962 | numpy_client.py:228 | read: ReadRes(clock=16)
DEBUG flower 2021-04-08 13:49:01,970 | numpy_client.py:172 | fit, FitIns(clock=38)
DEBUG flower 2021-04-08 13:49:01,970 | numpy_client.py:260 | cached_clock: 16, curr_clock: 38
DEBUG flower 2021-04-08 13:49:02,901 | acc_variance.py:19 | AccuracyVariance: sample variance 0.004276194959276227 (last 7 data)
DEBUG flower 2021-04-08 13:49:02,902 | numpy_client.py:201 | Not a switch point
INFO flower 2021-04-08 13:49:02,905 | numpy_client.py:205 | Cache is fresh, return FitRes(clock=38)
DEBUG flower 2021-04-08 13:49:12,191 | numpy_client.py:172 | fit, FitIns(clock=39)
DEBUG flower 2021-04-08 13:49:12,191 | numpy_client.py:260 | cached_clock: 16, curr_clock: 39
INFO flower 2021-04-08 13:49:12,191 | numpy_client.py:184 | Cache is stale, return ReadIns
DEBUG flower 2021-04-08 13:49:16,711 | numpy_client.py:228 | read: ReadRes(clock=17)
DEBUG flower 2021-04-08 13:49:16,718 | numpy_client.py:172 | fit, FitIns(clock=39)
DEBUG flower 2021-04-08 13:49:16,718 | numpy_client.py:260 | cached_clock: 17, curr_clock: 39
DEBUG flower 2021-04-08 13:49:17,757 | acc_variance.py:19 | AccuracyVariance: sample variance 0.0031837139617751854 (last 7 data)
DEBUG flower 2021-04-08 13:49:17,758 | numpy_client.py:201 | Not a switch point
INFO flower 2021-04-08 13:49:17,762 | numpy_client.py:205 | Cache is fresh, return FitRes(clock=39)
DEBUG flower 2021-04-08 13:49:25,654 | numpy_client.py:172 | fit, FitIns(clock=40)
DEBUG flower 2021-04-08 13:49:25,655 | numpy_client.py:260 | cached_clock: 17, curr_clock: 40
INFO flower 2021-04-08 13:49:25,655 | numpy_client.py:184 | Cache is stale, return ReadIns
DEBUG flower 2021-04-08 13:49:30,022 | numpy_client.py:228 | read: ReadRes(clock=18)
DEBUG flower 2021-04-08 13:49:30,029 | numpy_client.py:172 | fit, FitIns(clock=40)
DEBUG flower 2021-04-08 13:49:30,029 | numpy_client.py:260 | cached_clock: 18, curr_clock: 40
DEBUG flower 2021-04-08 13:49:31,076 | acc_variance.py:19 | AccuracyVariance: sample variance 0.0037097534592068107 (last 7 data)
DEBUG flower 2021-04-08 13:49:31,077 | numpy_client.py:201 | Not a switch point
INFO flower 2021-04-08 13:49:31,080 | numpy_client.py:205 | Cache is fresh, return FitRes(clock=40)
DEBUG flower 2021-04-08 13:49:38,733 | numpy_client.py:172 | fit, FitIns(clock=41)
DEBUG flower 2021-04-08 13:49:38,733 | numpy_client.py:260 | cached_clock: 18, curr_clock: 41
INFO flower 2021-04-08 13:49:38,733 | numpy_client.py:184 | Cache is stale, return ReadIns
DEBUG flower 2021-04-08 13:49:43,398 | numpy_client.py:228 | read: ReadRes(clock=19)
DEBUG flower 2021-04-08 13:49:43,405 | numpy_client.py:172 | fit, FitIns(clock=41)
DEBUG flower 2021-04-08 13:49:43,405 | numpy_client.py:260 | cached_clock: 19, curr_clock: 41
DEBUG flower 2021-04-08 13:49:44,496 | acc_variance.py:19 | AccuracyVariance: sample variance 0.0111334180781156 (last 7 data)
DEBUG flower 2021-04-08 13:49:44,496 | numpy_client.py:201 | Not a switch point
INFO flower 2021-04-08 13:49:44,500 | numpy_client.py:205 | Cache is fresh, return FitRes(clock=41)
DEBUG flower 2021-04-08 13:49:52,237 | numpy_client.py:172 | fit, FitIns(clock=42)
DEBUG flower 2021-04-08 13:49:52,237 | numpy_client.py:260 | cached_clock: 19, curr_clock: 42
INFO flower 2021-04-08 13:49:52,237 | numpy_client.py:184 | Cache is stale, return ReadIns
DEBUG flower 2021-04-08 13:49:57,079 | numpy_client.py:228 | read: ReadRes(clock=20)
DEBUG flower 2021-04-08 13:49:57,086 | numpy_client.py:172 | fit, FitIns(clock=42)
DEBUG flower 2021-04-08 13:49:57,086 | numpy_client.py:260 | cached_clock: 20, curr_clock: 42
DEBUG flower 2021-04-08 13:49:58,172 | acc_variance.py:19 | AccuracyVariance: sample variance 0.013816038745430147 (last 7 data)
DEBUG flower 2021-04-08 13:49:58,172 | numpy_client.py:201 | Not a switch point
INFO flower 2021-04-08 13:49:58,175 | numpy_client.py:205 | Cache is fresh, return FitRes(clock=42)
DEBUG flower 2021-04-08 13:50:06,222 | numpy_client.py:172 | fit, FitIns(clock=43)
DEBUG flower 2021-04-08 13:50:06,222 | numpy_client.py:260 | cached_clock: 20, curr_clock: 43
INFO flower 2021-04-08 13:50:06,222 | numpy_client.py:184 | Cache is stale, return ReadIns
DEBUG flower 2021-04-08 13:50:10,809 | numpy_client.py:228 | read: ReadRes(clock=21)
DEBUG flower 2021-04-08 13:50:10,816 | numpy_client.py:172 | fit, FitIns(clock=43)
DEBUG flower 2021-04-08 13:50:10,817 | numpy_client.py:260 | cached_clock: 21, curr_clock: 43
DEBUG flower 2021-04-08 13:50:11,881 | acc_variance.py:19 | AccuracyVariance: sample variance 0.013859423446249247 (last 7 data)
DEBUG flower 2021-04-08 13:50:11,881 | numpy_client.py:201 | Not a switch point
INFO flower 2021-04-08 13:50:11,884 | numpy_client.py:205 | Cache is fresh, return FitRes(clock=43)
DEBUG flower 2021-04-08 13:50:19,402 | numpy_client.py:172 | fit, FitIns(clock=44)
DEBUG flower 2021-04-08 13:50:19,402 | numpy_client.py:260 | cached_clock: 21, curr_clock: 44
INFO flower 2021-04-08 13:50:19,402 | numpy_client.py:184 | Cache is stale, return ReadIns
DEBUG flower 2021-04-08 13:50:23,868 | numpy_client.py:228 | read: ReadRes(clock=22)
DEBUG flower 2021-04-08 13:50:23,875 | numpy_client.py:172 | fit, FitIns(clock=44)
DEBUG flower 2021-04-08 13:50:23,875 | numpy_client.py:260 | cached_clock: 22, curr_clock: 44
DEBUG flower 2021-04-08 13:50:24,884 | acc_variance.py:19 | AccuracyVariance: sample variance 0.012962625526401036 (last 7 data)
DEBUG flower 2021-04-08 13:50:24,885 | numpy_client.py:201 | Not a switch point
INFO flower 2021-04-08 13:50:24,888 | numpy_client.py:205 | Cache is fresh, return FitRes(clock=44)
DEBUG flower 2021-04-08 13:50:32,558 | numpy_client.py:172 | fit, FitIns(clock=45)
DEBUG flower 2021-04-08 13:50:32,559 | numpy_client.py:260 | cached_clock: 22, curr_clock: 45
INFO flower 2021-04-08 13:50:32,559 | numpy_client.py:184 | Cache is stale, return ReadIns
DEBUG flower 2021-04-08 13:50:36,905 | numpy_client.py:228 | read: ReadRes(clock=23)
DEBUG flower 2021-04-08 13:50:36,912 | numpy_client.py:172 | fit, FitIns(clock=45)
DEBUG flower 2021-04-08 13:50:36,912 | numpy_client.py:260 | cached_clock: 23, curr_clock: 45
DEBUG flower 2021-04-08 13:50:37,957 | acc_variance.py:19 | AccuracyVariance: sample variance 0.017556884573557315 (last 7 data)
DEBUG flower 2021-04-08 13:50:37,958 | numpy_client.py:201 | Not a switch point
INFO flower 2021-04-08 13:50:37,964 | numpy_client.py:205 | Cache is fresh, return FitRes(clock=45)
DEBUG flower 2021-04-08 13:50:45,783 | numpy_client.py:172 | fit, FitIns(clock=46)
DEBUG flower 2021-04-08 13:50:45,783 | numpy_client.py:260 | cached_clock: 23, curr_clock: 46
INFO flower 2021-04-08 13:50:45,784 | numpy_client.py:184 | Cache is stale, return ReadIns
DEBUG flower 2021-04-08 13:50:50,474 | numpy_client.py:228 | read: ReadRes(clock=24)
DEBUG flower 2021-04-08 13:50:50,482 | numpy_client.py:172 | fit, FitIns(clock=46)
DEBUG flower 2021-04-08 13:50:50,482 | numpy_client.py:260 | cached_clock: 24, curr_clock: 46
DEBUG flower 2021-04-08 13:50:51,490 | acc_variance.py:19 | AccuracyVariance: sample variance 0.024136897531121287 (last 7 data)
DEBUG flower 2021-04-08 13:50:51,490 | numpy_client.py:201 | Not a switch point
INFO flower 2021-04-08 13:50:51,494 | numpy_client.py:205 | Cache is fresh, return FitRes(clock=46)
DEBUG flower 2021-04-08 13:50:59,506 | numpy_client.py:172 | fit, FitIns(clock=47)
DEBUG flower 2021-04-08 13:50:59,507 | numpy_client.py:260 | cached_clock: 24, curr_clock: 47
INFO flower 2021-04-08 13:50:59,507 | numpy_client.py:184 | Cache is stale, return ReadIns
DEBUG flower 2021-04-08 13:51:04,584 | numpy_client.py:228 | read: ReadRes(clock=25)
DEBUG flower 2021-04-08 13:51:04,591 | numpy_client.py:172 | fit, FitIns(clock=47)
DEBUG flower 2021-04-08 13:51:04,591 | numpy_client.py:260 | cached_clock: 25, curr_clock: 47
DEBUG flower 2021-04-08 13:51:05,611 | acc_variance.py:19 | AccuracyVariance: sample variance 0.024948191436438522 (last 7 data)
DEBUG flower 2021-04-08 13:51:05,611 | numpy_client.py:201 | Not a switch point
INFO flower 2021-04-08 13:51:05,660 | numpy_client.py:205 | Cache is fresh, return FitRes(clock=47)
DEBUG flower 2021-04-08 13:51:13,993 | numpy_client.py:172 | fit, FitIns(clock=48)
DEBUG flower 2021-04-08 13:51:13,993 | numpy_client.py:260 | cached_clock: 25, curr_clock: 48
INFO flower 2021-04-08 13:51:13,993 | numpy_client.py:184 | Cache is stale, return ReadIns
DEBUG flower 2021-04-08 13:51:18,631 | numpy_client.py:228 | read: ReadRes(clock=26)
DEBUG flower 2021-04-08 13:51:18,638 | numpy_client.py:172 | fit, FitIns(clock=48)
DEBUG flower 2021-04-08 13:51:18,639 | numpy_client.py:260 | cached_clock: 26, curr_clock: 48
DEBUG flower 2021-04-08 13:51:19,656 | acc_variance.py:19 | AccuracyVariance: sample variance 0.016012027685223747 (last 7 data)
DEBUG flower 2021-04-08 13:51:19,656 | numpy_client.py:201 | Not a switch point
INFO flower 2021-04-08 13:51:19,660 | numpy_client.py:205 | Cache is fresh, return FitRes(clock=48)
DEBUG flower 2021-04-08 13:51:27,119 | numpy_client.py:172 | fit, FitIns(clock=49)
DEBUG flower 2021-04-08 13:51:27,119 | numpy_client.py:260 | cached_clock: 26, curr_clock: 49
INFO flower 2021-04-08 13:51:27,120 | numpy_client.py:184 | Cache is stale, return ReadIns
DEBUG flower 2021-04-08 13:51:31,984 | numpy_client.py:228 | read: ReadRes(clock=27)
DEBUG flower 2021-04-08 13:51:31,991 | numpy_client.py:172 | fit, FitIns(clock=49)
DEBUG flower 2021-04-08 13:51:31,992 | numpy_client.py:260 | cached_clock: 27, curr_clock: 49
DEBUG flower 2021-04-08 13:51:33,087 | acc_variance.py:19 | AccuracyVariance: sample variance 0.021865708443241236 (last 7 data)
DEBUG flower 2021-04-08 13:51:33,087 | numpy_client.py:201 | Not a switch point
INFO flower 2021-04-08 13:51:33,090 | numpy_client.py:205 | Cache is fresh, return FitRes(clock=49)
DEBUG flower 2021-04-08 13:51:41,368 | numpy_client.py:172 | fit, FitIns(clock=50)
DEBUG flower 2021-04-08 13:51:41,368 | numpy_client.py:260 | cached_clock: 27, curr_clock: 50
INFO flower 2021-04-08 13:51:41,369 | numpy_client.py:184 | Cache is stale, return ReadIns
DEBUG flower 2021-04-08 13:51:45,800 | numpy_client.py:228 | read: ReadRes(clock=28)
DEBUG flower 2021-04-08 13:51:45,807 | numpy_client.py:172 | fit, FitIns(clock=50)
DEBUG flower 2021-04-08 13:51:45,807 | numpy_client.py:260 | cached_clock: 28, curr_clock: 50
DEBUG flower 2021-04-08 13:51:46,863 | acc_variance.py:19 | AccuracyVariance: sample variance 0.02223140531722893 (last 7 data)
DEBUG flower 2021-04-08 13:51:46,864 | numpy_client.py:201 | Not a switch point
INFO flower 2021-04-08 13:51:46,869 | numpy_client.py:205 | Cache is fresh, return FitRes(clock=50)
DEBUG flower 2021-04-08 13:51:54,094 | numpy_client.py:172 | fit, FitIns(clock=51)
DEBUG flower 2021-04-08 13:51:54,094 | numpy_client.py:260 | cached_clock: 28, curr_clock: 51
INFO flower 2021-04-08 13:51:54,094 | numpy_client.py:184 | Cache is stale, return ReadIns
DEBUG flower 2021-04-08 13:51:58,793 | numpy_client.py:228 | read: ReadRes(clock=29)
DEBUG flower 2021-04-08 13:51:58,800 | numpy_client.py:172 | fit, FitIns(clock=51)
DEBUG flower 2021-04-08 13:51:58,800 | numpy_client.py:260 | cached_clock: 29, curr_clock: 51
DEBUG flower 2021-04-08 13:51:59,859 | acc_variance.py:19 | AccuracyVariance: sample variance 0.02299768759544634 (last 7 data)
DEBUG flower 2021-04-08 13:51:59,859 | numpy_client.py:201 | Not a switch point
INFO flower 2021-04-08 13:51:59,862 | numpy_client.py:205 | Cache is fresh, return FitRes(clock=51)
DEBUG flower 2021-04-08 13:52:07,544 | numpy_client.py:172 | fit, FitIns(clock=52)
DEBUG flower 2021-04-08 13:52:07,545 | numpy_client.py:260 | cached_clock: 29, curr_clock: 52
INFO flower 2021-04-08 13:52:07,545 | numpy_client.py:184 | Cache is stale, return ReadIns
DEBUG flower 2021-04-08 13:52:12,270 | numpy_client.py:228 | read: ReadRes(clock=30)
DEBUG flower 2021-04-08 13:52:12,277 | numpy_client.py:172 | fit, FitIns(clock=52)
DEBUG flower 2021-04-08 13:52:12,277 | numpy_client.py:260 | cached_clock: 30, curr_clock: 52
DEBUG flower 2021-04-08 13:52:13,280 | acc_variance.py:19 | AccuracyVariance: sample variance 0.014693946243463374 (last 7 data)
DEBUG flower 2021-04-08 13:52:13,281 | numpy_client.py:201 | Not a switch point
INFO flower 2021-04-08 13:52:13,284 | numpy_client.py:205 | Cache is fresh, return FitRes(clock=52)
DEBUG flower 2021-04-08 13:52:21,586 | numpy_client.py:172 | fit, FitIns(clock=53)
DEBUG flower 2021-04-08 13:52:21,586 | numpy_client.py:260 | cached_clock: 30, curr_clock: 53
INFO flower 2021-04-08 13:52:21,586 | numpy_client.py:184 | Cache is stale, return ReadIns
DEBUG flower 2021-04-08 13:52:26,384 | numpy_client.py:228 | read: ReadRes(clock=31)
DEBUG flower 2021-04-08 13:52:26,391 | numpy_client.py:172 | fit, FitIns(clock=53)
DEBUG flower 2021-04-08 13:52:26,391 | numpy_client.py:260 | cached_clock: 31, curr_clock: 53
DEBUG flower 2021-04-08 13:52:27,379 | acc_variance.py:19 | AccuracyVariance: sample variance 0.01695284299944468 (last 7 data)
DEBUG flower 2021-04-08 13:52:27,379 | numpy_client.py:201 | Not a switch point
INFO flower 2021-04-08 13:52:27,383 | numpy_client.py:205 | Cache is fresh, return FitRes(clock=53)
DEBUG flower 2021-04-08 13:52:34,779 | numpy_client.py:172 | fit, FitIns(clock=54)
DEBUG flower 2021-04-08 13:52:34,779 | numpy_client.py:260 | cached_clock: 31, curr_clock: 54
INFO flower 2021-04-08 13:52:34,779 | numpy_client.py:184 | Cache is stale, return ReadIns
DEBUG flower 2021-04-08 13:52:39,693 | numpy_client.py:228 | read: ReadRes(clock=32)
DEBUG flower 2021-04-08 13:52:39,701 | numpy_client.py:172 | fit, FitIns(clock=54)
DEBUG flower 2021-04-08 13:52:39,701 | numpy_client.py:260 | cached_clock: 32, curr_clock: 54
DEBUG flower 2021-04-08 13:52:40,762 | acc_variance.py:19 | AccuracyVariance: sample variance 0.015116856691656255 (last 7 data)
DEBUG flower 2021-04-08 13:52:40,762 | numpy_client.py:201 | Not a switch point
INFO flower 2021-04-08 13:52:40,768 | numpy_client.py:205 | Cache is fresh, return FitRes(clock=54)
DEBUG flower 2021-04-08 13:52:48,558 | numpy_client.py:172 | fit, FitIns(clock=55)
DEBUG flower 2021-04-08 13:52:48,558 | numpy_client.py:260 | cached_clock: 32, curr_clock: 55
INFO flower 2021-04-08 13:52:48,558 | numpy_client.py:184 | Cache is stale, return ReadIns
DEBUG flower 2021-04-08 13:52:53,809 | numpy_client.py:228 | read: ReadRes(clock=33)
DEBUG flower 2021-04-08 13:52:53,817 | numpy_client.py:172 | fit, FitIns(clock=55)
DEBUG flower 2021-04-08 13:52:53,817 | numpy_client.py:260 | cached_clock: 33, curr_clock: 55
DEBUG flower 2021-04-08 13:52:54,860 | acc_variance.py:19 | AccuracyVariance: sample variance 0.01883998710028229 (last 7 data)
DEBUG flower 2021-04-08 13:52:54,860 | numpy_client.py:201 | Not a switch point
INFO flower 2021-04-08 13:52:54,866 | numpy_client.py:205 | Cache is fresh, return FitRes(clock=55)
DEBUG flower 2021-04-08 13:53:02,692 | numpy_client.py:172 | fit, FitIns(clock=56)
DEBUG flower 2021-04-08 13:53:02,692 | numpy_client.py:260 | cached_clock: 33, curr_clock: 56
INFO flower 2021-04-08 13:53:02,692 | numpy_client.py:184 | Cache is stale, return ReadIns
DEBUG flower 2021-04-08 13:53:07,629 | numpy_client.py:228 | read: ReadRes(clock=34)
DEBUG flower 2021-04-08 13:53:07,656 | numpy_client.py:172 | fit, FitIns(clock=56)
DEBUG flower 2021-04-08 13:53:07,656 | numpy_client.py:260 | cached_clock: 34, curr_clock: 56
DEBUG flower 2021-04-08 13:53:08,759 | acc_variance.py:19 | AccuracyVariance: sample variance 0.018380018886806425 (last 7 data)
DEBUG flower 2021-04-08 13:53:08,760 | numpy_client.py:201 | Not a switch point
INFO flower 2021-04-08 13:53:08,764 | numpy_client.py:205 | Cache is fresh, return FitRes(clock=56)
DEBUG flower 2021-04-08 13:53:16,680 | numpy_client.py:172 | fit, FitIns(clock=57)
DEBUG flower 2021-04-08 13:53:16,680 | numpy_client.py:260 | cached_clock: 34, curr_clock: 57
INFO flower 2021-04-08 13:53:16,681 | numpy_client.py:184 | Cache is stale, return ReadIns
DEBUG flower 2021-04-08 13:53:21,542 | numpy_client.py:228 | read: ReadRes(clock=35)
DEBUG flower 2021-04-08 13:53:21,549 | numpy_client.py:172 | fit, FitIns(clock=57)
DEBUG flower 2021-04-08 13:53:21,549 | numpy_client.py:260 | cached_clock: 35, curr_clock: 57
DEBUG flower 2021-04-08 13:53:22,583 | acc_variance.py:19 | AccuracyVariance: sample variance 0.020049245250821416 (last 7 data)
DEBUG flower 2021-04-08 13:53:22,584 | numpy_client.py:201 | Not a switch point
INFO flower 2021-04-08 13:53:22,587 | numpy_client.py:205 | Cache is fresh, return FitRes(clock=57)
DEBUG flower 2021-04-08 13:53:30,289 | numpy_client.py:172 | fit, FitIns(clock=58)
DEBUG flower 2021-04-08 13:53:30,289 | numpy_client.py:260 | cached_clock: 35, curr_clock: 58
INFO flower 2021-04-08 13:53:30,289 | numpy_client.py:184 | Cache is stale, return ReadIns
DEBUG flower 2021-04-08 13:53:34,965 | numpy_client.py:228 | read: ReadRes(clock=36)
DEBUG flower 2021-04-08 13:53:34,972 | numpy_client.py:172 | fit, FitIns(clock=58)
DEBUG flower 2021-04-08 13:53:34,973 | numpy_client.py:260 | cached_clock: 36, curr_clock: 58
DEBUG flower 2021-04-08 13:53:35,963 | acc_variance.py:19 | AccuracyVariance: sample variance 0.021083247287010044 (last 7 data)
DEBUG flower 2021-04-08 13:53:35,963 | numpy_client.py:201 | Not a switch point
INFO flower 2021-04-08 13:53:35,968 | numpy_client.py:205 | Cache is fresh, return FitRes(clock=58)
DEBUG flower 2021-04-08 13:53:44,029 | numpy_client.py:172 | fit, FitIns(clock=59)
DEBUG flower 2021-04-08 13:53:44,029 | numpy_client.py:260 | cached_clock: 36, curr_clock: 59
INFO flower 2021-04-08 13:53:44,029 | numpy_client.py:184 | Cache is stale, return ReadIns
DEBUG flower 2021-04-08 13:53:48,756 | numpy_client.py:228 | read: ReadRes(clock=37)
DEBUG flower 2021-04-08 13:53:48,770 | numpy_client.py:172 | fit, FitIns(clock=59)
DEBUG flower 2021-04-08 13:53:48,770 | numpy_client.py:260 | cached_clock: 37, curr_clock: 59
DEBUG flower 2021-04-08 13:53:49,780 | acc_variance.py:19 | AccuracyVariance: sample variance 0.022788808337961035 (last 7 data)
DEBUG flower 2021-04-08 13:53:49,780 | numpy_client.py:201 | Not a switch point
INFO flower 2021-04-08 13:53:49,783 | numpy_client.py:205 | Cache is fresh, return FitRes(clock=59)
DEBUG flower 2021-04-08 13:53:57,681 | numpy_client.py:172 | fit, FitIns(clock=60)
DEBUG flower 2021-04-08 13:53:57,681 | numpy_client.py:260 | cached_clock: 37, curr_clock: 60
INFO flower 2021-04-08 13:53:57,681 | numpy_client.py:184 | Cache is stale, return ReadIns
DEBUG flower 2021-04-08 13:54:02,600 | numpy_client.py:228 | read: ReadRes(clock=38)
DEBUG flower 2021-04-08 13:54:02,607 | numpy_client.py:172 | fit, FitIns(clock=60)
DEBUG flower 2021-04-08 13:54:02,607 | numpy_client.py:260 | cached_clock: 38, curr_clock: 60
DEBUG flower 2021-04-08 13:54:03,677 | acc_variance.py:19 | AccuracyVariance: sample variance 0.01986576412027396 (last 7 data)
DEBUG flower 2021-04-08 13:54:03,678 | numpy_client.py:201 | Not a switch point
INFO flower 2021-04-08 13:54:03,681 | numpy_client.py:205 | Cache is fresh, return FitRes(clock=60)
DEBUG flower 2021-04-08 13:54:11,733 | numpy_client.py:172 | fit, FitIns(clock=61)
DEBUG flower 2021-04-08 13:54:11,733 | numpy_client.py:260 | cached_clock: 38, curr_clock: 61
INFO flower 2021-04-08 13:54:11,733 | numpy_client.py:184 | Cache is stale, return ReadIns
DEBUG flower 2021-04-08 13:54:16,109 | numpy_client.py:228 | read: ReadRes(clock=39)
DEBUG flower 2021-04-08 13:54:16,117 | numpy_client.py:172 | fit, FitIns(clock=61)
DEBUG flower 2021-04-08 13:54:16,117 | numpy_client.py:260 | cached_clock: 39, curr_clock: 61
DEBUG flower 2021-04-08 13:54:17,362 | acc_variance.py:19 | AccuracyVariance: sample variance 0.02140456522745152 (last 7 data)
DEBUG flower 2021-04-08 13:54:17,362 | numpy_client.py:201 | Not a switch point
INFO flower 2021-04-08 13:54:17,367 | numpy_client.py:205 | Cache is fresh, return FitRes(clock=61)
DEBUG flower 2021-04-08 13:54:25,669 | numpy_client.py:172 | fit, FitIns(clock=62)
DEBUG flower 2021-04-08 13:54:25,669 | numpy_client.py:260 | cached_clock: 39, curr_clock: 62
INFO flower 2021-04-08 13:54:25,669 | numpy_client.py:184 | Cache is stale, return ReadIns
DEBUG flower 2021-04-08 13:54:30,164 | numpy_client.py:228 | read: ReadRes(clock=40)
DEBUG flower 2021-04-08 13:54:30,171 | numpy_client.py:172 | fit, FitIns(clock=62)
DEBUG flower 2021-04-08 13:54:30,171 | numpy_client.py:260 | cached_clock: 40, curr_clock: 62
DEBUG flower 2021-04-08 13:54:31,263 | acc_variance.py:19 | AccuracyVariance: sample variance 0.016011846915637003 (last 7 data)
DEBUG flower 2021-04-08 13:54:31,263 | numpy_client.py:201 | Not a switch point
INFO flower 2021-04-08 13:54:31,268 | numpy_client.py:205 | Cache is fresh, return FitRes(clock=62)
DEBUG flower 2021-04-08 13:54:39,185 | numpy_client.py:172 | fit, FitIns(clock=63)
DEBUG flower 2021-04-08 13:54:39,185 | numpy_client.py:260 | cached_clock: 40, curr_clock: 63
INFO flower 2021-04-08 13:54:39,185 | numpy_client.py:184 | Cache is stale, return ReadIns
DEBUG flower 2021-04-08 13:54:43,527 | numpy_client.py:228 | read: ReadRes(clock=41)
DEBUG flower 2021-04-08 13:54:43,534 | numpy_client.py:172 | fit, FitIns(clock=63)
DEBUG flower 2021-04-08 13:54:43,534 | numpy_client.py:260 | cached_clock: 41, curr_clock: 63
DEBUG flower 2021-04-08 13:54:44,512 | acc_variance.py:19 | AccuracyVariance: sample variance 0.006227512263408764 (last 7 data)
DEBUG flower 2021-04-08 13:54:44,512 | numpy_client.py:201 | Not a switch point
INFO flower 2021-04-08 13:54:44,557 | numpy_client.py:205 | Cache is fresh, return FitRes(clock=63)
DEBUG flower 2021-04-08 13:54:52,613 | numpy_client.py:172 | fit, FitIns(clock=64)
DEBUG flower 2021-04-08 13:54:52,613 | numpy_client.py:260 | cached_clock: 41, curr_clock: 64
INFO flower 2021-04-08 13:54:52,613 | numpy_client.py:184 | Cache is stale, return ReadIns
DEBUG flower 2021-04-08 13:54:57,358 | numpy_client.py:228 | read: ReadRes(clock=42)
DEBUG flower 2021-04-08 13:54:57,366 | numpy_client.py:172 | fit, FitIns(clock=64)
DEBUG flower 2021-04-08 13:54:57,366 | numpy_client.py:260 | cached_clock: 42, curr_clock: 64
DEBUG flower 2021-04-08 13:54:58,382 | acc_variance.py:19 | AccuracyVariance: sample variance 0.00999655814706835 (last 7 data)
DEBUG flower 2021-04-08 13:54:58,383 | numpy_client.py:201 | Not a switch point
INFO flower 2021-04-08 13:54:58,386 | numpy_client.py:205 | Cache is fresh, return FitRes(clock=64)
DEBUG flower 2021-04-08 13:55:06,263 | numpy_client.py:172 | fit, FitIns(clock=65)
DEBUG flower 2021-04-08 13:55:06,263 | numpy_client.py:260 | cached_clock: 42, curr_clock: 65
INFO flower 2021-04-08 13:55:06,263 | numpy_client.py:184 | Cache is stale, return ReadIns
DEBUG flower 2021-04-08 13:55:10,976 | numpy_client.py:228 | read: ReadRes(clock=43)
DEBUG flower 2021-04-08 13:55:10,983 | numpy_client.py:172 | fit, FitIns(clock=65)
DEBUG flower 2021-04-08 13:55:10,983 | numpy_client.py:260 | cached_clock: 43, curr_clock: 65
DEBUG flower 2021-04-08 13:55:12,058 | acc_variance.py:19 | AccuracyVariance: sample variance 0.009277456730991715 (last 7 data)
DEBUG flower 2021-04-08 13:55:12,058 | numpy_client.py:201 | Not a switch point
INFO flower 2021-04-08 13:55:12,061 | numpy_client.py:205 | Cache is fresh, return FitRes(clock=65)
DEBUG flower 2021-04-08 13:55:19,890 | numpy_client.py:172 | fit, FitIns(clock=66)
DEBUG flower 2021-04-08 13:55:19,890 | numpy_client.py:260 | cached_clock: 43, curr_clock: 66
INFO flower 2021-04-08 13:55:19,890 | numpy_client.py:184 | Cache is stale, return ReadIns
DEBUG flower 2021-04-08 13:55:24,500 | numpy_client.py:228 | read: ReadRes(clock=44)
DEBUG flower 2021-04-08 13:55:24,507 | numpy_client.py:172 | fit, FitIns(clock=66)
DEBUG flower 2021-04-08 13:55:24,507 | numpy_client.py:260 | cached_clock: 44, curr_clock: 66
DEBUG flower 2021-04-08 13:55:25,560 | acc_variance.py:19 | AccuracyVariance: sample variance 0.008371078023045955 (last 7 data)
DEBUG flower 2021-04-08 13:55:25,561 | numpy_client.py:201 | Not a switch point
INFO flower 2021-04-08 13:55:25,566 | numpy_client.py:205 | Cache is fresh, return FitRes(clock=66)
DEBUG flower 2021-04-08 13:55:33,571 | numpy_client.py:172 | fit, FitIns(clock=67)
DEBUG flower 2021-04-08 13:55:33,571 | numpy_client.py:260 | cached_clock: 44, curr_clock: 67
INFO flower 2021-04-08 13:55:33,571 | numpy_client.py:184 | Cache is stale, return ReadIns
DEBUG flower 2021-04-08 13:55:38,171 | numpy_client.py:228 | read: ReadRes(clock=45)
DEBUG flower 2021-04-08 13:55:38,179 | numpy_client.py:172 | fit, FitIns(clock=67)
DEBUG flower 2021-04-08 13:55:38,179 | numpy_client.py:260 | cached_clock: 45, curr_clock: 67
DEBUG flower 2021-04-08 13:55:39,189 | acc_variance.py:19 | AccuracyVariance: sample variance 0.008421693507334908 (last 7 data)
DEBUG flower 2021-04-08 13:55:39,189 | numpy_client.py:201 | Not a switch point
INFO flower 2021-04-08 13:55:39,193 | numpy_client.py:205 | Cache is fresh, return FitRes(clock=67)
DEBUG flower 2021-04-08 13:55:47,182 | numpy_client.py:172 | fit, FitIns(clock=68)
DEBUG flower 2021-04-08 13:55:47,182 | numpy_client.py:260 | cached_clock: 45, curr_clock: 68
INFO flower 2021-04-08 13:55:47,183 | numpy_client.py:184 | Cache is stale, return ReadIns
DEBUG flower 2021-04-08 13:55:51,644 | numpy_client.py:228 | read: ReadRes(clock=46)
DEBUG flower 2021-04-08 13:55:51,660 | numpy_client.py:172 | fit, FitIns(clock=68)
DEBUG flower 2021-04-08 13:55:51,660 | numpy_client.py:260 | cached_clock: 46, curr_clock: 68
DEBUG flower 2021-04-08 13:55:52,763 | acc_variance.py:19 | AccuracyVariance: sample variance 0.006886688561479013 (last 7 data)
DEBUG flower 2021-04-08 13:55:52,763 | numpy_client.py:201 | Not a switch point
INFO flower 2021-04-08 13:55:52,766 | numpy_client.py:205 | Cache is fresh, return FitRes(clock=68)
DEBUG flower 2021-04-08 13:56:00,665 | numpy_client.py:172 | fit, FitIns(clock=69)
DEBUG flower 2021-04-08 13:56:00,665 | numpy_client.py:260 | cached_clock: 46, curr_clock: 69
INFO flower 2021-04-08 13:56:00,665 | numpy_client.py:184 | Cache is stale, return ReadIns
DEBUG flower 2021-04-08 13:56:05,226 | numpy_client.py:228 | read: ReadRes(clock=47)
DEBUG flower 2021-04-08 13:56:05,233 | numpy_client.py:172 | fit, FitIns(clock=69)
DEBUG flower 2021-04-08 13:56:05,233 | numpy_client.py:260 | cached_clock: 47, curr_clock: 69
DEBUG flower 2021-04-08 13:56:06,280 | acc_variance.py:19 | AccuracyVariance: sample variance 0.006514122443194966 (last 7 data)
DEBUG flower 2021-04-08 13:56:06,280 | numpy_client.py:201 | Not a switch point
INFO flower 2021-04-08 13:56:06,284 | numpy_client.py:205 | Cache is fresh, return FitRes(clock=69)
DEBUG flower 2021-04-08 13:56:14,428 | numpy_client.py:172 | fit, FitIns(clock=70)
DEBUG flower 2021-04-08 13:56:14,428 | numpy_client.py:260 | cached_clock: 47, curr_clock: 70
INFO flower 2021-04-08 13:56:14,428 | numpy_client.py:184 | Cache is stale, return ReadIns
DEBUG flower 2021-04-08 13:56:19,312 | numpy_client.py:228 | read: ReadRes(clock=48)
DEBUG flower 2021-04-08 13:56:19,360 | numpy_client.py:172 | fit, FitIns(clock=70)
DEBUG flower 2021-04-08 13:56:19,360 | numpy_client.py:260 | cached_clock: 48, curr_clock: 70
DEBUG flower 2021-04-08 13:56:20,561 | acc_variance.py:19 | AccuracyVariance: sample variance 0.006480589684853534 (last 7 data)
DEBUG flower 2021-04-08 13:56:20,561 | numpy_client.py:201 | Not a switch point
INFO flower 2021-04-08 13:56:20,566 | numpy_client.py:205 | Cache is fresh, return FitRes(clock=70)
DEBUG flower 2021-04-08 13:56:27,814 | numpy_client.py:172 | fit, FitIns(clock=71)
DEBUG flower 2021-04-08 13:56:27,814 | numpy_client.py:260 | cached_clock: 48, curr_clock: 71
INFO flower 2021-04-08 13:56:27,814 | numpy_client.py:184 | Cache is stale, return ReadIns
DEBUG flower 2021-04-08 13:56:32,221 | numpy_client.py:228 | read: ReadRes(clock=49)
DEBUG flower 2021-04-08 13:56:32,228 | numpy_client.py:172 | fit, FitIns(clock=71)
DEBUG flower 2021-04-08 13:56:32,228 | numpy_client.py:260 | cached_clock: 49, curr_clock: 71
DEBUG flower 2021-04-08 13:56:33,263 | acc_variance.py:19 | AccuracyVariance: sample variance 0.005355660546531538 (last 7 data)
DEBUG flower 2021-04-08 13:56:33,264 | numpy_client.py:201 | Not a switch point
INFO flower 2021-04-08 13:56:33,269 | numpy_client.py:205 | Cache is fresh, return FitRes(clock=71)
DEBUG flower 2021-04-08 13:56:41,442 | numpy_client.py:172 | fit, FitIns(clock=72)
DEBUG flower 2021-04-08 13:56:41,442 | numpy_client.py:260 | cached_clock: 49, curr_clock: 72
INFO flower 2021-04-08 13:56:41,442 | numpy_client.py:184 | Cache is stale, return ReadIns
DEBUG flower 2021-04-08 13:56:46,697 | numpy_client.py:228 | read: ReadRes(clock=50)
DEBUG flower 2021-04-08 13:56:46,704 | numpy_client.py:172 | fit, FitIns(clock=72)
DEBUG flower 2021-04-08 13:56:46,704 | numpy_client.py:260 | cached_clock: 50, curr_clock: 72
DEBUG flower 2021-04-08 13:56:47,785 | acc_variance.py:19 | AccuracyVariance: sample variance 0.006232664196631032 (last 7 data)
DEBUG flower 2021-04-08 13:56:47,785 | numpy_client.py:201 | Not a switch point
INFO flower 2021-04-08 13:56:47,788 | numpy_client.py:205 | Cache is fresh, return FitRes(clock=72)
DEBUG flower 2021-04-08 13:56:55,731 | numpy_client.py:172 | fit, FitIns(clock=73)
DEBUG flower 2021-04-08 13:56:55,732 | numpy_client.py:260 | cached_clock: 50, curr_clock: 73
INFO flower 2021-04-08 13:56:55,732 | numpy_client.py:184 | Cache is stale, return ReadIns
DEBUG flower 2021-04-08 13:57:00,757 | numpy_client.py:228 | read: ReadRes(clock=51)
DEBUG flower 2021-04-08 13:57:00,764 | numpy_client.py:172 | fit, FitIns(clock=73)
DEBUG flower 2021-04-08 13:57:00,765 | numpy_client.py:260 | cached_clock: 51, curr_clock: 73
DEBUG flower 2021-04-08 13:57:01,784 | acc_variance.py:19 | AccuracyVariance: sample variance 0.009808467392058864 (last 7 data)
DEBUG flower 2021-04-08 13:57:01,784 | numpy_client.py:201 | Not a switch point
INFO flower 2021-04-08 13:57:01,788 | numpy_client.py:205 | Cache is fresh, return FitRes(clock=73)
DEBUG flower 2021-04-08 13:57:09,641 | numpy_client.py:172 | fit, FitIns(clock=74)
DEBUG flower 2021-04-08 13:57:09,641 | numpy_client.py:260 | cached_clock: 51, curr_clock: 74
INFO flower 2021-04-08 13:57:09,641 | numpy_client.py:184 | Cache is stale, return ReadIns
DEBUG flower 2021-04-08 13:57:15,001 | numpy_client.py:228 | read: ReadRes(clock=52)
DEBUG flower 2021-04-08 13:57:15,008 | numpy_client.py:172 | fit, FitIns(clock=74)
DEBUG flower 2021-04-08 13:57:15,008 | numpy_client.py:260 | cached_clock: 52, curr_clock: 74
DEBUG flower 2021-04-08 13:57:16,081 | acc_variance.py:19 | AccuracyVariance: sample variance 0.009601034291267527 (last 7 data)
DEBUG flower 2021-04-08 13:57:16,081 | numpy_client.py:201 | Not a switch point
INFO flower 2021-04-08 13:57:16,084 | numpy_client.py:205 | Cache is fresh, return FitRes(clock=74)
DEBUG flower 2021-04-08 13:57:23,896 | numpy_client.py:172 | fit, FitIns(clock=75)
DEBUG flower 2021-04-08 13:57:23,897 | numpy_client.py:260 | cached_clock: 52, curr_clock: 75
INFO flower 2021-04-08 13:57:23,897 | numpy_client.py:184 | Cache is stale, return ReadIns
DEBUG flower 2021-04-08 13:57:29,056 | numpy_client.py:228 | read: ReadRes(clock=53)
DEBUG flower 2021-04-08 13:57:29,064 | numpy_client.py:172 | fit, FitIns(clock=75)
DEBUG flower 2021-04-08 13:57:29,064 | numpy_client.py:260 | cached_clock: 53, curr_clock: 75
DEBUG flower 2021-04-08 13:57:30,257 | acc_variance.py:19 | AccuracyVariance: sample variance 0.010327728029987507 (last 7 data)
DEBUG flower 2021-04-08 13:57:30,258 | numpy_client.py:201 | Not a switch point
INFO flower 2021-04-08 13:57:30,261 | numpy_client.py:205 | Cache is fresh, return FitRes(clock=75)
DEBUG flower 2021-04-08 13:57:38,501 | numpy_client.py:172 | fit, FitIns(clock=76)
DEBUG flower 2021-04-08 13:57:38,502 | numpy_client.py:260 | cached_clock: 53, curr_clock: 76
INFO flower 2021-04-08 13:57:38,502 | numpy_client.py:184 | Cache is stale, return ReadIns
DEBUG flower 2021-04-08 13:57:43,557 | numpy_client.py:228 | read: ReadRes(clock=54)
DEBUG flower 2021-04-08 13:57:43,564 | numpy_client.py:172 | fit, FitIns(clock=76)
DEBUG flower 2021-04-08 13:57:43,564 | numpy_client.py:260 | cached_clock: 54, curr_clock: 76
DEBUG flower 2021-04-08 13:57:44,583 | acc_variance.py:19 | AccuracyVariance: sample variance 0.007733322921005137 (last 7 data)
DEBUG flower 2021-04-08 13:57:44,584 | numpy_client.py:201 | Not a switch point
INFO flower 2021-04-08 13:57:44,587 | numpy_client.py:205 | Cache is fresh, return FitRes(clock=76)
DEBUG flower 2021-04-08 13:57:52,169 | numpy_client.py:172 | fit, FitIns(clock=77)
DEBUG flower 2021-04-08 13:57:52,169 | numpy_client.py:260 | cached_clock: 54, curr_clock: 77
INFO flower 2021-04-08 13:57:52,169 | numpy_client.py:184 | Cache is stale, return ReadIns
DEBUG flower 2021-04-08 13:57:56,622 | numpy_client.py:228 | read: ReadRes(clock=55)
DEBUG flower 2021-04-08 13:57:56,629 | numpy_client.py:172 | fit, FitIns(clock=77)
DEBUG flower 2021-04-08 13:57:56,629 | numpy_client.py:260 | cached_clock: 55, curr_clock: 77
DEBUG flower 2021-04-08 13:57:57,683 | acc_variance.py:19 | AccuracyVariance: sample variance 0.007925029067749549 (last 7 data)
DEBUG flower 2021-04-08 13:57:57,684 | numpy_client.py:201 | Not a switch point
INFO flower 2021-04-08 13:57:57,687 | numpy_client.py:205 | Cache is fresh, return FitRes(clock=77)
DEBUG flower 2021-04-08 13:58:05,386 | numpy_client.py:172 | fit, FitIns(clock=78)
DEBUG flower 2021-04-08 13:58:05,386 | numpy_client.py:260 | cached_clock: 55, curr_clock: 78
INFO flower 2021-04-08 13:58:05,386 | numpy_client.py:184 | Cache is stale, return ReadIns
DEBUG flower 2021-04-08 13:58:09,988 | numpy_client.py:228 | read: ReadRes(clock=56)
DEBUG flower 2021-04-08 13:58:09,995 | numpy_client.py:172 | fit, FitIns(clock=78)
DEBUG flower 2021-04-08 13:58:09,995 | numpy_client.py:260 | cached_clock: 56, curr_clock: 78
DEBUG flower 2021-04-08 13:58:11,064 | acc_variance.py:19 | AccuracyVariance: sample variance 0.00801649847864316 (last 7 data)
DEBUG flower 2021-04-08 13:58:11,064 | numpy_client.py:201 | Not a switch point
INFO flower 2021-04-08 13:58:11,067 | numpy_client.py:205 | Cache is fresh, return FitRes(clock=78)
DEBUG flower 2021-04-08 13:58:19,118 | numpy_client.py:172 | fit, FitIns(clock=79)
DEBUG flower 2021-04-08 13:58:19,118 | numpy_client.py:260 | cached_clock: 56, curr_clock: 79
INFO flower 2021-04-08 13:58:19,118 | numpy_client.py:184 | Cache is stale, return ReadIns
DEBUG flower 2021-04-08 13:58:23,957 | numpy_client.py:228 | read: ReadRes(clock=57)
DEBUG flower 2021-04-08 13:58:23,964 | numpy_client.py:172 | fit, FitIns(clock=79)
DEBUG flower 2021-04-08 13:58:23,964 | numpy_client.py:260 | cached_clock: 57, curr_clock: 79
DEBUG flower 2021-04-08 13:58:24,984 | acc_variance.py:19 | AccuracyVariance: sample variance 0.009637640132583645 (last 7 data)
DEBUG flower 2021-04-08 13:58:24,984 | numpy_client.py:201 | Not a switch point
INFO flower 2021-04-08 13:58:24,987 | numpy_client.py:205 | Cache is fresh, return FitRes(clock=79)
DEBUG flower 2021-04-08 13:58:32,610 | numpy_client.py:172 | fit, FitIns(clock=80)
DEBUG flower 2021-04-08 13:58:32,610 | numpy_client.py:260 | cached_clock: 57, curr_clock: 80
INFO flower 2021-04-08 13:58:32,610 | numpy_client.py:184 | Cache is stale, return ReadIns
DEBUG flower 2021-04-08 13:58:38,274 | numpy_client.py:228 | read: ReadRes(clock=58)
DEBUG flower 2021-04-08 13:58:38,281 | numpy_client.py:172 | fit, FitIns(clock=80)
DEBUG flower 2021-04-08 13:58:38,281 | numpy_client.py:260 | cached_clock: 58, curr_clock: 80
DEBUG flower 2021-04-08 13:58:39,391 | acc_variance.py:19 | AccuracyVariance: sample variance 0.003451252950159655 (last 7 data)
DEBUG flower 2021-04-08 13:58:39,392 | numpy_client.py:201 | Not a switch point
INFO flower 2021-04-08 13:58:39,395 | numpy_client.py:205 | Cache is fresh, return FitRes(clock=80)
DEBUG flower 2021-04-08 13:58:47,362 | numpy_client.py:172 | fit, FitIns(clock=81)
DEBUG flower 2021-04-08 13:58:47,363 | numpy_client.py:260 | cached_clock: 58, curr_clock: 81
INFO flower 2021-04-08 13:58:47,363 | numpy_client.py:184 | Cache is stale, return ReadIns
DEBUG flower 2021-04-08 13:58:52,757 | numpy_client.py:228 | read: ReadRes(clock=59)
DEBUG flower 2021-04-08 13:58:52,765 | numpy_client.py:172 | fit, FitIns(clock=81)
DEBUG flower 2021-04-08 13:58:52,765 | numpy_client.py:260 | cached_clock: 59, curr_clock: 81
DEBUG flower 2021-04-08 13:58:53,897 | acc_variance.py:19 | AccuracyVariance: sample variance 0.006140200553010319 (last 7 data)
DEBUG flower 2021-04-08 13:58:53,898 | numpy_client.py:201 | Not a switch point
INFO flower 2021-04-08 13:58:53,901 | numpy_client.py:205 | Cache is fresh, return FitRes(clock=81)
DEBUG flower 2021-04-08 13:59:01,749 | numpy_client.py:172 | fit, FitIns(clock=82)
DEBUG flower 2021-04-08 13:59:01,750 | numpy_client.py:260 | cached_clock: 59, curr_clock: 82
INFO flower 2021-04-08 13:59:01,750 | numpy_client.py:184 | Cache is stale, return ReadIns
DEBUG flower 2021-04-08 13:59:06,749 | numpy_client.py:228 | read: ReadRes(clock=60)
DEBUG flower 2021-04-08 13:59:06,757 | numpy_client.py:172 | fit, FitIns(clock=82)
DEBUG flower 2021-04-08 13:59:06,757 | numpy_client.py:260 | cached_clock: 60, curr_clock: 82
DEBUG flower 2021-04-08 13:59:07,783 | acc_variance.py:19 | AccuracyVariance: sample variance 0.005878175037021612 (last 7 data)
DEBUG flower 2021-04-08 13:59:07,784 | numpy_client.py:201 | Not a switch point
INFO flower 2021-04-08 13:59:07,787 | numpy_client.py:205 | Cache is fresh, return FitRes(clock=82)
DEBUG flower 2021-04-08 13:59:15,857 | numpy_client.py:172 | fit, FitIns(clock=83)
DEBUG flower 2021-04-08 13:59:15,857 | numpy_client.py:260 | cached_clock: 60, curr_clock: 83
INFO flower 2021-04-08 13:59:15,857 | numpy_client.py:184 | Cache is stale, return ReadIns
DEBUG flower 2021-04-08 13:59:20,970 | numpy_client.py:228 | read: ReadRes(clock=61)
DEBUG flower 2021-04-08 13:59:20,980 | numpy_client.py:172 | fit, FitIns(clock=83)
DEBUG flower 2021-04-08 13:59:20,980 | numpy_client.py:260 | cached_clock: 61, curr_clock: 83
DEBUG flower 2021-04-08 13:59:22,063 | acc_variance.py:19 | AccuracyVariance: sample variance 0.005687824662177795 (last 7 data)
DEBUG flower 2021-04-08 13:59:22,064 | numpy_client.py:201 | Not a switch point
INFO flower 2021-04-08 13:59:22,067 | numpy_client.py:205 | Cache is fresh, return FitRes(clock=83)
DEBUG flower 2021-04-08 13:59:30,230 | numpy_client.py:172 | fit, FitIns(clock=84)
DEBUG flower 2021-04-08 13:59:30,231 | numpy_client.py:260 | cached_clock: 61, curr_clock: 84
INFO flower 2021-04-08 13:59:30,231 | numpy_client.py:184 | Cache is stale, return ReadIns
DEBUG flower 2021-04-08 13:59:34,730 | numpy_client.py:228 | read: ReadRes(clock=62)
DEBUG flower 2021-04-08 13:59:34,737 | numpy_client.py:172 | fit, FitIns(clock=84)
DEBUG flower 2021-04-08 13:59:34,737 | numpy_client.py:260 | cached_clock: 62, curr_clock: 84
DEBUG flower 2021-04-08 13:59:35,878 | acc_variance.py:19 | AccuracyVariance: sample variance 0.006456276175436161 (last 7 data)
DEBUG flower 2021-04-08 13:59:35,878 | numpy_client.py:201 | Not a switch point
INFO flower 2021-04-08 13:59:35,883 | numpy_client.py:205 | Cache is fresh, return FitRes(clock=84)
DEBUG flower 2021-04-08 13:59:43,755 | numpy_client.py:172 | fit, FitIns(clock=85)
DEBUG flower 2021-04-08 13:59:43,756 | numpy_client.py:260 | cached_clock: 62, curr_clock: 85
INFO flower 2021-04-08 13:59:43,756 | numpy_client.py:184 | Cache is stale, return ReadIns
DEBUG flower 2021-04-08 13:59:48,736 | numpy_client.py:228 | read: ReadRes(clock=63)
DEBUG flower 2021-04-08 13:59:48,759 | numpy_client.py:172 | fit, FitIns(clock=85)
DEBUG flower 2021-04-08 13:59:48,759 | numpy_client.py:260 | cached_clock: 63, curr_clock: 85
DEBUG flower 2021-04-08 13:59:49,782 | acc_variance.py:19 | AccuracyVariance: sample variance 0.006313920125873479 (last 7 data)
DEBUG flower 2021-04-08 13:59:49,782 | numpy_client.py:201 | Not a switch point
INFO flower 2021-04-08 13:59:49,786 | numpy_client.py:205 | Cache is fresh, return FitRes(clock=85)
DEBUG flower 2021-04-08 13:59:57,751 | numpy_client.py:172 | fit, FitIns(clock=86)
DEBUG flower 2021-04-08 13:59:57,751 | numpy_client.py:260 | cached_clock: 63, curr_clock: 86
INFO flower 2021-04-08 13:59:57,751 | numpy_client.py:184 | Cache is stale, return ReadIns
DEBUG flower 2021-04-08 14:00:02,457 | numpy_client.py:228 | read: ReadRes(clock=64)
DEBUG flower 2021-04-08 14:00:02,464 | numpy_client.py:172 | fit, FitIns(clock=86)
DEBUG flower 2021-04-08 14:00:02,464 | numpy_client.py:260 | cached_clock: 64, curr_clock: 86
DEBUG flower 2021-04-08 14:00:03,564 | acc_variance.py:19 | AccuracyVariance: sample variance 0.0068909366467675495 (last 7 data)
DEBUG flower 2021-04-08 14:00:03,564 | numpy_client.py:201 | Not a switch point
INFO flower 2021-04-08 14:00:03,570 | numpy_client.py:205 | Cache is fresh, return FitRes(clock=86)
DEBUG flower 2021-04-08 14:00:11,384 | numpy_client.py:172 | fit, FitIns(clock=87)
DEBUG flower 2021-04-08 14:00:11,384 | numpy_client.py:260 | cached_clock: 64, curr_clock: 87
INFO flower 2021-04-08 14:00:11,384 | numpy_client.py:184 | Cache is stale, return ReadIns
DEBUG flower 2021-04-08 14:00:16,357 | numpy_client.py:228 | read: ReadRes(clock=65)
DEBUG flower 2021-04-08 14:00:16,364 | numpy_client.py:172 | fit, FitIns(clock=87)
DEBUG flower 2021-04-08 14:00:16,365 | numpy_client.py:260 | cached_clock: 65, curr_clock: 87
DEBUG flower 2021-04-08 14:00:17,383 | acc_variance.py:19 | AccuracyVariance: sample variance 0.006675820838539498 (last 7 data)
DEBUG flower 2021-04-08 14:00:17,383 | numpy_client.py:201 | Not a switch point
INFO flower 2021-04-08 14:00:17,387 | numpy_client.py:205 | Cache is fresh, return FitRes(clock=87)
DEBUG flower 2021-04-08 14:00:25,588 | numpy_client.py:172 | fit, FitIns(clock=88)
DEBUG flower 2021-04-08 14:00:25,588 | numpy_client.py:260 | cached_clock: 65, curr_clock: 88
INFO flower 2021-04-08 14:00:25,588 | numpy_client.py:184 | Cache is stale, return ReadIns
DEBUG flower 2021-04-08 14:00:30,031 | numpy_client.py:228 | read: ReadRes(clock=66)
DEBUG flower 2021-04-08 14:00:30,038 | numpy_client.py:172 | fit, FitIns(clock=88)
DEBUG flower 2021-04-08 14:00:30,039 | numpy_client.py:260 | cached_clock: 66, curr_clock: 88
DEBUG flower 2021-04-08 14:00:31,060 | acc_variance.py:19 | AccuracyVariance: sample variance 0.007296222060252675 (last 7 data)
DEBUG flower 2021-04-08 14:00:31,060 | numpy_client.py:201 | Not a switch point
INFO flower 2021-04-08 14:00:31,064 | numpy_client.py:205 | Cache is fresh, return FitRes(clock=88)
DEBUG flower 2021-04-08 14:00:39,186 | numpy_client.py:172 | fit, FitIns(clock=89)
DEBUG flower 2021-04-08 14:00:39,186 | numpy_client.py:260 | cached_clock: 66, curr_clock: 89
INFO flower 2021-04-08 14:00:39,186 | numpy_client.py:184 | Cache is stale, return ReadIns
DEBUG flower 2021-04-08 14:00:43,905 | numpy_client.py:228 | read: ReadRes(clock=67)
DEBUG flower 2021-04-08 14:00:43,912 | numpy_client.py:172 | fit, FitIns(clock=89)
DEBUG flower 2021-04-08 14:00:43,912 | numpy_client.py:260 | cached_clock: 67, curr_clock: 89
DEBUG flower 2021-04-08 14:00:44,880 | acc_variance.py:19 | AccuracyVariance: sample variance 0.008860150139987972 (last 7 data)
DEBUG flower 2021-04-08 14:00:44,881 | numpy_client.py:201 | Not a switch point
INFO flower 2021-04-08 14:00:44,884 | numpy_client.py:205 | Cache is fresh, return FitRes(clock=89)
DEBUG flower 2021-04-08 14:00:52,916 | numpy_client.py:172 | fit, FitIns(clock=90)
DEBUG flower 2021-04-08 14:00:52,916 | numpy_client.py:260 | cached_clock: 67, curr_clock: 90
INFO flower 2021-04-08 14:00:52,917 | numpy_client.py:184 | Cache is stale, return ReadIns
DEBUG flower 2021-04-08 14:00:57,449 | numpy_client.py:228 | read: ReadRes(clock=68)
DEBUG flower 2021-04-08 14:00:57,457 | numpy_client.py:172 | fit, FitIns(clock=90)
DEBUG flower 2021-04-08 14:00:57,457 | numpy_client.py:260 | cached_clock: 68, curr_clock: 90
DEBUG flower 2021-04-08 14:00:58,561 | acc_variance.py:19 | AccuracyVariance: sample variance 0.008324891393632286 (last 7 data)
DEBUG flower 2021-04-08 14:00:58,562 | numpy_client.py:201 | Not a switch point
INFO flower 2021-04-08 14:00:58,566 | numpy_client.py:205 | Cache is fresh, return FitRes(clock=90)
DEBUG flower 2021-04-08 14:01:06,367 | numpy_client.py:172 | fit, FitIns(clock=91)
DEBUG flower 2021-04-08 14:01:06,369 | numpy_client.py:260 | cached_clock: 68, curr_clock: 91
INFO flower 2021-04-08 14:01:06,369 | numpy_client.py:184 | Cache is stale, return ReadIns
DEBUG flower 2021-04-08 14:01:10,857 | numpy_client.py:228 | read: ReadRes(clock=69)
DEBUG flower 2021-04-08 14:01:10,866 | numpy_client.py:172 | fit, FitIns(clock=91)
DEBUG flower 2021-04-08 14:01:10,866 | numpy_client.py:260 | cached_clock: 69, curr_clock: 91
DEBUG flower 2021-04-08 14:01:11,886 | acc_variance.py:19 | AccuracyVariance: sample variance 0.0087305383462909 (last 7 data)
DEBUG flower 2021-04-08 14:01:11,886 | numpy_client.py:201 | Not a switch point
INFO flower 2021-04-08 14:01:11,889 | numpy_client.py:205 | Cache is fresh, return FitRes(clock=91)
DEBUG flower 2021-04-08 14:01:19,896 | numpy_client.py:172 | fit, FitIns(clock=92)
DEBUG flower 2021-04-08 14:01:19,896 | numpy_client.py:260 | cached_clock: 69, curr_clock: 92
INFO flower 2021-04-08 14:01:19,896 | numpy_client.py:184 | Cache is stale, return ReadIns
DEBUG flower 2021-04-08 14:01:24,157 | numpy_client.py:228 | read: ReadRes(clock=70)
DEBUG flower 2021-04-08 14:01:24,164 | numpy_client.py:172 | fit, FitIns(clock=92)
DEBUG flower 2021-04-08 14:01:24,164 | numpy_client.py:260 | cached_clock: 70, curr_clock: 92
DEBUG flower 2021-04-08 14:01:25,181 | acc_variance.py:19 | AccuracyVariance: sample variance 0.006062379245916055 (last 7 data)
DEBUG flower 2021-04-08 14:01:25,182 | numpy_client.py:201 | Not a switch point
INFO flower 2021-04-08 14:01:25,185 | numpy_client.py:205 | Cache is fresh, return FitRes(clock=92)
DEBUG flower 2021-04-08 14:01:32,990 | numpy_client.py:172 | fit, FitIns(clock=93)
DEBUG flower 2021-04-08 14:01:32,990 | numpy_client.py:260 | cached_clock: 70, curr_clock: 93
INFO flower 2021-04-08 14:01:32,990 | numpy_client.py:184 | Cache is stale, return ReadIns
DEBUG flower 2021-04-08 14:01:37,596 | numpy_client.py:228 | read: ReadRes(clock=71)
DEBUG flower 2021-04-08 14:01:37,603 | numpy_client.py:172 | fit, FitIns(clock=93)
DEBUG flower 2021-04-08 14:01:37,603 | numpy_client.py:260 | cached_clock: 71, curr_clock: 93
DEBUG flower 2021-04-08 14:01:38,659 | acc_variance.py:19 | AccuracyVariance: sample variance 0.009216085456291361 (last 7 data)
DEBUG flower 2021-04-08 14:01:38,659 | numpy_client.py:201 | Not a switch point
INFO flower 2021-04-08 14:01:38,662 | numpy_client.py:205 | Cache is fresh, return FitRes(clock=93)
DEBUG flower 2021-04-08 14:01:46,425 | numpy_client.py:172 | fit, FitIns(clock=94)
DEBUG flower 2021-04-08 14:01:46,425 | numpy_client.py:260 | cached_clock: 71, curr_clock: 94
INFO flower 2021-04-08 14:01:46,425 | numpy_client.py:184 | Cache is stale, return ReadIns
DEBUG flower 2021-04-08 14:01:50,974 | numpy_client.py:228 | read: ReadRes(clock=72)
DEBUG flower 2021-04-08 14:01:50,981 | numpy_client.py:172 | fit, FitIns(clock=94)
DEBUG flower 2021-04-08 14:01:50,981 | numpy_client.py:260 | cached_clock: 72, curr_clock: 94
DEBUG flower 2021-04-08 14:01:52,061 | acc_variance.py:19 | AccuracyVariance: sample variance 0.009188246939932436 (last 7 data)
DEBUG flower 2021-04-08 14:01:52,061 | numpy_client.py:201 | Not a switch point
INFO flower 2021-04-08 14:01:52,067 | numpy_client.py:205 | Cache is fresh, return FitRes(clock=94)
DEBUG flower 2021-04-08 14:01:59,854 | numpy_client.py:172 | fit, FitIns(clock=95)
DEBUG flower 2021-04-08 14:01:59,854 | numpy_client.py:260 | cached_clock: 72, curr_clock: 95
INFO flower 2021-04-08 14:01:59,854 | numpy_client.py:184 | Cache is stale, return ReadIns
DEBUG flower 2021-04-08 14:02:04,661 | numpy_client.py:228 | read: ReadRes(clock=73)
DEBUG flower 2021-04-08 14:02:04,668 | numpy_client.py:172 | fit, FitIns(clock=95)
DEBUG flower 2021-04-08 14:02:04,668 | numpy_client.py:260 | cached_clock: 73, curr_clock: 95
DEBUG flower 2021-04-08 14:02:05,785 | acc_variance.py:19 | AccuracyVariance: sample variance 0.004901115420658059 (last 7 data)
DEBUG flower 2021-04-08 14:02:05,785 | numpy_client.py:201 | Not a switch point
INFO flower 2021-04-08 14:02:05,788 | numpy_client.py:205 | Cache is fresh, return FitRes(clock=95)
DEBUG flower 2021-04-08 14:02:13,577 | numpy_client.py:172 | fit, FitIns(clock=96)
DEBUG flower 2021-04-08 14:02:13,577 | numpy_client.py:260 | cached_clock: 73, curr_clock: 96
INFO flower 2021-04-08 14:02:13,577 | numpy_client.py:184 | Cache is stale, return ReadIns
DEBUG flower 2021-04-08 14:02:18,165 | numpy_client.py:228 | read: ReadRes(clock=74)
DEBUG flower 2021-04-08 14:02:18,172 | numpy_client.py:172 | fit, FitIns(clock=96)
DEBUG flower 2021-04-08 14:02:18,172 | numpy_client.py:260 | cached_clock: 74, curr_clock: 96
DEBUG flower 2021-04-08 14:02:19,185 | acc_variance.py:19 | AccuracyVariance: sample variance 0.007074688931695127 (last 7 data)
DEBUG flower 2021-04-08 14:02:19,185 | numpy_client.py:201 | Not a switch point
INFO flower 2021-04-08 14:02:19,189 | numpy_client.py:205 | Cache is fresh, return FitRes(clock=96)
DEBUG flower 2021-04-08 14:02:27,928 | numpy_client.py:172 | fit, FitIns(clock=97)
DEBUG flower 2021-04-08 14:02:27,928 | numpy_client.py:260 | cached_clock: 74, curr_clock: 97
INFO flower 2021-04-08 14:02:27,928 | numpy_client.py:184 | Cache is stale, return ReadIns
DEBUG flower 2021-04-08 14:02:32,296 | numpy_client.py:228 | read: ReadRes(clock=75)
DEBUG flower 2021-04-08 14:02:32,303 | numpy_client.py:172 | fit, FitIns(clock=97)
DEBUG flower 2021-04-08 14:02:32,304 | numpy_client.py:260 | cached_clock: 75, curr_clock: 97
DEBUG flower 2021-04-08 14:02:33,366 | acc_variance.py:19 | AccuracyVariance: sample variance 0.00607412926905456 (last 7 data)
DEBUG flower 2021-04-08 14:02:33,366 | numpy_client.py:201 | Not a switch point
INFO flower 2021-04-08 14:02:33,370 | numpy_client.py:205 | Cache is fresh, return FitRes(clock=97)
DEBUG flower 2021-04-08 14:02:41,592 | numpy_client.py:172 | fit, FitIns(clock=98)
DEBUG flower 2021-04-08 14:02:41,593 | numpy_client.py:260 | cached_clock: 75, curr_clock: 98
INFO flower 2021-04-08 14:02:41,593 | numpy_client.py:184 | Cache is stale, return ReadIns
DEBUG flower 2021-04-08 14:02:46,039 | numpy_client.py:228 | read: ReadRes(clock=76)
DEBUG flower 2021-04-08 14:02:46,059 | numpy_client.py:172 | fit, FitIns(clock=98)
DEBUG flower 2021-04-08 14:02:46,059 | numpy_client.py:260 | cached_clock: 76, curr_clock: 98
DEBUG flower 2021-04-08 14:02:47,081 | acc_variance.py:19 | AccuracyVariance: sample variance 0.006802630703642001 (last 7 data)
DEBUG flower 2021-04-08 14:02:47,082 | numpy_client.py:201 | Not a switch point
INFO flower 2021-04-08 14:02:47,085 | numpy_client.py:205 | Cache is fresh, return FitRes(clock=98)
DEBUG flower 2021-04-08 14:02:54,896 | numpy_client.py:172 | fit, FitIns(clock=99)
DEBUG flower 2021-04-08 14:02:54,897 | numpy_client.py:260 | cached_clock: 76, curr_clock: 99
INFO flower 2021-04-08 14:02:54,897 | numpy_client.py:184 | Cache is stale, return ReadIns
DEBUG flower 2021-04-08 14:02:59,557 | numpy_client.py:228 | read: ReadRes(clock=77)
DEBUG flower 2021-04-08 14:02:59,564 | numpy_client.py:172 | fit, FitIns(clock=99)
DEBUG flower 2021-04-08 14:02:59,564 | numpy_client.py:260 | cached_clock: 77, curr_clock: 99
DEBUG flower 2021-04-08 14:03:00,656 | acc_variance.py:19 | AccuracyVariance: sample variance 0.006375472170160581 (last 7 data)
DEBUG flower 2021-04-08 14:03:00,656 | numpy_client.py:201 | Not a switch point
INFO flower 2021-04-08 14:03:00,659 | numpy_client.py:205 | Cache is fresh, return FitRes(clock=99)
DEBUG flower 2021-04-08 14:03:00,659 | numpy_client.py:217 | The client finishes computing after 1058 seconds
INFO flower 2021-04-08 14:08:14,875 | numpy_client.py:250 | [32;1m Loss: 22.346, Accuracy: 59.929%[0m
DEBUG flower 2021-04-08 14:08:15,918 | connection.py:68 | Insecure gRPC channel closed
INFO flower 2021-04-08 14:08:15,919 | app.py:74 | Disconnect and shut down
Namespace(idx=14, max_delay=0, min_delay=0, num_clients=31, server_ip='10.244.37.27:8080', staleness_bound=2000)
I'm client 14
Start SSP client without delay
Files already downloaded and verified
Files already downloaded and verified
[32;1mClient 14: 667 train samples, 282 test samples[0m
loss=47.804523944854736, acc=0.19791666666666666
feed:  0.19791666666666666
loss=47.86348557472229, acc=0.09226190476190477
feed:  0.09226190476190477
loss=47.46798920631409, acc=0.22172619047619047
feed:  0.22172619047619047
loss=47.086410999298096, acc=0.22321428571428573
feed:  0.22321428571428573
loss=46.71364498138428, acc=0.22767857142857142
feed:  0.22767857142857142
loss=46.34062647819519, acc=0.23363095238095238
feed:  0.23363095238095238
loss=45.957059383392334, acc=0.2261904761904762
feed:  0.2261904761904762
loss=45.55528473854065, acc=0.22767857142857142
feed:  0.22767857142857142
loss=45.12799572944641, acc=0.2113095238095238
feed:  0.2113095238095238
loss=44.659496545791626, acc=0.20833333333333334
feed:  0.20833333333333334
loss=44.12412190437317, acc=0.20982142857142858
feed:  0.20982142857142858
loss=43.47656464576721, acc=0.20535714285714285
feed:  0.20535714285714285
loss=42.634586572647095, acc=0.21279761904761904
feed:  0.21279761904761904
loss=41.467466831207275, acc=0.25595238095238093
feed:  0.25595238095238093
loss=39.88186967372894, acc=0.25
feed:  0.25
loss=38.033331632614136, acc=0.23214285714285715
feed:  0.23214285714285715
loss=36.43470561504364, acc=0.22321428571428573
feed:  0.22321428571428573
loss=35.40731239318848, acc=0.22767857142857142
feed:  0.22767857142857142
loss=34.8425076007843, acc=0.23363095238095238
feed:  0.23363095238095238
loss=34.529072999954224, acc=0.24553571428571427
feed:  0.24553571428571427
loss=34.331664085388184, acc=0.25297619047619047
feed:  0.25297619047619047
loss=34.18869209289551, acc=0.25744047619047616
feed:  0.25744047619047616
loss=34.07492923736572, acc=0.2544642857142857
feed:  0.2544642857142857
loss=33.97081422805786, acc=0.25744047619047616
feed:  0.25744047619047616
loss=33.872047781944275, acc=0.25892857142857145
feed:  0.25892857142857145
loss=33.77723777294159, acc=0.2648809523809524
feed:  0.2648809523809524
loss=33.68614053726196, acc=0.2693452380952381
feed:  0.2693452380952381
loss=33.59609603881836, acc=0.27976190476190477
feed:  0.27976190476190477
loss=60.64578092098236, acc=0.21279761904761904
feed:  0.21279761904761904
loss=60.42323362827301, acc=0.21577380952380953
feed:  0.21577380952380953
loss=65.96998965740204, acc=0.23809523809523808
feed:  0.23809523809523808
loss=43.67207384109497, acc=0.3645833333333333
feed:  0.3645833333333333
loss=30.351979970932007, acc=0.3794642857142857
feed:  0.3794642857142857
loss=59.08769083023071, acc=0.20684523809523808
feed:  0.20684523809523808
loss=32.60866940021515, acc=0.35119047619047616
feed:  0.35119047619047616
loss=58.68245995044708, acc=0.21875
feed:  0.21875
loss=64.95545625686646, acc=0.24553571428571427
feed:  0.24553571428571427
loss=47.56165289878845, acc=0.33035714285714285
feed:  0.33035714285714285
loss=42.75129246711731, acc=0.34375
feed:  0.34375
loss=64.82405614852905, acc=0.2619047619047619
feed:  0.2619047619047619
loss=68.16050219535828, acc=0.18452380952380953
feed:  0.18452380952380953
loss=78.73705959320068, acc=0.002976190476190476
feed:  0.002976190476190476
loss=39.17391777038574, acc=0.37648809523809523
feed:  0.37648809523809523
loss=64.74730694293976, acc=0.2693452380952381
feed:  0.2693452380952381
loss=64.97338163852692, acc=0.2693452380952381
feed:  0.2693452380952381
loss=78.64740085601807, acc=0.001488095238095238
feed:  0.001488095238095238
loss=37.543562054634094, acc=0.42857142857142855
feed:  0.42857142857142855
loss=51.45623302459717, acc=0.31547619047619047
feed:  0.31547619047619047
loss=65.60064446926117, acc=0.23214285714285715
feed:  0.23214285714285715
loss=78.77822732925415, acc=0.001488095238095238
feed:  0.001488095238095238
loss=47.740405440330505, acc=0.29017857142857145
feed:  0.29017857142857145
loss=47.41284894943237, acc=0.30952380952380953
feed:  0.30952380952380953
loss=52.194342732429504, acc=0.2857142857142857
feed:  0.2857142857142857
loss=79.30316209793091, acc=0.005952380952380952
feed:  0.005952380952380952
loss=51.578765749931335, acc=0.22470238095238096
feed:  0.22470238095238096
loss=79.47630667686462, acc=0.005952380952380952
feed:  0.005952380952380952
loss=79.57203841209412, acc=0.011904761904761904
feed:  0.011904761904761904
loss=54.18655741214752, acc=0.33035714285714285
feed:  0.33035714285714285
loss=54.36136853694916, acc=0.3333333333333333
feed:  0.3333333333333333
loss=53.2928911447525, acc=0.33035714285714285
feed:  0.33035714285714285
loss=54.73737835884094, acc=0.3333333333333333
feed:  0.3333333333333333
loss=54.88282346725464, acc=0.33630952380952384
feed:  0.33630952380952384
loss=73.78103756904602, acc=0.10416666666666667
feed:  0.10416666666666667
loss=50.412182450294495, acc=0.28869047619047616
feed:  0.28869047619047616
loss=74.32290744781494, acc=0.10714285714285714
feed:  0.10714285714285714
loss=50.38207507133484, acc=0.28273809523809523
feed:  0.28273809523809523
loss=56.89771270751953, acc=0.2619047619047619
feed:  0.2619047619047619
loss=73.9883838891983, acc=0.125
feed:  0.125
loss=50.48024666309357, acc=0.28125
feed:  0.28125
loss=73.99880301952362, acc=0.11755952380952381
feed:  0.11755952380952381
loss=50.61159408092499, acc=0.28720238095238093
feed:  0.28720238095238093
loss=50.98753595352173, acc=0.2961309523809524
feed:  0.2961309523809524
loss=56.167309641838074, acc=0.3288690476190476
feed:  0.3288690476190476
loss=73.10325455665588, acc=0.06696428571428571
feed:  0.06696428571428571
loss=57.532033920288086, acc=0.32589285714285715
feed:  0.32589285714285715
loss=51.80027461051941, acc=0.32589285714285715
feed:  0.32589285714285715
loss=58.89487934112549, acc=0.3229166666666667
feed:  0.3229166666666667
loss=59.28710758686066, acc=0.31845238095238093
feed:  0.31845238095238093
loss=51.93759071826935, acc=0.3125
feed:  0.3125
loss=61.63000845909119, acc=0.15327380952380953
feed:  0.15327380952380953
loss=61.202885150909424, acc=0.31845238095238093
feed:  0.31845238095238093
loss=64.69050312042236, acc=0.13988095238095238
feed:  0.13988095238095238
loss=62.92150139808655, acc=0.30654761904761907
feed:  0.30654761904761907
loss=50.79790699481964, acc=0.30952380952380953
feed:  0.30952380952380953
loss=61.633541226387024, acc=0.15625
feed:  0.15625
loss=65.73159980773926, acc=0.30505952380952384
feed:  0.30505952380952384
loss=66.29793274402618, acc=0.1324404761904762
feed:  0.1324404761904762
loss=69.93070650100708, acc=0.14136904761904762
feed:  0.14136904761904762
loss=41.352463603019714, acc=0.33630952380952384
feed:  0.33630952380952384
loss=60.131192326545715, acc=0.09375
feed:  0.09375
loss=64.60287594795227, acc=0.09970238095238096
feed:  0.09970238095238096
loss=66.86684513092041, acc=0.12053571428571429
feed:  0.12053571428571429
loss=68.04752206802368, acc=0.12202380952380952
feed:  0.12202380952380952
loss=64.65896129608154, acc=0.31398809523809523
feed:  0.31398809523809523
loss=64.33641910552979, acc=0.14434523809523808
feed:  0.14434523809523808
loss=69.6839771270752, acc=0.15625
feed:  0.15625
loss=65.843545794487, acc=0.3080357142857143
feed:  0.3080357142857143
loss=72.54908919334412, acc=0.16666666666666666
feed:  0.16666666666666666
loss=48.14075982570648, acc=0.31398809523809523
feed:  0.31398809523809523
loss=49.31992757320404, acc=0.3288690476190476
feed:  0.3288690476190476
Files already downloaded and verified
Files already downloaded and verified
Testing on full test set: 313, 1497.4904010295868, 0.3377
Testing on partial test set: 9, 22.345728158950806, 0.599290780141844
