DEBUG flower 2021-04-08 13:45:16,031 | connection.py:36 | ChannelConnectivity.IDLE
DEBUG flower 2021-04-08 13:45:16,033 | connection.py:36 | ChannelConnectivity.READY
INFO flower 2021-04-08 13:45:16,034 | app.py:63 | Opened (insecure) gRPC connection
DEBUG flower 2021-04-08 13:45:21,525 | numpy_client.py:172 | fit, FitIns(clock=0)
INFO flower 2021-04-08 13:45:21,525 | numpy_client.py:184 | Cache is stale, return ReadIns
DEBUG flower 2021-04-08 13:45:21,591 | numpy_client.py:228 | read: ReadRes(clock=-1)
DEBUG flower 2021-04-08 13:45:21,607 | numpy_client.py:172 | fit, FitIns(clock=0)
DEBUG flower 2021-04-08 13:45:21,607 | numpy_client.py:260 | cached_clock: -1, curr_clock: 0
DEBUG flower 2021-04-08 13:45:23,612 | model_wrapper.py:21 | Load existing initial model
DEBUG flower 2021-04-08 13:45:23,613 | numpy_client.py:201 | Not a switch point
INFO flower 2021-04-08 13:45:23,616 | numpy_client.py:205 | Cache is fresh, return FitRes(clock=0)
DEBUG flower 2021-04-08 13:45:23,638 | numpy_client.py:172 | fit, FitIns(clock=1)
DEBUG flower 2021-04-08 13:45:23,638 | numpy_client.py:260 | cached_clock: -1, curr_clock: 1
DEBUG flower 2021-04-08 13:45:25,609 | numpy_client.py:201 | Not a switch point
INFO flower 2021-04-08 13:45:25,613 | numpy_client.py:205 | Cache is fresh, return FitRes(clock=1)
DEBUG flower 2021-04-08 13:45:25,662 | numpy_client.py:172 | fit, FitIns(clock=2)
DEBUG flower 2021-04-08 13:45:25,663 | numpy_client.py:260 | cached_clock: -1, curr_clock: 2
DEBUG flower 2021-04-08 13:45:27,610 | numpy_client.py:201 | Not a switch point
INFO flower 2021-04-08 13:45:27,615 | numpy_client.py:205 | Cache is fresh, return FitRes(clock=2)
DEBUG flower 2021-04-08 13:45:35,991 | numpy_client.py:172 | fit, FitIns(clock=3)
DEBUG flower 2021-04-08 13:45:35,991 | numpy_client.py:260 | cached_clock: -1, curr_clock: 3
DEBUG flower 2021-04-08 13:45:38,012 | numpy_client.py:201 | Not a switch point
INFO flower 2021-04-08 13:45:38,018 | numpy_client.py:205 | Cache is fresh, return FitRes(clock=3)
DEBUG flower 2021-04-08 13:45:38,042 | numpy_client.py:172 | fit, FitIns(clock=4)
DEBUG flower 2021-04-08 13:45:38,042 | numpy_client.py:260 | cached_clock: -1, curr_clock: 4
DEBUG flower 2021-04-08 13:45:40,033 | numpy_client.py:201 | Not a switch point
INFO flower 2021-04-08 13:45:40,036 | numpy_client.py:205 | Cache is fresh, return FitRes(clock=4)
DEBUG flower 2021-04-08 13:45:40,067 | numpy_client.py:172 | fit, FitIns(clock=5)
DEBUG flower 2021-04-08 13:45:40,067 | numpy_client.py:260 | cached_clock: -1, curr_clock: 5
DEBUG flower 2021-04-08 13:45:42,103 | numpy_client.py:201 | Not a switch point
INFO flower 2021-04-08 13:45:42,107 | numpy_client.py:205 | Cache is fresh, return FitRes(clock=5)
DEBUG flower 2021-04-08 13:45:49,768 | numpy_client.py:172 | fit, FitIns(clock=6)
DEBUG flower 2021-04-08 13:45:49,768 | numpy_client.py:260 | cached_clock: -1, curr_clock: 6
DEBUG flower 2021-04-08 13:45:51,627 | acc_variance.py:19 | AccuracyVariance: sample variance 0.0013220214843749994 (last 7 data)
DEBUG flower 2021-04-08 13:45:51,627 | numpy_client.py:201 | Not a switch point
INFO flower 2021-04-08 13:45:51,631 | numpy_client.py:205 | Cache is fresh, return FitRes(clock=6)
DEBUG flower 2021-04-08 13:45:51,654 | numpy_client.py:172 | fit, FitIns(clock=7)
DEBUG flower 2021-04-08 13:45:51,654 | numpy_client.py:260 | cached_clock: -1, curr_clock: 7
DEBUG flower 2021-04-08 13:45:53,722 | acc_variance.py:19 | AccuracyVariance: sample variance 7.703719777548943e-34 (last 7 data)
DEBUG flower 2021-04-08 13:45:53,723 | acc_variance.py:23 | AccuracyVariance: should switch
DEBUG flower 2021-04-08 13:45:53,723 | numpy_client.py:199 | Find switch point, staleness_bound -> 29
INFO flower 2021-04-08 13:45:53,728 | numpy_client.py:205 | Cache is fresh, return FitRes(clock=7)
DEBUG flower 2021-04-08 13:45:53,749 | numpy_client.py:172 | fit, FitIns(clock=8)
DEBUG flower 2021-04-08 13:45:53,749 | numpy_client.py:260 | cached_clock: -1, curr_clock: 8
DEBUG flower 2021-04-08 13:45:55,833 | acc_variance.py:19 | AccuracyVariance: sample variance 0.00015134227519132654 (last 7 data)
DEBUG flower 2021-04-08 13:45:55,833 | numpy_client.py:201 | Not a switch point
INFO flower 2021-04-08 13:45:55,836 | numpy_client.py:205 | Cache is fresh, return FitRes(clock=8)
DEBUG flower 2021-04-08 13:46:03,541 | numpy_client.py:172 | fit, FitIns(clock=9)
DEBUG flower 2021-04-08 13:46:03,542 | numpy_client.py:260 | cached_clock: -1, curr_clock: 9
DEBUG flower 2021-04-08 13:46:05,528 | acc_variance.py:19 | AccuracyVariance: sample variance 0.0003157635124362244 (last 7 data)
DEBUG flower 2021-04-08 13:46:05,528 | numpy_client.py:201 | Not a switch point
INFO flower 2021-04-08 13:46:05,532 | numpy_client.py:205 | Cache is fresh, return FitRes(clock=9)
DEBUG flower 2021-04-08 13:46:05,555 | numpy_client.py:172 | fit, FitIns(clock=10)
DEBUG flower 2021-04-08 13:46:05,555 | numpy_client.py:260 | cached_clock: -1, curr_clock: 10
DEBUG flower 2021-04-08 13:46:07,508 | acc_variance.py:19 | AccuracyVariance: sample variance 0.001289137236926021 (last 7 data)
DEBUG flower 2021-04-08 13:46:07,509 | numpy_client.py:201 | Not a switch point
INFO flower 2021-04-08 13:46:07,513 | numpy_client.py:205 | Cache is fresh, return FitRes(clock=10)
DEBUG flower 2021-04-08 13:46:07,537 | numpy_client.py:172 | fit, FitIns(clock=11)
DEBUG flower 2021-04-08 13:46:07,537 | numpy_client.py:260 | cached_clock: -1, curr_clock: 11
DEBUG flower 2021-04-08 13:46:09,525 | acc_variance.py:19 | AccuracyVariance: sample variance 0.002506053691007654 (last 7 data)
DEBUG flower 2021-04-08 13:46:09,526 | numpy_client.py:201 | Not a switch point
INFO flower 2021-04-08 13:46:09,529 | numpy_client.py:205 | Cache is fresh, return FitRes(clock=11)
DEBUG flower 2021-04-08 13:46:17,236 | numpy_client.py:172 | fit, FitIns(clock=12)
DEBUG flower 2021-04-08 13:46:17,236 | numpy_client.py:260 | cached_clock: -1, curr_clock: 12
DEBUG flower 2021-04-08 13:46:19,212 | acc_variance.py:19 | AccuracyVariance: sample variance 0.0034237982302295932 (last 7 data)
DEBUG flower 2021-04-08 13:46:19,212 | numpy_client.py:201 | Not a switch point
INFO flower 2021-04-08 13:46:19,216 | numpy_client.py:205 | Cache is fresh, return FitRes(clock=12)
DEBUG flower 2021-04-08 13:46:19,239 | numpy_client.py:172 | fit, FitIns(clock=13)
DEBUG flower 2021-04-08 13:46:19,239 | numpy_client.py:260 | cached_clock: -1, curr_clock: 13
DEBUG flower 2021-04-08 13:46:21,028 | acc_variance.py:19 | AccuracyVariance: sample variance 0.004012575733418368 (last 7 data)
DEBUG flower 2021-04-08 13:46:21,028 | numpy_client.py:201 | Not a switch point
INFO flower 2021-04-08 13:46:21,032 | numpy_client.py:205 | Cache is fresh, return FitRes(clock=13)
DEBUG flower 2021-04-08 13:46:21,064 | numpy_client.py:172 | fit, FitIns(clock=14)
DEBUG flower 2021-04-08 13:46:21,064 | numpy_client.py:260 | cached_clock: -1, curr_clock: 14
DEBUG flower 2021-04-08 13:46:23,117 | acc_variance.py:19 | AccuracyVariance: sample variance 0.003209203603316327 (last 7 data)
DEBUG flower 2021-04-08 13:46:23,118 | numpy_client.py:201 | Not a switch point
INFO flower 2021-04-08 13:46:23,121 | numpy_client.py:205 | Cache is fresh, return FitRes(clock=14)
DEBUG flower 2021-04-08 13:46:30,007 | numpy_client.py:172 | fit, FitIns(clock=15)
DEBUG flower 2021-04-08 13:46:30,008 | numpy_client.py:260 | cached_clock: -1, curr_clock: 15
DEBUG flower 2021-04-08 13:46:32,012 | acc_variance.py:19 | AccuracyVariance: sample variance 0.002558369539221939 (last 7 data)
DEBUG flower 2021-04-08 13:46:32,012 | numpy_client.py:201 | Not a switch point
INFO flower 2021-04-08 13:46:32,018 | numpy_client.py:205 | Cache is fresh, return FitRes(clock=15)
DEBUG flower 2021-04-08 13:46:32,041 | numpy_client.py:172 | fit, FitIns(clock=16)
DEBUG flower 2021-04-08 13:46:32,042 | numpy_client.py:260 | cached_clock: -1, curr_clock: 16
DEBUG flower 2021-04-08 13:46:33,919 | acc_variance.py:19 | AccuracyVariance: sample variance 0.001100850007971938 (last 7 data)
DEBUG flower 2021-04-08 13:46:33,920 | numpy_client.py:201 | Not a switch point
INFO flower 2021-04-08 13:46:33,923 | numpy_client.py:205 | Cache is fresh, return FitRes(clock=16)
DEBUG flower 2021-04-08 13:46:33,944 | numpy_client.py:172 | fit, FitIns(clock=17)
DEBUG flower 2021-04-08 13:46:33,944 | numpy_client.py:260 | cached_clock: -1, curr_clock: 17
DEBUG flower 2021-04-08 13:46:35,928 | acc_variance.py:19 | AccuracyVariance: sample variance 0.0005738052056760199 (last 7 data)
DEBUG flower 2021-04-08 13:46:35,928 | numpy_client.py:201 | Not a switch point
INFO flower 2021-04-08 13:46:35,931 | numpy_client.py:205 | Cache is fresh, return FitRes(clock=17)
DEBUG flower 2021-04-08 13:46:43,457 | numpy_client.py:172 | fit, FitIns(clock=18)
DEBUG flower 2021-04-08 13:46:43,457 | numpy_client.py:260 | cached_clock: -1, curr_clock: 18
DEBUG flower 2021-04-08 13:46:45,323 | acc_variance.py:19 | AccuracyVariance: sample variance 0.00030163823341836717 (last 7 data)
DEBUG flower 2021-04-08 13:46:45,323 | numpy_client.py:201 | Not a switch point
INFO flower 2021-04-08 13:46:45,327 | numpy_client.py:205 | Cache is fresh, return FitRes(clock=18)
DEBUG flower 2021-04-08 13:46:45,350 | numpy_client.py:172 | fit, FitIns(clock=19)
DEBUG flower 2021-04-08 13:46:45,350 | numpy_client.py:260 | cached_clock: -1, curr_clock: 19
DEBUG flower 2021-04-08 13:46:47,308 | acc_variance.py:19 | AccuracyVariance: sample variance 0.000146260164221939 (last 7 data)
DEBUG flower 2021-04-08 13:46:47,309 | numpy_client.py:201 | Not a switch point
INFO flower 2021-04-08 13:46:47,312 | numpy_client.py:205 | Cache is fresh, return FitRes(clock=19)
DEBUG flower 2021-04-08 13:46:47,335 | numpy_client.py:172 | fit, FitIns(clock=20)
DEBUG flower 2021-04-08 13:46:47,336 | numpy_client.py:260 | cached_clock: -1, curr_clock: 20
DEBUG flower 2021-04-08 13:46:49,312 | acc_variance.py:19 | AccuracyVariance: sample variance 0.00015236367984693895 (last 7 data)
DEBUG flower 2021-04-08 13:46:49,313 | numpy_client.py:201 | Not a switch point
INFO flower 2021-04-08 13:46:49,318 | numpy_client.py:205 | Cache is fresh, return FitRes(clock=20)
DEBUG flower 2021-04-08 13:46:56,737 | numpy_client.py:172 | fit, FitIns(clock=21)
DEBUG flower 2021-04-08 13:46:56,737 | numpy_client.py:260 | cached_clock: -1, curr_clock: 21
DEBUG flower 2021-04-08 13:46:58,604 | acc_variance.py:19 | AccuracyVariance: sample variance 0.000114995216836735 (last 7 data)
DEBUG flower 2021-04-08 13:46:58,604 | numpy_client.py:201 | Not a switch point
INFO flower 2021-04-08 13:46:58,609 | numpy_client.py:205 | Cache is fresh, return FitRes(clock=21)
DEBUG flower 2021-04-08 13:46:58,632 | numpy_client.py:172 | fit, FitIns(clock=22)
DEBUG flower 2021-04-08 13:46:58,632 | numpy_client.py:260 | cached_clock: -1, curr_clock: 22
DEBUG flower 2021-04-08 13:47:00,506 | acc_variance.py:19 | AccuracyVariance: sample variance 0.0001342773437500002 (last 7 data)
DEBUG flower 2021-04-08 13:47:00,506 | numpy_client.py:201 | Not a switch point
INFO flower 2021-04-08 13:47:00,509 | numpy_client.py:205 | Cache is fresh, return FitRes(clock=22)
DEBUG flower 2021-04-08 13:47:00,532 | numpy_client.py:172 | fit, FitIns(clock=23)
DEBUG flower 2021-04-08 13:47:00,532 | numpy_client.py:260 | cached_clock: -1, curr_clock: 23
DEBUG flower 2021-04-08 13:47:02,427 | acc_variance.py:19 | AccuracyVariance: sample variance 0.00012231943558673475 (last 7 data)
DEBUG flower 2021-04-08 13:47:02,428 | numpy_client.py:201 | Not a switch point
INFO flower 2021-04-08 13:47:02,431 | numpy_client.py:205 | Cache is fresh, return FitRes(clock=23)
DEBUG flower 2021-04-08 13:47:10,208 | numpy_client.py:172 | fit, FitIns(clock=24)
DEBUG flower 2021-04-08 13:47:10,208 | numpy_client.py:260 | cached_clock: -1, curr_clock: 24
DEBUG flower 2021-04-08 13:47:12,130 | acc_variance.py:19 | AccuracyVariance: sample variance 0.00010826889349489796 (last 7 data)
DEBUG flower 2021-04-08 13:47:12,130 | numpy_client.py:201 | Not a switch point
INFO flower 2021-04-08 13:47:12,133 | numpy_client.py:205 | Cache is fresh, return FitRes(clock=24)
DEBUG flower 2021-04-08 13:47:12,157 | numpy_client.py:172 | fit, FitIns(clock=25)
DEBUG flower 2021-04-08 13:47:12,157 | numpy_client.py:260 | cached_clock: -1, curr_clock: 25
DEBUG flower 2021-04-08 13:47:14,109 | acc_variance.py:19 | AccuracyVariance: sample variance 8.24846540178571e-05 (last 7 data)
DEBUG flower 2021-04-08 13:47:14,109 | acc_variance.py:23 | AccuracyVariance: should switch
DEBUG flower 2021-04-08 13:47:14,109 | numpy_client.py:199 | Find switch point, staleness_bound -> 28
INFO flower 2021-04-08 13:47:14,114 | numpy_client.py:205 | Cache is fresh, return FitRes(clock=25)
DEBUG flower 2021-04-08 13:47:14,137 | numpy_client.py:172 | fit, FitIns(clock=26)
DEBUG flower 2021-04-08 13:47:14,137 | numpy_client.py:260 | cached_clock: -1, curr_clock: 26
DEBUG flower 2021-04-08 13:47:15,924 | acc_variance.py:19 | AccuracyVariance: sample variance 7.112464126275503e-05 (last 7 data)
DEBUG flower 2021-04-08 13:47:15,925 | acc_variance.py:23 | AccuracyVariance: should switch
DEBUG flower 2021-04-08 13:47:15,925 | numpy_client.py:199 | Find switch point, staleness_bound -> 27
INFO flower 2021-04-08 13:47:15,928 | numpy_client.py:205 | Cache is fresh, return FitRes(clock=26)
DEBUG flower 2021-04-08 13:47:23,423 | numpy_client.py:172 | fit, FitIns(clock=27)
DEBUG flower 2021-04-08 13:47:23,423 | numpy_client.py:260 | cached_clock: -1, curr_clock: 27
INFO flower 2021-04-08 13:47:23,423 | numpy_client.py:184 | Cache is stale, return ReadIns
DEBUG flower 2021-04-08 13:47:23,447 | numpy_client.py:228 | read: ReadRes(clock=8)
DEBUG flower 2021-04-08 13:47:23,454 | numpy_client.py:172 | fit, FitIns(clock=27)
DEBUG flower 2021-04-08 13:47:23,455 | numpy_client.py:260 | cached_clock: 8, curr_clock: 27
DEBUG flower 2021-04-08 13:47:25,504 | acc_variance.py:19 | AccuracyVariance: sample variance 0.0025531379544005105 (last 7 data)
DEBUG flower 2021-04-08 13:47:25,505 | numpy_client.py:201 | Not a switch point
INFO flower 2021-04-08 13:47:25,508 | numpy_client.py:205 | Cache is fresh, return FitRes(clock=27)
DEBUG flower 2021-04-08 13:47:25,531 | numpy_client.py:172 | fit, FitIns(clock=28)
DEBUG flower 2021-04-08 13:47:25,531 | numpy_client.py:260 | cached_clock: 8, curr_clock: 28
DEBUG flower 2021-04-08 13:47:27,508 | acc_variance.py:19 | AccuracyVariance: sample variance 0.003758495097257653 (last 7 data)
DEBUG flower 2021-04-08 13:47:27,509 | numpy_client.py:201 | Not a switch point
INFO flower 2021-04-08 13:47:27,514 | numpy_client.py:205 | Cache is fresh, return FitRes(clock=28)
DEBUG flower 2021-04-08 13:47:36,294 | numpy_client.py:172 | fit, FitIns(clock=29)
DEBUG flower 2021-04-08 13:47:36,294 | numpy_client.py:260 | cached_clock: 8, curr_clock: 29
DEBUG flower 2021-04-08 13:47:38,140 | acc_variance.py:19 | AccuracyVariance: sample variance 0.0036179398517219388 (last 7 data)
DEBUG flower 2021-04-08 13:47:38,141 | numpy_client.py:201 | Not a switch point
INFO flower 2021-04-08 13:47:38,144 | numpy_client.py:205 | Cache is fresh, return FitRes(clock=29)
DEBUG flower 2021-04-08 13:47:38,167 | numpy_client.py:172 | fit, FitIns(clock=30)
DEBUG flower 2021-04-08 13:47:38,167 | numpy_client.py:260 | cached_clock: 8, curr_clock: 30
DEBUG flower 2021-04-08 13:47:40,107 | acc_variance.py:19 | AccuracyVariance: sample variance 0.003806326729910714 (last 7 data)
DEBUG flower 2021-04-08 13:47:40,107 | numpy_client.py:201 | Not a switch point
INFO flower 2021-04-08 13:47:40,111 | numpy_client.py:205 | Cache is fresh, return FitRes(clock=30)
DEBUG flower 2021-04-08 13:47:40,135 | numpy_client.py:172 | fit, FitIns(clock=31)
DEBUG flower 2021-04-08 13:47:40,135 | numpy_client.py:260 | cached_clock: 8, curr_clock: 31
DEBUG flower 2021-04-08 13:47:42,024 | acc_variance.py:19 | AccuracyVariance: sample variance 0.00398208306760204 (last 7 data)
DEBUG flower 2021-04-08 13:47:42,024 | numpy_client.py:201 | Not a switch point
INFO flower 2021-04-08 13:47:42,027 | numpy_client.py:205 | Cache is fresh, return FitRes(clock=31)
DEBUG flower 2021-04-08 13:47:49,664 | numpy_client.py:172 | fit, FitIns(clock=32)
DEBUG flower 2021-04-08 13:47:49,664 | numpy_client.py:260 | cached_clock: 8, curr_clock: 32
DEBUG flower 2021-04-08 13:47:51,608 | acc_variance.py:19 | AccuracyVariance: sample variance 0.004127521125637754 (last 7 data)
DEBUG flower 2021-04-08 13:47:51,608 | numpy_client.py:201 | Not a switch point
INFO flower 2021-04-08 13:47:51,612 | numpy_client.py:205 | Cache is fresh, return FitRes(clock=32)
DEBUG flower 2021-04-08 13:47:51,636 | numpy_client.py:172 | fit, FitIns(clock=33)
DEBUG flower 2021-04-08 13:47:51,637 | numpy_client.py:260 | cached_clock: 8, curr_clock: 33
DEBUG flower 2021-04-08 13:47:53,504 | acc_variance.py:19 | AccuracyVariance: sample variance 0.0042778419961734685 (last 7 data)
DEBUG flower 2021-04-08 13:47:53,504 | numpy_client.py:201 | Not a switch point
INFO flower 2021-04-08 13:47:53,508 | numpy_client.py:205 | Cache is fresh, return FitRes(clock=33)
DEBUG flower 2021-04-08 13:47:53,531 | numpy_client.py:172 | fit, FitIns(clock=34)
DEBUG flower 2021-04-08 13:47:53,531 | numpy_client.py:260 | cached_clock: 8, curr_clock: 34
DEBUG flower 2021-04-08 13:47:55,430 | acc_variance.py:19 | AccuracyVariance: sample variance 0.0024945442044005087 (last 7 data)
DEBUG flower 2021-04-08 13:47:55,431 | numpy_client.py:201 | Not a switch point
INFO flower 2021-04-08 13:47:55,434 | numpy_client.py:205 | Cache is fresh, return FitRes(clock=34)
DEBUG flower 2021-04-08 13:48:03,446 | numpy_client.py:172 | fit, FitIns(clock=35)
DEBUG flower 2021-04-08 13:48:03,446 | numpy_client.py:260 | cached_clock: 8, curr_clock: 35
DEBUG flower 2021-04-08 13:48:05,422 | acc_variance.py:19 | AccuracyVariance: sample variance 0.00036949936224489784 (last 7 data)
DEBUG flower 2021-04-08 13:48:05,422 | numpy_client.py:201 | Not a switch point
INFO flower 2021-04-08 13:48:05,426 | numpy_client.py:205 | Cache is fresh, return FitRes(clock=35)
DEBUG flower 2021-04-08 13:48:05,451 | numpy_client.py:172 | fit, FitIns(clock=36)
DEBUG flower 2021-04-08 13:48:05,451 | numpy_client.py:260 | cached_clock: 8, curr_clock: 36
INFO flower 2021-04-08 13:48:05,451 | numpy_client.py:184 | Cache is stale, return ReadIns
DEBUG flower 2021-04-08 13:48:05,491 | numpy_client.py:228 | read: ReadRes(clock=11)
DEBUG flower 2021-04-08 13:48:05,498 | numpy_client.py:172 | fit, FitIns(clock=36)
DEBUG flower 2021-04-08 13:48:05,498 | numpy_client.py:260 | cached_clock: 11, curr_clock: 36
DEBUG flower 2021-04-08 13:48:07,426 | acc_variance.py:19 | AccuracyVariance: sample variance 6.5120774872449e-05 (last 7 data)
DEBUG flower 2021-04-08 13:48:07,426 | acc_variance.py:23 | AccuracyVariance: should switch
DEBUG flower 2021-04-08 13:48:07,426 | numpy_client.py:199 | Find switch point, staleness_bound -> 26
INFO flower 2021-04-08 13:48:07,429 | numpy_client.py:205 | Cache is fresh, return FitRes(clock=36)
DEBUG flower 2021-04-08 13:48:07,451 | numpy_client.py:172 | fit, FitIns(clock=37)
DEBUG flower 2021-04-08 13:48:07,451 | numpy_client.py:260 | cached_clock: 11, curr_clock: 37
DEBUG flower 2021-04-08 13:48:09,404 | acc_variance.py:19 | AccuracyVariance: sample variance 5.605269451530619e-05 (last 7 data)
DEBUG flower 2021-04-08 13:48:09,404 | acc_variance.py:23 | AccuracyVariance: should switch
DEBUG flower 2021-04-08 13:48:09,404 | numpy_client.py:199 | Find switch point, staleness_bound -> 25
INFO flower 2021-04-08 13:48:09,409 | numpy_client.py:205 | Cache is fresh, return FitRes(clock=37)
DEBUG flower 2021-04-08 13:48:16,700 | numpy_client.py:172 | fit, FitIns(clock=38)
DEBUG flower 2021-04-08 13:48:16,700 | numpy_client.py:260 | cached_clock: 11, curr_clock: 38
INFO flower 2021-04-08 13:48:16,700 | numpy_client.py:184 | Cache is stale, return ReadIns
DEBUG flower 2021-04-08 13:48:20,809 | numpy_client.py:228 | read: ReadRes(clock=13)
DEBUG flower 2021-04-08 13:48:20,816 | numpy_client.py:172 | fit, FitIns(clock=38)
DEBUG flower 2021-04-08 13:48:20,816 | numpy_client.py:260 | cached_clock: 13, curr_clock: 38
DEBUG flower 2021-04-08 13:48:22,729 | acc_variance.py:19 | AccuracyVariance: sample variance 0.0007717334980867347 (last 7 data)
DEBUG flower 2021-04-08 13:48:22,729 | numpy_client.py:201 | Not a switch point
INFO flower 2021-04-08 13:48:22,733 | numpy_client.py:205 | Cache is fresh, return FitRes(clock=38)
DEBUG flower 2021-04-08 13:48:29,768 | numpy_client.py:172 | fit, FitIns(clock=39)
DEBUG flower 2021-04-08 13:48:29,768 | numpy_client.py:260 | cached_clock: 13, curr_clock: 39
INFO flower 2021-04-08 13:48:29,768 | numpy_client.py:184 | Cache is stale, return ReadIns
DEBUG flower 2021-04-08 13:48:33,924 | numpy_client.py:228 | read: ReadRes(clock=14)
DEBUG flower 2021-04-08 13:48:33,932 | numpy_client.py:172 | fit, FitIns(clock=39)
DEBUG flower 2021-04-08 13:48:33,932 | numpy_client.py:260 | cached_clock: 14, curr_clock: 39
DEBUG flower 2021-04-08 13:48:35,946 | acc_variance.py:19 | AccuracyVariance: sample variance 0.002594417649872448 (last 7 data)
DEBUG flower 2021-04-08 13:48:35,947 | numpy_client.py:201 | Not a switch point
INFO flower 2021-04-08 13:48:36,008 | numpy_client.py:205 | Cache is fresh, return FitRes(clock=39)
DEBUG flower 2021-04-08 13:48:43,027 | numpy_client.py:172 | fit, FitIns(clock=40)
DEBUG flower 2021-04-08 13:48:43,027 | numpy_client.py:260 | cached_clock: 14, curr_clock: 40
INFO flower 2021-04-08 13:48:43,027 | numpy_client.py:184 | Cache is stale, return ReadIns
DEBUG flower 2021-04-08 13:48:47,534 | numpy_client.py:228 | read: ReadRes(clock=15)
DEBUG flower 2021-04-08 13:48:47,542 | numpy_client.py:172 | fit, FitIns(clock=40)
DEBUG flower 2021-04-08 13:48:47,542 | numpy_client.py:260 | cached_clock: 15, curr_clock: 40
DEBUG flower 2021-04-08 13:48:49,428 | acc_variance.py:19 | AccuracyVariance: sample variance 0.004649433992346938 (last 7 data)
DEBUG flower 2021-04-08 13:48:49,429 | numpy_client.py:201 | Not a switch point
INFO flower 2021-04-08 13:48:49,432 | numpy_client.py:205 | Cache is fresh, return FitRes(clock=40)
DEBUG flower 2021-04-08 13:48:57,073 | numpy_client.py:172 | fit, FitIns(clock=41)
DEBUG flower 2021-04-08 13:48:57,073 | numpy_client.py:260 | cached_clock: 15, curr_clock: 41
INFO flower 2021-04-08 13:48:57,073 | numpy_client.py:184 | Cache is stale, return ReadIns
DEBUG flower 2021-04-08 13:49:01,992 | numpy_client.py:228 | read: ReadRes(clock=16)
DEBUG flower 2021-04-08 13:49:02,007 | numpy_client.py:172 | fit, FitIns(clock=41)
DEBUG flower 2021-04-08 13:49:02,007 | numpy_client.py:260 | cached_clock: 16, curr_clock: 41
DEBUG flower 2021-04-08 13:49:03,908 | acc_variance.py:19 | AccuracyVariance: sample variance 0.010928083147321426 (last 7 data)
DEBUG flower 2021-04-08 13:49:03,908 | numpy_client.py:201 | Not a switch point
INFO flower 2021-04-08 13:49:03,912 | numpy_client.py:205 | Cache is fresh, return FitRes(clock=41)
DEBUG flower 2021-04-08 13:49:12,347 | numpy_client.py:172 | fit, FitIns(clock=42)
DEBUG flower 2021-04-08 13:49:12,347 | numpy_client.py:260 | cached_clock: 16, curr_clock: 42
INFO flower 2021-04-08 13:49:12,347 | numpy_client.py:184 | Cache is stale, return ReadIns
DEBUG flower 2021-04-08 13:49:16,747 | numpy_client.py:228 | read: ReadRes(clock=17)
DEBUG flower 2021-04-08 13:49:16,755 | numpy_client.py:172 | fit, FitIns(clock=42)
DEBUG flower 2021-04-08 13:49:16,755 | numpy_client.py:260 | cached_clock: 17, curr_clock: 42
DEBUG flower 2021-04-08 13:49:18,624 | acc_variance.py:19 | AccuracyVariance: sample variance 0.015563391860650505 (last 7 data)
DEBUG flower 2021-04-08 13:49:18,624 | numpy_client.py:201 | Not a switch point
INFO flower 2021-04-08 13:49:18,627 | numpy_client.py:205 | Cache is fresh, return FitRes(clock=42)
DEBUG flower 2021-04-08 13:49:25,778 | numpy_client.py:172 | fit, FitIns(clock=43)
DEBUG flower 2021-04-08 13:49:25,779 | numpy_client.py:260 | cached_clock: 17, curr_clock: 43
INFO flower 2021-04-08 13:49:25,779 | numpy_client.py:184 | Cache is stale, return ReadIns
DEBUG flower 2021-04-08 13:49:30,005 | numpy_client.py:228 | read: ReadRes(clock=18)
DEBUG flower 2021-04-08 13:49:30,013 | numpy_client.py:172 | fit, FitIns(clock=43)
DEBUG flower 2021-04-08 13:49:30,013 | numpy_client.py:260 | cached_clock: 18, curr_clock: 43
DEBUG flower 2021-04-08 13:49:31,915 | acc_variance.py:19 | AccuracyVariance: sample variance 0.015884660993303566 (last 7 data)
DEBUG flower 2021-04-08 13:49:31,916 | numpy_client.py:201 | Not a switch point
INFO flower 2021-04-08 13:49:31,919 | numpy_client.py:205 | Cache is fresh, return FitRes(clock=43)
DEBUG flower 2021-04-08 13:49:38,846 | numpy_client.py:172 | fit, FitIns(clock=44)
DEBUG flower 2021-04-08 13:49:38,846 | numpy_client.py:260 | cached_clock: 18, curr_clock: 44
INFO flower 2021-04-08 13:49:38,846 | numpy_client.py:184 | Cache is stale, return ReadIns
DEBUG flower 2021-04-08 13:49:43,426 | numpy_client.py:228 | read: ReadRes(clock=19)
DEBUG flower 2021-04-08 13:49:43,433 | numpy_client.py:172 | fit, FitIns(clock=44)
DEBUG flower 2021-04-08 13:49:43,433 | numpy_client.py:260 | cached_clock: 19, curr_clock: 44
DEBUG flower 2021-04-08 13:49:45,440 | acc_variance.py:19 | AccuracyVariance: sample variance 0.015736233458227035 (last 7 data)
DEBUG flower 2021-04-08 13:49:45,440 | numpy_client.py:201 | Not a switch point
INFO flower 2021-04-08 13:49:45,444 | numpy_client.py:205 | Cache is fresh, return FitRes(clock=44)
DEBUG flower 2021-04-08 13:49:52,387 | numpy_client.py:172 | fit, FitIns(clock=45)
DEBUG flower 2021-04-08 13:49:52,387 | numpy_client.py:260 | cached_clock: 19, curr_clock: 45
INFO flower 2021-04-08 13:49:52,387 | numpy_client.py:184 | Cache is stale, return ReadIns
DEBUG flower 2021-04-08 13:49:57,117 | numpy_client.py:228 | read: ReadRes(clock=20)
DEBUG flower 2021-04-08 13:49:57,125 | numpy_client.py:172 | fit, FitIns(clock=45)
DEBUG flower 2021-04-08 13:49:57,125 | numpy_client.py:260 | cached_clock: 20, curr_clock: 45
DEBUG flower 2021-04-08 13:49:59,107 | acc_variance.py:19 | AccuracyVariance: sample variance 0.02351365692761479 (last 7 data)
DEBUG flower 2021-04-08 13:49:59,108 | numpy_client.py:201 | Not a switch point
INFO flower 2021-04-08 13:49:59,113 | numpy_client.py:205 | Cache is fresh, return FitRes(clock=45)
DEBUG flower 2021-04-08 13:50:06,369 | numpy_client.py:172 | fit, FitIns(clock=46)
DEBUG flower 2021-04-08 13:50:06,370 | numpy_client.py:260 | cached_clock: 20, curr_clock: 46
INFO flower 2021-04-08 13:50:06,370 | numpy_client.py:184 | Cache is stale, return ReadIns
DEBUG flower 2021-04-08 13:50:10,891 | numpy_client.py:228 | read: ReadRes(clock=21)
DEBUG flower 2021-04-08 13:50:10,898 | numpy_client.py:172 | fit, FitIns(clock=46)
DEBUG flower 2021-04-08 13:50:10,898 | numpy_client.py:260 | cached_clock: 21, curr_clock: 46
DEBUG flower 2021-04-08 13:50:12,819 | acc_variance.py:19 | AccuracyVariance: sample variance 0.026104387555803573 (last 7 data)
DEBUG flower 2021-04-08 13:50:12,820 | numpy_client.py:201 | Not a switch point
INFO flower 2021-04-08 13:50:12,824 | numpy_client.py:205 | Cache is fresh, return FitRes(clock=46)
DEBUG flower 2021-04-08 13:50:19,543 | numpy_client.py:172 | fit, FitIns(clock=47)
DEBUG flower 2021-04-08 13:50:19,543 | numpy_client.py:260 | cached_clock: 21, curr_clock: 47
INFO flower 2021-04-08 13:50:19,543 | numpy_client.py:184 | Cache is stale, return ReadIns
DEBUG flower 2021-04-08 13:50:23,940 | numpy_client.py:228 | read: ReadRes(clock=22)
DEBUG flower 2021-04-08 13:50:23,948 | numpy_client.py:172 | fit, FitIns(clock=47)
DEBUG flower 2021-04-08 13:50:23,948 | numpy_client.py:260 | cached_clock: 22, curr_clock: 47
DEBUG flower 2021-04-08 13:50:26,030 | acc_variance.py:19 | AccuracyVariance: sample variance 0.027433509048150513 (last 7 data)
DEBUG flower 2021-04-08 13:50:26,030 | numpy_client.py:201 | Not a switch point
INFO flower 2021-04-08 13:50:26,033 | numpy_client.py:205 | Cache is fresh, return FitRes(clock=47)
DEBUG flower 2021-04-08 13:50:32,716 | numpy_client.py:172 | fit, FitIns(clock=48)
DEBUG flower 2021-04-08 13:50:32,716 | numpy_client.py:260 | cached_clock: 22, curr_clock: 48
INFO flower 2021-04-08 13:50:32,716 | numpy_client.py:184 | Cache is stale, return ReadIns
DEBUG flower 2021-04-08 13:50:36,864 | numpy_client.py:228 | read: ReadRes(clock=23)
DEBUG flower 2021-04-08 13:50:36,872 | numpy_client.py:172 | fit, FitIns(clock=48)
DEBUG flower 2021-04-08 13:50:36,872 | numpy_client.py:260 | cached_clock: 23, curr_clock: 48
DEBUG flower 2021-04-08 13:50:38,904 | acc_variance.py:19 | AccuracyVariance: sample variance 0.02054259008290817 (last 7 data)
DEBUG flower 2021-04-08 13:50:38,904 | numpy_client.py:201 | Not a switch point
INFO flower 2021-04-08 13:50:38,909 | numpy_client.py:205 | Cache is fresh, return FitRes(clock=48)
DEBUG flower 2021-04-08 13:50:45,933 | numpy_client.py:172 | fit, FitIns(clock=49)
DEBUG flower 2021-04-08 13:50:45,934 | numpy_client.py:260 | cached_clock: 23, curr_clock: 49
INFO flower 2021-04-08 13:50:45,934 | numpy_client.py:184 | Cache is stale, return ReadIns
DEBUG flower 2021-04-08 13:50:50,436 | numpy_client.py:228 | read: ReadRes(clock=24)
DEBUG flower 2021-04-08 13:50:50,443 | numpy_client.py:172 | fit, FitIns(clock=49)
DEBUG flower 2021-04-08 13:50:50,443 | numpy_client.py:260 | cached_clock: 24, curr_clock: 49
DEBUG flower 2021-04-08 13:50:52,428 | acc_variance.py:19 | AccuracyVariance: sample variance 0.02426947146045919 (last 7 data)
DEBUG flower 2021-04-08 13:50:52,428 | numpy_client.py:201 | Not a switch point
INFO flower 2021-04-08 13:50:52,432 | numpy_client.py:205 | Cache is fresh, return FitRes(clock=49)
DEBUG flower 2021-04-08 13:50:59,634 | numpy_client.py:172 | fit, FitIns(clock=50)
DEBUG flower 2021-04-08 13:50:59,634 | numpy_client.py:260 | cached_clock: 24, curr_clock: 50
INFO flower 2021-04-08 13:50:59,634 | numpy_client.py:184 | Cache is stale, return ReadIns
DEBUG flower 2021-04-08 13:51:04,556 | numpy_client.py:228 | read: ReadRes(clock=25)
DEBUG flower 2021-04-08 13:51:04,563 | numpy_client.py:172 | fit, FitIns(clock=50)
DEBUG flower 2021-04-08 13:51:04,564 | numpy_client.py:260 | cached_clock: 25, curr_clock: 50
DEBUG flower 2021-04-08 13:51:06,546 | acc_variance.py:19 | AccuracyVariance: sample variance 0.02871258171237245 (last 7 data)
DEBUG flower 2021-04-08 13:51:06,546 | numpy_client.py:201 | Not a switch point
INFO flower 2021-04-08 13:51:06,606 | numpy_client.py:205 | Cache is fresh, return FitRes(clock=50)
DEBUG flower 2021-04-08 13:51:14,138 | numpy_client.py:172 | fit, FitIns(clock=51)
DEBUG flower 2021-04-08 13:51:14,138 | numpy_client.py:260 | cached_clock: 25, curr_clock: 51
INFO flower 2021-04-08 13:51:14,138 | numpy_client.py:184 | Cache is stale, return ReadIns
DEBUG flower 2021-04-08 13:51:18,682 | numpy_client.py:228 | read: ReadRes(clock=26)
DEBUG flower 2021-04-08 13:51:18,689 | numpy_client.py:172 | fit, FitIns(clock=51)
DEBUG flower 2021-04-08 13:51:18,689 | numpy_client.py:260 | cached_clock: 26, curr_clock: 51
DEBUG flower 2021-04-08 13:51:20,708 | acc_variance.py:19 | AccuracyVariance: sample variance 0.0291691745057398 (last 7 data)
DEBUG flower 2021-04-08 13:51:20,709 | numpy_client.py:201 | Not a switch point
INFO flower 2021-04-08 13:51:20,714 | numpy_client.py:205 | Cache is fresh, return FitRes(clock=51)
DEBUG flower 2021-04-08 13:51:27,263 | numpy_client.py:172 | fit, FitIns(clock=52)
DEBUG flower 2021-04-08 13:51:27,263 | numpy_client.py:260 | cached_clock: 26, curr_clock: 52
INFO flower 2021-04-08 13:51:27,263 | numpy_client.py:184 | Cache is stale, return ReadIns
DEBUG flower 2021-04-08 13:51:32,018 | numpy_client.py:228 | read: ReadRes(clock=27)
DEBUG flower 2021-04-08 13:51:32,026 | numpy_client.py:172 | fit, FitIns(clock=52)
DEBUG flower 2021-04-08 13:51:32,026 | numpy_client.py:260 | cached_clock: 27, curr_clock: 52
DEBUG flower 2021-04-08 13:51:34,012 | acc_variance.py:19 | AccuracyVariance: sample variance 0.019108338647959185 (last 7 data)
DEBUG flower 2021-04-08 13:51:34,013 | numpy_client.py:201 | Not a switch point
INFO flower 2021-04-08 13:51:34,018 | numpy_client.py:205 | Cache is fresh, return FitRes(clock=52)
DEBUG flower 2021-04-08 13:51:41,485 | numpy_client.py:172 | fit, FitIns(clock=53)
DEBUG flower 2021-04-08 13:51:41,485 | numpy_client.py:260 | cached_clock: 27, curr_clock: 53
INFO flower 2021-04-08 13:51:41,485 | numpy_client.py:184 | Cache is stale, return ReadIns
DEBUG flower 2021-04-08 13:51:45,836 | numpy_client.py:228 | read: ReadRes(clock=28)
DEBUG flower 2021-04-08 13:51:45,844 | numpy_client.py:172 | fit, FitIns(clock=53)
DEBUG flower 2021-04-08 13:51:45,844 | numpy_client.py:260 | cached_clock: 28, curr_clock: 53
DEBUG flower 2021-04-08 13:51:47,717 | acc_variance.py:19 | AccuracyVariance: sample variance 0.015116639429209183 (last 7 data)
DEBUG flower 2021-04-08 13:51:47,717 | numpy_client.py:201 | Not a switch point
INFO flower 2021-04-08 13:51:47,720 | numpy_client.py:205 | Cache is fresh, return FitRes(clock=53)
DEBUG flower 2021-04-08 13:51:54,175 | numpy_client.py:172 | fit, FitIns(clock=54)
DEBUG flower 2021-04-08 13:51:54,175 | numpy_client.py:260 | cached_clock: 28, curr_clock: 54
INFO flower 2021-04-08 13:51:54,176 | numpy_client.py:184 | Cache is stale, return ReadIns
DEBUG flower 2021-04-08 13:51:58,815 | numpy_client.py:228 | read: ReadRes(clock=29)
DEBUG flower 2021-04-08 13:51:58,822 | numpy_client.py:172 | fit, FitIns(clock=54)
DEBUG flower 2021-04-08 13:51:58,822 | numpy_client.py:260 | cached_clock: 29, curr_clock: 54
DEBUG flower 2021-04-08 13:52:00,827 | acc_variance.py:19 | AccuracyVariance: sample variance 0.013861158721301019 (last 7 data)
DEBUG flower 2021-04-08 13:52:00,828 | numpy_client.py:201 | Not a switch point
INFO flower 2021-04-08 13:52:00,832 | numpy_client.py:205 | Cache is fresh, return FitRes(clock=54)
DEBUG flower 2021-04-08 13:52:07,669 | numpy_client.py:172 | fit, FitIns(clock=55)
DEBUG flower 2021-04-08 13:52:07,669 | numpy_client.py:260 | cached_clock: 29, curr_clock: 55
INFO flower 2021-04-08 13:52:07,669 | numpy_client.py:184 | Cache is stale, return ReadIns
DEBUG flower 2021-04-08 13:52:12,239 | numpy_client.py:228 | read: ReadRes(clock=30)
DEBUG flower 2021-04-08 13:52:12,247 | numpy_client.py:172 | fit, FitIns(clock=55)
DEBUG flower 2021-04-08 13:52:12,247 | numpy_client.py:260 | cached_clock: 30, curr_clock: 55
DEBUG flower 2021-04-08 13:52:14,307 | acc_variance.py:19 | AccuracyVariance: sample variance 0.015493114237882652 (last 7 data)
DEBUG flower 2021-04-08 13:52:14,308 | numpy_client.py:201 | Not a switch point
INFO flower 2021-04-08 13:52:14,312 | numpy_client.py:205 | Cache is fresh, return FitRes(clock=55)
DEBUG flower 2021-04-08 13:52:21,674 | numpy_client.py:172 | fit, FitIns(clock=56)
DEBUG flower 2021-04-08 13:52:21,674 | numpy_client.py:260 | cached_clock: 30, curr_clock: 56
INFO flower 2021-04-08 13:52:21,674 | numpy_client.py:184 | Cache is stale, return ReadIns
DEBUG flower 2021-04-08 13:52:26,399 | numpy_client.py:228 | read: ReadRes(clock=31)
DEBUG flower 2021-04-08 13:52:26,407 | numpy_client.py:172 | fit, FitIns(clock=56)
DEBUG flower 2021-04-08 13:52:26,407 | numpy_client.py:260 | cached_clock: 31, curr_clock: 56
DEBUG flower 2021-04-08 13:52:28,329 | acc_variance.py:19 | AccuracyVariance: sample variance 0.004730996890943875 (last 7 data)
DEBUG flower 2021-04-08 13:52:28,330 | numpy_client.py:201 | Not a switch point
INFO flower 2021-04-08 13:52:28,333 | numpy_client.py:205 | Cache is fresh, return FitRes(clock=56)
DEBUG flower 2021-04-08 13:52:34,871 | numpy_client.py:172 | fit, FitIns(clock=57)
DEBUG flower 2021-04-08 13:52:34,871 | numpy_client.py:260 | cached_clock: 31, curr_clock: 57
INFO flower 2021-04-08 13:52:34,872 | numpy_client.py:184 | Cache is stale, return ReadIns
DEBUG flower 2021-04-08 13:52:39,766 | numpy_client.py:228 | read: ReadRes(clock=32)
DEBUG flower 2021-04-08 13:52:39,773 | numpy_client.py:172 | fit, FitIns(clock=57)
DEBUG flower 2021-04-08 13:52:39,774 | numpy_client.py:260 | cached_clock: 32, curr_clock: 57
DEBUG flower 2021-04-08 13:52:41,626 | acc_variance.py:19 | AccuracyVariance: sample variance 0.0026220204878826515 (last 7 data)
DEBUG flower 2021-04-08 13:52:41,626 | numpy_client.py:201 | Not a switch point
INFO flower 2021-04-08 13:52:41,629 | numpy_client.py:205 | Cache is fresh, return FitRes(clock=57)
DEBUG flower 2021-04-08 13:52:48,636 | numpy_client.py:172 | fit, FitIns(clock=58)
DEBUG flower 2021-04-08 13:52:48,636 | numpy_client.py:260 | cached_clock: 32, curr_clock: 58
INFO flower 2021-04-08 13:52:48,637 | numpy_client.py:184 | Cache is stale, return ReadIns
DEBUG flower 2021-04-08 13:52:53,843 | numpy_client.py:228 | read: ReadRes(clock=33)
DEBUG flower 2021-04-08 13:52:53,850 | numpy_client.py:172 | fit, FitIns(clock=58)
DEBUG flower 2021-04-08 13:52:53,850 | numpy_client.py:260 | cached_clock: 33, curr_clock: 58
DEBUG flower 2021-04-08 13:52:55,830 | acc_variance.py:19 | AccuracyVariance: sample variance 0.0007794064891581626 (last 7 data)
DEBUG flower 2021-04-08 13:52:55,830 | numpy_client.py:201 | Not a switch point
INFO flower 2021-04-08 13:52:55,833 | numpy_client.py:205 | Cache is fresh, return FitRes(clock=58)
DEBUG flower 2021-04-08 13:53:02,794 | numpy_client.py:172 | fit, FitIns(clock=59)
DEBUG flower 2021-04-08 13:53:02,794 | numpy_client.py:260 | cached_clock: 33, curr_clock: 59
INFO flower 2021-04-08 13:53:02,794 | numpy_client.py:184 | Cache is stale, return ReadIns
DEBUG flower 2021-04-08 13:53:07,640 | numpy_client.py:228 | read: ReadRes(clock=34)
DEBUG flower 2021-04-08 13:53:07,648 | numpy_client.py:172 | fit, FitIns(clock=59)
DEBUG flower 2021-04-08 13:53:07,648 | numpy_client.py:260 | cached_clock: 34, curr_clock: 59
DEBUG flower 2021-04-08 13:53:09,604 | acc_variance.py:19 | AccuracyVariance: sample variance 0.0007758440290178564 (last 7 data)
DEBUG flower 2021-04-08 13:53:09,605 | numpy_client.py:201 | Not a switch point
INFO flower 2021-04-08 13:53:09,610 | numpy_client.py:205 | Cache is fresh, return FitRes(clock=59)
DEBUG flower 2021-04-08 13:53:16,772 | numpy_client.py:172 | fit, FitIns(clock=60)
DEBUG flower 2021-04-08 13:53:16,773 | numpy_client.py:260 | cached_clock: 34, curr_clock: 60
INFO flower 2021-04-08 13:53:16,773 | numpy_client.py:184 | Cache is stale, return ReadIns
DEBUG flower 2021-04-08 13:53:21,556 | numpy_client.py:228 | read: ReadRes(clock=35)
DEBUG flower 2021-04-08 13:53:21,563 | numpy_client.py:172 | fit, FitIns(clock=60)
DEBUG flower 2021-04-08 13:53:21,563 | numpy_client.py:260 | cached_clock: 35, curr_clock: 60
DEBUG flower 2021-04-08 13:53:23,528 | acc_variance.py:19 | AccuracyVariance: sample variance 0.0019242516342474478 (last 7 data)
DEBUG flower 2021-04-08 13:53:23,528 | numpy_client.py:201 | Not a switch point
INFO flower 2021-04-08 13:53:23,532 | numpy_client.py:205 | Cache is fresh, return FitRes(clock=60)
DEBUG flower 2021-04-08 13:53:30,382 | numpy_client.py:172 | fit, FitIns(clock=61)
DEBUG flower 2021-04-08 13:53:30,382 | numpy_client.py:260 | cached_clock: 35, curr_clock: 61
INFO flower 2021-04-08 13:53:30,382 | numpy_client.py:184 | Cache is stale, return ReadIns
DEBUG flower 2021-04-08 13:53:35,004 | numpy_client.py:228 | read: ReadRes(clock=36)
DEBUG flower 2021-04-08 13:53:35,012 | numpy_client.py:172 | fit, FitIns(clock=61)
DEBUG flower 2021-04-08 13:53:35,012 | numpy_client.py:260 | cached_clock: 36, curr_clock: 61
DEBUG flower 2021-04-08 13:53:37,031 | acc_variance.py:19 | AccuracyVariance: sample variance 0.0024512964365433656 (last 7 data)
DEBUG flower 2021-04-08 13:53:37,031 | numpy_client.py:201 | Not a switch point
INFO flower 2021-04-08 13:53:37,034 | numpy_client.py:205 | Cache is fresh, return FitRes(clock=61)
DEBUG flower 2021-04-08 13:53:44,140 | numpy_client.py:172 | fit, FitIns(clock=62)
DEBUG flower 2021-04-08 13:53:44,140 | numpy_client.py:260 | cached_clock: 36, curr_clock: 62
INFO flower 2021-04-08 13:53:44,140 | numpy_client.py:184 | Cache is stale, return ReadIns
DEBUG flower 2021-04-08 13:53:48,652 | numpy_client.py:228 | read: ReadRes(clock=37)
DEBUG flower 2021-04-08 13:53:48,659 | numpy_client.py:172 | fit, FitIns(clock=62)
DEBUG flower 2021-04-08 13:53:48,659 | numpy_client.py:260 | cached_clock: 37, curr_clock: 62
DEBUG flower 2021-04-08 13:53:50,724 | acc_variance.py:19 | AccuracyVariance: sample variance 0.003704136439732141 (last 7 data)
DEBUG flower 2021-04-08 13:53:50,724 | numpy_client.py:201 | Not a switch point
INFO flower 2021-04-08 13:53:50,728 | numpy_client.py:205 | Cache is fresh, return FitRes(clock=62)
DEBUG flower 2021-04-08 13:53:57,789 | numpy_client.py:172 | fit, FitIns(clock=63)
DEBUG flower 2021-04-08 13:53:57,789 | numpy_client.py:260 | cached_clock: 37, curr_clock: 63
INFO flower 2021-04-08 13:53:57,789 | numpy_client.py:184 | Cache is stale, return ReadIns
DEBUG flower 2021-04-08 13:54:02,494 | numpy_client.py:228 | read: ReadRes(clock=38)
DEBUG flower 2021-04-08 13:54:02,501 | numpy_client.py:172 | fit, FitIns(clock=63)
DEBUG flower 2021-04-08 13:54:02,501 | numpy_client.py:260 | cached_clock: 38, curr_clock: 63
DEBUG flower 2021-04-08 13:54:04,432 | acc_variance.py:19 | AccuracyVariance: sample variance 0.003601896324936223 (last 7 data)
DEBUG flower 2021-04-08 13:54:04,433 | numpy_client.py:201 | Not a switch point
INFO flower 2021-04-08 13:54:04,436 | numpy_client.py:205 | Cache is fresh, return FitRes(clock=63)
DEBUG flower 2021-04-08 13:54:11,809 | numpy_client.py:172 | fit, FitIns(clock=64)
DEBUG flower 2021-04-08 13:54:11,810 | numpy_client.py:260 | cached_clock: 38, curr_clock: 64
INFO flower 2021-04-08 13:54:11,810 | numpy_client.py:184 | Cache is stale, return ReadIns
DEBUG flower 2021-04-08 13:54:16,121 | numpy_client.py:228 | read: ReadRes(clock=39)
DEBUG flower 2021-04-08 13:54:16,129 | numpy_client.py:172 | fit, FitIns(clock=64)
DEBUG flower 2021-04-08 13:54:16,129 | numpy_client.py:260 | cached_clock: 39, curr_clock: 64
DEBUG flower 2021-04-08 13:54:18,106 | acc_variance.py:19 | AccuracyVariance: sample variance 0.0029561692841198967 (last 7 data)
DEBUG flower 2021-04-08 13:54:18,106 | numpy_client.py:201 | Not a switch point
INFO flower 2021-04-08 13:54:18,109 | numpy_client.py:205 | Cache is fresh, return FitRes(clock=64)
DEBUG flower 2021-04-08 13:54:25,754 | numpy_client.py:172 | fit, FitIns(clock=65)
DEBUG flower 2021-04-08 13:54:25,754 | numpy_client.py:260 | cached_clock: 39, curr_clock: 65
INFO flower 2021-04-08 13:54:25,754 | numpy_client.py:184 | Cache is stale, return ReadIns
DEBUG flower 2021-04-08 13:54:30,241 | numpy_client.py:228 | read: ReadRes(clock=40)
DEBUG flower 2021-04-08 13:54:30,248 | numpy_client.py:172 | fit, FitIns(clock=65)
DEBUG flower 2021-04-08 13:54:30,248 | numpy_client.py:260 | cached_clock: 40, curr_clock: 65
DEBUG flower 2021-04-08 13:54:32,229 | acc_variance.py:19 | AccuracyVariance: sample variance 0.002089220942283163 (last 7 data)
DEBUG flower 2021-04-08 13:54:32,229 | numpy_client.py:201 | Not a switch point
INFO flower 2021-04-08 13:54:32,233 | numpy_client.py:205 | Cache is fresh, return FitRes(clock=65)
DEBUG flower 2021-04-08 13:54:39,275 | numpy_client.py:172 | fit, FitIns(clock=66)
DEBUG flower 2021-04-08 13:54:39,275 | numpy_client.py:260 | cached_clock: 40, curr_clock: 66
INFO flower 2021-04-08 13:54:39,275 | numpy_client.py:184 | Cache is stale, return ReadIns
DEBUG flower 2021-04-08 13:54:43,804 | numpy_client.py:228 | read: ReadRes(clock=41)
DEBUG flower 2021-04-08 13:54:43,812 | numpy_client.py:172 | fit, FitIns(clock=66)
DEBUG flower 2021-04-08 13:54:43,812 | numpy_client.py:260 | cached_clock: 41, curr_clock: 66
DEBUG flower 2021-04-08 13:54:45,809 | acc_variance.py:19 | AccuracyVariance: sample variance 0.0006938327088647963 (last 7 data)
DEBUG flower 2021-04-08 13:54:45,809 | numpy_client.py:201 | Not a switch point
INFO flower 2021-04-08 13:54:45,813 | numpy_client.py:205 | Cache is fresh, return FitRes(clock=66)
DEBUG flower 2021-04-08 13:54:52,735 | numpy_client.py:172 | fit, FitIns(clock=67)
DEBUG flower 2021-04-08 13:54:52,735 | numpy_client.py:260 | cached_clock: 41, curr_clock: 67
INFO flower 2021-04-08 13:54:52,735 | numpy_client.py:184 | Cache is stale, return ReadIns
DEBUG flower 2021-04-08 13:54:57,304 | numpy_client.py:228 | read: ReadRes(clock=42)
DEBUG flower 2021-04-08 13:54:57,312 | numpy_client.py:172 | fit, FitIns(clock=67)
DEBUG flower 2021-04-08 13:54:57,312 | numpy_client.py:260 | cached_clock: 42, curr_clock: 67
DEBUG flower 2021-04-08 13:54:59,231 | acc_variance.py:19 | AccuracyVariance: sample variance 0.0010193618463010205 (last 7 data)
DEBUG flower 2021-04-08 13:54:59,231 | numpy_client.py:201 | Not a switch point
INFO flower 2021-04-08 13:54:59,235 | numpy_client.py:205 | Cache is fresh, return FitRes(clock=67)
DEBUG flower 2021-04-08 13:55:06,356 | numpy_client.py:172 | fit, FitIns(clock=68)
DEBUG flower 2021-04-08 13:55:06,356 | numpy_client.py:260 | cached_clock: 42, curr_clock: 68
INFO flower 2021-04-08 13:55:06,357 | numpy_client.py:184 | Cache is stale, return ReadIns
DEBUG flower 2021-04-08 13:55:10,955 | numpy_client.py:228 | read: ReadRes(clock=43)
DEBUG flower 2021-04-08 13:55:10,963 | numpy_client.py:172 | fit, FitIns(clock=68)
DEBUG flower 2021-04-08 13:55:10,963 | numpy_client.py:260 | cached_clock: 43, curr_clock: 68
DEBUG flower 2021-04-08 13:55:12,932 | acc_variance.py:19 | AccuracyVariance: sample variance 0.0010126355229591838 (last 7 data)
DEBUG flower 2021-04-08 13:55:12,932 | numpy_client.py:201 | Not a switch point
INFO flower 2021-04-08 13:55:12,935 | numpy_client.py:205 | Cache is fresh, return FitRes(clock=68)
DEBUG flower 2021-04-08 13:55:19,987 | numpy_client.py:172 | fit, FitIns(clock=69)
DEBUG flower 2021-04-08 13:55:19,987 | numpy_client.py:260 | cached_clock: 43, curr_clock: 69
INFO flower 2021-04-08 13:55:19,987 | numpy_client.py:184 | Cache is stale, return ReadIns
DEBUG flower 2021-04-08 13:55:24,523 | numpy_client.py:228 | read: ReadRes(clock=44)
DEBUG flower 2021-04-08 13:55:24,530 | numpy_client.py:172 | fit, FitIns(clock=69)
DEBUG flower 2021-04-08 13:55:24,531 | numpy_client.py:260 | cached_clock: 44, curr_clock: 69
DEBUG flower 2021-04-08 13:55:26,538 | acc_variance.py:19 | AccuracyVariance: sample variance 0.0012969846141581646 (last 7 data)
DEBUG flower 2021-04-08 13:55:26,538 | numpy_client.py:201 | Not a switch point
INFO flower 2021-04-08 13:55:26,608 | numpy_client.py:205 | Cache is fresh, return FitRes(clock=69)
DEBUG flower 2021-04-08 13:55:33,700 | numpy_client.py:172 | fit, FitIns(clock=70)
DEBUG flower 2021-04-08 13:55:33,700 | numpy_client.py:260 | cached_clock: 44, curr_clock: 70
INFO flower 2021-04-08 13:55:33,700 | numpy_client.py:184 | Cache is stale, return ReadIns
DEBUG flower 2021-04-08 13:55:38,194 | numpy_client.py:228 | read: ReadRes(clock=45)
DEBUG flower 2021-04-08 13:55:38,201 | numpy_client.py:172 | fit, FitIns(clock=70)
DEBUG flower 2021-04-08 13:55:38,201 | numpy_client.py:260 | cached_clock: 45, curr_clock: 70
DEBUG flower 2021-04-08 13:55:40,310 | acc_variance.py:19 | AccuracyVariance: sample variance 0.001385124362244899 (last 7 data)
DEBUG flower 2021-04-08 13:55:40,310 | numpy_client.py:201 | Not a switch point
INFO flower 2021-04-08 13:55:40,315 | numpy_client.py:205 | Cache is fresh, return FitRes(clock=70)
DEBUG flower 2021-04-08 13:55:47,291 | numpy_client.py:172 | fit, FitIns(clock=71)
DEBUG flower 2021-04-08 13:55:47,291 | numpy_client.py:260 | cached_clock: 45, curr_clock: 71
INFO flower 2021-04-08 13:55:47,291 | numpy_client.py:184 | Cache is stale, return ReadIns
DEBUG flower 2021-04-08 13:55:51,700 | numpy_client.py:228 | read: ReadRes(clock=46)
DEBUG flower 2021-04-08 13:55:51,707 | numpy_client.py:172 | fit, FitIns(clock=71)
DEBUG flower 2021-04-08 13:55:51,707 | numpy_client.py:260 | cached_clock: 46, curr_clock: 71
DEBUG flower 2021-04-08 13:55:53,731 | acc_variance.py:19 | AccuracyVariance: sample variance 0.0013071986607142865 (last 7 data)
DEBUG flower 2021-04-08 13:55:53,732 | numpy_client.py:201 | Not a switch point
INFO flower 2021-04-08 13:55:53,735 | numpy_client.py:205 | Cache is fresh, return FitRes(clock=71)
DEBUG flower 2021-04-08 13:56:00,759 | numpy_client.py:172 | fit, FitIns(clock=72)
DEBUG flower 2021-04-08 13:56:00,760 | numpy_client.py:260 | cached_clock: 46, curr_clock: 72
INFO flower 2021-04-08 13:56:00,760 | numpy_client.py:184 | Cache is stale, return ReadIns
DEBUG flower 2021-04-08 13:56:05,304 | numpy_client.py:228 | read: ReadRes(clock=47)
DEBUG flower 2021-04-08 13:56:05,312 | numpy_client.py:172 | fit, FitIns(clock=72)
DEBUG flower 2021-04-08 13:56:05,312 | numpy_client.py:260 | cached_clock: 47, curr_clock: 72
DEBUG flower 2021-04-08 13:56:07,244 | acc_variance.py:19 | AccuracyVariance: sample variance 0.0010767348931760208 (last 7 data)
DEBUG flower 2021-04-08 13:56:07,245 | numpy_client.py:201 | Not a switch point
INFO flower 2021-04-08 13:56:07,248 | numpy_client.py:205 | Cache is fresh, return FitRes(clock=72)
DEBUG flower 2021-04-08 13:56:14,543 | numpy_client.py:172 | fit, FitIns(clock=73)
DEBUG flower 2021-04-08 13:56:14,543 | numpy_client.py:260 | cached_clock: 47, curr_clock: 73
INFO flower 2021-04-08 13:56:14,543 | numpy_client.py:184 | Cache is stale, return ReadIns
DEBUG flower 2021-04-08 13:56:19,104 | numpy_client.py:228 | read: ReadRes(clock=48)
DEBUG flower 2021-04-08 13:56:19,111 | numpy_client.py:172 | fit, FitIns(clock=73)
DEBUG flower 2021-04-08 13:56:19,112 | numpy_client.py:260 | cached_clock: 48, curr_clock: 73
DEBUG flower 2021-04-08 13:56:21,108 | acc_variance.py:19 | AccuracyVariance: sample variance 0.0010980598294005105 (last 7 data)
DEBUG flower 2021-04-08 13:56:21,109 | numpy_client.py:201 | Not a switch point
INFO flower 2021-04-08 13:56:21,112 | numpy_client.py:205 | Cache is fresh, return FitRes(clock=73)
DEBUG flower 2021-04-08 13:56:27,871 | numpy_client.py:172 | fit, FitIns(clock=74)
DEBUG flower 2021-04-08 13:56:27,871 | numpy_client.py:260 | cached_clock: 48, curr_clock: 74
INFO flower 2021-04-08 13:56:27,871 | numpy_client.py:184 | Cache is stale, return ReadIns
DEBUG flower 2021-04-08 13:56:32,223 | numpy_client.py:228 | read: ReadRes(clock=49)
DEBUG flower 2021-04-08 13:56:32,231 | numpy_client.py:172 | fit, FitIns(clock=74)
DEBUG flower 2021-04-08 13:56:32,231 | numpy_client.py:260 | cached_clock: 49, curr_clock: 74
DEBUG flower 2021-04-08 13:56:34,130 | acc_variance.py:19 | AccuracyVariance: sample variance 0.000915876116071429 (last 7 data)
DEBUG flower 2021-04-08 13:56:34,130 | numpy_client.py:201 | Not a switch point
INFO flower 2021-04-08 13:56:34,133 | numpy_client.py:205 | Cache is fresh, return FitRes(clock=74)
DEBUG flower 2021-04-08 13:56:41,519 | numpy_client.py:172 | fit, FitIns(clock=75)
DEBUG flower 2021-04-08 13:56:41,520 | numpy_client.py:260 | cached_clock: 49, curr_clock: 75
INFO flower 2021-04-08 13:56:41,520 | numpy_client.py:184 | Cache is stale, return ReadIns
DEBUG flower 2021-04-08 13:56:46,723 | numpy_client.py:228 | read: ReadRes(clock=50)
DEBUG flower 2021-04-08 13:56:46,730 | numpy_client.py:172 | fit, FitIns(clock=75)
DEBUG flower 2021-04-08 13:56:46,730 | numpy_client.py:260 | cached_clock: 50, curr_clock: 75
DEBUG flower 2021-04-08 13:56:48,731 | acc_variance.py:19 | AccuracyVariance: sample variance 0.0009369519292091836 (last 7 data)
DEBUG flower 2021-04-08 13:56:48,731 | numpy_client.py:201 | Not a switch point
INFO flower 2021-04-08 13:56:48,734 | numpy_client.py:205 | Cache is fresh, return FitRes(clock=75)
DEBUG flower 2021-04-08 13:56:55,837 | numpy_client.py:172 | fit, FitIns(clock=76)
DEBUG flower 2021-04-08 13:56:55,837 | numpy_client.py:260 | cached_clock: 50, curr_clock: 76
INFO flower 2021-04-08 13:56:55,837 | numpy_client.py:184 | Cache is stale, return ReadIns
DEBUG flower 2021-04-08 13:57:00,705 | numpy_client.py:228 | read: ReadRes(clock=51)
DEBUG flower 2021-04-08 13:57:00,713 | numpy_client.py:172 | fit, FitIns(clock=76)
DEBUG flower 2021-04-08 13:57:00,713 | numpy_client.py:260 | cached_clock: 51, curr_clock: 76
DEBUG flower 2021-04-08 13:57:02,652 | acc_variance.py:19 | AccuracyVariance: sample variance 0.0006997867506377542 (last 7 data)
DEBUG flower 2021-04-08 13:57:02,652 | numpy_client.py:201 | Not a switch point
INFO flower 2021-04-08 13:57:02,655 | numpy_client.py:205 | Cache is fresh, return FitRes(clock=76)
DEBUG flower 2021-04-08 13:57:09,748 | numpy_client.py:172 | fit, FitIns(clock=77)
DEBUG flower 2021-04-08 13:57:09,748 | numpy_client.py:260 | cached_clock: 51, curr_clock: 77
INFO flower 2021-04-08 13:57:09,749 | numpy_client.py:184 | Cache is stale, return ReadIns
DEBUG flower 2021-04-08 13:57:15,025 | numpy_client.py:228 | read: ReadRes(clock=52)
DEBUG flower 2021-04-08 13:57:15,032 | numpy_client.py:172 | fit, FitIns(clock=77)
DEBUG flower 2021-04-08 13:57:15,032 | numpy_client.py:260 | cached_clock: 52, curr_clock: 77
DEBUG flower 2021-04-08 13:57:17,131 | acc_variance.py:19 | AccuracyVariance: sample variance 0.0006035255899234686 (last 7 data)
DEBUG flower 2021-04-08 13:57:17,131 | numpy_client.py:201 | Not a switch point
INFO flower 2021-04-08 13:57:17,135 | numpy_client.py:205 | Cache is fresh, return FitRes(clock=77)
DEBUG flower 2021-04-08 13:57:24,028 | numpy_client.py:172 | fit, FitIns(clock=78)
DEBUG flower 2021-04-08 13:57:24,028 | numpy_client.py:260 | cached_clock: 52, curr_clock: 78
INFO flower 2021-04-08 13:57:24,029 | numpy_client.py:184 | Cache is stale, return ReadIns
DEBUG flower 2021-04-08 13:57:28,949 | numpy_client.py:228 | read: ReadRes(clock=53)
DEBUG flower 2021-04-08 13:57:28,956 | numpy_client.py:172 | fit, FitIns(clock=78)
DEBUG flower 2021-04-08 13:57:28,957 | numpy_client.py:260 | cached_clock: 53, curr_clock: 78
DEBUG flower 2021-04-08 13:57:30,906 | acc_variance.py:19 | AccuracyVariance: sample variance 0.0008910634566326521 (last 7 data)
DEBUG flower 2021-04-08 13:57:30,906 | numpy_client.py:201 | Not a switch point
INFO flower 2021-04-08 13:57:30,909 | numpy_client.py:205 | Cache is fresh, return FitRes(clock=78)
DEBUG flower 2021-04-08 13:57:38,547 | numpy_client.py:172 | fit, FitIns(clock=79)
DEBUG flower 2021-04-08 13:57:38,547 | numpy_client.py:260 | cached_clock: 53, curr_clock: 79
INFO flower 2021-04-08 13:57:38,547 | numpy_client.py:184 | Cache is stale, return ReadIns
DEBUG flower 2021-04-08 13:57:43,532 | numpy_client.py:228 | read: ReadRes(clock=54)
DEBUG flower 2021-04-08 13:57:43,539 | numpy_client.py:172 | fit, FitIns(clock=79)
DEBUG flower 2021-04-08 13:57:43,539 | numpy_client.py:260 | cached_clock: 54, curr_clock: 79
DEBUG flower 2021-04-08 13:57:45,530 | acc_variance.py:19 | AccuracyVariance: sample variance 0.0006093052455357137 (last 7 data)
DEBUG flower 2021-04-08 13:57:45,531 | numpy_client.py:201 | Not a switch point
INFO flower 2021-04-08 13:57:45,534 | numpy_client.py:205 | Cache is fresh, return FitRes(clock=79)
DEBUG flower 2021-04-08 13:57:52,258 | numpy_client.py:172 | fit, FitIns(clock=80)
DEBUG flower 2021-04-08 13:57:52,258 | numpy_client.py:260 | cached_clock: 54, curr_clock: 80
INFO flower 2021-04-08 13:57:52,258 | numpy_client.py:184 | Cache is stale, return ReadIns
DEBUG flower 2021-04-08 13:57:56,686 | numpy_client.py:228 | read: ReadRes(clock=55)
DEBUG flower 2021-04-08 13:57:56,693 | numpy_client.py:172 | fit, FitIns(clock=80)
DEBUG flower 2021-04-08 13:57:56,693 | numpy_client.py:260 | cached_clock: 55, curr_clock: 80
DEBUG flower 2021-04-08 13:57:58,814 | acc_variance.py:19 | AccuracyVariance: sample variance 0.0006012336575255096 (last 7 data)
DEBUG flower 2021-04-08 13:57:58,814 | numpy_client.py:201 | Not a switch point
INFO flower 2021-04-08 13:57:58,817 | numpy_client.py:205 | Cache is fresh, return FitRes(clock=80)
DEBUG flower 2021-04-08 13:58:05,508 | numpy_client.py:172 | fit, FitIns(clock=81)
DEBUG flower 2021-04-08 13:58:05,509 | numpy_client.py:260 | cached_clock: 55, curr_clock: 81
INFO flower 2021-04-08 13:58:05,509 | numpy_client.py:184 | Cache is stale, return ReadIns
DEBUG flower 2021-04-08 13:58:09,829 | numpy_client.py:228 | read: ReadRes(clock=56)
DEBUG flower 2021-04-08 13:58:09,836 | numpy_client.py:172 | fit, FitIns(clock=81)
DEBUG flower 2021-04-08 13:58:09,836 | numpy_client.py:260 | cached_clock: 56, curr_clock: 81
DEBUG flower 2021-04-08 13:58:11,838 | acc_variance.py:19 | AccuracyVariance: sample variance 0.000643086336096938 (last 7 data)
DEBUG flower 2021-04-08 13:58:11,838 | numpy_client.py:201 | Not a switch point
INFO flower 2021-04-08 13:58:11,842 | numpy_client.py:205 | Cache is fresh, return FitRes(clock=81)
DEBUG flower 2021-04-08 13:58:19,217 | numpy_client.py:172 | fit, FitIns(clock=82)
DEBUG flower 2021-04-08 13:58:19,217 | numpy_client.py:260 | cached_clock: 56, curr_clock: 82
INFO flower 2021-04-08 13:58:19,217 | numpy_client.py:184 | Cache is stale, return ReadIns
DEBUG flower 2021-04-08 13:58:23,907 | numpy_client.py:228 | read: ReadRes(clock=57)
DEBUG flower 2021-04-08 13:58:23,915 | numpy_client.py:172 | fit, FitIns(clock=82)
DEBUG flower 2021-04-08 13:58:23,915 | numpy_client.py:260 | cached_clock: 57, curr_clock: 82
DEBUG flower 2021-04-08 13:58:25,948 | acc_variance.py:19 | AccuracyVariance: sample variance 0.0009834382971938764 (last 7 data)
DEBUG flower 2021-04-08 13:58:25,948 | numpy_client.py:201 | Not a switch point
INFO flower 2021-04-08 13:58:26,004 | numpy_client.py:205 | Cache is fresh, return FitRes(clock=82)
DEBUG flower 2021-04-08 13:58:32,731 | numpy_client.py:172 | fit, FitIns(clock=83)
DEBUG flower 2021-04-08 13:58:32,731 | numpy_client.py:260 | cached_clock: 57, curr_clock: 83
INFO flower 2021-04-08 13:58:32,731 | numpy_client.py:184 | Cache is stale, return ReadIns
DEBUG flower 2021-04-08 13:58:38,261 | numpy_client.py:228 | read: ReadRes(clock=58)
DEBUG flower 2021-04-08 13:58:38,269 | numpy_client.py:172 | fit, FitIns(clock=83)
DEBUG flower 2021-04-08 13:58:38,269 | numpy_client.py:260 | cached_clock: 58, curr_clock: 83
DEBUG flower 2021-04-08 13:58:40,211 | acc_variance.py:19 | AccuracyVariance: sample variance 0.000645477917729591 (last 7 data)
DEBUG flower 2021-04-08 13:58:40,211 | numpy_client.py:201 | Not a switch point
INFO flower 2021-04-08 13:58:40,214 | numpy_client.py:205 | Cache is fresh, return FitRes(clock=83)
DEBUG flower 2021-04-08 13:58:47,435 | numpy_client.py:172 | fit, FitIns(clock=84)
DEBUG flower 2021-04-08 13:58:47,435 | numpy_client.py:260 | cached_clock: 58, curr_clock: 84
INFO flower 2021-04-08 13:58:47,435 | numpy_client.py:184 | Cache is stale, return ReadIns
DEBUG flower 2021-04-08 13:58:52,732 | numpy_client.py:228 | read: ReadRes(clock=59)
DEBUG flower 2021-04-08 13:58:52,739 | numpy_client.py:172 | fit, FitIns(clock=84)
DEBUG flower 2021-04-08 13:58:52,739 | numpy_client.py:260 | cached_clock: 59, curr_clock: 84
DEBUG flower 2021-04-08 13:58:54,714 | acc_variance.py:19 | AccuracyVariance: sample variance 0.0011776048309948967 (last 7 data)
DEBUG flower 2021-04-08 13:58:54,714 | numpy_client.py:201 | Not a switch point
INFO flower 2021-04-08 13:58:54,718 | numpy_client.py:205 | Cache is fresh, return FitRes(clock=84)
DEBUG flower 2021-04-08 13:59:01,809 | numpy_client.py:172 | fit, FitIns(clock=85)
DEBUG flower 2021-04-08 13:59:01,810 | numpy_client.py:260 | cached_clock: 59, curr_clock: 85
INFO flower 2021-04-08 13:59:01,810 | numpy_client.py:184 | Cache is stale, return ReadIns
DEBUG flower 2021-04-08 13:59:06,724 | numpy_client.py:228 | read: ReadRes(clock=60)
DEBUG flower 2021-04-08 13:59:06,731 | numpy_client.py:172 | fit, FitIns(clock=85)
DEBUG flower 2021-04-08 13:59:06,731 | numpy_client.py:260 | cached_clock: 60, curr_clock: 85
DEBUG flower 2021-04-08 13:59:08,732 | acc_variance.py:19 | AccuracyVariance: sample variance 0.0008688665896045912 (last 7 data)
DEBUG flower 2021-04-08 13:59:08,732 | numpy_client.py:201 | Not a switch point
INFO flower 2021-04-08 13:59:08,736 | numpy_client.py:205 | Cache is fresh, return FitRes(clock=85)
DEBUG flower 2021-04-08 13:59:15,966 | numpy_client.py:172 | fit, FitIns(clock=86)
DEBUG flower 2021-04-08 13:59:15,966 | numpy_client.py:260 | cached_clock: 60, curr_clock: 86
INFO flower 2021-04-08 13:59:15,967 | numpy_client.py:184 | Cache is stale, return ReadIns
DEBUG flower 2021-04-08 13:59:21,019 | numpy_client.py:228 | read: ReadRes(clock=61)
DEBUG flower 2021-04-08 13:59:21,026 | numpy_client.py:172 | fit, FitIns(clock=86)
DEBUG flower 2021-04-08 13:59:21,026 | numpy_client.py:260 | cached_clock: 61, curr_clock: 86
DEBUG flower 2021-04-08 13:59:22,930 | acc_variance.py:19 | AccuracyVariance: sample variance 0.0009055375079719379 (last 7 data)
DEBUG flower 2021-04-08 13:59:22,930 | numpy_client.py:201 | Not a switch point
INFO flower 2021-04-08 13:59:22,934 | numpy_client.py:205 | Cache is fresh, return FitRes(clock=86)
DEBUG flower 2021-04-08 13:59:30,337 | numpy_client.py:172 | fit, FitIns(clock=87)
DEBUG flower 2021-04-08 13:59:30,337 | numpy_client.py:260 | cached_clock: 61, curr_clock: 87
INFO flower 2021-04-08 13:59:30,337 | numpy_client.py:184 | Cache is stale, return ReadIns
DEBUG flower 2021-04-08 13:59:34,906 | numpy_client.py:228 | read: ReadRes(clock=62)
DEBUG flower 2021-04-08 13:59:34,913 | numpy_client.py:172 | fit, FitIns(clock=87)
DEBUG flower 2021-04-08 13:59:34,913 | numpy_client.py:260 | cached_clock: 62, curr_clock: 87
DEBUG flower 2021-04-08 13:59:36,908 | acc_variance.py:19 | AccuracyVariance: sample variance 0.0009334891183035706 (last 7 data)
DEBUG flower 2021-04-08 13:59:36,908 | numpy_client.py:201 | Not a switch point
INFO flower 2021-04-08 13:59:36,913 | numpy_client.py:205 | Cache is fresh, return FitRes(clock=87)
DEBUG flower 2021-04-08 13:59:43,865 | numpy_client.py:172 | fit, FitIns(clock=88)
DEBUG flower 2021-04-08 13:59:43,865 | numpy_client.py:260 | cached_clock: 62, curr_clock: 88
INFO flower 2021-04-08 13:59:43,866 | numpy_client.py:184 | Cache is stale, return ReadIns
DEBUG flower 2021-04-08 13:59:48,576 | numpy_client.py:228 | read: ReadRes(clock=63)
DEBUG flower 2021-04-08 13:59:48,583 | numpy_client.py:172 | fit, FitIns(clock=88)
DEBUG flower 2021-04-08 13:59:48,583 | numpy_client.py:260 | cached_clock: 63, curr_clock: 88
DEBUG flower 2021-04-08 13:59:50,506 | acc_variance.py:19 | AccuracyVariance: sample variance 0.0007025520169005094 (last 7 data)
DEBUG flower 2021-04-08 13:59:50,507 | numpy_client.py:201 | Not a switch point
INFO flower 2021-04-08 13:59:50,511 | numpy_client.py:205 | Cache is fresh, return FitRes(clock=88)
DEBUG flower 2021-04-08 13:59:57,845 | numpy_client.py:172 | fit, FitIns(clock=89)
DEBUG flower 2021-04-08 13:59:57,845 | numpy_client.py:260 | cached_clock: 63, curr_clock: 89
INFO flower 2021-04-08 13:59:57,845 | numpy_client.py:184 | Cache is stale, return ReadIns
DEBUG flower 2021-04-08 14:00:02,424 | numpy_client.py:228 | read: ReadRes(clock=64)
DEBUG flower 2021-04-08 14:00:02,431 | numpy_client.py:172 | fit, FitIns(clock=89)
DEBUG flower 2021-04-08 14:00:02,431 | numpy_client.py:260 | cached_clock: 64, curr_clock: 89
DEBUG flower 2021-04-08 14:00:04,329 | acc_variance.py:19 | AccuracyVariance: sample variance 0.0009104701450892856 (last 7 data)
DEBUG flower 2021-04-08 14:00:04,329 | numpy_client.py:201 | Not a switch point
INFO flower 2021-04-08 14:00:04,333 | numpy_client.py:205 | Cache is fresh, return FitRes(clock=89)
DEBUG flower 2021-04-08 14:00:11,463 | numpy_client.py:172 | fit, FitIns(clock=90)
DEBUG flower 2021-04-08 14:00:11,464 | numpy_client.py:260 | cached_clock: 64, curr_clock: 90
INFO flower 2021-04-08 14:00:11,464 | numpy_client.py:184 | Cache is stale, return ReadIns
DEBUG flower 2021-04-08 14:00:16,204 | numpy_client.py:228 | read: ReadRes(clock=65)
DEBUG flower 2021-04-08 14:00:16,211 | numpy_client.py:172 | fit, FitIns(clock=90)
DEBUG flower 2021-04-08 14:00:16,211 | numpy_client.py:260 | cached_clock: 65, curr_clock: 90
DEBUG flower 2021-04-08 14:00:18,326 | acc_variance.py:19 | AccuracyVariance: sample variance 0.001146564094387755 (last 7 data)
DEBUG flower 2021-04-08 14:00:18,326 | numpy_client.py:201 | Not a switch point
INFO flower 2021-04-08 14:00:18,329 | numpy_client.py:205 | Cache is fresh, return FitRes(clock=90)
DEBUG flower 2021-04-08 14:00:25,693 | numpy_client.py:172 | fit, FitIns(clock=91)
DEBUG flower 2021-04-08 14:00:25,693 | numpy_client.py:260 | cached_clock: 65, curr_clock: 91
INFO flower 2021-04-08 14:00:25,693 | numpy_client.py:184 | Cache is stale, return ReadIns
DEBUG flower 2021-04-08 14:00:30,230 | numpy_client.py:228 | read: ReadRes(clock=66)
DEBUG flower 2021-04-08 14:00:30,238 | numpy_client.py:172 | fit, FitIns(clock=91)
DEBUG flower 2021-04-08 14:00:30,238 | numpy_client.py:260 | cached_clock: 66, curr_clock: 91
DEBUG flower 2021-04-08 14:00:32,310 | acc_variance.py:19 | AccuracyVariance: sample variance 0.0013866938376913263 (last 7 data)
DEBUG flower 2021-04-08 14:00:32,310 | numpy_client.py:201 | Not a switch point
INFO flower 2021-04-08 14:00:32,315 | numpy_client.py:205 | Cache is fresh, return FitRes(clock=91)
DEBUG flower 2021-04-08 14:00:39,326 | numpy_client.py:172 | fit, FitIns(clock=92)
DEBUG flower 2021-04-08 14:00:39,327 | numpy_client.py:260 | cached_clock: 66, curr_clock: 92
INFO flower 2021-04-08 14:00:39,327 | numpy_client.py:184 | Cache is stale, return ReadIns
DEBUG flower 2021-04-08 14:00:43,925 | numpy_client.py:228 | read: ReadRes(clock=67)
DEBUG flower 2021-04-08 14:00:43,932 | numpy_client.py:172 | fit, FitIns(clock=92)
DEBUG flower 2021-04-08 14:00:43,932 | numpy_client.py:260 | cached_clock: 67, curr_clock: 92
DEBUG flower 2021-04-08 14:00:45,928 | acc_variance.py:19 | AccuracyVariance: sample variance 0.0012040367904974484 (last 7 data)
DEBUG flower 2021-04-08 14:00:45,928 | numpy_client.py:201 | Not a switch point
INFO flower 2021-04-08 14:00:45,932 | numpy_client.py:205 | Cache is fresh, return FitRes(clock=92)
DEBUG flower 2021-04-08 14:00:53,027 | numpy_client.py:172 | fit, FitIns(clock=93)
DEBUG flower 2021-04-08 14:00:53,028 | numpy_client.py:260 | cached_clock: 67, curr_clock: 93
INFO flower 2021-04-08 14:00:53,028 | numpy_client.py:184 | Cache is stale, return ReadIns
DEBUG flower 2021-04-08 14:00:57,517 | numpy_client.py:228 | read: ReadRes(clock=68)
DEBUG flower 2021-04-08 14:00:57,524 | numpy_client.py:172 | fit, FitIns(clock=93)
DEBUG flower 2021-04-08 14:00:57,524 | numpy_client.py:260 | cached_clock: 68, curr_clock: 93
DEBUG flower 2021-04-08 14:00:59,428 | acc_variance.py:19 | AccuracyVariance: sample variance 0.0007630141900510201 (last 7 data)
DEBUG flower 2021-04-08 14:00:59,428 | numpy_client.py:201 | Not a switch point
INFO flower 2021-04-08 14:00:59,432 | numpy_client.py:205 | Cache is fresh, return FitRes(clock=93)
DEBUG flower 2021-04-08 14:01:06,468 | numpy_client.py:172 | fit, FitIns(clock=94)
DEBUG flower 2021-04-08 14:01:06,468 | numpy_client.py:260 | cached_clock: 68, curr_clock: 94
INFO flower 2021-04-08 14:01:06,468 | numpy_client.py:184 | Cache is stale, return ReadIns
DEBUG flower 2021-04-08 14:01:10,838 | numpy_client.py:228 | read: ReadRes(clock=69)
DEBUG flower 2021-04-08 14:01:10,845 | numpy_client.py:172 | fit, FitIns(clock=94)
DEBUG flower 2021-04-08 14:01:10,845 | numpy_client.py:260 | cached_clock: 69, curr_clock: 94
DEBUG flower 2021-04-08 14:01:12,727 | acc_variance.py:19 | AccuracyVariance: sample variance 0.0007431341677295917 (last 7 data)
DEBUG flower 2021-04-08 14:01:12,727 | numpy_client.py:201 | Not a switch point
INFO flower 2021-04-08 14:01:12,730 | numpy_client.py:205 | Cache is fresh, return FitRes(clock=94)
DEBUG flower 2021-04-08 14:01:19,983 | numpy_client.py:172 | fit, FitIns(clock=95)
DEBUG flower 2021-04-08 14:01:19,983 | numpy_client.py:260 | cached_clock: 69, curr_clock: 95
INFO flower 2021-04-08 14:01:19,983 | numpy_client.py:184 | Cache is stale, return ReadIns
DEBUG flower 2021-04-08 14:01:24,051 | numpy_client.py:228 | read: ReadRes(clock=70)
DEBUG flower 2021-04-08 14:01:24,058 | numpy_client.py:172 | fit, FitIns(clock=95)
DEBUG flower 2021-04-08 14:01:24,058 | numpy_client.py:260 | cached_clock: 70, curr_clock: 95
DEBUG flower 2021-04-08 14:01:26,037 | acc_variance.py:19 | AccuracyVariance: sample variance 0.00029112523915816337 (last 7 data)
DEBUG flower 2021-04-08 14:01:26,037 | numpy_client.py:201 | Not a switch point
INFO flower 2021-04-08 14:01:26,041 | numpy_client.py:205 | Cache is fresh, return FitRes(clock=95)
DEBUG flower 2021-04-08 14:01:33,085 | numpy_client.py:172 | fit, FitIns(clock=96)
DEBUG flower 2021-04-08 14:01:33,086 | numpy_client.py:260 | cached_clock: 70, curr_clock: 96
INFO flower 2021-04-08 14:01:33,086 | numpy_client.py:184 | Cache is stale, return ReadIns
DEBUG flower 2021-04-08 14:01:37,615 | numpy_client.py:228 | read: ReadRes(clock=71)
DEBUG flower 2021-04-08 14:01:37,623 | numpy_client.py:172 | fit, FitIns(clock=96)
DEBUG flower 2021-04-08 14:01:37,623 | numpy_client.py:260 | cached_clock: 71, curr_clock: 96
DEBUG flower 2021-04-08 14:01:39,732 | acc_variance.py:19 | AccuracyVariance: sample variance 0.001393245774872448 (last 7 data)
DEBUG flower 2021-04-08 14:01:39,732 | numpy_client.py:201 | Not a switch point
INFO flower 2021-04-08 14:01:39,736 | numpy_client.py:205 | Cache is fresh, return FitRes(clock=96)
DEBUG flower 2021-04-08 14:01:46,513 | numpy_client.py:172 | fit, FitIns(clock=97)
DEBUG flower 2021-04-08 14:01:46,513 | numpy_client.py:260 | cached_clock: 71, curr_clock: 97
INFO flower 2021-04-08 14:01:46,513 | numpy_client.py:184 | Cache is stale, return ReadIns
DEBUG flower 2021-04-08 14:01:50,819 | numpy_client.py:228 | read: ReadRes(clock=72)
DEBUG flower 2021-04-08 14:01:50,826 | numpy_client.py:172 | fit, FitIns(clock=97)
DEBUG flower 2021-04-08 14:01:50,826 | numpy_client.py:260 | cached_clock: 72, curr_clock: 97
DEBUG flower 2021-04-08 14:01:52,825 | acc_variance.py:19 | AccuracyVariance: sample variance 0.0012652961575255089 (last 7 data)
DEBUG flower 2021-04-08 14:01:52,826 | numpy_client.py:201 | Not a switch point
INFO flower 2021-04-08 14:01:52,829 | numpy_client.py:205 | Cache is fresh, return FitRes(clock=97)
DEBUG flower 2021-04-08 14:01:59,921 | numpy_client.py:172 | fit, FitIns(clock=98)
DEBUG flower 2021-04-08 14:01:59,921 | numpy_client.py:260 | cached_clock: 72, curr_clock: 98
INFO flower 2021-04-08 14:01:59,921 | numpy_client.py:184 | Cache is stale, return ReadIns
DEBUG flower 2021-04-08 14:02:04,611 | numpy_client.py:228 | read: ReadRes(clock=73)
DEBUG flower 2021-04-08 14:02:04,618 | numpy_client.py:172 | fit, FitIns(clock=98)
DEBUG flower 2021-04-08 14:02:04,618 | numpy_client.py:260 | cached_clock: 73, curr_clock: 98
DEBUG flower 2021-04-08 14:02:06,709 | acc_variance.py:19 | AccuracyVariance: sample variance 0.0009207091039540803 (last 7 data)
DEBUG flower 2021-04-08 14:02:06,709 | numpy_client.py:201 | Not a switch point
INFO flower 2021-04-08 14:02:06,713 | numpy_client.py:205 | Cache is fresh, return FitRes(clock=98)
DEBUG flower 2021-04-08 14:02:13,611 | numpy_client.py:172 | fit, FitIns(clock=99)
DEBUG flower 2021-04-08 14:02:13,611 | numpy_client.py:260 | cached_clock: 73, curr_clock: 99
INFO flower 2021-04-08 14:02:13,611 | numpy_client.py:184 | Cache is stale, return ReadIns
DEBUG flower 2021-04-08 14:02:18,205 | numpy_client.py:228 | read: ReadRes(clock=74)
DEBUG flower 2021-04-08 14:02:18,212 | numpy_client.py:172 | fit, FitIns(clock=99)
DEBUG flower 2021-04-08 14:02:18,212 | numpy_client.py:260 | cached_clock: 74, curr_clock: 99
DEBUG flower 2021-04-08 14:02:20,223 | acc_variance.py:19 | AccuracyVariance: sample variance 0.0014540318080357138 (last 7 data)
DEBUG flower 2021-04-08 14:02:20,223 | numpy_client.py:201 | Not a switch point
INFO flower 2021-04-08 14:02:20,227 | numpy_client.py:205 | Cache is fresh, return FitRes(clock=99)
DEBUG flower 2021-04-08 14:02:20,227 | numpy_client.py:217 | The client finishes computing after 1018 seconds
INFO flower 2021-04-08 14:08:14,769 | numpy_client.py:250 | [32;1m Loss: 31.755, Accuracy: 51.047%[0m
DEBUG flower 2021-04-08 14:08:15,928 | connection.py:68 | Insecure gRPC channel closed
INFO flower 2021-04-08 14:08:15,928 | app.py:74 | Disconnect and shut down
Namespace(idx=16, max_delay=0, min_delay=0, num_clients=31, server_ip='10.244.37.27:8080', staleness_bound=2000)
I'm client 16
Start SSP client without delay
Files already downloaded and verified
Files already downloaded and verified
[32;1mClient 16: 1274 train samples, 382 test samples[0m
loss=91.9087393283844, acc=0.09453125
feed:  0.09453125
loss=89.90582656860352, acc=0.1984375
feed:  0.1984375
loss=88.30383849143982, acc=0.1984375
feed:  0.1984375
loss=86.70009255409241, acc=0.1984375
feed:  0.1984375
loss=84.93703532218933, acc=0.1984375
feed:  0.1984375
loss=82.66358160972595, acc=0.1984375
feed:  0.1984375
loss=78.879851937294, acc=0.1984375
feed:  0.1984375
loss=72.37682104110718, acc=0.1984375
feed:  0.1984375
loss=66.89410555362701, acc=0.23359375
feed:  0.23359375
loss=65.00814986228943, acc=0.24140625
feed:  0.24140625
loss=64.14224314689636, acc=0.3015625
feed:  0.3015625
loss=63.37336754798889, acc=0.3328125
feed:  0.3328125
loss=62.45141279697418, acc=0.35234375
feed:  0.35234375
loss=61.37793755531311, acc=0.38125
feed:  0.38125
loss=60.25929307937622, acc=0.3796875
feed:  0.3796875
loss=59.24495041370392, acc=0.396875
feed:  0.396875
loss=58.391467332839966, acc=0.396875
feed:  0.396875
loss=57.666019916534424, acc=0.40234375
feed:  0.40234375
loss=57.057950019836426, acc=0.40703125
feed:  0.40703125
loss=56.53406584262848, acc=0.415625
feed:  0.415625
loss=56.084264039993286, acc=0.41953125
feed:  0.41953125
loss=55.69153010845184, acc=0.4265625
feed:  0.4265625
loss=55.31734538078308, acc=0.43046875
feed:  0.43046875
loss=54.94611060619354, acc=0.434375
feed:  0.434375
loss=54.57957589626312, acc=0.4390625
feed:  0.4390625
loss=54.192601561546326, acc=0.4421875
feed:  0.4421875
loss=53.78785181045532, acc=0.4453125
feed:  0.4453125
loss=105.62811422348022, acc=0.29296875
feed:  0.29296875
loss=72.09739768505096, acc=0.3140625
feed:  0.3140625
loss=58.39121890068054, acc=0.40625
feed:  0.40625
loss=55.16930544376373, acc=0.44921875
feed:  0.44921875
loss=53.936596393585205, acc=0.45234375
feed:  0.45234375
loss=53.017748951911926, acc=0.453125
feed:  0.453125
loss=52.233375906944275, acc=0.45625
feed:  0.45625
loss=51.57825988531113, acc=0.4671875
feed:  0.4671875
loss=51.02298200130463, acc=0.46796875
feed:  0.46796875
loss=50.55004209280014, acc=0.4703125
feed:  0.4703125
loss=50.13232046365738, acc=0.46953125
feed:  0.46953125
loss=70.59431636333466, acc=0.38671875
feed:  0.38671875
loss=42.95422983169556, acc=0.575
feed:  0.575
loss=91.85636758804321, acc=0.3421875
feed:  0.3421875
loss=113.26466107368469, acc=0.225
feed:  0.225
loss=40.023608803749084, acc=0.6140625
feed:  0.6140625
loss=95.9767597913742, acc=0.3734375
feed:  0.3734375
loss=82.29048013687134, acc=0.45546875
feed:  0.45546875
loss=112.49578809738159, acc=0.175
feed:  0.175
loss=37.91347813606262, acc=0.6203125
feed:  0.6203125
loss=46.76817035675049, acc=0.53515625
feed:  0.53515625
loss=81.73616695404053, acc=0.46484375
feed:  0.46484375
loss=107.479576587677, acc=0.1890625
feed:  0.1890625
loss=43.03396439552307, acc=0.6
feed:  0.6
loss=95.5267162322998, acc=0.36484375
feed:  0.36484375
loss=81.37321507930756, acc=0.4828125
feed:  0.4828125
loss=65.82614731788635, acc=0.45
feed:  0.45
loss=64.63904404640198, acc=0.46796875
feed:  0.46796875
loss=45.696155309677124, acc=0.54765625
feed:  0.54765625
loss=81.74547481536865, acc=0.4890625
feed:  0.4890625
loss=55.56434375047684, acc=0.48828125
feed:  0.48828125
loss=82.16703510284424, acc=0.49296875
feed:  0.49296875
loss=82.48441112041473, acc=0.49296875
feed:  0.49296875
loss=43.09795105457306, acc=0.60390625
feed:  0.60390625
loss=43.18036353588104, acc=0.60234375
feed:  0.60234375
loss=41.33092403411865, acc=0.63125
feed:  0.63125
loss=43.24158227443695, acc=0.6078125
feed:  0.6078125
loss=43.201556742191315, acc=0.61328125
feed:  0.61328125
loss=65.69066601991653, acc=0.53984375
feed:  0.53984375
loss=48.64113008975983, acc=0.59765625
feed:  0.59765625
loss=64.13337928056717, acc=0.546875
feed:  0.546875
loss=47.14214187860489, acc=0.6
feed:  0.6
loss=36.2909871339798, acc=0.6515625
feed:  0.6515625
loss=62.69712853431702, acc=0.56015625
feed:  0.56015625
loss=46.08578896522522, acc=0.6
feed:  0.6
loss=61.94396609067917, acc=0.5625
feed:  0.5625
loss=45.925881147384644, acc=0.60390625
feed:  0.60390625
loss=42.986220955848694, acc=0.62734375
feed:  0.62734375
loss=44.494600892066956, acc=0.6140625
feed:  0.6140625
loss=60.88488703966141, acc=0.55859375
feed:  0.55859375
loss=45.12666940689087, acc=0.6140625
feed:  0.6140625
loss=40.38670301437378, acc=0.6453125
feed:  0.6453125
loss=45.86871820688248, acc=0.61328125
feed:  0.61328125
loss=45.989397406578064, acc=0.6109375
feed:  0.6109375
loss=40.64024096727371, acc=0.63515625
feed:  0.63515625
loss=59.591223299503326, acc=0.56015625
feed:  0.56015625
loss=47.487501323223114, acc=0.5984375
feed:  0.5984375
loss=63.74967747926712, acc=0.54453125
feed:  0.54453125
loss=48.79834049940109, acc=0.60546875
feed:  0.60546875
loss=40.66374909877777, acc=0.61953125
feed:  0.61953125
loss=59.02046847343445, acc=0.57109375
feed:  0.57109375
loss=51.29956954717636, acc=0.61171875
feed:  0.61171875
loss=64.35244125127792, acc=0.53984375
feed:  0.53984375
loss=65.62710618972778, acc=0.53515625
feed:  0.53515625
loss=57.9258474111557, acc=0.5234375
feed:  0.5234375
loss=57.641452968120575, acc=0.56875
feed:  0.56875
loss=59.644743263721466, acc=0.5703125
feed:  0.5703125
loss=61.0703558921814, acc=0.56015625
feed:  0.56015625
loss=61.82555139064789, acc=0.5625
feed:  0.5625
loss=41.033336877822876, acc=0.64921875
feed:  0.64921875
loss=61.82541012763977, acc=0.55390625
feed:  0.55390625
loss=63.91207152605057, acc=0.5671875
feed:  0.5671875
loss=43.172837018966675, acc=0.64375
feed:  0.64375
Files already downloaded and verified
Files already downloaded and verified
Testing on full test set: 313, 1497.4904010295868, 0.3377
Testing on partial test set: 12, 31.754987359046936, 0.5104712041884817
