DEBUG flower 2021-04-08 13:45:19,477 | connection.py:36 | ChannelConnectivity.IDLE
DEBUG flower 2021-04-08 13:45:19,479 | connection.py:36 | ChannelConnectivity.CONNECTING
INFO flower 2021-04-08 13:45:19,480 | app.py:63 | Opened (insecure) gRPC connection
DEBUG flower 2021-04-08 13:45:19,482 | connection.py:36 | ChannelConnectivity.READY
DEBUG flower 2021-04-08 13:45:21,800 | numpy_client.py:172 | fit, FitIns(clock=0)
INFO flower 2021-04-08 13:45:21,800 | numpy_client.py:184 | Cache is stale, return ReadIns
DEBUG flower 2021-04-08 13:45:22,015 | numpy_client.py:228 | read: ReadRes(clock=-1)
DEBUG flower 2021-04-08 13:45:22,030 | numpy_client.py:172 | fit, FitIns(clock=0)
DEBUG flower 2021-04-08 13:45:22,030 | numpy_client.py:260 | cached_clock: -1, curr_clock: 0
DEBUG flower 2021-04-08 13:45:25,944 | model_wrapper.py:21 | Load existing initial model
DEBUG flower 2021-04-08 13:45:25,944 | numpy_client.py:201 | Not a switch point
INFO flower 2021-04-08 13:45:25,947 | numpy_client.py:205 | Cache is fresh, return FitRes(clock=0)
DEBUG flower 2021-04-08 13:45:25,970 | numpy_client.py:172 | fit, FitIns(clock=1)
DEBUG flower 2021-04-08 13:45:25,970 | numpy_client.py:260 | cached_clock: -1, curr_clock: 1
DEBUG flower 2021-04-08 13:45:29,768 | numpy_client.py:201 | Not a switch point
INFO flower 2021-04-08 13:45:29,771 | numpy_client.py:205 | Cache is fresh, return FitRes(clock=1)
DEBUG flower 2021-04-08 13:45:36,133 | numpy_client.py:172 | fit, FitIns(clock=2)
DEBUG flower 2021-04-08 13:45:36,133 | numpy_client.py:260 | cached_clock: -1, curr_clock: 2
DEBUG flower 2021-04-08 13:45:39,946 | numpy_client.py:201 | Not a switch point
INFO flower 2021-04-08 13:45:39,950 | numpy_client.py:205 | Cache is fresh, return FitRes(clock=2)
DEBUG flower 2021-04-08 13:45:39,983 | numpy_client.py:172 | fit, FitIns(clock=3)
DEBUG flower 2021-04-08 13:45:39,983 | numpy_client.py:260 | cached_clock: -1, curr_clock: 3
DEBUG flower 2021-04-08 13:45:43,945 | numpy_client.py:201 | Not a switch point
INFO flower 2021-04-08 13:45:43,951 | numpy_client.py:205 | Cache is fresh, return FitRes(clock=3)
DEBUG flower 2021-04-08 13:45:49,875 | numpy_client.py:172 | fit, FitIns(clock=4)
DEBUG flower 2021-04-08 13:45:49,875 | numpy_client.py:260 | cached_clock: -1, curr_clock: 4
DEBUG flower 2021-04-08 13:45:53,648 | numpy_client.py:201 | Not a switch point
INFO flower 2021-04-08 13:45:53,652 | numpy_client.py:205 | Cache is fresh, return FitRes(clock=4)
DEBUG flower 2021-04-08 13:45:53,674 | numpy_client.py:172 | fit, FitIns(clock=5)
DEBUG flower 2021-04-08 13:45:53,674 | numpy_client.py:260 | cached_clock: -1, curr_clock: 5
DEBUG flower 2021-04-08 13:45:57,475 | numpy_client.py:201 | Not a switch point
INFO flower 2021-04-08 13:45:57,478 | numpy_client.py:205 | Cache is fresh, return FitRes(clock=5)
DEBUG flower 2021-04-08 13:46:03,627 | numpy_client.py:172 | fit, FitIns(clock=6)
DEBUG flower 2021-04-08 13:46:03,627 | numpy_client.py:260 | cached_clock: -1, curr_clock: 6
DEBUG flower 2021-04-08 13:46:07,468 | acc_variance.py:19 | AccuracyVariance: sample variance 0.006526105524643657 (last 7 data)
DEBUG flower 2021-04-08 13:46:07,469 | numpy_client.py:201 | Not a switch point
INFO flower 2021-04-08 13:46:07,472 | numpy_client.py:205 | Cache is fresh, return FitRes(clock=6)
DEBUG flower 2021-04-08 13:46:07,502 | numpy_client.py:172 | fit, FitIns(clock=7)
DEBUG flower 2021-04-08 13:46:07,502 | numpy_client.py:260 | cached_clock: -1, curr_clock: 7
DEBUG flower 2021-04-08 13:46:11,449 | acc_variance.py:19 | AccuracyVariance: sample variance 0.006953032493778419 (last 7 data)
DEBUG flower 2021-04-08 13:46:11,449 | numpy_client.py:201 | Not a switch point
INFO flower 2021-04-08 13:46:11,453 | numpy_client.py:205 | Cache is fresh, return FitRes(clock=7)
DEBUG flower 2021-04-08 13:46:17,352 | numpy_client.py:172 | fit, FitIns(clock=8)
DEBUG flower 2021-04-08 13:46:17,352 | numpy_client.py:260 | cached_clock: -1, curr_clock: 8
DEBUG flower 2021-04-08 13:46:21,369 | acc_variance.py:19 | AccuracyVariance: sample variance 0.006909629865396993 (last 7 data)
DEBUG flower 2021-04-08 13:46:21,369 | numpy_client.py:201 | Not a switch point
INFO flower 2021-04-08 13:46:21,373 | numpy_client.py:205 | Cache is fresh, return FitRes(clock=8)
DEBUG flower 2021-04-08 13:46:21,397 | numpy_client.py:172 | fit, FitIns(clock=9)
DEBUG flower 2021-04-08 13:46:21,397 | numpy_client.py:260 | cached_clock: -1, curr_clock: 9
DEBUG flower 2021-04-08 13:46:25,373 | acc_variance.py:19 | AccuracyVariance: sample variance 0.0059855895206370625 (last 7 data)
DEBUG flower 2021-04-08 13:46:25,373 | numpy_client.py:201 | Not a switch point
INFO flower 2021-04-08 13:46:25,377 | numpy_client.py:205 | Cache is fresh, return FitRes(clock=9)
DEBUG flower 2021-04-08 13:46:30,081 | numpy_client.py:172 | fit, FitIns(clock=10)
DEBUG flower 2021-04-08 13:46:30,081 | numpy_client.py:260 | cached_clock: -1, curr_clock: 10
DEBUG flower 2021-04-08 13:46:33,770 | acc_variance.py:19 | AccuracyVariance: sample variance 0.0034692858369102415 (last 7 data)
DEBUG flower 2021-04-08 13:46:33,770 | numpy_client.py:201 | Not a switch point
INFO flower 2021-04-08 13:46:33,774 | numpy_client.py:205 | Cache is fresh, return FitRes(clock=10)
DEBUG flower 2021-04-08 13:46:33,799 | numpy_client.py:172 | fit, FitIns(clock=11)
DEBUG flower 2021-04-08 13:46:33,799 | numpy_client.py:260 | cached_clock: -1, curr_clock: 11
DEBUG flower 2021-04-08 13:46:37,668 | acc_variance.py:19 | AccuracyVariance: sample variance 0.0014242596705573778 (last 7 data)
DEBUG flower 2021-04-08 13:46:37,668 | numpy_client.py:201 | Not a switch point
INFO flower 2021-04-08 13:46:37,672 | numpy_client.py:205 | Cache is fresh, return FitRes(clock=11)
DEBUG flower 2021-04-08 13:46:43,547 | numpy_client.py:172 | fit, FitIns(clock=12)
DEBUG flower 2021-04-08 13:46:43,548 | numpy_client.py:260 | cached_clock: -1, curr_clock: 12
DEBUG flower 2021-04-08 13:46:47,559 | acc_variance.py:19 | AccuracyVariance: sample variance 0.0005237223600015145 (last 7 data)
DEBUG flower 2021-04-08 13:46:47,559 | numpy_client.py:201 | Not a switch point
INFO flower 2021-04-08 13:46:47,563 | numpy_client.py:205 | Cache is fresh, return FitRes(clock=12)
DEBUG flower 2021-04-08 13:46:47,589 | numpy_client.py:172 | fit, FitIns(clock=13)
DEBUG flower 2021-04-08 13:46:47,589 | numpy_client.py:260 | cached_clock: -1, curr_clock: 13
DEBUG flower 2021-04-08 13:46:51,452 | acc_variance.py:19 | AccuracyVariance: sample variance 0.0004823096910378249 (last 7 data)
DEBUG flower 2021-04-08 13:46:51,452 | numpy_client.py:201 | Not a switch point
INFO flower 2021-04-08 13:46:51,456 | numpy_client.py:205 | Cache is fresh, return FitRes(clock=13)
DEBUG flower 2021-04-08 13:46:56,864 | numpy_client.py:172 | fit, FitIns(clock=14)
DEBUG flower 2021-04-08 13:46:56,864 | numpy_client.py:260 | cached_clock: -1, curr_clock: 14
DEBUG flower 2021-04-08 13:47:00,769 | acc_variance.py:19 | AccuracyVariance: sample variance 0.0004447962668791583 (last 7 data)
DEBUG flower 2021-04-08 13:47:00,769 | numpy_client.py:201 | Not a switch point
INFO flower 2021-04-08 13:47:00,773 | numpy_client.py:205 | Cache is fresh, return FitRes(clock=14)
DEBUG flower 2021-04-08 13:47:00,795 | numpy_client.py:172 | fit, FitIns(clock=15)
DEBUG flower 2021-04-08 13:47:00,795 | numpy_client.py:260 | cached_clock: -1, curr_clock: 15
DEBUG flower 2021-04-08 13:47:04,580 | acc_variance.py:19 | AccuracyVariance: sample variance 0.0003198590850575344 (last 7 data)
DEBUG flower 2021-04-08 13:47:04,580 | numpy_client.py:201 | Not a switch point
INFO flower 2021-04-08 13:47:04,583 | numpy_client.py:205 | Cache is fresh, return FitRes(clock=15)
DEBUG flower 2021-04-08 13:47:10,354 | numpy_client.py:172 | fit, FitIns(clock=16)
DEBUG flower 2021-04-08 13:47:10,354 | numpy_client.py:260 | cached_clock: -1, curr_clock: 16
DEBUG flower 2021-04-08 13:47:14,147 | acc_variance.py:19 | AccuracyVariance: sample variance 0.00027599258100102916 (last 7 data)
DEBUG flower 2021-04-08 13:47:14,148 | numpy_client.py:201 | Not a switch point
INFO flower 2021-04-08 13:47:14,152 | numpy_client.py:205 | Cache is fresh, return FitRes(clock=16)
DEBUG flower 2021-04-08 13:47:14,183 | numpy_client.py:172 | fit, FitIns(clock=17)
DEBUG flower 2021-04-08 13:47:14,184 | numpy_client.py:260 | cached_clock: -1, curr_clock: 17
DEBUG flower 2021-04-08 13:47:18,053 | acc_variance.py:19 | AccuracyVariance: sample variance 0.0002303915852898761 (last 7 data)
DEBUG flower 2021-04-08 13:47:18,053 | numpy_client.py:201 | Not a switch point
INFO flower 2021-04-08 13:47:18,058 | numpy_client.py:205 | Cache is fresh, return FitRes(clock=17)
DEBUG flower 2021-04-08 13:47:23,566 | numpy_client.py:172 | fit, FitIns(clock=18)
DEBUG flower 2021-04-08 13:47:23,567 | numpy_client.py:260 | cached_clock: -1, curr_clock: 18
DEBUG flower 2021-04-08 13:47:27,649 | acc_variance.py:19 | AccuracyVariance: sample variance 0.00021718121280389353 (last 7 data)
DEBUG flower 2021-04-08 13:47:27,650 | numpy_client.py:201 | Not a switch point
INFO flower 2021-04-08 13:47:27,655 | numpy_client.py:205 | Cache is fresh, return FitRes(clock=18)
DEBUG flower 2021-04-08 13:47:36,345 | numpy_client.py:172 | fit, FitIns(clock=19)
DEBUG flower 2021-04-08 13:47:36,346 | numpy_client.py:260 | cached_clock: -1, curr_clock: 19
DEBUG flower 2021-04-08 13:47:40,251 | acc_variance.py:19 | AccuracyVariance: sample variance 0.0001901150755883397 (last 7 data)
DEBUG flower 2021-04-08 13:47:40,252 | numpy_client.py:201 | Not a switch point
INFO flower 2021-04-08 13:47:40,257 | numpy_client.py:205 | Cache is fresh, return FitRes(clock=19)
DEBUG flower 2021-04-08 13:47:40,287 | numpy_client.py:172 | fit, FitIns(clock=20)
DEBUG flower 2021-04-08 13:47:40,287 | numpy_client.py:260 | cached_clock: -1, curr_clock: 20
DEBUG flower 2021-04-08 13:47:43,968 | acc_variance.py:19 | AccuracyVariance: sample variance 0.00014800323169409467 (last 7 data)
DEBUG flower 2021-04-08 13:47:43,968 | numpy_client.py:201 | Not a switch point
INFO flower 2021-04-08 13:47:43,971 | numpy_client.py:205 | Cache is fresh, return FitRes(clock=20)
DEBUG flower 2021-04-08 13:47:49,788 | numpy_client.py:172 | fit, FitIns(clock=21)
DEBUG flower 2021-04-08 13:47:49,788 | numpy_client.py:260 | cached_clock: -1, curr_clock: 21
DEBUG flower 2021-04-08 13:47:53,666 | acc_variance.py:19 | AccuracyVariance: sample variance 0.000137031563553065 (last 7 data)
DEBUG flower 2021-04-08 13:47:53,666 | numpy_client.py:201 | Not a switch point
INFO flower 2021-04-08 13:47:53,669 | numpy_client.py:205 | Cache is fresh, return FitRes(clock=21)
DEBUG flower 2021-04-08 13:47:53,693 | numpy_client.py:172 | fit, FitIns(clock=22)
DEBUG flower 2021-04-08 13:47:53,693 | numpy_client.py:260 | cached_clock: -1, curr_clock: 22
DEBUG flower 2021-04-08 13:47:57,670 | acc_variance.py:19 | AccuracyVariance: sample variance 0.00013837613072721085 (last 7 data)
DEBUG flower 2021-04-08 13:47:57,670 | numpy_client.py:201 | Not a switch point
INFO flower 2021-04-08 13:47:57,673 | numpy_client.py:205 | Cache is fresh, return FitRes(clock=22)
DEBUG flower 2021-04-08 13:48:03,634 | numpy_client.py:172 | fit, FitIns(clock=23)
DEBUG flower 2021-04-08 13:48:03,634 | numpy_client.py:260 | cached_clock: -1, curr_clock: 23
DEBUG flower 2021-04-08 13:48:07,280 | acc_variance.py:19 | AccuracyVariance: sample variance 0.00011649329996798843 (last 7 data)
DEBUG flower 2021-04-08 13:48:07,281 | numpy_client.py:201 | Not a switch point
INFO flower 2021-04-08 13:48:07,284 | numpy_client.py:205 | Cache is fresh, return FitRes(clock=23)
DEBUG flower 2021-04-08 13:48:07,307 | numpy_client.py:172 | fit, FitIns(clock=24)
DEBUG flower 2021-04-08 13:48:07,307 | numpy_client.py:260 | cached_clock: -1, curr_clock: 24
DEBUG flower 2021-04-08 13:48:11,153 | acc_variance.py:19 | AccuracyVariance: sample variance 9.336002173681073e-05 (last 7 data)
DEBUG flower 2021-04-08 13:48:11,153 | acc_variance.py:23 | AccuracyVariance: should switch
DEBUG flower 2021-04-08 13:48:11,153 | numpy_client.py:199 | Find switch point, staleness_bound -> 29
INFO flower 2021-04-08 13:48:11,156 | numpy_client.py:205 | Cache is fresh, return FitRes(clock=24)
DEBUG flower 2021-04-08 13:48:16,797 | numpy_client.py:172 | fit, FitIns(clock=25)
DEBUG flower 2021-04-08 13:48:16,797 | numpy_client.py:260 | cached_clock: -1, curr_clock: 25
DEBUG flower 2021-04-08 13:48:20,568 | acc_variance.py:19 | AccuracyVariance: sample variance 8.751787736514699e-05 (last 7 data)
DEBUG flower 2021-04-08 13:48:20,569 | acc_variance.py:23 | AccuracyVariance: should switch
DEBUG flower 2021-04-08 13:48:20,569 | numpy_client.py:199 | Find switch point, staleness_bound -> 28
INFO flower 2021-04-08 13:48:20,572 | numpy_client.py:205 | Cache is fresh, return FitRes(clock=25)
DEBUG flower 2021-04-08 13:48:20,593 | numpy_client.py:172 | fit, FitIns(clock=26)
DEBUG flower 2021-04-08 13:48:20,593 | numpy_client.py:260 | cached_clock: -1, curr_clock: 26
DEBUG flower 2021-04-08 13:48:24,471 | acc_variance.py:19 | AccuracyVariance: sample variance 9.037508261020683e-05 (last 7 data)
DEBUG flower 2021-04-08 13:48:24,471 | acc_variance.py:23 | AccuracyVariance: should switch
DEBUG flower 2021-04-08 13:48:24,471 | numpy_client.py:199 | Find switch point, staleness_bound -> 27
INFO flower 2021-04-08 13:48:24,474 | numpy_client.py:205 | Cache is fresh, return FitRes(clock=26)
DEBUG flower 2021-04-08 13:48:29,919 | numpy_client.py:172 | fit, FitIns(clock=27)
DEBUG flower 2021-04-08 13:48:29,919 | numpy_client.py:260 | cached_clock: -1, curr_clock: 27
INFO flower 2021-04-08 13:48:29,919 | numpy_client.py:184 | Cache is stale, return ReadIns
DEBUG flower 2021-04-08 13:48:29,945 | numpy_client.py:228 | read: ReadRes(clock=13)
DEBUG flower 2021-04-08 13:48:29,957 | numpy_client.py:172 | fit, FitIns(clock=27)
DEBUG flower 2021-04-08 13:48:29,957 | numpy_client.py:260 | cached_clock: 13, curr_clock: 27
DEBUG flower 2021-04-08 13:48:33,974 | acc_variance.py:19 | AccuracyVariance: sample variance 0.012928678940162669 (last 7 data)
DEBUG flower 2021-04-08 13:48:33,975 | numpy_client.py:201 | Not a switch point
INFO flower 2021-04-08 13:48:33,978 | numpy_client.py:205 | Cache is fresh, return FitRes(clock=27)
DEBUG flower 2021-04-08 13:48:42,738 | numpy_client.py:172 | fit, FitIns(clock=28)
DEBUG flower 2021-04-08 13:48:42,738 | numpy_client.py:260 | cached_clock: 13, curr_clock: 28
DEBUG flower 2021-04-08 13:48:46,468 | acc_variance.py:19 | AccuracyVariance: sample variance 0.014552916086530745 (last 7 data)
DEBUG flower 2021-04-08 13:48:46,468 | numpy_client.py:201 | Not a switch point
INFO flower 2021-04-08 13:48:46,471 | numpy_client.py:205 | Cache is fresh, return FitRes(clock=28)
DEBUG flower 2021-04-08 13:48:46,495 | numpy_client.py:172 | fit, FitIns(clock=29)
DEBUG flower 2021-04-08 13:48:46,495 | numpy_client.py:260 | cached_clock: 13, curr_clock: 29
DEBUG flower 2021-04-08 13:48:50,270 | acc_variance.py:19 | AccuracyVariance: sample variance 0.013970657994602799 (last 7 data)
DEBUG flower 2021-04-08 13:48:50,270 | numpy_client.py:201 | Not a switch point
INFO flower 2021-04-08 13:48:50,273 | numpy_client.py:205 | Cache is fresh, return FitRes(clock=29)
DEBUG flower 2021-04-08 13:48:57,157 | numpy_client.py:172 | fit, FitIns(clock=30)
DEBUG flower 2021-04-08 13:48:57,157 | numpy_client.py:260 | cached_clock: 13, curr_clock: 30
DEBUG flower 2021-04-08 13:49:01,070 | acc_variance.py:19 | AccuracyVariance: sample variance 0.012872704608702986 (last 7 data)
DEBUG flower 2021-04-08 13:49:01,070 | numpy_client.py:201 | Not a switch point
INFO flower 2021-04-08 13:49:01,073 | numpy_client.py:205 | Cache is fresh, return FitRes(clock=30)
DEBUG flower 2021-04-08 13:49:01,106 | numpy_client.py:172 | fit, FitIns(clock=31)
DEBUG flower 2021-04-08 13:49:01,106 | numpy_client.py:260 | cached_clock: 13, curr_clock: 31
DEBUG flower 2021-04-08 13:49:04,845 | acc_variance.py:19 | AccuracyVariance: sample variance 0.011291493611907568 (last 7 data)
DEBUG flower 2021-04-08 13:49:04,845 | numpy_client.py:201 | Not a switch point
INFO flower 2021-04-08 13:49:04,848 | numpy_client.py:205 | Cache is fresh, return FitRes(clock=31)
DEBUG flower 2021-04-08 13:49:12,467 | numpy_client.py:172 | fit, FitIns(clock=32)
DEBUG flower 2021-04-08 13:49:12,467 | numpy_client.py:260 | cached_clock: 13, curr_clock: 32
DEBUG flower 2021-04-08 13:49:16,169 | acc_variance.py:19 | AccuracyVariance: sample variance 0.009396998463536197 (last 7 data)
DEBUG flower 2021-04-08 13:49:16,169 | numpy_client.py:201 | Not a switch point
INFO flower 2021-04-08 13:49:16,173 | numpy_client.py:205 | Cache is fresh, return FitRes(clock=32)
DEBUG flower 2021-04-08 13:49:16,196 | numpy_client.py:172 | fit, FitIns(clock=33)
DEBUG flower 2021-04-08 13:49:16,196 | numpy_client.py:260 | cached_clock: 13, curr_clock: 33
DEBUG flower 2021-04-08 13:49:19,854 | acc_variance.py:19 | AccuracyVariance: sample variance 0.007127658155520599 (last 7 data)
DEBUG flower 2021-04-08 13:49:19,854 | numpy_client.py:201 | Not a switch point
INFO flower 2021-04-08 13:49:19,857 | numpy_client.py:205 | Cache is fresh, return FitRes(clock=33)
DEBUG flower 2021-04-08 13:49:25,905 | numpy_client.py:172 | fit, FitIns(clock=34)
DEBUG flower 2021-04-08 13:49:25,905 | numpy_client.py:260 | cached_clock: 13, curr_clock: 34
DEBUG flower 2021-04-08 13:49:29,844 | acc_variance.py:19 | AccuracyVariance: sample variance 0.0013105899616550965 (last 7 data)
DEBUG flower 2021-04-08 13:49:29,844 | numpy_client.py:201 | Not a switch point
INFO flower 2021-04-08 13:49:29,849 | numpy_client.py:205 | Cache is fresh, return FitRes(clock=34)
DEBUG flower 2021-04-08 13:49:29,897 | numpy_client.py:172 | fit, FitIns(clock=35)
DEBUG flower 2021-04-08 13:49:29,897 | numpy_client.py:260 | cached_clock: 13, curr_clock: 35
DEBUG flower 2021-04-08 13:49:33,646 | acc_variance.py:19 | AccuracyVariance: sample variance 0.00041400567859122055 (last 7 data)
DEBUG flower 2021-04-08 13:49:33,647 | numpy_client.py:201 | Not a switch point
INFO flower 2021-04-08 13:49:33,652 | numpy_client.py:205 | Cache is fresh, return FitRes(clock=35)
DEBUG flower 2021-04-08 13:49:38,975 | numpy_client.py:172 | fit, FitIns(clock=36)
DEBUG flower 2021-04-08 13:49:38,975 | numpy_client.py:260 | cached_clock: 13, curr_clock: 36
DEBUG flower 2021-04-08 13:49:42,969 | acc_variance.py:19 | AccuracyVariance: sample variance 0.00037562500860522936 (last 7 data)
DEBUG flower 2021-04-08 13:49:42,970 | numpy_client.py:201 | Not a switch point
INFO flower 2021-04-08 13:49:42,973 | numpy_client.py:205 | Cache is fresh, return FitRes(clock=36)
DEBUG flower 2021-04-08 13:49:42,996 | numpy_client.py:172 | fit, FitIns(clock=37)
DEBUG flower 2021-04-08 13:49:42,996 | numpy_client.py:260 | cached_clock: 13, curr_clock: 37
DEBUG flower 2021-04-08 13:49:46,765 | acc_variance.py:19 | AccuracyVariance: sample variance 0.000325223908082376 (last 7 data)
DEBUG flower 2021-04-08 13:49:46,765 | numpy_client.py:201 | Not a switch point
INFO flower 2021-04-08 13:49:46,768 | numpy_client.py:205 | Cache is fresh, return FitRes(clock=37)
DEBUG flower 2021-04-08 13:49:52,511 | numpy_client.py:172 | fit, FitIns(clock=38)
DEBUG flower 2021-04-08 13:49:52,511 | numpy_client.py:260 | cached_clock: 13, curr_clock: 38
DEBUG flower 2021-04-08 13:49:56,267 | acc_variance.py:19 | AccuracyVariance: sample variance 0.00025880228967957523 (last 7 data)
DEBUG flower 2021-04-08 13:49:56,267 | numpy_client.py:201 | Not a switch point
INFO flower 2021-04-08 13:49:56,270 | numpy_client.py:205 | Cache is fresh, return FitRes(clock=38)
DEBUG flower 2021-04-08 13:49:56,293 | numpy_client.py:172 | fit, FitIns(clock=39)
DEBUG flower 2021-04-08 13:49:56,293 | numpy_client.py:260 | cached_clock: 13, curr_clock: 39
DEBUG flower 2021-04-08 13:50:00,047 | acc_variance.py:19 | AccuracyVariance: sample variance 0.0002548761535310699 (last 7 data)
DEBUG flower 2021-04-08 13:50:00,047 | numpy_client.py:201 | Not a switch point
INFO flower 2021-04-08 13:50:00,052 | numpy_client.py:205 | Cache is fresh, return FitRes(clock=39)
DEBUG flower 2021-04-08 13:50:06,486 | numpy_client.py:172 | fit, FitIns(clock=40)
DEBUG flower 2021-04-08 13:50:06,486 | numpy_client.py:260 | cached_clock: 13, curr_clock: 40
DEBUG flower 2021-04-08 13:50:10,256 | acc_variance.py:19 | AccuracyVariance: sample variance 0.00023866067341087236 (last 7 data)
DEBUG flower 2021-04-08 13:50:10,256 | numpy_client.py:201 | Not a switch point
INFO flower 2021-04-08 13:50:10,260 | numpy_client.py:205 | Cache is fresh, return FitRes(clock=40)
DEBUG flower 2021-04-08 13:50:10,283 | numpy_client.py:172 | fit, FitIns(clock=41)
DEBUG flower 2021-04-08 13:50:10,283 | numpy_client.py:260 | cached_clock: 13, curr_clock: 41
INFO flower 2021-04-08 13:50:10,283 | numpy_client.py:184 | Cache is stale, return ReadIns
DEBUG flower 2021-04-08 13:50:10,309 | numpy_client.py:228 | read: ReadRes(clock=20)
DEBUG flower 2021-04-08 13:50:10,316 | numpy_client.py:172 | fit, FitIns(clock=41)
DEBUG flower 2021-04-08 13:50:10,316 | numpy_client.py:260 | cached_clock: 20, curr_clock: 41
DEBUG flower 2021-04-08 13:50:13,967 | acc_variance.py:19 | AccuracyVariance: sample variance 0.00022131575686439213 (last 7 data)
DEBUG flower 2021-04-08 13:50:13,967 | numpy_client.py:201 | Not a switch point
INFO flower 2021-04-08 13:50:13,970 | numpy_client.py:205 | Cache is fresh, return FitRes(clock=41)
DEBUG flower 2021-04-08 13:50:19,667 | numpy_client.py:172 | fit, FitIns(clock=42)
DEBUG flower 2021-04-08 13:50:19,668 | numpy_client.py:260 | cached_clock: 20, curr_clock: 42
DEBUG flower 2021-04-08 13:50:23,548 | acc_variance.py:19 | AccuracyVariance: sample variance 0.00022948400244732735 (last 7 data)
DEBUG flower 2021-04-08 13:50:23,548 | numpy_client.py:201 | Not a switch point
INFO flower 2021-04-08 13:50:23,552 | numpy_client.py:205 | Cache is fresh, return FitRes(clock=42)
DEBUG flower 2021-04-08 13:50:23,575 | numpy_client.py:172 | fit, FitIns(clock=43)
DEBUG flower 2021-04-08 13:50:23,576 | numpy_client.py:260 | cached_clock: 20, curr_clock: 43
DEBUG flower 2021-04-08 13:50:27,246 | acc_variance.py:19 | AccuracyVariance: sample variance 0.00021338953337280252 (last 7 data)
DEBUG flower 2021-04-08 13:50:27,246 | numpy_client.py:201 | Not a switch point
INFO flower 2021-04-08 13:50:27,249 | numpy_client.py:205 | Cache is fresh, return FitRes(clock=43)
DEBUG flower 2021-04-08 13:50:32,834 | numpy_client.py:172 | fit, FitIns(clock=44)
DEBUG flower 2021-04-08 13:50:32,834 | numpy_client.py:260 | cached_clock: 20, curr_clock: 44
DEBUG flower 2021-04-08 13:50:36,547 | acc_variance.py:19 | AccuracyVariance: sample variance 0.00021249539620199622 (last 7 data)
DEBUG flower 2021-04-08 13:50:36,548 | numpy_client.py:201 | Not a switch point
INFO flower 2021-04-08 13:50:36,552 | numpy_client.py:205 | Cache is fresh, return FitRes(clock=44)
DEBUG flower 2021-04-08 13:50:36,575 | numpy_client.py:172 | fit, FitIns(clock=45)
DEBUG flower 2021-04-08 13:50:36,575 | numpy_client.py:260 | cached_clock: 20, curr_clock: 45
DEBUG flower 2021-04-08 13:50:40,346 | acc_variance.py:19 | AccuracyVariance: sample variance 0.0002012212004467838 (last 7 data)
DEBUG flower 2021-04-08 13:50:40,346 | numpy_client.py:201 | Not a switch point
INFO flower 2021-04-08 13:50:40,349 | numpy_client.py:205 | Cache is fresh, return FitRes(clock=45)
DEBUG flower 2021-04-08 13:50:46,084 | numpy_client.py:172 | fit, FitIns(clock=46)
DEBUG flower 2021-04-08 13:50:46,084 | numpy_client.py:260 | cached_clock: 20, curr_clock: 46
DEBUG flower 2021-04-08 13:50:50,057 | acc_variance.py:19 | AccuracyVariance: sample variance 0.0002123273253052274 (last 7 data)
DEBUG flower 2021-04-08 13:50:50,057 | numpy_client.py:201 | Not a switch point
INFO flower 2021-04-08 13:50:50,061 | numpy_client.py:205 | Cache is fresh, return FitRes(clock=46)
DEBUG flower 2021-04-08 13:50:50,085 | numpy_client.py:172 | fit, FitIns(clock=47)
DEBUG flower 2021-04-08 13:50:50,085 | numpy_client.py:260 | cached_clock: 20, curr_clock: 47
DEBUG flower 2021-04-08 13:50:53,772 | acc_variance.py:19 | AccuracyVariance: sample variance 0.0002318504406738237 (last 7 data)
DEBUG flower 2021-04-08 13:50:53,772 | numpy_client.py:201 | Not a switch point
INFO flower 2021-04-08 13:50:53,775 | numpy_client.py:205 | Cache is fresh, return FitRes(clock=47)
DEBUG flower 2021-04-08 13:50:59,814 | numpy_client.py:172 | fit, FitIns(clock=48)
DEBUG flower 2021-04-08 13:50:59,814 | numpy_client.py:260 | cached_clock: 20, curr_clock: 48
INFO flower 2021-04-08 13:50:59,814 | numpy_client.py:184 | Cache is stale, return ReadIns
DEBUG flower 2021-04-08 13:50:59,856 | numpy_client.py:228 | read: ReadRes(clock=24)
DEBUG flower 2021-04-08 13:50:59,863 | numpy_client.py:172 | fit, FitIns(clock=48)
DEBUG flower 2021-04-08 13:50:59,863 | numpy_client.py:260 | cached_clock: 24, curr_clock: 48
DEBUG flower 2021-04-08 13:51:03,673 | acc_variance.py:19 | AccuracyVariance: sample variance 0.015015292569211861 (last 7 data)
DEBUG flower 2021-04-08 13:51:03,673 | numpy_client.py:201 | Not a switch point
INFO flower 2021-04-08 13:51:03,676 | numpy_client.py:205 | Cache is fresh, return FitRes(clock=48)
DEBUG flower 2021-04-08 13:51:03,699 | numpy_client.py:172 | fit, FitIns(clock=49)
DEBUG flower 2021-04-08 13:51:03,699 | numpy_client.py:260 | cached_clock: 24, curr_clock: 49
DEBUG flower 2021-04-08 13:51:07,669 | acc_variance.py:19 | AccuracyVariance: sample variance 0.01630919645223581 (last 7 data)
DEBUG flower 2021-04-08 13:51:07,669 | numpy_client.py:201 | Not a switch point
INFO flower 2021-04-08 13:51:07,673 | numpy_client.py:205 | Cache is fresh, return FitRes(clock=49)
DEBUG flower 2021-04-08 13:51:14,247 | numpy_client.py:172 | fit, FitIns(clock=50)
DEBUG flower 2021-04-08 13:51:14,247 | numpy_client.py:260 | cached_clock: 24, curr_clock: 50
DEBUG flower 2021-04-08 13:51:18,089 | acc_variance.py:19 | AccuracyVariance: sample variance 0.015950311304948693 (last 7 data)
DEBUG flower 2021-04-08 13:51:18,089 | numpy_client.py:201 | Not a switch point
INFO flower 2021-04-08 13:51:18,146 | numpy_client.py:205 | Cache is fresh, return FitRes(clock=50)
DEBUG flower 2021-04-08 13:51:18,169 | numpy_client.py:172 | fit, FitIns(clock=51)
DEBUG flower 2021-04-08 13:51:18,169 | numpy_client.py:260 | cached_clock: 24, curr_clock: 51
DEBUG flower 2021-04-08 13:51:22,047 | acc_variance.py:19 | AccuracyVariance: sample variance 0.014801109741206313 (last 7 data)
DEBUG flower 2021-04-08 13:51:22,048 | numpy_client.py:201 | Not a switch point
INFO flower 2021-04-08 13:51:22,051 | numpy_client.py:205 | Cache is fresh, return FitRes(clock=51)
DEBUG flower 2021-04-08 13:51:27,427 | numpy_client.py:172 | fit, FitIns(clock=52)
DEBUG flower 2021-04-08 13:51:27,428 | numpy_client.py:260 | cached_clock: 24, curr_clock: 52
INFO flower 2021-04-08 13:51:27,428 | numpy_client.py:184 | Cache is stale, return ReadIns
DEBUG flower 2021-04-08 13:51:27,450 | numpy_client.py:228 | read: ReadRes(clock=26)
DEBUG flower 2021-04-08 13:51:27,456 | numpy_client.py:172 | fit, FitIns(clock=52)
DEBUG flower 2021-04-08 13:51:27,457 | numpy_client.py:260 | cached_clock: 26, curr_clock: 52
DEBUG flower 2021-04-08 13:51:31,177 | acc_variance.py:19 | AccuracyVariance: sample variance 0.013066281944764748 (last 7 data)
DEBUG flower 2021-04-08 13:51:31,177 | numpy_client.py:201 | Not a switch point
INFO flower 2021-04-08 13:51:31,180 | numpy_client.py:205 | Cache is fresh, return FitRes(clock=52)
DEBUG flower 2021-04-08 13:51:31,204 | numpy_client.py:172 | fit, FitIns(clock=53)
DEBUG flower 2021-04-08 13:51:31,204 | numpy_client.py:260 | cached_clock: 26, curr_clock: 53
DEBUG flower 2021-04-08 13:51:35,149 | acc_variance.py:19 | AccuracyVariance: sample variance 0.010893461391345201 (last 7 data)
DEBUG flower 2021-04-08 13:51:35,149 | numpy_client.py:201 | Not a switch point
INFO flower 2021-04-08 13:51:35,152 | numpy_client.py:205 | Cache is fresh, return FitRes(clock=53)
DEBUG flower 2021-04-08 13:51:41,587 | numpy_client.py:172 | fit, FitIns(clock=54)
DEBUG flower 2021-04-08 13:51:41,587 | numpy_client.py:260 | cached_clock: 26, curr_clock: 54
INFO flower 2021-04-08 13:51:41,587 | numpy_client.py:184 | Cache is stale, return ReadIns
DEBUG flower 2021-04-08 13:51:41,644 | numpy_client.py:228 | read: ReadRes(clock=27)
DEBUG flower 2021-04-08 13:51:41,651 | numpy_client.py:172 | fit, FitIns(clock=54)
DEBUG flower 2021-04-08 13:51:41,651 | numpy_client.py:260 | cached_clock: 27, curr_clock: 54
DEBUG flower 2021-04-08 13:51:45,378 | acc_variance.py:19 | AccuracyVariance: sample variance 0.008851063853817797 (last 7 data)
DEBUG flower 2021-04-08 13:51:45,379 | numpy_client.py:201 | Not a switch point
INFO flower 2021-04-08 13:51:45,446 | numpy_client.py:205 | Cache is fresh, return FitRes(clock=54)
DEBUG flower 2021-04-08 13:51:45,468 | numpy_client.py:172 | fit, FitIns(clock=55)
DEBUG flower 2021-04-08 13:51:45,468 | numpy_client.py:260 | cached_clock: 27, curr_clock: 55
INFO flower 2021-04-08 13:51:45,468 | numpy_client.py:184 | Cache is stale, return ReadIns
DEBUG flower 2021-04-08 13:51:45,789 | numpy_client.py:228 | read: ReadRes(clock=28)
DEBUG flower 2021-04-08 13:51:45,796 | numpy_client.py:172 | fit, FitIns(clock=55)
DEBUG flower 2021-04-08 13:51:45,796 | numpy_client.py:260 | cached_clock: 28, curr_clock: 55
DEBUG flower 2021-04-08 13:51:49,467 | acc_variance.py:19 | AccuracyVariance: sample variance 0.0021065132232265483 (last 7 data)
DEBUG flower 2021-04-08 13:51:49,467 | numpy_client.py:201 | Not a switch point
INFO flower 2021-04-08 13:51:49,470 | numpy_client.py:205 | Cache is fresh, return FitRes(clock=55)
DEBUG flower 2021-04-08 13:51:54,375 | numpy_client.py:172 | fit, FitIns(clock=56)
DEBUG flower 2021-04-08 13:51:54,376 | numpy_client.py:260 | cached_clock: 28, curr_clock: 56
INFO flower 2021-04-08 13:51:54,376 | numpy_client.py:184 | Cache is stale, return ReadIns
DEBUG flower 2021-04-08 13:51:58,741 | numpy_client.py:228 | read: ReadRes(clock=29)
DEBUG flower 2021-04-08 13:51:58,749 | numpy_client.py:172 | fit, FitIns(clock=56)
DEBUG flower 2021-04-08 13:51:58,749 | numpy_client.py:260 | cached_clock: 29, curr_clock: 56
DEBUG flower 2021-04-08 13:52:02,645 | acc_variance.py:19 | AccuracyVariance: sample variance 0.0021691700535417416 (last 7 data)
DEBUG flower 2021-04-08 13:52:02,645 | numpy_client.py:201 | Not a switch point
INFO flower 2021-04-08 13:52:02,651 | numpy_client.py:205 | Cache is fresh, return FitRes(clock=56)
DEBUG flower 2021-04-08 13:52:07,878 | numpy_client.py:172 | fit, FitIns(clock=57)
DEBUG flower 2021-04-08 13:52:07,879 | numpy_client.py:260 | cached_clock: 29, curr_clock: 57
INFO flower 2021-04-08 13:52:07,879 | numpy_client.py:184 | Cache is stale, return ReadIns
DEBUG flower 2021-04-08 13:52:12,311 | numpy_client.py:228 | read: ReadRes(clock=30)
DEBUG flower 2021-04-08 13:52:12,319 | numpy_client.py:172 | fit, FitIns(clock=57)
DEBUG flower 2021-04-08 13:52:12,319 | numpy_client.py:260 | cached_clock: 30, curr_clock: 57
DEBUG flower 2021-04-08 13:52:16,284 | acc_variance.py:19 | AccuracyVariance: sample variance 0.002352602630274577 (last 7 data)
DEBUG flower 2021-04-08 13:52:16,285 | numpy_client.py:201 | Not a switch point
INFO flower 2021-04-08 13:52:16,288 | numpy_client.py:205 | Cache is fresh, return FitRes(clock=57)
DEBUG flower 2021-04-08 13:52:21,891 | numpy_client.py:172 | fit, FitIns(clock=58)
DEBUG flower 2021-04-08 13:52:21,891 | numpy_client.py:260 | cached_clock: 30, curr_clock: 58
INFO flower 2021-04-08 13:52:21,892 | numpy_client.py:184 | Cache is stale, return ReadIns
DEBUG flower 2021-04-08 13:52:26,360 | numpy_client.py:228 | read: ReadRes(clock=31)
DEBUG flower 2021-04-08 13:52:26,367 | numpy_client.py:172 | fit, FitIns(clock=58)
DEBUG flower 2021-04-08 13:52:26,367 | numpy_client.py:260 | cached_clock: 31, curr_clock: 58
DEBUG flower 2021-04-08 13:52:30,149 | acc_variance.py:19 | AccuracyVariance: sample variance 0.004035516688122374 (last 7 data)
DEBUG flower 2021-04-08 13:52:30,150 | numpy_client.py:201 | Not a switch point
INFO flower 2021-04-08 13:52:30,155 | numpy_client.py:205 | Cache is fresh, return FitRes(clock=58)
DEBUG flower 2021-04-08 13:52:35,090 | numpy_client.py:172 | fit, FitIns(clock=59)
DEBUG flower 2021-04-08 13:52:35,090 | numpy_client.py:260 | cached_clock: 31, curr_clock: 59
INFO flower 2021-04-08 13:52:35,090 | numpy_client.py:184 | Cache is stale, return ReadIns
DEBUG flower 2021-04-08 13:52:39,762 | numpy_client.py:228 | read: ReadRes(clock=32)
DEBUG flower 2021-04-08 13:52:39,770 | numpy_client.py:172 | fit, FitIns(clock=59)
DEBUG flower 2021-04-08 13:52:39,770 | numpy_client.py:260 | cached_clock: 32, curr_clock: 59
DEBUG flower 2021-04-08 13:52:43,751 | acc_variance.py:19 | AccuracyVariance: sample variance 0.004061473557419258 (last 7 data)
DEBUG flower 2021-04-08 13:52:43,751 | numpy_client.py:201 | Not a switch point
INFO flower 2021-04-08 13:52:43,755 | numpy_client.py:205 | Cache is fresh, return FitRes(clock=59)
DEBUG flower 2021-04-08 13:52:48,899 | numpy_client.py:172 | fit, FitIns(clock=60)
DEBUG flower 2021-04-08 13:52:48,899 | numpy_client.py:260 | cached_clock: 32, curr_clock: 60
INFO flower 2021-04-08 13:52:48,900 | numpy_client.py:184 | Cache is stale, return ReadIns
DEBUG flower 2021-04-08 13:52:53,829 | numpy_client.py:228 | read: ReadRes(clock=33)
DEBUG flower 2021-04-08 13:52:53,837 | numpy_client.py:172 | fit, FitIns(clock=60)
DEBUG flower 2021-04-08 13:52:53,837 | numpy_client.py:260 | cached_clock: 33, curr_clock: 60
DEBUG flower 2021-04-08 13:52:57,652 | acc_variance.py:19 | AccuracyVariance: sample variance 0.005600868515098737 (last 7 data)
DEBUG flower 2021-04-08 13:52:57,652 | numpy_client.py:201 | Not a switch point
INFO flower 2021-04-08 13:52:57,657 | numpy_client.py:205 | Cache is fresh, return FitRes(clock=60)
DEBUG flower 2021-04-08 13:53:03,003 | numpy_client.py:172 | fit, FitIns(clock=61)
DEBUG flower 2021-04-08 13:53:03,004 | numpy_client.py:260 | cached_clock: 33, curr_clock: 61
INFO flower 2021-04-08 13:53:03,004 | numpy_client.py:184 | Cache is stale, return ReadIns
DEBUG flower 2021-04-08 13:53:07,603 | numpy_client.py:228 | read: ReadRes(clock=34)
DEBUG flower 2021-04-08 13:53:07,611 | numpy_client.py:172 | fit, FitIns(clock=61)
DEBUG flower 2021-04-08 13:53:07,611 | numpy_client.py:260 | cached_clock: 34, curr_clock: 61
DEBUG flower 2021-04-08 13:53:11,470 | acc_variance.py:19 | AccuracyVariance: sample variance 0.006766157825079772 (last 7 data)
DEBUG flower 2021-04-08 13:53:11,470 | numpy_client.py:201 | Not a switch point
INFO flower 2021-04-08 13:53:11,474 | numpy_client.py:205 | Cache is fresh, return FitRes(clock=61)
DEBUG flower 2021-04-08 13:53:16,985 | numpy_client.py:172 | fit, FitIns(clock=62)
DEBUG flower 2021-04-08 13:53:16,985 | numpy_client.py:260 | cached_clock: 34, curr_clock: 62
INFO flower 2021-04-08 13:53:16,985 | numpy_client.py:184 | Cache is stale, return ReadIns
DEBUG flower 2021-04-08 13:53:21,537 | numpy_client.py:228 | read: ReadRes(clock=35)
DEBUG flower 2021-04-08 13:53:21,544 | numpy_client.py:172 | fit, FitIns(clock=62)
DEBUG flower 2021-04-08 13:53:21,544 | numpy_client.py:260 | cached_clock: 35, curr_clock: 62
DEBUG flower 2021-04-08 13:53:25,470 | acc_variance.py:19 | AccuracyVariance: sample variance 0.007016469173054616 (last 7 data)
DEBUG flower 2021-04-08 13:53:25,470 | numpy_client.py:201 | Not a switch point
INFO flower 2021-04-08 13:53:25,474 | numpy_client.py:205 | Cache is fresh, return FitRes(clock=62)
DEBUG flower 2021-04-08 13:53:30,598 | numpy_client.py:172 | fit, FitIns(clock=63)
DEBUG flower 2021-04-08 13:53:30,598 | numpy_client.py:260 | cached_clock: 35, curr_clock: 63
INFO flower 2021-04-08 13:53:30,599 | numpy_client.py:184 | Cache is stale, return ReadIns
DEBUG flower 2021-04-08 13:53:34,992 | numpy_client.py:228 | read: ReadRes(clock=36)
DEBUG flower 2021-04-08 13:53:35,000 | numpy_client.py:172 | fit, FitIns(clock=63)
DEBUG flower 2021-04-08 13:53:35,000 | numpy_client.py:260 | cached_clock: 36, curr_clock: 63
DEBUG flower 2021-04-08 13:53:38,961 | acc_variance.py:19 | AccuracyVariance: sample variance 0.00747469766600349 (last 7 data)
DEBUG flower 2021-04-08 13:53:38,962 | numpy_client.py:201 | Not a switch point
INFO flower 2021-04-08 13:53:38,965 | numpy_client.py:205 | Cache is fresh, return FitRes(clock=63)
DEBUG flower 2021-04-08 13:53:44,354 | numpy_client.py:172 | fit, FitIns(clock=64)
DEBUG flower 2021-04-08 13:53:44,354 | numpy_client.py:260 | cached_clock: 36, curr_clock: 64
INFO flower 2021-04-08 13:53:44,355 | numpy_client.py:184 | Cache is stale, return ReadIns
DEBUG flower 2021-04-08 13:53:48,717 | numpy_client.py:228 | read: ReadRes(clock=37)
DEBUG flower 2021-04-08 13:53:48,724 | numpy_client.py:172 | fit, FitIns(clock=64)
DEBUG flower 2021-04-08 13:53:48,725 | numpy_client.py:260 | cached_clock: 37, curr_clock: 64
DEBUG flower 2021-04-08 13:53:52,674 | acc_variance.py:19 | AccuracyVariance: sample variance 0.008158477302415314 (last 7 data)
DEBUG flower 2021-04-08 13:53:52,675 | numpy_client.py:201 | Not a switch point
INFO flower 2021-04-08 13:53:52,678 | numpy_client.py:205 | Cache is fresh, return FitRes(clock=64)
DEBUG flower 2021-04-08 13:53:57,995 | numpy_client.py:172 | fit, FitIns(clock=65)
DEBUG flower 2021-04-08 13:53:57,995 | numpy_client.py:260 | cached_clock: 37, curr_clock: 65
INFO flower 2021-04-08 13:53:57,995 | numpy_client.py:184 | Cache is stale, return ReadIns
DEBUG flower 2021-04-08 13:54:02,393 | numpy_client.py:228 | read: ReadRes(clock=38)
DEBUG flower 2021-04-08 13:54:02,400 | numpy_client.py:172 | fit, FitIns(clock=65)
DEBUG flower 2021-04-08 13:54:02,401 | numpy_client.py:260 | cached_clock: 38, curr_clock: 65
DEBUG flower 2021-04-08 13:54:06,470 | acc_variance.py:19 | AccuracyVariance: sample variance 0.00800315962529387 (last 7 data)
DEBUG flower 2021-04-08 13:54:06,470 | numpy_client.py:201 | Not a switch point
INFO flower 2021-04-08 13:54:06,474 | numpy_client.py:205 | Cache is fresh, return FitRes(clock=65)
DEBUG flower 2021-04-08 13:54:12,045 | numpy_client.py:172 | fit, FitIns(clock=66)
DEBUG flower 2021-04-08 13:54:12,046 | numpy_client.py:260 | cached_clock: 38, curr_clock: 66
INFO flower 2021-04-08 13:54:12,046 | numpy_client.py:184 | Cache is stale, return ReadIns
DEBUG flower 2021-04-08 13:54:16,079 | numpy_client.py:228 | read: ReadRes(clock=39)
DEBUG flower 2021-04-08 13:54:16,086 | numpy_client.py:172 | fit, FitIns(clock=66)
DEBUG flower 2021-04-08 13:54:16,086 | numpy_client.py:260 | cached_clock: 39, curr_clock: 66
DEBUG flower 2021-04-08 13:54:19,979 | acc_variance.py:19 | AccuracyVariance: sample variance 0.008311374758623301 (last 7 data)
DEBUG flower 2021-04-08 13:54:19,980 | numpy_client.py:201 | Not a switch point
INFO flower 2021-04-08 13:54:19,983 | numpy_client.py:205 | Cache is fresh, return FitRes(clock=66)
DEBUG flower 2021-04-08 13:54:25,940 | numpy_client.py:172 | fit, FitIns(clock=67)
DEBUG flower 2021-04-08 13:54:25,940 | numpy_client.py:260 | cached_clock: 39, curr_clock: 67
INFO flower 2021-04-08 13:54:25,940 | numpy_client.py:184 | Cache is stale, return ReadIns
DEBUG flower 2021-04-08 13:54:30,260 | numpy_client.py:228 | read: ReadRes(clock=40)
DEBUG flower 2021-04-08 13:54:30,268 | numpy_client.py:172 | fit, FitIns(clock=67)
DEBUG flower 2021-04-08 13:54:30,268 | numpy_client.py:260 | cached_clock: 40, curr_clock: 67
DEBUG flower 2021-04-08 13:54:34,058 | acc_variance.py:19 | AccuracyVariance: sample variance 0.00628398259075936 (last 7 data)
DEBUG flower 2021-04-08 13:54:34,058 | numpy_client.py:201 | Not a switch point
INFO flower 2021-04-08 13:54:34,062 | numpy_client.py:205 | Cache is fresh, return FitRes(clock=67)
DEBUG flower 2021-04-08 13:54:39,472 | numpy_client.py:172 | fit, FitIns(clock=68)
DEBUG flower 2021-04-08 13:54:39,472 | numpy_client.py:260 | cached_clock: 40, curr_clock: 68
INFO flower 2021-04-08 13:54:39,472 | numpy_client.py:184 | Cache is stale, return ReadIns
DEBUG flower 2021-04-08 13:54:43,512 | numpy_client.py:228 | read: ReadRes(clock=41)
DEBUG flower 2021-04-08 13:54:43,522 | numpy_client.py:172 | fit, FitIns(clock=68)
DEBUG flower 2021-04-08 13:54:43,522 | numpy_client.py:260 | cached_clock: 41, curr_clock: 68
DEBUG flower 2021-04-08 13:54:47,565 | acc_variance.py:19 | AccuracyVariance: sample variance 0.002288708798159169 (last 7 data)
DEBUG flower 2021-04-08 13:54:47,566 | numpy_client.py:201 | Not a switch point
INFO flower 2021-04-08 13:54:47,569 | numpy_client.py:205 | Cache is fresh, return FitRes(clock=68)
DEBUG flower 2021-04-08 13:54:52,935 | numpy_client.py:172 | fit, FitIns(clock=69)
DEBUG flower 2021-04-08 13:54:52,935 | numpy_client.py:260 | cached_clock: 41, curr_clock: 69
INFO flower 2021-04-08 13:54:52,935 | numpy_client.py:184 | Cache is stale, return ReadIns
DEBUG flower 2021-04-08 13:54:57,444 | numpy_client.py:228 | read: ReadRes(clock=42)
DEBUG flower 2021-04-08 13:54:57,451 | numpy_client.py:172 | fit, FitIns(clock=69)
DEBUG flower 2021-04-08 13:54:57,451 | numpy_client.py:260 | cached_clock: 42, curr_clock: 69
DEBUG flower 2021-04-08 13:55:01,253 | acc_variance.py:19 | AccuracyVariance: sample variance 0.0023782031892703114 (last 7 data)
DEBUG flower 2021-04-08 13:55:01,253 | numpy_client.py:201 | Not a switch point
INFO flower 2021-04-08 13:55:01,258 | numpy_client.py:205 | Cache is fresh, return FitRes(clock=69)
DEBUG flower 2021-04-08 13:55:06,582 | numpy_client.py:172 | fit, FitIns(clock=70)
DEBUG flower 2021-04-08 13:55:06,582 | numpy_client.py:260 | cached_clock: 42, curr_clock: 70
INFO flower 2021-04-08 13:55:06,583 | numpy_client.py:184 | Cache is stale, return ReadIns
DEBUG flower 2021-04-08 13:55:10,966 | numpy_client.py:228 | read: ReadRes(clock=43)
DEBUG flower 2021-04-08 13:55:10,973 | numpy_client.py:172 | fit, FitIns(clock=70)
DEBUG flower 2021-04-08 13:55:10,973 | numpy_client.py:260 | cached_clock: 43, curr_clock: 70
DEBUG flower 2021-04-08 13:55:14,869 | acc_variance.py:19 | AccuracyVariance: sample variance 0.0025834849825830154 (last 7 data)
DEBUG flower 2021-04-08 13:55:14,869 | numpy_client.py:201 | Not a switch point
INFO flower 2021-04-08 13:55:14,873 | numpy_client.py:205 | Cache is fresh, return FitRes(clock=70)
DEBUG flower 2021-04-08 13:55:20,179 | numpy_client.py:172 | fit, FitIns(clock=71)
DEBUG flower 2021-04-08 13:55:20,179 | numpy_client.py:260 | cached_clock: 43, curr_clock: 71
INFO flower 2021-04-08 13:55:20,179 | numpy_client.py:184 | Cache is stale, return ReadIns
DEBUG flower 2021-04-08 13:55:24,507 | numpy_client.py:228 | read: ReadRes(clock=44)
DEBUG flower 2021-04-08 13:55:24,514 | numpy_client.py:172 | fit, FitIns(clock=71)
DEBUG flower 2021-04-08 13:55:24,514 | numpy_client.py:260 | cached_clock: 44, curr_clock: 71
DEBUG flower 2021-04-08 13:55:28,269 | acc_variance.py:19 | AccuracyVariance: sample variance 0.002952575394721897 (last 7 data)
DEBUG flower 2021-04-08 13:55:28,270 | numpy_client.py:201 | Not a switch point
INFO flower 2021-04-08 13:55:28,273 | numpy_client.py:205 | Cache is fresh, return FitRes(clock=71)
DEBUG flower 2021-04-08 13:55:33,882 | numpy_client.py:172 | fit, FitIns(clock=72)
DEBUG flower 2021-04-08 13:55:33,882 | numpy_client.py:260 | cached_clock: 44, curr_clock: 72
INFO flower 2021-04-08 13:55:33,883 | numpy_client.py:184 | Cache is stale, return ReadIns
DEBUG flower 2021-04-08 13:55:38,208 | numpy_client.py:228 | read: ReadRes(clock=45)
DEBUG flower 2021-04-08 13:55:38,215 | numpy_client.py:172 | fit, FitIns(clock=72)
DEBUG flower 2021-04-08 13:55:38,215 | numpy_client.py:260 | cached_clock: 45, curr_clock: 72
DEBUG flower 2021-04-08 13:55:42,148 | acc_variance.py:19 | AccuracyVariance: sample variance 0.004310910936730909 (last 7 data)
DEBUG flower 2021-04-08 13:55:42,149 | numpy_client.py:201 | Not a switch point
INFO flower 2021-04-08 13:55:42,152 | numpy_client.py:205 | Cache is fresh, return FitRes(clock=72)
DEBUG flower 2021-04-08 13:55:47,490 | numpy_client.py:172 | fit, FitIns(clock=73)
DEBUG flower 2021-04-08 13:55:47,490 | numpy_client.py:260 | cached_clock: 45, curr_clock: 73
INFO flower 2021-04-08 13:55:47,491 | numpy_client.py:184 | Cache is stale, return ReadIns
DEBUG flower 2021-04-08 13:55:51,689 | numpy_client.py:228 | read: ReadRes(clock=46)
DEBUG flower 2021-04-08 13:55:51,697 | numpy_client.py:172 | fit, FitIns(clock=73)
DEBUG flower 2021-04-08 13:55:51,697 | numpy_client.py:260 | cached_clock: 46, curr_clock: 73
DEBUG flower 2021-04-08 13:55:55,566 | acc_variance.py:19 | AccuracyVariance: sample variance 0.0033358308220404046 (last 7 data)
DEBUG flower 2021-04-08 13:55:55,567 | numpy_client.py:201 | Not a switch point
INFO flower 2021-04-08 13:55:55,570 | numpy_client.py:205 | Cache is fresh, return FitRes(clock=73)
DEBUG flower 2021-04-08 13:56:00,970 | numpy_client.py:172 | fit, FitIns(clock=74)
DEBUG flower 2021-04-08 13:56:00,970 | numpy_client.py:260 | cached_clock: 46, curr_clock: 74
INFO flower 2021-04-08 13:56:00,970 | numpy_client.py:184 | Cache is stale, return ReadIns
DEBUG flower 2021-04-08 13:56:05,245 | numpy_client.py:228 | read: ReadRes(clock=47)
DEBUG flower 2021-04-08 13:56:05,252 | numpy_client.py:172 | fit, FitIns(clock=74)
DEBUG flower 2021-04-08 13:56:05,252 | numpy_client.py:260 | cached_clock: 47, curr_clock: 74
DEBUG flower 2021-04-08 13:56:09,072 | acc_variance.py:19 | AccuracyVariance: sample variance 0.004520542404851974 (last 7 data)
DEBUG flower 2021-04-08 13:56:09,072 | numpy_client.py:201 | Not a switch point
INFO flower 2021-04-08 13:56:09,076 | numpy_client.py:205 | Cache is fresh, return FitRes(clock=74)
DEBUG flower 2021-04-08 13:56:14,741 | numpy_client.py:172 | fit, FitIns(clock=75)
DEBUG flower 2021-04-08 13:56:14,741 | numpy_client.py:260 | cached_clock: 47, curr_clock: 75
INFO flower 2021-04-08 13:56:14,741 | numpy_client.py:184 | Cache is stale, return ReadIns
DEBUG flower 2021-04-08 13:56:19,345 | numpy_client.py:228 | read: ReadRes(clock=48)
DEBUG flower 2021-04-08 13:56:19,352 | numpy_client.py:172 | fit, FitIns(clock=75)
DEBUG flower 2021-04-08 13:56:19,352 | numpy_client.py:260 | cached_clock: 48, curr_clock: 75
DEBUG flower 2021-04-08 13:56:23,273 | acc_variance.py:19 | AccuracyVariance: sample variance 0.003964073111324138 (last 7 data)
DEBUG flower 2021-04-08 13:56:23,274 | numpy_client.py:201 | Not a switch point
INFO flower 2021-04-08 13:56:23,277 | numpy_client.py:205 | Cache is fresh, return FitRes(clock=75)
DEBUG flower 2021-04-08 13:56:28,105 | numpy_client.py:172 | fit, FitIns(clock=76)
DEBUG flower 2021-04-08 13:56:28,105 | numpy_client.py:260 | cached_clock: 48, curr_clock: 76
INFO flower 2021-04-08 13:56:28,106 | numpy_client.py:184 | Cache is stale, return ReadIns
DEBUG flower 2021-04-08 13:56:32,209 | numpy_client.py:228 | read: ReadRes(clock=49)
DEBUG flower 2021-04-08 13:56:32,216 | numpy_client.py:172 | fit, FitIns(clock=76)
DEBUG flower 2021-04-08 13:56:32,217 | numpy_client.py:260 | cached_clock: 49, curr_clock: 76
DEBUG flower 2021-04-08 13:56:36,258 | acc_variance.py:19 | AccuracyVariance: sample variance 0.0016697036853618153 (last 7 data)
DEBUG flower 2021-04-08 13:56:36,259 | numpy_client.py:201 | Not a switch point
INFO flower 2021-04-08 13:56:36,262 | numpy_client.py:205 | Cache is fresh, return FitRes(clock=76)
DEBUG flower 2021-04-08 13:56:41,737 | numpy_client.py:172 | fit, FitIns(clock=77)
DEBUG flower 2021-04-08 13:56:41,737 | numpy_client.py:260 | cached_clock: 49, curr_clock: 77
INFO flower 2021-04-08 13:56:41,737 | numpy_client.py:184 | Cache is stale, return ReadIns
DEBUG flower 2021-04-08 13:56:46,657 | numpy_client.py:228 | read: ReadRes(clock=50)
DEBUG flower 2021-04-08 13:56:46,670 | numpy_client.py:172 | fit, FitIns(clock=77)
DEBUG flower 2021-04-08 13:56:46,670 | numpy_client.py:260 | cached_clock: 50, curr_clock: 77
DEBUG flower 2021-04-08 13:56:50,467 | acc_variance.py:19 | AccuracyVariance: sample variance 0.003420612505206164 (last 7 data)
DEBUG flower 2021-04-08 13:56:50,467 | numpy_client.py:201 | Not a switch point
INFO flower 2021-04-08 13:56:50,471 | numpy_client.py:205 | Cache is fresh, return FitRes(clock=77)
DEBUG flower 2021-04-08 13:56:56,065 | numpy_client.py:172 | fit, FitIns(clock=78)
DEBUG flower 2021-04-08 13:56:56,065 | numpy_client.py:260 | cached_clock: 50, curr_clock: 78
INFO flower 2021-04-08 13:56:56,065 | numpy_client.py:184 | Cache is stale, return ReadIns
DEBUG flower 2021-04-08 13:57:00,745 | numpy_client.py:228 | read: ReadRes(clock=51)
DEBUG flower 2021-04-08 13:57:00,752 | numpy_client.py:172 | fit, FitIns(clock=78)
DEBUG flower 2021-04-08 13:57:00,752 | numpy_client.py:260 | cached_clock: 51, curr_clock: 78
DEBUG flower 2021-04-08 13:57:04,689 | acc_variance.py:19 | AccuracyVariance: sample variance 0.004366811316996018 (last 7 data)
DEBUG flower 2021-04-08 13:57:04,690 | numpy_client.py:201 | Not a switch point
INFO flower 2021-04-08 13:57:04,693 | numpy_client.py:205 | Cache is fresh, return FitRes(clock=78)
DEBUG flower 2021-04-08 13:57:09,973 | numpy_client.py:172 | fit, FitIns(clock=79)
DEBUG flower 2021-04-08 13:57:09,973 | numpy_client.py:260 | cached_clock: 51, curr_clock: 79
INFO flower 2021-04-08 13:57:09,974 | numpy_client.py:184 | Cache is stale, return ReadIns
DEBUG flower 2021-04-08 13:57:14,948 | numpy_client.py:228 | read: ReadRes(clock=52)
DEBUG flower 2021-04-08 13:57:14,955 | numpy_client.py:172 | fit, FitIns(clock=79)
DEBUG flower 2021-04-08 13:57:14,955 | numpy_client.py:260 | cached_clock: 52, curr_clock: 79
DEBUG flower 2021-04-08 13:57:18,770 | acc_variance.py:19 | AccuracyVariance: sample variance 0.005743217841825549 (last 7 data)
DEBUG flower 2021-04-08 13:57:18,771 | numpy_client.py:201 | Not a switch point
INFO flower 2021-04-08 13:57:18,774 | numpy_client.py:205 | Cache is fresh, return FitRes(clock=79)
DEBUG flower 2021-04-08 13:57:24,207 | numpy_client.py:172 | fit, FitIns(clock=80)
DEBUG flower 2021-04-08 13:57:24,207 | numpy_client.py:260 | cached_clock: 52, curr_clock: 80
INFO flower 2021-04-08 13:57:24,207 | numpy_client.py:184 | Cache is stale, return ReadIns
DEBUG flower 2021-04-08 13:57:29,045 | numpy_client.py:228 | read: ReadRes(clock=53)
DEBUG flower 2021-04-08 13:57:29,052 | numpy_client.py:172 | fit, FitIns(clock=80)
DEBUG flower 2021-04-08 13:57:29,052 | numpy_client.py:260 | cached_clock: 53, curr_clock: 80
DEBUG flower 2021-04-08 13:57:32,873 | acc_variance.py:19 | AccuracyVariance: sample variance 0.007167356501337252 (last 7 data)
DEBUG flower 2021-04-08 13:57:32,874 | numpy_client.py:201 | Not a switch point
INFO flower 2021-04-08 13:57:32,877 | numpy_client.py:205 | Cache is fresh, return FitRes(clock=80)
DEBUG flower 2021-04-08 13:57:38,746 | numpy_client.py:172 | fit, FitIns(clock=81)
DEBUG flower 2021-04-08 13:57:38,746 | numpy_client.py:260 | cached_clock: 53, curr_clock: 81
INFO flower 2021-04-08 13:57:38,746 | numpy_client.py:184 | Cache is stale, return ReadIns
DEBUG flower 2021-04-08 13:57:43,544 | numpy_client.py:228 | read: ReadRes(clock=54)
DEBUG flower 2021-04-08 13:57:43,552 | numpy_client.py:172 | fit, FitIns(clock=81)
DEBUG flower 2021-04-08 13:57:43,552 | numpy_client.py:260 | cached_clock: 54, curr_clock: 81
DEBUG flower 2021-04-08 13:57:47,385 | acc_variance.py:19 | AccuracyVariance: sample variance 0.005936916188932988 (last 7 data)
DEBUG flower 2021-04-08 13:57:47,386 | numpy_client.py:201 | Not a switch point
INFO flower 2021-04-08 13:57:47,446 | numpy_client.py:205 | Cache is fresh, return FitRes(clock=81)
DEBUG flower 2021-04-08 13:57:52,459 | numpy_client.py:172 | fit, FitIns(clock=82)
DEBUG flower 2021-04-08 13:57:52,459 | numpy_client.py:260 | cached_clock: 54, curr_clock: 82
INFO flower 2021-04-08 13:57:52,459 | numpy_client.py:184 | Cache is stale, return ReadIns
DEBUG flower 2021-04-08 13:57:56,745 | numpy_client.py:228 | read: ReadRes(clock=55)
DEBUG flower 2021-04-08 13:57:56,752 | numpy_client.py:172 | fit, FitIns(clock=82)
DEBUG flower 2021-04-08 13:57:56,753 | numpy_client.py:260 | cached_clock: 55, curr_clock: 82
DEBUG flower 2021-04-08 13:58:00,481 | acc_variance.py:19 | AccuracyVariance: sample variance 0.006039231028049609 (last 7 data)
DEBUG flower 2021-04-08 13:58:00,482 | numpy_client.py:201 | Not a switch point
INFO flower 2021-04-08 13:58:00,485 | numpy_client.py:205 | Cache is fresh, return FitRes(clock=82)
DEBUG flower 2021-04-08 13:58:05,676 | numpy_client.py:172 | fit, FitIns(clock=83)
DEBUG flower 2021-04-08 13:58:05,677 | numpy_client.py:260 | cached_clock: 55, curr_clock: 83
INFO flower 2021-04-08 13:58:05,677 | numpy_client.py:184 | Cache is stale, return ReadIns
DEBUG flower 2021-04-08 13:58:10,046 | numpy_client.py:228 | read: ReadRes(clock=56)
DEBUG flower 2021-04-08 13:58:10,054 | numpy_client.py:172 | fit, FitIns(clock=83)
DEBUG flower 2021-04-08 13:58:10,054 | numpy_client.py:260 | cached_clock: 56, curr_clock: 83
DEBUG flower 2021-04-08 13:58:14,066 | acc_variance.py:19 | AccuracyVariance: sample variance 0.005340298119585157 (last 7 data)
DEBUG flower 2021-04-08 13:58:14,066 | numpy_client.py:201 | Not a switch point
INFO flower 2021-04-08 13:58:14,070 | numpy_client.py:205 | Cache is fresh, return FitRes(clock=83)
DEBUG flower 2021-04-08 13:58:19,472 | numpy_client.py:172 | fit, FitIns(clock=84)
DEBUG flower 2021-04-08 13:58:19,472 | numpy_client.py:260 | cached_clock: 56, curr_clock: 84
INFO flower 2021-04-08 13:58:19,472 | numpy_client.py:184 | Cache is stale, return ReadIns
DEBUG flower 2021-04-08 13:58:23,945 | numpy_client.py:228 | read: ReadRes(clock=57)
DEBUG flower 2021-04-08 13:58:23,952 | numpy_client.py:172 | fit, FitIns(clock=84)
DEBUG flower 2021-04-08 13:58:23,952 | numpy_client.py:260 | cached_clock: 57, curr_clock: 84
DEBUG flower 2021-04-08 13:58:27,874 | acc_variance.py:19 | AccuracyVariance: sample variance 0.005801229192554067 (last 7 data)
DEBUG flower 2021-04-08 13:58:27,875 | numpy_client.py:201 | Not a switch point
INFO flower 2021-04-08 13:58:27,878 | numpy_client.py:205 | Cache is fresh, return FitRes(clock=84)
DEBUG flower 2021-04-08 13:58:32,919 | numpy_client.py:172 | fit, FitIns(clock=85)
DEBUG flower 2021-04-08 13:58:32,919 | numpy_client.py:260 | cached_clock: 57, curr_clock: 85
INFO flower 2021-04-08 13:58:32,920 | numpy_client.py:184 | Cache is stale, return ReadIns
DEBUG flower 2021-04-08 13:58:38,253 | numpy_client.py:228 | read: ReadRes(clock=58)
DEBUG flower 2021-04-08 13:58:38,260 | numpy_client.py:172 | fit, FitIns(clock=85)
DEBUG flower 2021-04-08 13:58:38,260 | numpy_client.py:260 | cached_clock: 58, curr_clock: 85
DEBUG flower 2021-04-08 13:58:42,069 | acc_variance.py:19 | AccuracyVariance: sample variance 0.0012783203494755972 (last 7 data)
DEBUG flower 2021-04-08 13:58:42,070 | numpy_client.py:201 | Not a switch point
INFO flower 2021-04-08 13:58:42,073 | numpy_client.py:205 | Cache is fresh, return FitRes(clock=85)
DEBUG flower 2021-04-08 13:58:47,666 | numpy_client.py:172 | fit, FitIns(clock=86)
DEBUG flower 2021-04-08 13:58:47,666 | numpy_client.py:260 | cached_clock: 58, curr_clock: 86
INFO flower 2021-04-08 13:58:47,666 | numpy_client.py:184 | Cache is stale, return ReadIns
DEBUG flower 2021-04-08 13:58:52,745 | numpy_client.py:228 | read: ReadRes(clock=59)
DEBUG flower 2021-04-08 13:58:52,752 | numpy_client.py:172 | fit, FitIns(clock=86)
DEBUG flower 2021-04-08 13:58:52,752 | numpy_client.py:260 | cached_clock: 59, curr_clock: 86
DEBUG flower 2021-04-08 13:58:56,648 | acc_variance.py:19 | AccuracyVariance: sample variance 0.0020136910283593957 (last 7 data)
DEBUG flower 2021-04-08 13:58:56,649 | numpy_client.py:201 | Not a switch point
INFO flower 2021-04-08 13:58:56,654 | numpy_client.py:205 | Cache is fresh, return FitRes(clock=86)
DEBUG flower 2021-04-08 13:59:02,035 | numpy_client.py:172 | fit, FitIns(clock=87)
DEBUG flower 2021-04-08 13:59:02,035 | numpy_client.py:260 | cached_clock: 59, curr_clock: 87
INFO flower 2021-04-08 13:59:02,036 | numpy_client.py:184 | Cache is stale, return ReadIns
DEBUG flower 2021-04-08 13:59:06,745 | numpy_client.py:228 | read: ReadRes(clock=60)
DEBUG flower 2021-04-08 13:59:06,752 | numpy_client.py:172 | fit, FitIns(clock=87)
DEBUG flower 2021-04-08 13:59:06,752 | numpy_client.py:260 | cached_clock: 60, curr_clock: 87
DEBUG flower 2021-04-08 13:59:10,448 | acc_variance.py:19 | AccuracyVariance: sample variance 0.00205081452803756 (last 7 data)
DEBUG flower 2021-04-08 13:59:10,448 | numpy_client.py:201 | Not a switch point
INFO flower 2021-04-08 13:59:10,451 | numpy_client.py:205 | Cache is fresh, return FitRes(clock=87)
DEBUG flower 2021-04-08 13:59:16,174 | numpy_client.py:172 | fit, FitIns(clock=88)
DEBUG flower 2021-04-08 13:59:16,174 | numpy_client.py:260 | cached_clock: 60, curr_clock: 88
INFO flower 2021-04-08 13:59:16,174 | numpy_client.py:184 | Cache is stale, return ReadIns
DEBUG flower 2021-04-08 13:59:20,946 | numpy_client.py:228 | read: ReadRes(clock=61)
DEBUG flower 2021-04-08 13:59:20,954 | numpy_client.py:172 | fit, FitIns(clock=88)
DEBUG flower 2021-04-08 13:59:20,954 | numpy_client.py:260 | cached_clock: 61, curr_clock: 88
DEBUG flower 2021-04-08 13:59:24,789 | acc_variance.py:19 | AccuracyVariance: sample variance 0.0020359234465838955 (last 7 data)
DEBUG flower 2021-04-08 13:59:24,790 | numpy_client.py:201 | Not a switch point
INFO flower 2021-04-08 13:59:24,793 | numpy_client.py:205 | Cache is fresh, return FitRes(clock=88)
DEBUG flower 2021-04-08 13:59:30,553 | numpy_client.py:172 | fit, FitIns(clock=89)
DEBUG flower 2021-04-08 13:59:30,554 | numpy_client.py:260 | cached_clock: 61, curr_clock: 89
INFO flower 2021-04-08 13:59:30,554 | numpy_client.py:184 | Cache is stale, return ReadIns
DEBUG flower 2021-04-08 13:59:34,812 | numpy_client.py:228 | read: ReadRes(clock=62)
DEBUG flower 2021-04-08 13:59:34,820 | numpy_client.py:172 | fit, FitIns(clock=89)
DEBUG flower 2021-04-08 13:59:34,820 | numpy_client.py:260 | cached_clock: 62, curr_clock: 89
DEBUG flower 2021-04-08 13:59:38,765 | acc_variance.py:19 | AccuracyVariance: sample variance 0.0024626823448218897 (last 7 data)
DEBUG flower 2021-04-08 13:59:38,765 | numpy_client.py:201 | Not a switch point
INFO flower 2021-04-08 13:59:38,769 | numpy_client.py:205 | Cache is fresh, return FitRes(clock=89)
DEBUG flower 2021-04-08 13:59:44,060 | numpy_client.py:172 | fit, FitIns(clock=90)
DEBUG flower 2021-04-08 13:59:44,061 | numpy_client.py:260 | cached_clock: 62, curr_clock: 90
INFO flower 2021-04-08 13:59:44,061 | numpy_client.py:184 | Cache is stale, return ReadIns
DEBUG flower 2021-04-08 13:59:48,597 | numpy_client.py:228 | read: ReadRes(clock=63)
DEBUG flower 2021-04-08 13:59:48,605 | numpy_client.py:172 | fit, FitIns(clock=90)
DEBUG flower 2021-04-08 13:59:48,605 | numpy_client.py:260 | cached_clock: 63, curr_clock: 90
DEBUG flower 2021-04-08 13:59:52,571 | acc_variance.py:19 | AccuracyVariance: sample variance 0.0024256462420100444 (last 7 data)
DEBUG flower 2021-04-08 13:59:52,571 | numpy_client.py:201 | Not a switch point
INFO flower 2021-04-08 13:59:52,575 | numpy_client.py:205 | Cache is fresh, return FitRes(clock=90)
DEBUG flower 2021-04-08 13:59:58,044 | numpy_client.py:172 | fit, FitIns(clock=91)
DEBUG flower 2021-04-08 13:59:58,044 | numpy_client.py:260 | cached_clock: 63, curr_clock: 91
INFO flower 2021-04-08 13:59:58,044 | numpy_client.py:184 | Cache is stale, return ReadIns
DEBUG flower 2021-04-08 14:00:02,444 | numpy_client.py:228 | read: ReadRes(clock=64)
DEBUG flower 2021-04-08 14:00:02,452 | numpy_client.py:172 | fit, FitIns(clock=91)
DEBUG flower 2021-04-08 14:00:02,452 | numpy_client.py:260 | cached_clock: 64, curr_clock: 91
DEBUG flower 2021-04-08 14:00:06,367 | acc_variance.py:19 | AccuracyVariance: sample variance 0.0023914270074280345 (last 7 data)
DEBUG flower 2021-04-08 14:00:06,367 | numpy_client.py:201 | Not a switch point
INFO flower 2021-04-08 14:00:06,370 | numpy_client.py:205 | Cache is fresh, return FitRes(clock=91)
DEBUG flower 2021-04-08 14:00:11,660 | numpy_client.py:172 | fit, FitIns(clock=92)
DEBUG flower 2021-04-08 14:00:11,660 | numpy_client.py:260 | cached_clock: 64, curr_clock: 92
INFO flower 2021-04-08 14:00:11,660 | numpy_client.py:184 | Cache is stale, return ReadIns
DEBUG flower 2021-04-08 14:00:16,282 | numpy_client.py:228 | read: ReadRes(clock=65)
DEBUG flower 2021-04-08 14:00:16,289 | numpy_client.py:172 | fit, FitIns(clock=92)
DEBUG flower 2021-04-08 14:00:16,289 | numpy_client.py:260 | cached_clock: 65, curr_clock: 92
DEBUG flower 2021-04-08 14:00:20,250 | acc_variance.py:19 | AccuracyVariance: sample variance 0.0028354972080331547 (last 7 data)
DEBUG flower 2021-04-08 14:00:20,250 | numpy_client.py:201 | Not a switch point
INFO flower 2021-04-08 14:00:20,254 | numpy_client.py:205 | Cache is fresh, return FitRes(clock=92)
DEBUG flower 2021-04-08 14:00:25,902 | numpy_client.py:172 | fit, FitIns(clock=93)
DEBUG flower 2021-04-08 14:00:25,902 | numpy_client.py:260 | cached_clock: 65, curr_clock: 93
INFO flower 2021-04-08 14:00:25,902 | numpy_client.py:184 | Cache is stale, return ReadIns
DEBUG flower 2021-04-08 14:00:30,245 | numpy_client.py:228 | read: ReadRes(clock=66)
DEBUG flower 2021-04-08 14:00:30,252 | numpy_client.py:172 | fit, FitIns(clock=93)
DEBUG flower 2021-04-08 14:00:30,253 | numpy_client.py:260 | cached_clock: 66, curr_clock: 93
DEBUG flower 2021-04-08 14:00:34,153 | acc_variance.py:19 | AccuracyVariance: sample variance 0.003464989944788846 (last 7 data)
DEBUG flower 2021-04-08 14:00:34,153 | numpy_client.py:201 | Not a switch point
INFO flower 2021-04-08 14:00:34,157 | numpy_client.py:205 | Cache is fresh, return FitRes(clock=93)
DEBUG flower 2021-04-08 14:00:39,513 | numpy_client.py:172 | fit, FitIns(clock=94)
DEBUG flower 2021-04-08 14:00:39,513 | numpy_client.py:260 | cached_clock: 66, curr_clock: 94
INFO flower 2021-04-08 14:00:39,514 | numpy_client.py:184 | Cache is stale, return ReadIns
DEBUG flower 2021-04-08 14:00:43,945 | numpy_client.py:228 | read: ReadRes(clock=67)
DEBUG flower 2021-04-08 14:00:43,952 | numpy_client.py:172 | fit, FitIns(clock=94)
DEBUG flower 2021-04-08 14:00:43,952 | numpy_client.py:260 | cached_clock: 67, curr_clock: 94
DEBUG flower 2021-04-08 14:00:47,877 | acc_variance.py:19 | AccuracyVariance: sample variance 0.003968718590910812 (last 7 data)
DEBUG flower 2021-04-08 14:00:47,878 | numpy_client.py:201 | Not a switch point
INFO flower 2021-04-08 14:00:47,881 | numpy_client.py:205 | Cache is fresh, return FitRes(clock=94)
DEBUG flower 2021-04-08 14:00:53,212 | numpy_client.py:172 | fit, FitIns(clock=95)
DEBUG flower 2021-04-08 14:00:53,212 | numpy_client.py:260 | cached_clock: 67, curr_clock: 95
INFO flower 2021-04-08 14:00:53,213 | numpy_client.py:184 | Cache is stale, return ReadIns
DEBUG flower 2021-04-08 14:00:57,545 | numpy_client.py:228 | read: ReadRes(clock=68)
DEBUG flower 2021-04-08 14:00:57,552 | numpy_client.py:172 | fit, FitIns(clock=95)
DEBUG flower 2021-04-08 14:00:57,552 | numpy_client.py:260 | cached_clock: 68, curr_clock: 95
DEBUG flower 2021-04-08 14:01:01,369 | acc_variance.py:19 | AccuracyVariance: sample variance 0.0041099250355396 (last 7 data)
DEBUG flower 2021-04-08 14:01:01,369 | numpy_client.py:201 | Not a switch point
INFO flower 2021-04-08 14:01:01,372 | numpy_client.py:205 | Cache is fresh, return FitRes(clock=95)
DEBUG flower 2021-04-08 14:01:06,657 | numpy_client.py:172 | fit, FitIns(clock=96)
DEBUG flower 2021-04-08 14:01:06,657 | numpy_client.py:260 | cached_clock: 68, curr_clock: 96
INFO flower 2021-04-08 14:01:06,657 | numpy_client.py:184 | Cache is stale, return ReadIns
DEBUG flower 2021-04-08 14:01:10,727 | numpy_client.py:228 | read: ReadRes(clock=69)
DEBUG flower 2021-04-08 14:01:10,735 | numpy_client.py:172 | fit, FitIns(clock=96)
DEBUG flower 2021-04-08 14:01:10,735 | numpy_client.py:260 | cached_clock: 69, curr_clock: 96
DEBUG flower 2021-04-08 14:01:14,547 | acc_variance.py:19 | AccuracyVariance: sample variance 0.004802854451571486 (last 7 data)
DEBUG flower 2021-04-08 14:01:14,548 | numpy_client.py:201 | Not a switch point
INFO flower 2021-04-08 14:01:14,551 | numpy_client.py:205 | Cache is fresh, return FitRes(clock=96)
DEBUG flower 2021-04-08 14:01:20,196 | numpy_client.py:172 | fit, FitIns(clock=97)
DEBUG flower 2021-04-08 14:01:20,196 | numpy_client.py:260 | cached_clock: 69, curr_clock: 97
INFO flower 2021-04-08 14:01:20,196 | numpy_client.py:184 | Cache is stale, return ReadIns
DEBUG flower 2021-04-08 14:01:24,138 | numpy_client.py:228 | read: ReadRes(clock=70)
DEBUG flower 2021-04-08 14:01:24,145 | numpy_client.py:172 | fit, FitIns(clock=97)
DEBUG flower 2021-04-08 14:01:24,145 | numpy_client.py:260 | cached_clock: 70, curr_clock: 97
DEBUG flower 2021-04-08 14:01:28,151 | acc_variance.py:19 | AccuracyVariance: sample variance 0.003896401045449382 (last 7 data)
DEBUG flower 2021-04-08 14:01:28,151 | numpy_client.py:201 | Not a switch point
INFO flower 2021-04-08 14:01:28,156 | numpy_client.py:205 | Cache is fresh, return FitRes(clock=97)
DEBUG flower 2021-04-08 14:01:33,301 | numpy_client.py:172 | fit, FitIns(clock=98)
DEBUG flower 2021-04-08 14:01:33,301 | numpy_client.py:260 | cached_clock: 70, curr_clock: 98
INFO flower 2021-04-08 14:01:33,302 | numpy_client.py:184 | Cache is stale, return ReadIns
DEBUG flower 2021-04-08 14:01:37,583 | numpy_client.py:228 | read: ReadRes(clock=71)
DEBUG flower 2021-04-08 14:01:37,591 | numpy_client.py:172 | fit, FitIns(clock=98)
DEBUG flower 2021-04-08 14:01:37,591 | numpy_client.py:260 | cached_clock: 71, curr_clock: 98
DEBUG flower 2021-04-08 14:01:41,578 | acc_variance.py:19 | AccuracyVariance: sample variance 0.004247333077901426 (last 7 data)
DEBUG flower 2021-04-08 14:01:41,578 | numpy_client.py:201 | Not a switch point
INFO flower 2021-04-08 14:01:41,646 | numpy_client.py:205 | Cache is fresh, return FitRes(clock=98)
DEBUG flower 2021-04-08 14:01:46,669 | numpy_client.py:172 | fit, FitIns(clock=99)
DEBUG flower 2021-04-08 14:01:46,669 | numpy_client.py:260 | cached_clock: 71, curr_clock: 99
INFO flower 2021-04-08 14:01:46,669 | numpy_client.py:184 | Cache is stale, return ReadIns
DEBUG flower 2021-04-08 14:01:50,835 | numpy_client.py:228 | read: ReadRes(clock=72)
DEBUG flower 2021-04-08 14:01:50,843 | numpy_client.py:172 | fit, FitIns(clock=99)
DEBUG flower 2021-04-08 14:01:50,843 | numpy_client.py:260 | cached_clock: 72, curr_clock: 99
DEBUG flower 2021-04-08 14:01:54,652 | acc_variance.py:19 | AccuracyVariance: sample variance 0.004298762772312501 (last 7 data)
DEBUG flower 2021-04-08 14:01:54,652 | numpy_client.py:201 | Not a switch point
INFO flower 2021-04-08 14:01:54,657 | numpy_client.py:205 | Cache is fresh, return FitRes(clock=99)
DEBUG flower 2021-04-08 14:01:54,657 | numpy_client.py:217 | The client finishes computing after 992 seconds
INFO flower 2021-04-08 14:08:14,656 | numpy_client.py:250 | [32;1m Loss: 42.304, Accuracy: 25.118%[0m
DEBUG flower 2021-04-08 14:08:15,925 | connection.py:68 | Insecure gRPC channel closed
INFO flower 2021-04-08 14:08:15,926 | app.py:74 | Disconnect and shut down
Namespace(idx=27, max_delay=0, min_delay=0, num_clients=31, server_ip='10.244.37.27:8080', staleness_bound=2000)
I'm client 27
Start SSP client without delay
Files already downloaded and verified
Files already downloaded and verified
[32;1mClient 27: 2457 train samples, 211 test samples[0m
loss=175.52774953842163, acc=0.15056818181818182
feed:  0.15056818181818182
loss=174.1913959980011, acc=0.20089285714285715
feed:  0.20089285714285715
loss=161.40027236938477, acc=0.2159090909090909
feed:  0.2159090909090909
loss=132.91787147521973, acc=0.22199675324675325
feed:  0.22199675324675325
loss=122.17614817619324, acc=0.27232142857142855
feed:  0.27232142857142855
loss=117.61296081542969, acc=0.33766233766233766
feed:  0.33766233766233766
loss=111.43167424201965, acc=0.40381493506493504
feed:  0.40381493506493504
loss=107.79991710186005, acc=0.4135551948051948
feed:  0.4135551948051948
loss=106.10587179660797, acc=0.419237012987013
feed:  0.419237012987013
loss=104.7100977897644, acc=0.43993506493506496
feed:  0.43993506493506496
loss=103.2854460477829, acc=0.45008116883116883
feed:  0.45008116883116883
loss=101.83483803272247, acc=0.4602272727272727
feed:  0.4602272727272727
loss=100.30360329151154, acc=0.46834415584415584
feed:  0.46834415584415584
loss=98.72580564022064, acc=0.4752435064935065
feed:  0.4752435064935065
loss=97.0916656255722, acc=0.48660714285714285
feed:  0.48660714285714285
loss=95.4550564289093, acc=0.49391233766233766
feed:  0.49391233766233766
loss=93.94952410459518, acc=0.4987824675324675
feed:  0.4987824675324675
loss=92.60924172401428, acc=0.5040584415584416
feed:  0.5040584415584416
loss=91.39638543128967, acc=0.5133928571428571
feed:  0.5133928571428571
loss=90.30550521612167, acc=0.5178571428571429
feed:  0.5178571428571429
loss=89.24678242206573, acc=0.5223214285714286
feed:  0.5223214285714286
loss=88.27632743120193, acc=0.5280032467532467
feed:  0.5280032467532467
loss=87.34122717380524, acc=0.5344967532467533
feed:  0.5344967532467533
loss=86.43489807844162, acc=0.536525974025974
feed:  0.536525974025974
loss=85.51150393486023, acc=0.541801948051948
feed:  0.541801948051948
loss=84.59235686063766, acc=0.5454545454545454
feed:  0.5454545454545454
loss=83.65350466966629, acc=0.5523538961038961
feed:  0.5523538961038961
loss=179.18041789531708, acc=0.21550324675324675
feed:  0.21550324675324675
loss=112.36141693592072, acc=0.3656655844155844
feed:  0.3656655844155844
loss=105.88688731193542, acc=0.4301948051948052
feed:  0.4301948051948052
loss=102.87447035312653, acc=0.442775974025974
feed:  0.442775974025974
loss=100.87230837345123, acc=0.45089285714285715
feed:  0.45089285714285715
loss=99.18568933010101, acc=0.4642857142857143
feed:  0.4642857142857143
loss=97.6609593629837, acc=0.474025974025974
feed:  0.474025974025974
loss=96.25558876991272, acc=0.4825487012987013
feed:  0.4825487012987013
loss=94.95040303468704, acc=0.4906655844155844
feed:  0.4906655844155844
loss=93.70269399881363, acc=0.5004058441558441
feed:  0.5004058441558441
loss=92.4604983329773, acc=0.5048701298701299
feed:  0.5048701298701299
loss=91.22132939100266, acc=0.5125811688311688
feed:  0.5125811688311688
loss=89.94446223974228, acc=0.523538961038961
feed:  0.523538961038961
loss=88.65759813785553, acc=0.5284090909090909
feed:  0.5284090909090909
loss=87.34617590904236, acc=0.5349025974025974
feed:  0.5349025974025974
loss=86.06766772270203, acc=0.5454545454545454
feed:  0.5454545454545454
loss=84.77251315116882, acc=0.546672077922078
feed:  0.546672077922078
loss=83.4727932214737, acc=0.5588474025974026
feed:  0.5588474025974026
loss=82.1896453499794, acc=0.564935064935065
feed:  0.564935064935065
loss=80.96025842428207, acc=0.5714285714285714
feed:  0.5714285714285714
loss=79.7559421658516, acc=0.5819805194805194
feed:  0.5819805194805194
loss=172.08263206481934, acc=0.21306818181818182
feed:  0.21306818181818182
loss=109.32945334911346, acc=0.3961038961038961
feed:  0.3961038961038961
loss=101.6456218957901, acc=0.4439935064935065
feed:  0.4439935064935065
loss=97.83868169784546, acc=0.4650974025974026
feed:  0.4650974025974026
loss=122.91327488422394, acc=0.4330357142857143
feed:  0.4330357142857143
loss=95.58977568149567, acc=0.48944805194805197
feed:  0.48944805194805197
loss=95.2091514468193, acc=0.5251623376623377
feed:  0.5251623376623377
loss=140.3853222131729, acc=0.3859577922077922
feed:  0.3859577922077922
loss=139.47535860538483, acc=0.39204545454545453
feed:  0.39204545454545453
loss=126.90742242336273, acc=0.4094967532467532
feed:  0.4094967532467532
loss=95.44774723052979, acc=0.5592532467532467
feed:  0.5592532467532467
loss=116.62938392162323, acc=0.49107142857142855
feed:  0.49107142857142855
loss=93.94358438253403, acc=0.5762987012987013
feed:  0.5762987012987013
loss=93.2610936164856, acc=0.5815746753246753
feed:  0.5815746753246753
loss=146.99747455120087, acc=0.37743506493506496
feed:  0.37743506493506496
loss=147.2461404800415, acc=0.3758116883116883
feed:  0.3758116883116883
loss=146.09904217720032, acc=0.38108766233766234
feed:  0.38108766233766234
loss=147.88914787769318, acc=0.37540584415584416
feed:  0.37540584415584416
loss=147.95515477657318, acc=0.3762175324675325
feed:  0.3762175324675325
loss=104.89057165384293, acc=0.5146103896103896
feed:  0.5146103896103896
loss=128.16130459308624, acc=0.41761363636363635
feed:  0.41761363636363635
loss=163.725714802742, acc=0.36688311688311687
feed:  0.36688311688311687
loss=122.70794779062271, acc=0.455762987012987
feed:  0.455762987012987
loss=121.97228175401688, acc=0.4837662337662338
feed:  0.4837662337662338
loss=97.7341759800911, acc=0.557224025974026
feed:  0.557224025974026
loss=117.54279083013535, acc=0.47564935064935066
feed:  0.47564935064935066
loss=95.9759271144867, acc=0.5722402597402597
feed:  0.5722402597402597
loss=116.21117424964905, acc=0.4797077922077922
feed:  0.4797077922077922
loss=112.4213519692421, acc=0.49512987012987014
feed:  0.49512987012987014
loss=150.2447168827057, acc=0.37905844155844154
feed:  0.37905844155844154
loss=96.8909164071083, acc=0.5815746753246753
feed:  0.5815746753246753
loss=151.19804859161377, acc=0.37540584415584416
feed:  0.37540584415584416
loss=148.45507562160492, acc=0.37256493506493504
feed:  0.37256493506493504
loss=151.86985087394714, acc=0.37256493506493504
feed:  0.37256493506493504
loss=151.96632432937622, acc=0.3713474025974026
feed:  0.3713474025974026
loss=147.51601338386536, acc=0.36688311688311687
feed:  0.36688311688311687
loss=105.93801879882812, acc=0.474025974025974
feed:  0.474025974025974
loss=152.02424573898315, acc=0.3737824675324675
feed:  0.3737824675324675
loss=105.23625320196152, acc=0.46712662337662336
feed:  0.46712662337662336
loss=152.94052505493164, acc=0.36810064935064934
feed:  0.36810064935064934
loss=145.45239651203156, acc=0.37459415584415584
feed:  0.37459415584415584
loss=106.41738212108612, acc=0.4715909090909091
feed:  0.4715909090909091
loss=154.65438783168793, acc=0.369724025974026
feed:  0.369724025974026
loss=105.14397007226944, acc=0.4719967532467532
feed:  0.4719967532467532
loss=103.01479798555374, acc=0.4967532467532468
feed:  0.4967532467532468
loss=140.72495353221893, acc=0.3425324675324675
feed:  0.3425324675324675
loss=105.75895845890045, acc=0.5044642857142857
feed:  0.5044642857142857
loss=105.0251402258873, acc=0.5190746753246753
feed:  0.5190746753246753
loss=104.43812239170074, acc=0.528814935064935
feed:  0.528814935064935
loss=103.8998275399208, acc=0.541801948051948
feed:  0.541801948051948
loss=103.35043805837631, acc=0.5450487012987013
feed:  0.5450487012987013
loss=104.6055753827095, acc=0.476461038961039
feed:  0.476461038961039
Files already downloaded and verified
Files already downloaded and verified
Testing on full test set: 313, 1497.4904010295868, 0.3377
Testing on partial test set: 7, 42.30369329452515, 0.25118483412322273
