DEBUG flower 2021-04-08 13:45:15,106 | connection.py:36 | ChannelConnectivity.IDLE
DEBUG flower 2021-04-08 13:45:15,108 | connection.py:36 | ChannelConnectivity.CONNECTING
INFO flower 2021-04-08 13:45:15,109 | app.py:63 | Opened (insecure) gRPC connection
DEBUG flower 2021-04-08 13:45:15,110 | connection.py:36 | ChannelConnectivity.READY
DEBUG flower 2021-04-08 13:45:21,826 | numpy_client.py:172 | fit, FitIns(clock=0)
INFO flower 2021-04-08 13:45:21,826 | numpy_client.py:184 | Cache is stale, return ReadIns
DEBUG flower 2021-04-08 13:45:22,030 | numpy_client.py:228 | read: ReadRes(clock=-1)
DEBUG flower 2021-04-08 13:45:22,046 | numpy_client.py:172 | fit, FitIns(clock=0)
DEBUG flower 2021-04-08 13:45:22,046 | numpy_client.py:260 | cached_clock: -1, curr_clock: 0
DEBUG flower 2021-04-08 13:45:23,392 | model_wrapper.py:21 | Load existing initial model
DEBUG flower 2021-04-08 13:45:23,393 | numpy_client.py:201 | Not a switch point
INFO flower 2021-04-08 13:45:23,397 | numpy_client.py:205 | Cache is fresh, return FitRes(clock=0)
DEBUG flower 2021-04-08 13:45:23,419 | numpy_client.py:172 | fit, FitIns(clock=1)
DEBUG flower 2021-04-08 13:45:23,419 | numpy_client.py:260 | cached_clock: -1, curr_clock: 1
DEBUG flower 2021-04-08 13:45:24,794 | numpy_client.py:201 | Not a switch point
INFO flower 2021-04-08 13:45:24,798 | numpy_client.py:205 | Cache is fresh, return FitRes(clock=1)
DEBUG flower 2021-04-08 13:45:24,821 | numpy_client.py:172 | fit, FitIns(clock=2)
DEBUG flower 2021-04-08 13:45:24,821 | numpy_client.py:260 | cached_clock: -1, curr_clock: 2
DEBUG flower 2021-04-08 13:45:26,092 | numpy_client.py:201 | Not a switch point
INFO flower 2021-04-08 13:45:26,097 | numpy_client.py:205 | Cache is fresh, return FitRes(clock=2)
DEBUG flower 2021-04-08 13:45:26,117 | numpy_client.py:172 | fit, FitIns(clock=3)
DEBUG flower 2021-04-08 13:45:26,118 | numpy_client.py:260 | cached_clock: -1, curr_clock: 3
DEBUG flower 2021-04-08 13:45:27,390 | numpy_client.py:201 | Not a switch point
INFO flower 2021-04-08 13:45:27,393 | numpy_client.py:205 | Cache is fresh, return FitRes(clock=3)
DEBUG flower 2021-04-08 13:45:35,911 | numpy_client.py:172 | fit, FitIns(clock=4)
DEBUG flower 2021-04-08 13:45:35,912 | numpy_client.py:260 | cached_clock: -1, curr_clock: 4
DEBUG flower 2021-04-08 13:45:37,207 | numpy_client.py:201 | Not a switch point
INFO flower 2021-04-08 13:45:37,210 | numpy_client.py:205 | Cache is fresh, return FitRes(clock=4)
DEBUG flower 2021-04-08 13:45:37,229 | numpy_client.py:172 | fit, FitIns(clock=5)
DEBUG flower 2021-04-08 13:45:37,229 | numpy_client.py:260 | cached_clock: -1, curr_clock: 5
DEBUG flower 2021-04-08 13:45:38,591 | numpy_client.py:201 | Not a switch point
INFO flower 2021-04-08 13:45:38,595 | numpy_client.py:205 | Cache is fresh, return FitRes(clock=5)
DEBUG flower 2021-04-08 13:45:38,617 | numpy_client.py:172 | fit, FitIns(clock=6)
DEBUG flower 2021-04-08 13:45:38,617 | numpy_client.py:260 | cached_clock: -1, curr_clock: 6
DEBUG flower 2021-04-08 13:45:39,905 | acc_variance.py:19 | AccuracyVariance: sample variance 0.006083025619641347 (last 7 data)
DEBUG flower 2021-04-08 13:45:39,906 | numpy_client.py:201 | Not a switch point
INFO flower 2021-04-08 13:45:39,909 | numpy_client.py:205 | Cache is fresh, return FitRes(clock=6)
DEBUG flower 2021-04-08 13:45:39,931 | numpy_client.py:172 | fit, FitIns(clock=7)
DEBUG flower 2021-04-08 13:45:39,931 | numpy_client.py:260 | cached_clock: -1, curr_clock: 7
DEBUG flower 2021-04-08 13:45:41,209 | acc_variance.py:19 | AccuracyVariance: sample variance 0.004864238826077769 (last 7 data)
DEBUG flower 2021-04-08 13:45:41,209 | numpy_client.py:201 | Not a switch point
INFO flower 2021-04-08 13:45:41,213 | numpy_client.py:205 | Cache is fresh, return FitRes(clock=7)
DEBUG flower 2021-04-08 13:45:49,657 | numpy_client.py:172 | fit, FitIns(clock=8)
DEBUG flower 2021-04-08 13:45:49,657 | numpy_client.py:260 | cached_clock: -1, curr_clock: 8
DEBUG flower 2021-04-08 13:45:50,906 | acc_variance.py:19 | AccuracyVariance: sample variance 0.0008141165582357207 (last 7 data)
DEBUG flower 2021-04-08 13:45:50,906 | numpy_client.py:201 | Not a switch point
INFO flower 2021-04-08 13:45:50,910 | numpy_client.py:205 | Cache is fresh, return FitRes(clock=8)
DEBUG flower 2021-04-08 13:45:50,932 | numpy_client.py:172 | fit, FitIns(clock=9)
DEBUG flower 2021-04-08 13:45:50,932 | numpy_client.py:260 | cached_clock: -1, curr_clock: 9
DEBUG flower 2021-04-08 13:45:52,206 | acc_variance.py:19 | AccuracyVariance: sample variance 4.1274830938292183e-07 (last 7 data)
DEBUG flower 2021-04-08 13:45:52,206 | acc_variance.py:23 | AccuracyVariance: should switch
DEBUG flower 2021-04-08 13:45:52,206 | numpy_client.py:199 | Find switch point, staleness_bound -> 29
INFO flower 2021-04-08 13:45:52,210 | numpy_client.py:205 | Cache is fresh, return FitRes(clock=9)
DEBUG flower 2021-04-08 13:45:52,230 | numpy_client.py:172 | fit, FitIns(clock=10)
DEBUG flower 2021-04-08 13:45:52,230 | numpy_client.py:260 | cached_clock: -1, curr_clock: 10
DEBUG flower 2021-04-08 13:45:53,617 | acc_variance.py:19 | AccuracyVariance: sample variance 5.772579926941194e-05 (last 7 data)
DEBUG flower 2021-04-08 13:45:53,618 | acc_variance.py:23 | AccuracyVariance: should switch
DEBUG flower 2021-04-08 13:45:53,618 | numpy_client.py:199 | Find switch point, staleness_bound -> 28
INFO flower 2021-04-08 13:45:53,621 | numpy_client.py:205 | Cache is fresh, return FitRes(clock=10)
DEBUG flower 2021-04-08 13:45:53,643 | numpy_client.py:172 | fit, FitIns(clock=11)
DEBUG flower 2021-04-08 13:45:53,643 | numpy_client.py:260 | cached_clock: -1, curr_clock: 11
DEBUG flower 2021-04-08 13:45:54,910 | acc_variance.py:19 | AccuracyVariance: sample variance 0.00027282663250211334 (last 7 data)
DEBUG flower 2021-04-08 13:45:54,911 | numpy_client.py:201 | Not a switch point
INFO flower 2021-04-08 13:45:54,914 | numpy_client.py:205 | Cache is fresh, return FitRes(clock=11)
DEBUG flower 2021-04-08 13:46:03,379 | numpy_client.py:172 | fit, FitIns(clock=12)
DEBUG flower 2021-04-08 13:46:03,379 | numpy_client.py:260 | cached_clock: -1, curr_clock: 12
DEBUG flower 2021-04-08 13:46:04,609 | acc_variance.py:19 | AccuracyVariance: sample variance 0.00045791476723825635 (last 7 data)
DEBUG flower 2021-04-08 13:46:04,610 | numpy_client.py:201 | Not a switch point
INFO flower 2021-04-08 13:46:04,613 | numpy_client.py:205 | Cache is fresh, return FitRes(clock=12)
DEBUG flower 2021-04-08 13:46:04,636 | numpy_client.py:172 | fit, FitIns(clock=13)
DEBUG flower 2021-04-08 13:46:04,636 | numpy_client.py:260 | cached_clock: -1, curr_clock: 13
DEBUG flower 2021-04-08 13:46:05,909 | acc_variance.py:19 | AccuracyVariance: sample variance 0.00045791476723825635 (last 7 data)
DEBUG flower 2021-04-08 13:46:05,909 | numpy_client.py:201 | Not a switch point
INFO flower 2021-04-08 13:46:05,913 | numpy_client.py:205 | Cache is fresh, return FitRes(clock=13)
DEBUG flower 2021-04-08 13:46:05,935 | numpy_client.py:172 | fit, FitIns(clock=14)
DEBUG flower 2021-04-08 13:46:05,935 | numpy_client.py:260 | cached_clock: -1, curr_clock: 14
DEBUG flower 2021-04-08 13:46:07,290 | acc_variance.py:19 | AccuracyVariance: sample variance 0.0004292582417582419 (last 7 data)
DEBUG flower 2021-04-08 13:46:07,291 | numpy_client.py:201 | Not a switch point
INFO flower 2021-04-08 13:46:07,296 | numpy_client.py:205 | Cache is fresh, return FitRes(clock=14)
DEBUG flower 2021-04-08 13:46:07,319 | numpy_client.py:172 | fit, FitIns(clock=15)
DEBUG flower 2021-04-08 13:46:07,319 | numpy_client.py:260 | cached_clock: -1, curr_clock: 15
DEBUG flower 2021-04-08 13:46:08,611 | acc_variance.py:19 | AccuracyVariance: sample variance 0.00037147347844463237 (last 7 data)
DEBUG flower 2021-04-08 13:46:08,611 | numpy_client.py:201 | Not a switch point
INFO flower 2021-04-08 13:46:08,615 | numpy_client.py:205 | Cache is fresh, return FitRes(clock=15)
DEBUG flower 2021-04-08 13:46:17,044 | numpy_client.py:172 | fit, FitIns(clock=16)
DEBUG flower 2021-04-08 13:46:17,044 | numpy_client.py:260 | cached_clock: -1, curr_clock: 16
DEBUG flower 2021-04-08 13:46:18,391 | acc_variance.py:19 | AccuracyVariance: sample variance 0.00036929180880932263 (last 7 data)
DEBUG flower 2021-04-08 13:46:18,391 | numpy_client.py:201 | Not a switch point
INFO flower 2021-04-08 13:46:18,395 | numpy_client.py:205 | Cache is fresh, return FitRes(clock=16)
DEBUG flower 2021-04-08 13:46:18,479 | numpy_client.py:172 | fit, FitIns(clock=17)
DEBUG flower 2021-04-08 13:46:18,479 | numpy_client.py:260 | cached_clock: -1, curr_clock: 17
DEBUG flower 2021-04-08 13:46:19,700 | acc_variance.py:19 | AccuracyVariance: sample variance 0.0006339224391679748 (last 7 data)
DEBUG flower 2021-04-08 13:46:19,701 | numpy_client.py:201 | Not a switch point
INFO flower 2021-04-08 13:46:19,704 | numpy_client.py:205 | Cache is fresh, return FitRes(clock=17)
DEBUG flower 2021-04-08 13:46:19,726 | numpy_client.py:172 | fit, FitIns(clock=18)
DEBUG flower 2021-04-08 13:46:19,727 | numpy_client.py:260 | cached_clock: -1, curr_clock: 18
DEBUG flower 2021-04-08 13:46:20,917 | acc_variance.py:19 | AccuracyVariance: sample variance 0.0013598877513283424 (last 7 data)
DEBUG flower 2021-04-08 13:46:20,918 | numpy_client.py:201 | Not a switch point
INFO flower 2021-04-08 13:46:20,921 | numpy_client.py:205 | Cache is fresh, return FitRes(clock=18)
DEBUG flower 2021-04-08 13:46:20,942 | numpy_client.py:172 | fit, FitIns(clock=19)
DEBUG flower 2021-04-08 13:46:20,942 | numpy_client.py:260 | cached_clock: -1, curr_clock: 19
DEBUG flower 2021-04-08 13:46:22,322 | acc_variance.py:19 | AccuracyVariance: sample variance 0.0021629780332991185 (last 7 data)
DEBUG flower 2021-04-08 13:46:22,322 | numpy_client.py:201 | Not a switch point
INFO flower 2021-04-08 13:46:22,326 | numpy_client.py:205 | Cache is fresh, return FitRes(clock=19)
DEBUG flower 2021-04-08 13:46:29,876 | numpy_client.py:172 | fit, FitIns(clock=20)
DEBUG flower 2021-04-08 13:46:29,877 | numpy_client.py:260 | cached_clock: -1, curr_clock: 20
DEBUG flower 2021-04-08 13:46:31,088 | acc_variance.py:19 | AccuracyVariance: sample variance 0.0024884595572696533 (last 7 data)
DEBUG flower 2021-04-08 13:46:31,089 | numpy_client.py:201 | Not a switch point
INFO flower 2021-04-08 13:46:31,092 | numpy_client.py:205 | Cache is fresh, return FitRes(clock=20)
DEBUG flower 2021-04-08 13:46:31,115 | numpy_client.py:172 | fit, FitIns(clock=21)
DEBUG flower 2021-04-08 13:46:31,115 | numpy_client.py:260 | cached_clock: -1, curr_clock: 21
DEBUG flower 2021-04-08 13:46:32,309 | acc_variance.py:19 | AccuracyVariance: sample variance 0.002519592572605966 (last 7 data)
DEBUG flower 2021-04-08 13:46:32,309 | numpy_client.py:201 | Not a switch point
INFO flower 2021-04-08 13:46:32,313 | numpy_client.py:205 | Cache is fresh, return FitRes(clock=21)
DEBUG flower 2021-04-08 13:46:32,386 | numpy_client.py:172 | fit, FitIns(clock=22)
DEBUG flower 2021-04-08 13:46:32,386 | numpy_client.py:260 | cached_clock: -1, curr_clock: 22
DEBUG flower 2021-04-08 13:46:33,609 | acc_variance.py:19 | AccuracyVariance: sample variance 0.001886200809835769 (last 7 data)
DEBUG flower 2021-04-08 13:46:33,609 | numpy_client.py:201 | Not a switch point
INFO flower 2021-04-08 13:46:33,613 | numpy_client.py:205 | Cache is fresh, return FitRes(clock=22)
DEBUG flower 2021-04-08 13:46:33,635 | numpy_client.py:172 | fit, FitIns(clock=23)
DEBUG flower 2021-04-08 13:46:33,635 | numpy_client.py:260 | cached_clock: -1, curr_clock: 23
DEBUG flower 2021-04-08 13:46:34,822 | acc_variance.py:19 | AccuracyVariance: sample variance 0.0012879516174073183 (last 7 data)
DEBUG flower 2021-04-08 13:46:34,823 | numpy_client.py:201 | Not a switch point
INFO flower 2021-04-08 13:46:34,826 | numpy_client.py:205 | Cache is fresh, return FitRes(clock=23)
DEBUG flower 2021-04-08 13:46:43,321 | numpy_client.py:172 | fit, FitIns(clock=24)
DEBUG flower 2021-04-08 13:46:43,321 | numpy_client.py:260 | cached_clock: -1, curr_clock: 24
DEBUG flower 2021-04-08 13:46:44,598 | acc_variance.py:19 | AccuracyVariance: sample variance 0.0008749674518476027 (last 7 data)
DEBUG flower 2021-04-08 13:46:44,598 | numpy_client.py:201 | Not a switch point
INFO flower 2021-04-08 13:46:44,603 | numpy_client.py:205 | Cache is fresh, return FitRes(clock=24)
DEBUG flower 2021-04-08 13:46:44,626 | numpy_client.py:172 | fit, FitIns(clock=25)
DEBUG flower 2021-04-08 13:46:44,626 | numpy_client.py:260 | cached_clock: -1, curr_clock: 25
DEBUG flower 2021-04-08 13:46:45,816 | acc_variance.py:19 | AccuracyVariance: sample variance 0.0007212481886245625 (last 7 data)
DEBUG flower 2021-04-08 13:46:45,817 | numpy_client.py:201 | Not a switch point
INFO flower 2021-04-08 13:46:45,820 | numpy_client.py:205 | Cache is fresh, return FitRes(clock=25)
DEBUG flower 2021-04-08 13:46:45,845 | numpy_client.py:172 | fit, FitIns(clock=26)
DEBUG flower 2021-04-08 13:46:45,845 | numpy_client.py:260 | cached_clock: -1, curr_clock: 26
DEBUG flower 2021-04-08 13:46:47,107 | acc_variance.py:19 | AccuracyVariance: sample variance 0.000570300235478807 (last 7 data)
DEBUG flower 2021-04-08 13:46:47,107 | numpy_client.py:201 | Not a switch point
INFO flower 2021-04-08 13:46:47,110 | numpy_client.py:205 | Cache is fresh, return FitRes(clock=26)
DEBUG flower 2021-04-08 13:46:47,132 | numpy_client.py:172 | fit, FitIns(clock=27)
DEBUG flower 2021-04-08 13:46:47,132 | numpy_client.py:260 | cached_clock: -1, curr_clock: 27
DEBUG flower 2021-04-08 13:46:48,413 | acc_variance.py:19 | AccuracyVariance: sample variance 0.0005223035035019924 (last 7 data)
DEBUG flower 2021-04-08 13:46:48,414 | numpy_client.py:201 | Not a switch point
INFO flower 2021-04-08 13:46:48,417 | numpy_client.py:205 | Cache is fresh, return FitRes(clock=27)
DEBUG flower 2021-04-08 13:46:56,556 | numpy_client.py:172 | fit, FitIns(clock=28)
DEBUG flower 2021-04-08 13:46:56,557 | numpy_client.py:260 | cached_clock: -1, curr_clock: 28
INFO flower 2021-04-08 13:46:56,557 | numpy_client.py:184 | Cache is stale, return ReadIns
DEBUG flower 2021-04-08 13:46:56,581 | numpy_client.py:228 | read: ReadRes(clock=6)
DEBUG flower 2021-04-08 13:46:56,588 | numpy_client.py:172 | fit, FitIns(clock=28)
DEBUG flower 2021-04-08 13:46:56,588 | numpy_client.py:260 | cached_clock: 6, curr_clock: 28
DEBUG flower 2021-04-08 13:46:57,803 | acc_variance.py:19 | AccuracyVariance: sample variance 0.006296062711327134 (last 7 data)
DEBUG flower 2021-04-08 13:46:57,804 | numpy_client.py:201 | Not a switch point
INFO flower 2021-04-08 13:46:57,807 | numpy_client.py:205 | Cache is fresh, return FitRes(clock=28)
DEBUG flower 2021-04-08 13:46:57,831 | numpy_client.py:172 | fit, FitIns(clock=29)
DEBUG flower 2021-04-08 13:46:57,831 | numpy_client.py:260 | cached_clock: 6, curr_clock: 29
DEBUG flower 2021-04-08 13:46:59,090 | acc_variance.py:19 | AccuracyVariance: sample variance 0.007563141057088516 (last 7 data)
DEBUG flower 2021-04-08 13:46:59,091 | numpy_client.py:201 | Not a switch point
INFO flower 2021-04-08 13:46:59,095 | numpy_client.py:205 | Cache is fresh, return FitRes(clock=29)
DEBUG flower 2021-04-08 13:46:59,116 | numpy_client.py:172 | fit, FitIns(clock=30)
DEBUG flower 2021-04-08 13:46:59,116 | numpy_client.py:260 | cached_clock: 6, curr_clock: 30
DEBUG flower 2021-04-08 13:47:00,330 | acc_variance.py:19 | AccuracyVariance: sample variance 0.008304672876917038 (last 7 data)
DEBUG flower 2021-04-08 13:47:00,387 | numpy_client.py:201 | Not a switch point
INFO flower 2021-04-08 13:47:00,390 | numpy_client.py:205 | Cache is fresh, return FitRes(clock=30)
DEBUG flower 2021-04-08 13:47:00,411 | numpy_client.py:172 | fit, FitIns(clock=31)
DEBUG flower 2021-04-08 13:47:00,411 | numpy_client.py:260 | cached_clock: 6, curr_clock: 31
DEBUG flower 2021-04-08 13:47:01,638 | acc_variance.py:19 | AccuracyVariance: sample variance 0.008142167971108562 (last 7 data)
DEBUG flower 2021-04-08 13:47:01,638 | numpy_client.py:201 | Not a switch point
INFO flower 2021-04-08 13:47:01,690 | numpy_client.py:205 | Cache is fresh, return FitRes(clock=31)
DEBUG flower 2021-04-08 13:47:10,023 | numpy_client.py:172 | fit, FitIns(clock=32)
DEBUG flower 2021-04-08 13:47:10,024 | numpy_client.py:260 | cached_clock: 6, curr_clock: 32
DEBUG flower 2021-04-08 13:47:11,308 | acc_variance.py:19 | AccuracyVariance: sample variance 0.0072081775110192006 (last 7 data)
DEBUG flower 2021-04-08 13:47:11,308 | numpy_client.py:201 | Not a switch point
INFO flower 2021-04-08 13:47:11,311 | numpy_client.py:205 | Cache is fresh, return FitRes(clock=32)
DEBUG flower 2021-04-08 13:47:11,333 | numpy_client.py:172 | fit, FitIns(clock=33)
DEBUG flower 2021-04-08 13:47:11,334 | numpy_client.py:260 | cached_clock: 6, curr_clock: 33
DEBUG flower 2021-04-08 13:47:12,534 | acc_variance.py:19 | AccuracyVariance: sample variance 0.004832339278166888 (last 7 data)
DEBUG flower 2021-04-08 13:47:12,535 | numpy_client.py:201 | Not a switch point
INFO flower 2021-04-08 13:47:12,587 | numpy_client.py:205 | Cache is fresh, return FitRes(clock=33)
DEBUG flower 2021-04-08 13:47:12,685 | numpy_client.py:172 | fit, FitIns(clock=34)
DEBUG flower 2021-04-08 13:47:12,685 | numpy_client.py:260 | cached_clock: 6, curr_clock: 34
DEBUG flower 2021-04-08 13:47:13,889 | acc_variance.py:19 | AccuracyVariance: sample variance 0.0014402557435696168 (last 7 data)
DEBUG flower 2021-04-08 13:47:13,890 | numpy_client.py:201 | Not a switch point
INFO flower 2021-04-08 13:47:13,894 | numpy_client.py:205 | Cache is fresh, return FitRes(clock=34)
DEBUG flower 2021-04-08 13:47:13,917 | numpy_client.py:172 | fit, FitIns(clock=35)
DEBUG flower 2021-04-08 13:47:13,918 | numpy_client.py:260 | cached_clock: 6, curr_clock: 35
INFO flower 2021-04-08 13:47:13,918 | numpy_client.py:184 | Cache is stale, return ReadIns
DEBUG flower 2021-04-08 13:47:13,932 | numpy_client.py:228 | read: ReadRes(clock=7)
DEBUG flower 2021-04-08 13:47:13,939 | numpy_client.py:172 | fit, FitIns(clock=35)
DEBUG flower 2021-04-08 13:47:13,939 | numpy_client.py:260 | cached_clock: 7, curr_clock: 35
DEBUG flower 2021-04-08 13:47:15,118 | acc_variance.py:19 | AccuracyVariance: sample variance 0.001574811692428451 (last 7 data)
DEBUG flower 2021-04-08 13:47:15,118 | numpy_client.py:201 | Not a switch point
INFO flower 2021-04-08 13:47:15,122 | numpy_client.py:205 | Cache is fresh, return FitRes(clock=35)
DEBUG flower 2021-04-08 13:47:23,216 | numpy_client.py:172 | fit, FitIns(clock=36)
DEBUG flower 2021-04-08 13:47:23,216 | numpy_client.py:260 | cached_clock: 7, curr_clock: 36
INFO flower 2021-04-08 13:47:23,216 | numpy_client.py:184 | Cache is stale, return ReadIns
DEBUG flower 2021-04-08 13:47:23,288 | numpy_client.py:228 | read: ReadRes(clock=8)
DEBUG flower 2021-04-08 13:47:23,295 | numpy_client.py:172 | fit, FitIns(clock=36)
DEBUG flower 2021-04-08 13:47:23,295 | numpy_client.py:260 | cached_clock: 8, curr_clock: 36
DEBUG flower 2021-04-08 13:47:24,517 | acc_variance.py:19 | AccuracyVariance: sample variance 0.0019406835866743158 (last 7 data)
DEBUG flower 2021-04-08 13:47:24,517 | numpy_client.py:201 | Not a switch point
INFO flower 2021-04-08 13:47:24,520 | numpy_client.py:205 | Cache is fresh, return FitRes(clock=36)
DEBUG flower 2021-04-08 13:47:24,551 | numpy_client.py:172 | fit, FitIns(clock=37)
DEBUG flower 2021-04-08 13:47:24,551 | numpy_client.py:260 | cached_clock: 8, curr_clock: 37
INFO flower 2021-04-08 13:47:24,551 | numpy_client.py:184 | Cache is stale, return ReadIns
DEBUG flower 2021-04-08 13:47:27,454 | numpy_client.py:228 | read: ReadRes(clock=9)
DEBUG flower 2021-04-08 13:47:27,461 | numpy_client.py:172 | fit, FitIns(clock=37)
DEBUG flower 2021-04-08 13:47:27,461 | numpy_client.py:260 | cached_clock: 9, curr_clock: 37
DEBUG flower 2021-04-08 13:47:28,811 | acc_variance.py:19 | AccuracyVariance: sample variance 0.004291285208610072 (last 7 data)
DEBUG flower 2021-04-08 13:47:28,811 | numpy_client.py:201 | Not a switch point
INFO flower 2021-04-08 13:47:28,815 | numpy_client.py:205 | Cache is fresh, return FitRes(clock=37)
DEBUG flower 2021-04-08 13:47:36,551 | numpy_client.py:172 | fit, FitIns(clock=38)
DEBUG flower 2021-04-08 13:47:36,551 | numpy_client.py:260 | cached_clock: 9, curr_clock: 38
INFO flower 2021-04-08 13:47:36,551 | numpy_client.py:184 | Cache is stale, return ReadIns
DEBUG flower 2021-04-08 13:47:40,688 | numpy_client.py:228 | read: ReadRes(clock=10)
DEBUG flower 2021-04-08 13:47:40,695 | numpy_client.py:172 | fit, FitIns(clock=38)
DEBUG flower 2021-04-08 13:47:40,695 | numpy_client.py:260 | cached_clock: 10, curr_clock: 38
DEBUG flower 2021-04-08 13:47:41,909 | acc_variance.py:19 | AccuracyVariance: sample variance 0.014002840180080908 (last 7 data)
DEBUG flower 2021-04-08 13:47:41,909 | numpy_client.py:201 | Not a switch point
INFO flower 2021-04-08 13:47:41,912 | numpy_client.py:205 | Cache is fresh, return FitRes(clock=38)
DEBUG flower 2021-04-08 13:47:49,628 | numpy_client.py:172 | fit, FitIns(clock=39)
DEBUG flower 2021-04-08 13:47:49,628 | numpy_client.py:260 | cached_clock: 10, curr_clock: 39
INFO flower 2021-04-08 13:47:49,629 | numpy_client.py:184 | Cache is stale, return ReadIns
DEBUG flower 2021-04-08 13:47:54,322 | numpy_client.py:228 | read: ReadRes(clock=11)
DEBUG flower 2021-04-08 13:47:54,329 | numpy_client.py:172 | fit, FitIns(clock=39)
DEBUG flower 2021-04-08 13:47:54,330 | numpy_client.py:260 | cached_clock: 11, curr_clock: 39
DEBUG flower 2021-04-08 13:47:55,603 | acc_variance.py:19 | AccuracyVariance: sample variance 0.014191525121513102 (last 7 data)
DEBUG flower 2021-04-08 13:47:55,603 | numpy_client.py:201 | Not a switch point
INFO flower 2021-04-08 13:47:55,606 | numpy_client.py:205 | Cache is fresh, return FitRes(clock=39)
DEBUG flower 2021-04-08 13:48:03,489 | numpy_client.py:172 | fit, FitIns(clock=40)
DEBUG flower 2021-04-08 13:48:03,490 | numpy_client.py:260 | cached_clock: 11, curr_clock: 40
INFO flower 2021-04-08 13:48:03,490 | numpy_client.py:184 | Cache is stale, return ReadIns
DEBUG flower 2021-04-08 13:48:07,687 | numpy_client.py:228 | read: ReadRes(clock=12)
DEBUG flower 2021-04-08 13:48:07,694 | numpy_client.py:172 | fit, FitIns(clock=40)
DEBUG flower 2021-04-08 13:48:07,694 | numpy_client.py:260 | cached_clock: 12, curr_clock: 40
DEBUG flower 2021-04-08 13:48:08,987 | acc_variance.py:19 | AccuracyVariance: sample variance 0.014281032540604999 (last 7 data)
DEBUG flower 2021-04-08 13:48:08,987 | numpy_client.py:201 | Not a switch point
INFO flower 2021-04-08 13:48:08,992 | numpy_client.py:205 | Cache is fresh, return FitRes(clock=40)
DEBUG flower 2021-04-08 13:48:16,614 | numpy_client.py:172 | fit, FitIns(clock=41)
DEBUG flower 2021-04-08 13:48:16,614 | numpy_client.py:260 | cached_clock: 12, curr_clock: 41
INFO flower 2021-04-08 13:48:16,615 | numpy_client.py:184 | Cache is stale, return ReadIns
DEBUG flower 2021-04-08 13:48:20,803 | numpy_client.py:228 | read: ReadRes(clock=13)
DEBUG flower 2021-04-08 13:48:20,810 | numpy_client.py:172 | fit, FitIns(clock=41)
DEBUG flower 2021-04-08 13:48:20,811 | numpy_client.py:260 | cached_clock: 13, curr_clock: 41
DEBUG flower 2021-04-08 13:48:22,090 | acc_variance.py:19 | AccuracyVariance: sample variance 0.013776889962715854 (last 7 data)
DEBUG flower 2021-04-08 13:48:22,090 | numpy_client.py:201 | Not a switch point
INFO flower 2021-04-08 13:48:22,094 | numpy_client.py:205 | Cache is fresh, return FitRes(clock=41)
DEBUG flower 2021-04-08 13:48:29,694 | numpy_client.py:172 | fit, FitIns(clock=42)
DEBUG flower 2021-04-08 13:48:29,694 | numpy_client.py:260 | cached_clock: 13, curr_clock: 42
INFO flower 2021-04-08 13:48:29,694 | numpy_client.py:184 | Cache is stale, return ReadIns
DEBUG flower 2021-04-08 13:48:33,989 | numpy_client.py:228 | read: ReadRes(clock=14)
DEBUG flower 2021-04-08 13:48:33,996 | numpy_client.py:172 | fit, FitIns(clock=42)
DEBUG flower 2021-04-08 13:48:33,996 | numpy_client.py:260 | cached_clock: 14, curr_clock: 42
DEBUG flower 2021-04-08 13:48:35,215 | acc_variance.py:19 | AccuracyVariance: sample variance 0.01651282161348267 (last 7 data)
DEBUG flower 2021-04-08 13:48:35,216 | numpy_client.py:201 | Not a switch point
INFO flower 2021-04-08 13:48:35,219 | numpy_client.py:205 | Cache is fresh, return FitRes(clock=42)
DEBUG flower 2021-04-08 13:48:42,935 | numpy_client.py:172 | fit, FitIns(clock=43)
DEBUG flower 2021-04-08 13:48:42,935 | numpy_client.py:260 | cached_clock: 14, curr_clock: 43
INFO flower 2021-04-08 13:48:42,935 | numpy_client.py:184 | Cache is stale, return ReadIns
DEBUG flower 2021-04-08 13:48:47,520 | numpy_client.py:228 | read: ReadRes(clock=15)
DEBUG flower 2021-04-08 13:48:47,527 | numpy_client.py:172 | fit, FitIns(clock=43)
DEBUG flower 2021-04-08 13:48:47,527 | numpy_client.py:260 | cached_clock: 15, curr_clock: 43
DEBUG flower 2021-04-08 13:48:48,720 | acc_variance.py:19 | AccuracyVariance: sample variance 0.015186189583081754 (last 7 data)
DEBUG flower 2021-04-08 13:48:48,721 | numpy_client.py:201 | Not a switch point
INFO flower 2021-04-08 13:48:48,724 | numpy_client.py:205 | Cache is fresh, return FitRes(clock=43)
DEBUG flower 2021-04-08 13:48:56,988 | numpy_client.py:172 | fit, FitIns(clock=44)
DEBUG flower 2021-04-08 13:48:56,988 | numpy_client.py:260 | cached_clock: 15, curr_clock: 44
INFO flower 2021-04-08 13:48:56,988 | numpy_client.py:184 | Cache is stale, return ReadIns
DEBUG flower 2021-04-08 13:49:01,941 | numpy_client.py:228 | read: ReadRes(clock=16)
DEBUG flower 2021-04-08 13:49:01,948 | numpy_client.py:172 | fit, FitIns(clock=44)
DEBUG flower 2021-04-08 13:49:01,949 | numpy_client.py:260 | cached_clock: 16, curr_clock: 44
DEBUG flower 2021-04-08 13:49:03,218 | acc_variance.py:19 | AccuracyVariance: sample variance 0.014549554797880688 (last 7 data)
DEBUG flower 2021-04-08 13:49:03,287 | numpy_client.py:201 | Not a switch point
INFO flower 2021-04-08 13:49:03,290 | numpy_client.py:205 | Cache is fresh, return FitRes(clock=44)
DEBUG flower 2021-04-08 13:49:12,247 | numpy_client.py:172 | fit, FitIns(clock=45)
DEBUG flower 2021-04-08 13:49:12,248 | numpy_client.py:260 | cached_clock: 16, curr_clock: 45
INFO flower 2021-04-08 13:49:12,248 | numpy_client.py:184 | Cache is stale, return ReadIns
DEBUG flower 2021-04-08 13:49:16,789 | numpy_client.py:228 | read: ReadRes(clock=17)
DEBUG flower 2021-04-08 13:49:16,796 | numpy_client.py:172 | fit, FitIns(clock=45)
DEBUG flower 2021-04-08 13:49:16,796 | numpy_client.py:260 | cached_clock: 17, curr_clock: 45
DEBUG flower 2021-04-08 13:49:18,103 | acc_variance.py:19 | AccuracyVariance: sample variance 0.009412607267389206 (last 7 data)
DEBUG flower 2021-04-08 13:49:18,104 | numpy_client.py:201 | Not a switch point
INFO flower 2021-04-08 13:49:18,107 | numpy_client.py:205 | Cache is fresh, return FitRes(clock=45)
DEBUG flower 2021-04-08 13:49:25,740 | numpy_client.py:172 | fit, FitIns(clock=46)
DEBUG flower 2021-04-08 13:49:25,740 | numpy_client.py:260 | cached_clock: 17, curr_clock: 46
INFO flower 2021-04-08 13:49:25,740 | numpy_client.py:184 | Cache is stale, return ReadIns
DEBUG flower 2021-04-08 13:49:29,992 | numpy_client.py:228 | read: ReadRes(clock=18)
DEBUG flower 2021-04-08 13:49:30,000 | numpy_client.py:172 | fit, FitIns(clock=46)
DEBUG flower 2021-04-08 13:49:30,000 | numpy_client.py:260 | cached_clock: 18, curr_clock: 46
DEBUG flower 2021-04-08 13:49:31,211 | acc_variance.py:19 | AccuracyVariance: sample variance 0.011491915321971982 (last 7 data)
DEBUG flower 2021-04-08 13:49:31,211 | numpy_client.py:201 | Not a switch point
INFO flower 2021-04-08 13:49:31,215 | numpy_client.py:205 | Cache is fresh, return FitRes(clock=46)
DEBUG flower 2021-04-08 13:49:38,777 | numpy_client.py:172 | fit, FitIns(clock=47)
DEBUG flower 2021-04-08 13:49:38,777 | numpy_client.py:260 | cached_clock: 18, curr_clock: 47
INFO flower 2021-04-08 13:49:38,777 | numpy_client.py:184 | Cache is stale, return ReadIns
DEBUG flower 2021-04-08 13:49:43,399 | numpy_client.py:228 | read: ReadRes(clock=19)
DEBUG flower 2021-04-08 13:49:43,406 | numpy_client.py:172 | fit, FitIns(clock=47)
DEBUG flower 2021-04-08 13:49:43,406 | numpy_client.py:260 | cached_clock: 19, curr_clock: 47
DEBUG flower 2021-04-08 13:49:44,609 | acc_variance.py:19 | AccuracyVariance: sample variance 0.01930535874667914 (last 7 data)
DEBUG flower 2021-04-08 13:49:44,610 | numpy_client.py:201 | Not a switch point
INFO flower 2021-04-08 13:49:44,614 | numpy_client.py:205 | Cache is fresh, return FitRes(clock=47)
DEBUG flower 2021-04-08 13:49:52,263 | numpy_client.py:172 | fit, FitIns(clock=48)
DEBUG flower 2021-04-08 13:49:52,263 | numpy_client.py:260 | cached_clock: 19, curr_clock: 48
INFO flower 2021-04-08 13:49:52,263 | numpy_client.py:184 | Cache is stale, return ReadIns
DEBUG flower 2021-04-08 13:49:57,110 | numpy_client.py:228 | read: ReadRes(clock=20)
DEBUG flower 2021-04-08 13:49:57,118 | numpy_client.py:172 | fit, FitIns(clock=48)
DEBUG flower 2021-04-08 13:49:57,118 | numpy_client.py:260 | cached_clock: 20, curr_clock: 48
DEBUG flower 2021-04-08 13:49:58,422 | acc_variance.py:19 | AccuracyVariance: sample variance 0.024453627373656563 (last 7 data)
DEBUG flower 2021-04-08 13:49:58,423 | numpy_client.py:201 | Not a switch point
INFO flower 2021-04-08 13:49:58,426 | numpy_client.py:205 | Cache is fresh, return FitRes(clock=48)
DEBUG flower 2021-04-08 13:50:06,272 | numpy_client.py:172 | fit, FitIns(clock=49)
DEBUG flower 2021-04-08 13:50:06,272 | numpy_client.py:260 | cached_clock: 20, curr_clock: 49
INFO flower 2021-04-08 13:50:06,272 | numpy_client.py:184 | Cache is stale, return ReadIns
DEBUG flower 2021-04-08 13:50:10,897 | numpy_client.py:228 | read: ReadRes(clock=21)
DEBUG flower 2021-04-08 13:50:10,904 | numpy_client.py:172 | fit, FitIns(clock=49)
DEBUG flower 2021-04-08 13:50:10,904 | numpy_client.py:260 | cached_clock: 21, curr_clock: 49
DEBUG flower 2021-04-08 13:50:12,126 | acc_variance.py:19 | AccuracyVariance: sample variance 0.024688068413386062 (last 7 data)
DEBUG flower 2021-04-08 13:50:12,126 | numpy_client.py:201 | Not a switch point
INFO flower 2021-04-08 13:50:12,129 | numpy_client.py:205 | Cache is fresh, return FitRes(clock=49)
DEBUG flower 2021-04-08 13:50:19,466 | numpy_client.py:172 | fit, FitIns(clock=50)
DEBUG flower 2021-04-08 13:50:19,466 | numpy_client.py:260 | cached_clock: 21, curr_clock: 50
INFO flower 2021-04-08 13:50:19,467 | numpy_client.py:184 | Cache is stale, return ReadIns
DEBUG flower 2021-04-08 13:50:23,872 | numpy_client.py:228 | read: ReadRes(clock=22)
DEBUG flower 2021-04-08 13:50:23,892 | numpy_client.py:172 | fit, FitIns(clock=50)
DEBUG flower 2021-04-08 13:50:23,892 | numpy_client.py:260 | cached_clock: 22, curr_clock: 50
DEBUG flower 2021-04-08 13:50:25,189 | acc_variance.py:19 | AccuracyVariance: sample variance 0.019543514521193094 (last 7 data)
DEBUG flower 2021-04-08 13:50:25,189 | numpy_client.py:201 | Not a switch point
INFO flower 2021-04-08 13:50:25,192 | numpy_client.py:205 | Cache is fresh, return FitRes(clock=50)
DEBUG flower 2021-04-08 13:50:32,608 | numpy_client.py:172 | fit, FitIns(clock=51)
DEBUG flower 2021-04-08 13:50:32,608 | numpy_client.py:260 | cached_clock: 22, curr_clock: 51
INFO flower 2021-04-08 13:50:32,608 | numpy_client.py:184 | Cache is stale, return ReadIns
DEBUG flower 2021-04-08 13:50:36,891 | numpy_client.py:228 | read: ReadRes(clock=23)
DEBUG flower 2021-04-08 13:50:36,898 | numpy_client.py:172 | fit, FitIns(clock=51)
DEBUG flower 2021-04-08 13:50:36,898 | numpy_client.py:260 | cached_clock: 23, curr_clock: 51
DEBUG flower 2021-04-08 13:50:38,192 | acc_variance.py:19 | AccuracyVariance: sample variance 0.020701981097542566 (last 7 data)
DEBUG flower 2021-04-08 13:50:38,193 | numpy_client.py:201 | Not a switch point
INFO flower 2021-04-08 13:50:38,198 | numpy_client.py:205 | Cache is fresh, return FitRes(clock=51)
DEBUG flower 2021-04-08 13:50:45,847 | numpy_client.py:172 | fit, FitIns(clock=52)
DEBUG flower 2021-04-08 13:50:45,847 | numpy_client.py:260 | cached_clock: 23, curr_clock: 52
INFO flower 2021-04-08 13:50:45,847 | numpy_client.py:184 | Cache is stale, return ReadIns
DEBUG flower 2021-04-08 13:50:50,352 | numpy_client.py:228 | read: ReadRes(clock=24)
DEBUG flower 2021-04-08 13:50:50,359 | numpy_client.py:172 | fit, FitIns(clock=52)
DEBUG flower 2021-04-08 13:50:50,359 | numpy_client.py:260 | cached_clock: 24, curr_clock: 52
DEBUG flower 2021-04-08 13:50:51,626 | acc_variance.py:19 | AccuracyVariance: sample variance 0.0341047441998249 (last 7 data)
DEBUG flower 2021-04-08 13:50:51,626 | numpy_client.py:201 | Not a switch point
INFO flower 2021-04-08 13:50:51,629 | numpy_client.py:205 | Cache is fresh, return FitRes(clock=52)
DEBUG flower 2021-04-08 13:50:59,549 | numpy_client.py:172 | fit, FitIns(clock=53)
DEBUG flower 2021-04-08 13:50:59,550 | numpy_client.py:260 | cached_clock: 24, curr_clock: 53
INFO flower 2021-04-08 13:50:59,550 | numpy_client.py:184 | Cache is stale, return ReadIns
DEBUG flower 2021-04-08 13:51:04,688 | numpy_client.py:228 | read: ReadRes(clock=25)
DEBUG flower 2021-04-08 13:51:04,695 | numpy_client.py:172 | fit, FitIns(clock=53)
DEBUG flower 2021-04-08 13:51:04,695 | numpy_client.py:260 | cached_clock: 25, curr_clock: 53
DEBUG flower 2021-04-08 13:51:05,990 | acc_variance.py:19 | AccuracyVariance: sample variance 0.034066889283450065 (last 7 data)
DEBUG flower 2021-04-08 13:51:05,990 | numpy_client.py:201 | Not a switch point
INFO flower 2021-04-08 13:51:05,995 | numpy_client.py:205 | Cache is fresh, return FitRes(clock=53)
DEBUG flower 2021-04-08 13:51:14,075 | numpy_client.py:172 | fit, FitIns(clock=54)
DEBUG flower 2021-04-08 13:51:14,076 | numpy_client.py:260 | cached_clock: 25, curr_clock: 54
INFO flower 2021-04-08 13:51:14,076 | numpy_client.py:184 | Cache is stale, return ReadIns
DEBUG flower 2021-04-08 13:51:18,659 | numpy_client.py:228 | read: ReadRes(clock=26)
DEBUG flower 2021-04-08 13:51:18,667 | numpy_client.py:172 | fit, FitIns(clock=54)
DEBUG flower 2021-04-08 13:51:18,667 | numpy_client.py:260 | cached_clock: 26, curr_clock: 54
DEBUG flower 2021-04-08 13:51:19,899 | acc_variance.py:19 | AccuracyVariance: sample variance 0.027268806699824896 (last 7 data)
DEBUG flower 2021-04-08 13:51:19,899 | numpy_client.py:201 | Not a switch point
INFO flower 2021-04-08 13:51:19,903 | numpy_client.py:205 | Cache is fresh, return FitRes(clock=54)
DEBUG flower 2021-04-08 13:51:27,183 | numpy_client.py:172 | fit, FitIns(clock=55)
DEBUG flower 2021-04-08 13:51:27,184 | numpy_client.py:260 | cached_clock: 26, curr_clock: 55
INFO flower 2021-04-08 13:51:27,184 | numpy_client.py:184 | Cache is stale, return ReadIns
DEBUG flower 2021-04-08 13:51:32,018 | numpy_client.py:228 | read: ReadRes(clock=27)
DEBUG flower 2021-04-08 13:51:32,025 | numpy_client.py:172 | fit, FitIns(clock=55)
DEBUG flower 2021-04-08 13:51:32,025 | numpy_client.py:260 | cached_clock: 27, curr_clock: 55
DEBUG flower 2021-04-08 13:51:33,298 | acc_variance.py:19 | AccuracyVariance: sample variance 0.02581569679462021 (last 7 data)
DEBUG flower 2021-04-08 13:51:33,298 | numpy_client.py:201 | Not a switch point
INFO flower 2021-04-08 13:51:33,302 | numpy_client.py:205 | Cache is fresh, return FitRes(clock=55)
DEBUG flower 2021-04-08 13:51:41,390 | numpy_client.py:172 | fit, FitIns(clock=56)
DEBUG flower 2021-04-08 13:51:41,390 | numpy_client.py:260 | cached_clock: 27, curr_clock: 56
INFO flower 2021-04-08 13:51:41,391 | numpy_client.py:184 | Cache is stale, return ReadIns
DEBUG flower 2021-04-08 13:51:45,759 | numpy_client.py:228 | read: ReadRes(clock=28)
DEBUG flower 2021-04-08 13:51:45,766 | numpy_client.py:172 | fit, FitIns(clock=56)
DEBUG flower 2021-04-08 13:51:45,766 | numpy_client.py:260 | cached_clock: 28, curr_clock: 56
DEBUG flower 2021-04-08 13:51:46,927 | acc_variance.py:19 | AccuracyVariance: sample variance 0.026886719693424703 (last 7 data)
DEBUG flower 2021-04-08 13:51:46,928 | numpy_client.py:201 | Not a switch point
INFO flower 2021-04-08 13:51:46,988 | numpy_client.py:205 | Cache is fresh, return FitRes(clock=56)
DEBUG flower 2021-04-08 13:51:54,128 | numpy_client.py:172 | fit, FitIns(clock=57)
DEBUG flower 2021-04-08 13:51:54,129 | numpy_client.py:260 | cached_clock: 28, curr_clock: 57
INFO flower 2021-04-08 13:51:54,129 | numpy_client.py:184 | Cache is stale, return ReadIns
DEBUG flower 2021-04-08 13:51:58,828 | numpy_client.py:228 | read: ReadRes(clock=29)
DEBUG flower 2021-04-08 13:51:58,835 | numpy_client.py:172 | fit, FitIns(clock=57)
DEBUG flower 2021-04-08 13:51:58,835 | numpy_client.py:260 | cached_clock: 29, curr_clock: 57
DEBUG flower 2021-04-08 13:52:00,091 | acc_variance.py:19 | AccuracyVariance: sample variance 0.02764617658268929 (last 7 data)
DEBUG flower 2021-04-08 13:52:00,092 | numpy_client.py:201 | Not a switch point
INFO flower 2021-04-08 13:52:00,097 | numpy_client.py:205 | Cache is fresh, return FitRes(clock=57)
DEBUG flower 2021-04-08 13:52:07,596 | numpy_client.py:172 | fit, FitIns(clock=58)
DEBUG flower 2021-04-08 13:52:07,596 | numpy_client.py:260 | cached_clock: 29, curr_clock: 58
INFO flower 2021-04-08 13:52:07,596 | numpy_client.py:184 | Cache is stale, return ReadIns
DEBUG flower 2021-04-08 13:52:12,346 | numpy_client.py:228 | read: ReadRes(clock=30)
DEBUG flower 2021-04-08 13:52:12,353 | numpy_client.py:172 | fit, FitIns(clock=58)
DEBUG flower 2021-04-08 13:52:12,353 | numpy_client.py:260 | cached_clock: 30, curr_clock: 58
DEBUG flower 2021-04-08 13:52:13,610 | acc_variance.py:19 | AccuracyVariance: sample variance 0.020275612093950002 (last 7 data)
DEBUG flower 2021-04-08 13:52:13,610 | numpy_client.py:201 | Not a switch point
INFO flower 2021-04-08 13:52:13,613 | numpy_client.py:205 | Cache is fresh, return FitRes(clock=58)
DEBUG flower 2021-04-08 13:52:21,628 | numpy_client.py:172 | fit, FitIns(clock=59)
DEBUG flower 2021-04-08 13:52:21,628 | numpy_client.py:260 | cached_clock: 30, curr_clock: 59
INFO flower 2021-04-08 13:52:21,628 | numpy_client.py:184 | Cache is stale, return ReadIns
DEBUG flower 2021-04-08 13:52:26,338 | numpy_client.py:228 | read: ReadRes(clock=31)
DEBUG flower 2021-04-08 13:52:26,389 | numpy_client.py:172 | fit, FitIns(clock=59)
DEBUG flower 2021-04-08 13:52:26,389 | numpy_client.py:260 | cached_clock: 31, curr_clock: 59
DEBUG flower 2021-04-08 13:52:27,718 | acc_variance.py:19 | AccuracyVariance: sample variance 0.014569779465040456 (last 7 data)
DEBUG flower 2021-04-08 13:52:27,719 | numpy_client.py:201 | Not a switch point
INFO flower 2021-04-08 13:52:27,722 | numpy_client.py:205 | Cache is fresh, return FitRes(clock=59)
DEBUG flower 2021-04-08 13:52:34,819 | numpy_client.py:172 | fit, FitIns(clock=60)
DEBUG flower 2021-04-08 13:52:34,819 | numpy_client.py:260 | cached_clock: 31, curr_clock: 60
INFO flower 2021-04-08 13:52:34,819 | numpy_client.py:184 | Cache is stale, return ReadIns
DEBUG flower 2021-04-08 13:52:39,768 | numpy_client.py:228 | read: ReadRes(clock=32)
DEBUG flower 2021-04-08 13:52:39,776 | numpy_client.py:172 | fit, FitIns(clock=60)
DEBUG flower 2021-04-08 13:52:39,776 | numpy_client.py:260 | cached_clock: 32, curr_clock: 60
DEBUG flower 2021-04-08 13:52:41,089 | acc_variance.py:19 | AccuracyVariance: sample variance 0.014281799073179571 (last 7 data)
DEBUG flower 2021-04-08 13:52:41,089 | numpy_client.py:201 | Not a switch point
INFO flower 2021-04-08 13:52:41,093 | numpy_client.py:205 | Cache is fresh, return FitRes(clock=60)
DEBUG flower 2021-04-08 13:52:48,585 | numpy_client.py:172 | fit, FitIns(clock=61)
DEBUG flower 2021-04-08 13:52:48,586 | numpy_client.py:260 | cached_clock: 32, curr_clock: 61
INFO flower 2021-04-08 13:52:48,586 | numpy_client.py:184 | Cache is stale, return ReadIns
DEBUG flower 2021-04-08 13:52:53,818 | numpy_client.py:228 | read: ReadRes(clock=33)
DEBUG flower 2021-04-08 13:52:53,825 | numpy_client.py:172 | fit, FitIns(clock=61)
DEBUG flower 2021-04-08 13:52:53,825 | numpy_client.py:260 | cached_clock: 33, curr_clock: 61
DEBUG flower 2021-04-08 13:52:55,090 | acc_variance.py:19 | AccuracyVariance: sample variance 0.017325699926790238 (last 7 data)
DEBUG flower 2021-04-08 13:52:55,090 | numpy_client.py:201 | Not a switch point
INFO flower 2021-04-08 13:52:55,093 | numpy_client.py:205 | Cache is fresh, return FitRes(clock=61)
DEBUG flower 2021-04-08 13:53:02,717 | numpy_client.py:172 | fit, FitIns(clock=62)
DEBUG flower 2021-04-08 13:53:02,717 | numpy_client.py:260 | cached_clock: 33, curr_clock: 62
INFO flower 2021-04-08 13:53:02,718 | numpy_client.py:184 | Cache is stale, return ReadIns
DEBUG flower 2021-04-08 13:53:07,650 | numpy_client.py:228 | read: ReadRes(clock=34)
DEBUG flower 2021-04-08 13:53:07,657 | numpy_client.py:172 | fit, FitIns(clock=62)
DEBUG flower 2021-04-08 13:53:07,657 | numpy_client.py:260 | cached_clock: 34, curr_clock: 62
DEBUG flower 2021-04-08 13:53:08,893 | acc_variance.py:19 | AccuracyVariance: sample variance 0.018286813847210485 (last 7 data)
DEBUG flower 2021-04-08 13:53:08,893 | numpy_client.py:201 | Not a switch point
INFO flower 2021-04-08 13:53:08,898 | numpy_client.py:205 | Cache is fresh, return FitRes(clock=62)
DEBUG flower 2021-04-08 13:53:16,712 | numpy_client.py:172 | fit, FitIns(clock=63)
DEBUG flower 2021-04-08 13:53:16,712 | numpy_client.py:260 | cached_clock: 34, curr_clock: 63
INFO flower 2021-04-08 13:53:16,712 | numpy_client.py:184 | Cache is stale, return ReadIns
DEBUG flower 2021-04-08 13:53:21,569 | numpy_client.py:228 | read: ReadRes(clock=35)
DEBUG flower 2021-04-08 13:53:21,593 | numpy_client.py:172 | fit, FitIns(clock=63)
DEBUG flower 2021-04-08 13:53:21,593 | numpy_client.py:260 | cached_clock: 35, curr_clock: 63
DEBUG flower 2021-04-08 13:53:22,916 | acc_variance.py:19 | AccuracyVariance: sample variance 0.01539238684564063 (last 7 data)
DEBUG flower 2021-04-08 13:53:22,916 | numpy_client.py:201 | Not a switch point
INFO flower 2021-04-08 13:53:22,920 | numpy_client.py:205 | Cache is fresh, return FitRes(clock=63)
DEBUG flower 2021-04-08 13:53:30,331 | numpy_client.py:172 | fit, FitIns(clock=64)
DEBUG flower 2021-04-08 13:53:30,331 | numpy_client.py:260 | cached_clock: 35, curr_clock: 64
INFO flower 2021-04-08 13:53:30,331 | numpy_client.py:184 | Cache is stale, return ReadIns
DEBUG flower 2021-04-08 13:53:35,034 | numpy_client.py:228 | read: ReadRes(clock=36)
DEBUG flower 2021-04-08 13:53:35,041 | numpy_client.py:172 | fit, FitIns(clock=64)
DEBUG flower 2021-04-08 13:53:35,041 | numpy_client.py:260 | cached_clock: 36, curr_clock: 64
DEBUG flower 2021-04-08 13:53:36,241 | acc_variance.py:19 | AccuracyVariance: sample variance 0.012089692802046855 (last 7 data)
DEBUG flower 2021-04-08 13:53:36,241 | numpy_client.py:201 | Not a switch point
INFO flower 2021-04-08 13:53:36,246 | numpy_client.py:205 | Cache is fresh, return FitRes(clock=64)
DEBUG flower 2021-04-08 13:53:44,091 | numpy_client.py:172 | fit, FitIns(clock=65)
DEBUG flower 2021-04-08 13:53:44,091 | numpy_client.py:260 | cached_clock: 36, curr_clock: 65
INFO flower 2021-04-08 13:53:44,091 | numpy_client.py:184 | Cache is stale, return ReadIns
DEBUG flower 2021-04-08 13:53:48,747 | numpy_client.py:228 | read: ReadRes(clock=37)
DEBUG flower 2021-04-08 13:53:48,755 | numpy_client.py:172 | fit, FitIns(clock=65)
DEBUG flower 2021-04-08 13:53:48,755 | numpy_client.py:260 | cached_clock: 37, curr_clock: 65
DEBUG flower 2021-04-08 13:53:50,011 | acc_variance.py:19 | AccuracyVariance: sample variance 0.011516090580092984 (last 7 data)
DEBUG flower 2021-04-08 13:53:50,012 | numpy_client.py:201 | Not a switch point
INFO flower 2021-04-08 13:53:50,015 | numpy_client.py:205 | Cache is fresh, return FitRes(clock=65)
DEBUG flower 2021-04-08 13:53:57,723 | numpy_client.py:172 | fit, FitIns(clock=66)
DEBUG flower 2021-04-08 13:53:57,724 | numpy_client.py:260 | cached_clock: 37, curr_clock: 66
INFO flower 2021-04-08 13:53:57,724 | numpy_client.py:184 | Cache is stale, return ReadIns
DEBUG flower 2021-04-08 13:54:02,643 | numpy_client.py:228 | read: ReadRes(clock=38)
DEBUG flower 2021-04-08 13:54:02,650 | numpy_client.py:172 | fit, FitIns(clock=66)
DEBUG flower 2021-04-08 13:54:02,650 | numpy_client.py:260 | cached_clock: 38, curr_clock: 66
DEBUG flower 2021-04-08 13:54:03,889 | acc_variance.py:19 | AccuracyVariance: sample variance 0.010163691262377731 (last 7 data)
DEBUG flower 2021-04-08 13:54:03,889 | numpy_client.py:201 | Not a switch point
INFO flower 2021-04-08 13:54:03,892 | numpy_client.py:205 | Cache is fresh, return FitRes(clock=66)
DEBUG flower 2021-04-08 13:54:11,754 | numpy_client.py:172 | fit, FitIns(clock=67)
DEBUG flower 2021-04-08 13:54:11,754 | numpy_client.py:260 | cached_clock: 38, curr_clock: 67
INFO flower 2021-04-08 13:54:11,754 | numpy_client.py:184 | Cache is stale, return ReadIns
DEBUG flower 2021-04-08 13:54:16,148 | numpy_client.py:228 | read: ReadRes(clock=39)
DEBUG flower 2021-04-08 13:54:16,155 | numpy_client.py:172 | fit, FitIns(clock=67)
DEBUG flower 2021-04-08 13:54:16,156 | numpy_client.py:260 | cached_clock: 39, curr_clock: 67
DEBUG flower 2021-04-08 13:54:17,408 | acc_variance.py:19 | AccuracyVariance: sample variance 0.0108605873007487 (last 7 data)
DEBUG flower 2021-04-08 13:54:17,409 | numpy_client.py:201 | Not a switch point
INFO flower 2021-04-08 13:54:17,412 | numpy_client.py:205 | Cache is fresh, return FitRes(clock=67)
DEBUG flower 2021-04-08 13:54:25,675 | numpy_client.py:172 | fit, FitIns(clock=68)
DEBUG flower 2021-04-08 13:54:25,675 | numpy_client.py:260 | cached_clock: 39, curr_clock: 68
INFO flower 2021-04-08 13:54:25,675 | numpy_client.py:184 | Cache is stale, return ReadIns
DEBUG flower 2021-04-08 13:54:30,265 | numpy_client.py:228 | read: ReadRes(clock=40)
DEBUG flower 2021-04-08 13:54:30,273 | numpy_client.py:172 | fit, FitIns(clock=68)
DEBUG flower 2021-04-08 13:54:30,273 | numpy_client.py:260 | cached_clock: 40, curr_clock: 68
DEBUG flower 2021-04-08 13:54:31,607 | acc_variance.py:19 | AccuracyVariance: sample variance 0.00878405055624321 (last 7 data)
DEBUG flower 2021-04-08 13:54:31,608 | numpy_client.py:201 | Not a switch point
INFO flower 2021-04-08 13:54:31,611 | numpy_client.py:205 | Cache is fresh, return FitRes(clock=68)
DEBUG flower 2021-04-08 13:54:39,243 | numpy_client.py:172 | fit, FitIns(clock=69)
DEBUG flower 2021-04-08 13:54:39,243 | numpy_client.py:260 | cached_clock: 40, curr_clock: 69
INFO flower 2021-04-08 13:54:39,244 | numpy_client.py:184 | Cache is stale, return ReadIns
DEBUG flower 2021-04-08 13:54:43,788 | numpy_client.py:228 | read: ReadRes(clock=41)
DEBUG flower 2021-04-08 13:54:43,794 | numpy_client.py:172 | fit, FitIns(clock=69)
DEBUG flower 2021-04-08 13:54:43,795 | numpy_client.py:260 | cached_clock: 41, curr_clock: 69
DEBUG flower 2021-04-08 13:54:45,093 | acc_variance.py:19 | AccuracyVariance: sample variance 0.004068754905808477 (last 7 data)
DEBUG flower 2021-04-08 13:54:45,093 | numpy_client.py:201 | Not a switch point
INFO flower 2021-04-08 13:54:45,098 | numpy_client.py:205 | Cache is fresh, return FitRes(clock=69)
DEBUG flower 2021-04-08 13:54:52,690 | numpy_client.py:172 | fit, FitIns(clock=70)
DEBUG flower 2021-04-08 13:54:52,690 | numpy_client.py:260 | cached_clock: 41, curr_clock: 70
INFO flower 2021-04-08 13:54:52,690 | numpy_client.py:184 | Cache is stale, return ReadIns
DEBUG flower 2021-04-08 13:54:57,418 | numpy_client.py:228 | read: ReadRes(clock=42)
DEBUG flower 2021-04-08 13:54:57,425 | numpy_client.py:172 | fit, FitIns(clock=70)
DEBUG flower 2021-04-08 13:54:57,426 | numpy_client.py:260 | cached_clock: 42, curr_clock: 70
DEBUG flower 2021-04-08 13:54:58,699 | acc_variance.py:19 | AccuracyVariance: sample variance 0.007648815813307571 (last 7 data)
DEBUG flower 2021-04-08 13:54:58,699 | numpy_client.py:201 | Not a switch point
INFO flower 2021-04-08 13:54:58,702 | numpy_client.py:205 | Cache is fresh, return FitRes(clock=70)
DEBUG flower 2021-04-08 13:55:06,321 | numpy_client.py:172 | fit, FitIns(clock=71)
DEBUG flower 2021-04-08 13:55:06,321 | numpy_client.py:260 | cached_clock: 42, curr_clock: 71
INFO flower 2021-04-08 13:55:06,321 | numpy_client.py:184 | Cache is stale, return ReadIns
DEBUG flower 2021-04-08 13:55:11,033 | numpy_client.py:228 | read: ReadRes(clock=43)
DEBUG flower 2021-04-08 13:55:11,041 | numpy_client.py:172 | fit, FitIns(clock=71)
DEBUG flower 2021-04-08 13:55:11,041 | numpy_client.py:260 | cached_clock: 43, curr_clock: 71
DEBUG flower 2021-04-08 13:55:12,227 | acc_variance.py:19 | AccuracyVariance: sample variance 0.007688203794831543 (last 7 data)
DEBUG flower 2021-04-08 13:55:12,227 | numpy_client.py:201 | Not a switch point
INFO flower 2021-04-08 13:55:12,230 | numpy_client.py:205 | Cache is fresh, return FitRes(clock=71)
DEBUG flower 2021-04-08 13:55:19,920 | numpy_client.py:172 | fit, FitIns(clock=72)
DEBUG flower 2021-04-08 13:55:19,920 | numpy_client.py:260 | cached_clock: 43, curr_clock: 72
INFO flower 2021-04-08 13:55:19,920 | numpy_client.py:184 | Cache is stale, return ReadIns
DEBUG flower 2021-04-08 13:55:24,529 | numpy_client.py:228 | read: ReadRes(clock=44)
DEBUG flower 2021-04-08 13:55:24,536 | numpy_client.py:172 | fit, FitIns(clock=72)
DEBUG flower 2021-04-08 13:55:24,536 | numpy_client.py:260 | cached_clock: 44, curr_clock: 72
DEBUG flower 2021-04-08 13:55:25,788 | acc_variance.py:19 | AccuracyVariance: sample variance 0.007416851263434369 (last 7 data)
DEBUG flower 2021-04-08 13:55:25,789 | numpy_client.py:201 | Not a switch point
INFO flower 2021-04-08 13:55:25,794 | numpy_client.py:205 | Cache is fresh, return FitRes(clock=72)
DEBUG flower 2021-04-08 13:55:33,606 | numpy_client.py:172 | fit, FitIns(clock=73)
DEBUG flower 2021-04-08 13:55:33,606 | numpy_client.py:260 | cached_clock: 44, curr_clock: 73
INFO flower 2021-04-08 13:55:33,606 | numpy_client.py:184 | Cache is stale, return ReadIns
DEBUG flower 2021-04-08 13:55:38,288 | numpy_client.py:228 | read: ReadRes(clock=45)
DEBUG flower 2021-04-08 13:55:38,295 | numpy_client.py:172 | fit, FitIns(clock=73)
DEBUG flower 2021-04-08 13:55:38,295 | numpy_client.py:260 | cached_clock: 45, curr_clock: 73
DEBUG flower 2021-04-08 13:55:39,589 | acc_variance.py:19 | AccuracyVariance: sample variance 0.008962829538250212 (last 7 data)
DEBUG flower 2021-04-08 13:55:39,590 | numpy_client.py:201 | Not a switch point
INFO flower 2021-04-08 13:55:39,593 | numpy_client.py:205 | Cache is fresh, return FitRes(clock=73)
DEBUG flower 2021-04-08 13:55:47,229 | numpy_client.py:172 | fit, FitIns(clock=74)
DEBUG flower 2021-04-08 13:55:47,229 | numpy_client.py:260 | cached_clock: 45, curr_clock: 74
INFO flower 2021-04-08 13:55:47,229 | numpy_client.py:184 | Cache is stale, return ReadIns
DEBUG flower 2021-04-08 13:55:51,736 | numpy_client.py:228 | read: ReadRes(clock=46)
DEBUG flower 2021-04-08 13:55:51,743 | numpy_client.py:172 | fit, FitIns(clock=74)
DEBUG flower 2021-04-08 13:55:51,743 | numpy_client.py:260 | cached_clock: 46, curr_clock: 74
DEBUG flower 2021-04-08 13:55:52,927 | acc_variance.py:19 | AccuracyVariance: sample variance 0.008439228825775873 (last 7 data)
DEBUG flower 2021-04-08 13:55:52,927 | numpy_client.py:201 | Not a switch point
INFO flower 2021-04-08 13:55:52,931 | numpy_client.py:205 | Cache is fresh, return FitRes(clock=74)
DEBUG flower 2021-04-08 13:56:00,693 | numpy_client.py:172 | fit, FitIns(clock=75)
DEBUG flower 2021-04-08 13:56:00,693 | numpy_client.py:260 | cached_clock: 46, curr_clock: 75
INFO flower 2021-04-08 13:56:00,693 | numpy_client.py:184 | Cache is stale, return ReadIns
DEBUG flower 2021-04-08 13:56:05,261 | numpy_client.py:228 | read: ReadRes(clock=47)
DEBUG flower 2021-04-08 13:56:05,268 | numpy_client.py:172 | fit, FitIns(clock=75)
DEBUG flower 2021-04-08 13:56:05,268 | numpy_client.py:260 | cached_clock: 47, curr_clock: 75
DEBUG flower 2021-04-08 13:56:06,511 | acc_variance.py:19 | AccuracyVariance: sample variance 0.008996556971531216 (last 7 data)
DEBUG flower 2021-04-08 13:56:06,511 | numpy_client.py:201 | Not a switch point
INFO flower 2021-04-08 13:56:06,515 | numpy_client.py:205 | Cache is fresh, return FitRes(clock=75)
DEBUG flower 2021-04-08 13:56:14,478 | numpy_client.py:172 | fit, FitIns(clock=76)
DEBUG flower 2021-04-08 13:56:14,478 | numpy_client.py:260 | cached_clock: 47, curr_clock: 76
INFO flower 2021-04-08 13:56:14,479 | numpy_client.py:184 | Cache is stale, return ReadIns
DEBUG flower 2021-04-08 13:56:19,291 | numpy_client.py:228 | read: ReadRes(clock=48)
DEBUG flower 2021-04-08 13:56:19,299 | numpy_client.py:172 | fit, FitIns(clock=76)
DEBUG flower 2021-04-08 13:56:19,299 | numpy_client.py:260 | cached_clock: 48, curr_clock: 76
DEBUG flower 2021-04-08 13:56:20,510 | acc_variance.py:19 | AccuracyVariance: sample variance 0.007783548654298999 (last 7 data)
DEBUG flower 2021-04-08 13:56:20,510 | numpy_client.py:201 | Not a switch point
INFO flower 2021-04-08 13:56:20,513 | numpy_client.py:205 | Cache is fresh, return FitRes(clock=76)
DEBUG flower 2021-04-08 13:56:27,782 | numpy_client.py:172 | fit, FitIns(clock=77)
DEBUG flower 2021-04-08 13:56:27,782 | numpy_client.py:260 | cached_clock: 48, curr_clock: 77
INFO flower 2021-04-08 13:56:27,782 | numpy_client.py:184 | Cache is stale, return ReadIns
DEBUG flower 2021-04-08 13:56:32,236 | numpy_client.py:228 | read: ReadRes(clock=49)
DEBUG flower 2021-04-08 13:56:32,244 | numpy_client.py:172 | fit, FitIns(clock=77)
DEBUG flower 2021-04-08 13:56:32,244 | numpy_client.py:260 | cached_clock: 49, curr_clock: 77
DEBUG flower 2021-04-08 13:56:33,427 | acc_variance.py:19 | AccuracyVariance: sample variance 0.006191519460964859 (last 7 data)
DEBUG flower 2021-04-08 13:56:33,427 | numpy_client.py:201 | Not a switch point
INFO flower 2021-04-08 13:56:33,487 | numpy_client.py:205 | Cache is fresh, return FitRes(clock=77)
DEBUG flower 2021-04-08 13:56:41,471 | numpy_client.py:172 | fit, FitIns(clock=78)
DEBUG flower 2021-04-08 13:56:41,471 | numpy_client.py:260 | cached_clock: 49, curr_clock: 78
INFO flower 2021-04-08 13:56:41,471 | numpy_client.py:184 | Cache is stale, return ReadIns
DEBUG flower 2021-04-08 13:56:46,721 | numpy_client.py:228 | read: ReadRes(clock=50)
DEBUG flower 2021-04-08 13:56:46,729 | numpy_client.py:172 | fit, FitIns(clock=78)
DEBUG flower 2021-04-08 13:56:46,729 | numpy_client.py:260 | cached_clock: 50, curr_clock: 78
DEBUG flower 2021-04-08 13:56:48,010 | acc_variance.py:19 | AccuracyVariance: sample variance 0.006133852625739643 (last 7 data)
DEBUG flower 2021-04-08 13:56:48,010 | numpy_client.py:201 | Not a switch point
INFO flower 2021-04-08 13:56:48,013 | numpy_client.py:205 | Cache is fresh, return FitRes(clock=78)
DEBUG flower 2021-04-08 13:56:55,774 | numpy_client.py:172 | fit, FitIns(clock=79)
DEBUG flower 2021-04-08 13:56:55,774 | numpy_client.py:260 | cached_clock: 50, curr_clock: 79
INFO flower 2021-04-08 13:56:55,774 | numpy_client.py:184 | Cache is stale, return ReadIns
DEBUG flower 2021-04-08 13:57:00,788 | numpy_client.py:228 | read: ReadRes(clock=51)
DEBUG flower 2021-04-08 13:57:00,795 | numpy_client.py:172 | fit, FitIns(clock=79)
DEBUG flower 2021-04-08 13:57:00,795 | numpy_client.py:260 | cached_clock: 51, curr_clock: 79
DEBUG flower 2021-04-08 13:57:02,108 | acc_variance.py:19 | AccuracyVariance: sample variance 0.00817235756173771 (last 7 data)
DEBUG flower 2021-04-08 13:57:02,108 | numpy_client.py:201 | Not a switch point
INFO flower 2021-04-08 13:57:02,111 | numpy_client.py:205 | Cache is fresh, return FitRes(clock=79)
DEBUG flower 2021-04-08 13:57:09,692 | numpy_client.py:172 | fit, FitIns(clock=80)
DEBUG flower 2021-04-08 13:57:09,692 | numpy_client.py:260 | cached_clock: 51, curr_clock: 80
INFO flower 2021-04-08 13:57:09,692 | numpy_client.py:184 | Cache is stale, return ReadIns
DEBUG flower 2021-04-08 13:57:15,039 | numpy_client.py:228 | read: ReadRes(clock=52)
DEBUG flower 2021-04-08 13:57:15,046 | numpy_client.py:172 | fit, FitIns(clock=80)
DEBUG flower 2021-04-08 13:57:15,047 | numpy_client.py:260 | cached_clock: 52, curr_clock: 80
DEBUG flower 2021-04-08 13:57:16,289 | acc_variance.py:19 | AccuracyVariance: sample variance 0.0073893150547941055 (last 7 data)
DEBUG flower 2021-04-08 13:57:16,289 | numpy_client.py:201 | Not a switch point
INFO flower 2021-04-08 13:57:16,293 | numpy_client.py:205 | Cache is fresh, return FitRes(clock=80)
DEBUG flower 2021-04-08 13:57:23,945 | numpy_client.py:172 | fit, FitIns(clock=81)
DEBUG flower 2021-04-08 13:57:23,945 | numpy_client.py:260 | cached_clock: 52, curr_clock: 81
INFO flower 2021-04-08 13:57:23,946 | numpy_client.py:184 | Cache is stale, return ReadIns
DEBUG flower 2021-04-08 13:57:28,965 | numpy_client.py:228 | read: ReadRes(clock=53)
DEBUG flower 2021-04-08 13:57:28,972 | numpy_client.py:172 | fit, FitIns(clock=81)
DEBUG flower 2021-04-08 13:57:28,972 | numpy_client.py:260 | cached_clock: 53, curr_clock: 81
DEBUG flower 2021-04-08 13:57:30,208 | acc_variance.py:19 | AccuracyVariance: sample variance 0.007632305880932252 (last 7 data)
DEBUG flower 2021-04-08 13:57:30,208 | numpy_client.py:201 | Not a switch point
INFO flower 2021-04-08 13:57:30,211 | numpy_client.py:205 | Cache is fresh, return FitRes(clock=81)
DEBUG flower 2021-04-08 13:57:38,474 | numpy_client.py:172 | fit, FitIns(clock=82)
DEBUG flower 2021-04-08 13:57:38,475 | numpy_client.py:260 | cached_clock: 53, curr_clock: 82
INFO flower 2021-04-08 13:57:38,475 | numpy_client.py:184 | Cache is stale, return ReadIns
DEBUG flower 2021-04-08 13:57:43,445 | numpy_client.py:228 | read: ReadRes(clock=54)
DEBUG flower 2021-04-08 13:57:43,452 | numpy_client.py:172 | fit, FitIns(clock=82)
DEBUG flower 2021-04-08 13:57:43,452 | numpy_client.py:260 | cached_clock: 54, curr_clock: 82
DEBUG flower 2021-04-08 13:57:44,638 | acc_variance.py:19 | AccuracyVariance: sample variance 0.0052342382034174595 (last 7 data)
DEBUG flower 2021-04-08 13:57:44,687 | numpy_client.py:201 | Not a switch point
INFO flower 2021-04-08 13:57:44,691 | numpy_client.py:205 | Cache is fresh, return FitRes(clock=82)
DEBUG flower 2021-04-08 13:57:52,210 | numpy_client.py:172 | fit, FitIns(clock=83)
DEBUG flower 2021-04-08 13:57:52,210 | numpy_client.py:260 | cached_clock: 54, curr_clock: 83
INFO flower 2021-04-08 13:57:52,211 | numpy_client.py:184 | Cache is stale, return ReadIns
DEBUG flower 2021-04-08 13:57:56,788 | numpy_client.py:228 | read: ReadRes(clock=55)
DEBUG flower 2021-04-08 13:57:56,795 | numpy_client.py:172 | fit, FitIns(clock=83)
DEBUG flower 2021-04-08 13:57:56,795 | numpy_client.py:260 | cached_clock: 55, curr_clock: 83
DEBUG flower 2021-04-08 13:57:58,089 | acc_variance.py:19 | AccuracyVariance: sample variance 0.005516322190858591 (last 7 data)
DEBUG flower 2021-04-08 13:57:58,090 | numpy_client.py:201 | Not a switch point
INFO flower 2021-04-08 13:57:58,095 | numpy_client.py:205 | Cache is fresh, return FitRes(clock=83)
DEBUG flower 2021-04-08 13:58:05,441 | numpy_client.py:172 | fit, FitIns(clock=84)
DEBUG flower 2021-04-08 13:58:05,441 | numpy_client.py:260 | cached_clock: 55, curr_clock: 84
INFO flower 2021-04-08 13:58:05,441 | numpy_client.py:184 | Cache is stale, return ReadIns
DEBUG flower 2021-04-08 13:58:10,042 | numpy_client.py:228 | read: ReadRes(clock=56)
DEBUG flower 2021-04-08 13:58:10,049 | numpy_client.py:172 | fit, FitIns(clock=84)
DEBUG flower 2021-04-08 13:58:10,049 | numpy_client.py:260 | cached_clock: 56, curr_clock: 84
DEBUG flower 2021-04-08 13:58:11,228 | acc_variance.py:19 | AccuracyVariance: sample variance 0.005551346833111942 (last 7 data)
DEBUG flower 2021-04-08 13:58:11,228 | numpy_client.py:201 | Not a switch point
INFO flower 2021-04-08 13:58:11,231 | numpy_client.py:205 | Cache is fresh, return FitRes(clock=84)
DEBUG flower 2021-04-08 13:58:19,159 | numpy_client.py:172 | fit, FitIns(clock=85)
DEBUG flower 2021-04-08 13:58:19,159 | numpy_client.py:260 | cached_clock: 56, curr_clock: 85
INFO flower 2021-04-08 13:58:19,159 | numpy_client.py:184 | Cache is stale, return ReadIns
DEBUG flower 2021-04-08 13:58:23,729 | numpy_client.py:228 | read: ReadRes(clock=57)
DEBUG flower 2021-04-08 13:58:23,736 | numpy_client.py:172 | fit, FitIns(clock=85)
DEBUG flower 2021-04-08 13:58:23,736 | numpy_client.py:260 | cached_clock: 57, curr_clock: 85
DEBUG flower 2021-04-08 13:58:25,013 | acc_variance.py:19 | AccuracyVariance: sample variance 0.006567179386547516 (last 7 data)
DEBUG flower 2021-04-08 13:58:25,013 | numpy_client.py:201 | Not a switch point
INFO flower 2021-04-08 13:58:25,017 | numpy_client.py:205 | Cache is fresh, return FitRes(clock=85)
DEBUG flower 2021-04-08 13:58:32,622 | numpy_client.py:172 | fit, FitIns(clock=86)
DEBUG flower 2021-04-08 13:58:32,622 | numpy_client.py:260 | cached_clock: 57, curr_clock: 86
INFO flower 2021-04-08 13:58:32,622 | numpy_client.py:184 | Cache is stale, return ReadIns
DEBUG flower 2021-04-08 13:58:38,388 | numpy_client.py:228 | read: ReadRes(clock=58)
DEBUG flower 2021-04-08 13:58:38,396 | numpy_client.py:172 | fit, FitIns(clock=86)
DEBUG flower 2021-04-08 13:58:38,396 | numpy_client.py:260 | cached_clock: 58, curr_clock: 86
DEBUG flower 2021-04-08 13:58:39,634 | acc_variance.py:19 | AccuracyVariance: sample variance 0.002410803911061465 (last 7 data)
DEBUG flower 2021-04-08 13:58:39,687 | numpy_client.py:201 | Not a switch point
INFO flower 2021-04-08 13:58:39,691 | numpy_client.py:205 | Cache is fresh, return FitRes(clock=86)
DEBUG flower 2021-04-08 13:58:47,384 | numpy_client.py:172 | fit, FitIns(clock=87)
DEBUG flower 2021-04-08 13:58:47,385 | numpy_client.py:260 | cached_clock: 58, curr_clock: 87
INFO flower 2021-04-08 13:58:47,385 | numpy_client.py:184 | Cache is stale, return ReadIns
DEBUG flower 2021-04-08 13:58:52,758 | numpy_client.py:228 | read: ReadRes(clock=59)
DEBUG flower 2021-04-08 13:58:52,765 | numpy_client.py:172 | fit, FitIns(clock=87)
DEBUG flower 2021-04-08 13:58:52,765 | numpy_client.py:260 | cached_clock: 59, curr_clock: 87
DEBUG flower 2021-04-08 13:58:54,007 | acc_variance.py:19 | AccuracyVariance: sample variance 0.003723343534899166 (last 7 data)
DEBUG flower 2021-04-08 13:58:54,007 | numpy_client.py:201 | Not a switch point
INFO flower 2021-04-08 13:58:54,010 | numpy_client.py:205 | Cache is fresh, return FitRes(clock=87)
DEBUG flower 2021-04-08 13:59:01,755 | numpy_client.py:172 | fit, FitIns(clock=88)
DEBUG flower 2021-04-08 13:59:01,756 | numpy_client.py:260 | cached_clock: 59, curr_clock: 88
INFO flower 2021-04-08 13:59:01,756 | numpy_client.py:184 | Cache is stale, return ReadIns
DEBUG flower 2021-04-08 13:59:06,774 | numpy_client.py:228 | read: ReadRes(clock=60)
DEBUG flower 2021-04-08 13:59:06,781 | numpy_client.py:172 | fit, FitIns(clock=88)
DEBUG flower 2021-04-08 13:59:06,781 | numpy_client.py:260 | cached_clock: 60, curr_clock: 88
DEBUG flower 2021-04-08 13:59:08,097 | acc_variance.py:19 | AccuracyVariance: sample variance 0.003972053873324477 (last 7 data)
DEBUG flower 2021-04-08 13:59:08,097 | numpy_client.py:201 | Not a switch point
INFO flower 2021-04-08 13:59:08,102 | numpy_client.py:205 | Cache is fresh, return FitRes(clock=88)
DEBUG flower 2021-04-08 13:59:15,901 | numpy_client.py:172 | fit, FitIns(clock=89)
DEBUG flower 2021-04-08 13:59:15,902 | numpy_client.py:260 | cached_clock: 60, curr_clock: 89
INFO flower 2021-04-08 13:59:15,902 | numpy_client.py:184 | Cache is stale, return ReadIns
DEBUG flower 2021-04-08 13:59:20,995 | numpy_client.py:228 | read: ReadRes(clock=61)
DEBUG flower 2021-04-08 13:59:21,002 | numpy_client.py:172 | fit, FitIns(clock=89)
DEBUG flower 2021-04-08 13:59:21,002 | numpy_client.py:260 | cached_clock: 61, curr_clock: 89
DEBUG flower 2021-04-08 13:59:22,387 | acc_variance.py:19 | AccuracyVariance: sample variance 0.0038417433356478675 (last 7 data)
DEBUG flower 2021-04-08 13:59:22,387 | numpy_client.py:201 | Not a switch point
INFO flower 2021-04-08 13:59:22,392 | numpy_client.py:205 | Cache is fresh, return FitRes(clock=89)
DEBUG flower 2021-04-08 13:59:30,306 | numpy_client.py:172 | fit, FitIns(clock=90)
DEBUG flower 2021-04-08 13:59:30,307 | numpy_client.py:260 | cached_clock: 61, curr_clock: 90
INFO flower 2021-04-08 13:59:30,307 | numpy_client.py:184 | Cache is stale, return ReadIns
DEBUG flower 2021-04-08 13:59:34,836 | numpy_client.py:228 | read: ReadRes(clock=62)
DEBUG flower 2021-04-08 13:59:34,843 | numpy_client.py:172 | fit, FitIns(clock=90)
DEBUG flower 2021-04-08 13:59:34,843 | numpy_client.py:260 | cached_clock: 62, curr_clock: 90
DEBUG flower 2021-04-08 13:59:36,088 | acc_variance.py:19 | AccuracyVariance: sample variance 0.004770309103671054 (last 7 data)
DEBUG flower 2021-04-08 13:59:36,089 | numpy_client.py:201 | Not a switch point
INFO flower 2021-04-08 13:59:36,092 | numpy_client.py:205 | Cache is fresh, return FitRes(clock=90)
DEBUG flower 2021-04-08 13:59:43,790 | numpy_client.py:172 | fit, FitIns(clock=91)
DEBUG flower 2021-04-08 13:59:43,790 | numpy_client.py:260 | cached_clock: 62, curr_clock: 91
INFO flower 2021-04-08 13:59:43,790 | numpy_client.py:184 | Cache is stale, return ReadIns
DEBUG flower 2021-04-08 13:59:48,527 | numpy_client.py:228 | read: ReadRes(clock=63)
DEBUG flower 2021-04-08 13:59:48,534 | numpy_client.py:172 | fit, FitIns(clock=91)
DEBUG flower 2021-04-08 13:59:48,534 | numpy_client.py:260 | cached_clock: 63, curr_clock: 91
DEBUG flower 2021-04-08 13:59:49,810 | acc_variance.py:19 | AccuracyVariance: sample variance 0.005520095889687236 (last 7 data)
DEBUG flower 2021-04-08 13:59:49,810 | numpy_client.py:201 | Not a switch point
INFO flower 2021-04-08 13:59:49,813 | numpy_client.py:205 | Cache is fresh, return FitRes(clock=91)
DEBUG flower 2021-04-08 13:59:57,760 | numpy_client.py:172 | fit, FitIns(clock=92)
DEBUG flower 2021-04-08 13:59:57,760 | numpy_client.py:260 | cached_clock: 63, curr_clock: 92
INFO flower 2021-04-08 13:59:57,760 | numpy_client.py:184 | Cache is stale, return ReadIns
DEBUG flower 2021-04-08 14:00:02,450 | numpy_client.py:228 | read: ReadRes(clock=64)
DEBUG flower 2021-04-08 14:00:02,457 | numpy_client.py:172 | fit, FitIns(clock=92)
DEBUG flower 2021-04-08 14:00:02,457 | numpy_client.py:260 | cached_clock: 64, curr_clock: 92
DEBUG flower 2021-04-08 14:00:03,710 | acc_variance.py:19 | AccuracyVariance: sample variance 0.005490967651853642 (last 7 data)
DEBUG flower 2021-04-08 14:00:03,711 | numpy_client.py:201 | Not a switch point
INFO flower 2021-04-08 14:00:03,714 | numpy_client.py:205 | Cache is fresh, return FitRes(clock=92)
DEBUG flower 2021-04-08 14:00:11,411 | numpy_client.py:172 | fit, FitIns(clock=93)
DEBUG flower 2021-04-08 14:00:11,411 | numpy_client.py:260 | cached_clock: 64, curr_clock: 93
INFO flower 2021-04-08 14:00:11,411 | numpy_client.py:184 | Cache is stale, return ReadIns
DEBUG flower 2021-04-08 14:00:16,092 | numpy_client.py:228 | read: ReadRes(clock=65)
DEBUG flower 2021-04-08 14:00:16,099 | numpy_client.py:172 | fit, FitIns(clock=93)
DEBUG flower 2021-04-08 14:00:16,100 | numpy_client.py:260 | cached_clock: 65, curr_clock: 93
DEBUG flower 2021-04-08 14:00:17,391 | acc_variance.py:19 | AccuracyVariance: sample variance 0.005839091368796038 (last 7 data)
DEBUG flower 2021-04-08 14:00:17,392 | numpy_client.py:201 | Not a switch point
INFO flower 2021-04-08 14:00:17,397 | numpy_client.py:205 | Cache is fresh, return FitRes(clock=93)
DEBUG flower 2021-04-08 14:00:25,619 | numpy_client.py:172 | fit, FitIns(clock=94)
DEBUG flower 2021-04-08 14:00:25,620 | numpy_client.py:260 | cached_clock: 65, curr_clock: 94
INFO flower 2021-04-08 14:00:25,620 | numpy_client.py:184 | Cache is stale, return ReadIns
DEBUG flower 2021-04-08 14:00:30,193 | numpy_client.py:228 | read: ReadRes(clock=66)
DEBUG flower 2021-04-08 14:00:30,200 | numpy_client.py:172 | fit, FitIns(clock=94)
DEBUG flower 2021-04-08 14:00:30,200 | numpy_client.py:260 | cached_clock: 66, curr_clock: 94
DEBUG flower 2021-04-08 14:00:31,490 | acc_variance.py:19 | AccuracyVariance: sample variance 0.014384455474127521 (last 7 data)
DEBUG flower 2021-04-08 14:00:31,490 | numpy_client.py:201 | Not a switch point
INFO flower 2021-04-08 14:00:31,493 | numpy_client.py:205 | Cache is fresh, return FitRes(clock=94)
DEBUG flower 2021-04-08 14:00:39,247 | numpy_client.py:172 | fit, FitIns(clock=95)
DEBUG flower 2021-04-08 14:00:39,247 | numpy_client.py:260 | cached_clock: 66, curr_clock: 95
INFO flower 2021-04-08 14:00:39,247 | numpy_client.py:184 | Cache is stale, return ReadIns
DEBUG flower 2021-04-08 14:00:43,953 | numpy_client.py:228 | read: ReadRes(clock=67)
DEBUG flower 2021-04-08 14:00:43,960 | numpy_client.py:172 | fit, FitIns(clock=95)
DEBUG flower 2021-04-08 14:00:43,960 | numpy_client.py:260 | cached_clock: 67, curr_clock: 95
DEBUG flower 2021-04-08 14:00:45,203 | acc_variance.py:19 | AccuracyVariance: sample variance 0.015561731580576018 (last 7 data)
DEBUG flower 2021-04-08 14:00:45,203 | numpy_client.py:201 | Not a switch point
INFO flower 2021-04-08 14:00:45,207 | numpy_client.py:205 | Cache is fresh, return FitRes(clock=95)
DEBUG flower 2021-04-08 14:00:52,960 | numpy_client.py:172 | fit, FitIns(clock=96)
DEBUG flower 2021-04-08 14:00:52,960 | numpy_client.py:260 | cached_clock: 67, curr_clock: 96
INFO flower 2021-04-08 14:00:52,960 | numpy_client.py:184 | Cache is stale, return ReadIns
DEBUG flower 2021-04-08 14:00:57,530 | numpy_client.py:228 | read: ReadRes(clock=68)
DEBUG flower 2021-04-08 14:00:57,537 | numpy_client.py:172 | fit, FitIns(clock=96)
DEBUG flower 2021-04-08 14:00:57,537 | numpy_client.py:260 | cached_clock: 68, curr_clock: 96
DEBUG flower 2021-04-08 14:00:58,792 | acc_variance.py:19 | AccuracyVariance: sample variance 0.01702120960255404 (last 7 data)
DEBUG flower 2021-04-08 14:00:58,793 | numpy_client.py:201 | Not a switch point
INFO flower 2021-04-08 14:00:58,797 | numpy_client.py:205 | Cache is fresh, return FitRes(clock=96)
DEBUG flower 2021-04-08 14:01:06,400 | numpy_client.py:172 | fit, FitIns(clock=97)
DEBUG flower 2021-04-08 14:01:06,401 | numpy_client.py:260 | cached_clock: 68, curr_clock: 97
INFO flower 2021-04-08 14:01:06,401 | numpy_client.py:184 | Cache is stale, return ReadIns
DEBUG flower 2021-04-08 14:01:10,888 | numpy_client.py:228 | read: ReadRes(clock=69)
DEBUG flower 2021-04-08 14:01:10,895 | numpy_client.py:172 | fit, FitIns(clock=97)
DEBUG flower 2021-04-08 14:01:10,895 | numpy_client.py:260 | cached_clock: 69, curr_clock: 97
DEBUG flower 2021-04-08 14:01:12,187 | acc_variance.py:19 | AccuracyVariance: sample variance 0.01785566875603792 (last 7 data)
DEBUG flower 2021-04-08 14:01:12,188 | numpy_client.py:201 | Not a switch point
INFO flower 2021-04-08 14:01:12,193 | numpy_client.py:205 | Cache is fresh, return FitRes(clock=97)
DEBUG flower 2021-04-08 14:01:19,950 | numpy_client.py:172 | fit, FitIns(clock=98)
DEBUG flower 2021-04-08 14:01:19,951 | numpy_client.py:260 | cached_clock: 69, curr_clock: 98
INFO flower 2021-04-08 14:01:19,951 | numpy_client.py:184 | Cache is stale, return ReadIns
DEBUG flower 2021-04-08 14:01:24,148 | numpy_client.py:228 | read: ReadRes(clock=70)
DEBUG flower 2021-04-08 14:01:24,156 | numpy_client.py:172 | fit, FitIns(clock=98)
DEBUG flower 2021-04-08 14:01:24,156 | numpy_client.py:260 | cached_clock: 70, curr_clock: 98
DEBUG flower 2021-04-08 14:01:25,393 | acc_variance.py:19 | AccuracyVariance: sample variance 0.016788419556062067 (last 7 data)
DEBUG flower 2021-04-08 14:01:25,394 | numpy_client.py:201 | Not a switch point
INFO flower 2021-04-08 14:01:25,399 | numpy_client.py:205 | Cache is fresh, return FitRes(clock=98)
DEBUG flower 2021-04-08 14:01:33,024 | numpy_client.py:172 | fit, FitIns(clock=99)
DEBUG flower 2021-04-08 14:01:33,025 | numpy_client.py:260 | cached_clock: 70, curr_clock: 99
INFO flower 2021-04-08 14:01:33,025 | numpy_client.py:184 | Cache is stale, return ReadIns
DEBUG flower 2021-04-08 14:01:37,542 | numpy_client.py:228 | read: ReadRes(clock=71)
DEBUG flower 2021-04-08 14:01:37,550 | numpy_client.py:172 | fit, FitIns(clock=99)
DEBUG flower 2021-04-08 14:01:37,550 | numpy_client.py:260 | cached_clock: 71, curr_clock: 99
DEBUG flower 2021-04-08 14:01:38,816 | acc_variance.py:19 | AccuracyVariance: sample variance 0.017649294601346455 (last 7 data)
DEBUG flower 2021-04-08 14:01:38,817 | numpy_client.py:201 | Not a switch point
INFO flower 2021-04-08 14:01:38,820 | numpy_client.py:205 | Cache is fresh, return FitRes(clock=99)
DEBUG flower 2021-04-08 14:01:38,820 | numpy_client.py:217 | The client finishes computing after 976 seconds
INFO flower 2021-04-08 14:08:14,587 | numpy_client.py:250 | [32;1m Loss: 54.518, Accuracy: 30.225%[0m
DEBUG flower 2021-04-08 14:08:15,910 | connection.py:68 | Insecure gRPC channel closed
INFO flower 2021-04-08 14:08:15,910 | app.py:74 | Disconnect and shut down
Namespace(idx=13, max_delay=0, min_delay=0, num_clients=31, server_ip='10.244.37.27:8080', staleness_bound=2000)
I'm client 13
Start SSP client without delay
Files already downloaded and verified
Files already downloaded and verified
[32;1mClient 13: 819 train samples, 311 test samples[0m
loss=60.18357062339783, acc=0.039663461538461536
feed:  0.039663461538461536
loss=60.67764353752136, acc=0.0
feed:  0.0
loss=59.95164465904236, acc=0.1141826923076923
feed:  0.1141826923076923
loss=59.26364612579346, acc=0.19591346153846154
feed:  0.19591346153846154
loss=58.589065074920654, acc=0.19591346153846154
feed:  0.19591346153846154
loss=57.91133451461792, acc=0.19591346153846154
feed:  0.19591346153846154
loss=57.21822786331177, acc=0.19591346153846154
feed:  0.19591346153846154
loss=56.483317375183105, acc=0.19591346153846154
feed:  0.19591346153846154
loss=55.64717078208923, acc=0.19471153846153846
feed:  0.19471153846153846
loss=54.59825396537781, acc=0.1971153846153846
feed:  0.1971153846153846
loss=53.14314937591553, acc=0.21754807692307693
feed:  0.21754807692307693
loss=51.006049275398254, acc=0.24158653846153846
feed:  0.24158653846153846
loss=48.099610567092896, acc=0.24759615384615385
feed:  0.24759615384615385
loss=45.2434024810791, acc=0.19591346153846154
feed:  0.19591346153846154
loss=43.47730076313019, acc=0.203125
feed:  0.203125
loss=42.66934895515442, acc=0.21153846153846154
feed:  0.21153846153846154
loss=42.223138213157654, acc=0.24158653846153846
feed:  0.24158653846153846
loss=41.86818289756775, acc=0.2704326923076923
feed:  0.2704326923076923
loss=41.49912679195404, acc=0.30649038461538464
feed:  0.30649038461538464
loss=41.06336724758148, acc=0.31971153846153844
feed:  0.31971153846153844
loss=40.52422273159027, acc=0.3401442307692308
feed:  0.3401442307692308
loss=39.868356347084045, acc=0.36177884615384615
feed:  0.36177884615384615
loss=39.11789298057556, acc=0.36899038461538464
feed:  0.36899038461538464
loss=38.337268710136414, acc=0.3786057692307692
feed:  0.3786057692307692
loss=37.63931679725647, acc=0.3942307692307692
feed:  0.3942307692307692
loss=37.05689227581024, acc=0.4014423076923077
feed:  0.4014423076923077
loss=36.567078709602356, acc=0.41586538461538464
feed:  0.41586538461538464
loss=36.138285994529724, acc=0.42908653846153844
feed:  0.42908653846153844
loss=88.34106636047363, acc=0.1778846153846154
feed:  0.1778846153846154
loss=59.84002685546875, acc=0.2644230769230769
feed:  0.2644230769230769
loss=58.257439374923706, acc=0.26322115384615385
feed:  0.26322115384615385
loss=56.175198793411255, acc=0.2668269230769231
feed:  0.2668269230769231
loss=53.16766655445099, acc=0.25721153846153844
feed:  0.25721153846153844
loss=48.86237609386444, acc=0.2704326923076923
feed:  0.2704326923076923
loss=43.56239461898804, acc=0.3161057692307692
feed:  0.3161057692307692
loss=39.61935997009277, acc=0.3737980769230769
feed:  0.3737980769230769
loss=55.82663547992706, acc=0.35216346153846156
feed:  0.35216346153846156
loss=87.7720832824707, acc=0.16105769230769232
feed:  0.16105769230769232
loss=89.9363648891449, acc=0.006009615384615385
feed:  0.006009615384615385
loss=74.896564245224, acc=0.28725961538461536
feed:  0.28725961538461536
loss=72.720449924469, acc=0.21514423076923078
feed:  0.21514423076923078
loss=74.28764152526855, acc=0.2860576923076923
feed:  0.2860576923076923
loss=59.67376792430878, acc=0.4338942307692308
feed:  0.4338942307692308
loss=85.736496925354, acc=0.17067307692307693
feed:  0.17067307692307693
loss=85.39533400535583, acc=0.23197115384615385
feed:  0.23197115384615385
loss=58.82783377170563, acc=0.4387019230769231
feed:  0.4387019230769231
loss=49.54886448383331, acc=0.4266826923076923
feed:  0.4266826923076923
loss=26.708739578723907, acc=0.609375
feed:  0.609375
loss=86.07381224632263, acc=0.15745192307692307
feed:  0.15745192307692307
loss=57.30551362037659, acc=0.44350961538461536
feed:  0.44350961538461536
loss=57.131083488464355, acc=0.44591346153846156
feed:  0.44591346153846156
loss=25.34283745288849, acc=0.6322115384615384
feed:  0.6322115384615384
loss=85.9357123374939, acc=0.12139423076923077
feed:  0.12139423076923077
loss=56.001649022102356, acc=0.41947115384615385
feed:  0.41947115384615385
loss=51.86315608024597, acc=0.41225961538461536
feed:  0.41225961538461536
loss=24.38278156518936, acc=0.6430288461538461
feed:  0.6430288461538461
loss=62.80120253562927, acc=0.35216346153846156
feed:  0.35216346153846156
loss=62.38525450229645, acc=0.34975961538461536
feed:  0.34975961538461536
loss=51.373119831085205, acc=0.4266826923076923
feed:  0.4266826923076923
loss=23.724728167057037, acc=0.6598557692307693
feed:  0.6598557692307693
loss=46.290236473083496, acc=0.4987980769230769
feed:  0.4987980769230769
loss=23.492487013339996, acc=0.6634615384615384
feed:  0.6634615384615384
loss=23.437219619750977, acc=0.6670673076923077
feed:  0.6670673076923077
loss=58.88627278804779, acc=0.42908653846153844
feed:  0.42908653846153844
loss=59.10160732269287, acc=0.43028846153846156
feed:  0.43028846153846156
loss=58.20287728309631, acc=0.44591346153846156
feed:  0.44591346153846156
loss=59.32890605926514, acc=0.4338942307692308
feed:  0.4338942307692308
loss=59.41862452030182, acc=0.43509615384615385
feed:  0.43509615384615385
loss=25.160643994808197, acc=0.6117788461538461
feed:  0.6117788461538461
loss=47.6298623085022, acc=0.41346153846153844
feed:  0.41346153846153844
loss=24.12950599193573, acc=0.6358173076923077
feed:  0.6358173076923077
loss=46.16025757789612, acc=0.42788461538461536
feed:  0.42788461538461536
loss=40.85116559267044, acc=0.49278846153846156
feed:  0.49278846153846156
loss=23.50069010257721, acc=0.6346153846153846
feed:  0.6346153846153846
loss=45.17394232749939, acc=0.45913461538461536
feed:  0.45913461538461536
loss=23.295383155345917, acc=0.6322115384615384
feed:  0.6322115384615384
loss=45.48117125034332, acc=0.4579326923076923
feed:  0.4579326923076923
loss=42.70219725370407, acc=0.4855769230769231
feed:  0.4855769230769231
loss=61.85730421543121, acc=0.43028846153846156
feed:  0.43028846153846156
loss=23.363801658153534, acc=0.6478365384615384
feed:  0.6478365384615384
loss=63.017420530319214, acc=0.43509615384615385
feed:  0.43509615384615385
loss=58.50385522842407, acc=0.44350961538461536
feed:  0.44350961538461536
loss=64.0088722705841, acc=0.4326923076923077
feed:  0.4326923076923077
loss=64.38702142238617, acc=0.4266826923076923
feed:  0.4266826923076923
loss=58.50311255455017, acc=0.44591346153846156
feed:  0.44591346153846156
loss=27.814603567123413, acc=0.5721153846153846
feed:  0.5721153846153846
loss=65.74895429611206, acc=0.41947115384615385
feed:  0.41947115384615385
loss=28.335025787353516, acc=0.5625
feed:  0.5625
loss=67.21223366260529, acc=0.4206730769230769
feed:  0.4206730769230769
loss=56.95617151260376, acc=0.4483173076923077
feed:  0.4483173076923077
loss=27.964406371116638, acc=0.5793269230769231
feed:  0.5793269230769231
loss=69.47209906578064, acc=0.4050480769230769
feed:  0.4050480769230769
loss=28.527073681354523, acc=0.5709134615384616
feed:  0.5709134615384616
loss=27.021432399749756, acc=0.5925480769230769
feed:  0.5925480769230769
loss=58.63423442840576, acc=0.23197115384615385
feed:  0.23197115384615385
loss=27.721617579460144, acc=0.5817307692307693
feed:  0.5817307692307693
loss=26.125002205371857, acc=0.6117788461538461
feed:  0.6117788461538461
loss=25.536983728408813, acc=0.6141826923076923
feed:  0.6141826923076923
loss=25.277682662010193, acc=0.6225961538461539
feed:  0.6225961538461539
loss=25.1049627661705, acc=0.6310096153846154
feed:  0.6310096153846154
Files already downloaded and verified
Files already downloaded and verified
Testing on full test set: 313, 1497.4904010295868, 0.3377
Testing on partial test set: 10, 54.51783847808838, 0.3022508038585209
