DEBUG flower 2021-04-08 07:38:31,535 | connection.py:36 | ChannelConnectivity.IDLE
INFO flower 2021-04-08 07:38:31,536 | app.py:63 | Opened (insecure) gRPC connection
DEBUG flower 2021-04-08 07:38:31,537 | connection.py:36 | ChannelConnectivity.CONNECTING
DEBUG flower 2021-04-08 07:38:31,541 | connection.py:36 | ChannelConnectivity.READY
DEBUG flower 2021-04-08 07:38:40,146 | numpy_client.py:172 | fit, FitIns(clock=0)
INFO flower 2021-04-08 07:38:40,146 | numpy_client.py:184 | Cache is stale, return ReadIns
DEBUG flower 2021-04-08 07:38:40,276 | numpy_client.py:228 | read: ReadRes(clock=-1)
DEBUG flower 2021-04-08 07:38:40,295 | numpy_client.py:172 | fit, FitIns(clock=0)
DEBUG flower 2021-04-08 07:38:40,295 | numpy_client.py:260 | cached_clock: -1, curr_clock: 0
INFO flower 2021-04-08 07:38:43,017 | numpy_client.py:205 | Cache is fresh, return FitRes(clock=0)
DEBUG flower 2021-04-08 07:38:43,040 | numpy_client.py:172 | fit, FitIns(clock=1)
DEBUG flower 2021-04-08 07:38:43,040 | numpy_client.py:260 | cached_clock: -1, curr_clock: 1
INFO flower 2021-04-08 07:38:45,626 | numpy_client.py:205 | Cache is fresh, return FitRes(clock=1)
DEBUG flower 2021-04-08 07:38:54,556 | numpy_client.py:172 | fit, FitIns(clock=2)
DEBUG flower 2021-04-08 07:38:54,556 | numpy_client.py:260 | cached_clock: -1, curr_clock: 2
INFO flower 2021-04-08 07:38:57,132 | numpy_client.py:205 | Cache is fresh, return FitRes(clock=2)
DEBUG flower 2021-04-08 07:38:57,160 | numpy_client.py:172 | fit, FitIns(clock=3)
DEBUG flower 2021-04-08 07:38:57,160 | numpy_client.py:260 | cached_clock: -1, curr_clock: 3
INFO flower 2021-04-08 07:38:59,829 | numpy_client.py:205 | Cache is fresh, return FitRes(clock=3)
DEBUG flower 2021-04-08 07:39:09,098 | numpy_client.py:172 | fit, FitIns(clock=4)
DEBUG flower 2021-04-08 07:39:09,099 | numpy_client.py:260 | cached_clock: -1, curr_clock: 4
INFO flower 2021-04-08 07:39:11,734 | numpy_client.py:205 | Cache is fresh, return FitRes(clock=4)
DEBUG flower 2021-04-08 07:39:11,759 | numpy_client.py:172 | fit, FitIns(clock=5)
DEBUG flower 2021-04-08 07:39:11,759 | numpy_client.py:260 | cached_clock: -1, curr_clock: 5
INFO flower 2021-04-08 07:39:14,517 | numpy_client.py:205 | Cache is fresh, return FitRes(clock=5)
DEBUG flower 2021-04-08 07:39:22,664 | numpy_client.py:172 | fit, FitIns(clock=6)
DEBUG flower 2021-04-08 07:39:22,665 | numpy_client.py:260 | cached_clock: -1, curr_clock: 6
INFO flower 2021-04-08 07:39:25,319 | numpy_client.py:205 | Cache is fresh, return FitRes(clock=6)
DEBUG flower 2021-04-08 07:39:25,342 | numpy_client.py:172 | fit, FitIns(clock=7)
DEBUG flower 2021-04-08 07:39:25,342 | numpy_client.py:260 | cached_clock: -1, curr_clock: 7
INFO flower 2021-04-08 07:39:27,949 | numpy_client.py:205 | Cache is fresh, return FitRes(clock=7)
DEBUG flower 2021-04-08 07:39:36,183 | numpy_client.py:172 | fit, FitIns(clock=8)
DEBUG flower 2021-04-08 07:39:36,183 | numpy_client.py:260 | cached_clock: -1, curr_clock: 8
INFO flower 2021-04-08 07:39:38,823 | numpy_client.py:205 | Cache is fresh, return FitRes(clock=8)
DEBUG flower 2021-04-08 07:39:38,846 | numpy_client.py:172 | fit, FitIns(clock=9)
DEBUG flower 2021-04-08 07:39:38,846 | numpy_client.py:260 | cached_clock: -1, curr_clock: 9
INFO flower 2021-04-08 07:39:41,441 | numpy_client.py:205 | Cache is fresh, return FitRes(clock=9)
DEBUG flower 2021-04-08 07:39:49,797 | numpy_client.py:172 | fit, FitIns(clock=10)
DEBUG flower 2021-04-08 07:39:49,798 | numpy_client.py:260 | cached_clock: -1, curr_clock: 10
INFO flower 2021-04-08 07:39:52,446 | numpy_client.py:205 | Cache is fresh, return FitRes(clock=10)
DEBUG flower 2021-04-08 07:39:52,475 | numpy_client.py:172 | fit, FitIns(clock=11)
DEBUG flower 2021-04-08 07:39:52,475 | numpy_client.py:260 | cached_clock: -1, curr_clock: 11
INFO flower 2021-04-08 07:39:55,028 | numpy_client.py:205 | Cache is fresh, return FitRes(clock=11)
DEBUG flower 2021-04-08 07:40:03,148 | numpy_client.py:172 | fit, FitIns(clock=12)
DEBUG flower 2021-04-08 07:40:03,148 | numpy_client.py:260 | cached_clock: -1, curr_clock: 12
INFO flower 2021-04-08 07:40:05,730 | numpy_client.py:205 | Cache is fresh, return FitRes(clock=12)
DEBUG flower 2021-04-08 07:40:05,753 | numpy_client.py:172 | fit, FitIns(clock=13)
DEBUG flower 2021-04-08 07:40:05,753 | numpy_client.py:260 | cached_clock: -1, curr_clock: 13
INFO flower 2021-04-08 07:40:08,435 | numpy_client.py:205 | Cache is fresh, return FitRes(clock=13)
DEBUG flower 2021-04-08 07:40:16,402 | numpy_client.py:172 | fit, FitIns(clock=14)
DEBUG flower 2021-04-08 07:40:16,402 | numpy_client.py:260 | cached_clock: -1, curr_clock: 14
INFO flower 2021-04-08 07:40:19,033 | numpy_client.py:205 | Cache is fresh, return FitRes(clock=14)
DEBUG flower 2021-04-08 07:40:19,056 | numpy_client.py:172 | fit, FitIns(clock=15)
DEBUG flower 2021-04-08 07:40:19,056 | numpy_client.py:260 | cached_clock: -1, curr_clock: 15
INFO flower 2021-04-08 07:40:21,729 | numpy_client.py:205 | Cache is fresh, return FitRes(clock=15)
DEBUG flower 2021-04-08 07:40:29,678 | numpy_client.py:172 | fit, FitIns(clock=16)
DEBUG flower 2021-04-08 07:40:29,678 | numpy_client.py:260 | cached_clock: -1, curr_clock: 16
INFO flower 2021-04-08 07:40:32,333 | numpy_client.py:205 | Cache is fresh, return FitRes(clock=16)
DEBUG flower 2021-04-08 07:40:32,351 | numpy_client.py:172 | fit, FitIns(clock=17)
DEBUG flower 2021-04-08 07:40:32,352 | numpy_client.py:260 | cached_clock: -1, curr_clock: 17
INFO flower 2021-04-08 07:40:35,035 | numpy_client.py:205 | Cache is fresh, return FitRes(clock=17)
DEBUG flower 2021-04-08 07:40:43,165 | numpy_client.py:172 | fit, FitIns(clock=18)
DEBUG flower 2021-04-08 07:40:43,166 | numpy_client.py:260 | cached_clock: -1, curr_clock: 18
INFO flower 2021-04-08 07:40:45,832 | numpy_client.py:205 | Cache is fresh, return FitRes(clock=18)
DEBUG flower 2021-04-08 07:40:45,850 | numpy_client.py:172 | fit, FitIns(clock=19)
DEBUG flower 2021-04-08 07:40:45,850 | numpy_client.py:260 | cached_clock: -1, curr_clock: 19
INFO flower 2021-04-08 07:40:48,429 | numpy_client.py:205 | Cache is fresh, return FitRes(clock=19)
DEBUG flower 2021-04-08 07:40:56,352 | numpy_client.py:172 | fit, FitIns(clock=20)
DEBUG flower 2021-04-08 07:40:56,352 | numpy_client.py:260 | cached_clock: -1, curr_clock: 20
INFO flower 2021-04-08 07:40:59,035 | numpy_client.py:205 | Cache is fresh, return FitRes(clock=20)
DEBUG flower 2021-04-08 07:40:59,058 | numpy_client.py:172 | fit, FitIns(clock=21)
DEBUG flower 2021-04-08 07:40:59,059 | numpy_client.py:260 | cached_clock: -1, curr_clock: 21
INFO flower 2021-04-08 07:41:01,729 | numpy_client.py:205 | Cache is fresh, return FitRes(clock=21)
DEBUG flower 2021-04-08 07:41:09,808 | numpy_client.py:172 | fit, FitIns(clock=22)
DEBUG flower 2021-04-08 07:41:09,808 | numpy_client.py:260 | cached_clock: -1, curr_clock: 22
INFO flower 2021-04-08 07:41:12,351 | numpy_client.py:205 | Cache is fresh, return FitRes(clock=22)
DEBUG flower 2021-04-08 07:41:12,391 | numpy_client.py:172 | fit, FitIns(clock=23)
DEBUG flower 2021-04-08 07:41:12,391 | numpy_client.py:260 | cached_clock: -1, curr_clock: 23
INFO flower 2021-04-08 07:41:14,929 | numpy_client.py:205 | Cache is fresh, return FitRes(clock=23)
DEBUG flower 2021-04-08 07:41:23,497 | numpy_client.py:172 | fit, FitIns(clock=24)
DEBUG flower 2021-04-08 07:41:23,497 | numpy_client.py:260 | cached_clock: -1, curr_clock: 24
INFO flower 2021-04-08 07:41:26,122 | numpy_client.py:205 | Cache is fresh, return FitRes(clock=24)
DEBUG flower 2021-04-08 07:41:26,145 | numpy_client.py:172 | fit, FitIns(clock=25)
DEBUG flower 2021-04-08 07:41:26,146 | numpy_client.py:260 | cached_clock: -1, curr_clock: 25
INFO flower 2021-04-08 07:41:28,748 | numpy_client.py:205 | Cache is fresh, return FitRes(clock=25)
DEBUG flower 2021-04-08 07:41:37,024 | numpy_client.py:172 | fit, FitIns(clock=26)
DEBUG flower 2021-04-08 07:41:37,024 | numpy_client.py:260 | cached_clock: -1, curr_clock: 26
INFO flower 2021-04-08 07:41:39,626 | numpy_client.py:205 | Cache is fresh, return FitRes(clock=26)
DEBUG flower 2021-04-08 07:41:39,644 | numpy_client.py:172 | fit, FitIns(clock=27)
DEBUG flower 2021-04-08 07:41:39,644 | numpy_client.py:260 | cached_clock: -1, curr_clock: 27
INFO flower 2021-04-08 07:41:42,324 | numpy_client.py:205 | Cache is fresh, return FitRes(clock=27)
DEBUG flower 2021-04-08 07:41:49,954 | numpy_client.py:172 | fit, FitIns(clock=28)
DEBUG flower 2021-04-08 07:41:49,954 | numpy_client.py:260 | cached_clock: -1, curr_clock: 28
INFO flower 2021-04-08 07:41:52,529 | numpy_client.py:205 | Cache is fresh, return FitRes(clock=28)
DEBUG flower 2021-04-08 07:41:52,552 | numpy_client.py:172 | fit, FitIns(clock=29)
DEBUG flower 2021-04-08 07:41:52,552 | numpy_client.py:260 | cached_clock: -1, curr_clock: 29
INFO flower 2021-04-08 07:41:55,125 | numpy_client.py:205 | Cache is fresh, return FitRes(clock=29)
DEBUG flower 2021-04-08 07:42:02,766 | numpy_client.py:172 | fit, FitIns(clock=30)
DEBUG flower 2021-04-08 07:42:02,767 | numpy_client.py:260 | cached_clock: -1, curr_clock: 30
INFO flower 2021-04-08 07:42:05,347 | numpy_client.py:205 | Cache is fresh, return FitRes(clock=30)
DEBUG flower 2021-04-08 07:42:05,371 | numpy_client.py:172 | fit, FitIns(clock=31)
DEBUG flower 2021-04-08 07:42:05,371 | numpy_client.py:260 | cached_clock: -1, curr_clock: 31
INFO flower 2021-04-08 07:42:08,030 | numpy_client.py:205 | Cache is fresh, return FitRes(clock=31)
DEBUG flower 2021-04-08 07:42:15,709 | numpy_client.py:172 | fit, FitIns(clock=32)
DEBUG flower 2021-04-08 07:42:15,709 | numpy_client.py:260 | cached_clock: -1, curr_clock: 32
INFO flower 2021-04-08 07:42:18,254 | numpy_client.py:205 | Cache is fresh, return FitRes(clock=32)
DEBUG flower 2021-04-08 07:42:18,277 | numpy_client.py:172 | fit, FitIns(clock=33)
DEBUG flower 2021-04-08 07:42:18,277 | numpy_client.py:260 | cached_clock: -1, curr_clock: 33
INFO flower 2021-04-08 07:42:20,818 | numpy_client.py:205 | Cache is fresh, return FitRes(clock=33)
DEBUG flower 2021-04-08 07:42:28,816 | numpy_client.py:172 | fit, FitIns(clock=34)
DEBUG flower 2021-04-08 07:42:28,817 | numpy_client.py:260 | cached_clock: -1, curr_clock: 34
INFO flower 2021-04-08 07:42:31,428 | numpy_client.py:205 | Cache is fresh, return FitRes(clock=34)
DEBUG flower 2021-04-08 07:42:31,451 | numpy_client.py:172 | fit, FitIns(clock=35)
DEBUG flower 2021-04-08 07:42:31,452 | numpy_client.py:260 | cached_clock: -1, curr_clock: 35
INFO flower 2021-04-08 07:42:34,029 | numpy_client.py:205 | Cache is fresh, return FitRes(clock=35)
DEBUG flower 2021-04-08 07:42:41,381 | numpy_client.py:172 | fit, FitIns(clock=36)
DEBUG flower 2021-04-08 07:42:41,381 | numpy_client.py:260 | cached_clock: -1, curr_clock: 36
INFO flower 2021-04-08 07:42:43,926 | numpy_client.py:205 | Cache is fresh, return FitRes(clock=36)
DEBUG flower 2021-04-08 07:42:43,949 | numpy_client.py:172 | fit, FitIns(clock=37)
DEBUG flower 2021-04-08 07:42:43,949 | numpy_client.py:260 | cached_clock: -1, curr_clock: 37
INFO flower 2021-04-08 07:42:46,530 | numpy_client.py:205 | Cache is fresh, return FitRes(clock=37)
DEBUG flower 2021-04-08 07:42:54,005 | numpy_client.py:172 | fit, FitIns(clock=38)
DEBUG flower 2021-04-08 07:42:54,005 | numpy_client.py:260 | cached_clock: -1, curr_clock: 38
INFO flower 2021-04-08 07:42:56,629 | numpy_client.py:205 | Cache is fresh, return FitRes(clock=38)
DEBUG flower 2021-04-08 07:42:56,651 | numpy_client.py:172 | fit, FitIns(clock=39)
DEBUG flower 2021-04-08 07:42:56,651 | numpy_client.py:260 | cached_clock: -1, curr_clock: 39
INFO flower 2021-04-08 07:42:59,217 | numpy_client.py:205 | Cache is fresh, return FitRes(clock=39)
DEBUG flower 2021-04-08 07:43:07,213 | numpy_client.py:172 | fit, FitIns(clock=40)
DEBUG flower 2021-04-08 07:43:07,213 | numpy_client.py:260 | cached_clock: -1, curr_clock: 40
INFO flower 2021-04-08 07:43:09,752 | numpy_client.py:205 | Cache is fresh, return FitRes(clock=40)
DEBUG flower 2021-04-08 07:43:09,833 | numpy_client.py:172 | fit, FitIns(clock=41)
DEBUG flower 2021-04-08 07:43:09,833 | numpy_client.py:260 | cached_clock: -1, curr_clock: 41
INFO flower 2021-04-08 07:43:12,418 | numpy_client.py:205 | Cache is fresh, return FitRes(clock=41)
DEBUG flower 2021-04-08 07:43:20,460 | numpy_client.py:172 | fit, FitIns(clock=42)
DEBUG flower 2021-04-08 07:43:20,460 | numpy_client.py:260 | cached_clock: -1, curr_clock: 42
INFO flower 2021-04-08 07:43:23,130 | numpy_client.py:205 | Cache is fresh, return FitRes(clock=42)
DEBUG flower 2021-04-08 07:43:23,152 | numpy_client.py:172 | fit, FitIns(clock=43)
DEBUG flower 2021-04-08 07:43:23,152 | numpy_client.py:260 | cached_clock: -1, curr_clock: 43
INFO flower 2021-04-08 07:43:25,840 | numpy_client.py:205 | Cache is fresh, return FitRes(clock=43)
DEBUG flower 2021-04-08 07:43:33,713 | numpy_client.py:172 | fit, FitIns(clock=44)
DEBUG flower 2021-04-08 07:43:33,714 | numpy_client.py:260 | cached_clock: -1, curr_clock: 44
INFO flower 2021-04-08 07:43:36,228 | numpy_client.py:205 | Cache is fresh, return FitRes(clock=44)
DEBUG flower 2021-04-08 07:43:36,251 | numpy_client.py:172 | fit, FitIns(clock=45)
DEBUG flower 2021-04-08 07:43:36,251 | numpy_client.py:260 | cached_clock: -1, curr_clock: 45
INFO flower 2021-04-08 07:43:38,827 | numpy_client.py:205 | Cache is fresh, return FitRes(clock=45)
DEBUG flower 2021-04-08 07:43:47,311 | numpy_client.py:172 | fit, FitIns(clock=46)
DEBUG flower 2021-04-08 07:43:47,311 | numpy_client.py:260 | cached_clock: -1, curr_clock: 46
INFO flower 2021-04-08 07:43:49,944 | numpy_client.py:205 | Cache is fresh, return FitRes(clock=46)
DEBUG flower 2021-04-08 07:43:49,966 | numpy_client.py:172 | fit, FitIns(clock=47)
DEBUG flower 2021-04-08 07:43:49,966 | numpy_client.py:260 | cached_clock: -1, curr_clock: 47
INFO flower 2021-04-08 07:43:52,634 | numpy_client.py:205 | Cache is fresh, return FitRes(clock=47)
DEBUG flower 2021-04-08 07:44:00,930 | numpy_client.py:172 | fit, FitIns(clock=48)
DEBUG flower 2021-04-08 07:44:00,930 | numpy_client.py:260 | cached_clock: -1, curr_clock: 48
INFO flower 2021-04-08 07:44:03,617 | numpy_client.py:205 | Cache is fresh, return FitRes(clock=48)
DEBUG flower 2021-04-08 07:44:03,641 | numpy_client.py:172 | fit, FitIns(clock=49)
DEBUG flower 2021-04-08 07:44:03,642 | numpy_client.py:260 | cached_clock: -1, curr_clock: 49
INFO flower 2021-04-08 07:44:06,127 | numpy_client.py:205 | Cache is fresh, return FitRes(clock=49)
DEBUG flower 2021-04-08 07:44:06,127 | numpy_client.py:217 | The client finishes computing after 325 seconds
INFO flower 2021-04-08 07:49:59,661 | numpy_client.py:250 | [32;1m Loss: 11.936, Accuracy: 61.702%[0m
DEBUG flower 2021-04-08 07:50:01,778 | connection.py:68 | Insecure gRPC channel closed
INFO flower 2021-04-08 07:50:01,779 | app.py:74 | Disconnect and shut down
Namespace(idx=7, max_delay=0, min_delay=0, num_clients=31, server_ip='10.244.29.27:8080', staleness_bound=50)
I'm client 7
Start SSP client without delay
Files already downloaded and verified
Files already downloaded and verified
[32;1mClient 7: 1668 train samples, 376 test samples[0m
loss=119.25433325767517, acc=0.1963443396226415
loss=116.43028163909912, acc=0.1963443396226415
loss=113.46700263023376, acc=0.1963443396226415
loss=110.01978540420532, acc=0.1963443396226415
loss=104.18066871166229, acc=0.19811320754716982
loss=93.7052720785141, acc=0.22523584905660377
loss=86.24938917160034, acc=0.2417452830188679
loss=83.49916923046112, acc=0.3007075471698113
loss=81.31532371044159, acc=0.330188679245283
loss=79.32488632202148, acc=0.3425707547169811
loss=78.96986293792725, acc=0.3472877358490566
loss=77.59707832336426, acc=0.3720518867924528
loss=76.38329315185547, acc=0.3714622641509434
loss=74.9922343492508, acc=0.40625
loss=73.48075318336487, acc=0.39976415094339623
loss=72.68799579143524, acc=0.39917452830188677
loss=71.26394975185394, acc=0.44221698113207547
loss=69.65845954418182, acc=0.4498820754716981
loss=68.13655602931976, acc=0.44634433962264153
loss=66.96528393030167, acc=0.46639150943396224
loss=66.09113258123398, acc=0.47877358490566035
loss=65.55770546197891, acc=0.49115566037735847
loss=64.6864532828331, acc=0.482311320754717
loss=63.797320544719696, acc=0.49292452830188677
loss=63.063726007938385, acc=0.5100235849056604
loss=62.9454659819603, acc=0.5135613207547169
loss=62.01235443353653, acc=0.5347877358490566
loss=60.79450863599777, acc=0.5294811320754716
loss=60.44422936439514, acc=0.5465801886792453
loss=59.51936113834381, acc=0.5560141509433962
loss=58.7965384721756, acc=0.5489386792452831
loss=57.93863099813461, acc=0.566627358490566
loss=57.391910135746, acc=0.5589622641509434
loss=56.31006234884262, acc=0.5660377358490566
loss=54.78403180837631, acc=0.5831367924528302
loss=54.23423308134079, acc=0.5966981132075472
loss=53.20369905233383, acc=0.6055424528301887
loss=53.042827785015106, acc=0.5949292452830188
loss=52.09463149309158, acc=0.6108490566037735
loss=52.00902479887009, acc=0.6120283018867925
loss=51.01886826753616, acc=0.6120283018867925
loss=49.108633637428284, acc=0.6214622641509434
loss=48.741171687841415, acc=0.6356132075471698
loss=48.79429334402084, acc=0.625
loss=47.895915508270264, acc=0.6379716981132075
loss=46.219990372657776, acc=0.6621462264150944
loss=46.06315392255783, acc=0.6550707547169812
loss=45.031955271959305, acc=0.6491745283018868
loss=44.70148801803589, acc=0.6709905660377359
loss=45.64805006980896, acc=0.6662735849056604
Files already downloaded and verified
Files already downloaded and verified
Testing on full test set: 313, 1445.7074122428894, 0.2995
Testing on partial test set: 12, 11.935812592506409, 0.6170212765957447
