DEBUG flower 2021-04-08 13:21:34,236 | connection.py:36 | ChannelConnectivity.IDLE
DEBUG flower 2021-04-08 13:21:34,238 | connection.py:36 | ChannelConnectivity.READY
INFO flower 2021-04-08 13:21:34,238 | app.py:63 | Opened (insecure) gRPC connection
DEBUG flower 2021-04-08 13:21:43,060 | numpy_client.py:172 | fit, FitIns(clock=0)
INFO flower 2021-04-08 13:21:43,061 | numpy_client.py:184 | Cache is stale, return ReadIns
DEBUG flower 2021-04-08 13:21:43,305 | numpy_client.py:228 | read: ReadRes(clock=-1)
DEBUG flower 2021-04-08 13:21:43,322 | numpy_client.py:172 | fit, FitIns(clock=0)
DEBUG flower 2021-04-08 13:21:43,322 | numpy_client.py:260 | cached_clock: -1, curr_clock: 0
DEBUG flower 2021-04-08 13:21:46,722 | model_wrapper.py:21 | Load existing initial model
INFO flower 2021-04-08 13:21:46,726 | numpy_client.py:205 | Cache is fresh, return FitRes(clock=0)
DEBUG flower 2021-04-08 13:21:46,737 | numpy_client.py:238 | update_staleness: Staleness bound set to 30
DEBUG flower 2021-04-08 13:21:46,747 | numpy_client.py:172 | fit, FitIns(clock=1)
DEBUG flower 2021-04-08 13:21:46,747 | numpy_client.py:260 | cached_clock: -1, curr_clock: 1
INFO flower 2021-04-08 13:21:50,131 | numpy_client.py:205 | Cache is fresh, return FitRes(clock=1)
DEBUG flower 2021-04-08 13:21:57,563 | numpy_client.py:172 | fit, FitIns(clock=2)
DEBUG flower 2021-04-08 13:21:57,563 | numpy_client.py:260 | cached_clock: -1, curr_clock: 2
INFO flower 2021-04-08 13:22:01,204 | numpy_client.py:205 | Cache is fresh, return FitRes(clock=2)
DEBUG flower 2021-04-08 13:22:01,229 | numpy_client.py:172 | fit, FitIns(clock=3)
DEBUG flower 2021-04-08 13:22:01,229 | numpy_client.py:260 | cached_clock: -1, curr_clock: 3
INFO flower 2021-04-08 13:22:04,609 | numpy_client.py:205 | Cache is fresh, return FitRes(clock=3)
DEBUG flower 2021-04-08 13:22:12,546 | numpy_client.py:172 | fit, FitIns(clock=4)
DEBUG flower 2021-04-08 13:22:12,547 | numpy_client.py:260 | cached_clock: -1, curr_clock: 4
INFO flower 2021-04-08 13:22:15,724 | numpy_client.py:205 | Cache is fresh, return FitRes(clock=4)
DEBUG flower 2021-04-08 13:22:15,748 | numpy_client.py:172 | fit, FitIns(clock=5)
DEBUG flower 2021-04-08 13:22:15,748 | numpy_client.py:260 | cached_clock: -1, curr_clock: 5
INFO flower 2021-04-08 13:22:19,320 | numpy_client.py:205 | Cache is fresh, return FitRes(clock=5)
DEBUG flower 2021-04-08 13:22:26,212 | numpy_client.py:172 | fit, FitIns(clock=6)
DEBUG flower 2021-04-08 13:22:26,213 | numpy_client.py:260 | cached_clock: -1, curr_clock: 6
INFO flower 2021-04-08 13:22:29,519 | numpy_client.py:205 | Cache is fresh, return FitRes(clock=6)
DEBUG flower 2021-04-08 13:22:29,572 | numpy_client.py:172 | fit, FitIns(clock=7)
DEBUG flower 2021-04-08 13:22:29,572 | numpy_client.py:260 | cached_clock: -1, curr_clock: 7
INFO flower 2021-04-08 13:22:32,829 | numpy_client.py:205 | Cache is fresh, return FitRes(clock=7)
DEBUG flower 2021-04-08 13:22:39,313 | numpy_client.py:172 | fit, FitIns(clock=8)
DEBUG flower 2021-04-08 13:22:39,313 | numpy_client.py:260 | cached_clock: -1, curr_clock: 8
INFO flower 2021-04-08 13:22:42,526 | numpy_client.py:205 | Cache is fresh, return FitRes(clock=8)
DEBUG flower 2021-04-08 13:22:42,552 | numpy_client.py:172 | fit, FitIns(clock=9)
DEBUG flower 2021-04-08 13:22:42,552 | numpy_client.py:260 | cached_clock: -1, curr_clock: 9
INFO flower 2021-04-08 13:22:46,017 | numpy_client.py:205 | Cache is fresh, return FitRes(clock=9)
DEBUG flower 2021-04-08 13:22:52,400 | numpy_client.py:172 | fit, FitIns(clock=10)
DEBUG flower 2021-04-08 13:22:52,400 | numpy_client.py:260 | cached_clock: -1, curr_clock: 10
INFO flower 2021-04-08 13:22:55,725 | numpy_client.py:205 | Cache is fresh, return FitRes(clock=10)
DEBUG flower 2021-04-08 13:22:55,749 | numpy_client.py:172 | fit, FitIns(clock=11)
DEBUG flower 2021-04-08 13:22:55,749 | numpy_client.py:260 | cached_clock: -1, curr_clock: 11
INFO flower 2021-04-08 13:22:59,221 | numpy_client.py:205 | Cache is fresh, return FitRes(clock=11)
DEBUG flower 2021-04-08 13:23:05,548 | numpy_client.py:172 | fit, FitIns(clock=12)
DEBUG flower 2021-04-08 13:23:05,548 | numpy_client.py:260 | cached_clock: -1, curr_clock: 12
INFO flower 2021-04-08 13:23:08,912 | numpy_client.py:205 | Cache is fresh, return FitRes(clock=12)
DEBUG flower 2021-04-08 13:23:08,933 | numpy_client.py:172 | fit, FitIns(clock=13)
DEBUG flower 2021-04-08 13:23:08,933 | numpy_client.py:260 | cached_clock: -1, curr_clock: 13
INFO flower 2021-04-08 13:23:12,417 | numpy_client.py:205 | Cache is fresh, return FitRes(clock=13)
DEBUG flower 2021-04-08 13:23:18,759 | numpy_client.py:172 | fit, FitIns(clock=14)
DEBUG flower 2021-04-08 13:23:18,759 | numpy_client.py:260 | cached_clock: -1, curr_clock: 14
INFO flower 2021-04-08 13:23:22,212 | numpy_client.py:205 | Cache is fresh, return FitRes(clock=14)
DEBUG flower 2021-04-08 13:23:22,246 | numpy_client.py:172 | fit, FitIns(clock=15)
DEBUG flower 2021-04-08 13:23:22,247 | numpy_client.py:260 | cached_clock: -1, curr_clock: 15
INFO flower 2021-04-08 13:23:25,515 | numpy_client.py:205 | Cache is fresh, return FitRes(clock=15)
DEBUG flower 2021-04-08 13:23:31,607 | numpy_client.py:172 | fit, FitIns(clock=16)
DEBUG flower 2021-04-08 13:23:31,607 | numpy_client.py:260 | cached_clock: -1, curr_clock: 16
INFO flower 2021-04-08 13:23:34,909 | numpy_client.py:205 | Cache is fresh, return FitRes(clock=16)
DEBUG flower 2021-04-08 13:23:34,932 | numpy_client.py:172 | fit, FitIns(clock=17)
DEBUG flower 2021-04-08 13:23:34,932 | numpy_client.py:260 | cached_clock: -1, curr_clock: 17
INFO flower 2021-04-08 13:23:38,215 | numpy_client.py:205 | Cache is fresh, return FitRes(clock=17)
DEBUG flower 2021-04-08 13:23:44,495 | numpy_client.py:172 | fit, FitIns(clock=18)
DEBUG flower 2021-04-08 13:23:44,495 | numpy_client.py:260 | cached_clock: -1, curr_clock: 18
INFO flower 2021-04-08 13:23:47,821 | numpy_client.py:205 | Cache is fresh, return FitRes(clock=18)
DEBUG flower 2021-04-08 13:23:47,846 | numpy_client.py:172 | fit, FitIns(clock=19)
DEBUG flower 2021-04-08 13:23:47,846 | numpy_client.py:260 | cached_clock: -1, curr_clock: 19
INFO flower 2021-04-08 13:23:51,122 | numpy_client.py:205 | Cache is fresh, return FitRes(clock=19)
DEBUG flower 2021-04-08 13:23:57,965 | numpy_client.py:172 | fit, FitIns(clock=20)
DEBUG flower 2021-04-08 13:23:57,966 | numpy_client.py:260 | cached_clock: -1, curr_clock: 20
INFO flower 2021-04-08 13:24:01,419 | numpy_client.py:205 | Cache is fresh, return FitRes(clock=20)
DEBUG flower 2021-04-08 13:24:01,481 | numpy_client.py:172 | fit, FitIns(clock=21)
DEBUG flower 2021-04-08 13:24:01,481 | numpy_client.py:260 | cached_clock: -1, curr_clock: 21
INFO flower 2021-04-08 13:24:04,814 | numpy_client.py:205 | Cache is fresh, return FitRes(clock=21)
DEBUG flower 2021-04-08 13:24:11,196 | numpy_client.py:172 | fit, FitIns(clock=22)
DEBUG flower 2021-04-08 13:24:11,197 | numpy_client.py:260 | cached_clock: -1, curr_clock: 22
INFO flower 2021-04-08 13:24:14,514 | numpy_client.py:205 | Cache is fresh, return FitRes(clock=22)
DEBUG flower 2021-04-08 13:24:14,570 | numpy_client.py:172 | fit, FitIns(clock=23)
DEBUG flower 2021-04-08 13:24:14,570 | numpy_client.py:260 | cached_clock: -1, curr_clock: 23
INFO flower 2021-04-08 13:24:17,808 | numpy_client.py:205 | Cache is fresh, return FitRes(clock=23)
DEBUG flower 2021-04-08 13:24:24,374 | numpy_client.py:172 | fit, FitIns(clock=24)
DEBUG flower 2021-04-08 13:24:24,374 | numpy_client.py:260 | cached_clock: -1, curr_clock: 24
INFO flower 2021-04-08 13:24:27,717 | numpy_client.py:205 | Cache is fresh, return FitRes(clock=24)
DEBUG flower 2021-04-08 13:24:27,743 | numpy_client.py:172 | fit, FitIns(clock=25)
DEBUG flower 2021-04-08 13:24:27,743 | numpy_client.py:260 | cached_clock: -1, curr_clock: 25
INFO flower 2021-04-08 13:24:31,110 | numpy_client.py:205 | Cache is fresh, return FitRes(clock=25)
DEBUG flower 2021-04-08 13:24:37,447 | numpy_client.py:172 | fit, FitIns(clock=26)
DEBUG flower 2021-04-08 13:24:37,447 | numpy_client.py:260 | cached_clock: -1, curr_clock: 26
INFO flower 2021-04-08 13:24:40,827 | numpy_client.py:205 | Cache is fresh, return FitRes(clock=26)
DEBUG flower 2021-04-08 13:24:40,878 | numpy_client.py:172 | fit, FitIns(clock=27)
DEBUG flower 2021-04-08 13:24:40,878 | numpy_client.py:260 | cached_clock: -1, curr_clock: 27
INFO flower 2021-04-08 13:24:44,112 | numpy_client.py:205 | Cache is fresh, return FitRes(clock=27)
DEBUG flower 2021-04-08 13:24:51,751 | numpy_client.py:172 | fit, FitIns(clock=28)
DEBUG flower 2021-04-08 13:24:51,751 | numpy_client.py:260 | cached_clock: -1, curr_clock: 28
INFO flower 2021-04-08 13:24:55,113 | numpy_client.py:205 | Cache is fresh, return FitRes(clock=28)
DEBUG flower 2021-04-08 13:24:55,140 | numpy_client.py:172 | fit, FitIns(clock=29)
DEBUG flower 2021-04-08 13:24:55,141 | numpy_client.py:260 | cached_clock: -1, curr_clock: 29
INFO flower 2021-04-08 13:24:58,609 | numpy_client.py:205 | Cache is fresh, return FitRes(clock=29)
DEBUG flower 2021-04-08 13:25:04,918 | numpy_client.py:172 | fit, FitIns(clock=30)
DEBUG flower 2021-04-08 13:25:04,918 | numpy_client.py:260 | cached_clock: -1, curr_clock: 30
INFO flower 2021-04-08 13:25:04,919 | numpy_client.py:184 | Cache is stale, return ReadIns
DEBUG flower 2021-04-08 13:25:05,005 | numpy_client.py:228 | read: ReadRes(clock=14)
DEBUG flower 2021-04-08 13:25:05,012 | numpy_client.py:172 | fit, FitIns(clock=30)
DEBUG flower 2021-04-08 13:25:05,012 | numpy_client.py:260 | cached_clock: 14, curr_clock: 30
INFO flower 2021-04-08 13:25:08,422 | numpy_client.py:205 | Cache is fresh, return FitRes(clock=30)
DEBUG flower 2021-04-08 13:25:08,516 | numpy_client.py:172 | fit, FitIns(clock=31)
DEBUG flower 2021-04-08 13:25:08,516 | numpy_client.py:260 | cached_clock: 14, curr_clock: 31
INFO flower 2021-04-08 13:25:11,916 | numpy_client.py:205 | Cache is fresh, return FitRes(clock=31)
DEBUG flower 2021-04-08 13:25:17,996 | numpy_client.py:172 | fit, FitIns(clock=32)
DEBUG flower 2021-04-08 13:25:17,996 | numpy_client.py:260 | cached_clock: 14, curr_clock: 32
INFO flower 2021-04-08 13:25:21,408 | numpy_client.py:205 | Cache is fresh, return FitRes(clock=32)
DEBUG flower 2021-04-08 13:25:21,449 | numpy_client.py:172 | fit, FitIns(clock=33)
DEBUG flower 2021-04-08 13:25:21,449 | numpy_client.py:260 | cached_clock: 14, curr_clock: 33
INFO flower 2021-04-08 13:25:24,610 | numpy_client.py:205 | Cache is fresh, return FitRes(clock=33)
DEBUG flower 2021-04-08 13:25:31,215 | numpy_client.py:172 | fit, FitIns(clock=34)
DEBUG flower 2021-04-08 13:25:31,216 | numpy_client.py:260 | cached_clock: 14, curr_clock: 34
INFO flower 2021-04-08 13:25:34,704 | numpy_client.py:205 | Cache is fresh, return FitRes(clock=34)
DEBUG flower 2021-04-08 13:25:34,776 | numpy_client.py:172 | fit, FitIns(clock=35)
DEBUG flower 2021-04-08 13:25:34,776 | numpy_client.py:260 | cached_clock: 14, curr_clock: 35
INFO flower 2021-04-08 13:25:38,046 | numpy_client.py:205 | Cache is fresh, return FitRes(clock=35)
DEBUG flower 2021-04-08 13:25:44,712 | numpy_client.py:172 | fit, FitIns(clock=36)
DEBUG flower 2021-04-08 13:25:44,712 | numpy_client.py:260 | cached_clock: 14, curr_clock: 36
INFO flower 2021-04-08 13:25:48,035 | numpy_client.py:205 | Cache is fresh, return FitRes(clock=36)
DEBUG flower 2021-04-08 13:25:48,074 | numpy_client.py:172 | fit, FitIns(clock=37)
DEBUG flower 2021-04-08 13:25:48,074 | numpy_client.py:260 | cached_clock: 14, curr_clock: 37
INFO flower 2021-04-08 13:25:51,321 | numpy_client.py:205 | Cache is fresh, return FitRes(clock=37)
DEBUG flower 2021-04-08 13:25:58,379 | numpy_client.py:172 | fit, FitIns(clock=38)
DEBUG flower 2021-04-08 13:25:58,379 | numpy_client.py:260 | cached_clock: 14, curr_clock: 38
INFO flower 2021-04-08 13:26:01,706 | numpy_client.py:205 | Cache is fresh, return FitRes(clock=38)
DEBUG flower 2021-04-08 13:26:01,730 | numpy_client.py:172 | fit, FitIns(clock=39)
DEBUG flower 2021-04-08 13:26:01,730 | numpy_client.py:260 | cached_clock: 14, curr_clock: 39
INFO flower 2021-04-08 13:26:04,955 | numpy_client.py:205 | Cache is fresh, return FitRes(clock=39)
DEBUG flower 2021-04-08 13:26:11,424 | numpy_client.py:238 | update_staleness: Staleness bound set to 29
DEBUG flower 2021-04-08 13:26:11,439 | numpy_client.py:172 | fit, FitIns(clock=40)
DEBUG flower 2021-04-08 13:26:11,439 | numpy_client.py:260 | cached_clock: 14, curr_clock: 40
INFO flower 2021-04-08 13:26:14,642 | numpy_client.py:205 | Cache is fresh, return FitRes(clock=40)
DEBUG flower 2021-04-08 13:26:14,713 | numpy_client.py:172 | fit, FitIns(clock=41)
DEBUG flower 2021-04-08 13:26:14,713 | numpy_client.py:260 | cached_clock: 14, curr_clock: 41
INFO flower 2021-04-08 13:26:17,920 | numpy_client.py:205 | Cache is fresh, return FitRes(clock=41)
DEBUG flower 2021-04-08 13:26:24,852 | numpy_client.py:238 | update_staleness: Staleness bound set to 28
DEBUG flower 2021-04-08 13:26:24,862 | numpy_client.py:172 | fit, FitIns(clock=42)
DEBUG flower 2021-04-08 13:26:24,862 | numpy_client.py:260 | cached_clock: 14, curr_clock: 42
INFO flower 2021-04-08 13:26:28,231 | numpy_client.py:205 | Cache is fresh, return FitRes(clock=42)
DEBUG flower 2021-04-08 13:26:28,278 | numpy_client.py:172 | fit, FitIns(clock=43)
DEBUG flower 2021-04-08 13:26:28,278 | numpy_client.py:260 | cached_clock: 14, curr_clock: 43
INFO flower 2021-04-08 13:26:28,278 | numpy_client.py:184 | Cache is stale, return ReadIns
DEBUG flower 2021-04-08 13:26:28,294 | numpy_client.py:228 | read: ReadRes(clock=20)
DEBUG flower 2021-04-08 13:26:28,301 | numpy_client.py:172 | fit, FitIns(clock=43)
DEBUG flower 2021-04-08 13:26:28,301 | numpy_client.py:260 | cached_clock: 20, curr_clock: 43
INFO flower 2021-04-08 13:26:31,854 | numpy_client.py:205 | Cache is fresh, return FitRes(clock=43)
DEBUG flower 2021-04-08 13:26:38,237 | numpy_client.py:238 | update_staleness: Staleness bound set to 27
DEBUG flower 2021-04-08 13:26:38,255 | numpy_client.py:172 | fit, FitIns(clock=44)
DEBUG flower 2021-04-08 13:26:38,255 | numpy_client.py:260 | cached_clock: 20, curr_clock: 44
INFO flower 2021-04-08 13:26:41,627 | numpy_client.py:205 | Cache is fresh, return FitRes(clock=44)
DEBUG flower 2021-04-08 13:26:41,694 | numpy_client.py:172 | fit, FitIns(clock=45)
DEBUG flower 2021-04-08 13:26:41,694 | numpy_client.py:260 | cached_clock: 20, curr_clock: 45
INFO flower 2021-04-08 13:26:44,945 | numpy_client.py:205 | Cache is fresh, return FitRes(clock=45)
DEBUG flower 2021-04-08 13:26:51,147 | numpy_client.py:238 | update_staleness: Staleness bound set to 26
DEBUG flower 2021-04-08 13:26:51,166 | numpy_client.py:172 | fit, FitIns(clock=46)
DEBUG flower 2021-04-08 13:26:51,166 | numpy_client.py:260 | cached_clock: 20, curr_clock: 46
INFO flower 2021-04-08 13:26:54,553 | numpy_client.py:205 | Cache is fresh, return FitRes(clock=46)
DEBUG flower 2021-04-08 13:26:54,625 | numpy_client.py:172 | fit, FitIns(clock=47)
DEBUG flower 2021-04-08 13:26:54,625 | numpy_client.py:260 | cached_clock: 20, curr_clock: 47
INFO flower 2021-04-08 13:26:54,625 | numpy_client.py:184 | Cache is stale, return ReadIns
DEBUG flower 2021-04-08 13:26:54,640 | numpy_client.py:228 | read: ReadRes(clock=22)
DEBUG flower 2021-04-08 13:26:54,647 | numpy_client.py:172 | fit, FitIns(clock=47)
DEBUG flower 2021-04-08 13:26:54,647 | numpy_client.py:260 | cached_clock: 22, curr_clock: 47
INFO flower 2021-04-08 13:26:58,015 | numpy_client.py:205 | Cache is fresh, return FitRes(clock=47)
DEBUG flower 2021-04-08 13:27:03,804 | numpy_client.py:238 | update_staleness: Staleness bound set to 25
DEBUG flower 2021-04-08 13:27:03,821 | numpy_client.py:172 | fit, FitIns(clock=48)
DEBUG flower 2021-04-08 13:27:03,821 | numpy_client.py:260 | cached_clock: 22, curr_clock: 48
INFO flower 2021-04-08 13:27:03,821 | numpy_client.py:184 | Cache is stale, return ReadIns
DEBUG flower 2021-04-08 13:27:03,849 | numpy_client.py:228 | read: ReadRes(clock=23)
DEBUG flower 2021-04-08 13:27:03,856 | numpy_client.py:172 | fit, FitIns(clock=48)
DEBUG flower 2021-04-08 13:27:03,856 | numpy_client.py:260 | cached_clock: 23, curr_clock: 48
INFO flower 2021-04-08 13:27:07,224 | numpy_client.py:205 | Cache is fresh, return FitRes(clock=48)
DEBUG flower 2021-04-08 13:27:07,247 | numpy_client.py:172 | fit, FitIns(clock=49)
DEBUG flower 2021-04-08 13:27:07,247 | numpy_client.py:260 | cached_clock: 23, curr_clock: 49
INFO flower 2021-04-08 13:27:07,247 | numpy_client.py:184 | Cache is stale, return ReadIns
DEBUG flower 2021-04-08 13:27:08,321 | numpy_client.py:228 | read: ReadRes(clock=24)
DEBUG flower 2021-04-08 13:27:08,328 | numpy_client.py:172 | fit, FitIns(clock=49)
DEBUG flower 2021-04-08 13:27:08,328 | numpy_client.py:260 | cached_clock: 24, curr_clock: 49
INFO flower 2021-04-08 13:27:11,832 | numpy_client.py:205 | Cache is fresh, return FitRes(clock=49)
DEBUG flower 2021-04-08 13:27:17,504 | numpy_client.py:238 | update_staleness: Staleness bound set to 24
DEBUG flower 2021-04-08 13:27:17,522 | numpy_client.py:172 | fit, FitIns(clock=50)
DEBUG flower 2021-04-08 13:27:17,523 | numpy_client.py:260 | cached_clock: 24, curr_clock: 50
INFO flower 2021-04-08 13:27:17,523 | numpy_client.py:184 | Cache is stale, return ReadIns
DEBUG flower 2021-04-08 13:27:34,805 | numpy_client.py:228 | read: ReadRes(clock=26)
DEBUG flower 2021-04-08 13:27:34,812 | numpy_client.py:172 | fit, FitIns(clock=50)
DEBUG flower 2021-04-08 13:27:34,813 | numpy_client.py:260 | cached_clock: 26, curr_clock: 50
INFO flower 2021-04-08 13:27:38,107 | numpy_client.py:205 | Cache is fresh, return FitRes(clock=50)
DEBUG flower 2021-04-08 13:27:43,792 | numpy_client.py:172 | fit, FitIns(clock=51)
DEBUG flower 2021-04-08 13:27:43,792 | numpy_client.py:260 | cached_clock: 26, curr_clock: 51
INFO flower 2021-04-08 13:27:43,792 | numpy_client.py:184 | Cache is stale, return ReadIns
DEBUG flower 2021-04-08 13:27:48,118 | numpy_client.py:228 | read: ReadRes(clock=27)
DEBUG flower 2021-04-08 13:27:48,125 | numpy_client.py:172 | fit, FitIns(clock=51)
DEBUG flower 2021-04-08 13:27:48,125 | numpy_client.py:260 | cached_clock: 27, curr_clock: 51
INFO flower 2021-04-08 13:27:51,633 | numpy_client.py:205 | Cache is fresh, return FitRes(clock=51)
DEBUG flower 2021-04-08 13:27:56,811 | numpy_client.py:172 | fit, FitIns(clock=52)
DEBUG flower 2021-04-08 13:27:56,811 | numpy_client.py:260 | cached_clock: 27, curr_clock: 52
INFO flower 2021-04-08 13:27:56,811 | numpy_client.py:184 | Cache is stale, return ReadIns
DEBUG flower 2021-04-08 13:28:01,697 | numpy_client.py:228 | read: ReadRes(clock=28)
DEBUG flower 2021-04-08 13:28:01,709 | numpy_client.py:172 | fit, FitIns(clock=52)
DEBUG flower 2021-04-08 13:28:01,709 | numpy_client.py:260 | cached_clock: 28, curr_clock: 52
INFO flower 2021-04-08 13:28:05,032 | numpy_client.py:205 | Cache is fresh, return FitRes(clock=52)
DEBUG flower 2021-04-08 13:28:10,777 | numpy_client.py:172 | fit, FitIns(clock=53)
DEBUG flower 2021-04-08 13:28:10,777 | numpy_client.py:260 | cached_clock: 28, curr_clock: 53
INFO flower 2021-04-08 13:28:10,777 | numpy_client.py:184 | Cache is stale, return ReadIns
DEBUG flower 2021-04-08 13:28:14,853 | numpy_client.py:228 | read: ReadRes(clock=29)
DEBUG flower 2021-04-08 13:28:14,861 | numpy_client.py:172 | fit, FitIns(clock=53)
DEBUG flower 2021-04-08 13:28:14,861 | numpy_client.py:260 | cached_clock: 29, curr_clock: 53
INFO flower 2021-04-08 13:28:18,250 | numpy_client.py:205 | Cache is fresh, return FitRes(clock=53)
DEBUG flower 2021-04-08 13:28:24,082 | numpy_client.py:172 | fit, FitIns(clock=54)
DEBUG flower 2021-04-08 13:28:24,083 | numpy_client.py:260 | cached_clock: 29, curr_clock: 54
INFO flower 2021-04-08 13:28:24,083 | numpy_client.py:184 | Cache is stale, return ReadIns
DEBUG flower 2021-04-08 13:28:28,434 | numpy_client.py:228 | read: ReadRes(clock=30)
DEBUG flower 2021-04-08 13:28:28,442 | numpy_client.py:172 | fit, FitIns(clock=54)
DEBUG flower 2021-04-08 13:28:28,442 | numpy_client.py:260 | cached_clock: 30, curr_clock: 54
INFO flower 2021-04-08 13:28:31,906 | numpy_client.py:205 | Cache is fresh, return FitRes(clock=54)
DEBUG flower 2021-04-08 13:28:38,500 | numpy_client.py:172 | fit, FitIns(clock=55)
DEBUG flower 2021-04-08 13:28:38,500 | numpy_client.py:260 | cached_clock: 30, curr_clock: 55
INFO flower 2021-04-08 13:28:38,500 | numpy_client.py:184 | Cache is stale, return ReadIns
DEBUG flower 2021-04-08 13:28:42,705 | numpy_client.py:228 | read: ReadRes(clock=31)
DEBUG flower 2021-04-08 13:28:42,712 | numpy_client.py:172 | fit, FitIns(clock=55)
DEBUG flower 2021-04-08 13:28:42,712 | numpy_client.py:260 | cached_clock: 31, curr_clock: 55
INFO flower 2021-04-08 13:28:46,025 | numpy_client.py:205 | Cache is fresh, return FitRes(clock=55)
DEBUG flower 2021-04-08 13:28:52,306 | numpy_client.py:172 | fit, FitIns(clock=56)
DEBUG flower 2021-04-08 13:28:52,307 | numpy_client.py:260 | cached_clock: 31, curr_clock: 56
INFO flower 2021-04-08 13:28:52,307 | numpy_client.py:184 | Cache is stale, return ReadIns
DEBUG flower 2021-04-08 13:28:56,505 | numpy_client.py:228 | read: ReadRes(clock=32)
DEBUG flower 2021-04-08 13:28:56,512 | numpy_client.py:172 | fit, FitIns(clock=56)
DEBUG flower 2021-04-08 13:28:56,512 | numpy_client.py:260 | cached_clock: 32, curr_clock: 56
INFO flower 2021-04-08 13:28:59,908 | numpy_client.py:205 | Cache is fresh, return FitRes(clock=56)
DEBUG flower 2021-04-08 13:29:05,378 | numpy_client.py:172 | fit, FitIns(clock=57)
DEBUG flower 2021-04-08 13:29:05,378 | numpy_client.py:260 | cached_clock: 32, curr_clock: 57
INFO flower 2021-04-08 13:29:05,379 | numpy_client.py:184 | Cache is stale, return ReadIns
DEBUG flower 2021-04-08 13:29:09,621 | numpy_client.py:228 | read: ReadRes(clock=33)
DEBUG flower 2021-04-08 13:29:09,628 | numpy_client.py:172 | fit, FitIns(clock=57)
DEBUG flower 2021-04-08 13:29:09,628 | numpy_client.py:260 | cached_clock: 33, curr_clock: 57
INFO flower 2021-04-08 13:29:12,813 | numpy_client.py:205 | Cache is fresh, return FitRes(clock=57)
DEBUG flower 2021-04-08 13:29:18,757 | numpy_client.py:172 | fit, FitIns(clock=58)
DEBUG flower 2021-04-08 13:29:18,758 | numpy_client.py:260 | cached_clock: 33, curr_clock: 58
INFO flower 2021-04-08 13:29:18,758 | numpy_client.py:184 | Cache is stale, return ReadIns
DEBUG flower 2021-04-08 13:29:23,302 | numpy_client.py:228 | read: ReadRes(clock=34)
DEBUG flower 2021-04-08 13:29:23,310 | numpy_client.py:172 | fit, FitIns(clock=58)
DEBUG flower 2021-04-08 13:29:23,310 | numpy_client.py:260 | cached_clock: 34, curr_clock: 58
INFO flower 2021-04-08 13:29:26,726 | numpy_client.py:205 | Cache is fresh, return FitRes(clock=58)
DEBUG flower 2021-04-08 13:29:32,637 | numpy_client.py:172 | fit, FitIns(clock=59)
DEBUG flower 2021-04-08 13:29:32,637 | numpy_client.py:260 | cached_clock: 34, curr_clock: 59
INFO flower 2021-04-08 13:29:32,637 | numpy_client.py:184 | Cache is stale, return ReadIns
DEBUG flower 2021-04-08 13:29:37,304 | numpy_client.py:228 | read: ReadRes(clock=35)
DEBUG flower 2021-04-08 13:29:37,312 | numpy_client.py:172 | fit, FitIns(clock=59)
DEBUG flower 2021-04-08 13:29:37,312 | numpy_client.py:260 | cached_clock: 35, curr_clock: 59
INFO flower 2021-04-08 13:29:40,706 | numpy_client.py:205 | Cache is fresh, return FitRes(clock=59)
DEBUG flower 2021-04-08 13:29:46,436 | numpy_client.py:238 | update_staleness: Staleness bound set to 23
DEBUG flower 2021-04-08 13:29:46,454 | numpy_client.py:172 | fit, FitIns(clock=60)
DEBUG flower 2021-04-08 13:29:46,454 | numpy_client.py:260 | cached_clock: 35, curr_clock: 60
INFO flower 2021-04-08 13:29:46,454 | numpy_client.py:184 | Cache is stale, return ReadIns
DEBUG flower 2021-04-08 13:30:04,334 | numpy_client.py:228 | read: ReadRes(clock=37)
DEBUG flower 2021-04-08 13:30:04,342 | numpy_client.py:172 | fit, FitIns(clock=60)
DEBUG flower 2021-04-08 13:30:04,342 | numpy_client.py:260 | cached_clock: 37, curr_clock: 60
INFO flower 2021-04-08 13:30:07,624 | numpy_client.py:205 | Cache is fresh, return FitRes(clock=60)
DEBUG flower 2021-04-08 13:30:13,355 | numpy_client.py:238 | update_staleness: Staleness bound set to 21
DEBUG flower 2021-04-08 13:30:13,375 | numpy_client.py:172 | fit, FitIns(clock=61)
DEBUG flower 2021-04-08 13:30:13,375 | numpy_client.py:260 | cached_clock: 37, curr_clock: 61
INFO flower 2021-04-08 13:30:13,375 | numpy_client.py:184 | Cache is stale, return ReadIns
DEBUG flower 2021-04-08 13:30:43,621 | numpy_client.py:228 | read: ReadRes(clock=40)
DEBUG flower 2021-04-08 13:30:43,628 | numpy_client.py:172 | fit, FitIns(clock=61)
DEBUG flower 2021-04-08 13:30:43,629 | numpy_client.py:260 | cached_clock: 40, curr_clock: 61
INFO flower 2021-04-08 13:30:47,120 | numpy_client.py:205 | Cache is fresh, return FitRes(clock=61)
DEBUG flower 2021-04-08 13:30:53,000 | numpy_client.py:238 | update_staleness: Staleness bound set to 18
DEBUG flower 2021-04-08 13:30:53,010 | numpy_client.py:172 | fit, FitIns(clock=62)
DEBUG flower 2021-04-08 13:30:53,011 | numpy_client.py:260 | cached_clock: 40, curr_clock: 62
INFO flower 2021-04-08 13:30:53,011 | numpy_client.py:184 | Cache is stale, return ReadIns
DEBUG flower 2021-04-08 13:31:38,419 | numpy_client.py:228 | read: ReadRes(clock=44)
DEBUG flower 2021-04-08 13:31:38,427 | numpy_client.py:172 | fit, FitIns(clock=62)
DEBUG flower 2021-04-08 13:31:38,427 | numpy_client.py:260 | cached_clock: 44, curr_clock: 62
INFO flower 2021-04-08 13:31:41,930 | numpy_client.py:205 | Cache is fresh, return FitRes(clock=62)
DEBUG flower 2021-04-08 13:31:47,551 | numpy_client.py:238 | update_staleness: Staleness bound set to 17
DEBUG flower 2021-04-08 13:31:47,560 | numpy_client.py:172 | fit, FitIns(clock=63)
DEBUG flower 2021-04-08 13:31:47,561 | numpy_client.py:260 | cached_clock: 44, curr_clock: 63
INFO flower 2021-04-08 13:31:47,561 | numpy_client.py:184 | Cache is stale, return ReadIns
DEBUG flower 2021-04-08 13:32:06,335 | numpy_client.py:228 | read: ReadRes(clock=46)
DEBUG flower 2021-04-08 13:32:06,342 | numpy_client.py:172 | fit, FitIns(clock=63)
DEBUG flower 2021-04-08 13:32:06,342 | numpy_client.py:260 | cached_clock: 46, curr_clock: 63
INFO flower 2021-04-08 13:32:09,721 | numpy_client.py:205 | Cache is fresh, return FitRes(clock=63)
DEBUG flower 2021-04-08 13:32:15,631 | numpy_client.py:172 | fit, FitIns(clock=64)
DEBUG flower 2021-04-08 13:32:15,632 | numpy_client.py:260 | cached_clock: 46, curr_clock: 64
INFO flower 2021-04-08 13:32:15,632 | numpy_client.py:184 | Cache is stale, return ReadIns
DEBUG flower 2021-04-08 13:32:20,266 | numpy_client.py:228 | read: ReadRes(clock=47)
DEBUG flower 2021-04-08 13:32:20,275 | numpy_client.py:172 | fit, FitIns(clock=64)
DEBUG flower 2021-04-08 13:32:20,275 | numpy_client.py:260 | cached_clock: 47, curr_clock: 64
INFO flower 2021-04-08 13:32:23,712 | numpy_client.py:205 | Cache is fresh, return FitRes(clock=64)
DEBUG flower 2021-04-08 13:32:29,534 | numpy_client.py:172 | fit, FitIns(clock=65)
DEBUG flower 2021-04-08 13:32:29,535 | numpy_client.py:260 | cached_clock: 47, curr_clock: 65
INFO flower 2021-04-08 13:32:29,535 | numpy_client.py:184 | Cache is stale, return ReadIns
DEBUG flower 2021-04-08 13:32:33,739 | numpy_client.py:228 | read: ReadRes(clock=48)
DEBUG flower 2021-04-08 13:32:33,747 | numpy_client.py:172 | fit, FitIns(clock=65)
DEBUG flower 2021-04-08 13:32:33,747 | numpy_client.py:260 | cached_clock: 48, curr_clock: 65
INFO flower 2021-04-08 13:32:37,233 | numpy_client.py:205 | Cache is fresh, return FitRes(clock=65)
DEBUG flower 2021-04-08 13:32:42,250 | numpy_client.py:238 | update_staleness: Staleness bound set to 16
DEBUG flower 2021-04-08 13:32:42,270 | numpy_client.py:172 | fit, FitIns(clock=66)
DEBUG flower 2021-04-08 13:32:42,270 | numpy_client.py:260 | cached_clock: 48, curr_clock: 66
INFO flower 2021-04-08 13:32:42,270 | numpy_client.py:184 | Cache is stale, return ReadIns
DEBUG flower 2021-04-08 13:32:59,835 | numpy_client.py:228 | read: ReadRes(clock=50)
DEBUG flower 2021-04-08 13:32:59,849 | numpy_client.py:172 | fit, FitIns(clock=66)
DEBUG flower 2021-04-08 13:32:59,849 | numpy_client.py:260 | cached_clock: 50, curr_clock: 66
INFO flower 2021-04-08 13:33:03,126 | numpy_client.py:205 | Cache is fresh, return FitRes(clock=66)
DEBUG flower 2021-04-08 13:33:09,037 | numpy_client.py:238 | update_staleness: Staleness bound set to 15
DEBUG flower 2021-04-08 13:33:09,047 | numpy_client.py:172 | fit, FitIns(clock=67)
DEBUG flower 2021-04-08 13:33:09,047 | numpy_client.py:260 | cached_clock: 50, curr_clock: 67
INFO flower 2021-04-08 13:33:09,047 | numpy_client.py:184 | Cache is stale, return ReadIns
DEBUG flower 2021-04-08 13:33:26,248 | numpy_client.py:228 | read: ReadRes(clock=52)
DEBUG flower 2021-04-08 13:33:26,255 | numpy_client.py:172 | fit, FitIns(clock=67)
DEBUG flower 2021-04-08 13:33:26,256 | numpy_client.py:260 | cached_clock: 52, curr_clock: 67
INFO flower 2021-04-08 13:33:29,728 | numpy_client.py:205 | Cache is fresh, return FitRes(clock=67)
DEBUG flower 2021-04-08 13:33:35,757 | numpy_client.py:238 | update_staleness: Staleness bound set to 13
DEBUG flower 2021-04-08 13:33:35,779 | numpy_client.py:172 | fit, FitIns(clock=68)
DEBUG flower 2021-04-08 13:33:35,779 | numpy_client.py:260 | cached_clock: 52, curr_clock: 68
INFO flower 2021-04-08 13:33:35,780 | numpy_client.py:184 | Cache is stale, return ReadIns
DEBUG flower 2021-04-08 13:34:06,455 | numpy_client.py:228 | read: ReadRes(clock=55)
DEBUG flower 2021-04-08 13:34:06,462 | numpy_client.py:172 | fit, FitIns(clock=68)
DEBUG flower 2021-04-08 13:34:06,463 | numpy_client.py:260 | cached_clock: 55, curr_clock: 68
INFO flower 2021-04-08 13:34:09,927 | numpy_client.py:205 | Cache is fresh, return FitRes(clock=68)
DEBUG flower 2021-04-08 13:34:15,524 | numpy_client.py:238 | update_staleness: Staleness bound set to 10
DEBUG flower 2021-04-08 13:34:15,542 | numpy_client.py:172 | fit, FitIns(clock=69)
DEBUG flower 2021-04-08 13:34:15,543 | numpy_client.py:260 | cached_clock: 55, curr_clock: 69
INFO flower 2021-04-08 13:34:15,543 | numpy_client.py:184 | Cache is stale, return ReadIns
DEBUG flower 2021-04-08 13:34:58,903 | numpy_client.py:228 | read: ReadRes(clock=59)
DEBUG flower 2021-04-08 13:34:58,911 | numpy_client.py:172 | fit, FitIns(clock=69)
DEBUG flower 2021-04-08 13:34:58,911 | numpy_client.py:260 | cached_clock: 59, curr_clock: 69
INFO flower 2021-04-08 13:35:02,321 | numpy_client.py:205 | Cache is fresh, return FitRes(clock=69)
DEBUG flower 2021-04-08 13:35:08,200 | numpy_client.py:238 | update_staleness: Staleness bound set to 6
DEBUG flower 2021-04-08 13:35:08,218 | numpy_client.py:172 | fit, FitIns(clock=70)
DEBUG flower 2021-04-08 13:35:08,218 | numpy_client.py:260 | cached_clock: 59, curr_clock: 70
INFO flower 2021-04-08 13:35:08,218 | numpy_client.py:184 | Cache is stale, return ReadIns
DEBUG flower 2021-04-08 13:36:05,870 | numpy_client.py:228 | read: ReadRes(clock=64)
DEBUG flower 2021-04-08 13:36:05,877 | numpy_client.py:172 | fit, FitIns(clock=70)
DEBUG flower 2021-04-08 13:36:05,878 | numpy_client.py:260 | cached_clock: 64, curr_clock: 70
INFO flower 2021-04-08 13:36:09,210 | numpy_client.py:205 | Cache is fresh, return FitRes(clock=70)
DEBUG flower 2021-04-08 13:36:15,332 | numpy_client.py:238 | update_staleness: Staleness bound set to 1
DEBUG flower 2021-04-08 13:36:15,346 | numpy_client.py:172 | fit, FitIns(clock=71)
DEBUG flower 2021-04-08 13:36:15,346 | numpy_client.py:260 | cached_clock: 64, curr_clock: 71
INFO flower 2021-04-08 13:36:15,346 | numpy_client.py:184 | Cache is stale, return ReadIns
DEBUG flower 2021-04-08 13:37:26,305 | numpy_client.py:228 | read: ReadRes(clock=70)
DEBUG flower 2021-04-08 13:37:26,312 | numpy_client.py:172 | fit, FitIns(clock=71)
DEBUG flower 2021-04-08 13:37:26,312 | numpy_client.py:260 | cached_clock: 70, curr_clock: 71
INFO flower 2021-04-08 13:37:29,906 | numpy_client.py:205 | Cache is fresh, return FitRes(clock=71)
DEBUG flower 2021-04-08 13:37:35,564 | numpy_client.py:172 | fit, FitIns(clock=72)
DEBUG flower 2021-04-08 13:37:35,565 | numpy_client.py:260 | cached_clock: 70, curr_clock: 72
INFO flower 2021-04-08 13:37:35,565 | numpy_client.py:184 | Cache is stale, return ReadIns
DEBUG flower 2021-04-08 13:37:39,838 | numpy_client.py:228 | read: ReadRes(clock=71)
DEBUG flower 2021-04-08 13:37:39,845 | numpy_client.py:172 | fit, FitIns(clock=72)
DEBUG flower 2021-04-08 13:37:39,845 | numpy_client.py:260 | cached_clock: 71, curr_clock: 72
INFO flower 2021-04-08 13:37:43,210 | numpy_client.py:205 | Cache is fresh, return FitRes(clock=72)
DEBUG flower 2021-04-08 13:37:48,965 | numpy_client.py:172 | fit, FitIns(clock=73)
DEBUG flower 2021-04-08 13:37:48,966 | numpy_client.py:260 | cached_clock: 71, curr_clock: 73
INFO flower 2021-04-08 13:37:48,966 | numpy_client.py:184 | Cache is stale, return ReadIns
DEBUG flower 2021-04-08 13:37:53,556 | numpy_client.py:228 | read: ReadRes(clock=72)
DEBUG flower 2021-04-08 13:37:53,563 | numpy_client.py:172 | fit, FitIns(clock=73)
DEBUG flower 2021-04-08 13:37:53,563 | numpy_client.py:260 | cached_clock: 72, curr_clock: 73
INFO flower 2021-04-08 13:37:57,005 | numpy_client.py:205 | Cache is fresh, return FitRes(clock=73)
DEBUG flower 2021-04-08 13:38:02,341 | numpy_client.py:172 | fit, FitIns(clock=74)
DEBUG flower 2021-04-08 13:38:02,341 | numpy_client.py:260 | cached_clock: 72, curr_clock: 74
INFO flower 2021-04-08 13:38:02,341 | numpy_client.py:184 | Cache is stale, return ReadIns
DEBUG flower 2021-04-08 13:38:07,536 | numpy_client.py:228 | read: ReadRes(clock=73)
DEBUG flower 2021-04-08 13:38:07,544 | numpy_client.py:172 | fit, FitIns(clock=74)
DEBUG flower 2021-04-08 13:38:07,544 | numpy_client.py:260 | cached_clock: 73, curr_clock: 74
INFO flower 2021-04-08 13:38:10,828 | numpy_client.py:205 | Cache is fresh, return FitRes(clock=74)
DEBUG flower 2021-04-08 13:38:16,053 | numpy_client.py:172 | fit, FitIns(clock=75)
DEBUG flower 2021-04-08 13:38:16,053 | numpy_client.py:260 | cached_clock: 73, curr_clock: 75
INFO flower 2021-04-08 13:38:16,053 | numpy_client.py:184 | Cache is stale, return ReadIns
DEBUG flower 2021-04-08 13:38:20,640 | numpy_client.py:228 | read: ReadRes(clock=74)
DEBUG flower 2021-04-08 13:38:20,648 | numpy_client.py:172 | fit, FitIns(clock=75)
DEBUG flower 2021-04-08 13:38:20,648 | numpy_client.py:260 | cached_clock: 74, curr_clock: 75
INFO flower 2021-04-08 13:38:24,041 | numpy_client.py:205 | Cache is fresh, return FitRes(clock=75)
DEBUG flower 2021-04-08 13:38:30,025 | numpy_client.py:172 | fit, FitIns(clock=76)
DEBUG flower 2021-04-08 13:38:30,025 | numpy_client.py:260 | cached_clock: 74, curr_clock: 76
INFO flower 2021-04-08 13:38:30,025 | numpy_client.py:184 | Cache is stale, return ReadIns
DEBUG flower 2021-04-08 13:38:34,398 | numpy_client.py:228 | read: ReadRes(clock=75)
DEBUG flower 2021-04-08 13:38:34,406 | numpy_client.py:172 | fit, FitIns(clock=76)
DEBUG flower 2021-04-08 13:38:34,406 | numpy_client.py:260 | cached_clock: 75, curr_clock: 76
INFO flower 2021-04-08 13:38:37,942 | numpy_client.py:205 | Cache is fresh, return FitRes(clock=76)
DEBUG flower 2021-04-08 13:38:43,945 | numpy_client.py:172 | fit, FitIns(clock=77)
DEBUG flower 2021-04-08 13:38:43,945 | numpy_client.py:260 | cached_clock: 75, curr_clock: 77
INFO flower 2021-04-08 13:38:43,945 | numpy_client.py:184 | Cache is stale, return ReadIns
DEBUG flower 2021-04-08 13:38:48,539 | numpy_client.py:228 | read: ReadRes(clock=76)
DEBUG flower 2021-04-08 13:38:48,547 | numpy_client.py:172 | fit, FitIns(clock=77)
DEBUG flower 2021-04-08 13:38:48,547 | numpy_client.py:260 | cached_clock: 76, curr_clock: 77
INFO flower 2021-04-08 13:38:52,111 | numpy_client.py:205 | Cache is fresh, return FitRes(clock=77)
DEBUG flower 2021-04-08 13:38:57,636 | numpy_client.py:172 | fit, FitIns(clock=78)
DEBUG flower 2021-04-08 13:38:57,637 | numpy_client.py:260 | cached_clock: 76, curr_clock: 78
INFO flower 2021-04-08 13:38:57,637 | numpy_client.py:184 | Cache is stale, return ReadIns
DEBUG flower 2021-04-08 13:39:02,136 | numpy_client.py:228 | read: ReadRes(clock=77)
DEBUG flower 2021-04-08 13:39:02,143 | numpy_client.py:172 | fit, FitIns(clock=78)
DEBUG flower 2021-04-08 13:39:02,144 | numpy_client.py:260 | cached_clock: 77, curr_clock: 78
INFO flower 2021-04-08 13:39:05,525 | numpy_client.py:205 | Cache is fresh, return FitRes(clock=78)
DEBUG flower 2021-04-08 13:39:12,594 | numpy_client.py:172 | fit, FitIns(clock=79)
DEBUG flower 2021-04-08 13:39:12,594 | numpy_client.py:260 | cached_clock: 77, curr_clock: 79
INFO flower 2021-04-08 13:39:12,594 | numpy_client.py:184 | Cache is stale, return ReadIns
DEBUG flower 2021-04-08 13:39:16,737 | numpy_client.py:228 | read: ReadRes(clock=78)
DEBUG flower 2021-04-08 13:39:16,746 | numpy_client.py:172 | fit, FitIns(clock=79)
DEBUG flower 2021-04-08 13:39:16,746 | numpy_client.py:260 | cached_clock: 78, curr_clock: 79
INFO flower 2021-04-08 13:39:20,126 | numpy_client.py:205 | Cache is fresh, return FitRes(clock=79)
DEBUG flower 2021-04-08 13:39:26,660 | numpy_client.py:172 | fit, FitIns(clock=80)
DEBUG flower 2021-04-08 13:39:26,661 | numpy_client.py:260 | cached_clock: 78, curr_clock: 80
INFO flower 2021-04-08 13:39:26,661 | numpy_client.py:184 | Cache is stale, return ReadIns
DEBUG flower 2021-04-08 13:39:30,941 | numpy_client.py:228 | read: ReadRes(clock=79)
DEBUG flower 2021-04-08 13:39:30,948 | numpy_client.py:172 | fit, FitIns(clock=80)
DEBUG flower 2021-04-08 13:39:30,948 | numpy_client.py:260 | cached_clock: 79, curr_clock: 80
INFO flower 2021-04-08 13:39:34,423 | numpy_client.py:205 | Cache is fresh, return FitRes(clock=80)
DEBUG flower 2021-04-08 13:39:39,958 | numpy_client.py:172 | fit, FitIns(clock=81)
DEBUG flower 2021-04-08 13:39:39,958 | numpy_client.py:260 | cached_clock: 79, curr_clock: 81
INFO flower 2021-04-08 13:39:39,959 | numpy_client.py:184 | Cache is stale, return ReadIns
DEBUG flower 2021-04-08 13:39:44,747 | numpy_client.py:228 | read: ReadRes(clock=80)
DEBUG flower 2021-04-08 13:39:44,755 | numpy_client.py:172 | fit, FitIns(clock=81)
DEBUG flower 2021-04-08 13:39:44,755 | numpy_client.py:260 | cached_clock: 80, curr_clock: 81
INFO flower 2021-04-08 13:39:48,130 | numpy_client.py:205 | Cache is fresh, return FitRes(clock=81)
DEBUG flower 2021-04-08 13:39:54,051 | numpy_client.py:172 | fit, FitIns(clock=82)
DEBUG flower 2021-04-08 13:39:54,051 | numpy_client.py:260 | cached_clock: 80, curr_clock: 82
INFO flower 2021-04-08 13:39:54,052 | numpy_client.py:184 | Cache is stale, return ReadIns
DEBUG flower 2021-04-08 13:39:59,032 | numpy_client.py:228 | read: ReadRes(clock=81)
DEBUG flower 2021-04-08 13:39:59,040 | numpy_client.py:172 | fit, FitIns(clock=82)
DEBUG flower 2021-04-08 13:39:59,040 | numpy_client.py:260 | cached_clock: 81, curr_clock: 82
INFO flower 2021-04-08 13:40:02,347 | numpy_client.py:205 | Cache is fresh, return FitRes(clock=82)
DEBUG flower 2021-04-08 13:40:08,326 | numpy_client.py:172 | fit, FitIns(clock=83)
DEBUG flower 2021-04-08 13:40:08,326 | numpy_client.py:260 | cached_clock: 81, curr_clock: 83
INFO flower 2021-04-08 13:40:08,327 | numpy_client.py:184 | Cache is stale, return ReadIns
DEBUG flower 2021-04-08 13:40:13,050 | numpy_client.py:228 | read: ReadRes(clock=82)
DEBUG flower 2021-04-08 13:40:13,058 | numpy_client.py:172 | fit, FitIns(clock=83)
DEBUG flower 2021-04-08 13:40:13,058 | numpy_client.py:260 | cached_clock: 82, curr_clock: 83
INFO flower 2021-04-08 13:40:16,608 | numpy_client.py:205 | Cache is fresh, return FitRes(clock=83)
DEBUG flower 2021-04-08 13:40:22,251 | numpy_client.py:172 | fit, FitIns(clock=84)
DEBUG flower 2021-04-08 13:40:22,251 | numpy_client.py:260 | cached_clock: 82, curr_clock: 84
INFO flower 2021-04-08 13:40:22,251 | numpy_client.py:184 | Cache is stale, return ReadIns
DEBUG flower 2021-04-08 13:40:27,305 | numpy_client.py:228 | read: ReadRes(clock=83)
DEBUG flower 2021-04-08 13:40:27,312 | numpy_client.py:172 | fit, FitIns(clock=84)
DEBUG flower 2021-04-08 13:40:27,313 | numpy_client.py:260 | cached_clock: 83, curr_clock: 84
INFO flower 2021-04-08 13:40:30,710 | numpy_client.py:205 | Cache is fresh, return FitRes(clock=84)
DEBUG flower 2021-04-08 13:40:36,636 | numpy_client.py:172 | fit, FitIns(clock=85)
DEBUG flower 2021-04-08 13:40:36,636 | numpy_client.py:260 | cached_clock: 83, curr_clock: 85
INFO flower 2021-04-08 13:40:36,636 | numpy_client.py:184 | Cache is stale, return ReadIns
DEBUG flower 2021-04-08 13:40:41,329 | numpy_client.py:228 | read: ReadRes(clock=84)
DEBUG flower 2021-04-08 13:40:41,336 | numpy_client.py:172 | fit, FitIns(clock=85)
DEBUG flower 2021-04-08 13:40:41,336 | numpy_client.py:260 | cached_clock: 84, curr_clock: 85
INFO flower 2021-04-08 13:40:44,726 | numpy_client.py:205 | Cache is fresh, return FitRes(clock=85)
DEBUG flower 2021-04-08 13:40:50,513 | numpy_client.py:172 | fit, FitIns(clock=86)
DEBUG flower 2021-04-08 13:40:50,513 | numpy_client.py:260 | cached_clock: 84, curr_clock: 86
INFO flower 2021-04-08 13:40:50,513 | numpy_client.py:184 | Cache is stale, return ReadIns
DEBUG flower 2021-04-08 13:40:54,916 | numpy_client.py:228 | read: ReadRes(clock=85)
DEBUG flower 2021-04-08 13:40:54,923 | numpy_client.py:172 | fit, FitIns(clock=86)
DEBUG flower 2021-04-08 13:40:54,923 | numpy_client.py:260 | cached_clock: 85, curr_clock: 86
INFO flower 2021-04-08 13:40:58,355 | numpy_client.py:205 | Cache is fresh, return FitRes(clock=86)
DEBUG flower 2021-04-08 13:41:03,963 | numpy_client.py:172 | fit, FitIns(clock=87)
DEBUG flower 2021-04-08 13:41:03,963 | numpy_client.py:260 | cached_clock: 85, curr_clock: 87
INFO flower 2021-04-08 13:41:03,964 | numpy_client.py:184 | Cache is stale, return ReadIns
DEBUG flower 2021-04-08 13:41:08,334 | numpy_client.py:228 | read: ReadRes(clock=86)
DEBUG flower 2021-04-08 13:41:08,346 | numpy_client.py:172 | fit, FitIns(clock=87)
DEBUG flower 2021-04-08 13:41:08,346 | numpy_client.py:260 | cached_clock: 86, curr_clock: 87
INFO flower 2021-04-08 13:41:11,826 | numpy_client.py:205 | Cache is fresh, return FitRes(clock=87)
DEBUG flower 2021-04-08 13:41:17,546 | numpy_client.py:172 | fit, FitIns(clock=88)
DEBUG flower 2021-04-08 13:41:17,546 | numpy_client.py:260 | cached_clock: 86, curr_clock: 88
INFO flower 2021-04-08 13:41:17,546 | numpy_client.py:184 | Cache is stale, return ReadIns
DEBUG flower 2021-04-08 13:41:21,756 | numpy_client.py:228 | read: ReadRes(clock=87)
DEBUG flower 2021-04-08 13:41:21,763 | numpy_client.py:172 | fit, FitIns(clock=88)
DEBUG flower 2021-04-08 13:41:21,764 | numpy_client.py:260 | cached_clock: 87, curr_clock: 88
INFO flower 2021-04-08 13:41:25,244 | numpy_client.py:205 | Cache is fresh, return FitRes(clock=88)
DEBUG flower 2021-04-08 13:41:31,127 | numpy_client.py:172 | fit, FitIns(clock=89)
DEBUG flower 2021-04-08 13:41:31,127 | numpy_client.py:260 | cached_clock: 87, curr_clock: 89
INFO flower 2021-04-08 13:41:31,127 | numpy_client.py:184 | Cache is stale, return ReadIns
DEBUG flower 2021-04-08 13:41:35,903 | numpy_client.py:228 | read: ReadRes(clock=88)
DEBUG flower 2021-04-08 13:41:35,911 | numpy_client.py:172 | fit, FitIns(clock=89)
DEBUG flower 2021-04-08 13:41:35,911 | numpy_client.py:260 | cached_clock: 88, curr_clock: 89
INFO flower 2021-04-08 13:41:39,530 | numpy_client.py:205 | Cache is fresh, return FitRes(clock=89)
DEBUG flower 2021-04-08 13:41:44,960 | numpy_client.py:172 | fit, FitIns(clock=90)
DEBUG flower 2021-04-08 13:41:44,961 | numpy_client.py:260 | cached_clock: 88, curr_clock: 90
INFO flower 2021-04-08 13:41:44,961 | numpy_client.py:184 | Cache is stale, return ReadIns
DEBUG flower 2021-04-08 13:41:49,446 | numpy_client.py:228 | read: ReadRes(clock=89)
DEBUG flower 2021-04-08 13:41:49,454 | numpy_client.py:172 | fit, FitIns(clock=90)
DEBUG flower 2021-04-08 13:41:49,454 | numpy_client.py:260 | cached_clock: 89, curr_clock: 90
INFO flower 2021-04-08 13:41:52,804 | numpy_client.py:205 | Cache is fresh, return FitRes(clock=90)
DEBUG flower 2021-04-08 13:41:58,781 | numpy_client.py:172 | fit, FitIns(clock=91)
DEBUG flower 2021-04-08 13:41:58,781 | numpy_client.py:260 | cached_clock: 89, curr_clock: 91
INFO flower 2021-04-08 13:41:58,781 | numpy_client.py:184 | Cache is stale, return ReadIns
DEBUG flower 2021-04-08 13:42:03,026 | numpy_client.py:228 | read: ReadRes(clock=90)
DEBUG flower 2021-04-08 13:42:03,033 | numpy_client.py:172 | fit, FitIns(clock=91)
DEBUG flower 2021-04-08 13:42:03,033 | numpy_client.py:260 | cached_clock: 90, curr_clock: 91
INFO flower 2021-04-08 13:42:06,519 | numpy_client.py:205 | Cache is fresh, return FitRes(clock=91)
DEBUG flower 2021-04-08 13:42:11,414 | numpy_client.py:172 | fit, FitIns(clock=92)
DEBUG flower 2021-04-08 13:42:11,414 | numpy_client.py:260 | cached_clock: 90, curr_clock: 92
INFO flower 2021-04-08 13:42:11,414 | numpy_client.py:184 | Cache is stale, return ReadIns
DEBUG flower 2021-04-08 13:42:16,253 | numpy_client.py:228 | read: ReadRes(clock=91)
DEBUG flower 2021-04-08 13:42:16,260 | numpy_client.py:172 | fit, FitIns(clock=92)
DEBUG flower 2021-04-08 13:42:16,260 | numpy_client.py:260 | cached_clock: 91, curr_clock: 92
INFO flower 2021-04-08 13:42:19,624 | numpy_client.py:205 | Cache is fresh, return FitRes(clock=92)
DEBUG flower 2021-04-08 13:42:25,679 | numpy_client.py:172 | fit, FitIns(clock=93)
DEBUG flower 2021-04-08 13:42:25,679 | numpy_client.py:260 | cached_clock: 91, curr_clock: 93
INFO flower 2021-04-08 13:42:25,679 | numpy_client.py:184 | Cache is stale, return ReadIns
DEBUG flower 2021-04-08 13:42:30,005 | numpy_client.py:228 | read: ReadRes(clock=92)
DEBUG flower 2021-04-08 13:42:30,012 | numpy_client.py:172 | fit, FitIns(clock=93)
DEBUG flower 2021-04-08 13:42:30,012 | numpy_client.py:260 | cached_clock: 92, curr_clock: 93
INFO flower 2021-04-08 13:42:33,408 | numpy_client.py:205 | Cache is fresh, return FitRes(clock=93)
DEBUG flower 2021-04-08 13:42:38,594 | numpy_client.py:172 | fit, FitIns(clock=94)
DEBUG flower 2021-04-08 13:42:38,594 | numpy_client.py:260 | cached_clock: 92, curr_clock: 94
INFO flower 2021-04-08 13:42:38,595 | numpy_client.py:184 | Cache is stale, return ReadIns
DEBUG flower 2021-04-08 13:42:42,846 | numpy_client.py:228 | read: ReadRes(clock=93)
DEBUG flower 2021-04-08 13:42:42,854 | numpy_client.py:172 | fit, FitIns(clock=94)
DEBUG flower 2021-04-08 13:42:42,854 | numpy_client.py:260 | cached_clock: 93, curr_clock: 94
INFO flower 2021-04-08 13:42:46,120 | numpy_client.py:205 | Cache is fresh, return FitRes(clock=94)
DEBUG flower 2021-04-08 13:42:52,057 | numpy_client.py:172 | fit, FitIns(clock=95)
DEBUG flower 2021-04-08 13:42:52,057 | numpy_client.py:260 | cached_clock: 93, curr_clock: 95
INFO flower 2021-04-08 13:42:52,058 | numpy_client.py:184 | Cache is stale, return ReadIns
DEBUG flower 2021-04-08 13:42:56,433 | numpy_client.py:228 | read: ReadRes(clock=94)
DEBUG flower 2021-04-08 13:42:56,440 | numpy_client.py:172 | fit, FitIns(clock=95)
DEBUG flower 2021-04-08 13:42:56,441 | numpy_client.py:260 | cached_clock: 94, curr_clock: 95
INFO flower 2021-04-08 13:42:59,825 | numpy_client.py:205 | Cache is fresh, return FitRes(clock=95)
DEBUG flower 2021-04-08 13:43:05,575 | numpy_client.py:172 | fit, FitIns(clock=96)
DEBUG flower 2021-04-08 13:43:05,576 | numpy_client.py:260 | cached_clock: 94, curr_clock: 96
INFO flower 2021-04-08 13:43:05,576 | numpy_client.py:184 | Cache is stale, return ReadIns
DEBUG flower 2021-04-08 13:43:10,447 | numpy_client.py:228 | read: ReadRes(clock=95)
DEBUG flower 2021-04-08 13:43:10,454 | numpy_client.py:172 | fit, FitIns(clock=96)
DEBUG flower 2021-04-08 13:43:10,455 | numpy_client.py:260 | cached_clock: 95, curr_clock: 96
INFO flower 2021-04-08 13:43:13,823 | numpy_client.py:205 | Cache is fresh, return FitRes(clock=96)
DEBUG flower 2021-04-08 13:43:19,587 | numpy_client.py:172 | fit, FitIns(clock=97)
DEBUG flower 2021-04-08 13:43:19,587 | numpy_client.py:260 | cached_clock: 95, curr_clock: 97
INFO flower 2021-04-08 13:43:19,587 | numpy_client.py:184 | Cache is stale, return ReadIns
DEBUG flower 2021-04-08 13:43:24,037 | numpy_client.py:228 | read: ReadRes(clock=96)
DEBUG flower 2021-04-08 13:43:24,044 | numpy_client.py:172 | fit, FitIns(clock=97)
DEBUG flower 2021-04-08 13:43:24,044 | numpy_client.py:260 | cached_clock: 96, curr_clock: 97
INFO flower 2021-04-08 13:43:27,508 | numpy_client.py:205 | Cache is fresh, return FitRes(clock=97)
DEBUG flower 2021-04-08 13:43:34,561 | numpy_client.py:172 | fit, FitIns(clock=98)
DEBUG flower 2021-04-08 13:43:34,561 | numpy_client.py:260 | cached_clock: 96, curr_clock: 98
INFO flower 2021-04-08 13:43:34,561 | numpy_client.py:184 | Cache is stale, return ReadIns
DEBUG flower 2021-04-08 13:43:38,943 | numpy_client.py:228 | read: ReadRes(clock=97)
DEBUG flower 2021-04-08 13:43:38,950 | numpy_client.py:172 | fit, FitIns(clock=98)
DEBUG flower 2021-04-08 13:43:38,950 | numpy_client.py:260 | cached_clock: 97, curr_clock: 98
INFO flower 2021-04-08 13:43:42,225 | numpy_client.py:205 | Cache is fresh, return FitRes(clock=98)
DEBUG flower 2021-04-08 13:43:48,231 | numpy_client.py:172 | fit, FitIns(clock=99)
DEBUG flower 2021-04-08 13:43:48,232 | numpy_client.py:260 | cached_clock: 97, curr_clock: 99
INFO flower 2021-04-08 13:43:48,232 | numpy_client.py:184 | Cache is stale, return ReadIns
DEBUG flower 2021-04-08 13:43:52,720 | numpy_client.py:228 | read: ReadRes(clock=98)
DEBUG flower 2021-04-08 13:43:52,727 | numpy_client.py:172 | fit, FitIns(clock=99)
DEBUG flower 2021-04-08 13:43:52,727 | numpy_client.py:260 | cached_clock: 98, curr_clock: 99
INFO flower 2021-04-08 13:43:56,123 | numpy_client.py:205 | Cache is fresh, return FitRes(clock=99)
DEBUG flower 2021-04-08 13:43:56,123 | numpy_client.py:217 | The client finishes computing after 1332 seconds
INFO flower 2021-04-08 13:44:24,804 | numpy_client.py:250 | [32;1m Loss: 22.131, Accuracy: 46.309%[0m
DEBUG flower 2021-04-08 13:44:26,405 | connection.py:68 | Insecure gRPC channel closed
INFO flower 2021-04-08 13:44:26,405 | app.py:74 | Disconnect and shut down
Namespace(idx=6, max_delay=0, min_delay=0, num_clients=31, server_ip='10.244.37.27:8080', staleness_bound=1000)
I'm client 6
Start SSP client without delay
Files already downloaded and verified
Files already downloaded and verified
[32;1mClient 6: 2154 train samples, 447 test samples[0m
loss=156.0557999610901, acc=0.13419117647058823
loss=151.91396355628967, acc=0.19761029411764705
loss=145.76310110092163, acc=0.19761029411764705
loss=133.8743280172348, acc=0.20496323529411764
loss=114.78986048698425, acc=0.21001838235294118
loss=109.07410681247711, acc=0.25505514705882354
loss=105.78494107723236, acc=0.29411764705882354
loss=100.84003984928131, acc=0.3602941176470588
loss=97.23378551006317, acc=0.39108455882352944
loss=95.21865653991699, acc=0.4177389705882353
loss=93.37762582302094, acc=0.4273897058823529
loss=91.47360384464264, acc=0.4420955882352941
loss=89.49032008647919, acc=0.46139705882352944
loss=87.36188757419586, acc=0.48253676470588236
loss=85.0734429359436, acc=0.4931066176470588
loss=82.91474133729935, acc=0.5068933823529411
loss=81.1645839214325, acc=0.5124080882352942
loss=79.61621427536011, acc=0.5229779411764706
loss=78.24184083938599, acc=0.5381433823529411
loss=76.92252790927887, acc=0.5418198529411765
loss=75.61998248100281, acc=0.5496323529411765
loss=74.3280581831932, acc=0.5592830882352942
loss=73.03253185749054, acc=0.5666360294117647
loss=71.75054317712784, acc=0.5726102941176471
loss=70.48923987150192, acc=0.5827205882352942
loss=69.26483798027039, acc=0.5863970588235294
loss=68.08549457788467, acc=0.5932904411764706
loss=66.97970515489578, acc=0.6011029411764706
loss=65.92300969362259, acc=0.6116727941176471
loss=64.93342196941376, acc=0.6208639705882353
loss=159.15815234184265, acc=0.20496323529411764
loss=94.30107486248016, acc=0.4039522058823529
loss=82.103351354599, acc=0.49402573529411764
loss=77.77314007282257, acc=0.5215992647058824
loss=75.07837158441544, acc=0.5514705882352942
loss=72.98412477970123, acc=0.5592830882352942
loss=71.21005272865295, acc=0.5716911764705882
loss=69.62730032205582, acc=0.5822610294117647
loss=68.18971288204193, acc=0.5891544117647058
loss=66.85748827457428, acc=0.6001838235294118
loss=65.64736652374268, acc=0.6066176470588235
loss=64.52664566040039, acc=0.6144301470588235
loss=63.452820003032684, acc=0.6217830882352942
loss=62.43851625919342, acc=0.6295955882352942
loss=61.47899258136749, acc=0.6328125
loss=60.59314000606537, acc=0.6461397058823529
loss=59.73349279165268, acc=0.6511948529411765
loss=58.89892715215683, acc=0.6557904411764706
loss=126.79655027389526, acc=0.4797794117647059
loss=89.87423408031464, acc=0.5942095588235294
loss=117.69073271751404, acc=0.4039522058823529
loss=130.02729785442352, acc=0.36213235294117646
loss=169.65306055545807, acc=0.19025735294117646
loss=120.17830473184586, acc=0.5032169117647058
loss=128.87879920005798, acc=0.36764705882352944
loss=93.5295946598053, acc=0.47931985294117646
loss=128.1483051776886, acc=0.37454044117647056
loss=90.73466098308563, acc=0.5032169117647058
loss=127.47139263153076, acc=0.37362132352941174
loss=127.39893126487732, acc=0.37454044117647056
loss=78.24584805965424, acc=0.6011029411764706
loss=105.6164608001709, acc=0.49494485294117646
loss=111.97442924976349, acc=0.4489889705882353
loss=123.97643983364105, acc=0.39797794117647056
loss=162.6552995443344, acc=0.22840073529411764
loss=97.21779972314835, acc=0.47794117647058826
loss=144.19900977611542, acc=0.25045955882352944
loss=157.43513023853302, acc=0.24908088235294118
loss=144.5149164199829, acc=0.3166360294117647
loss=105.69623792171478, acc=0.4977022058823529
loss=96.8007065653801, acc=0.5013786764705882
loss=138.81986451148987, acc=0.3304227941176471
loss=144.01399910449982, acc=0.32996323529411764
loss=144.62774121761322, acc=0.33088235294117646
loss=89.62594437599182, acc=0.5790441176470589
loss=145.95550215244293, acc=0.28262867647058826
loss=152.6345374584198, acc=0.26516544117647056
loss=153.8356088399887, acc=0.27941176470588236
loss=153.5592120885849, acc=0.28952205882352944
loss=154.300963640213, acc=0.29503676470588236
loss=154.7384889125824, acc=0.296875
loss=154.79454040527344, acc=0.3005514705882353
loss=154.909081697464, acc=0.30652573529411764
loss=154.92999744415283, acc=0.3092830882352941
loss=155.02487802505493, acc=0.31295955882352944
loss=154.75841176509857, acc=0.31525735294117646
loss=154.77385461330414, acc=0.3161764705882353
loss=154.74501204490662, acc=0.31847426470588236
loss=154.60750269889832, acc=0.3226102941176471
loss=92.30308258533478, acc=0.5730698529411765
loss=139.96835029125214, acc=0.3382352941176471
loss=146.09446185827255, acc=0.3336397058823529
loss=148.65785789489746, acc=0.33869485294117646
loss=150.4665081501007, acc=0.3350183823529412
loss=151.67906844615936, acc=0.3350183823529412
loss=152.6926954984665, acc=0.3359375
loss=153.15408957004547, acc=0.33639705882352944
loss=153.74614357948303, acc=0.3400735294117647
loss=90.30402058362961, acc=0.5845588235294118
loss=132.14048343896866, acc=0.38143382352941174
Files already downloaded and verified
Files already downloaded and verified
Testing on full test set: 313, 833.0447756052017, 0.272
Testing on partial test set: 14, 22.131359100341797, 0.46308724832214765
