DEBUG flower 2021-04-08 13:21:41,575 | connection.py:36 | ChannelConnectivity.IDLE
INFO flower 2021-04-08 13:21:41,577 | app.py:63 | Opened (insecure) gRPC connection
DEBUG flower 2021-04-08 13:21:41,578 | connection.py:36 | ChannelConnectivity.READY
DEBUG flower 2021-04-08 13:21:43,086 | numpy_client.py:172 | fit, FitIns(clock=0)
INFO flower 2021-04-08 13:21:43,087 | numpy_client.py:184 | Cache is stale, return ReadIns
DEBUG flower 2021-04-08 13:21:43,332 | numpy_client.py:228 | read: ReadRes(clock=-1)
DEBUG flower 2021-04-08 13:21:43,347 | numpy_client.py:172 | fit, FitIns(clock=0)
DEBUG flower 2021-04-08 13:21:43,347 | numpy_client.py:260 | cached_clock: -1, curr_clock: 0
DEBUG flower 2021-04-08 13:21:46,486 | model_wrapper.py:21 | Load existing initial model
INFO flower 2021-04-08 13:21:46,490 | numpy_client.py:205 | Cache is fresh, return FitRes(clock=0)
DEBUG flower 2021-04-08 13:21:46,505 | numpy_client.py:238 | update_staleness: Staleness bound set to 30
DEBUG flower 2021-04-08 13:21:46,514 | numpy_client.py:172 | fit, FitIns(clock=1)
DEBUG flower 2021-04-08 13:21:46,514 | numpy_client.py:260 | cached_clock: -1, curr_clock: 1
INFO flower 2021-04-08 13:21:49,687 | numpy_client.py:205 | Cache is fresh, return FitRes(clock=1)
DEBUG flower 2021-04-08 13:21:57,566 | numpy_client.py:172 | fit, FitIns(clock=2)
DEBUG flower 2021-04-08 13:21:57,566 | numpy_client.py:260 | cached_clock: -1, curr_clock: 2
INFO flower 2021-04-08 13:22:00,478 | numpy_client.py:205 | Cache is fresh, return FitRes(clock=2)
DEBUG flower 2021-04-08 13:22:00,503 | numpy_client.py:172 | fit, FitIns(clock=3)
DEBUG flower 2021-04-08 13:22:00,503 | numpy_client.py:260 | cached_clock: -1, curr_clock: 3
INFO flower 2021-04-08 13:22:03,582 | numpy_client.py:205 | Cache is fresh, return FitRes(clock=3)
DEBUG flower 2021-04-08 13:22:12,493 | numpy_client.py:172 | fit, FitIns(clock=4)
DEBUG flower 2021-04-08 13:22:12,494 | numpy_client.py:260 | cached_clock: -1, curr_clock: 4
INFO flower 2021-04-08 13:22:15,478 | numpy_client.py:205 | Cache is fresh, return FitRes(clock=4)
DEBUG flower 2021-04-08 13:22:15,503 | numpy_client.py:172 | fit, FitIns(clock=5)
DEBUG flower 2021-04-08 13:22:15,503 | numpy_client.py:260 | cached_clock: -1, curr_clock: 5
INFO flower 2021-04-08 13:22:18,290 | numpy_client.py:205 | Cache is fresh, return FitRes(clock=5)
DEBUG flower 2021-04-08 13:22:26,186 | numpy_client.py:172 | fit, FitIns(clock=6)
DEBUG flower 2021-04-08 13:22:26,186 | numpy_client.py:260 | cached_clock: -1, curr_clock: 6
INFO flower 2021-04-08 13:22:28,911 | numpy_client.py:205 | Cache is fresh, return FitRes(clock=6)
DEBUG flower 2021-04-08 13:22:28,976 | numpy_client.py:172 | fit, FitIns(clock=7)
DEBUG flower 2021-04-08 13:22:28,976 | numpy_client.py:260 | cached_clock: -1, curr_clock: 7
INFO flower 2021-04-08 13:22:31,678 | numpy_client.py:205 | Cache is fresh, return FitRes(clock=7)
DEBUG flower 2021-04-08 13:22:39,271 | numpy_client.py:172 | fit, FitIns(clock=8)
DEBUG flower 2021-04-08 13:22:39,271 | numpy_client.py:260 | cached_clock: -1, curr_clock: 8
INFO flower 2021-04-08 13:22:41,907 | numpy_client.py:205 | Cache is fresh, return FitRes(clock=8)
DEBUG flower 2021-04-08 13:22:41,953 | numpy_client.py:172 | fit, FitIns(clock=9)
DEBUG flower 2021-04-08 13:22:41,953 | numpy_client.py:260 | cached_clock: -1, curr_clock: 9
INFO flower 2021-04-08 13:22:44,607 | numpy_client.py:205 | Cache is fresh, return FitRes(clock=9)
DEBUG flower 2021-04-08 13:22:52,340 | numpy_client.py:172 | fit, FitIns(clock=10)
DEBUG flower 2021-04-08 13:22:52,340 | numpy_client.py:260 | cached_clock: -1, curr_clock: 10
INFO flower 2021-04-08 13:22:55,002 | numpy_client.py:205 | Cache is fresh, return FitRes(clock=10)
DEBUG flower 2021-04-08 13:22:55,026 | numpy_client.py:172 | fit, FitIns(clock=11)
DEBUG flower 2021-04-08 13:22:55,026 | numpy_client.py:260 | cached_clock: -1, curr_clock: 11
INFO flower 2021-04-08 13:22:57,704 | numpy_client.py:205 | Cache is fresh, return FitRes(clock=11)
DEBUG flower 2021-04-08 13:23:05,476 | numpy_client.py:172 | fit, FitIns(clock=12)
DEBUG flower 2021-04-08 13:23:05,477 | numpy_client.py:260 | cached_clock: -1, curr_clock: 12
INFO flower 2021-04-08 13:23:08,188 | numpy_client.py:205 | Cache is fresh, return FitRes(clock=12)
DEBUG flower 2021-04-08 13:23:08,220 | numpy_client.py:172 | fit, FitIns(clock=13)
DEBUG flower 2021-04-08 13:23:08,220 | numpy_client.py:260 | cached_clock: -1, curr_clock: 13
INFO flower 2021-04-08 13:23:10,910 | numpy_client.py:205 | Cache is fresh, return FitRes(clock=13)
DEBUG flower 2021-04-08 13:23:18,690 | numpy_client.py:172 | fit, FitIns(clock=14)
DEBUG flower 2021-04-08 13:23:18,691 | numpy_client.py:260 | cached_clock: -1, curr_clock: 14
INFO flower 2021-04-08 13:23:21,387 | numpy_client.py:205 | Cache is fresh, return FitRes(clock=14)
DEBUG flower 2021-04-08 13:23:21,432 | numpy_client.py:172 | fit, FitIns(clock=15)
DEBUG flower 2021-04-08 13:23:21,432 | numpy_client.py:260 | cached_clock: -1, curr_clock: 15
INFO flower 2021-04-08 13:23:24,281 | numpy_client.py:205 | Cache is fresh, return FitRes(clock=15)
DEBUG flower 2021-04-08 13:23:31,542 | numpy_client.py:172 | fit, FitIns(clock=16)
DEBUG flower 2021-04-08 13:23:31,542 | numpy_client.py:260 | cached_clock: -1, curr_clock: 16
INFO flower 2021-04-08 13:23:34,374 | numpy_client.py:205 | Cache is fresh, return FitRes(clock=16)
DEBUG flower 2021-04-08 13:23:34,394 | numpy_client.py:172 | fit, FitIns(clock=17)
DEBUG flower 2021-04-08 13:23:34,394 | numpy_client.py:260 | cached_clock: -1, curr_clock: 17
INFO flower 2021-04-08 13:23:36,990 | numpy_client.py:205 | Cache is fresh, return FitRes(clock=17)
DEBUG flower 2021-04-08 13:23:44,437 | numpy_client.py:172 | fit, FitIns(clock=18)
DEBUG flower 2021-04-08 13:23:44,437 | numpy_client.py:260 | cached_clock: -1, curr_clock: 18
INFO flower 2021-04-08 13:23:47,484 | numpy_client.py:205 | Cache is fresh, return FitRes(clock=18)
DEBUG flower 2021-04-08 13:23:47,507 | numpy_client.py:172 | fit, FitIns(clock=19)
DEBUG flower 2021-04-08 13:23:47,507 | numpy_client.py:260 | cached_clock: -1, curr_clock: 19
INFO flower 2021-04-08 13:23:50,182 | numpy_client.py:205 | Cache is fresh, return FitRes(clock=19)
DEBUG flower 2021-04-08 13:23:57,903 | numpy_client.py:172 | fit, FitIns(clock=20)
DEBUG flower 2021-04-08 13:23:57,903 | numpy_client.py:260 | cached_clock: -1, curr_clock: 20
INFO flower 2021-04-08 13:24:00,593 | numpy_client.py:205 | Cache is fresh, return FitRes(clock=20)
DEBUG flower 2021-04-08 13:24:00,618 | numpy_client.py:172 | fit, FitIns(clock=21)
DEBUG flower 2021-04-08 13:24:00,618 | numpy_client.py:260 | cached_clock: -1, curr_clock: 21
INFO flower 2021-04-08 13:24:03,410 | numpy_client.py:205 | Cache is fresh, return FitRes(clock=21)
DEBUG flower 2021-04-08 13:24:11,114 | numpy_client.py:172 | fit, FitIns(clock=22)
DEBUG flower 2021-04-08 13:24:11,114 | numpy_client.py:260 | cached_clock: -1, curr_clock: 22
INFO flower 2021-04-08 13:24:13,782 | numpy_client.py:205 | Cache is fresh, return FitRes(clock=22)
DEBUG flower 2021-04-08 13:24:13,807 | numpy_client.py:172 | fit, FitIns(clock=23)
DEBUG flower 2021-04-08 13:24:13,807 | numpy_client.py:260 | cached_clock: -1, curr_clock: 23
INFO flower 2021-04-08 13:24:16,478 | numpy_client.py:205 | Cache is fresh, return FitRes(clock=23)
DEBUG flower 2021-04-08 13:24:24,294 | numpy_client.py:172 | fit, FitIns(clock=24)
DEBUG flower 2021-04-08 13:24:24,294 | numpy_client.py:260 | cached_clock: -1, curr_clock: 24
INFO flower 2021-04-08 13:24:26,993 | numpy_client.py:205 | Cache is fresh, return FitRes(clock=24)
DEBUG flower 2021-04-08 13:24:27,018 | numpy_client.py:172 | fit, FitIns(clock=25)
DEBUG flower 2021-04-08 13:24:27,018 | numpy_client.py:260 | cached_clock: -1, curr_clock: 25
INFO flower 2021-04-08 13:24:29,681 | numpy_client.py:205 | Cache is fresh, return FitRes(clock=25)
DEBUG flower 2021-04-08 13:24:37,282 | numpy_client.py:172 | fit, FitIns(clock=26)
DEBUG flower 2021-04-08 13:24:37,282 | numpy_client.py:260 | cached_clock: -1, curr_clock: 26
INFO flower 2021-04-08 13:24:40,106 | numpy_client.py:205 | Cache is fresh, return FitRes(clock=26)
DEBUG flower 2021-04-08 13:24:40,129 | numpy_client.py:172 | fit, FitIns(clock=27)
DEBUG flower 2021-04-08 13:24:40,129 | numpy_client.py:260 | cached_clock: -1, curr_clock: 27
INFO flower 2021-04-08 13:24:43,004 | numpy_client.py:205 | Cache is fresh, return FitRes(clock=27)
DEBUG flower 2021-04-08 13:24:51,668 | numpy_client.py:172 | fit, FitIns(clock=28)
DEBUG flower 2021-04-08 13:24:51,668 | numpy_client.py:260 | cached_clock: -1, curr_clock: 28
INFO flower 2021-04-08 13:24:54,383 | numpy_client.py:205 | Cache is fresh, return FitRes(clock=28)
DEBUG flower 2021-04-08 13:24:54,406 | numpy_client.py:172 | fit, FitIns(clock=29)
DEBUG flower 2021-04-08 13:24:54,406 | numpy_client.py:260 | cached_clock: -1, curr_clock: 29
INFO flower 2021-04-08 13:24:57,076 | numpy_client.py:205 | Cache is fresh, return FitRes(clock=29)
DEBUG flower 2021-04-08 13:25:04,782 | numpy_client.py:172 | fit, FitIns(clock=30)
DEBUG flower 2021-04-08 13:25:04,782 | numpy_client.py:260 | cached_clock: -1, curr_clock: 30
INFO flower 2021-04-08 13:25:04,782 | numpy_client.py:184 | Cache is stale, return ReadIns
DEBUG flower 2021-04-08 13:25:04,813 | numpy_client.py:228 | read: ReadRes(clock=14)
DEBUG flower 2021-04-08 13:25:04,821 | numpy_client.py:172 | fit, FitIns(clock=30)
DEBUG flower 2021-04-08 13:25:04,821 | numpy_client.py:260 | cached_clock: 14, curr_clock: 30
INFO flower 2021-04-08 13:25:07,401 | numpy_client.py:205 | Cache is fresh, return FitRes(clock=30)
DEBUG flower 2021-04-08 13:25:07,425 | numpy_client.py:172 | fit, FitIns(clock=31)
DEBUG flower 2021-04-08 13:25:07,425 | numpy_client.py:260 | cached_clock: 14, curr_clock: 31
INFO flower 2021-04-08 13:25:10,286 | numpy_client.py:205 | Cache is fresh, return FitRes(clock=31)
DEBUG flower 2021-04-08 13:25:17,916 | numpy_client.py:172 | fit, FitIns(clock=32)
DEBUG flower 2021-04-08 13:25:17,916 | numpy_client.py:260 | cached_clock: 14, curr_clock: 32
INFO flower 2021-04-08 13:25:20,876 | numpy_client.py:205 | Cache is fresh, return FitRes(clock=32)
DEBUG flower 2021-04-08 13:25:20,900 | numpy_client.py:172 | fit, FitIns(clock=33)
DEBUG flower 2021-04-08 13:25:20,901 | numpy_client.py:260 | cached_clock: 14, curr_clock: 33
INFO flower 2021-04-08 13:25:23,783 | numpy_client.py:205 | Cache is fresh, return FitRes(clock=33)
DEBUG flower 2021-04-08 13:25:31,186 | numpy_client.py:172 | fit, FitIns(clock=34)
DEBUG flower 2021-04-08 13:25:31,187 | numpy_client.py:260 | cached_clock: 14, curr_clock: 34
INFO flower 2021-04-08 13:25:33,789 | numpy_client.py:205 | Cache is fresh, return FitRes(clock=34)
DEBUG flower 2021-04-08 13:25:33,813 | numpy_client.py:172 | fit, FitIns(clock=35)
DEBUG flower 2021-04-08 13:25:33,814 | numpy_client.py:260 | cached_clock: 14, curr_clock: 35
INFO flower 2021-04-08 13:25:36,492 | numpy_client.py:205 | Cache is fresh, return FitRes(clock=35)
DEBUG flower 2021-04-08 13:25:44,554 | numpy_client.py:172 | fit, FitIns(clock=36)
DEBUG flower 2021-04-08 13:25:44,555 | numpy_client.py:260 | cached_clock: 14, curr_clock: 36
INFO flower 2021-04-08 13:25:47,410 | numpy_client.py:205 | Cache is fresh, return FitRes(clock=36)
DEBUG flower 2021-04-08 13:25:47,434 | numpy_client.py:172 | fit, FitIns(clock=37)
DEBUG flower 2021-04-08 13:25:47,434 | numpy_client.py:260 | cached_clock: 14, curr_clock: 37
INFO flower 2021-04-08 13:25:50,079 | numpy_client.py:205 | Cache is fresh, return FitRes(clock=37)
DEBUG flower 2021-04-08 13:25:58,229 | numpy_client.py:172 | fit, FitIns(clock=38)
DEBUG flower 2021-04-08 13:25:58,229 | numpy_client.py:260 | cached_clock: 14, curr_clock: 38
INFO flower 2021-04-08 13:26:00,798 | numpy_client.py:205 | Cache is fresh, return FitRes(clock=38)
DEBUG flower 2021-04-08 13:26:00,822 | numpy_client.py:172 | fit, FitIns(clock=39)
DEBUG flower 2021-04-08 13:26:00,822 | numpy_client.py:260 | cached_clock: 14, curr_clock: 39
INFO flower 2021-04-08 13:26:03,495 | numpy_client.py:205 | Cache is fresh, return FitRes(clock=39)
DEBUG flower 2021-04-08 13:26:11,269 | numpy_client.py:238 | update_staleness: Staleness bound set to 29
DEBUG flower 2021-04-08 13:26:11,284 | numpy_client.py:172 | fit, FitIns(clock=40)
DEBUG flower 2021-04-08 13:26:11,284 | numpy_client.py:260 | cached_clock: 14, curr_clock: 40
INFO flower 2021-04-08 13:26:14,099 | numpy_client.py:205 | Cache is fresh, return FitRes(clock=40)
DEBUG flower 2021-04-08 13:26:14,125 | numpy_client.py:172 | fit, FitIns(clock=41)
DEBUG flower 2021-04-08 13:26:14,125 | numpy_client.py:260 | cached_clock: 14, curr_clock: 41
INFO flower 2021-04-08 13:26:16,794 | numpy_client.py:205 | Cache is fresh, return FitRes(clock=41)
DEBUG flower 2021-04-08 13:26:24,819 | numpy_client.py:238 | update_staleness: Staleness bound set to 28
DEBUG flower 2021-04-08 13:26:24,829 | numpy_client.py:172 | fit, FitIns(clock=42)
DEBUG flower 2021-04-08 13:26:24,829 | numpy_client.py:260 | cached_clock: 14, curr_clock: 42
INFO flower 2021-04-08 13:26:27,492 | numpy_client.py:205 | Cache is fresh, return FitRes(clock=42)
DEBUG flower 2021-04-08 13:26:27,582 | numpy_client.py:172 | fit, FitIns(clock=43)
DEBUG flower 2021-04-08 13:26:27,582 | numpy_client.py:260 | cached_clock: 14, curr_clock: 43
INFO flower 2021-04-08 13:26:27,582 | numpy_client.py:184 | Cache is stale, return ReadIns
DEBUG flower 2021-04-08 13:26:27,602 | numpy_client.py:228 | read: ReadRes(clock=20)
DEBUG flower 2021-04-08 13:26:27,609 | numpy_client.py:172 | fit, FitIns(clock=43)
DEBUG flower 2021-04-08 13:26:27,610 | numpy_client.py:260 | cached_clock: 20, curr_clock: 43
INFO flower 2021-04-08 13:26:30,310 | numpy_client.py:205 | Cache is fresh, return FitRes(clock=43)
DEBUG flower 2021-04-08 13:26:38,050 | numpy_client.py:238 | update_staleness: Staleness bound set to 27
DEBUG flower 2021-04-08 13:26:38,067 | numpy_client.py:172 | fit, FitIns(clock=44)
DEBUG flower 2021-04-08 13:26:38,067 | numpy_client.py:260 | cached_clock: 20, curr_clock: 44
INFO flower 2021-04-08 13:26:40,724 | numpy_client.py:205 | Cache is fresh, return FitRes(clock=44)
DEBUG flower 2021-04-08 13:26:40,790 | numpy_client.py:172 | fit, FitIns(clock=45)
DEBUG flower 2021-04-08 13:26:40,790 | numpy_client.py:260 | cached_clock: 20, curr_clock: 45
INFO flower 2021-04-08 13:26:43,582 | numpy_client.py:205 | Cache is fresh, return FitRes(clock=45)
DEBUG flower 2021-04-08 13:26:51,118 | numpy_client.py:238 | update_staleness: Staleness bound set to 26
DEBUG flower 2021-04-08 13:26:51,136 | numpy_client.py:172 | fit, FitIns(clock=46)
DEBUG flower 2021-04-08 13:26:51,136 | numpy_client.py:260 | cached_clock: 20, curr_clock: 46
INFO flower 2021-04-08 13:26:53,986 | numpy_client.py:205 | Cache is fresh, return FitRes(clock=46)
DEBUG flower 2021-04-08 13:26:54,009 | numpy_client.py:172 | fit, FitIns(clock=47)
DEBUG flower 2021-04-08 13:26:54,009 | numpy_client.py:260 | cached_clock: 20, curr_clock: 47
INFO flower 2021-04-08 13:26:54,009 | numpy_client.py:184 | Cache is stale, return ReadIns
DEBUG flower 2021-04-08 13:26:54,086 | numpy_client.py:228 | read: ReadRes(clock=22)
DEBUG flower 2021-04-08 13:26:54,093 | numpy_client.py:172 | fit, FitIns(clock=47)
DEBUG flower 2021-04-08 13:26:54,093 | numpy_client.py:260 | cached_clock: 22, curr_clock: 47
INFO flower 2021-04-08 13:26:56,700 | numpy_client.py:205 | Cache is fresh, return FitRes(clock=47)
DEBUG flower 2021-04-08 13:27:03,688 | numpy_client.py:238 | update_staleness: Staleness bound set to 25
DEBUG flower 2021-04-08 13:27:03,700 | numpy_client.py:172 | fit, FitIns(clock=48)
DEBUG flower 2021-04-08 13:27:03,700 | numpy_client.py:260 | cached_clock: 22, curr_clock: 48
INFO flower 2021-04-08 13:27:03,700 | numpy_client.py:184 | Cache is stale, return ReadIns
DEBUG flower 2021-04-08 13:27:03,775 | numpy_client.py:228 | read: ReadRes(clock=23)
DEBUG flower 2021-04-08 13:27:03,782 | numpy_client.py:172 | fit, FitIns(clock=48)
DEBUG flower 2021-04-08 13:27:03,782 | numpy_client.py:260 | cached_clock: 23, curr_clock: 48
INFO flower 2021-04-08 13:27:06,511 | numpy_client.py:205 | Cache is fresh, return FitRes(clock=48)
DEBUG flower 2021-04-08 13:27:06,535 | numpy_client.py:172 | fit, FitIns(clock=49)
DEBUG flower 2021-04-08 13:27:06,535 | numpy_client.py:260 | cached_clock: 23, curr_clock: 49
INFO flower 2021-04-08 13:27:06,535 | numpy_client.py:184 | Cache is stale, return ReadIns
DEBUG flower 2021-04-08 13:27:08,424 | numpy_client.py:228 | read: ReadRes(clock=24)
DEBUG flower 2021-04-08 13:27:08,432 | numpy_client.py:172 | fit, FitIns(clock=49)
DEBUG flower 2021-04-08 13:27:08,432 | numpy_client.py:260 | cached_clock: 24, curr_clock: 49
INFO flower 2021-04-08 13:27:11,184 | numpy_client.py:205 | Cache is fresh, return FitRes(clock=49)
DEBUG flower 2021-04-08 13:27:17,418 | numpy_client.py:238 | update_staleness: Staleness bound set to 24
DEBUG flower 2021-04-08 13:27:17,428 | numpy_client.py:172 | fit, FitIns(clock=50)
DEBUG flower 2021-04-08 13:27:17,429 | numpy_client.py:260 | cached_clock: 24, curr_clock: 50
INFO flower 2021-04-08 13:27:17,429 | numpy_client.py:184 | Cache is stale, return ReadIns
DEBUG flower 2021-04-08 13:27:34,756 | numpy_client.py:228 | read: ReadRes(clock=26)
DEBUG flower 2021-04-08 13:27:34,764 | numpy_client.py:172 | fit, FitIns(clock=50)
DEBUG flower 2021-04-08 13:27:34,764 | numpy_client.py:260 | cached_clock: 26, curr_clock: 50
INFO flower 2021-04-08 13:27:37,586 | numpy_client.py:205 | Cache is fresh, return FitRes(clock=50)
DEBUG flower 2021-04-08 13:27:43,672 | numpy_client.py:172 | fit, FitIns(clock=51)
DEBUG flower 2021-04-08 13:27:43,672 | numpy_client.py:260 | cached_clock: 26, curr_clock: 51
INFO flower 2021-04-08 13:27:43,672 | numpy_client.py:184 | Cache is stale, return ReadIns
DEBUG flower 2021-04-08 13:27:48,171 | numpy_client.py:228 | read: ReadRes(clock=27)
DEBUG flower 2021-04-08 13:27:48,187 | numpy_client.py:172 | fit, FitIns(clock=51)
DEBUG flower 2021-04-08 13:27:48,187 | numpy_client.py:260 | cached_clock: 27, curr_clock: 51
INFO flower 2021-04-08 13:27:50,886 | numpy_client.py:205 | Cache is fresh, return FitRes(clock=51)
DEBUG flower 2021-04-08 13:27:56,722 | numpy_client.py:172 | fit, FitIns(clock=52)
DEBUG flower 2021-04-08 13:27:56,723 | numpy_client.py:260 | cached_clock: 27, curr_clock: 52
INFO flower 2021-04-08 13:27:56,723 | numpy_client.py:184 | Cache is stale, return ReadIns
DEBUG flower 2021-04-08 13:28:01,720 | numpy_client.py:228 | read: ReadRes(clock=28)
DEBUG flower 2021-04-08 13:28:01,727 | numpy_client.py:172 | fit, FitIns(clock=52)
DEBUG flower 2021-04-08 13:28:01,727 | numpy_client.py:260 | cached_clock: 28, curr_clock: 52
INFO flower 2021-04-08 13:28:04,582 | numpy_client.py:205 | Cache is fresh, return FitRes(clock=52)
DEBUG flower 2021-04-08 13:28:10,691 | numpy_client.py:172 | fit, FitIns(clock=53)
DEBUG flower 2021-04-08 13:28:10,691 | numpy_client.py:260 | cached_clock: 28, curr_clock: 53
INFO flower 2021-04-08 13:28:10,691 | numpy_client.py:184 | Cache is stale, return ReadIns
DEBUG flower 2021-04-08 13:28:14,975 | numpy_client.py:228 | read: ReadRes(clock=29)
DEBUG flower 2021-04-08 13:28:14,990 | numpy_client.py:172 | fit, FitIns(clock=53)
DEBUG flower 2021-04-08 13:28:14,990 | numpy_client.py:260 | cached_clock: 29, curr_clock: 53
INFO flower 2021-04-08 13:28:17,680 | numpy_client.py:205 | Cache is fresh, return FitRes(clock=53)
DEBUG flower 2021-04-08 13:28:24,053 | numpy_client.py:172 | fit, FitIns(clock=54)
DEBUG flower 2021-04-08 13:28:24,054 | numpy_client.py:260 | cached_clock: 29, curr_clock: 54
INFO flower 2021-04-08 13:28:24,054 | numpy_client.py:184 | Cache is stale, return ReadIns
DEBUG flower 2021-04-08 13:28:28,376 | numpy_client.py:228 | read: ReadRes(clock=30)
DEBUG flower 2021-04-08 13:28:28,383 | numpy_client.py:172 | fit, FitIns(clock=54)
DEBUG flower 2021-04-08 13:28:28,383 | numpy_client.py:260 | cached_clock: 30, curr_clock: 54
INFO flower 2021-04-08 13:28:31,084 | numpy_client.py:205 | Cache is fresh, return FitRes(clock=54)
DEBUG flower 2021-04-08 13:28:38,432 | numpy_client.py:172 | fit, FitIns(clock=55)
DEBUG flower 2021-04-08 13:28:38,432 | numpy_client.py:260 | cached_clock: 30, curr_clock: 55
INFO flower 2021-04-08 13:28:38,432 | numpy_client.py:184 | Cache is stale, return ReadIns
DEBUG flower 2021-04-08 13:28:42,775 | numpy_client.py:228 | read: ReadRes(clock=31)
DEBUG flower 2021-04-08 13:28:42,783 | numpy_client.py:172 | fit, FitIns(clock=55)
DEBUG flower 2021-04-08 13:28:42,783 | numpy_client.py:260 | cached_clock: 31, curr_clock: 55
INFO flower 2021-04-08 13:28:45,689 | numpy_client.py:205 | Cache is fresh, return FitRes(clock=55)
DEBUG flower 2021-04-08 13:28:52,271 | numpy_client.py:172 | fit, FitIns(clock=56)
DEBUG flower 2021-04-08 13:28:52,271 | numpy_client.py:260 | cached_clock: 31, curr_clock: 56
INFO flower 2021-04-08 13:28:52,271 | numpy_client.py:184 | Cache is stale, return ReadIns
DEBUG flower 2021-04-08 13:28:56,391 | numpy_client.py:228 | read: ReadRes(clock=32)
DEBUG flower 2021-04-08 13:28:56,398 | numpy_client.py:172 | fit, FitIns(clock=56)
DEBUG flower 2021-04-08 13:28:56,399 | numpy_client.py:260 | cached_clock: 32, curr_clock: 56
INFO flower 2021-04-08 13:28:59,185 | numpy_client.py:205 | Cache is fresh, return FitRes(clock=56)
DEBUG flower 2021-04-08 13:29:05,343 | numpy_client.py:172 | fit, FitIns(clock=57)
DEBUG flower 2021-04-08 13:29:05,343 | numpy_client.py:260 | cached_clock: 32, curr_clock: 57
INFO flower 2021-04-08 13:29:05,343 | numpy_client.py:184 | Cache is stale, return ReadIns
DEBUG flower 2021-04-08 13:29:09,573 | numpy_client.py:228 | read: ReadRes(clock=33)
DEBUG flower 2021-04-08 13:29:09,581 | numpy_client.py:172 | fit, FitIns(clock=57)
DEBUG flower 2021-04-08 13:29:09,581 | numpy_client.py:260 | cached_clock: 33, curr_clock: 57
INFO flower 2021-04-08 13:29:12,283 | numpy_client.py:205 | Cache is fresh, return FitRes(clock=57)
DEBUG flower 2021-04-08 13:29:18,737 | numpy_client.py:172 | fit, FitIns(clock=58)
DEBUG flower 2021-04-08 13:29:18,737 | numpy_client.py:260 | cached_clock: 33, curr_clock: 58
INFO flower 2021-04-08 13:29:18,737 | numpy_client.py:184 | Cache is stale, return ReadIns
DEBUG flower 2021-04-08 13:29:23,318 | numpy_client.py:228 | read: ReadRes(clock=34)
DEBUG flower 2021-04-08 13:29:23,326 | numpy_client.py:172 | fit, FitIns(clock=58)
DEBUG flower 2021-04-08 13:29:23,327 | numpy_client.py:260 | cached_clock: 34, curr_clock: 58
INFO flower 2021-04-08 13:29:25,994 | numpy_client.py:205 | Cache is fresh, return FitRes(clock=58)
DEBUG flower 2021-04-08 13:29:32,559 | numpy_client.py:172 | fit, FitIns(clock=59)
DEBUG flower 2021-04-08 13:29:32,559 | numpy_client.py:260 | cached_clock: 34, curr_clock: 59
INFO flower 2021-04-08 13:29:32,559 | numpy_client.py:184 | Cache is stale, return ReadIns
DEBUG flower 2021-04-08 13:29:37,328 | numpy_client.py:228 | read: ReadRes(clock=35)
DEBUG flower 2021-04-08 13:29:37,335 | numpy_client.py:172 | fit, FitIns(clock=59)
DEBUG flower 2021-04-08 13:29:37,335 | numpy_client.py:260 | cached_clock: 35, curr_clock: 59
INFO flower 2021-04-08 13:29:40,195 | numpy_client.py:205 | Cache is fresh, return FitRes(clock=59)
DEBUG flower 2021-04-08 13:29:46,384 | numpy_client.py:238 | update_staleness: Staleness bound set to 23
DEBUG flower 2021-04-08 13:29:46,400 | numpy_client.py:172 | fit, FitIns(clock=60)
DEBUG flower 2021-04-08 13:29:46,401 | numpy_client.py:260 | cached_clock: 35, curr_clock: 60
INFO flower 2021-04-08 13:29:46,401 | numpy_client.py:184 | Cache is stale, return ReadIns
DEBUG flower 2021-04-08 13:30:04,343 | numpy_client.py:228 | read: ReadRes(clock=37)
DEBUG flower 2021-04-08 13:30:04,350 | numpy_client.py:172 | fit, FitIns(clock=60)
DEBUG flower 2021-04-08 13:30:04,350 | numpy_client.py:260 | cached_clock: 37, curr_clock: 60
INFO flower 2021-04-08 13:30:07,083 | numpy_client.py:205 | Cache is fresh, return FitRes(clock=60)
DEBUG flower 2021-04-08 13:30:13,334 | numpy_client.py:238 | update_staleness: Staleness bound set to 21
DEBUG flower 2021-04-08 13:30:13,345 | numpy_client.py:172 | fit, FitIns(clock=61)
DEBUG flower 2021-04-08 13:30:13,345 | numpy_client.py:260 | cached_clock: 37, curr_clock: 61
INFO flower 2021-04-08 13:30:13,346 | numpy_client.py:184 | Cache is stale, return ReadIns
DEBUG flower 2021-04-08 13:30:43,693 | numpy_client.py:228 | read: ReadRes(clock=40)
DEBUG flower 2021-04-08 13:30:43,701 | numpy_client.py:172 | fit, FitIns(clock=61)
DEBUG flower 2021-04-08 13:30:43,701 | numpy_client.py:260 | cached_clock: 40, curr_clock: 61
INFO flower 2021-04-08 13:30:46,491 | numpy_client.py:205 | Cache is fresh, return FitRes(clock=61)
DEBUG flower 2021-04-08 13:30:52,929 | numpy_client.py:238 | update_staleness: Staleness bound set to 18
DEBUG flower 2021-04-08 13:30:52,939 | numpy_client.py:172 | fit, FitIns(clock=62)
DEBUG flower 2021-04-08 13:30:52,939 | numpy_client.py:260 | cached_clock: 40, curr_clock: 62
INFO flower 2021-04-08 13:30:52,939 | numpy_client.py:184 | Cache is stale, return ReadIns
DEBUG flower 2021-04-08 13:31:38,398 | numpy_client.py:228 | read: ReadRes(clock=44)
DEBUG flower 2021-04-08 13:31:38,406 | numpy_client.py:172 | fit, FitIns(clock=62)
DEBUG flower 2021-04-08 13:31:38,406 | numpy_client.py:260 | cached_clock: 44, curr_clock: 62
INFO flower 2021-04-08 13:31:41,390 | numpy_client.py:205 | Cache is fresh, return FitRes(clock=62)
DEBUG flower 2021-04-08 13:31:47,494 | numpy_client.py:238 | update_staleness: Staleness bound set to 17
DEBUG flower 2021-04-08 13:31:47,514 | numpy_client.py:172 | fit, FitIns(clock=63)
DEBUG flower 2021-04-08 13:31:47,514 | numpy_client.py:260 | cached_clock: 44, curr_clock: 63
INFO flower 2021-04-08 13:31:47,514 | numpy_client.py:184 | Cache is stale, return ReadIns
DEBUG flower 2021-04-08 13:32:06,376 | numpy_client.py:228 | read: ReadRes(clock=46)
DEBUG flower 2021-04-08 13:32:06,385 | numpy_client.py:172 | fit, FitIns(clock=63)
DEBUG flower 2021-04-08 13:32:06,385 | numpy_client.py:260 | cached_clock: 46, curr_clock: 63
INFO flower 2021-04-08 13:32:09,108 | numpy_client.py:205 | Cache is fresh, return FitRes(clock=63)
DEBUG flower 2021-04-08 13:32:15,583 | numpy_client.py:172 | fit, FitIns(clock=64)
DEBUG flower 2021-04-08 13:32:15,583 | numpy_client.py:260 | cached_clock: 46, curr_clock: 64
INFO flower 2021-04-08 13:32:15,583 | numpy_client.py:184 | Cache is stale, return ReadIns
DEBUG flower 2021-04-08 13:32:20,298 | numpy_client.py:228 | read: ReadRes(clock=47)
DEBUG flower 2021-04-08 13:32:20,306 | numpy_client.py:172 | fit, FitIns(clock=64)
DEBUG flower 2021-04-08 13:32:20,306 | numpy_client.py:260 | cached_clock: 47, curr_clock: 64
INFO flower 2021-04-08 13:32:23,078 | numpy_client.py:205 | Cache is fresh, return FitRes(clock=64)
DEBUG flower 2021-04-08 13:32:29,484 | numpy_client.py:172 | fit, FitIns(clock=65)
DEBUG flower 2021-04-08 13:32:29,484 | numpy_client.py:260 | cached_clock: 47, curr_clock: 65
INFO flower 2021-04-08 13:32:29,484 | numpy_client.py:184 | Cache is stale, return ReadIns
DEBUG flower 2021-04-08 13:32:33,574 | numpy_client.py:228 | read: ReadRes(clock=48)
DEBUG flower 2021-04-08 13:32:33,580 | numpy_client.py:172 | fit, FitIns(clock=65)
DEBUG flower 2021-04-08 13:32:33,580 | numpy_client.py:260 | cached_clock: 48, curr_clock: 65
INFO flower 2021-04-08 13:32:36,403 | numpy_client.py:205 | Cache is fresh, return FitRes(clock=65)
DEBUG flower 2021-04-08 13:32:42,195 | numpy_client.py:238 | update_staleness: Staleness bound set to 16
DEBUG flower 2021-04-08 13:32:42,217 | numpy_client.py:172 | fit, FitIns(clock=66)
DEBUG flower 2021-04-08 13:32:42,217 | numpy_client.py:260 | cached_clock: 48, curr_clock: 66
INFO flower 2021-04-08 13:32:42,217 | numpy_client.py:184 | Cache is stale, return ReadIns
DEBUG flower 2021-04-08 13:32:59,834 | numpy_client.py:228 | read: ReadRes(clock=50)
DEBUG flower 2021-04-08 13:32:59,842 | numpy_client.py:172 | fit, FitIns(clock=66)
DEBUG flower 2021-04-08 13:32:59,842 | numpy_client.py:260 | cached_clock: 50, curr_clock: 66
INFO flower 2021-04-08 13:33:02,708 | numpy_client.py:205 | Cache is fresh, return FitRes(clock=66)
DEBUG flower 2021-04-08 13:33:09,003 | numpy_client.py:238 | update_staleness: Staleness bound set to 15
DEBUG flower 2021-04-08 13:33:09,013 | numpy_client.py:172 | fit, FitIns(clock=67)
DEBUG flower 2021-04-08 13:33:09,013 | numpy_client.py:260 | cached_clock: 50, curr_clock: 67
INFO flower 2021-04-08 13:33:09,013 | numpy_client.py:184 | Cache is stale, return ReadIns
DEBUG flower 2021-04-08 13:33:26,375 | numpy_client.py:228 | read: ReadRes(clock=52)
DEBUG flower 2021-04-08 13:33:26,383 | numpy_client.py:172 | fit, FitIns(clock=67)
DEBUG flower 2021-04-08 13:33:26,383 | numpy_client.py:260 | cached_clock: 52, curr_clock: 67
INFO flower 2021-04-08 13:33:29,395 | numpy_client.py:205 | Cache is fresh, return FitRes(clock=67)
DEBUG flower 2021-04-08 13:33:35,737 | numpy_client.py:238 | update_staleness: Staleness bound set to 13
DEBUG flower 2021-04-08 13:33:35,755 | numpy_client.py:172 | fit, FitIns(clock=68)
DEBUG flower 2021-04-08 13:33:35,755 | numpy_client.py:260 | cached_clock: 52, curr_clock: 68
INFO flower 2021-04-08 13:33:35,755 | numpy_client.py:184 | Cache is stale, return ReadIns
DEBUG flower 2021-04-08 13:34:06,475 | numpy_client.py:228 | read: ReadRes(clock=55)
DEBUG flower 2021-04-08 13:34:06,482 | numpy_client.py:172 | fit, FitIns(clock=68)
DEBUG flower 2021-04-08 13:34:06,483 | numpy_client.py:260 | cached_clock: 55, curr_clock: 68
INFO flower 2021-04-08 13:34:09,283 | numpy_client.py:205 | Cache is fresh, return FitRes(clock=68)
DEBUG flower 2021-04-08 13:34:15,480 | numpy_client.py:238 | update_staleness: Staleness bound set to 10
DEBUG flower 2021-04-08 13:34:15,490 | numpy_client.py:172 | fit, FitIns(clock=69)
DEBUG flower 2021-04-08 13:34:15,490 | numpy_client.py:260 | cached_clock: 55, curr_clock: 69
INFO flower 2021-04-08 13:34:15,490 | numpy_client.py:184 | Cache is stale, return ReadIns
DEBUG flower 2021-04-08 13:34:58,823 | numpy_client.py:228 | read: ReadRes(clock=59)
DEBUG flower 2021-04-08 13:34:58,831 | numpy_client.py:172 | fit, FitIns(clock=69)
DEBUG flower 2021-04-08 13:34:58,831 | numpy_client.py:260 | cached_clock: 59, curr_clock: 69
INFO flower 2021-04-08 13:35:01,704 | numpy_client.py:205 | Cache is fresh, return FitRes(clock=69)
DEBUG flower 2021-04-08 13:35:08,179 | numpy_client.py:238 | update_staleness: Staleness bound set to 6
DEBUG flower 2021-04-08 13:35:08,189 | numpy_client.py:172 | fit, FitIns(clock=70)
DEBUG flower 2021-04-08 13:35:08,189 | numpy_client.py:260 | cached_clock: 59, curr_clock: 70
INFO flower 2021-04-08 13:35:08,189 | numpy_client.py:184 | Cache is stale, return ReadIns
DEBUG flower 2021-04-08 13:36:05,895 | numpy_client.py:228 | read: ReadRes(clock=64)
DEBUG flower 2021-04-08 13:36:05,902 | numpy_client.py:172 | fit, FitIns(clock=70)
DEBUG flower 2021-04-08 13:36:05,903 | numpy_client.py:260 | cached_clock: 64, curr_clock: 70
INFO flower 2021-04-08 13:36:08,709 | numpy_client.py:205 | Cache is fresh, return FitRes(clock=70)
DEBUG flower 2021-04-08 13:36:15,299 | numpy_client.py:238 | update_staleness: Staleness bound set to 1
DEBUG flower 2021-04-08 13:36:15,309 | numpy_client.py:172 | fit, FitIns(clock=71)
DEBUG flower 2021-04-08 13:36:15,309 | numpy_client.py:260 | cached_clock: 64, curr_clock: 71
INFO flower 2021-04-08 13:36:15,309 | numpy_client.py:184 | Cache is stale, return ReadIns
DEBUG flower 2021-04-08 13:37:26,259 | numpy_client.py:228 | read: ReadRes(clock=70)
DEBUG flower 2021-04-08 13:37:26,266 | numpy_client.py:172 | fit, FitIns(clock=71)
DEBUG flower 2021-04-08 13:37:26,267 | numpy_client.py:260 | cached_clock: 70, curr_clock: 71
INFO flower 2021-04-08 13:37:28,888 | numpy_client.py:205 | Cache is fresh, return FitRes(clock=71)
DEBUG flower 2021-04-08 13:37:35,442 | numpy_client.py:172 | fit, FitIns(clock=72)
DEBUG flower 2021-04-08 13:37:35,443 | numpy_client.py:260 | cached_clock: 70, curr_clock: 72
INFO flower 2021-04-08 13:37:35,443 | numpy_client.py:184 | Cache is stale, return ReadIns
DEBUG flower 2021-04-08 13:37:39,858 | numpy_client.py:228 | read: ReadRes(clock=71)
DEBUG flower 2021-04-08 13:37:39,865 | numpy_client.py:172 | fit, FitIns(clock=72)
DEBUG flower 2021-04-08 13:37:39,865 | numpy_client.py:260 | cached_clock: 71, curr_clock: 72
INFO flower 2021-04-08 13:37:42,583 | numpy_client.py:205 | Cache is fresh, return FitRes(clock=72)
DEBUG flower 2021-04-08 13:37:48,918 | numpy_client.py:172 | fit, FitIns(clock=73)
DEBUG flower 2021-04-08 13:37:48,918 | numpy_client.py:260 | cached_clock: 71, curr_clock: 73
INFO flower 2021-04-08 13:37:48,918 | numpy_client.py:184 | Cache is stale, return ReadIns
DEBUG flower 2021-04-08 13:37:53,576 | numpy_client.py:228 | read: ReadRes(clock=72)
DEBUG flower 2021-04-08 13:37:53,583 | numpy_client.py:172 | fit, FitIns(clock=73)
DEBUG flower 2021-04-08 13:37:53,583 | numpy_client.py:260 | cached_clock: 72, curr_clock: 73
INFO flower 2021-04-08 13:37:56,483 | numpy_client.py:205 | Cache is fresh, return FitRes(clock=73)
DEBUG flower 2021-04-08 13:38:02,306 | numpy_client.py:172 | fit, FitIns(clock=74)
DEBUG flower 2021-04-08 13:38:02,307 | numpy_client.py:260 | cached_clock: 72, curr_clock: 74
INFO flower 2021-04-08 13:38:02,307 | numpy_client.py:184 | Cache is stale, return ReadIns
DEBUG flower 2021-04-08 13:38:07,475 | numpy_client.py:228 | read: ReadRes(clock=73)
DEBUG flower 2021-04-08 13:38:07,483 | numpy_client.py:172 | fit, FitIns(clock=74)
DEBUG flower 2021-04-08 13:38:07,483 | numpy_client.py:260 | cached_clock: 73, curr_clock: 74
INFO flower 2021-04-08 13:38:10,182 | numpy_client.py:205 | Cache is fresh, return FitRes(clock=74)
DEBUG flower 2021-04-08 13:38:16,019 | numpy_client.py:172 | fit, FitIns(clock=75)
DEBUG flower 2021-04-08 13:38:16,019 | numpy_client.py:260 | cached_clock: 73, curr_clock: 75
INFO flower 2021-04-08 13:38:16,019 | numpy_client.py:184 | Cache is stale, return ReadIns
DEBUG flower 2021-04-08 13:38:20,627 | numpy_client.py:228 | read: ReadRes(clock=74)
DEBUG flower 2021-04-08 13:38:20,635 | numpy_client.py:172 | fit, FitIns(clock=75)
DEBUG flower 2021-04-08 13:38:20,635 | numpy_client.py:260 | cached_clock: 74, curr_clock: 75
INFO flower 2021-04-08 13:38:23,608 | numpy_client.py:205 | Cache is fresh, return FitRes(clock=75)
DEBUG flower 2021-04-08 13:38:30,006 | numpy_client.py:172 | fit, FitIns(clock=76)
DEBUG flower 2021-04-08 13:38:30,006 | numpy_client.py:260 | cached_clock: 74, curr_clock: 76
INFO flower 2021-04-08 13:38:30,007 | numpy_client.py:184 | Cache is stale, return ReadIns
DEBUG flower 2021-04-08 13:38:34,407 | numpy_client.py:228 | read: ReadRes(clock=75)
DEBUG flower 2021-04-08 13:38:34,415 | numpy_client.py:172 | fit, FitIns(clock=76)
DEBUG flower 2021-04-08 13:38:34,415 | numpy_client.py:260 | cached_clock: 75, curr_clock: 76
INFO flower 2021-04-08 13:38:37,081 | numpy_client.py:205 | Cache is fresh, return FitRes(clock=76)
DEBUG flower 2021-04-08 13:38:43,834 | numpy_client.py:172 | fit, FitIns(clock=77)
DEBUG flower 2021-04-08 13:38:43,834 | numpy_client.py:260 | cached_clock: 75, curr_clock: 77
INFO flower 2021-04-08 13:38:43,835 | numpy_client.py:184 | Cache is stale, return ReadIns
DEBUG flower 2021-04-08 13:38:48,534 | numpy_client.py:228 | read: ReadRes(clock=76)
DEBUG flower 2021-04-08 13:38:48,541 | numpy_client.py:172 | fit, FitIns(clock=77)
DEBUG flower 2021-04-08 13:38:48,541 | numpy_client.py:260 | cached_clock: 76, curr_clock: 77
INFO flower 2021-04-08 13:38:51,282 | numpy_client.py:205 | Cache is fresh, return FitRes(clock=77)
DEBUG flower 2021-04-08 13:38:57,573 | numpy_client.py:172 | fit, FitIns(clock=78)
DEBUG flower 2021-04-08 13:38:57,573 | numpy_client.py:260 | cached_clock: 76, curr_clock: 78
INFO flower 2021-04-08 13:38:57,573 | numpy_client.py:184 | Cache is stale, return ReadIns
DEBUG flower 2021-04-08 13:39:02,176 | numpy_client.py:228 | read: ReadRes(clock=77)
DEBUG flower 2021-04-08 13:39:02,183 | numpy_client.py:172 | fit, FitIns(clock=78)
DEBUG flower 2021-04-08 13:39:02,183 | numpy_client.py:260 | cached_clock: 77, curr_clock: 78
INFO flower 2021-04-08 13:39:05,006 | numpy_client.py:205 | Cache is fresh, return FitRes(clock=78)
DEBUG flower 2021-04-08 13:39:12,555 | numpy_client.py:172 | fit, FitIns(clock=79)
DEBUG flower 2021-04-08 13:39:12,555 | numpy_client.py:260 | cached_clock: 77, curr_clock: 79
INFO flower 2021-04-08 13:39:12,555 | numpy_client.py:184 | Cache is stale, return ReadIns
DEBUG flower 2021-04-08 13:39:16,675 | numpy_client.py:228 | read: ReadRes(clock=78)
DEBUG flower 2021-04-08 13:39:16,683 | numpy_client.py:172 | fit, FitIns(clock=79)
DEBUG flower 2021-04-08 13:39:16,683 | numpy_client.py:260 | cached_clock: 78, curr_clock: 79
INFO flower 2021-04-08 13:39:19,594 | numpy_client.py:205 | Cache is fresh, return FitRes(clock=79)
DEBUG flower 2021-04-08 13:39:26,624 | numpy_client.py:172 | fit, FitIns(clock=80)
DEBUG flower 2021-04-08 13:39:26,624 | numpy_client.py:260 | cached_clock: 78, curr_clock: 80
INFO flower 2021-04-08 13:39:26,624 | numpy_client.py:184 | Cache is stale, return ReadIns
DEBUG flower 2021-04-08 13:39:30,975 | numpy_client.py:228 | read: ReadRes(clock=79)
DEBUG flower 2021-04-08 13:39:30,982 | numpy_client.py:172 | fit, FitIns(clock=80)
DEBUG flower 2021-04-08 13:39:30,983 | numpy_client.py:260 | cached_clock: 79, curr_clock: 80
INFO flower 2021-04-08 13:39:34,095 | numpy_client.py:205 | Cache is fresh, return FitRes(clock=80)
DEBUG flower 2021-04-08 13:39:39,929 | numpy_client.py:172 | fit, FitIns(clock=81)
DEBUG flower 2021-04-08 13:39:39,929 | numpy_client.py:260 | cached_clock: 79, curr_clock: 81
INFO flower 2021-04-08 13:39:39,930 | numpy_client.py:184 | Cache is stale, return ReadIns
DEBUG flower 2021-04-08 13:39:44,747 | numpy_client.py:228 | read: ReadRes(clock=80)
DEBUG flower 2021-04-08 13:39:44,776 | numpy_client.py:172 | fit, FitIns(clock=81)
DEBUG flower 2021-04-08 13:39:44,776 | numpy_client.py:260 | cached_clock: 80, curr_clock: 81
INFO flower 2021-04-08 13:39:47,490 | numpy_client.py:205 | Cache is fresh, return FitRes(clock=81)
DEBUG flower 2021-04-08 13:39:53,983 | numpy_client.py:172 | fit, FitIns(clock=82)
DEBUG flower 2021-04-08 13:39:53,983 | numpy_client.py:260 | cached_clock: 80, curr_clock: 82
INFO flower 2021-04-08 13:39:53,983 | numpy_client.py:184 | Cache is stale, return ReadIns
DEBUG flower 2021-04-08 13:39:59,075 | numpy_client.py:228 | read: ReadRes(clock=81)
DEBUG flower 2021-04-08 13:39:59,082 | numpy_client.py:172 | fit, FitIns(clock=82)
DEBUG flower 2021-04-08 13:39:59,082 | numpy_client.py:260 | cached_clock: 81, curr_clock: 82
INFO flower 2021-04-08 13:40:01,896 | numpy_client.py:205 | Cache is fresh, return FitRes(clock=82)
DEBUG flower 2021-04-08 13:40:08,323 | numpy_client.py:172 | fit, FitIns(clock=83)
DEBUG flower 2021-04-08 13:40:08,323 | numpy_client.py:260 | cached_clock: 81, curr_clock: 83
INFO flower 2021-04-08 13:40:08,323 | numpy_client.py:184 | Cache is stale, return ReadIns
DEBUG flower 2021-04-08 13:40:13,175 | numpy_client.py:228 | read: ReadRes(clock=82)
DEBUG flower 2021-04-08 13:40:13,182 | numpy_client.py:172 | fit, FitIns(clock=83)
DEBUG flower 2021-04-08 13:40:13,182 | numpy_client.py:260 | cached_clock: 82, curr_clock: 83
INFO flower 2021-04-08 13:40:16,009 | numpy_client.py:205 | Cache is fresh, return FitRes(clock=83)
DEBUG flower 2021-04-08 13:40:22,185 | numpy_client.py:172 | fit, FitIns(clock=84)
DEBUG flower 2021-04-08 13:40:22,185 | numpy_client.py:260 | cached_clock: 82, curr_clock: 84
INFO flower 2021-04-08 13:40:22,185 | numpy_client.py:184 | Cache is stale, return ReadIns
DEBUG flower 2021-04-08 13:40:27,304 | numpy_client.py:228 | read: ReadRes(clock=83)
DEBUG flower 2021-04-08 13:40:27,312 | numpy_client.py:172 | fit, FitIns(clock=84)
DEBUG flower 2021-04-08 13:40:27,312 | numpy_client.py:260 | cached_clock: 83, curr_clock: 84
INFO flower 2021-04-08 13:40:30,087 | numpy_client.py:205 | Cache is fresh, return FitRes(clock=84)
DEBUG flower 2021-04-08 13:40:36,601 | numpy_client.py:172 | fit, FitIns(clock=85)
DEBUG flower 2021-04-08 13:40:36,601 | numpy_client.py:260 | cached_clock: 83, curr_clock: 85
INFO flower 2021-04-08 13:40:36,602 | numpy_client.py:184 | Cache is stale, return ReadIns
DEBUG flower 2021-04-08 13:40:41,300 | numpy_client.py:228 | read: ReadRes(clock=84)
DEBUG flower 2021-04-08 13:40:41,307 | numpy_client.py:172 | fit, FitIns(clock=85)
DEBUG flower 2021-04-08 13:40:41,307 | numpy_client.py:260 | cached_clock: 84, curr_clock: 85
INFO flower 2021-04-08 13:40:43,881 | numpy_client.py:205 | Cache is fresh, return FitRes(clock=85)
DEBUG flower 2021-04-08 13:40:50,446 | numpy_client.py:172 | fit, FitIns(clock=86)
DEBUG flower 2021-04-08 13:40:50,447 | numpy_client.py:260 | cached_clock: 84, curr_clock: 86
INFO flower 2021-04-08 13:40:50,447 | numpy_client.py:184 | Cache is stale, return ReadIns
DEBUG flower 2021-04-08 13:40:54,975 | numpy_client.py:228 | read: ReadRes(clock=85)
DEBUG flower 2021-04-08 13:40:54,982 | numpy_client.py:172 | fit, FitIns(clock=86)
DEBUG flower 2021-04-08 13:40:54,982 | numpy_client.py:260 | cached_clock: 85, curr_clock: 86
INFO flower 2021-04-08 13:40:57,909 | numpy_client.py:205 | Cache is fresh, return FitRes(clock=86)
DEBUG flower 2021-04-08 13:41:03,943 | numpy_client.py:172 | fit, FitIns(clock=87)
DEBUG flower 2021-04-08 13:41:03,943 | numpy_client.py:260 | cached_clock: 85, curr_clock: 87
INFO flower 2021-04-08 13:41:03,943 | numpy_client.py:184 | Cache is stale, return ReadIns
DEBUG flower 2021-04-08 13:41:08,354 | numpy_client.py:228 | read: ReadRes(clock=86)
DEBUG flower 2021-04-08 13:41:08,361 | numpy_client.py:172 | fit, FitIns(clock=87)
DEBUG flower 2021-04-08 13:41:08,361 | numpy_client.py:260 | cached_clock: 86, curr_clock: 87
INFO flower 2021-04-08 13:41:10,917 | numpy_client.py:205 | Cache is fresh, return FitRes(clock=87)
DEBUG flower 2021-04-08 13:41:17,477 | numpy_client.py:172 | fit, FitIns(clock=88)
DEBUG flower 2021-04-08 13:41:17,477 | numpy_client.py:260 | cached_clock: 86, curr_clock: 88
INFO flower 2021-04-08 13:41:17,477 | numpy_client.py:184 | Cache is stale, return ReadIns
DEBUG flower 2021-04-08 13:41:21,826 | numpy_client.py:228 | read: ReadRes(clock=87)
DEBUG flower 2021-04-08 13:41:21,833 | numpy_client.py:172 | fit, FitIns(clock=88)
DEBUG flower 2021-04-08 13:41:21,833 | numpy_client.py:260 | cached_clock: 87, curr_clock: 88
INFO flower 2021-04-08 13:41:24,483 | numpy_client.py:205 | Cache is fresh, return FitRes(clock=88)
DEBUG flower 2021-04-08 13:41:31,087 | numpy_client.py:172 | fit, FitIns(clock=89)
DEBUG flower 2021-04-08 13:41:31,088 | numpy_client.py:260 | cached_clock: 87, curr_clock: 89
INFO flower 2021-04-08 13:41:31,088 | numpy_client.py:184 | Cache is stale, return ReadIns
DEBUG flower 2021-04-08 13:41:35,944 | numpy_client.py:228 | read: ReadRes(clock=88)
DEBUG flower 2021-04-08 13:41:35,951 | numpy_client.py:172 | fit, FitIns(clock=89)
DEBUG flower 2021-04-08 13:41:35,951 | numpy_client.py:260 | cached_clock: 88, curr_clock: 89
INFO flower 2021-04-08 13:41:38,577 | numpy_client.py:205 | Cache is fresh, return FitRes(clock=89)
DEBUG flower 2021-04-08 13:41:44,887 | numpy_client.py:172 | fit, FitIns(clock=90)
DEBUG flower 2021-04-08 13:41:44,887 | numpy_client.py:260 | cached_clock: 88, curr_clock: 90
INFO flower 2021-04-08 13:41:44,887 | numpy_client.py:184 | Cache is stale, return ReadIns
DEBUG flower 2021-04-08 13:41:49,475 | numpy_client.py:228 | read: ReadRes(clock=89)
DEBUG flower 2021-04-08 13:41:49,480 | numpy_client.py:172 | fit, FitIns(clock=90)
DEBUG flower 2021-04-08 13:41:49,480 | numpy_client.py:260 | cached_clock: 89, curr_clock: 90
INFO flower 2021-04-08 13:41:52,009 | numpy_client.py:205 | Cache is fresh, return FitRes(clock=90)
DEBUG flower 2021-04-08 13:41:58,694 | numpy_client.py:172 | fit, FitIns(clock=91)
DEBUG flower 2021-04-08 13:41:58,695 | numpy_client.py:260 | cached_clock: 89, curr_clock: 91
INFO flower 2021-04-08 13:41:58,695 | numpy_client.py:184 | Cache is stale, return ReadIns
DEBUG flower 2021-04-08 13:42:03,051 | numpy_client.py:228 | read: ReadRes(clock=90)
DEBUG flower 2021-04-08 13:42:03,059 | numpy_client.py:172 | fit, FitIns(clock=91)
DEBUG flower 2021-04-08 13:42:03,059 | numpy_client.py:260 | cached_clock: 90, curr_clock: 91
INFO flower 2021-04-08 13:42:05,901 | numpy_client.py:205 | Cache is fresh, return FitRes(clock=91)
DEBUG flower 2021-04-08 13:42:11,384 | numpy_client.py:172 | fit, FitIns(clock=92)
DEBUG flower 2021-04-08 13:42:11,384 | numpy_client.py:260 | cached_clock: 90, curr_clock: 92
INFO flower 2021-04-08 13:42:11,384 | numpy_client.py:184 | Cache is stale, return ReadIns
DEBUG flower 2021-04-08 13:42:16,273 | numpy_client.py:228 | read: ReadRes(clock=91)
DEBUG flower 2021-04-08 13:42:16,280 | numpy_client.py:172 | fit, FitIns(clock=92)
DEBUG flower 2021-04-08 13:42:16,280 | numpy_client.py:260 | cached_clock: 91, curr_clock: 92
INFO flower 2021-04-08 13:42:18,787 | numpy_client.py:205 | Cache is fresh, return FitRes(clock=92)
DEBUG flower 2021-04-08 13:42:25,636 | numpy_client.py:172 | fit, FitIns(clock=93)
DEBUG flower 2021-04-08 13:42:25,636 | numpy_client.py:260 | cached_clock: 91, curr_clock: 93
INFO flower 2021-04-08 13:42:25,636 | numpy_client.py:184 | Cache is stale, return ReadIns
DEBUG flower 2021-04-08 13:42:29,966 | numpy_client.py:228 | read: ReadRes(clock=92)
DEBUG flower 2021-04-08 13:42:29,973 | numpy_client.py:172 | fit, FitIns(clock=93)
DEBUG flower 2021-04-08 13:42:29,974 | numpy_client.py:260 | cached_clock: 92, curr_clock: 93
INFO flower 2021-04-08 13:42:32,788 | numpy_client.py:205 | Cache is fresh, return FitRes(clock=93)
DEBUG flower 2021-04-08 13:42:38,563 | numpy_client.py:172 | fit, FitIns(clock=94)
DEBUG flower 2021-04-08 13:42:38,563 | numpy_client.py:260 | cached_clock: 92, curr_clock: 94
INFO flower 2021-04-08 13:42:38,563 | numpy_client.py:184 | Cache is stale, return ReadIns
DEBUG flower 2021-04-08 13:42:42,875 | numpy_client.py:228 | read: ReadRes(clock=93)
DEBUG flower 2021-04-08 13:42:42,882 | numpy_client.py:172 | fit, FitIns(clock=94)
DEBUG flower 2021-04-08 13:42:42,883 | numpy_client.py:260 | cached_clock: 93, curr_clock: 94
INFO flower 2021-04-08 13:42:45,491 | numpy_client.py:205 | Cache is fresh, return FitRes(clock=94)
DEBUG flower 2021-04-08 13:42:51,999 | numpy_client.py:172 | fit, FitIns(clock=95)
DEBUG flower 2021-04-08 13:42:51,999 | numpy_client.py:260 | cached_clock: 93, curr_clock: 95
INFO flower 2021-04-08 13:42:51,999 | numpy_client.py:184 | Cache is stale, return ReadIns
DEBUG flower 2021-04-08 13:42:56,465 | numpy_client.py:228 | read: ReadRes(clock=94)
DEBUG flower 2021-04-08 13:42:56,472 | numpy_client.py:172 | fit, FitIns(clock=95)
DEBUG flower 2021-04-08 13:42:56,472 | numpy_client.py:260 | cached_clock: 94, curr_clock: 95
INFO flower 2021-04-08 13:42:59,583 | numpy_client.py:205 | Cache is fresh, return FitRes(clock=95)
DEBUG flower 2021-04-08 13:43:05,564 | numpy_client.py:172 | fit, FitIns(clock=96)
DEBUG flower 2021-04-08 13:43:05,564 | numpy_client.py:260 | cached_clock: 94, curr_clock: 96
INFO flower 2021-04-08 13:43:05,564 | numpy_client.py:184 | Cache is stale, return ReadIns
DEBUG flower 2021-04-08 13:43:10,452 | numpy_client.py:228 | read: ReadRes(clock=95)
DEBUG flower 2021-04-08 13:43:10,459 | numpy_client.py:172 | fit, FitIns(clock=96)
DEBUG flower 2021-04-08 13:43:10,460 | numpy_client.py:260 | cached_clock: 95, curr_clock: 96
INFO flower 2021-04-08 13:43:13,278 | numpy_client.py:205 | Cache is fresh, return FitRes(clock=96)
DEBUG flower 2021-04-08 13:43:19,543 | numpy_client.py:172 | fit, FitIns(clock=97)
DEBUG flower 2021-04-08 13:43:19,544 | numpy_client.py:260 | cached_clock: 95, curr_clock: 97
INFO flower 2021-04-08 13:43:19,544 | numpy_client.py:184 | Cache is stale, return ReadIns
DEBUG flower 2021-04-08 13:43:24,074 | numpy_client.py:228 | read: ReadRes(clock=96)
DEBUG flower 2021-04-08 13:43:24,082 | numpy_client.py:172 | fit, FitIns(clock=97)
DEBUG flower 2021-04-08 13:43:24,082 | numpy_client.py:260 | cached_clock: 96, curr_clock: 97
INFO flower 2021-04-08 13:43:26,893 | numpy_client.py:205 | Cache is fresh, return FitRes(clock=97)
DEBUG flower 2021-04-08 13:43:34,532 | numpy_client.py:172 | fit, FitIns(clock=98)
DEBUG flower 2021-04-08 13:43:34,532 | numpy_client.py:260 | cached_clock: 96, curr_clock: 98
INFO flower 2021-04-08 13:43:34,532 | numpy_client.py:184 | Cache is stale, return ReadIns
DEBUG flower 2021-04-08 13:43:38,953 | numpy_client.py:228 | read: ReadRes(clock=97)
DEBUG flower 2021-04-08 13:43:38,961 | numpy_client.py:172 | fit, FitIns(clock=98)
DEBUG flower 2021-04-08 13:43:38,961 | numpy_client.py:260 | cached_clock: 97, curr_clock: 98
INFO flower 2021-04-08 13:43:41,690 | numpy_client.py:205 | Cache is fresh, return FitRes(clock=98)
DEBUG flower 2021-04-08 13:43:48,205 | numpy_client.py:172 | fit, FitIns(clock=99)
DEBUG flower 2021-04-08 13:43:48,206 | numpy_client.py:260 | cached_clock: 97, curr_clock: 99
INFO flower 2021-04-08 13:43:48,206 | numpy_client.py:184 | Cache is stale, return ReadIns
DEBUG flower 2021-04-08 13:43:52,572 | numpy_client.py:228 | read: ReadRes(clock=98)
DEBUG flower 2021-04-08 13:43:52,580 | numpy_client.py:172 | fit, FitIns(clock=99)
DEBUG flower 2021-04-08 13:43:52,580 | numpy_client.py:260 | cached_clock: 98, curr_clock: 99
INFO flower 2021-04-08 13:43:55,374 | numpy_client.py:205 | Cache is fresh, return FitRes(clock=99)
DEBUG flower 2021-04-08 13:43:55,374 | numpy_client.py:217 | The client finishes computing after 1332 seconds
INFO flower 2021-04-08 13:44:26,320 | numpy_client.py:250 | [32;1m Loss: 50.906, Accuracy: 17.008%[0m
DEBUG flower 2021-04-08 13:44:26,417 | connection.py:68 | Insecure gRPC channel closed
INFO flower 2021-04-08 13:44:26,417 | app.py:74 | Disconnect and shut down
Namespace(idx=29, max_delay=0, min_delay=0, num_clients=31, server_ip='10.244.37.27:8080', staleness_bound=1000)
I'm client 29
Start SSP client without delay
Files already downloaded and verified
Files already downloaded and verified
[32;1mClient 29: 1668 train samples, 488 test samples[0m
loss=119.84816026687622, acc=0.2535377358490566
loss=121.1769642829895, acc=0.15683962264150944
loss=111.27213788032532, acc=0.2358490566037736
loss=87.87629091739655, acc=0.3602594339622642
loss=64.9832267165184, acc=0.4050707547169811
loss=61.96950536966324, acc=0.4339622641509434
loss=60.09752506017685, acc=0.46167452830188677
loss=58.196474492549896, acc=0.49351415094339623
loss=56.304009318351746, acc=0.5176886792452831
loss=55.05094784498215, acc=0.5347877358490566
loss=54.24707794189453, acc=0.5471698113207547
loss=53.533763110637665, acc=0.5495283018867925
loss=52.84512537717819, acc=0.5613207547169812
loss=52.14875251054764, acc=0.5725235849056604
loss=51.46094864606857, acc=0.5742924528301887
loss=50.82868021726608, acc=0.5778301886792453
loss=50.195847272872925, acc=0.5860849056603774
loss=49.552612632513046, acc=0.5949292452830188
loss=48.91781201958656, acc=0.6002358490566038
loss=48.26914393901825, acc=0.6079009433962265
loss=47.579051077365875, acc=0.6196933962264151
loss=46.82810792326927, acc=0.625
loss=46.02820381522179, acc=0.6332547169811321
loss=45.17208021879196, acc=0.6456367924528302
loss=44.23925334215164, acc=0.6533018867924528
loss=43.24548456072807, acc=0.6650943396226415
loss=42.2031632065773, acc=0.6804245283018868
loss=41.18530863523483, acc=0.6875
loss=40.21489280462265, acc=0.6969339622641509
loss=39.33312752842903, acc=0.7010613207547169
loss=87.50679314136505, acc=0.4033018867924528
loss=55.85762536525726, acc=0.5383254716981132
loss=50.75176167488098, acc=0.5689858490566038
loss=48.430883169174194, acc=0.5966981132075472
loss=46.8122718334198, acc=0.6173349056603774
loss=45.44758355617523, acc=0.6261792452830188
loss=44.12214279174805, acc=0.6509433962264151
loss=42.97626447677612, acc=0.6633254716981132
loss=41.90531548857689, acc=0.6674528301886793
loss=40.8998606801033, acc=0.6715801886792453
loss=39.91224384307861, acc=0.6839622641509434
loss=39.023674696683884, acc=0.6951650943396226
loss=38.15489003062248, acc=0.7040094339622641
loss=63.85442465543747, acc=0.5860849056603774
loss=43.315759509801865, acc=0.6674528301886793
loss=41.338598757982254, acc=0.6827830188679245
loss=40.241033643484116, acc=0.6886792452830188
loss=39.42334321141243, acc=0.7010613207547169
loss=38.64006805419922, acc=0.7045990566037735
loss=99.03561896085739, acc=0.4268867924528302
loss=102.28233516216278, acc=0.3785377358490566
loss=101.15671801567078, acc=0.38384433962264153
loss=83.56505930423737, acc=0.5064858490566038
loss=62.924419432878494, acc=0.6002358490566038
loss=35.74205422401428, acc=0.7423349056603774
loss=75.03612160682678, acc=0.6014150943396226
loss=35.008930414915085, acc=0.7476415094339622
loss=82.44084975123405, acc=0.5813679245283019
loss=34.430369824171066, acc=0.7582547169811321
loss=34.17234644293785, acc=0.7564858490566038
loss=77.1447825729847, acc=0.5955188679245284
loss=101.70218908786774, acc=0.388561320754717
loss=80.44985947012901, acc=0.5501179245283019
loss=39.73703753948212, acc=0.7116745283018868
loss=78.44170197844505, acc=0.5642688679245284
loss=79.03541851043701, acc=0.5194575471698113
loss=66.63743394613266, acc=0.5630896226415094
loss=70.49568742513657, acc=0.5849056603773585
loss=89.48005604743958, acc=0.44575471698113206
loss=102.57146292924881, acc=0.41450471698113206
loss=99.6854618191719, acc=0.4074292452830189
loss=88.61264264583588, acc=0.44752358490566035
loss=89.97658908367157, acc=0.46226415094339623
loss=91.1510900259018, acc=0.4669811320754717
loss=72.94587796926498, acc=0.5088443396226415
loss=71.47075274586678, acc=0.5147405660377359
loss=73.05416318774223, acc=0.5288915094339622
loss=74.15150913596153, acc=0.5306603773584906
loss=74.5244708955288, acc=0.5465801886792453
loss=75.09575906395912, acc=0.5495283018867925
loss=75.51598834991455, acc=0.5548349056603774
loss=75.93374118208885, acc=0.5554245283018868
loss=76.35295909643173, acc=0.5589622641509434
loss=76.54748713970184, acc=0.5577830188679245
loss=76.88719892501831, acc=0.5601415094339622
loss=77.20812252163887, acc=0.5595518867924528
loss=77.51705911755562, acc=0.5607311320754716
loss=77.86852967739105, acc=0.5642688679245284
loss=78.09624204039574, acc=0.5654481132075472
loss=65.95010071992874, acc=0.5512971698113207
loss=61.923654317855835, acc=0.5801886792452831
loss=62.750247836112976, acc=0.6025943396226415
loss=64.09967374801636, acc=0.6126179245283019
loss=64.98443561792374, acc=0.6126179245283019
loss=65.80322986841202, acc=0.6179245283018868
loss=66.7824002802372, acc=0.6149764150943396
loss=67.47830760478973, acc=0.6155660377358491
loss=68.15499916672707, acc=0.6137971698113207
loss=64.4005378484726, acc=0.5595518867924528
loss=52.806023359298706, acc=0.6403301886792453
Files already downloaded and verified
Files already downloaded and verified
Testing on full test set: 313, 833.0447756052017, 0.272
Testing on partial test set: 16, 50.90559482574463, 0.17008196721311475
