DEBUG flower 2021-04-06 06:30:46,477 | connection.py:36 | ChannelConnectivity.IDLE
DEBUG flower 2021-04-06 06:30:46,511 | connection.py:36 | ChannelConnectivity.CONNECTING
DEBUG flower 2021-04-06 06:30:46,512 | connection.py:36 | ChannelConnectivity.READY
INFO flower 2021-04-06 06:30:46,512 | app.py:61 | Opened (insecure) gRPC connection
DEBUG flower 2021-04-06 06:31:03,418 | numpy_client.py:167 | fit, FitIns(clock=0)
INFO flower 2021-04-06 06:31:03,418 | numpy_client.py:179 | Cache is stale, return ReadIns
DEBUG flower 2021-04-06 06:31:07,977 | numpy_client.py:215 | read: ReadRes(clock=-1)
DEBUG flower 2021-04-06 06:31:08,027 | numpy_client.py:167 | fit, FitIns(clock=0)
DEBUG flower 2021-04-06 06:31:08,027 | numpy_client.py:242 | cached_clock: -1, curr_clock: 0
INFO flower 2021-04-06 06:31:21,955 | numpy_client.py:192 | Cache is fresh, return FitRes(clock=0)
DEBUG flower 2021-04-06 06:31:23,323 | numpy_client.py:167 | fit, FitIns(clock=1)
DEBUG flower 2021-04-06 06:31:23,324 | numpy_client.py:242 | cached_clock: -1, curr_clock: 1
INFO flower 2021-04-06 06:31:23,324 | numpy_client.py:179 | Cache is stale, return ReadIns
DEBUG flower 2021-04-06 06:32:47,549 | numpy_client.py:215 | read: ReadRes(clock=0)
DEBUG flower 2021-04-06 06:32:47,589 | numpy_client.py:167 | fit, FitIns(clock=1)
DEBUG flower 2021-04-06 06:32:47,589 | numpy_client.py:242 | cached_clock: 0, curr_clock: 1
INFO flower 2021-04-06 06:33:01,464 | numpy_client.py:192 | Cache is fresh, return FitRes(clock=1)
DEBUG flower 2021-04-06 06:33:02,712 | numpy_client.py:167 | fit, FitIns(clock=2)
DEBUG flower 2021-04-06 06:33:02,712 | numpy_client.py:242 | cached_clock: 0, curr_clock: 2
INFO flower 2021-04-06 06:33:02,712 | numpy_client.py:179 | Cache is stale, return ReadIns
DEBUG flower 2021-04-06 06:34:36,644 | numpy_client.py:215 | read: ReadRes(clock=1)
DEBUG flower 2021-04-06 06:34:36,689 | numpy_client.py:167 | fit, FitIns(clock=2)
DEBUG flower 2021-04-06 06:34:36,689 | numpy_client.py:242 | cached_clock: 1, curr_clock: 2
INFO flower 2021-04-06 06:34:51,278 | numpy_client.py:192 | Cache is fresh, return FitRes(clock=2)
DEBUG flower 2021-04-06 06:34:52,745 | numpy_client.py:167 | fit, FitIns(clock=3)
DEBUG flower 2021-04-06 06:34:52,745 | numpy_client.py:242 | cached_clock: 1, curr_clock: 3
INFO flower 2021-04-06 06:34:52,745 | numpy_client.py:179 | Cache is stale, return ReadIns
DEBUG flower 2021-04-06 06:36:30,624 | numpy_client.py:215 | read: ReadRes(clock=2)
DEBUG flower 2021-04-06 06:36:30,667 | numpy_client.py:167 | fit, FitIns(clock=3)
DEBUG flower 2021-04-06 06:36:30,667 | numpy_client.py:242 | cached_clock: 2, curr_clock: 3
INFO flower 2021-04-06 06:36:44,842 | numpy_client.py:192 | Cache is fresh, return FitRes(clock=3)
DEBUG flower 2021-04-06 06:36:46,027 | numpy_client.py:167 | fit, FitIns(clock=4)
DEBUG flower 2021-04-06 06:36:46,027 | numpy_client.py:242 | cached_clock: 2, curr_clock: 4
INFO flower 2021-04-06 06:36:46,027 | numpy_client.py:179 | Cache is stale, return ReadIns
DEBUG flower 2021-04-06 06:38:22,455 | numpy_client.py:215 | read: ReadRes(clock=3)
DEBUG flower 2021-04-06 06:38:22,496 | numpy_client.py:167 | fit, FitIns(clock=4)
DEBUG flower 2021-04-06 06:38:22,497 | numpy_client.py:242 | cached_clock: 3, curr_clock: 4
INFO flower 2021-04-06 06:38:36,474 | numpy_client.py:192 | Cache is fresh, return FitRes(clock=4)
DEBUG flower 2021-04-06 06:38:37,628 | numpy_client.py:167 | fit, FitIns(clock=5)
DEBUG flower 2021-04-06 06:38:37,628 | numpy_client.py:242 | cached_clock: 3, curr_clock: 5
INFO flower 2021-04-06 06:38:37,628 | numpy_client.py:179 | Cache is stale, return ReadIns
DEBUG flower 2021-04-06 06:40:13,862 | numpy_client.py:215 | read: ReadRes(clock=4)
DEBUG flower 2021-04-06 06:40:13,903 | numpy_client.py:167 | fit, FitIns(clock=5)
DEBUG flower 2021-04-06 06:40:13,904 | numpy_client.py:242 | cached_clock: 4, curr_clock: 5
INFO flower 2021-04-06 06:40:26,953 | numpy_client.py:192 | Cache is fresh, return FitRes(clock=5)
DEBUG flower 2021-04-06 06:40:28,127 | numpy_client.py:167 | fit, FitIns(clock=6)
DEBUG flower 2021-04-06 06:40:28,128 | numpy_client.py:242 | cached_clock: 4, curr_clock: 6
INFO flower 2021-04-06 06:40:28,128 | numpy_client.py:179 | Cache is stale, return ReadIns
DEBUG flower 2021-04-06 06:42:03,695 | numpy_client.py:215 | read: ReadRes(clock=5)
DEBUG flower 2021-04-06 06:42:03,737 | numpy_client.py:167 | fit, FitIns(clock=6)
DEBUG flower 2021-04-06 06:42:03,737 | numpy_client.py:242 | cached_clock: 5, curr_clock: 6
INFO flower 2021-04-06 06:42:17,061 | numpy_client.py:192 | Cache is fresh, return FitRes(clock=6)
DEBUG flower 2021-04-06 06:42:18,249 | numpy_client.py:167 | fit, FitIns(clock=7)
DEBUG flower 2021-04-06 06:42:18,249 | numpy_client.py:242 | cached_clock: 5, curr_clock: 7
INFO flower 2021-04-06 06:42:18,249 | numpy_client.py:179 | Cache is stale, return ReadIns
DEBUG flower 2021-04-06 06:43:54,459 | numpy_client.py:215 | read: ReadRes(clock=6)
DEBUG flower 2021-04-06 06:43:54,500 | numpy_client.py:167 | fit, FitIns(clock=7)
DEBUG flower 2021-04-06 06:43:54,501 | numpy_client.py:242 | cached_clock: 6, curr_clock: 7
INFO flower 2021-04-06 06:44:07,076 | numpy_client.py:192 | Cache is fresh, return FitRes(clock=7)
DEBUG flower 2021-04-06 06:44:08,879 | numpy_client.py:167 | fit, FitIns(clock=8)
DEBUG flower 2021-04-06 06:44:08,879 | numpy_client.py:242 | cached_clock: 6, curr_clock: 8
INFO flower 2021-04-06 06:44:08,879 | numpy_client.py:179 | Cache is stale, return ReadIns
DEBUG flower 2021-04-06 06:45:45,604 | numpy_client.py:215 | read: ReadRes(clock=7)
DEBUG flower 2021-04-06 06:45:45,646 | numpy_client.py:167 | fit, FitIns(clock=8)
DEBUG flower 2021-04-06 06:45:45,646 | numpy_client.py:242 | cached_clock: 7, curr_clock: 8
INFO flower 2021-04-06 06:45:59,151 | numpy_client.py:192 | Cache is fresh, return FitRes(clock=8)
DEBUG flower 2021-04-06 06:46:00,312 | numpy_client.py:167 | fit, FitIns(clock=9)
DEBUG flower 2021-04-06 06:46:00,312 | numpy_client.py:242 | cached_clock: 7, curr_clock: 9
INFO flower 2021-04-06 06:46:00,312 | numpy_client.py:179 | Cache is stale, return ReadIns
DEBUG flower 2021-04-06 06:47:36,512 | numpy_client.py:215 | read: ReadRes(clock=8)
DEBUG flower 2021-04-06 06:47:36,554 | numpy_client.py:167 | fit, FitIns(clock=9)
DEBUG flower 2021-04-06 06:47:36,555 | numpy_client.py:242 | cached_clock: 8, curr_clock: 9
INFO flower 2021-04-06 06:47:50,373 | numpy_client.py:192 | Cache is fresh, return FitRes(clock=9)
DEBUG flower 2021-04-06 06:47:51,518 | numpy_client.py:167 | fit, FitIns(clock=10)
DEBUG flower 2021-04-06 06:47:51,518 | numpy_client.py:242 | cached_clock: 8, curr_clock: 10
INFO flower 2021-04-06 06:47:51,518 | numpy_client.py:179 | Cache is stale, return ReadIns
DEBUG flower 2021-04-06 06:49:24,818 | numpy_client.py:215 | read: ReadRes(clock=9)
DEBUG flower 2021-04-06 06:49:24,865 | numpy_client.py:167 | fit, FitIns(clock=10)
DEBUG flower 2021-04-06 06:49:24,865 | numpy_client.py:242 | cached_clock: 9, curr_clock: 10
INFO flower 2021-04-06 06:49:38,580 | numpy_client.py:192 | Cache is fresh, return FitRes(clock=10)
DEBUG flower 2021-04-06 06:49:39,808 | numpy_client.py:167 | fit, FitIns(clock=11)
DEBUG flower 2021-04-06 06:49:39,808 | numpy_client.py:242 | cached_clock: 9, curr_clock: 11
INFO flower 2021-04-06 06:49:39,808 | numpy_client.py:179 | Cache is stale, return ReadIns
DEBUG flower 2021-04-06 06:51:15,231 | numpy_client.py:215 | read: ReadRes(clock=10)
DEBUG flower 2021-04-06 06:51:15,273 | numpy_client.py:167 | fit, FitIns(clock=11)
DEBUG flower 2021-04-06 06:51:15,274 | numpy_client.py:242 | cached_clock: 10, curr_clock: 11
INFO flower 2021-04-06 06:51:28,871 | numpy_client.py:192 | Cache is fresh, return FitRes(clock=11)
DEBUG flower 2021-04-06 06:51:30,251 | numpy_client.py:167 | fit, FitIns(clock=12)
DEBUG flower 2021-04-06 06:51:30,251 | numpy_client.py:242 | cached_clock: 10, curr_clock: 12
INFO flower 2021-04-06 06:51:30,251 | numpy_client.py:179 | Cache is stale, return ReadIns
DEBUG flower 2021-04-06 06:53:05,746 | numpy_client.py:215 | read: ReadRes(clock=11)
DEBUG flower 2021-04-06 06:53:05,789 | numpy_client.py:167 | fit, FitIns(clock=12)
DEBUG flower 2021-04-06 06:53:05,789 | numpy_client.py:242 | cached_clock: 11, curr_clock: 12
INFO flower 2021-04-06 06:53:19,060 | numpy_client.py:192 | Cache is fresh, return FitRes(clock=12)
DEBUG flower 2021-04-06 06:53:20,347 | numpy_client.py:167 | fit, FitIns(clock=13)
DEBUG flower 2021-04-06 06:53:20,347 | numpy_client.py:242 | cached_clock: 11, curr_clock: 13
INFO flower 2021-04-06 06:53:20,347 | numpy_client.py:179 | Cache is stale, return ReadIns
DEBUG flower 2021-04-06 06:54:55,530 | numpy_client.py:215 | read: ReadRes(clock=12)
DEBUG flower 2021-04-06 06:54:55,572 | numpy_client.py:167 | fit, FitIns(clock=13)
DEBUG flower 2021-04-06 06:54:55,572 | numpy_client.py:242 | cached_clock: 12, curr_clock: 13
INFO flower 2021-04-06 06:55:09,266 | numpy_client.py:192 | Cache is fresh, return FitRes(clock=13)
DEBUG flower 2021-04-06 06:55:10,630 | numpy_client.py:167 | fit, FitIns(clock=14)
DEBUG flower 2021-04-06 06:55:10,630 | numpy_client.py:242 | cached_clock: 12, curr_clock: 14
INFO flower 2021-04-06 06:55:10,630 | numpy_client.py:179 | Cache is stale, return ReadIns
DEBUG flower 2021-04-06 06:56:46,318 | numpy_client.py:215 | read: ReadRes(clock=13)
DEBUG flower 2021-04-06 06:56:46,362 | numpy_client.py:167 | fit, FitIns(clock=14)
DEBUG flower 2021-04-06 06:56:46,363 | numpy_client.py:242 | cached_clock: 13, curr_clock: 14
INFO flower 2021-04-06 06:56:59,176 | numpy_client.py:192 | Cache is fresh, return FitRes(clock=14)
DEBUG flower 2021-04-06 06:57:00,573 | numpy_client.py:167 | fit, FitIns(clock=15)
DEBUG flower 2021-04-06 06:57:00,573 | numpy_client.py:242 | cached_clock: 13, curr_clock: 15
INFO flower 2021-04-06 06:57:00,573 | numpy_client.py:179 | Cache is stale, return ReadIns
DEBUG flower 2021-04-06 06:58:37,397 | numpy_client.py:215 | read: ReadRes(clock=14)
DEBUG flower 2021-04-06 06:58:37,437 | numpy_client.py:167 | fit, FitIns(clock=15)
DEBUG flower 2021-04-06 06:58:37,437 | numpy_client.py:242 | cached_clock: 14, curr_clock: 15
INFO flower 2021-04-06 06:58:51,378 | numpy_client.py:192 | Cache is fresh, return FitRes(clock=15)
DEBUG flower 2021-04-06 06:58:52,521 | numpy_client.py:167 | fit, FitIns(clock=16)
DEBUG flower 2021-04-06 06:58:52,521 | numpy_client.py:242 | cached_clock: 14, curr_clock: 16
INFO flower 2021-04-06 06:58:52,521 | numpy_client.py:179 | Cache is stale, return ReadIns
DEBUG flower 2021-04-06 07:00:25,519 | numpy_client.py:215 | read: ReadRes(clock=15)
DEBUG flower 2021-04-06 07:00:25,560 | numpy_client.py:167 | fit, FitIns(clock=16)
DEBUG flower 2021-04-06 07:00:25,560 | numpy_client.py:242 | cached_clock: 15, curr_clock: 16
INFO flower 2021-04-06 07:00:39,377 | numpy_client.py:192 | Cache is fresh, return FitRes(clock=16)
DEBUG flower 2021-04-06 07:00:40,550 | numpy_client.py:167 | fit, FitIns(clock=17)
DEBUG flower 2021-04-06 07:00:40,550 | numpy_client.py:242 | cached_clock: 15, curr_clock: 17
INFO flower 2021-04-06 07:00:40,551 | numpy_client.py:179 | Cache is stale, return ReadIns
DEBUG flower 2021-04-06 07:02:16,630 | numpy_client.py:215 | read: ReadRes(clock=16)
DEBUG flower 2021-04-06 07:02:16,673 | numpy_client.py:167 | fit, FitIns(clock=17)
DEBUG flower 2021-04-06 07:02:16,673 | numpy_client.py:242 | cached_clock: 16, curr_clock: 17
INFO flower 2021-04-06 07:02:30,665 | numpy_client.py:192 | Cache is fresh, return FitRes(clock=17)
DEBUG flower 2021-04-06 07:02:31,840 | numpy_client.py:167 | fit, FitIns(clock=18)
DEBUG flower 2021-04-06 07:02:31,840 | numpy_client.py:242 | cached_clock: 16, curr_clock: 18
INFO flower 2021-04-06 07:02:31,840 | numpy_client.py:179 | Cache is stale, return ReadIns
DEBUG flower 2021-04-06 07:04:05,984 | numpy_client.py:215 | read: ReadRes(clock=17)
DEBUG flower 2021-04-06 07:04:06,026 | numpy_client.py:167 | fit, FitIns(clock=18)
DEBUG flower 2021-04-06 07:04:06,026 | numpy_client.py:242 | cached_clock: 17, curr_clock: 18
INFO flower 2021-04-06 07:04:19,462 | numpy_client.py:192 | Cache is fresh, return FitRes(clock=18)
DEBUG flower 2021-04-06 07:04:20,729 | numpy_client.py:167 | fit, FitIns(clock=19)
DEBUG flower 2021-04-06 07:04:20,729 | numpy_client.py:242 | cached_clock: 17, curr_clock: 19
INFO flower 2021-04-06 07:04:20,729 | numpy_client.py:179 | Cache is stale, return ReadIns
DEBUG flower 2021-04-06 07:05:56,636 | numpy_client.py:215 | read: ReadRes(clock=18)
DEBUG flower 2021-04-06 07:05:56,677 | numpy_client.py:167 | fit, FitIns(clock=19)
DEBUG flower 2021-04-06 07:05:56,677 | numpy_client.py:242 | cached_clock: 18, curr_clock: 19
INFO flower 2021-04-06 07:06:09,681 | numpy_client.py:192 | Cache is fresh, return FitRes(clock=19)
DEBUG flower 2021-04-06 07:06:11,123 | numpy_client.py:167 | fit, FitIns(clock=20)
DEBUG flower 2021-04-06 07:06:11,124 | numpy_client.py:242 | cached_clock: 18, curr_clock: 20
INFO flower 2021-04-06 07:06:11,124 | numpy_client.py:179 | Cache is stale, return ReadIns
DEBUG flower 2021-04-06 07:07:46,720 | numpy_client.py:215 | read: ReadRes(clock=19)
DEBUG flower 2021-04-06 07:07:46,762 | numpy_client.py:167 | fit, FitIns(clock=20)
DEBUG flower 2021-04-06 07:07:46,762 | numpy_client.py:242 | cached_clock: 19, curr_clock: 20
INFO flower 2021-04-06 07:08:02,564 | numpy_client.py:192 | Cache is fresh, return FitRes(clock=20)
DEBUG flower 2021-04-06 07:08:03,732 | numpy_client.py:167 | fit, FitIns(clock=21)
DEBUG flower 2021-04-06 07:08:03,732 | numpy_client.py:242 | cached_clock: 19, curr_clock: 21
INFO flower 2021-04-06 07:08:03,732 | numpy_client.py:179 | Cache is stale, return ReadIns
DEBUG flower 2021-04-06 07:09:36,202 | numpy_client.py:215 | read: ReadRes(clock=20)
DEBUG flower 2021-04-06 07:09:36,244 | numpy_client.py:167 | fit, FitIns(clock=21)
DEBUG flower 2021-04-06 07:09:36,244 | numpy_client.py:242 | cached_clock: 20, curr_clock: 21
INFO flower 2021-04-06 07:09:49,423 | numpy_client.py:192 | Cache is fresh, return FitRes(clock=21)
DEBUG flower 2021-04-06 07:09:50,540 | numpy_client.py:167 | fit, FitIns(clock=22)
DEBUG flower 2021-04-06 07:09:50,541 | numpy_client.py:242 | cached_clock: 20, curr_clock: 22
INFO flower 2021-04-06 07:09:50,541 | numpy_client.py:179 | Cache is stale, return ReadIns
DEBUG flower 2021-04-06 07:11:26,736 | numpy_client.py:215 | read: ReadRes(clock=21)
DEBUG flower 2021-04-06 07:11:26,777 | numpy_client.py:167 | fit, FitIns(clock=22)
DEBUG flower 2021-04-06 07:11:26,777 | numpy_client.py:242 | cached_clock: 21, curr_clock: 22
INFO flower 2021-04-06 07:11:39,840 | numpy_client.py:192 | Cache is fresh, return FitRes(clock=22)
DEBUG flower 2021-04-06 07:11:40,951 | numpy_client.py:167 | fit, FitIns(clock=23)
DEBUG flower 2021-04-06 07:11:40,951 | numpy_client.py:242 | cached_clock: 21, curr_clock: 23
INFO flower 2021-04-06 07:11:40,952 | numpy_client.py:179 | Cache is stale, return ReadIns
DEBUG flower 2021-04-06 07:13:17,520 | numpy_client.py:215 | read: ReadRes(clock=22)
DEBUG flower 2021-04-06 07:13:17,560 | numpy_client.py:167 | fit, FitIns(clock=23)
DEBUG flower 2021-04-06 07:13:17,560 | numpy_client.py:242 | cached_clock: 22, curr_clock: 23
INFO flower 2021-04-06 07:13:30,775 | numpy_client.py:192 | Cache is fresh, return FitRes(clock=23)
DEBUG flower 2021-04-06 07:13:31,935 | numpy_client.py:167 | fit, FitIns(clock=24)
DEBUG flower 2021-04-06 07:13:31,936 | numpy_client.py:242 | cached_clock: 22, curr_clock: 24
INFO flower 2021-04-06 07:13:31,936 | numpy_client.py:179 | Cache is stale, return ReadIns
DEBUG flower 2021-04-06 07:15:08,074 | numpy_client.py:215 | read: ReadRes(clock=23)
DEBUG flower 2021-04-06 07:15:08,116 | numpy_client.py:167 | fit, FitIns(clock=24)
DEBUG flower 2021-04-06 07:15:08,116 | numpy_client.py:242 | cached_clock: 23, curr_clock: 24
INFO flower 2021-04-06 07:15:21,157 | numpy_client.py:192 | Cache is fresh, return FitRes(clock=24)
DEBUG flower 2021-04-06 07:15:22,426 | numpy_client.py:167 | fit, FitIns(clock=25)
DEBUG flower 2021-04-06 07:15:22,426 | numpy_client.py:242 | cached_clock: 23, curr_clock: 25
INFO flower 2021-04-06 07:15:22,426 | numpy_client.py:179 | Cache is stale, return ReadIns
DEBUG flower 2021-04-06 07:16:58,889 | numpy_client.py:215 | read: ReadRes(clock=24)
DEBUG flower 2021-04-06 07:16:58,929 | numpy_client.py:167 | fit, FitIns(clock=25)
DEBUG flower 2021-04-06 07:16:58,929 | numpy_client.py:242 | cached_clock: 24, curr_clock: 25
INFO flower 2021-04-06 07:17:12,263 | numpy_client.py:192 | Cache is fresh, return FitRes(clock=25)
DEBUG flower 2021-04-06 07:17:14,062 | numpy_client.py:167 | fit, FitIns(clock=26)
DEBUG flower 2021-04-06 07:17:14,062 | numpy_client.py:242 | cached_clock: 24, curr_clock: 26
INFO flower 2021-04-06 07:17:14,062 | numpy_client.py:179 | Cache is stale, return ReadIns
DEBUG flower 2021-04-06 07:18:50,430 | numpy_client.py:215 | read: ReadRes(clock=25)
DEBUG flower 2021-04-06 07:18:50,476 | numpy_client.py:167 | fit, FitIns(clock=26)
DEBUG flower 2021-04-06 07:18:50,477 | numpy_client.py:242 | cached_clock: 25, curr_clock: 26
INFO flower 2021-04-06 07:19:03,754 | numpy_client.py:192 | Cache is fresh, return FitRes(clock=26)
DEBUG flower 2021-04-06 07:19:04,923 | numpy_client.py:167 | fit, FitIns(clock=27)
DEBUG flower 2021-04-06 07:19:04,923 | numpy_client.py:242 | cached_clock: 25, curr_clock: 27
INFO flower 2021-04-06 07:19:04,923 | numpy_client.py:179 | Cache is stale, return ReadIns
DEBUG flower 2021-04-06 07:20:39,717 | numpy_client.py:215 | read: ReadRes(clock=26)
DEBUG flower 2021-04-06 07:20:39,759 | numpy_client.py:167 | fit, FitIns(clock=27)
DEBUG flower 2021-04-06 07:20:39,759 | numpy_client.py:242 | cached_clock: 26, curr_clock: 27
INFO flower 2021-04-06 07:20:52,577 | numpy_client.py:192 | Cache is fresh, return FitRes(clock=27)
DEBUG flower 2021-04-06 07:20:53,748 | numpy_client.py:167 | fit, FitIns(clock=28)
DEBUG flower 2021-04-06 07:20:53,748 | numpy_client.py:242 | cached_clock: 26, curr_clock: 28
INFO flower 2021-04-06 07:20:53,748 | numpy_client.py:179 | Cache is stale, return ReadIns
DEBUG flower 2021-04-06 07:22:29,693 | numpy_client.py:215 | read: ReadRes(clock=27)
DEBUG flower 2021-04-06 07:22:29,735 | numpy_client.py:167 | fit, FitIns(clock=28)
DEBUG flower 2021-04-06 07:22:29,735 | numpy_client.py:242 | cached_clock: 27, curr_clock: 28
INFO flower 2021-04-06 07:22:42,964 | numpy_client.py:192 | Cache is fresh, return FitRes(clock=28)
DEBUG flower 2021-04-06 07:22:44,121 | numpy_client.py:167 | fit, FitIns(clock=29)
DEBUG flower 2021-04-06 07:22:44,121 | numpy_client.py:242 | cached_clock: 27, curr_clock: 29
INFO flower 2021-04-06 07:22:44,121 | numpy_client.py:179 | Cache is stale, return ReadIns
DEBUG flower 2021-04-06 07:24:19,128 | numpy_client.py:215 | read: ReadRes(clock=28)
DEBUG flower 2021-04-06 07:24:19,171 | numpy_client.py:167 | fit, FitIns(clock=29)
DEBUG flower 2021-04-06 07:24:19,171 | numpy_client.py:242 | cached_clock: 28, curr_clock: 29
INFO flower 2021-04-06 07:24:32,872 | numpy_client.py:192 | Cache is fresh, return FitRes(clock=29)
DEBUG flower 2021-04-06 07:24:34,035 | numpy_client.py:167 | fit, FitIns(clock=30)
DEBUG flower 2021-04-06 07:24:34,035 | numpy_client.py:242 | cached_clock: 28, curr_clock: 30
INFO flower 2021-04-06 07:24:34,035 | numpy_client.py:179 | Cache is stale, return ReadIns
DEBUG flower 2021-04-06 07:26:08,525 | numpy_client.py:215 | read: ReadRes(clock=29)
DEBUG flower 2021-04-06 07:26:08,566 | numpy_client.py:167 | fit, FitIns(clock=30)
DEBUG flower 2021-04-06 07:26:08,566 | numpy_client.py:242 | cached_clock: 29, curr_clock: 30
INFO flower 2021-04-06 07:26:22,467 | numpy_client.py:192 | Cache is fresh, return FitRes(clock=30)
DEBUG flower 2021-04-06 07:26:23,643 | numpy_client.py:167 | fit, FitIns(clock=31)
DEBUG flower 2021-04-06 07:26:23,644 | numpy_client.py:242 | cached_clock: 29, curr_clock: 31
INFO flower 2021-04-06 07:26:23,644 | numpy_client.py:179 | Cache is stale, return ReadIns
DEBUG flower 2021-04-06 07:27:58,450 | numpy_client.py:215 | read: ReadRes(clock=30)
DEBUG flower 2021-04-06 07:27:58,491 | numpy_client.py:167 | fit, FitIns(clock=31)
DEBUG flower 2021-04-06 07:27:58,491 | numpy_client.py:242 | cached_clock: 30, curr_clock: 31
INFO flower 2021-04-06 07:28:11,455 | numpy_client.py:192 | Cache is fresh, return FitRes(clock=31)
DEBUG flower 2021-04-06 07:28:12,725 | numpy_client.py:167 | fit, FitIns(clock=32)
DEBUG flower 2021-04-06 07:28:12,725 | numpy_client.py:242 | cached_clock: 30, curr_clock: 32
INFO flower 2021-04-06 07:28:12,725 | numpy_client.py:179 | Cache is stale, return ReadIns
DEBUG flower 2021-04-06 07:29:48,737 | numpy_client.py:215 | read: ReadRes(clock=31)
DEBUG flower 2021-04-06 07:29:48,777 | numpy_client.py:167 | fit, FitIns(clock=32)
DEBUG flower 2021-04-06 07:29:48,777 | numpy_client.py:242 | cached_clock: 31, curr_clock: 32
INFO flower 2021-04-06 07:30:01,774 | numpy_client.py:192 | Cache is fresh, return FitRes(clock=32)
DEBUG flower 2021-04-06 07:30:02,929 | numpy_client.py:167 | fit, FitIns(clock=33)
DEBUG flower 2021-04-06 07:30:02,929 | numpy_client.py:242 | cached_clock: 31, curr_clock: 33
INFO flower 2021-04-06 07:30:02,929 | numpy_client.py:179 | Cache is stale, return ReadIns
DEBUG flower 2021-04-06 07:31:41,028 | numpy_client.py:215 | read: ReadRes(clock=32)
DEBUG flower 2021-04-06 07:31:41,070 | numpy_client.py:167 | fit, FitIns(clock=33)
DEBUG flower 2021-04-06 07:31:41,070 | numpy_client.py:242 | cached_clock: 32, curr_clock: 33
INFO flower 2021-04-06 07:31:55,171 | numpy_client.py:192 | Cache is fresh, return FitRes(clock=33)
DEBUG flower 2021-04-06 07:31:56,335 | numpy_client.py:167 | fit, FitIns(clock=34)
DEBUG flower 2021-04-06 07:31:56,335 | numpy_client.py:242 | cached_clock: 32, curr_clock: 34
INFO flower 2021-04-06 07:31:56,336 | numpy_client.py:179 | Cache is stale, return ReadIns
DEBUG flower 2021-04-06 07:33:31,184 | numpy_client.py:215 | read: ReadRes(clock=33)
DEBUG flower 2021-04-06 07:33:31,224 | numpy_client.py:167 | fit, FitIns(clock=34)
DEBUG flower 2021-04-06 07:33:31,225 | numpy_client.py:242 | cached_clock: 33, curr_clock: 34
INFO flower 2021-04-06 07:33:44,477 | numpy_client.py:192 | Cache is fresh, return FitRes(clock=34)
DEBUG flower 2021-04-06 07:33:46,054 | numpy_client.py:167 | fit, FitIns(clock=35)
DEBUG flower 2021-04-06 07:33:46,054 | numpy_client.py:242 | cached_clock: 33, curr_clock: 35
INFO flower 2021-04-06 07:33:46,054 | numpy_client.py:179 | Cache is stale, return ReadIns
DEBUG flower 2021-04-06 07:35:22,631 | numpy_client.py:215 | read: ReadRes(clock=34)
DEBUG flower 2021-04-06 07:35:22,672 | numpy_client.py:167 | fit, FitIns(clock=35)
DEBUG flower 2021-04-06 07:35:22,673 | numpy_client.py:242 | cached_clock: 34, curr_clock: 35
INFO flower 2021-04-06 07:35:35,957 | numpy_client.py:192 | Cache is fresh, return FitRes(clock=35)
DEBUG flower 2021-04-06 07:35:37,644 | numpy_client.py:167 | fit, FitIns(clock=36)
DEBUG flower 2021-04-06 07:35:37,645 | numpy_client.py:242 | cached_clock: 34, curr_clock: 36
INFO flower 2021-04-06 07:35:37,645 | numpy_client.py:179 | Cache is stale, return ReadIns
DEBUG flower 2021-04-06 07:37:14,157 | numpy_client.py:215 | read: ReadRes(clock=35)
DEBUG flower 2021-04-06 07:37:14,198 | numpy_client.py:167 | fit, FitIns(clock=36)
DEBUG flower 2021-04-06 07:37:14,198 | numpy_client.py:242 | cached_clock: 35, curr_clock: 36
INFO flower 2021-04-06 07:37:27,867 | numpy_client.py:192 | Cache is fresh, return FitRes(clock=36)
DEBUG flower 2021-04-06 07:37:29,059 | numpy_client.py:167 | fit, FitIns(clock=37)
DEBUG flower 2021-04-06 07:37:29,060 | numpy_client.py:242 | cached_clock: 35, curr_clock: 37
INFO flower 2021-04-06 07:37:29,060 | numpy_client.py:179 | Cache is stale, return ReadIns
DEBUG flower 2021-04-06 07:39:05,985 | numpy_client.py:215 | read: ReadRes(clock=36)
DEBUG flower 2021-04-06 07:39:06,026 | numpy_client.py:167 | fit, FitIns(clock=37)
DEBUG flower 2021-04-06 07:39:06,027 | numpy_client.py:242 | cached_clock: 36, curr_clock: 37
INFO flower 2021-04-06 07:39:19,366 | numpy_client.py:192 | Cache is fresh, return FitRes(clock=37)
DEBUG flower 2021-04-06 07:39:20,507 | numpy_client.py:167 | fit, FitIns(clock=38)
DEBUG flower 2021-04-06 07:39:20,507 | numpy_client.py:242 | cached_clock: 36, curr_clock: 38
INFO flower 2021-04-06 07:39:20,508 | numpy_client.py:179 | Cache is stale, return ReadIns
DEBUG flower 2021-04-06 07:40:54,137 | numpy_client.py:215 | read: ReadRes(clock=37)
DEBUG flower 2021-04-06 07:40:54,178 | numpy_client.py:167 | fit, FitIns(clock=38)
DEBUG flower 2021-04-06 07:40:54,179 | numpy_client.py:242 | cached_clock: 37, curr_clock: 38
INFO flower 2021-04-06 07:41:07,474 | numpy_client.py:192 | Cache is fresh, return FitRes(clock=38)
DEBUG flower 2021-04-06 07:41:09,623 | numpy_client.py:167 | fit, FitIns(clock=39)
DEBUG flower 2021-04-06 07:41:09,624 | numpy_client.py:242 | cached_clock: 37, curr_clock: 39
INFO flower 2021-04-06 07:41:09,624 | numpy_client.py:179 | Cache is stale, return ReadIns
DEBUG flower 2021-04-06 07:42:44,332 | numpy_client.py:215 | read: ReadRes(clock=38)
DEBUG flower 2021-04-06 07:42:44,374 | numpy_client.py:167 | fit, FitIns(clock=39)
DEBUG flower 2021-04-06 07:42:44,375 | numpy_client.py:242 | cached_clock: 38, curr_clock: 39
INFO flower 2021-04-06 07:42:57,458 | numpy_client.py:192 | Cache is fresh, return FitRes(clock=39)
DEBUG flower 2021-04-06 07:43:00,031 | numpy_client.py:167 | fit, FitIns(clock=40)
DEBUG flower 2021-04-06 07:43:00,031 | numpy_client.py:242 | cached_clock: 38, curr_clock: 40
INFO flower 2021-04-06 07:43:00,031 | numpy_client.py:179 | Cache is stale, return ReadIns
DEBUG flower 2021-04-06 07:44:37,706 | numpy_client.py:215 | read: ReadRes(clock=39)
DEBUG flower 2021-04-06 07:44:37,748 | numpy_client.py:167 | fit, FitIns(clock=40)
DEBUG flower 2021-04-06 07:44:37,748 | numpy_client.py:242 | cached_clock: 39, curr_clock: 40
INFO flower 2021-04-06 07:44:51,269 | numpy_client.py:192 | Cache is fresh, return FitRes(clock=40)
DEBUG flower 2021-04-06 07:44:52,414 | numpy_client.py:167 | fit, FitIns(clock=41)
DEBUG flower 2021-04-06 07:44:52,414 | numpy_client.py:242 | cached_clock: 39, curr_clock: 41
INFO flower 2021-04-06 07:44:52,414 | numpy_client.py:179 | Cache is stale, return ReadIns
DEBUG flower 2021-04-06 07:46:28,089 | numpy_client.py:215 | read: ReadRes(clock=40)
DEBUG flower 2021-04-06 07:46:28,132 | numpy_client.py:167 | fit, FitIns(clock=41)
DEBUG flower 2021-04-06 07:46:28,132 | numpy_client.py:242 | cached_clock: 40, curr_clock: 41
INFO flower 2021-04-06 07:46:40,979 | numpy_client.py:192 | Cache is fresh, return FitRes(clock=41)
DEBUG flower 2021-04-06 07:46:42,564 | numpy_client.py:167 | fit, FitIns(clock=42)
DEBUG flower 2021-04-06 07:46:42,564 | numpy_client.py:242 | cached_clock: 40, curr_clock: 42
INFO flower 2021-04-06 07:46:42,564 | numpy_client.py:179 | Cache is stale, return ReadIns
DEBUG flower 2021-04-06 07:48:16,982 | numpy_client.py:215 | read: ReadRes(clock=41)
DEBUG flower 2021-04-06 07:48:17,024 | numpy_client.py:167 | fit, FitIns(clock=42)
DEBUG flower 2021-04-06 07:48:17,024 | numpy_client.py:242 | cached_clock: 41, curr_clock: 42
INFO flower 2021-04-06 07:48:31,060 | numpy_client.py:192 | Cache is fresh, return FitRes(clock=42)
DEBUG flower 2021-04-06 07:48:32,890 | numpy_client.py:167 | fit, FitIns(clock=43)
DEBUG flower 2021-04-06 07:48:32,891 | numpy_client.py:242 | cached_clock: 41, curr_clock: 43
INFO flower 2021-04-06 07:48:32,891 | numpy_client.py:179 | Cache is stale, return ReadIns
DEBUG flower 2021-04-06 07:50:09,124 | numpy_client.py:215 | read: ReadRes(clock=42)
DEBUG flower 2021-04-06 07:50:09,167 | numpy_client.py:167 | fit, FitIns(clock=43)
DEBUG flower 2021-04-06 07:50:09,167 | numpy_client.py:242 | cached_clock: 42, curr_clock: 43
INFO flower 2021-04-06 07:50:22,453 | numpy_client.py:192 | Cache is fresh, return FitRes(clock=43)
DEBUG flower 2021-04-06 07:50:23,859 | numpy_client.py:167 | fit, FitIns(clock=44)
DEBUG flower 2021-04-06 07:50:23,859 | numpy_client.py:242 | cached_clock: 42, curr_clock: 44
INFO flower 2021-04-06 07:50:23,859 | numpy_client.py:179 | Cache is stale, return ReadIns
DEBUG flower 2021-04-06 07:51:59,832 | numpy_client.py:215 | read: ReadRes(clock=43)
DEBUG flower 2021-04-06 07:51:59,874 | numpy_client.py:167 | fit, FitIns(clock=44)
DEBUG flower 2021-04-06 07:51:59,874 | numpy_client.py:242 | cached_clock: 43, curr_clock: 44
INFO flower 2021-04-06 07:52:13,574 | numpy_client.py:192 | Cache is fresh, return FitRes(clock=44)
DEBUG flower 2021-04-06 07:52:14,722 | numpy_client.py:167 | fit, FitIns(clock=45)
DEBUG flower 2021-04-06 07:52:14,722 | numpy_client.py:242 | cached_clock: 43, curr_clock: 45
INFO flower 2021-04-06 07:52:14,722 | numpy_client.py:179 | Cache is stale, return ReadIns
DEBUG flower 2021-04-06 07:53:48,054 | numpy_client.py:215 | read: ReadRes(clock=44)
DEBUG flower 2021-04-06 07:53:48,106 | numpy_client.py:167 | fit, FitIns(clock=45)
DEBUG flower 2021-04-06 07:53:48,106 | numpy_client.py:242 | cached_clock: 44, curr_clock: 45
INFO flower 2021-04-06 07:54:01,528 | numpy_client.py:192 | Cache is fresh, return FitRes(clock=45)
DEBUG flower 2021-04-06 07:54:03,402 | numpy_client.py:167 | fit, FitIns(clock=46)
DEBUG flower 2021-04-06 07:54:03,402 | numpy_client.py:242 | cached_clock: 44, curr_clock: 46
INFO flower 2021-04-06 07:54:03,402 | numpy_client.py:179 | Cache is stale, return ReadIns
DEBUG flower 2021-04-06 07:55:43,121 | numpy_client.py:215 | read: ReadRes(clock=45)
DEBUG flower 2021-04-06 07:55:43,162 | numpy_client.py:167 | fit, FitIns(clock=46)
DEBUG flower 2021-04-06 07:55:43,162 | numpy_client.py:242 | cached_clock: 45, curr_clock: 46
INFO flower 2021-04-06 07:55:57,173 | numpy_client.py:192 | Cache is fresh, return FitRes(clock=46)
DEBUG flower 2021-04-06 07:55:58,309 | numpy_client.py:167 | fit, FitIns(clock=47)
DEBUG flower 2021-04-06 07:55:58,310 | numpy_client.py:242 | cached_clock: 45, curr_clock: 47
INFO flower 2021-04-06 07:55:58,310 | numpy_client.py:179 | Cache is stale, return ReadIns
DEBUG flower 2021-04-06 07:57:33,846 | numpy_client.py:215 | read: ReadRes(clock=46)
DEBUG flower 2021-04-06 07:57:33,888 | numpy_client.py:167 | fit, FitIns(clock=47)
DEBUG flower 2021-04-06 07:57:33,888 | numpy_client.py:242 | cached_clock: 46, curr_clock: 47
INFO flower 2021-04-06 07:57:47,371 | numpy_client.py:192 | Cache is fresh, return FitRes(clock=47)
DEBUG flower 2021-04-06 07:57:48,547 | numpy_client.py:167 | fit, FitIns(clock=48)
DEBUG flower 2021-04-06 07:57:48,547 | numpy_client.py:242 | cached_clock: 46, curr_clock: 48
INFO flower 2021-04-06 07:57:48,547 | numpy_client.py:179 | Cache is stale, return ReadIns
DEBUG flower 2021-04-06 07:59:24,912 | numpy_client.py:215 | read: ReadRes(clock=47)
DEBUG flower 2021-04-06 07:59:24,958 | numpy_client.py:167 | fit, FitIns(clock=48)
DEBUG flower 2021-04-06 07:59:24,958 | numpy_client.py:242 | cached_clock: 47, curr_clock: 48
INFO flower 2021-04-06 07:59:38,774 | numpy_client.py:192 | Cache is fresh, return FitRes(clock=48)
DEBUG flower 2021-04-06 07:59:39,936 | numpy_client.py:167 | fit, FitIns(clock=49)
DEBUG flower 2021-04-06 07:59:39,936 | numpy_client.py:242 | cached_clock: 47, curr_clock: 49
INFO flower 2021-04-06 07:59:39,936 | numpy_client.py:179 | Cache is stale, return ReadIns
DEBUG flower 2021-04-06 08:01:15,199 | numpy_client.py:215 | read: ReadRes(clock=48)
DEBUG flower 2021-04-06 08:01:15,241 | numpy_client.py:167 | fit, FitIns(clock=49)
DEBUG flower 2021-04-06 08:01:15,242 | numpy_client.py:242 | cached_clock: 48, curr_clock: 49
INFO flower 2021-04-06 08:01:28,577 | numpy_client.py:192 | Cache is fresh, return FitRes(clock=49)
DEBUG flower 2021-04-06 08:01:28,578 | numpy_client.py:204 | The client finishes computing after 5420 seconds
INFO flower 2021-04-06 08:06:19,836 | numpy_client.py:232 | [32;1m Loss: 5.348, Accuracy: 14.286%[0m
DEBUG flower 2021-04-06 08:06:19,911 | connection.py:68 | Insecure gRPC channel closed
INFO flower 2021-04-06 08:06:19,911 | app.py:72 | Disconnect and shut down
Namespace(idx=6, max_delay=0, min_delay=0, num_clients=7, server_ip='10.244.51.31:8080', staleness_bound=1)
I'm client 6
Start SSP client without delay
Using downloaded and verified file: ./cifar-10-python.tar.gz
Extracting ./cifar-10-python.tar.gz to .
Files already downloaded and verified
[32;1mClient 6: 142 train samples, 28 test samples[0m
Files already downloaded and verified
Files already downloaded and verified
Testing on full test set: 313, 2388.9745359420776, 0.391
Testing on partial test set: 1, 5.348165035247803, 0.14285714285714285
