DEBUG flower 2021-04-08 12:58:16,721 | connection.py:36 | ChannelConnectivity.IDLE
DEBUG flower 2021-04-08 12:58:16,723 | connection.py:36 | ChannelConnectivity.CONNECTING
DEBUG flower 2021-04-08 12:58:16,724 | connection.py:36 | ChannelConnectivity.READY
INFO flower 2021-04-08 12:58:16,725 | app.py:63 | Opened (insecure) gRPC connection
DEBUG flower 2021-04-08 12:58:18,741 | numpy_client.py:172 | fit, FitIns(clock=0)
INFO flower 2021-04-08 12:58:18,742 | numpy_client.py:184 | Cache is stale, return ReadIns
DEBUG flower 2021-04-08 12:58:18,871 | numpy_client.py:228 | read: ReadRes(clock=-1)
DEBUG flower 2021-04-08 12:58:18,887 | numpy_client.py:172 | fit, FitIns(clock=0)
DEBUG flower 2021-04-08 12:58:18,887 | numpy_client.py:260 | cached_clock: -1, curr_clock: 0
DEBUG flower 2021-04-08 12:58:19,911 | model_wrapper.py:21 | Load existing initial model
INFO flower 2021-04-08 12:58:19,915 | numpy_client.py:205 | Cache is fresh, return FitRes(clock=0)
DEBUG flower 2021-04-08 12:58:19,939 | numpy_client.py:172 | fit, FitIns(clock=1)
DEBUG flower 2021-04-08 12:58:19,939 | numpy_client.py:260 | cached_clock: -1, curr_clock: 1
INFO flower 2021-04-08 12:58:20,914 | numpy_client.py:205 | Cache is fresh, return FitRes(clock=1)
DEBUG flower 2021-04-08 12:58:20,940 | numpy_client.py:172 | fit, FitIns(clock=2)
DEBUG flower 2021-04-08 12:58:20,940 | numpy_client.py:260 | cached_clock: -1, curr_clock: 2
INFO flower 2021-04-08 12:58:22,022 | numpy_client.py:205 | Cache is fresh, return FitRes(clock=2)
DEBUG flower 2021-04-08 12:58:22,055 | numpy_client.py:172 | fit, FitIns(clock=3)
DEBUG flower 2021-04-08 12:58:22,056 | numpy_client.py:260 | cached_clock: -1, curr_clock: 3
INFO flower 2021-04-08 12:58:23,122 | numpy_client.py:205 | Cache is fresh, return FitRes(clock=3)
DEBUG flower 2021-04-08 12:58:23,144 | numpy_client.py:172 | fit, FitIns(clock=4)
DEBUG flower 2021-04-08 12:58:23,144 | numpy_client.py:260 | cached_clock: -1, curr_clock: 4
INFO flower 2021-04-08 12:58:24,204 | numpy_client.py:205 | Cache is fresh, return FitRes(clock=4)
DEBUG flower 2021-04-08 12:58:32,531 | numpy_client.py:172 | fit, FitIns(clock=5)
DEBUG flower 2021-04-08 12:58:32,532 | numpy_client.py:260 | cached_clock: -1, curr_clock: 5
INFO flower 2021-04-08 12:58:33,627 | numpy_client.py:205 | Cache is fresh, return FitRes(clock=5)
DEBUG flower 2021-04-08 12:58:33,649 | numpy_client.py:172 | fit, FitIns(clock=6)
DEBUG flower 2021-04-08 12:58:33,649 | numpy_client.py:260 | cached_clock: -1, curr_clock: 6
INFO flower 2021-04-08 12:58:34,728 | numpy_client.py:205 | Cache is fresh, return FitRes(clock=6)
DEBUG flower 2021-04-08 12:58:34,749 | numpy_client.py:172 | fit, FitIns(clock=7)
DEBUG flower 2021-04-08 12:58:34,749 | numpy_client.py:260 | cached_clock: -1, curr_clock: 7
INFO flower 2021-04-08 12:58:35,907 | numpy_client.py:205 | Cache is fresh, return FitRes(clock=7)
DEBUG flower 2021-04-08 12:58:35,932 | numpy_client.py:172 | fit, FitIns(clock=8)
DEBUG flower 2021-04-08 12:58:35,932 | numpy_client.py:260 | cached_clock: -1, curr_clock: 8
INFO flower 2021-04-08 12:58:37,002 | numpy_client.py:205 | Cache is fresh, return FitRes(clock=8)
DEBUG flower 2021-04-08 12:58:37,038 | numpy_client.py:172 | fit, FitIns(clock=9)
DEBUG flower 2021-04-08 12:58:37,038 | numpy_client.py:260 | cached_clock: -1, curr_clock: 9
INFO flower 2021-04-08 12:58:38,107 | numpy_client.py:205 | Cache is fresh, return FitRes(clock=9)
DEBUG flower 2021-04-08 12:58:45,967 | numpy_client.py:172 | fit, FitIns(clock=10)
DEBUG flower 2021-04-08 12:58:45,967 | numpy_client.py:260 | cached_clock: -1, curr_clock: 10
INFO flower 2021-04-08 12:58:47,004 | numpy_client.py:205 | Cache is fresh, return FitRes(clock=10)
DEBUG flower 2021-04-08 12:58:47,027 | numpy_client.py:172 | fit, FitIns(clock=11)
DEBUG flower 2021-04-08 12:58:47,027 | numpy_client.py:260 | cached_clock: -1, curr_clock: 11
INFO flower 2021-04-08 12:58:48,126 | numpy_client.py:205 | Cache is fresh, return FitRes(clock=11)
DEBUG flower 2021-04-08 12:58:48,161 | numpy_client.py:172 | fit, FitIns(clock=12)
DEBUG flower 2021-04-08 12:58:48,161 | numpy_client.py:260 | cached_clock: -1, curr_clock: 12
INFO flower 2021-04-08 12:58:49,224 | numpy_client.py:205 | Cache is fresh, return FitRes(clock=12)
DEBUG flower 2021-04-08 12:58:49,278 | numpy_client.py:172 | fit, FitIns(clock=13)
DEBUG flower 2021-04-08 12:58:49,278 | numpy_client.py:260 | cached_clock: -1, curr_clock: 13
INFO flower 2021-04-08 12:58:50,324 | numpy_client.py:205 | Cache is fresh, return FitRes(clock=13)
DEBUG flower 2021-04-08 12:58:59,397 | numpy_client.py:172 | fit, FitIns(clock=14)
DEBUG flower 2021-04-08 12:58:59,398 | numpy_client.py:260 | cached_clock: -1, curr_clock: 14
INFO flower 2021-04-08 12:59:00,505 | numpy_client.py:205 | Cache is fresh, return FitRes(clock=14)
DEBUG flower 2021-04-08 12:59:00,536 | numpy_client.py:172 | fit, FitIns(clock=15)
DEBUG flower 2021-04-08 12:59:00,536 | numpy_client.py:260 | cached_clock: -1, curr_clock: 15
INFO flower 2021-04-08 12:59:01,522 | numpy_client.py:205 | Cache is fresh, return FitRes(clock=15)
DEBUG flower 2021-04-08 12:59:01,549 | numpy_client.py:172 | fit, FitIns(clock=16)
DEBUG flower 2021-04-08 12:59:01,550 | numpy_client.py:260 | cached_clock: -1, curr_clock: 16
INFO flower 2021-04-08 12:59:02,706 | numpy_client.py:205 | Cache is fresh, return FitRes(clock=16)
DEBUG flower 2021-04-08 12:59:02,729 | numpy_client.py:172 | fit, FitIns(clock=17)
DEBUG flower 2021-04-08 12:59:02,729 | numpy_client.py:260 | cached_clock: -1, curr_clock: 17
INFO flower 2021-04-08 12:59:03,821 | numpy_client.py:205 | Cache is fresh, return FitRes(clock=17)
DEBUG flower 2021-04-08 12:59:03,863 | numpy_client.py:172 | fit, FitIns(clock=18)
DEBUG flower 2021-04-08 12:59:03,863 | numpy_client.py:260 | cached_clock: -1, curr_clock: 18
INFO flower 2021-04-08 12:59:04,897 | numpy_client.py:205 | Cache is fresh, return FitRes(clock=18)
DEBUG flower 2021-04-08 12:59:13,344 | numpy_client.py:172 | fit, FitIns(clock=19)
DEBUG flower 2021-04-08 12:59:13,344 | numpy_client.py:260 | cached_clock: -1, curr_clock: 19
INFO flower 2021-04-08 12:59:14,426 | numpy_client.py:205 | Cache is fresh, return FitRes(clock=19)
DEBUG flower 2021-04-08 12:59:14,450 | numpy_client.py:172 | fit, FitIns(clock=20)
DEBUG flower 2021-04-08 12:59:14,450 | numpy_client.py:260 | cached_clock: -1, curr_clock: 20
INFO flower 2021-04-08 12:59:15,513 | numpy_client.py:205 | Cache is fresh, return FitRes(clock=20)
DEBUG flower 2021-04-08 12:59:15,536 | numpy_client.py:172 | fit, FitIns(clock=21)
DEBUG flower 2021-04-08 12:59:15,536 | numpy_client.py:260 | cached_clock: -1, curr_clock: 21
INFO flower 2021-04-08 12:59:16,540 | numpy_client.py:205 | Cache is fresh, return FitRes(clock=21)
DEBUG flower 2021-04-08 12:59:16,561 | numpy_client.py:172 | fit, FitIns(clock=22)
DEBUG flower 2021-04-08 12:59:16,561 | numpy_client.py:260 | cached_clock: -1, curr_clock: 22
INFO flower 2021-04-08 12:59:17,545 | numpy_client.py:205 | Cache is fresh, return FitRes(clock=22)
DEBUG flower 2021-04-08 12:59:17,614 | numpy_client.py:172 | fit, FitIns(clock=23)
DEBUG flower 2021-04-08 12:59:17,615 | numpy_client.py:260 | cached_clock: -1, curr_clock: 23
INFO flower 2021-04-08 12:59:18,604 | numpy_client.py:205 | Cache is fresh, return FitRes(clock=23)
DEBUG flower 2021-04-08 12:59:26,409 | numpy_client.py:172 | fit, FitIns(clock=24)
DEBUG flower 2021-04-08 12:59:26,410 | numpy_client.py:260 | cached_clock: -1, curr_clock: 24
INFO flower 2021-04-08 12:59:27,502 | numpy_client.py:205 | Cache is fresh, return FitRes(clock=24)
DEBUG flower 2021-04-08 12:59:27,525 | numpy_client.py:172 | fit, FitIns(clock=25)
DEBUG flower 2021-04-08 12:59:27,525 | numpy_client.py:260 | cached_clock: -1, curr_clock: 25
INFO flower 2021-04-08 12:59:28,609 | numpy_client.py:205 | Cache is fresh, return FitRes(clock=25)
DEBUG flower 2021-04-08 12:59:28,629 | numpy_client.py:172 | fit, FitIns(clock=26)
DEBUG flower 2021-04-08 12:59:28,629 | numpy_client.py:260 | cached_clock: -1, curr_clock: 26
INFO flower 2021-04-08 12:59:29,607 | numpy_client.py:205 | Cache is fresh, return FitRes(clock=26)
DEBUG flower 2021-04-08 12:59:29,630 | numpy_client.py:172 | fit, FitIns(clock=27)
DEBUG flower 2021-04-08 12:59:29,630 | numpy_client.py:260 | cached_clock: -1, curr_clock: 27
INFO flower 2021-04-08 12:59:30,627 | numpy_client.py:205 | Cache is fresh, return FitRes(clock=27)
DEBUG flower 2021-04-08 12:59:39,450 | numpy_client.py:172 | fit, FitIns(clock=28)
DEBUG flower 2021-04-08 12:59:39,450 | numpy_client.py:260 | cached_clock: -1, curr_clock: 28
INFO flower 2021-04-08 12:59:40,505 | numpy_client.py:205 | Cache is fresh, return FitRes(clock=28)
DEBUG flower 2021-04-08 12:59:40,528 | numpy_client.py:172 | fit, FitIns(clock=29)
DEBUG flower 2021-04-08 12:59:40,529 | numpy_client.py:260 | cached_clock: -1, curr_clock: 29
INFO flower 2021-04-08 12:59:41,603 | numpy_client.py:205 | Cache is fresh, return FitRes(clock=29)
DEBUG flower 2021-04-08 12:59:41,619 | numpy_client.py:172 | fit, FitIns(clock=30)
DEBUG flower 2021-04-08 12:59:41,620 | numpy_client.py:260 | cached_clock: -1, curr_clock: 30
INFO flower 2021-04-08 12:59:41,620 | numpy_client.py:184 | Cache is stale, return ReadIns
DEBUG flower 2021-04-08 12:59:41,674 | numpy_client.py:228 | read: ReadRes(clock=5)
DEBUG flower 2021-04-08 12:59:41,681 | numpy_client.py:172 | fit, FitIns(clock=30)
DEBUG flower 2021-04-08 12:59:41,681 | numpy_client.py:260 | cached_clock: 5, curr_clock: 30
INFO flower 2021-04-08 12:59:42,706 | numpy_client.py:205 | Cache is fresh, return FitRes(clock=30)
DEBUG flower 2021-04-08 12:59:42,726 | numpy_client.py:172 | fit, FitIns(clock=31)
DEBUG flower 2021-04-08 12:59:42,727 | numpy_client.py:260 | cached_clock: 5, curr_clock: 31
INFO flower 2021-04-08 12:59:43,807 | numpy_client.py:205 | Cache is fresh, return FitRes(clock=31)
DEBUG flower 2021-04-08 12:59:52,457 | numpy_client.py:172 | fit, FitIns(clock=32)
DEBUG flower 2021-04-08 12:59:52,457 | numpy_client.py:260 | cached_clock: 5, curr_clock: 32
INFO flower 2021-04-08 12:59:53,531 | numpy_client.py:205 | Cache is fresh, return FitRes(clock=32)
DEBUG flower 2021-04-08 12:59:53,556 | numpy_client.py:172 | fit, FitIns(clock=33)
DEBUG flower 2021-04-08 12:59:53,556 | numpy_client.py:260 | cached_clock: 5, curr_clock: 33
INFO flower 2021-04-08 12:59:54,625 | numpy_client.py:205 | Cache is fresh, return FitRes(clock=33)
DEBUG flower 2021-04-08 12:59:54,647 | numpy_client.py:172 | fit, FitIns(clock=34)
DEBUG flower 2021-04-08 12:59:54,647 | numpy_client.py:260 | cached_clock: 5, curr_clock: 34
INFO flower 2021-04-08 12:59:55,704 | numpy_client.py:205 | Cache is fresh, return FitRes(clock=34)
DEBUG flower 2021-04-08 12:59:55,727 | numpy_client.py:172 | fit, FitIns(clock=35)
DEBUG flower 2021-04-08 12:59:55,727 | numpy_client.py:260 | cached_clock: 5, curr_clock: 35
INFO flower 2021-04-08 12:59:56,727 | numpy_client.py:205 | Cache is fresh, return FitRes(clock=35)
DEBUG flower 2021-04-08 12:59:56,796 | numpy_client.py:172 | fit, FitIns(clock=36)
DEBUG flower 2021-04-08 12:59:56,796 | numpy_client.py:260 | cached_clock: 5, curr_clock: 36
INFO flower 2021-04-08 12:59:56,796 | numpy_client.py:184 | Cache is stale, return ReadIns
DEBUG flower 2021-04-08 12:59:56,850 | numpy_client.py:228 | read: ReadRes(clock=7)
DEBUG flower 2021-04-08 12:59:56,857 | numpy_client.py:172 | fit, FitIns(clock=36)
DEBUG flower 2021-04-08 12:59:56,857 | numpy_client.py:260 | cached_clock: 7, curr_clock: 36
INFO flower 2021-04-08 12:59:57,809 | numpy_client.py:205 | Cache is fresh, return FitRes(clock=36)
DEBUG flower 2021-04-08 13:00:05,747 | numpy_client.py:172 | fit, FitIns(clock=37)
DEBUG flower 2021-04-08 13:00:05,747 | numpy_client.py:260 | cached_clock: 7, curr_clock: 37
INFO flower 2021-04-08 13:00:06,806 | numpy_client.py:205 | Cache is fresh, return FitRes(clock=37)
DEBUG flower 2021-04-08 13:00:06,830 | numpy_client.py:172 | fit, FitIns(clock=38)
DEBUG flower 2021-04-08 13:00:06,830 | numpy_client.py:260 | cached_clock: 7, curr_clock: 38
INFO flower 2021-04-08 13:00:06,830 | numpy_client.py:184 | Cache is stale, return ReadIns
DEBUG flower 2021-04-08 13:00:10,031 | numpy_client.py:228 | read: ReadRes(clock=8)
DEBUG flower 2021-04-08 13:00:10,038 | numpy_client.py:172 | fit, FitIns(clock=38)
DEBUG flower 2021-04-08 13:00:10,038 | numpy_client.py:260 | cached_clock: 8, curr_clock: 38
INFO flower 2021-04-08 13:00:11,026 | numpy_client.py:205 | Cache is fresh, return FitRes(clock=38)
DEBUG flower 2021-04-08 13:00:18,882 | numpy_client.py:172 | fit, FitIns(clock=39)
DEBUG flower 2021-04-08 13:00:18,882 | numpy_client.py:260 | cached_clock: 8, curr_clock: 39
INFO flower 2021-04-08 13:00:18,883 | numpy_client.py:184 | Cache is stale, return ReadIns
DEBUG flower 2021-04-08 13:00:23,015 | numpy_client.py:228 | read: ReadRes(clock=9)
DEBUG flower 2021-04-08 13:00:23,022 | numpy_client.py:172 | fit, FitIns(clock=39)
DEBUG flower 2021-04-08 13:00:23,022 | numpy_client.py:260 | cached_clock: 9, curr_clock: 39
INFO flower 2021-04-08 13:00:24,123 | numpy_client.py:205 | Cache is fresh, return FitRes(clock=39)
DEBUG flower 2021-04-08 13:00:31,937 | numpy_client.py:172 | fit, FitIns(clock=40)
DEBUG flower 2021-04-08 13:00:31,937 | numpy_client.py:260 | cached_clock: 9, curr_clock: 40
INFO flower 2021-04-08 13:00:31,937 | numpy_client.py:184 | Cache is stale, return ReadIns
DEBUG flower 2021-04-08 13:00:36,197 | numpy_client.py:228 | read: ReadRes(clock=10)
DEBUG flower 2021-04-08 13:00:36,204 | numpy_client.py:172 | fit, FitIns(clock=40)
DEBUG flower 2021-04-08 13:00:36,204 | numpy_client.py:260 | cached_clock: 10, curr_clock: 40
INFO flower 2021-04-08 13:00:37,202 | numpy_client.py:205 | Cache is fresh, return FitRes(clock=40)
DEBUG flower 2021-04-08 13:00:45,022 | numpy_client.py:172 | fit, FitIns(clock=41)
DEBUG flower 2021-04-08 13:00:45,022 | numpy_client.py:260 | cached_clock: 10, curr_clock: 41
INFO flower 2021-04-08 13:00:45,022 | numpy_client.py:184 | Cache is stale, return ReadIns
DEBUG flower 2021-04-08 13:00:49,374 | numpy_client.py:228 | read: ReadRes(clock=11)
DEBUG flower 2021-04-08 13:00:49,381 | numpy_client.py:172 | fit, FitIns(clock=41)
DEBUG flower 2021-04-08 13:00:49,381 | numpy_client.py:260 | cached_clock: 11, curr_clock: 41
INFO flower 2021-04-08 13:00:50,424 | numpy_client.py:205 | Cache is fresh, return FitRes(clock=41)
DEBUG flower 2021-04-08 13:00:58,355 | numpy_client.py:172 | fit, FitIns(clock=42)
DEBUG flower 2021-04-08 13:00:58,355 | numpy_client.py:260 | cached_clock: 11, curr_clock: 42
INFO flower 2021-04-08 13:00:58,356 | numpy_client.py:184 | Cache is stale, return ReadIns
DEBUG flower 2021-04-08 13:01:02,653 | numpy_client.py:228 | read: ReadRes(clock=12)
DEBUG flower 2021-04-08 13:01:02,660 | numpy_client.py:172 | fit, FitIns(clock=42)
DEBUG flower 2021-04-08 13:01:02,660 | numpy_client.py:260 | cached_clock: 12, curr_clock: 42
INFO flower 2021-04-08 13:01:03,703 | numpy_client.py:205 | Cache is fresh, return FitRes(clock=42)
DEBUG flower 2021-04-08 13:01:11,499 | numpy_client.py:172 | fit, FitIns(clock=43)
DEBUG flower 2021-04-08 13:01:11,500 | numpy_client.py:260 | cached_clock: 12, curr_clock: 43
INFO flower 2021-04-08 13:01:11,500 | numpy_client.py:184 | Cache is stale, return ReadIns
DEBUG flower 2021-04-08 13:01:16,063 | numpy_client.py:228 | read: ReadRes(clock=13)
DEBUG flower 2021-04-08 13:01:16,070 | numpy_client.py:172 | fit, FitIns(clock=43)
DEBUG flower 2021-04-08 13:01:16,070 | numpy_client.py:260 | cached_clock: 13, curr_clock: 43
INFO flower 2021-04-08 13:01:17,033 | numpy_client.py:205 | Cache is fresh, return FitRes(clock=43)
DEBUG flower 2021-04-08 13:01:25,218 | numpy_client.py:172 | fit, FitIns(clock=44)
DEBUG flower 2021-04-08 13:01:25,218 | numpy_client.py:260 | cached_clock: 13, curr_clock: 44
INFO flower 2021-04-08 13:01:25,218 | numpy_client.py:184 | Cache is stale, return ReadIns
DEBUG flower 2021-04-08 13:01:29,462 | numpy_client.py:228 | read: ReadRes(clock=14)
DEBUG flower 2021-04-08 13:01:29,470 | numpy_client.py:172 | fit, FitIns(clock=44)
DEBUG flower 2021-04-08 13:01:29,470 | numpy_client.py:260 | cached_clock: 14, curr_clock: 44
INFO flower 2021-04-08 13:01:30,601 | numpy_client.py:205 | Cache is fresh, return FitRes(clock=44)
DEBUG flower 2021-04-08 13:01:38,659 | numpy_client.py:172 | fit, FitIns(clock=45)
DEBUG flower 2021-04-08 13:01:38,659 | numpy_client.py:260 | cached_clock: 14, curr_clock: 45
INFO flower 2021-04-08 13:01:38,659 | numpy_client.py:184 | Cache is stale, return ReadIns
DEBUG flower 2021-04-08 13:01:42,714 | numpy_client.py:228 | read: ReadRes(clock=15)
DEBUG flower 2021-04-08 13:01:42,721 | numpy_client.py:172 | fit, FitIns(clock=45)
DEBUG flower 2021-04-08 13:01:42,721 | numpy_client.py:260 | cached_clock: 15, curr_clock: 45
INFO flower 2021-04-08 13:01:43,832 | numpy_client.py:205 | Cache is fresh, return FitRes(clock=45)
DEBUG flower 2021-04-08 13:01:51,879 | numpy_client.py:172 | fit, FitIns(clock=46)
DEBUG flower 2021-04-08 13:01:51,879 | numpy_client.py:260 | cached_clock: 15, curr_clock: 46
INFO flower 2021-04-08 13:01:51,879 | numpy_client.py:184 | Cache is stale, return ReadIns
DEBUG flower 2021-04-08 13:01:56,065 | numpy_client.py:228 | read: ReadRes(clock=16)
DEBUG flower 2021-04-08 13:01:56,072 | numpy_client.py:172 | fit, FitIns(clock=46)
DEBUG flower 2021-04-08 13:01:56,072 | numpy_client.py:260 | cached_clock: 16, curr_clock: 46
INFO flower 2021-04-08 13:01:57,097 | numpy_client.py:205 | Cache is fresh, return FitRes(clock=46)
DEBUG flower 2021-04-08 13:02:04,724 | numpy_client.py:172 | fit, FitIns(clock=47)
DEBUG flower 2021-04-08 13:02:04,724 | numpy_client.py:260 | cached_clock: 16, curr_clock: 47
INFO flower 2021-04-08 13:02:04,724 | numpy_client.py:184 | Cache is stale, return ReadIns
DEBUG flower 2021-04-08 13:02:08,996 | numpy_client.py:228 | read: ReadRes(clock=17)
DEBUG flower 2021-04-08 13:02:09,004 | numpy_client.py:172 | fit, FitIns(clock=47)
DEBUG flower 2021-04-08 13:02:09,004 | numpy_client.py:260 | cached_clock: 17, curr_clock: 47
INFO flower 2021-04-08 13:02:10,104 | numpy_client.py:205 | Cache is fresh, return FitRes(clock=47)
DEBUG flower 2021-04-08 13:02:17,893 | numpy_client.py:172 | fit, FitIns(clock=48)
DEBUG flower 2021-04-08 13:02:17,893 | numpy_client.py:260 | cached_clock: 17, curr_clock: 48
INFO flower 2021-04-08 13:02:17,893 | numpy_client.py:184 | Cache is stale, return ReadIns
DEBUG flower 2021-04-08 13:02:22,095 | numpy_client.py:228 | read: ReadRes(clock=18)
DEBUG flower 2021-04-08 13:02:22,102 | numpy_client.py:172 | fit, FitIns(clock=48)
DEBUG flower 2021-04-08 13:02:22,103 | numpy_client.py:260 | cached_clock: 18, curr_clock: 48
INFO flower 2021-04-08 13:02:23,205 | numpy_client.py:205 | Cache is fresh, return FitRes(clock=48)
DEBUG flower 2021-04-08 13:02:31,085 | numpy_client.py:172 | fit, FitIns(clock=49)
DEBUG flower 2021-04-08 13:02:31,085 | numpy_client.py:260 | cached_clock: 18, curr_clock: 49
INFO flower 2021-04-08 13:02:31,085 | numpy_client.py:184 | Cache is stale, return ReadIns
DEBUG flower 2021-04-08 13:02:35,516 | numpy_client.py:228 | read: ReadRes(clock=19)
DEBUG flower 2021-04-08 13:02:35,523 | numpy_client.py:172 | fit, FitIns(clock=49)
DEBUG flower 2021-04-08 13:02:35,523 | numpy_client.py:260 | cached_clock: 19, curr_clock: 49
INFO flower 2021-04-08 13:02:36,524 | numpy_client.py:205 | Cache is fresh, return FitRes(clock=49)
DEBUG flower 2021-04-08 13:02:44,380 | numpy_client.py:172 | fit, FitIns(clock=50)
DEBUG flower 2021-04-08 13:02:44,380 | numpy_client.py:260 | cached_clock: 19, curr_clock: 50
INFO flower 2021-04-08 13:02:44,380 | numpy_client.py:184 | Cache is stale, return ReadIns
DEBUG flower 2021-04-08 13:02:48,752 | numpy_client.py:228 | read: ReadRes(clock=20)
DEBUG flower 2021-04-08 13:02:48,760 | numpy_client.py:172 | fit, FitIns(clock=50)
DEBUG flower 2021-04-08 13:02:48,760 | numpy_client.py:260 | cached_clock: 20, curr_clock: 50
INFO flower 2021-04-08 13:02:49,824 | numpy_client.py:205 | Cache is fresh, return FitRes(clock=50)
DEBUG flower 2021-04-08 13:02:57,218 | numpy_client.py:172 | fit, FitIns(clock=51)
DEBUG flower 2021-04-08 13:02:57,218 | numpy_client.py:260 | cached_clock: 20, curr_clock: 51
INFO flower 2021-04-08 13:02:57,219 | numpy_client.py:184 | Cache is stale, return ReadIns
DEBUG flower 2021-04-08 13:03:01,809 | numpy_client.py:228 | read: ReadRes(clock=21)
DEBUG flower 2021-04-08 13:03:01,816 | numpy_client.py:172 | fit, FitIns(clock=51)
DEBUG flower 2021-04-08 13:03:01,816 | numpy_client.py:260 | cached_clock: 21, curr_clock: 51
INFO flower 2021-04-08 13:03:02,799 | numpy_client.py:205 | Cache is fresh, return FitRes(clock=51)
DEBUG flower 2021-04-08 13:03:10,867 | numpy_client.py:172 | fit, FitIns(clock=52)
DEBUG flower 2021-04-08 13:03:10,867 | numpy_client.py:260 | cached_clock: 21, curr_clock: 52
INFO flower 2021-04-08 13:03:10,867 | numpy_client.py:184 | Cache is stale, return ReadIns
DEBUG flower 2021-04-08 13:03:15,118 | numpy_client.py:228 | read: ReadRes(clock=22)
DEBUG flower 2021-04-08 13:03:15,125 | numpy_client.py:172 | fit, FitIns(clock=52)
DEBUG flower 2021-04-08 13:03:15,126 | numpy_client.py:260 | cached_clock: 22, curr_clock: 52
INFO flower 2021-04-08 13:03:16,103 | numpy_client.py:205 | Cache is fresh, return FitRes(clock=52)
DEBUG flower 2021-04-08 13:03:24,155 | numpy_client.py:172 | fit, FitIns(clock=53)
DEBUG flower 2021-04-08 13:03:24,155 | numpy_client.py:260 | cached_clock: 22, curr_clock: 53
INFO flower 2021-04-08 13:03:24,155 | numpy_client.py:184 | Cache is stale, return ReadIns
DEBUG flower 2021-04-08 13:03:28,307 | numpy_client.py:228 | read: ReadRes(clock=23)
DEBUG flower 2021-04-08 13:03:28,314 | numpy_client.py:172 | fit, FitIns(clock=53)
DEBUG flower 2021-04-08 13:03:28,314 | numpy_client.py:260 | cached_clock: 23, curr_clock: 53
INFO flower 2021-04-08 13:03:29,406 | numpy_client.py:205 | Cache is fresh, return FitRes(clock=53)
DEBUG flower 2021-04-08 13:03:38,480 | numpy_client.py:172 | fit, FitIns(clock=54)
DEBUG flower 2021-04-08 13:03:38,481 | numpy_client.py:260 | cached_clock: 23, curr_clock: 54
INFO flower 2021-04-08 13:03:38,481 | numpy_client.py:184 | Cache is stale, return ReadIns
DEBUG flower 2021-04-08 13:03:42,710 | numpy_client.py:228 | read: ReadRes(clock=24)
DEBUG flower 2021-04-08 13:03:42,717 | numpy_client.py:172 | fit, FitIns(clock=54)
DEBUG flower 2021-04-08 13:03:42,717 | numpy_client.py:260 | cached_clock: 24, curr_clock: 54
INFO flower 2021-04-08 13:03:43,804 | numpy_client.py:205 | Cache is fresh, return FitRes(clock=54)
DEBUG flower 2021-04-08 13:03:51,863 | numpy_client.py:172 | fit, FitIns(clock=55)
DEBUG flower 2021-04-08 13:03:51,863 | numpy_client.py:260 | cached_clock: 24, curr_clock: 55
INFO flower 2021-04-08 13:03:51,863 | numpy_client.py:184 | Cache is stale, return ReadIns
DEBUG flower 2021-04-08 13:03:56,069 | numpy_client.py:228 | read: ReadRes(clock=25)
DEBUG flower 2021-04-08 13:03:56,076 | numpy_client.py:172 | fit, FitIns(clock=55)
DEBUG flower 2021-04-08 13:03:56,076 | numpy_client.py:260 | cached_clock: 25, curr_clock: 55
INFO flower 2021-04-08 13:03:57,313 | numpy_client.py:205 | Cache is fresh, return FitRes(clock=55)
DEBUG flower 2021-04-08 13:04:05,187 | numpy_client.py:172 | fit, FitIns(clock=56)
DEBUG flower 2021-04-08 13:04:05,187 | numpy_client.py:260 | cached_clock: 25, curr_clock: 56
INFO flower 2021-04-08 13:04:05,187 | numpy_client.py:184 | Cache is stale, return ReadIns
DEBUG flower 2021-04-08 13:04:09,624 | numpy_client.py:228 | read: ReadRes(clock=26)
DEBUG flower 2021-04-08 13:04:09,632 | numpy_client.py:172 | fit, FitIns(clock=56)
DEBUG flower 2021-04-08 13:04:09,632 | numpy_client.py:260 | cached_clock: 26, curr_clock: 56
INFO flower 2021-04-08 13:04:10,622 | numpy_client.py:205 | Cache is fresh, return FitRes(clock=56)
DEBUG flower 2021-04-08 13:04:18,776 | numpy_client.py:172 | fit, FitIns(clock=57)
DEBUG flower 2021-04-08 13:04:18,776 | numpy_client.py:260 | cached_clock: 26, curr_clock: 57
INFO flower 2021-04-08 13:04:18,776 | numpy_client.py:184 | Cache is stale, return ReadIns
DEBUG flower 2021-04-08 13:04:23,006 | numpy_client.py:228 | read: ReadRes(clock=27)
DEBUG flower 2021-04-08 13:04:23,014 | numpy_client.py:172 | fit, FitIns(clock=57)
DEBUG flower 2021-04-08 13:04:23,014 | numpy_client.py:260 | cached_clock: 27, curr_clock: 57
INFO flower 2021-04-08 13:04:24,128 | numpy_client.py:205 | Cache is fresh, return FitRes(clock=57)
DEBUG flower 2021-04-08 13:04:31,648 | numpy_client.py:172 | fit, FitIns(clock=58)
DEBUG flower 2021-04-08 13:04:31,649 | numpy_client.py:260 | cached_clock: 27, curr_clock: 58
INFO flower 2021-04-08 13:04:31,649 | numpy_client.py:184 | Cache is stale, return ReadIns
DEBUG flower 2021-04-08 13:04:35,831 | numpy_client.py:228 | read: ReadRes(clock=28)
DEBUG flower 2021-04-08 13:04:35,838 | numpy_client.py:172 | fit, FitIns(clock=58)
DEBUG flower 2021-04-08 13:04:35,838 | numpy_client.py:260 | cached_clock: 28, curr_clock: 58
INFO flower 2021-04-08 13:04:36,821 | numpy_client.py:205 | Cache is fresh, return FitRes(clock=58)
DEBUG flower 2021-04-08 13:04:44,770 | numpy_client.py:172 | fit, FitIns(clock=59)
DEBUG flower 2021-04-08 13:04:44,770 | numpy_client.py:260 | cached_clock: 28, curr_clock: 59
INFO flower 2021-04-08 13:04:44,770 | numpy_client.py:184 | Cache is stale, return ReadIns
DEBUG flower 2021-04-08 13:04:49,188 | numpy_client.py:228 | read: ReadRes(clock=29)
DEBUG flower 2021-04-08 13:04:49,195 | numpy_client.py:172 | fit, FitIns(clock=59)
DEBUG flower 2021-04-08 13:04:49,195 | numpy_client.py:260 | cached_clock: 29, curr_clock: 59
INFO flower 2021-04-08 13:04:50,222 | numpy_client.py:205 | Cache is fresh, return FitRes(clock=59)
DEBUG flower 2021-04-08 13:04:58,105 | numpy_client.py:172 | fit, FitIns(clock=60)
DEBUG flower 2021-04-08 13:04:58,105 | numpy_client.py:260 | cached_clock: 29, curr_clock: 60
INFO flower 2021-04-08 13:04:58,106 | numpy_client.py:184 | Cache is stale, return ReadIns
DEBUG flower 2021-04-08 13:05:02,697 | numpy_client.py:228 | read: ReadRes(clock=30)
DEBUG flower 2021-04-08 13:05:02,704 | numpy_client.py:172 | fit, FitIns(clock=60)
DEBUG flower 2021-04-08 13:05:02,704 | numpy_client.py:260 | cached_clock: 30, curr_clock: 60
INFO flower 2021-04-08 13:05:03,800 | numpy_client.py:205 | Cache is fresh, return FitRes(clock=60)
DEBUG flower 2021-04-08 13:05:12,028 | numpy_client.py:172 | fit, FitIns(clock=61)
DEBUG flower 2021-04-08 13:05:12,028 | numpy_client.py:260 | cached_clock: 30, curr_clock: 61
INFO flower 2021-04-08 13:05:12,028 | numpy_client.py:184 | Cache is stale, return ReadIns
DEBUG flower 2021-04-08 13:05:16,600 | numpy_client.py:228 | read: ReadRes(clock=31)
DEBUG flower 2021-04-08 13:05:16,607 | numpy_client.py:172 | fit, FitIns(clock=61)
DEBUG flower 2021-04-08 13:05:16,607 | numpy_client.py:260 | cached_clock: 31, curr_clock: 61
INFO flower 2021-04-08 13:05:17,611 | numpy_client.py:205 | Cache is fresh, return FitRes(clock=61)
DEBUG flower 2021-04-08 13:05:25,483 | numpy_client.py:172 | fit, FitIns(clock=62)
DEBUG flower 2021-04-08 13:05:25,483 | numpy_client.py:260 | cached_clock: 31, curr_clock: 62
INFO flower 2021-04-08 13:05:25,484 | numpy_client.py:184 | Cache is stale, return ReadIns
DEBUG flower 2021-04-08 13:05:30,016 | numpy_client.py:228 | read: ReadRes(clock=32)
DEBUG flower 2021-04-08 13:05:30,023 | numpy_client.py:172 | fit, FitIns(clock=62)
DEBUG flower 2021-04-08 13:05:30,024 | numpy_client.py:260 | cached_clock: 32, curr_clock: 62
INFO flower 2021-04-08 13:05:31,101 | numpy_client.py:205 | Cache is fresh, return FitRes(clock=62)
DEBUG flower 2021-04-08 13:05:38,635 | numpy_client.py:172 | fit, FitIns(clock=63)
DEBUG flower 2021-04-08 13:05:38,636 | numpy_client.py:260 | cached_clock: 32, curr_clock: 63
INFO flower 2021-04-08 13:05:38,636 | numpy_client.py:184 | Cache is stale, return ReadIns
DEBUG flower 2021-04-08 13:05:43,152 | numpy_client.py:228 | read: ReadRes(clock=33)
DEBUG flower 2021-04-08 13:05:43,160 | numpy_client.py:172 | fit, FitIns(clock=63)
DEBUG flower 2021-04-08 13:05:43,160 | numpy_client.py:260 | cached_clock: 33, curr_clock: 63
INFO flower 2021-04-08 13:05:44,207 | numpy_client.py:205 | Cache is fresh, return FitRes(clock=63)
DEBUG flower 2021-04-08 13:05:51,777 | numpy_client.py:172 | fit, FitIns(clock=64)
DEBUG flower 2021-04-08 13:05:51,777 | numpy_client.py:260 | cached_clock: 33, curr_clock: 64
INFO flower 2021-04-08 13:05:51,778 | numpy_client.py:184 | Cache is stale, return ReadIns
DEBUG flower 2021-04-08 13:05:56,383 | numpy_client.py:228 | read: ReadRes(clock=34)
DEBUG flower 2021-04-08 13:05:56,390 | numpy_client.py:172 | fit, FitIns(clock=64)
DEBUG flower 2021-04-08 13:05:56,390 | numpy_client.py:260 | cached_clock: 34, curr_clock: 64
INFO flower 2021-04-08 13:05:57,530 | numpy_client.py:205 | Cache is fresh, return FitRes(clock=64)
DEBUG flower 2021-04-08 13:06:05,227 | numpy_client.py:172 | fit, FitIns(clock=65)
DEBUG flower 2021-04-08 13:06:05,227 | numpy_client.py:260 | cached_clock: 34, curr_clock: 65
INFO flower 2021-04-08 13:06:05,228 | numpy_client.py:184 | Cache is stale, return ReadIns
DEBUG flower 2021-04-08 13:06:09,907 | numpy_client.py:228 | read: ReadRes(clock=35)
DEBUG flower 2021-04-08 13:06:09,914 | numpy_client.py:172 | fit, FitIns(clock=65)
DEBUG flower 2021-04-08 13:06:09,914 | numpy_client.py:260 | cached_clock: 35, curr_clock: 65
INFO flower 2021-04-08 13:06:10,913 | numpy_client.py:205 | Cache is fresh, return FitRes(clock=65)
DEBUG flower 2021-04-08 13:06:18,239 | numpy_client.py:172 | fit, FitIns(clock=66)
DEBUG flower 2021-04-08 13:06:18,240 | numpy_client.py:260 | cached_clock: 35, curr_clock: 66
INFO flower 2021-04-08 13:06:18,240 | numpy_client.py:184 | Cache is stale, return ReadIns
DEBUG flower 2021-04-08 13:06:23,292 | numpy_client.py:228 | read: ReadRes(clock=36)
DEBUG flower 2021-04-08 13:06:23,299 | numpy_client.py:172 | fit, FitIns(clock=66)
DEBUG flower 2021-04-08 13:06:23,299 | numpy_client.py:260 | cached_clock: 36, curr_clock: 66
INFO flower 2021-04-08 13:06:24,322 | numpy_client.py:205 | Cache is fresh, return FitRes(clock=66)
DEBUG flower 2021-04-08 13:06:31,911 | numpy_client.py:172 | fit, FitIns(clock=67)
DEBUG flower 2021-04-08 13:06:31,911 | numpy_client.py:260 | cached_clock: 36, curr_clock: 67
INFO flower 2021-04-08 13:06:31,911 | numpy_client.py:184 | Cache is stale, return ReadIns
DEBUG flower 2021-04-08 13:06:36,532 | numpy_client.py:228 | read: ReadRes(clock=37)
DEBUG flower 2021-04-08 13:06:36,539 | numpy_client.py:172 | fit, FitIns(clock=67)
DEBUG flower 2021-04-08 13:06:36,539 | numpy_client.py:260 | cached_clock: 37, curr_clock: 67
INFO flower 2021-04-08 13:06:37,626 | numpy_client.py:205 | Cache is fresh, return FitRes(clock=67)
DEBUG flower 2021-04-08 13:06:44,895 | numpy_client.py:172 | fit, FitIns(clock=68)
DEBUG flower 2021-04-08 13:06:44,895 | numpy_client.py:260 | cached_clock: 37, curr_clock: 68
INFO flower 2021-04-08 13:06:44,895 | numpy_client.py:184 | Cache is stale, return ReadIns
DEBUG flower 2021-04-08 13:06:49,497 | numpy_client.py:228 | read: ReadRes(clock=38)
DEBUG flower 2021-04-08 13:06:49,507 | numpy_client.py:172 | fit, FitIns(clock=68)
DEBUG flower 2021-04-08 13:06:49,507 | numpy_client.py:260 | cached_clock: 38, curr_clock: 68
INFO flower 2021-04-08 13:06:50,606 | numpy_client.py:205 | Cache is fresh, return FitRes(clock=68)
DEBUG flower 2021-04-08 13:06:59,176 | numpy_client.py:172 | fit, FitIns(clock=69)
DEBUG flower 2021-04-08 13:06:59,176 | numpy_client.py:260 | cached_clock: 38, curr_clock: 69
INFO flower 2021-04-08 13:06:59,177 | numpy_client.py:184 | Cache is stale, return ReadIns
DEBUG flower 2021-04-08 13:07:03,457 | numpy_client.py:228 | read: ReadRes(clock=39)
DEBUG flower 2021-04-08 13:07:03,501 | numpy_client.py:172 | fit, FitIns(clock=69)
DEBUG flower 2021-04-08 13:07:03,501 | numpy_client.py:260 | cached_clock: 39, curr_clock: 69
INFO flower 2021-04-08 13:07:04,528 | numpy_client.py:205 | Cache is fresh, return FitRes(clock=69)
DEBUG flower 2021-04-08 13:07:12,589 | numpy_client.py:172 | fit, FitIns(clock=70)
DEBUG flower 2021-04-08 13:07:12,590 | numpy_client.py:260 | cached_clock: 39, curr_clock: 70
INFO flower 2021-04-08 13:07:12,590 | numpy_client.py:184 | Cache is stale, return ReadIns
DEBUG flower 2021-04-08 13:07:17,097 | numpy_client.py:228 | read: ReadRes(clock=40)
DEBUG flower 2021-04-08 13:07:17,104 | numpy_client.py:172 | fit, FitIns(clock=70)
DEBUG flower 2021-04-08 13:07:17,104 | numpy_client.py:260 | cached_clock: 40, curr_clock: 70
INFO flower 2021-04-08 13:07:18,124 | numpy_client.py:205 | Cache is fresh, return FitRes(clock=70)
DEBUG flower 2021-04-08 13:07:26,020 | numpy_client.py:172 | fit, FitIns(clock=71)
DEBUG flower 2021-04-08 13:07:26,021 | numpy_client.py:260 | cached_clock: 40, curr_clock: 71
INFO flower 2021-04-08 13:07:26,021 | numpy_client.py:184 | Cache is stale, return ReadIns
DEBUG flower 2021-04-08 13:07:30,616 | numpy_client.py:228 | read: ReadRes(clock=41)
DEBUG flower 2021-04-08 13:07:30,623 | numpy_client.py:172 | fit, FitIns(clock=71)
DEBUG flower 2021-04-08 13:07:30,623 | numpy_client.py:260 | cached_clock: 41, curr_clock: 71
INFO flower 2021-04-08 13:07:31,712 | numpy_client.py:205 | Cache is fresh, return FitRes(clock=71)
DEBUG flower 2021-04-08 13:07:39,560 | numpy_client.py:172 | fit, FitIns(clock=72)
DEBUG flower 2021-04-08 13:07:39,560 | numpy_client.py:260 | cached_clock: 41, curr_clock: 72
INFO flower 2021-04-08 13:07:39,560 | numpy_client.py:184 | Cache is stale, return ReadIns
DEBUG flower 2021-04-08 13:07:43,967 | numpy_client.py:228 | read: ReadRes(clock=42)
DEBUG flower 2021-04-08 13:07:43,975 | numpy_client.py:172 | fit, FitIns(clock=72)
DEBUG flower 2021-04-08 13:07:43,975 | numpy_client.py:260 | cached_clock: 42, curr_clock: 72
INFO flower 2021-04-08 13:07:45,006 | numpy_client.py:205 | Cache is fresh, return FitRes(clock=72)
DEBUG flower 2021-04-08 13:07:52,863 | numpy_client.py:172 | fit, FitIns(clock=73)
DEBUG flower 2021-04-08 13:07:52,863 | numpy_client.py:260 | cached_clock: 42, curr_clock: 73
INFO flower 2021-04-08 13:07:52,863 | numpy_client.py:184 | Cache is stale, return ReadIns
DEBUG flower 2021-04-08 13:07:57,522 | numpy_client.py:228 | read: ReadRes(clock=43)
DEBUG flower 2021-04-08 13:07:57,529 | numpy_client.py:172 | fit, FitIns(clock=73)
DEBUG flower 2021-04-08 13:07:57,529 | numpy_client.py:260 | cached_clock: 43, curr_clock: 73
INFO flower 2021-04-08 13:07:58,523 | numpy_client.py:205 | Cache is fresh, return FitRes(clock=73)
DEBUG flower 2021-04-08 13:08:06,795 | numpy_client.py:172 | fit, FitIns(clock=74)
DEBUG flower 2021-04-08 13:08:06,795 | numpy_client.py:260 | cached_clock: 43, curr_clock: 74
INFO flower 2021-04-08 13:08:06,795 | numpy_client.py:184 | Cache is stale, return ReadIns
DEBUG flower 2021-04-08 13:08:11,399 | numpy_client.py:228 | read: ReadRes(clock=44)
DEBUG flower 2021-04-08 13:08:11,406 | numpy_client.py:172 | fit, FitIns(clock=74)
DEBUG flower 2021-04-08 13:08:11,406 | numpy_client.py:260 | cached_clock: 44, curr_clock: 74
INFO flower 2021-04-08 13:08:12,513 | numpy_client.py:205 | Cache is fresh, return FitRes(clock=74)
DEBUG flower 2021-04-08 13:08:19,960 | numpy_client.py:172 | fit, FitIns(clock=75)
DEBUG flower 2021-04-08 13:08:19,960 | numpy_client.py:260 | cached_clock: 44, curr_clock: 75
INFO flower 2021-04-08 13:08:19,960 | numpy_client.py:184 | Cache is stale, return ReadIns
DEBUG flower 2021-04-08 13:08:24,529 | numpy_client.py:228 | read: ReadRes(clock=45)
DEBUG flower 2021-04-08 13:08:24,536 | numpy_client.py:172 | fit, FitIns(clock=75)
DEBUG flower 2021-04-08 13:08:24,536 | numpy_client.py:260 | cached_clock: 45, curr_clock: 75
INFO flower 2021-04-08 13:08:25,523 | numpy_client.py:205 | Cache is fresh, return FitRes(clock=75)
DEBUG flower 2021-04-08 13:08:33,585 | numpy_client.py:172 | fit, FitIns(clock=76)
DEBUG flower 2021-04-08 13:08:33,585 | numpy_client.py:260 | cached_clock: 45, curr_clock: 76
INFO flower 2021-04-08 13:08:33,585 | numpy_client.py:184 | Cache is stale, return ReadIns
DEBUG flower 2021-04-08 13:08:38,034 | numpy_client.py:228 | read: ReadRes(clock=46)
DEBUG flower 2021-04-08 13:08:38,041 | numpy_client.py:172 | fit, FitIns(clock=76)
DEBUG flower 2021-04-08 13:08:38,041 | numpy_client.py:260 | cached_clock: 46, curr_clock: 76
INFO flower 2021-04-08 13:08:39,134 | numpy_client.py:205 | Cache is fresh, return FitRes(clock=76)
DEBUG flower 2021-04-08 13:08:46,788 | numpy_client.py:172 | fit, FitIns(clock=77)
DEBUG flower 2021-04-08 13:08:46,789 | numpy_client.py:260 | cached_clock: 46, curr_clock: 77
INFO flower 2021-04-08 13:08:46,789 | numpy_client.py:184 | Cache is stale, return ReadIns
DEBUG flower 2021-04-08 13:08:51,183 | numpy_client.py:228 | read: ReadRes(clock=47)
DEBUG flower 2021-04-08 13:08:51,191 | numpy_client.py:172 | fit, FitIns(clock=77)
DEBUG flower 2021-04-08 13:08:51,191 | numpy_client.py:260 | cached_clock: 47, curr_clock: 77
INFO flower 2021-04-08 13:08:52,215 | numpy_client.py:205 | Cache is fresh, return FitRes(clock=77)
DEBUG flower 2021-04-08 13:08:59,572 | numpy_client.py:172 | fit, FitIns(clock=78)
DEBUG flower 2021-04-08 13:08:59,572 | numpy_client.py:260 | cached_clock: 47, curr_clock: 78
INFO flower 2021-04-08 13:08:59,573 | numpy_client.py:184 | Cache is stale, return ReadIns
DEBUG flower 2021-04-08 13:09:03,923 | numpy_client.py:228 | read: ReadRes(clock=48)
DEBUG flower 2021-04-08 13:09:03,931 | numpy_client.py:172 | fit, FitIns(clock=78)
DEBUG flower 2021-04-08 13:09:03,931 | numpy_client.py:260 | cached_clock: 48, curr_clock: 78
INFO flower 2021-04-08 13:09:04,924 | numpy_client.py:205 | Cache is fresh, return FitRes(clock=78)
DEBUG flower 2021-04-08 13:09:12,664 | numpy_client.py:172 | fit, FitIns(clock=79)
DEBUG flower 2021-04-08 13:09:12,664 | numpy_client.py:260 | cached_clock: 48, curr_clock: 79
INFO flower 2021-04-08 13:09:12,664 | numpy_client.py:184 | Cache is stale, return ReadIns
DEBUG flower 2021-04-08 13:09:17,238 | numpy_client.py:228 | read: ReadRes(clock=49)
DEBUG flower 2021-04-08 13:09:17,244 | numpy_client.py:172 | fit, FitIns(clock=79)
DEBUG flower 2021-04-08 13:09:17,245 | numpy_client.py:260 | cached_clock: 49, curr_clock: 79
INFO flower 2021-04-08 13:09:18,325 | numpy_client.py:205 | Cache is fresh, return FitRes(clock=79)
DEBUG flower 2021-04-08 13:09:25,789 | numpy_client.py:172 | fit, FitIns(clock=80)
DEBUG flower 2021-04-08 13:09:25,790 | numpy_client.py:260 | cached_clock: 49, curr_clock: 80
INFO flower 2021-04-08 13:09:25,790 | numpy_client.py:184 | Cache is stale, return ReadIns
DEBUG flower 2021-04-08 13:09:30,329 | numpy_client.py:228 | read: ReadRes(clock=50)
DEBUG flower 2021-04-08 13:09:30,337 | numpy_client.py:172 | fit, FitIns(clock=80)
DEBUG flower 2021-04-08 13:09:30,337 | numpy_client.py:260 | cached_clock: 50, curr_clock: 80
INFO flower 2021-04-08 13:09:31,237 | numpy_client.py:205 | Cache is fresh, return FitRes(clock=80)
DEBUG flower 2021-04-08 13:09:39,035 | numpy_client.py:172 | fit, FitIns(clock=81)
DEBUG flower 2021-04-08 13:09:39,035 | numpy_client.py:260 | cached_clock: 50, curr_clock: 81
INFO flower 2021-04-08 13:09:39,036 | numpy_client.py:184 | Cache is stale, return ReadIns
DEBUG flower 2021-04-08 13:09:43,806 | numpy_client.py:228 | read: ReadRes(clock=51)
DEBUG flower 2021-04-08 13:09:43,813 | numpy_client.py:172 | fit, FitIns(clock=81)
DEBUG flower 2021-04-08 13:09:43,813 | numpy_client.py:260 | cached_clock: 51, curr_clock: 81
INFO flower 2021-04-08 13:09:44,904 | numpy_client.py:205 | Cache is fresh, return FitRes(clock=81)
DEBUG flower 2021-04-08 13:09:52,197 | numpy_client.py:172 | fit, FitIns(clock=82)
DEBUG flower 2021-04-08 13:09:52,197 | numpy_client.py:260 | cached_clock: 51, curr_clock: 82
INFO flower 2021-04-08 13:09:52,197 | numpy_client.py:184 | Cache is stale, return ReadIns
DEBUG flower 2021-04-08 13:09:57,097 | numpy_client.py:228 | read: ReadRes(clock=52)
DEBUG flower 2021-04-08 13:09:57,104 | numpy_client.py:172 | fit, FitIns(clock=82)
DEBUG flower 2021-04-08 13:09:57,104 | numpy_client.py:260 | cached_clock: 52, curr_clock: 82
INFO flower 2021-04-08 13:09:58,123 | numpy_client.py:205 | Cache is fresh, return FitRes(clock=82)
DEBUG flower 2021-04-08 13:10:05,970 | numpy_client.py:172 | fit, FitIns(clock=83)
DEBUG flower 2021-04-08 13:10:05,970 | numpy_client.py:260 | cached_clock: 52, curr_clock: 83
INFO flower 2021-04-08 13:10:05,971 | numpy_client.py:184 | Cache is stale, return ReadIns
DEBUG flower 2021-04-08 13:10:10,587 | numpy_client.py:228 | read: ReadRes(clock=53)
DEBUG flower 2021-04-08 13:10:10,594 | numpy_client.py:172 | fit, FitIns(clock=83)
DEBUG flower 2021-04-08 13:10:10,594 | numpy_client.py:260 | cached_clock: 53, curr_clock: 83
INFO flower 2021-04-08 13:10:11,627 | numpy_client.py:205 | Cache is fresh, return FitRes(clock=83)
DEBUG flower 2021-04-08 13:10:19,298 | numpy_client.py:172 | fit, FitIns(clock=84)
DEBUG flower 2021-04-08 13:10:19,298 | numpy_client.py:260 | cached_clock: 53, curr_clock: 84
INFO flower 2021-04-08 13:10:19,298 | numpy_client.py:184 | Cache is stale, return ReadIns
DEBUG flower 2021-04-08 13:10:23,615 | numpy_client.py:228 | read: ReadRes(clock=54)
DEBUG flower 2021-04-08 13:10:23,623 | numpy_client.py:172 | fit, FitIns(clock=84)
DEBUG flower 2021-04-08 13:10:23,623 | numpy_client.py:260 | cached_clock: 54, curr_clock: 84
INFO flower 2021-04-08 13:10:24,632 | numpy_client.py:205 | Cache is fresh, return FitRes(clock=84)
DEBUG flower 2021-04-08 13:10:32,346 | numpy_client.py:172 | fit, FitIns(clock=85)
DEBUG flower 2021-04-08 13:10:32,346 | numpy_client.py:260 | cached_clock: 54, curr_clock: 85
INFO flower 2021-04-08 13:10:32,346 | numpy_client.py:184 | Cache is stale, return ReadIns
DEBUG flower 2021-04-08 13:10:36,839 | numpy_client.py:228 | read: ReadRes(clock=55)
DEBUG flower 2021-04-08 13:10:36,847 | numpy_client.py:172 | fit, FitIns(clock=85)
DEBUG flower 2021-04-08 13:10:36,847 | numpy_client.py:260 | cached_clock: 55, curr_clock: 85
INFO flower 2021-04-08 13:10:37,824 | numpy_client.py:205 | Cache is fresh, return FitRes(clock=85)
DEBUG flower 2021-04-08 13:10:45,806 | numpy_client.py:172 | fit, FitIns(clock=86)
DEBUG flower 2021-04-08 13:10:45,806 | numpy_client.py:260 | cached_clock: 55, curr_clock: 86
INFO flower 2021-04-08 13:10:45,806 | numpy_client.py:184 | Cache is stale, return ReadIns
DEBUG flower 2021-04-08 13:10:50,247 | numpy_client.py:228 | read: ReadRes(clock=56)
DEBUG flower 2021-04-08 13:10:50,254 | numpy_client.py:172 | fit, FitIns(clock=86)
DEBUG flower 2021-04-08 13:10:50,254 | numpy_client.py:260 | cached_clock: 56, curr_clock: 86
INFO flower 2021-04-08 13:10:51,241 | numpy_client.py:205 | Cache is fresh, return FitRes(clock=86)
DEBUG flower 2021-04-08 13:10:59,518 | numpy_client.py:172 | fit, FitIns(clock=87)
DEBUG flower 2021-04-08 13:10:59,519 | numpy_client.py:260 | cached_clock: 56, curr_clock: 87
INFO flower 2021-04-08 13:10:59,519 | numpy_client.py:184 | Cache is stale, return ReadIns
DEBUG flower 2021-04-08 13:11:03,834 | numpy_client.py:228 | read: ReadRes(clock=57)
DEBUG flower 2021-04-08 13:11:03,898 | numpy_client.py:172 | fit, FitIns(clock=87)
DEBUG flower 2021-04-08 13:11:03,898 | numpy_client.py:260 | cached_clock: 57, curr_clock: 87
INFO flower 2021-04-08 13:11:04,904 | numpy_client.py:205 | Cache is fresh, return FitRes(clock=87)
DEBUG flower 2021-04-08 13:11:12,701 | numpy_client.py:172 | fit, FitIns(clock=88)
DEBUG flower 2021-04-08 13:11:12,701 | numpy_client.py:260 | cached_clock: 57, curr_clock: 88
INFO flower 2021-04-08 13:11:12,701 | numpy_client.py:184 | Cache is stale, return ReadIns
DEBUG flower 2021-04-08 13:11:17,551 | numpy_client.py:228 | read: ReadRes(clock=58)
DEBUG flower 2021-04-08 13:11:17,558 | numpy_client.py:172 | fit, FitIns(clock=88)
DEBUG flower 2021-04-08 13:11:17,559 | numpy_client.py:260 | cached_clock: 58, curr_clock: 88
INFO flower 2021-04-08 13:11:18,604 | numpy_client.py:205 | Cache is fresh, return FitRes(clock=88)
DEBUG flower 2021-04-08 13:11:26,360 | numpy_client.py:172 | fit, FitIns(clock=89)
DEBUG flower 2021-04-08 13:11:26,360 | numpy_client.py:260 | cached_clock: 58, curr_clock: 89
INFO flower 2021-04-08 13:11:26,361 | numpy_client.py:184 | Cache is stale, return ReadIns
DEBUG flower 2021-04-08 13:11:31,396 | numpy_client.py:228 | read: ReadRes(clock=59)
DEBUG flower 2021-04-08 13:11:31,404 | numpy_client.py:172 | fit, FitIns(clock=89)
DEBUG flower 2021-04-08 13:11:31,404 | numpy_client.py:260 | cached_clock: 59, curr_clock: 89
INFO flower 2021-04-08 13:11:32,505 | numpy_client.py:205 | Cache is fresh, return FitRes(clock=89)
DEBUG flower 2021-04-08 13:11:40,302 | numpy_client.py:172 | fit, FitIns(clock=90)
DEBUG flower 2021-04-08 13:11:40,302 | numpy_client.py:260 | cached_clock: 59, curr_clock: 90
INFO flower 2021-04-08 13:11:40,302 | numpy_client.py:184 | Cache is stale, return ReadIns
DEBUG flower 2021-04-08 13:11:44,930 | numpy_client.py:228 | read: ReadRes(clock=60)
DEBUG flower 2021-04-08 13:11:44,938 | numpy_client.py:172 | fit, FitIns(clock=90)
DEBUG flower 2021-04-08 13:11:44,938 | numpy_client.py:260 | cached_clock: 60, curr_clock: 90
INFO flower 2021-04-08 13:11:46,003 | numpy_client.py:205 | Cache is fresh, return FitRes(clock=90)
DEBUG flower 2021-04-08 13:11:53,382 | numpy_client.py:172 | fit, FitIns(clock=91)
DEBUG flower 2021-04-08 13:11:53,382 | numpy_client.py:260 | cached_clock: 60, curr_clock: 91
INFO flower 2021-04-08 13:11:53,382 | numpy_client.py:184 | Cache is stale, return ReadIns
DEBUG flower 2021-04-08 13:11:58,338 | numpy_client.py:228 | read: ReadRes(clock=61)
DEBUG flower 2021-04-08 13:11:58,345 | numpy_client.py:172 | fit, FitIns(clock=91)
DEBUG flower 2021-04-08 13:11:58,346 | numpy_client.py:260 | cached_clock: 61, curr_clock: 91
INFO flower 2021-04-08 13:11:59,301 | numpy_client.py:205 | Cache is fresh, return FitRes(clock=91)
DEBUG flower 2021-04-08 13:12:07,046 | numpy_client.py:172 | fit, FitIns(clock=92)
DEBUG flower 2021-04-08 13:12:07,046 | numpy_client.py:260 | cached_clock: 61, curr_clock: 92
INFO flower 2021-04-08 13:12:07,046 | numpy_client.py:184 | Cache is stale, return ReadIns
DEBUG flower 2021-04-08 13:12:11,730 | numpy_client.py:228 | read: ReadRes(clock=62)
DEBUG flower 2021-04-08 13:12:11,737 | numpy_client.py:172 | fit, FitIns(clock=92)
DEBUG flower 2021-04-08 13:12:11,737 | numpy_client.py:260 | cached_clock: 62, curr_clock: 92
INFO flower 2021-04-08 13:12:12,801 | numpy_client.py:205 | Cache is fresh, return FitRes(clock=92)
DEBUG flower 2021-04-08 13:12:20,873 | numpy_client.py:172 | fit, FitIns(clock=93)
DEBUG flower 2021-04-08 13:12:20,873 | numpy_client.py:260 | cached_clock: 62, curr_clock: 93
INFO flower 2021-04-08 13:12:20,873 | numpy_client.py:184 | Cache is stale, return ReadIns
DEBUG flower 2021-04-08 13:12:25,330 | numpy_client.py:228 | read: ReadRes(clock=63)
DEBUG flower 2021-04-08 13:12:25,337 | numpy_client.py:172 | fit, FitIns(clock=93)
DEBUG flower 2021-04-08 13:12:25,338 | numpy_client.py:260 | cached_clock: 63, curr_clock: 93
INFO flower 2021-04-08 13:12:26,421 | numpy_client.py:205 | Cache is fresh, return FitRes(clock=93)
DEBUG flower 2021-04-08 13:12:35,132 | numpy_client.py:172 | fit, FitIns(clock=94)
DEBUG flower 2021-04-08 13:12:35,132 | numpy_client.py:260 | cached_clock: 63, curr_clock: 94
INFO flower 2021-04-08 13:12:35,132 | numpy_client.py:184 | Cache is stale, return ReadIns
DEBUG flower 2021-04-08 13:12:39,571 | numpy_client.py:228 | read: ReadRes(clock=64)
DEBUG flower 2021-04-08 13:12:39,578 | numpy_client.py:172 | fit, FitIns(clock=94)
DEBUG flower 2021-04-08 13:12:39,578 | numpy_client.py:260 | cached_clock: 64, curr_clock: 94
INFO flower 2021-04-08 13:12:40,628 | numpy_client.py:205 | Cache is fresh, return FitRes(clock=94)
DEBUG flower 2021-04-08 13:12:48,656 | numpy_client.py:172 | fit, FitIns(clock=95)
DEBUG flower 2021-04-08 13:12:48,656 | numpy_client.py:260 | cached_clock: 64, curr_clock: 95
INFO flower 2021-04-08 13:12:48,656 | numpy_client.py:184 | Cache is stale, return ReadIns
DEBUG flower 2021-04-08 13:12:53,234 | numpy_client.py:228 | read: ReadRes(clock=65)
DEBUG flower 2021-04-08 13:12:53,241 | numpy_client.py:172 | fit, FitIns(clock=95)
DEBUG flower 2021-04-08 13:12:53,241 | numpy_client.py:260 | cached_clock: 65, curr_clock: 95
INFO flower 2021-04-08 13:12:54,212 | numpy_client.py:205 | Cache is fresh, return FitRes(clock=95)
DEBUG flower 2021-04-08 13:13:02,226 | numpy_client.py:172 | fit, FitIns(clock=96)
DEBUG flower 2021-04-08 13:13:02,226 | numpy_client.py:260 | cached_clock: 65, curr_clock: 96
INFO flower 2021-04-08 13:13:02,226 | numpy_client.py:184 | Cache is stale, return ReadIns
DEBUG flower 2021-04-08 13:13:06,812 | numpy_client.py:228 | read: ReadRes(clock=66)
DEBUG flower 2021-04-08 13:13:06,819 | numpy_client.py:172 | fit, FitIns(clock=96)
DEBUG flower 2021-04-08 13:13:06,819 | numpy_client.py:260 | cached_clock: 66, curr_clock: 96
INFO flower 2021-04-08 13:13:07,808 | numpy_client.py:205 | Cache is fresh, return FitRes(clock=96)
DEBUG flower 2021-04-08 13:13:15,677 | numpy_client.py:172 | fit, FitIns(clock=97)
DEBUG flower 2021-04-08 13:13:15,677 | numpy_client.py:260 | cached_clock: 66, curr_clock: 97
INFO flower 2021-04-08 13:13:15,677 | numpy_client.py:184 | Cache is stale, return ReadIns
DEBUG flower 2021-04-08 13:13:20,535 | numpy_client.py:228 | read: ReadRes(clock=67)
DEBUG flower 2021-04-08 13:13:20,542 | numpy_client.py:172 | fit, FitIns(clock=97)
DEBUG flower 2021-04-08 13:13:20,542 | numpy_client.py:260 | cached_clock: 67, curr_clock: 97
INFO flower 2021-04-08 13:13:21,528 | numpy_client.py:205 | Cache is fresh, return FitRes(clock=97)
DEBUG flower 2021-04-08 13:13:29,579 | numpy_client.py:172 | fit, FitIns(clock=98)
DEBUG flower 2021-04-08 13:13:29,580 | numpy_client.py:260 | cached_clock: 67, curr_clock: 98
INFO flower 2021-04-08 13:13:29,580 | numpy_client.py:184 | Cache is stale, return ReadIns
DEBUG flower 2021-04-08 13:13:34,897 | numpy_client.py:228 | read: ReadRes(clock=68)
DEBUG flower 2021-04-08 13:13:34,904 | numpy_client.py:172 | fit, FitIns(clock=98)
DEBUG flower 2021-04-08 13:13:34,904 | numpy_client.py:260 | cached_clock: 68, curr_clock: 98
INFO flower 2021-04-08 13:13:35,928 | numpy_client.py:205 | Cache is fresh, return FitRes(clock=98)
DEBUG flower 2021-04-08 13:13:43,931 | numpy_client.py:172 | fit, FitIns(clock=99)
DEBUG flower 2021-04-08 13:13:43,931 | numpy_client.py:260 | cached_clock: 68, curr_clock: 99
INFO flower 2021-04-08 13:13:43,932 | numpy_client.py:184 | Cache is stale, return ReadIns
DEBUG flower 2021-04-08 13:13:49,142 | numpy_client.py:228 | read: ReadRes(clock=69)
DEBUG flower 2021-04-08 13:13:49,149 | numpy_client.py:172 | fit, FitIns(clock=99)
DEBUG flower 2021-04-08 13:13:49,149 | numpy_client.py:260 | cached_clock: 69, curr_clock: 99
INFO flower 2021-04-08 13:13:50,197 | numpy_client.py:205 | Cache is fresh, return FitRes(clock=99)
DEBUG flower 2021-04-08 13:13:50,197 | numpy_client.py:217 | The client finishes computing after 931 seconds
INFO flower 2021-04-08 13:20:45,058 | numpy_client.py:250 | [32;1m Loss: 92.018, Accuracy: 18.557%[0m
DEBUG flower 2021-04-08 13:20:47,213 | connection.py:68 | Insecure gRPC channel closed
INFO flower 2021-04-08 13:20:47,214 | app.py:74 | Disconnect and shut down
Namespace(idx=28, max_delay=0, min_delay=0, num_clients=31, server_ip='10.244.37.27:8080', staleness_bound=30)
I'm client 28
Start SSP client without delay
Files already downloaded and verified
Files already downloaded and verified
[32;1mClient 28: 667 train samples, 388 test samples[0m
loss=47.690563917160034, acc=0.1636904761904762
loss=47.877761363983154, acc=0.16517857142857142
loss=47.55836057662964, acc=0.17113095238095238
loss=47.245861768722534, acc=0.1800595238095238
loss=46.9381058216095, acc=0.1875
loss=46.63275074958801, acc=0.19047619047619047
loss=46.32759976387024, acc=0.19940476190476192
loss=46.01978015899658, acc=0.20089285714285715
loss=45.70449781417847, acc=0.20238095238095238
loss=45.37492370605469, acc=0.20535714285714285
loss=45.02298879623413, acc=0.21726190476190477
loss=44.636327028274536, acc=0.23511904761904762
loss=44.197080850601196, acc=0.26339285714285715
loss=43.677534341812134, acc=0.28125
loss=43.03530931472778, acc=0.24702380952380953
loss=42.2227019071579, acc=0.2113095238095238
loss=41.217875599861145, acc=0.19642857142857142
loss=40.08411645889282, acc=0.19196428571428573
loss=39.00303030014038, acc=0.19047619047619047
loss=38.12633490562439, acc=0.19047619047619047
loss=37.475836396217346, acc=0.19196428571428573
loss=37.02115607261658, acc=0.20535714285714285
loss=36.70174300670624, acc=0.22767857142857142
loss=36.453787088394165, acc=0.24404761904761904
loss=36.23851025104523, acc=0.2648809523809524
loss=36.037553787231445, acc=0.2916666666666667
loss=35.846394419670105, acc=0.30952380952380953
loss=35.65849149227142, acc=0.3244047619047619
loss=35.46555244922638, acc=0.3392857142857143
loss=35.26277685165405, acc=0.34375
loss=35.04514515399933, acc=0.34970238095238093
loss=34.80872559547424, acc=0.34970238095238093
loss=34.55228662490845, acc=0.34523809523809523
loss=34.28132772445679, acc=0.34672619047619047
loss=33.996349453926086, acc=0.3482142857142857
loss=33.722089529037476, acc=0.35119047619047616
loss=59.55450177192688, acc=0.23363095238095238
loss=44.96444654464722, acc=0.24107142857142858
loss=59.469188928604126, acc=0.23363095238095238
loss=35.34084606170654, acc=0.4017857142857143
loss=77.27290844917297, acc=0.011904761904761904
loss=52.60915160179138, acc=0.2916666666666667
loss=63.140703201293945, acc=0.21726190476190477
loss=45.976988673210144, acc=0.3318452380952381
loss=37.522602677345276, acc=0.375
loss=50.9691424369812, acc=0.2976190476190476
loss=45.14334154129028, acc=0.41964285714285715
loss=67.00091481208801, acc=0.21577380952380953
loss=68.32377886772156, acc=0.16517857142857142
loss=67.23637890815735, acc=0.15476190476190477
loss=49.78558588027954, acc=0.31398809523809523
loss=67.22175788879395, acc=0.15922619047619047
loss=36.94204390048981, acc=0.40327380952380953
loss=67.99433588981628, acc=0.17113095238095238
loss=49.864506244659424, acc=0.3169642857142857
loss=67.98282742500305, acc=0.16517857142857142
loss=65.81331312656403, acc=0.22767857142857142
loss=34.38400340080261, acc=0.46726190476190477
loss=41.3826345205307, acc=0.42857142857142855
loss=65.52873373031616, acc=0.21875
loss=33.10053586959839, acc=0.49107142857142855
loss=65.24439477920532, acc=0.2261904761904762
loss=66.03702688217163, acc=0.21279761904761904
loss=64.90657305717468, acc=0.22916666666666666
loss=32.523828744888306, acc=0.5297619047619048
loss=31.94496977329254, acc=0.47470238095238093
loss=66.21305751800537, acc=0.14732142857142858
loss=63.81416630744934, acc=0.15625
loss=40.25809335708618, acc=0.4375
loss=69.55141806602478, acc=0.1488095238095238
loss=56.05719351768494, acc=0.2604166666666667
loss=36.34260177612305, acc=0.3898809523809524
loss=46.04365146160126, acc=0.36755952380952384
loss=56.17096936702728, acc=0.29017857142857145
loss=45.94029402732849, acc=0.36755952380952384
loss=56.02675747871399, acc=0.2976190476190476
loss=55.99879348278046, acc=0.3005952380952381
loss=42.8499436378479, acc=0.3541666666666667
loss=56.461305379867554, acc=0.18303571428571427
loss=69.16995084285736, acc=0.14583333333333334
loss=69.50815629959106, acc=0.14732142857142858
loss=70.05036556720734, acc=0.15029761904761904
loss=47.31986713409424, acc=0.31547619047619047
loss=54.04094898700714, acc=0.28273809523809523
loss=39.70627760887146, acc=0.34077380952380953
loss=46.54729247093201, acc=0.3169642857142857
loss=59.24892258644104, acc=0.20982142857142858
loss=47.059463024139404, acc=0.3169642857142857
loss=72.36277937889099, acc=0.15922619047619047
loss=55.150288581848145, acc=0.32142857142857145
loss=45.41094779968262, acc=0.28422619047619047
loss=73.99175477027893, acc=0.15773809523809523
loss=74.33327627182007, acc=0.15773809523809523
loss=71.33262801170349, acc=0.14732142857142858
loss=48.404104351997375, acc=0.29910714285714285
loss=39.844255328178406, acc=0.36755952380952384
loss=42.70190095901489, acc=0.3169642857142857
loss=55.04738140106201, acc=0.20982142857142858
loss=53.91409134864807, acc=0.2648809523809524
loss=53.70577418804169, acc=0.29017857142857145
Files already downloaded and verified
Files already downloaded and verified
Testing on full test set: 313, 1998.7556059360504, 0.309
Testing on partial test set: 13, 92.01827192306519, 0.18556701030927836
