DEBUG flower 2021-04-08 12:58:14,936 | connection.py:36 | ChannelConnectivity.IDLE
INFO flower 2021-04-08 12:58:14,937 | app.py:63 | Opened (insecure) gRPC connection
DEBUG flower 2021-04-08 12:58:14,938 | connection.py:36 | ChannelConnectivity.READY
DEBUG flower 2021-04-08 12:58:19,114 | numpy_client.py:172 | fit, FitIns(clock=0)
INFO flower 2021-04-08 12:58:19,114 | numpy_client.py:184 | Cache is stale, return ReadIns
DEBUG flower 2021-04-08 12:58:19,220 | numpy_client.py:228 | read: ReadRes(clock=-1)
DEBUG flower 2021-04-08 12:58:19,236 | numpy_client.py:172 | fit, FitIns(clock=0)
DEBUG flower 2021-04-08 12:58:19,236 | numpy_client.py:260 | cached_clock: -1, curr_clock: 0
DEBUG flower 2021-04-08 12:58:20,048 | model_wrapper.py:21 | Load existing initial model
INFO flower 2021-04-08 12:58:20,051 | numpy_client.py:205 | Cache is fresh, return FitRes(clock=0)
DEBUG flower 2021-04-08 12:58:20,127 | numpy_client.py:172 | fit, FitIns(clock=1)
DEBUG flower 2021-04-08 12:58:20,127 | numpy_client.py:260 | cached_clock: -1, curr_clock: 1
INFO flower 2021-04-08 12:58:20,934 | numpy_client.py:205 | Cache is fresh, return FitRes(clock=1)
DEBUG flower 2021-04-08 12:58:20,962 | numpy_client.py:172 | fit, FitIns(clock=2)
DEBUG flower 2021-04-08 12:58:20,962 | numpy_client.py:260 | cached_clock: -1, curr_clock: 2
INFO flower 2021-04-08 12:58:21,835 | numpy_client.py:205 | Cache is fresh, return FitRes(clock=2)
DEBUG flower 2021-04-08 12:58:21,856 | numpy_client.py:172 | fit, FitIns(clock=3)
DEBUG flower 2021-04-08 12:58:21,856 | numpy_client.py:260 | cached_clock: -1, curr_clock: 3
INFO flower 2021-04-08 12:58:22,745 | numpy_client.py:205 | Cache is fresh, return FitRes(clock=3)
DEBUG flower 2021-04-08 12:58:22,767 | numpy_client.py:172 | fit, FitIns(clock=4)
DEBUG flower 2021-04-08 12:58:22,767 | numpy_client.py:260 | cached_clock: -1, curr_clock: 4
INFO flower 2021-04-08 12:58:23,618 | numpy_client.py:205 | Cache is fresh, return FitRes(clock=4)
DEBUG flower 2021-04-08 12:58:23,653 | numpy_client.py:172 | fit, FitIns(clock=5)
DEBUG flower 2021-04-08 12:58:23,653 | numpy_client.py:260 | cached_clock: -1, curr_clock: 5
INFO flower 2021-04-08 12:58:24,513 | numpy_client.py:205 | Cache is fresh, return FitRes(clock=5)
DEBUG flower 2021-04-08 12:58:32,581 | numpy_client.py:172 | fit, FitIns(clock=6)
DEBUG flower 2021-04-08 12:58:32,581 | numpy_client.py:260 | cached_clock: -1, curr_clock: 6
INFO flower 2021-04-08 12:58:33,437 | numpy_client.py:205 | Cache is fresh, return FitRes(clock=6)
DEBUG flower 2021-04-08 12:58:33,459 | numpy_client.py:172 | fit, FitIns(clock=7)
DEBUG flower 2021-04-08 12:58:33,459 | numpy_client.py:260 | cached_clock: -1, curr_clock: 7
INFO flower 2021-04-08 12:58:34,335 | numpy_client.py:205 | Cache is fresh, return FitRes(clock=7)
DEBUG flower 2021-04-08 12:58:34,356 | numpy_client.py:172 | fit, FitIns(clock=8)
DEBUG flower 2021-04-08 12:58:34,356 | numpy_client.py:260 | cached_clock: -1, curr_clock: 8
INFO flower 2021-04-08 12:58:35,213 | numpy_client.py:205 | Cache is fresh, return FitRes(clock=8)
DEBUG flower 2021-04-08 12:58:35,237 | numpy_client.py:172 | fit, FitIns(clock=9)
DEBUG flower 2021-04-08 12:58:35,238 | numpy_client.py:260 | cached_clock: -1, curr_clock: 9
INFO flower 2021-04-08 12:58:36,114 | numpy_client.py:205 | Cache is fresh, return FitRes(clock=9)
DEBUG flower 2021-04-08 12:58:36,137 | numpy_client.py:172 | fit, FitIns(clock=10)
DEBUG flower 2021-04-08 12:58:36,137 | numpy_client.py:260 | cached_clock: -1, curr_clock: 10
INFO flower 2021-04-08 12:58:36,933 | numpy_client.py:205 | Cache is fresh, return FitRes(clock=10)
DEBUG flower 2021-04-08 12:58:36,959 | numpy_client.py:172 | fit, FitIns(clock=11)
DEBUG flower 2021-04-08 12:58:36,959 | numpy_client.py:260 | cached_clock: -1, curr_clock: 11
INFO flower 2021-04-08 12:58:37,825 | numpy_client.py:205 | Cache is fresh, return FitRes(clock=11)
DEBUG flower 2021-04-08 12:58:45,906 | numpy_client.py:172 | fit, FitIns(clock=12)
DEBUG flower 2021-04-08 12:58:45,906 | numpy_client.py:260 | cached_clock: -1, curr_clock: 12
INFO flower 2021-04-08 12:58:46,738 | numpy_client.py:205 | Cache is fresh, return FitRes(clock=12)
DEBUG flower 2021-04-08 12:58:46,791 | numpy_client.py:172 | fit, FitIns(clock=13)
DEBUG flower 2021-04-08 12:58:46,791 | numpy_client.py:260 | cached_clock: -1, curr_clock: 13
INFO flower 2021-04-08 12:58:47,635 | numpy_client.py:205 | Cache is fresh, return FitRes(clock=13)
DEBUG flower 2021-04-08 12:58:47,656 | numpy_client.py:172 | fit, FitIns(clock=14)
DEBUG flower 2021-04-08 12:58:47,656 | numpy_client.py:260 | cached_clock: -1, curr_clock: 14
INFO flower 2021-04-08 12:58:48,511 | numpy_client.py:205 | Cache is fresh, return FitRes(clock=14)
DEBUG flower 2021-04-08 12:58:48,532 | numpy_client.py:172 | fit, FitIns(clock=15)
DEBUG flower 2021-04-08 12:58:48,532 | numpy_client.py:260 | cached_clock: -1, curr_clock: 15
INFO flower 2021-04-08 12:58:49,407 | numpy_client.py:205 | Cache is fresh, return FitRes(clock=15)
DEBUG flower 2021-04-08 12:58:49,429 | numpy_client.py:172 | fit, FitIns(clock=16)
DEBUG flower 2021-04-08 12:58:49,430 | numpy_client.py:260 | cached_clock: -1, curr_clock: 16
INFO flower 2021-04-08 12:58:50,337 | numpy_client.py:205 | Cache is fresh, return FitRes(clock=16)
DEBUG flower 2021-04-08 12:58:59,425 | numpy_client.py:172 | fit, FitIns(clock=17)
DEBUG flower 2021-04-08 12:58:59,425 | numpy_client.py:260 | cached_clock: -1, curr_clock: 17
INFO flower 2021-04-08 12:59:00,334 | numpy_client.py:205 | Cache is fresh, return FitRes(clock=17)
DEBUG flower 2021-04-08 12:59:00,356 | numpy_client.py:172 | fit, FitIns(clock=18)
DEBUG flower 2021-04-08 12:59:00,356 | numpy_client.py:260 | cached_clock: -1, curr_clock: 18
INFO flower 2021-04-08 12:59:01,233 | numpy_client.py:205 | Cache is fresh, return FitRes(clock=18)
DEBUG flower 2021-04-08 12:59:01,255 | numpy_client.py:172 | fit, FitIns(clock=19)
DEBUG flower 2021-04-08 12:59:01,255 | numpy_client.py:260 | cached_clock: -1, curr_clock: 19
INFO flower 2021-04-08 12:59:02,139 | numpy_client.py:205 | Cache is fresh, return FitRes(clock=19)
DEBUG flower 2021-04-08 12:59:02,156 | numpy_client.py:172 | fit, FitIns(clock=20)
DEBUG flower 2021-04-08 12:59:02,156 | numpy_client.py:260 | cached_clock: -1, curr_clock: 20
INFO flower 2021-04-08 12:59:03,036 | numpy_client.py:205 | Cache is fresh, return FitRes(clock=20)
DEBUG flower 2021-04-08 12:59:03,104 | numpy_client.py:172 | fit, FitIns(clock=21)
DEBUG flower 2021-04-08 12:59:03,104 | numpy_client.py:260 | cached_clock: -1, curr_clock: 21
INFO flower 2021-04-08 12:59:03,934 | numpy_client.py:205 | Cache is fresh, return FitRes(clock=21)
DEBUG flower 2021-04-08 12:59:03,956 | numpy_client.py:172 | fit, FitIns(clock=22)
DEBUG flower 2021-04-08 12:59:03,956 | numpy_client.py:260 | cached_clock: -1, curr_clock: 22
INFO flower 2021-04-08 12:59:04,814 | numpy_client.py:205 | Cache is fresh, return FitRes(clock=22)
DEBUG flower 2021-04-08 12:59:13,323 | numpy_client.py:172 | fit, FitIns(clock=23)
DEBUG flower 2021-04-08 12:59:13,323 | numpy_client.py:260 | cached_clock: -1, curr_clock: 23
INFO flower 2021-04-08 12:59:14,235 | numpy_client.py:205 | Cache is fresh, return FitRes(clock=23)
DEBUG flower 2021-04-08 12:59:14,258 | numpy_client.py:172 | fit, FitIns(clock=24)
DEBUG flower 2021-04-08 12:59:14,258 | numpy_client.py:260 | cached_clock: -1, curr_clock: 24
INFO flower 2021-04-08 12:59:15,040 | numpy_client.py:205 | Cache is fresh, return FitRes(clock=24)
DEBUG flower 2021-04-08 12:59:15,063 | numpy_client.py:172 | fit, FitIns(clock=25)
DEBUG flower 2021-04-08 12:59:15,064 | numpy_client.py:260 | cached_clock: -1, curr_clock: 25
INFO flower 2021-04-08 12:59:15,839 | numpy_client.py:205 | Cache is fresh, return FitRes(clock=25)
DEBUG flower 2021-04-08 12:59:15,862 | numpy_client.py:172 | fit, FitIns(clock=26)
DEBUG flower 2021-04-08 12:59:15,862 | numpy_client.py:260 | cached_clock: -1, curr_clock: 26
INFO flower 2021-04-08 12:59:16,711 | numpy_client.py:205 | Cache is fresh, return FitRes(clock=26)
DEBUG flower 2021-04-08 12:59:16,744 | numpy_client.py:172 | fit, FitIns(clock=27)
DEBUG flower 2021-04-08 12:59:16,744 | numpy_client.py:260 | cached_clock: -1, curr_clock: 27
INFO flower 2021-04-08 12:59:17,533 | numpy_client.py:205 | Cache is fresh, return FitRes(clock=27)
DEBUG flower 2021-04-08 12:59:17,570 | numpy_client.py:172 | fit, FitIns(clock=28)
DEBUG flower 2021-04-08 12:59:17,570 | numpy_client.py:260 | cached_clock: -1, curr_clock: 28
INFO flower 2021-04-08 12:59:18,435 | numpy_client.py:205 | Cache is fresh, return FitRes(clock=28)
DEBUG flower 2021-04-08 12:59:26,382 | numpy_client.py:172 | fit, FitIns(clock=29)
DEBUG flower 2021-04-08 12:59:26,382 | numpy_client.py:260 | cached_clock: -1, curr_clock: 29
INFO flower 2021-04-08 12:59:27,236 | numpy_client.py:205 | Cache is fresh, return FitRes(clock=29)
DEBUG flower 2021-04-08 12:59:27,258 | numpy_client.py:172 | fit, FitIns(clock=30)
DEBUG flower 2021-04-08 12:59:27,258 | numpy_client.py:260 | cached_clock: -1, curr_clock: 30
INFO flower 2021-04-08 12:59:27,258 | numpy_client.py:184 | Cache is stale, return ReadIns
DEBUG flower 2021-04-08 12:59:27,272 | numpy_client.py:228 | read: ReadRes(clock=4)
DEBUG flower 2021-04-08 12:59:27,278 | numpy_client.py:172 | fit, FitIns(clock=30)
DEBUG flower 2021-04-08 12:59:27,278 | numpy_client.py:260 | cached_clock: 4, curr_clock: 30
INFO flower 2021-04-08 12:59:28,146 | numpy_client.py:205 | Cache is fresh, return FitRes(clock=30)
DEBUG flower 2021-04-08 12:59:28,168 | numpy_client.py:172 | fit, FitIns(clock=31)
DEBUG flower 2021-04-08 12:59:28,168 | numpy_client.py:260 | cached_clock: 4, curr_clock: 31
INFO flower 2021-04-08 12:59:29,031 | numpy_client.py:205 | Cache is fresh, return FitRes(clock=31)
DEBUG flower 2021-04-08 12:59:29,053 | numpy_client.py:172 | fit, FitIns(clock=32)
DEBUG flower 2021-04-08 12:59:29,053 | numpy_client.py:260 | cached_clock: 4, curr_clock: 32
INFO flower 2021-04-08 12:59:29,846 | numpy_client.py:205 | Cache is fresh, return FitRes(clock=32)
DEBUG flower 2021-04-08 12:59:29,907 | numpy_client.py:172 | fit, FitIns(clock=33)
DEBUG flower 2021-04-08 12:59:29,907 | numpy_client.py:260 | cached_clock: 4, curr_clock: 33
INFO flower 2021-04-08 12:59:30,814 | numpy_client.py:205 | Cache is fresh, return FitRes(clock=33)
DEBUG flower 2021-04-08 12:59:39,480 | numpy_client.py:172 | fit, FitIns(clock=34)
DEBUG flower 2021-04-08 12:59:39,481 | numpy_client.py:260 | cached_clock: 4, curr_clock: 34
INFO flower 2021-04-08 12:59:40,244 | numpy_client.py:205 | Cache is fresh, return FitRes(clock=34)
DEBUG flower 2021-04-08 12:59:40,265 | numpy_client.py:172 | fit, FitIns(clock=35)
DEBUG flower 2021-04-08 12:59:40,265 | numpy_client.py:260 | cached_clock: 4, curr_clock: 35
INFO flower 2021-04-08 12:59:40,265 | numpy_client.py:184 | Cache is stale, return ReadIns
DEBUG flower 2021-04-08 12:59:40,278 | numpy_client.py:228 | read: ReadRes(clock=5)
DEBUG flower 2021-04-08 12:59:40,285 | numpy_client.py:172 | fit, FitIns(clock=35)
DEBUG flower 2021-04-08 12:59:40,285 | numpy_client.py:260 | cached_clock: 5, curr_clock: 35
INFO flower 2021-04-08 12:59:41,054 | numpy_client.py:205 | Cache is fresh, return FitRes(clock=35)
DEBUG flower 2021-04-08 12:59:41,125 | numpy_client.py:172 | fit, FitIns(clock=36)
DEBUG flower 2021-04-08 12:59:41,125 | numpy_client.py:260 | cached_clock: 5, curr_clock: 36
INFO flower 2021-04-08 12:59:41,125 | numpy_client.py:184 | Cache is stale, return ReadIns
DEBUG flower 2021-04-08 12:59:43,685 | numpy_client.py:228 | read: ReadRes(clock=6)
DEBUG flower 2021-04-08 12:59:43,692 | numpy_client.py:172 | fit, FitIns(clock=36)
DEBUG flower 2021-04-08 12:59:43,692 | numpy_client.py:260 | cached_clock: 6, curr_clock: 36
INFO flower 2021-04-08 12:59:44,534 | numpy_client.py:205 | Cache is fresh, return FitRes(clock=36)
DEBUG flower 2021-04-08 12:59:52,622 | numpy_client.py:172 | fit, FitIns(clock=37)
DEBUG flower 2021-04-08 12:59:52,623 | numpy_client.py:260 | cached_clock: 6, curr_clock: 37
INFO flower 2021-04-08 12:59:52,623 | numpy_client.py:184 | Cache is stale, return ReadIns
DEBUG flower 2021-04-08 12:59:56,847 | numpy_client.py:228 | read: ReadRes(clock=7)
DEBUG flower 2021-04-08 12:59:56,854 | numpy_client.py:172 | fit, FitIns(clock=37)
DEBUG flower 2021-04-08 12:59:56,854 | numpy_client.py:260 | cached_clock: 7, curr_clock: 37
INFO flower 2021-04-08 12:59:57,653 | numpy_client.py:205 | Cache is fresh, return FitRes(clock=37)
DEBUG flower 2021-04-08 13:00:05,728 | numpy_client.py:172 | fit, FitIns(clock=38)
DEBUG flower 2021-04-08 13:00:05,729 | numpy_client.py:260 | cached_clock: 7, curr_clock: 38
INFO flower 2021-04-08 13:00:05,729 | numpy_client.py:184 | Cache is stale, return ReadIns
DEBUG flower 2021-04-08 13:00:10,050 | numpy_client.py:228 | read: ReadRes(clock=8)
DEBUG flower 2021-04-08 13:00:10,057 | numpy_client.py:172 | fit, FitIns(clock=38)
DEBUG flower 2021-04-08 13:00:10,057 | numpy_client.py:260 | cached_clock: 8, curr_clock: 38
INFO flower 2021-04-08 13:00:10,948 | numpy_client.py:205 | Cache is fresh, return FitRes(clock=38)
DEBUG flower 2021-04-08 13:00:18,868 | numpy_client.py:172 | fit, FitIns(clock=39)
DEBUG flower 2021-04-08 13:00:18,868 | numpy_client.py:260 | cached_clock: 8, curr_clock: 39
INFO flower 2021-04-08 13:00:18,868 | numpy_client.py:184 | Cache is stale, return ReadIns
DEBUG flower 2021-04-08 13:00:23,060 | numpy_client.py:228 | read: ReadRes(clock=9)
DEBUG flower 2021-04-08 13:00:23,067 | numpy_client.py:172 | fit, FitIns(clock=39)
DEBUG flower 2021-04-08 13:00:23,067 | numpy_client.py:260 | cached_clock: 9, curr_clock: 39
INFO flower 2021-04-08 13:00:23,937 | numpy_client.py:205 | Cache is fresh, return FitRes(clock=39)
DEBUG flower 2021-04-08 13:00:31,910 | numpy_client.py:172 | fit, FitIns(clock=40)
DEBUG flower 2021-04-08 13:00:31,910 | numpy_client.py:260 | cached_clock: 9, curr_clock: 40
INFO flower 2021-04-08 13:00:31,911 | numpy_client.py:184 | Cache is stale, return ReadIns
DEBUG flower 2021-04-08 13:00:36,206 | numpy_client.py:228 | read: ReadRes(clock=10)
DEBUG flower 2021-04-08 13:00:36,213 | numpy_client.py:172 | fit, FitIns(clock=40)
DEBUG flower 2021-04-08 13:00:36,213 | numpy_client.py:260 | cached_clock: 10, curr_clock: 40
INFO flower 2021-04-08 13:00:37,037 | numpy_client.py:205 | Cache is fresh, return FitRes(clock=40)
DEBUG flower 2021-04-08 13:00:45,001 | numpy_client.py:172 | fit, FitIns(clock=41)
DEBUG flower 2021-04-08 13:00:45,002 | numpy_client.py:260 | cached_clock: 10, curr_clock: 41
INFO flower 2021-04-08 13:00:45,002 | numpy_client.py:184 | Cache is stale, return ReadIns
DEBUG flower 2021-04-08 13:00:49,403 | numpy_client.py:228 | read: ReadRes(clock=11)
DEBUG flower 2021-04-08 13:00:49,410 | numpy_client.py:172 | fit, FitIns(clock=41)
DEBUG flower 2021-04-08 13:00:49,410 | numpy_client.py:260 | cached_clock: 11, curr_clock: 41
INFO flower 2021-04-08 13:00:50,213 | numpy_client.py:205 | Cache is fresh, return FitRes(clock=41)
DEBUG flower 2021-04-08 13:00:58,353 | numpy_client.py:172 | fit, FitIns(clock=42)
DEBUG flower 2021-04-08 13:00:58,354 | numpy_client.py:260 | cached_clock: 11, curr_clock: 42
INFO flower 2021-04-08 13:00:58,354 | numpy_client.py:184 | Cache is stale, return ReadIns
DEBUG flower 2021-04-08 13:01:02,658 | numpy_client.py:228 | read: ReadRes(clock=12)
DEBUG flower 2021-04-08 13:01:02,665 | numpy_client.py:172 | fit, FitIns(clock=42)
DEBUG flower 2021-04-08 13:01:02,665 | numpy_client.py:260 | cached_clock: 12, curr_clock: 42
INFO flower 2021-04-08 13:01:03,450 | numpy_client.py:205 | Cache is fresh, return FitRes(clock=42)
DEBUG flower 2021-04-08 13:01:11,485 | numpy_client.py:172 | fit, FitIns(clock=43)
DEBUG flower 2021-04-08 13:01:11,485 | numpy_client.py:260 | cached_clock: 12, curr_clock: 43
INFO flower 2021-04-08 13:01:11,486 | numpy_client.py:184 | Cache is stale, return ReadIns
DEBUG flower 2021-04-08 13:01:16,076 | numpy_client.py:228 | read: ReadRes(clock=13)
DEBUG flower 2021-04-08 13:01:16,082 | numpy_client.py:172 | fit, FitIns(clock=43)
DEBUG flower 2021-04-08 13:01:16,082 | numpy_client.py:260 | cached_clock: 13, curr_clock: 43
INFO flower 2021-04-08 13:01:16,947 | numpy_client.py:205 | Cache is fresh, return FitRes(clock=43)
DEBUG flower 2021-04-08 13:01:25,212 | numpy_client.py:172 | fit, FitIns(clock=44)
DEBUG flower 2021-04-08 13:01:25,212 | numpy_client.py:260 | cached_clock: 13, curr_clock: 44
INFO flower 2021-04-08 13:01:25,212 | numpy_client.py:184 | Cache is stale, return ReadIns
DEBUG flower 2021-04-08 13:01:29,478 | numpy_client.py:228 | read: ReadRes(clock=14)
DEBUG flower 2021-04-08 13:01:29,485 | numpy_client.py:172 | fit, FitIns(clock=44)
DEBUG flower 2021-04-08 13:01:29,485 | numpy_client.py:260 | cached_clock: 14, curr_clock: 44
INFO flower 2021-04-08 13:01:30,334 | numpy_client.py:205 | Cache is fresh, return FitRes(clock=44)
DEBUG flower 2021-04-08 13:01:38,618 | numpy_client.py:172 | fit, FitIns(clock=45)
DEBUG flower 2021-04-08 13:01:38,619 | numpy_client.py:260 | cached_clock: 14, curr_clock: 45
INFO flower 2021-04-08 13:01:38,619 | numpy_client.py:184 | Cache is stale, return ReadIns
DEBUG flower 2021-04-08 13:01:42,708 | numpy_client.py:228 | read: ReadRes(clock=15)
DEBUG flower 2021-04-08 13:01:42,715 | numpy_client.py:172 | fit, FitIns(clock=45)
DEBUG flower 2021-04-08 13:01:42,715 | numpy_client.py:260 | cached_clock: 15, curr_clock: 45
INFO flower 2021-04-08 13:01:43,606 | numpy_client.py:205 | Cache is fresh, return FitRes(clock=45)
DEBUG flower 2021-04-08 13:01:51,833 | numpy_client.py:172 | fit, FitIns(clock=46)
DEBUG flower 2021-04-08 13:01:51,833 | numpy_client.py:260 | cached_clock: 15, curr_clock: 46
INFO flower 2021-04-08 13:01:51,833 | numpy_client.py:184 | Cache is stale, return ReadIns
DEBUG flower 2021-04-08 13:01:56,073 | numpy_client.py:228 | read: ReadRes(clock=16)
DEBUG flower 2021-04-08 13:01:56,080 | numpy_client.py:172 | fit, FitIns(clock=46)
DEBUG flower 2021-04-08 13:01:56,080 | numpy_client.py:260 | cached_clock: 16, curr_clock: 46
INFO flower 2021-04-08 13:01:56,912 | numpy_client.py:205 | Cache is fresh, return FitRes(clock=46)
DEBUG flower 2021-04-08 13:02:04,707 | numpy_client.py:172 | fit, FitIns(clock=47)
DEBUG flower 2021-04-08 13:02:04,708 | numpy_client.py:260 | cached_clock: 16, curr_clock: 47
INFO flower 2021-04-08 13:02:04,708 | numpy_client.py:184 | Cache is stale, return ReadIns
DEBUG flower 2021-04-08 13:02:09,006 | numpy_client.py:228 | read: ReadRes(clock=17)
DEBUG flower 2021-04-08 13:02:09,013 | numpy_client.py:172 | fit, FitIns(clock=47)
DEBUG flower 2021-04-08 13:02:09,013 | numpy_client.py:260 | cached_clock: 17, curr_clock: 47
INFO flower 2021-04-08 13:02:10,011 | numpy_client.py:205 | Cache is fresh, return FitRes(clock=47)
DEBUG flower 2021-04-08 13:02:17,876 | numpy_client.py:172 | fit, FitIns(clock=48)
DEBUG flower 2021-04-08 13:02:17,876 | numpy_client.py:260 | cached_clock: 17, curr_clock: 48
INFO flower 2021-04-08 13:02:17,876 | numpy_client.py:184 | Cache is stale, return ReadIns
DEBUG flower 2021-04-08 13:02:22,059 | numpy_client.py:228 | read: ReadRes(clock=18)
DEBUG flower 2021-04-08 13:02:22,066 | numpy_client.py:172 | fit, FitIns(clock=48)
DEBUG flower 2021-04-08 13:02:22,066 | numpy_client.py:260 | cached_clock: 18, curr_clock: 48
INFO flower 2021-04-08 13:02:22,935 | numpy_client.py:205 | Cache is fresh, return FitRes(clock=48)
DEBUG flower 2021-04-08 13:02:31,036 | numpy_client.py:172 | fit, FitIns(clock=49)
DEBUG flower 2021-04-08 13:02:31,036 | numpy_client.py:260 | cached_clock: 18, curr_clock: 49
INFO flower 2021-04-08 13:02:31,037 | numpy_client.py:184 | Cache is stale, return ReadIns
DEBUG flower 2021-04-08 13:02:35,529 | numpy_client.py:228 | read: ReadRes(clock=19)
DEBUG flower 2021-04-08 13:02:35,536 | numpy_client.py:172 | fit, FitIns(clock=49)
DEBUG flower 2021-04-08 13:02:35,536 | numpy_client.py:260 | cached_clock: 19, curr_clock: 49
INFO flower 2021-04-08 13:02:36,421 | numpy_client.py:205 | Cache is fresh, return FitRes(clock=49)
DEBUG flower 2021-04-08 13:02:44,361 | numpy_client.py:172 | fit, FitIns(clock=50)
DEBUG flower 2021-04-08 13:02:44,361 | numpy_client.py:260 | cached_clock: 19, curr_clock: 50
INFO flower 2021-04-08 13:02:44,361 | numpy_client.py:184 | Cache is stale, return ReadIns
DEBUG flower 2021-04-08 13:02:48,807 | numpy_client.py:228 | read: ReadRes(clock=20)
DEBUG flower 2021-04-08 13:02:48,814 | numpy_client.py:172 | fit, FitIns(clock=50)
DEBUG flower 2021-04-08 13:02:48,814 | numpy_client.py:260 | cached_clock: 20, curr_clock: 50
INFO flower 2021-04-08 13:02:49,616 | numpy_client.py:205 | Cache is fresh, return FitRes(clock=50)
DEBUG flower 2021-04-08 13:02:57,201 | numpy_client.py:172 | fit, FitIns(clock=51)
DEBUG flower 2021-04-08 13:02:57,201 | numpy_client.py:260 | cached_clock: 20, curr_clock: 51
INFO flower 2021-04-08 13:02:57,201 | numpy_client.py:184 | Cache is stale, return ReadIns
DEBUG flower 2021-04-08 13:03:01,832 | numpy_client.py:228 | read: ReadRes(clock=21)
DEBUG flower 2021-04-08 13:03:01,839 | numpy_client.py:172 | fit, FitIns(clock=51)
DEBUG flower 2021-04-08 13:03:01,839 | numpy_client.py:260 | cached_clock: 21, curr_clock: 51
INFO flower 2021-04-08 13:03:02,615 | numpy_client.py:205 | Cache is fresh, return FitRes(clock=51)
DEBUG flower 2021-04-08 13:03:10,865 | numpy_client.py:172 | fit, FitIns(clock=52)
DEBUG flower 2021-04-08 13:03:10,865 | numpy_client.py:260 | cached_clock: 21, curr_clock: 52
INFO flower 2021-04-08 13:03:10,865 | numpy_client.py:184 | Cache is stale, return ReadIns
DEBUG flower 2021-04-08 13:03:15,136 | numpy_client.py:228 | read: ReadRes(clock=22)
DEBUG flower 2021-04-08 13:03:15,143 | numpy_client.py:172 | fit, FitIns(clock=52)
DEBUG flower 2021-04-08 13:03:15,143 | numpy_client.py:260 | cached_clock: 22, curr_clock: 52
INFO flower 2021-04-08 13:03:16,011 | numpy_client.py:205 | Cache is fresh, return FitRes(clock=52)
DEBUG flower 2021-04-08 13:03:24,152 | numpy_client.py:172 | fit, FitIns(clock=53)
DEBUG flower 2021-04-08 13:03:24,152 | numpy_client.py:260 | cached_clock: 22, curr_clock: 53
INFO flower 2021-04-08 13:03:24,152 | numpy_client.py:184 | Cache is stale, return ReadIns
DEBUG flower 2021-04-08 13:03:28,298 | numpy_client.py:228 | read: ReadRes(clock=23)
DEBUG flower 2021-04-08 13:03:28,305 | numpy_client.py:172 | fit, FitIns(clock=53)
DEBUG flower 2021-04-08 13:03:28,305 | numpy_client.py:260 | cached_clock: 23, curr_clock: 53
INFO flower 2021-04-08 13:03:29,105 | numpy_client.py:205 | Cache is fresh, return FitRes(clock=53)
DEBUG flower 2021-04-08 13:03:38,412 | numpy_client.py:172 | fit, FitIns(clock=54)
DEBUG flower 2021-04-08 13:03:38,412 | numpy_client.py:260 | cached_clock: 23, curr_clock: 54
INFO flower 2021-04-08 13:03:38,412 | numpy_client.py:184 | Cache is stale, return ReadIns
DEBUG flower 2021-04-08 13:03:42,725 | numpy_client.py:228 | read: ReadRes(clock=24)
DEBUG flower 2021-04-08 13:03:42,732 | numpy_client.py:172 | fit, FitIns(clock=54)
DEBUG flower 2021-04-08 13:03:42,732 | numpy_client.py:260 | cached_clock: 24, curr_clock: 54
INFO flower 2021-04-08 13:03:43,510 | numpy_client.py:205 | Cache is fresh, return FitRes(clock=54)
DEBUG flower 2021-04-08 13:03:51,830 | numpy_client.py:172 | fit, FitIns(clock=55)
DEBUG flower 2021-04-08 13:03:51,830 | numpy_client.py:260 | cached_clock: 24, curr_clock: 55
INFO flower 2021-04-08 13:03:51,830 | numpy_client.py:184 | Cache is stale, return ReadIns
DEBUG flower 2021-04-08 13:03:56,046 | numpy_client.py:228 | read: ReadRes(clock=25)
DEBUG flower 2021-04-08 13:03:56,053 | numpy_client.py:172 | fit, FitIns(clock=55)
DEBUG flower 2021-04-08 13:03:56,053 | numpy_client.py:260 | cached_clock: 25, curr_clock: 55
INFO flower 2021-04-08 13:03:56,936 | numpy_client.py:205 | Cache is fresh, return FitRes(clock=55)
DEBUG flower 2021-04-08 13:04:05,113 | numpy_client.py:172 | fit, FitIns(clock=56)
DEBUG flower 2021-04-08 13:04:05,113 | numpy_client.py:260 | cached_clock: 25, curr_clock: 56
INFO flower 2021-04-08 13:04:05,113 | numpy_client.py:184 | Cache is stale, return ReadIns
DEBUG flower 2021-04-08 13:04:09,606 | numpy_client.py:228 | read: ReadRes(clock=26)
DEBUG flower 2021-04-08 13:04:09,613 | numpy_client.py:172 | fit, FitIns(clock=56)
DEBUG flower 2021-04-08 13:04:09,614 | numpy_client.py:260 | cached_clock: 26, curr_clock: 56
INFO flower 2021-04-08 13:04:10,611 | numpy_client.py:205 | Cache is fresh, return FitRes(clock=56)
DEBUG flower 2021-04-08 13:04:18,776 | numpy_client.py:172 | fit, FitIns(clock=57)
DEBUG flower 2021-04-08 13:04:18,777 | numpy_client.py:260 | cached_clock: 26, curr_clock: 57
INFO flower 2021-04-08 13:04:18,777 | numpy_client.py:184 | Cache is stale, return ReadIns
DEBUG flower 2021-04-08 13:04:23,027 | numpy_client.py:228 | read: ReadRes(clock=27)
DEBUG flower 2021-04-08 13:04:23,034 | numpy_client.py:172 | fit, FitIns(clock=57)
DEBUG flower 2021-04-08 13:04:23,035 | numpy_client.py:260 | cached_clock: 27, curr_clock: 57
INFO flower 2021-04-08 13:04:23,841 | numpy_client.py:205 | Cache is fresh, return FitRes(clock=57)
DEBUG flower 2021-04-08 13:04:31,582 | numpy_client.py:172 | fit, FitIns(clock=58)
DEBUG flower 2021-04-08 13:04:31,583 | numpy_client.py:260 | cached_clock: 27, curr_clock: 58
INFO flower 2021-04-08 13:04:31,583 | numpy_client.py:184 | Cache is stale, return ReadIns
DEBUG flower 2021-04-08 13:04:35,783 | numpy_client.py:228 | read: ReadRes(clock=28)
DEBUG flower 2021-04-08 13:04:35,790 | numpy_client.py:172 | fit, FitIns(clock=58)
DEBUG flower 2021-04-08 13:04:35,790 | numpy_client.py:260 | cached_clock: 28, curr_clock: 58
INFO flower 2021-04-08 13:04:36,635 | numpy_client.py:205 | Cache is fresh, return FitRes(clock=58)
DEBUG flower 2021-04-08 13:04:44,753 | numpy_client.py:172 | fit, FitIns(clock=59)
DEBUG flower 2021-04-08 13:04:44,754 | numpy_client.py:260 | cached_clock: 28, curr_clock: 59
INFO flower 2021-04-08 13:04:44,754 | numpy_client.py:184 | Cache is stale, return ReadIns
DEBUG flower 2021-04-08 13:04:49,219 | numpy_client.py:228 | read: ReadRes(clock=29)
DEBUG flower 2021-04-08 13:04:49,226 | numpy_client.py:172 | fit, FitIns(clock=59)
DEBUG flower 2021-04-08 13:04:49,226 | numpy_client.py:260 | cached_clock: 29, curr_clock: 59
INFO flower 2021-04-08 13:04:50,045 | numpy_client.py:205 | Cache is fresh, return FitRes(clock=59)
DEBUG flower 2021-04-08 13:04:58,103 | numpy_client.py:172 | fit, FitIns(clock=60)
DEBUG flower 2021-04-08 13:04:58,103 | numpy_client.py:260 | cached_clock: 29, curr_clock: 60
INFO flower 2021-04-08 13:04:58,103 | numpy_client.py:184 | Cache is stale, return ReadIns
DEBUG flower 2021-04-08 13:05:02,682 | numpy_client.py:228 | read: ReadRes(clock=30)
DEBUG flower 2021-04-08 13:05:02,689 | numpy_client.py:172 | fit, FitIns(clock=60)
DEBUG flower 2021-04-08 13:05:02,689 | numpy_client.py:260 | cached_clock: 30, curr_clock: 60
INFO flower 2021-04-08 13:05:03,535 | numpy_client.py:205 | Cache is fresh, return FitRes(clock=60)
DEBUG flower 2021-04-08 13:05:11,999 | numpy_client.py:172 | fit, FitIns(clock=61)
DEBUG flower 2021-04-08 13:05:11,999 | numpy_client.py:260 | cached_clock: 30, curr_clock: 61
INFO flower 2021-04-08 13:05:11,999 | numpy_client.py:184 | Cache is stale, return ReadIns
DEBUG flower 2021-04-08 13:05:16,600 | numpy_client.py:228 | read: ReadRes(clock=31)
DEBUG flower 2021-04-08 13:05:16,607 | numpy_client.py:172 | fit, FitIns(clock=61)
DEBUG flower 2021-04-08 13:05:16,607 | numpy_client.py:260 | cached_clock: 31, curr_clock: 61
INFO flower 2021-04-08 13:05:17,416 | numpy_client.py:205 | Cache is fresh, return FitRes(clock=61)
DEBUG flower 2021-04-08 13:05:25,472 | numpy_client.py:172 | fit, FitIns(clock=62)
DEBUG flower 2021-04-08 13:05:25,472 | numpy_client.py:260 | cached_clock: 31, curr_clock: 62
INFO flower 2021-04-08 13:05:25,472 | numpy_client.py:184 | Cache is stale, return ReadIns
DEBUG flower 2021-04-08 13:05:30,112 | numpy_client.py:228 | read: ReadRes(clock=32)
DEBUG flower 2021-04-08 13:05:30,119 | numpy_client.py:172 | fit, FitIns(clock=62)
DEBUG flower 2021-04-08 13:05:30,119 | numpy_client.py:260 | cached_clock: 32, curr_clock: 62
INFO flower 2021-04-08 13:05:30,953 | numpy_client.py:205 | Cache is fresh, return FitRes(clock=62)
DEBUG flower 2021-04-08 13:05:38,618 | numpy_client.py:172 | fit, FitIns(clock=63)
DEBUG flower 2021-04-08 13:05:38,619 | numpy_client.py:260 | cached_clock: 32, curr_clock: 63
INFO flower 2021-04-08 13:05:38,619 | numpy_client.py:184 | Cache is stale, return ReadIns
DEBUG flower 2021-04-08 13:05:43,220 | numpy_client.py:228 | read: ReadRes(clock=33)
DEBUG flower 2021-04-08 13:05:43,227 | numpy_client.py:172 | fit, FitIns(clock=63)
DEBUG flower 2021-04-08 13:05:43,227 | numpy_client.py:260 | cached_clock: 33, curr_clock: 63
INFO flower 2021-04-08 13:05:44,114 | numpy_client.py:205 | Cache is fresh, return FitRes(clock=63)
DEBUG flower 2021-04-08 13:05:51,770 | numpy_client.py:172 | fit, FitIns(clock=64)
DEBUG flower 2021-04-08 13:05:51,770 | numpy_client.py:260 | cached_clock: 33, curr_clock: 64
INFO flower 2021-04-08 13:05:51,770 | numpy_client.py:184 | Cache is stale, return ReadIns
DEBUG flower 2021-04-08 13:05:56,405 | numpy_client.py:228 | read: ReadRes(clock=34)
DEBUG flower 2021-04-08 13:05:56,412 | numpy_client.py:172 | fit, FitIns(clock=64)
DEBUG flower 2021-04-08 13:05:56,412 | numpy_client.py:260 | cached_clock: 34, curr_clock: 64
INFO flower 2021-04-08 13:05:57,223 | numpy_client.py:205 | Cache is fresh, return FitRes(clock=64)
DEBUG flower 2021-04-08 13:06:05,191 | numpy_client.py:172 | fit, FitIns(clock=65)
DEBUG flower 2021-04-08 13:06:05,191 | numpy_client.py:260 | cached_clock: 34, curr_clock: 65
INFO flower 2021-04-08 13:06:05,191 | numpy_client.py:184 | Cache is stale, return ReadIns
DEBUG flower 2021-04-08 13:06:09,917 | numpy_client.py:228 | read: ReadRes(clock=35)
DEBUG flower 2021-04-08 13:06:09,924 | numpy_client.py:172 | fit, FitIns(clock=65)
DEBUG flower 2021-04-08 13:06:09,925 | numpy_client.py:260 | cached_clock: 35, curr_clock: 65
INFO flower 2021-04-08 13:06:10,733 | numpy_client.py:205 | Cache is fresh, return FitRes(clock=65)
DEBUG flower 2021-04-08 13:06:18,232 | numpy_client.py:172 | fit, FitIns(clock=66)
DEBUG flower 2021-04-08 13:06:18,232 | numpy_client.py:260 | cached_clock: 35, curr_clock: 66
INFO flower 2021-04-08 13:06:18,232 | numpy_client.py:184 | Cache is stale, return ReadIns
DEBUG flower 2021-04-08 13:06:23,311 | numpy_client.py:228 | read: ReadRes(clock=36)
DEBUG flower 2021-04-08 13:06:23,318 | numpy_client.py:172 | fit, FitIns(clock=66)
DEBUG flower 2021-04-08 13:06:23,318 | numpy_client.py:260 | cached_clock: 36, curr_clock: 66
INFO flower 2021-04-08 13:06:24,213 | numpy_client.py:205 | Cache is fresh, return FitRes(clock=66)
DEBUG flower 2021-04-08 13:06:31,905 | numpy_client.py:172 | fit, FitIns(clock=67)
DEBUG flower 2021-04-08 13:06:31,906 | numpy_client.py:260 | cached_clock: 36, curr_clock: 67
INFO flower 2021-04-08 13:06:31,906 | numpy_client.py:184 | Cache is stale, return ReadIns
DEBUG flower 2021-04-08 13:06:36,576 | numpy_client.py:228 | read: ReadRes(clock=37)
DEBUG flower 2021-04-08 13:06:36,583 | numpy_client.py:172 | fit, FitIns(clock=67)
DEBUG flower 2021-04-08 13:06:36,583 | numpy_client.py:260 | cached_clock: 37, curr_clock: 67
INFO flower 2021-04-08 13:06:37,437 | numpy_client.py:205 | Cache is fresh, return FitRes(clock=67)
DEBUG flower 2021-04-08 13:06:44,895 | numpy_client.py:172 | fit, FitIns(clock=68)
DEBUG flower 2021-04-08 13:06:44,895 | numpy_client.py:260 | cached_clock: 37, curr_clock: 68
INFO flower 2021-04-08 13:06:44,895 | numpy_client.py:184 | Cache is stale, return ReadIns
DEBUG flower 2021-04-08 13:06:49,508 | numpy_client.py:228 | read: ReadRes(clock=38)
DEBUG flower 2021-04-08 13:06:49,516 | numpy_client.py:172 | fit, FitIns(clock=68)
DEBUG flower 2021-04-08 13:06:49,516 | numpy_client.py:260 | cached_clock: 38, curr_clock: 68
INFO flower 2021-04-08 13:06:50,339 | numpy_client.py:205 | Cache is fresh, return FitRes(clock=68)
DEBUG flower 2021-04-08 13:06:59,153 | numpy_client.py:172 | fit, FitIns(clock=69)
DEBUG flower 2021-04-08 13:06:59,154 | numpy_client.py:260 | cached_clock: 38, curr_clock: 69
INFO flower 2021-04-08 13:06:59,154 | numpy_client.py:184 | Cache is stale, return ReadIns
DEBUG flower 2021-04-08 13:07:03,506 | numpy_client.py:228 | read: ReadRes(clock=39)
DEBUG flower 2021-04-08 13:07:03,513 | numpy_client.py:172 | fit, FitIns(clock=69)
DEBUG flower 2021-04-08 13:07:03,513 | numpy_client.py:260 | cached_clock: 39, curr_clock: 69
INFO flower 2021-04-08 13:07:04,336 | numpy_client.py:205 | Cache is fresh, return FitRes(clock=69)
DEBUG flower 2021-04-08 13:07:12,577 | numpy_client.py:172 | fit, FitIns(clock=70)
DEBUG flower 2021-04-08 13:07:12,577 | numpy_client.py:260 | cached_clock: 39, curr_clock: 70
INFO flower 2021-04-08 13:07:12,577 | numpy_client.py:184 | Cache is stale, return ReadIns
DEBUG flower 2021-04-08 13:07:17,019 | numpy_client.py:228 | read: ReadRes(clock=40)
DEBUG flower 2021-04-08 13:07:17,026 | numpy_client.py:172 | fit, FitIns(clock=70)
DEBUG flower 2021-04-08 13:07:17,026 | numpy_client.py:260 | cached_clock: 40, curr_clock: 70
INFO flower 2021-04-08 13:07:17,834 | numpy_client.py:205 | Cache is fresh, return FitRes(clock=70)
DEBUG flower 2021-04-08 13:07:25,978 | numpy_client.py:172 | fit, FitIns(clock=71)
DEBUG flower 2021-04-08 13:07:25,979 | numpy_client.py:260 | cached_clock: 40, curr_clock: 71
INFO flower 2021-04-08 13:07:25,979 | numpy_client.py:184 | Cache is stale, return ReadIns
DEBUG flower 2021-04-08 13:07:30,547 | numpy_client.py:228 | read: ReadRes(clock=41)
DEBUG flower 2021-04-08 13:07:30,554 | numpy_client.py:172 | fit, FitIns(clock=71)
DEBUG flower 2021-04-08 13:07:30,554 | numpy_client.py:260 | cached_clock: 41, curr_clock: 71
INFO flower 2021-04-08 13:07:31,341 | numpy_client.py:205 | Cache is fresh, return FitRes(clock=71)
DEBUG flower 2021-04-08 13:07:39,542 | numpy_client.py:172 | fit, FitIns(clock=72)
DEBUG flower 2021-04-08 13:07:39,543 | numpy_client.py:260 | cached_clock: 41, curr_clock: 72
INFO flower 2021-04-08 13:07:39,543 | numpy_client.py:184 | Cache is stale, return ReadIns
DEBUG flower 2021-04-08 13:07:44,024 | numpy_client.py:228 | read: ReadRes(clock=42)
DEBUG flower 2021-04-08 13:07:44,031 | numpy_client.py:172 | fit, FitIns(clock=72)
DEBUG flower 2021-04-08 13:07:44,031 | numpy_client.py:260 | cached_clock: 42, curr_clock: 72
INFO flower 2021-04-08 13:07:44,936 | numpy_client.py:205 | Cache is fresh, return FitRes(clock=72)
DEBUG flower 2021-04-08 13:07:52,869 | numpy_client.py:172 | fit, FitIns(clock=73)
DEBUG flower 2021-04-08 13:07:52,870 | numpy_client.py:260 | cached_clock: 42, curr_clock: 73
INFO flower 2021-04-08 13:07:52,870 | numpy_client.py:184 | Cache is stale, return ReadIns
DEBUG flower 2021-04-08 13:07:57,537 | numpy_client.py:228 | read: ReadRes(clock=43)
DEBUG flower 2021-04-08 13:07:57,545 | numpy_client.py:172 | fit, FitIns(clock=73)
DEBUG flower 2021-04-08 13:07:57,545 | numpy_client.py:260 | cached_clock: 43, curr_clock: 73
INFO flower 2021-04-08 13:07:58,337 | numpy_client.py:205 | Cache is fresh, return FitRes(clock=73)
DEBUG flower 2021-04-08 13:08:06,769 | numpy_client.py:172 | fit, FitIns(clock=74)
DEBUG flower 2021-04-08 13:08:06,769 | numpy_client.py:260 | cached_clock: 43, curr_clock: 74
INFO flower 2021-04-08 13:08:06,769 | numpy_client.py:184 | Cache is stale, return ReadIns
DEBUG flower 2021-04-08 13:08:11,409 | numpy_client.py:228 | read: ReadRes(clock=44)
DEBUG flower 2021-04-08 13:08:11,416 | numpy_client.py:172 | fit, FitIns(clock=74)
DEBUG flower 2021-04-08 13:08:11,416 | numpy_client.py:260 | cached_clock: 44, curr_clock: 74
INFO flower 2021-04-08 13:08:12,315 | numpy_client.py:205 | Cache is fresh, return FitRes(clock=74)
DEBUG flower 2021-04-08 13:08:19,924 | numpy_client.py:172 | fit, FitIns(clock=75)
DEBUG flower 2021-04-08 13:08:19,924 | numpy_client.py:260 | cached_clock: 44, curr_clock: 75
INFO flower 2021-04-08 13:08:19,924 | numpy_client.py:184 | Cache is stale, return ReadIns
DEBUG flower 2021-04-08 13:08:24,529 | numpy_client.py:228 | read: ReadRes(clock=45)
DEBUG flower 2021-04-08 13:08:24,536 | numpy_client.py:172 | fit, FitIns(clock=75)
DEBUG flower 2021-04-08 13:08:24,536 | numpy_client.py:260 | cached_clock: 45, curr_clock: 75
INFO flower 2021-04-08 13:08:25,354 | numpy_client.py:205 | Cache is fresh, return FitRes(clock=75)
DEBUG flower 2021-04-08 13:08:33,577 | numpy_client.py:172 | fit, FitIns(clock=76)
DEBUG flower 2021-04-08 13:08:33,578 | numpy_client.py:260 | cached_clock: 45, curr_clock: 76
INFO flower 2021-04-08 13:08:33,578 | numpy_client.py:184 | Cache is stale, return ReadIns
DEBUG flower 2021-04-08 13:08:37,974 | numpy_client.py:228 | read: ReadRes(clock=46)
DEBUG flower 2021-04-08 13:08:37,982 | numpy_client.py:172 | fit, FitIns(clock=76)
DEBUG flower 2021-04-08 13:08:37,982 | numpy_client.py:260 | cached_clock: 46, curr_clock: 76
INFO flower 2021-04-08 13:08:38,755 | numpy_client.py:205 | Cache is fresh, return FitRes(clock=76)
DEBUG flower 2021-04-08 13:08:46,742 | numpy_client.py:172 | fit, FitIns(clock=77)
DEBUG flower 2021-04-08 13:08:46,743 | numpy_client.py:260 | cached_clock: 46, curr_clock: 77
INFO flower 2021-04-08 13:08:46,743 | numpy_client.py:184 | Cache is stale, return ReadIns
DEBUG flower 2021-04-08 13:08:51,227 | numpy_client.py:228 | read: ReadRes(clock=47)
DEBUG flower 2021-04-08 13:08:51,234 | numpy_client.py:172 | fit, FitIns(clock=77)
DEBUG flower 2021-04-08 13:08:51,234 | numpy_client.py:260 | cached_clock: 47, curr_clock: 77
INFO flower 2021-04-08 13:08:52,037 | numpy_client.py:205 | Cache is fresh, return FitRes(clock=77)
DEBUG flower 2021-04-08 13:08:59,556 | numpy_client.py:172 | fit, FitIns(clock=78)
DEBUG flower 2021-04-08 13:08:59,557 | numpy_client.py:260 | cached_clock: 47, curr_clock: 78
INFO flower 2021-04-08 13:08:59,557 | numpy_client.py:184 | Cache is stale, return ReadIns
DEBUG flower 2021-04-08 13:09:03,936 | numpy_client.py:228 | read: ReadRes(clock=48)
DEBUG flower 2021-04-08 13:09:03,943 | numpy_client.py:172 | fit, FitIns(clock=78)
DEBUG flower 2021-04-08 13:09:03,943 | numpy_client.py:260 | cached_clock: 48, curr_clock: 78
INFO flower 2021-04-08 13:09:04,737 | numpy_client.py:205 | Cache is fresh, return FitRes(clock=78)
DEBUG flower 2021-04-08 13:09:12,666 | numpy_client.py:172 | fit, FitIns(clock=79)
DEBUG flower 2021-04-08 13:09:12,666 | numpy_client.py:260 | cached_clock: 48, curr_clock: 79
INFO flower 2021-04-08 13:09:12,666 | numpy_client.py:184 | Cache is stale, return ReadIns
DEBUG flower 2021-04-08 13:09:17,111 | numpy_client.py:228 | read: ReadRes(clock=49)
DEBUG flower 2021-04-08 13:09:17,118 | numpy_client.py:172 | fit, FitIns(clock=79)
DEBUG flower 2021-04-08 13:09:17,118 | numpy_client.py:260 | cached_clock: 49, curr_clock: 79
INFO flower 2021-04-08 13:09:18,028 | numpy_client.py:205 | Cache is fresh, return FitRes(clock=79)
DEBUG flower 2021-04-08 13:09:25,757 | numpy_client.py:172 | fit, FitIns(clock=80)
DEBUG flower 2021-04-08 13:09:25,758 | numpy_client.py:260 | cached_clock: 49, curr_clock: 80
INFO flower 2021-04-08 13:09:25,758 | numpy_client.py:184 | Cache is stale, return ReadIns
DEBUG flower 2021-04-08 13:09:30,224 | numpy_client.py:228 | read: ReadRes(clock=50)
DEBUG flower 2021-04-08 13:09:30,231 | numpy_client.py:172 | fit, FitIns(clock=80)
DEBUG flower 2021-04-08 13:09:30,231 | numpy_client.py:260 | cached_clock: 50, curr_clock: 80
INFO flower 2021-04-08 13:09:31,136 | numpy_client.py:205 | Cache is fresh, return FitRes(clock=80)
DEBUG flower 2021-04-08 13:09:39,041 | numpy_client.py:172 | fit, FitIns(clock=81)
DEBUG flower 2021-04-08 13:09:39,041 | numpy_client.py:260 | cached_clock: 50, curr_clock: 81
INFO flower 2021-04-08 13:09:39,041 | numpy_client.py:184 | Cache is stale, return ReadIns
DEBUG flower 2021-04-08 13:09:43,743 | numpy_client.py:228 | read: ReadRes(clock=51)
DEBUG flower 2021-04-08 13:09:43,750 | numpy_client.py:172 | fit, FitIns(clock=81)
DEBUG flower 2021-04-08 13:09:43,751 | numpy_client.py:260 | cached_clock: 51, curr_clock: 81
INFO flower 2021-04-08 13:09:44,638 | numpy_client.py:205 | Cache is fresh, return FitRes(clock=81)
DEBUG flower 2021-04-08 13:09:52,176 | numpy_client.py:172 | fit, FitIns(clock=82)
DEBUG flower 2021-04-08 13:09:52,176 | numpy_client.py:260 | cached_clock: 51, curr_clock: 82
INFO flower 2021-04-08 13:09:52,176 | numpy_client.py:184 | Cache is stale, return ReadIns
DEBUG flower 2021-04-08 13:09:57,151 | numpy_client.py:228 | read: ReadRes(clock=52)
DEBUG flower 2021-04-08 13:09:57,158 | numpy_client.py:172 | fit, FitIns(clock=82)
DEBUG flower 2021-04-08 13:09:57,158 | numpy_client.py:260 | cached_clock: 52, curr_clock: 82
INFO flower 2021-04-08 13:09:58,011 | numpy_client.py:205 | Cache is fresh, return FitRes(clock=82)
DEBUG flower 2021-04-08 13:10:05,967 | numpy_client.py:172 | fit, FitIns(clock=83)
DEBUG flower 2021-04-08 13:10:05,967 | numpy_client.py:260 | cached_clock: 52, curr_clock: 83
INFO flower 2021-04-08 13:10:05,967 | numpy_client.py:184 | Cache is stale, return ReadIns
DEBUG flower 2021-04-08 13:10:10,638 | numpy_client.py:228 | read: ReadRes(clock=53)
DEBUG flower 2021-04-08 13:10:10,645 | numpy_client.py:172 | fit, FitIns(clock=83)
DEBUG flower 2021-04-08 13:10:10,645 | numpy_client.py:260 | cached_clock: 53, curr_clock: 83
INFO flower 2021-04-08 13:10:11,424 | numpy_client.py:205 | Cache is fresh, return FitRes(clock=83)
DEBUG flower 2021-04-08 13:10:19,303 | numpy_client.py:172 | fit, FitIns(clock=84)
DEBUG flower 2021-04-08 13:10:19,303 | numpy_client.py:260 | cached_clock: 53, curr_clock: 84
INFO flower 2021-04-08 13:10:19,303 | numpy_client.py:184 | Cache is stale, return ReadIns
DEBUG flower 2021-04-08 13:10:23,618 | numpy_client.py:228 | read: ReadRes(clock=54)
DEBUG flower 2021-04-08 13:10:23,625 | numpy_client.py:172 | fit, FitIns(clock=84)
DEBUG flower 2021-04-08 13:10:23,625 | numpy_client.py:260 | cached_clock: 54, curr_clock: 84
INFO flower 2021-04-08 13:10:24,437 | numpy_client.py:205 | Cache is fresh, return FitRes(clock=84)
DEBUG flower 2021-04-08 13:10:32,352 | numpy_client.py:172 | fit, FitIns(clock=85)
DEBUG flower 2021-04-08 13:10:32,352 | numpy_client.py:260 | cached_clock: 54, curr_clock: 85
INFO flower 2021-04-08 13:10:32,352 | numpy_client.py:184 | Cache is stale, return ReadIns
DEBUG flower 2021-04-08 13:10:36,854 | numpy_client.py:228 | read: ReadRes(clock=55)
DEBUG flower 2021-04-08 13:10:36,861 | numpy_client.py:172 | fit, FitIns(clock=85)
DEBUG flower 2021-04-08 13:10:36,861 | numpy_client.py:260 | cached_clock: 55, curr_clock: 85
INFO flower 2021-04-08 13:10:37,713 | numpy_client.py:205 | Cache is fresh, return FitRes(clock=85)
DEBUG flower 2021-04-08 13:10:45,787 | numpy_client.py:172 | fit, FitIns(clock=86)
DEBUG flower 2021-04-08 13:10:45,788 | numpy_client.py:260 | cached_clock: 55, curr_clock: 86
INFO flower 2021-04-08 13:10:45,788 | numpy_client.py:184 | Cache is stale, return ReadIns
DEBUG flower 2021-04-08 13:10:50,256 | numpy_client.py:228 | read: ReadRes(clock=56)
DEBUG flower 2021-04-08 13:10:50,264 | numpy_client.py:172 | fit, FitIns(clock=86)
DEBUG flower 2021-04-08 13:10:50,264 | numpy_client.py:260 | cached_clock: 56, curr_clock: 86
INFO flower 2021-04-08 13:10:51,135 | numpy_client.py:205 | Cache is fresh, return FitRes(clock=86)
DEBUG flower 2021-04-08 13:10:59,499 | numpy_client.py:172 | fit, FitIns(clock=87)
DEBUG flower 2021-04-08 13:10:59,499 | numpy_client.py:260 | cached_clock: 56, curr_clock: 87
INFO flower 2021-04-08 13:10:59,499 | numpy_client.py:184 | Cache is stale, return ReadIns
DEBUG flower 2021-04-08 13:11:03,734 | numpy_client.py:228 | read: ReadRes(clock=57)
DEBUG flower 2021-04-08 13:11:03,741 | numpy_client.py:172 | fit, FitIns(clock=87)
DEBUG flower 2021-04-08 13:11:03,741 | numpy_client.py:260 | cached_clock: 57, curr_clock: 87
INFO flower 2021-04-08 13:11:04,638 | numpy_client.py:205 | Cache is fresh, return FitRes(clock=87)
DEBUG flower 2021-04-08 13:11:12,684 | numpy_client.py:172 | fit, FitIns(clock=88)
DEBUG flower 2021-04-08 13:11:12,684 | numpy_client.py:260 | cached_clock: 57, curr_clock: 88
INFO flower 2021-04-08 13:11:12,684 | numpy_client.py:184 | Cache is stale, return ReadIns
DEBUG flower 2021-04-08 13:11:17,572 | numpy_client.py:228 | read: ReadRes(clock=58)
DEBUG flower 2021-04-08 13:11:17,579 | numpy_client.py:172 | fit, FitIns(clock=88)
DEBUG flower 2021-04-08 13:11:17,580 | numpy_client.py:260 | cached_clock: 58, curr_clock: 88
INFO flower 2021-04-08 13:11:18,439 | numpy_client.py:205 | Cache is fresh, return FitRes(clock=88)
DEBUG flower 2021-04-08 13:11:26,341 | numpy_client.py:172 | fit, FitIns(clock=89)
DEBUG flower 2021-04-08 13:11:26,341 | numpy_client.py:260 | cached_clock: 58, curr_clock: 89
INFO flower 2021-04-08 13:11:26,342 | numpy_client.py:184 | Cache is stale, return ReadIns
DEBUG flower 2021-04-08 13:11:31,252 | numpy_client.py:228 | read: ReadRes(clock=59)
DEBUG flower 2021-04-08 13:11:31,259 | numpy_client.py:172 | fit, FitIns(clock=89)
DEBUG flower 2021-04-08 13:11:31,259 | numpy_client.py:260 | cached_clock: 59, curr_clock: 89
INFO flower 2021-04-08 13:11:32,138 | numpy_client.py:205 | Cache is fresh, return FitRes(clock=89)
DEBUG flower 2021-04-08 13:11:40,270 | numpy_client.py:172 | fit, FitIns(clock=90)
DEBUG flower 2021-04-08 13:11:40,270 | numpy_client.py:260 | cached_clock: 59, curr_clock: 90
INFO flower 2021-04-08 13:11:40,271 | numpy_client.py:184 | Cache is stale, return ReadIns
DEBUG flower 2021-04-08 13:11:44,941 | numpy_client.py:228 | read: ReadRes(clock=60)
DEBUG flower 2021-04-08 13:11:44,948 | numpy_client.py:172 | fit, FitIns(clock=90)
DEBUG flower 2021-04-08 13:11:44,948 | numpy_client.py:260 | cached_clock: 60, curr_clock: 90
INFO flower 2021-04-08 13:11:45,813 | numpy_client.py:205 | Cache is fresh, return FitRes(clock=90)
DEBUG flower 2021-04-08 13:11:53,352 | numpy_client.py:172 | fit, FitIns(clock=91)
DEBUG flower 2021-04-08 13:11:53,352 | numpy_client.py:260 | cached_clock: 60, curr_clock: 91
INFO flower 2021-04-08 13:11:53,352 | numpy_client.py:184 | Cache is stale, return ReadIns
DEBUG flower 2021-04-08 13:11:58,353 | numpy_client.py:228 | read: ReadRes(clock=61)
DEBUG flower 2021-04-08 13:11:58,359 | numpy_client.py:172 | fit, FitIns(clock=91)
DEBUG flower 2021-04-08 13:11:58,359 | numpy_client.py:260 | cached_clock: 61, curr_clock: 91
INFO flower 2021-04-08 13:11:59,211 | numpy_client.py:205 | Cache is fresh, return FitRes(clock=91)
DEBUG flower 2021-04-08 13:12:07,038 | numpy_client.py:172 | fit, FitIns(clock=92)
DEBUG flower 2021-04-08 13:12:07,038 | numpy_client.py:260 | cached_clock: 61, curr_clock: 92
INFO flower 2021-04-08 13:12:07,038 | numpy_client.py:184 | Cache is stale, return ReadIns
DEBUG flower 2021-04-08 13:12:11,815 | numpy_client.py:228 | read: ReadRes(clock=62)
DEBUG flower 2021-04-08 13:12:11,822 | numpy_client.py:172 | fit, FitIns(clock=92)
DEBUG flower 2021-04-08 13:12:11,823 | numpy_client.py:260 | cached_clock: 62, curr_clock: 92
INFO flower 2021-04-08 13:12:12,737 | numpy_client.py:205 | Cache is fresh, return FitRes(clock=92)
DEBUG flower 2021-04-08 13:12:20,880 | numpy_client.py:172 | fit, FitIns(clock=93)
DEBUG flower 2021-04-08 13:12:20,880 | numpy_client.py:260 | cached_clock: 62, curr_clock: 93
INFO flower 2021-04-08 13:12:20,880 | numpy_client.py:184 | Cache is stale, return ReadIns
DEBUG flower 2021-04-08 13:12:25,356 | numpy_client.py:228 | read: ReadRes(clock=63)
DEBUG flower 2021-04-08 13:12:25,363 | numpy_client.py:172 | fit, FitIns(clock=93)
DEBUG flower 2021-04-08 13:12:25,363 | numpy_client.py:260 | cached_clock: 63, curr_clock: 93
INFO flower 2021-04-08 13:12:26,214 | numpy_client.py:205 | Cache is fresh, return FitRes(clock=93)
DEBUG flower 2021-04-08 13:12:35,093 | numpy_client.py:172 | fit, FitIns(clock=94)
DEBUG flower 2021-04-08 13:12:35,093 | numpy_client.py:260 | cached_clock: 63, curr_clock: 94
INFO flower 2021-04-08 13:12:35,093 | numpy_client.py:184 | Cache is stale, return ReadIns
DEBUG flower 2021-04-08 13:12:39,586 | numpy_client.py:228 | read: ReadRes(clock=64)
DEBUG flower 2021-04-08 13:12:39,593 | numpy_client.py:172 | fit, FitIns(clock=94)
DEBUG flower 2021-04-08 13:12:39,593 | numpy_client.py:260 | cached_clock: 64, curr_clock: 94
INFO flower 2021-04-08 13:12:40,513 | numpy_client.py:205 | Cache is fresh, return FitRes(clock=94)
DEBUG flower 2021-04-08 13:12:48,658 | numpy_client.py:172 | fit, FitIns(clock=95)
DEBUG flower 2021-04-08 13:12:48,658 | numpy_client.py:260 | cached_clock: 64, curr_clock: 95
INFO flower 2021-04-08 13:12:48,658 | numpy_client.py:184 | Cache is stale, return ReadIns
DEBUG flower 2021-04-08 13:12:53,214 | numpy_client.py:228 | read: ReadRes(clock=65)
DEBUG flower 2021-04-08 13:12:53,221 | numpy_client.py:172 | fit, FitIns(clock=95)
DEBUG flower 2021-04-08 13:12:53,221 | numpy_client.py:260 | cached_clock: 65, curr_clock: 95
INFO flower 2021-04-08 13:12:54,033 | numpy_client.py:205 | Cache is fresh, return FitRes(clock=95)
DEBUG flower 2021-04-08 13:13:02,232 | numpy_client.py:172 | fit, FitIns(clock=96)
DEBUG flower 2021-04-08 13:13:02,232 | numpy_client.py:260 | cached_clock: 65, curr_clock: 96
INFO flower 2021-04-08 13:13:02,233 | numpy_client.py:184 | Cache is stale, return ReadIns
DEBUG flower 2021-04-08 13:13:06,833 | numpy_client.py:228 | read: ReadRes(clock=66)
DEBUG flower 2021-04-08 13:13:06,840 | numpy_client.py:172 | fit, FitIns(clock=96)
DEBUG flower 2021-04-08 13:13:06,840 | numpy_client.py:260 | cached_clock: 66, curr_clock: 96
INFO flower 2021-04-08 13:13:07,637 | numpy_client.py:205 | Cache is fresh, return FitRes(clock=96)
DEBUG flower 2021-04-08 13:13:15,684 | numpy_client.py:172 | fit, FitIns(clock=97)
DEBUG flower 2021-04-08 13:13:15,684 | numpy_client.py:260 | cached_clock: 66, curr_clock: 97
INFO flower 2021-04-08 13:13:15,684 | numpy_client.py:184 | Cache is stale, return ReadIns
DEBUG flower 2021-04-08 13:13:20,506 | numpy_client.py:228 | read: ReadRes(clock=67)
DEBUG flower 2021-04-08 13:13:20,513 | numpy_client.py:172 | fit, FitIns(clock=97)
DEBUG flower 2021-04-08 13:13:20,513 | numpy_client.py:260 | cached_clock: 67, curr_clock: 97
INFO flower 2021-04-08 13:13:21,437 | numpy_client.py:205 | Cache is fresh, return FitRes(clock=97)
DEBUG flower 2021-04-08 13:13:29,574 | numpy_client.py:172 | fit, FitIns(clock=98)
DEBUG flower 2021-04-08 13:13:29,575 | numpy_client.py:260 | cached_clock: 67, curr_clock: 98
INFO flower 2021-04-08 13:13:29,575 | numpy_client.py:184 | Cache is stale, return ReadIns
DEBUG flower 2021-04-08 13:13:35,006 | numpy_client.py:228 | read: ReadRes(clock=68)
DEBUG flower 2021-04-08 13:13:35,012 | numpy_client.py:172 | fit, FitIns(clock=98)
DEBUG flower 2021-04-08 13:13:35,013 | numpy_client.py:260 | cached_clock: 68, curr_clock: 98
INFO flower 2021-04-08 13:13:35,835 | numpy_client.py:205 | Cache is fresh, return FitRes(clock=98)
DEBUG flower 2021-04-08 13:13:43,928 | numpy_client.py:172 | fit, FitIns(clock=99)
DEBUG flower 2021-04-08 13:13:43,928 | numpy_client.py:260 | cached_clock: 68, curr_clock: 99
INFO flower 2021-04-08 13:13:43,928 | numpy_client.py:184 | Cache is stale, return ReadIns
DEBUG flower 2021-04-08 13:13:49,115 | numpy_client.py:228 | read: ReadRes(clock=69)
DEBUG flower 2021-04-08 13:13:49,122 | numpy_client.py:172 | fit, FitIns(clock=99)
DEBUG flower 2021-04-08 13:13:49,122 | numpy_client.py:260 | cached_clock: 69, curr_clock: 99
INFO flower 2021-04-08 13:13:49,932 | numpy_client.py:205 | Cache is fresh, return FitRes(clock=99)
DEBUG flower 2021-04-08 13:13:49,932 | numpy_client.py:217 | The client finishes computing after 930 seconds
INFO flower 2021-04-08 13:20:44,938 | numpy_client.py:250 | [32;1m Loss: 58.626, Accuracy: 1.361%[0m
DEBUG flower 2021-04-08 13:20:47,226 | connection.py:68 | Insecure gRPC channel closed
INFO flower 2021-04-08 13:20:47,227 | app.py:74 | Disconnect and shut down
Namespace(idx=23, max_delay=0, min_delay=0, num_clients=31, server_ip='10.244.37.27:8080', staleness_bound=30)
I'm client 23
Start SSP client without delay
Files already downloaded and verified
Files already downloaded and verified
[32;1mClient 23: 576 train samples, 147 test samples[0m
loss=41.61074733734131, acc=0.0
loss=41.44043254852295, acc=0.0
loss=41.169825077056885, acc=0.06770833333333333
loss=40.90998554229736, acc=0.2222222222222222
loss=40.658267974853516, acc=0.2361111111111111
loss=40.412811040878296, acc=0.25
loss=40.17241406440735, acc=0.2552083333333333
loss=39.93524360656738, acc=0.2534722222222222
loss=39.698983669281006, acc=0.2552083333333333
loss=39.46140718460083, acc=0.2586805555555556
loss=39.220014333724976, acc=0.2552083333333333
loss=38.971274614334106, acc=0.2569444444444444
loss=38.713008880615234, acc=0.2604166666666667
loss=38.44117450714111, acc=0.2534722222222222
loss=38.14894962310791, acc=0.23958333333333334
loss=37.82522892951965, acc=0.22743055555555555
loss=37.452796459198, acc=0.24131944444444445
loss=37.00771641731262, acc=0.24305555555555555
loss=36.45708513259888, acc=0.2482638888888889
loss=35.75654852390289, acc=0.24305555555555555
loss=34.85857808589935, acc=0.24131944444444445
loss=33.756786584854126, acc=0.2378472222222222
loss=32.562938809394836, acc=0.2361111111111111
loss=31.502317667007446, acc=0.22916666666666666
loss=30.730515480041504, acc=0.2517361111111111
loss=30.232744932174683, acc=0.24131944444444445
loss=29.9113826751709, acc=0.2326388888888889
loss=29.68537211418152, acc=0.2465277777777778
loss=29.50925600528717, acc=0.2482638888888889
loss=29.358035922050476, acc=0.2517361111111111
loss=29.222903966903687, acc=0.2604166666666667
loss=29.091060876846313, acc=0.2743055555555556
loss=28.958726167678833, acc=0.3072916666666667
loss=28.82133412361145, acc=0.3420138888888889
loss=28.68082594871521, acc=0.3559027777777778
loss=28.534451484680176, acc=0.3767361111111111
loss=58.96980547904968, acc=0.2013888888888889
loss=47.63080191612244, acc=0.2569444444444444
loss=47.21871542930603, acc=0.25
loss=68.66978645324707, acc=0.15104166666666666
loss=35.25548338890076, acc=0.4861111111111111
loss=53.26789176464081, acc=0.3177083333333333
loss=52.268431186676025, acc=0.2916666666666667
loss=54.1145293712616, acc=0.21180555555555555
loss=51.74423432350159, acc=0.2638888888888889
loss=51.58493745326996, acc=0.3211805555555556
loss=57.423640727996826, acc=0.22916666666666666
loss=38.421348571777344, acc=0.4149305555555556
loss=44.10164391994476, acc=0.453125
loss=27.2161306142807, acc=0.4722222222222222
loss=51.32547163963318, acc=0.3125
loss=26.528705596923828, acc=0.4791666666666667
loss=49.18822419643402, acc=0.3090277777777778
loss=43.79191040992737, acc=0.4548611111111111
loss=52.09702169895172, acc=0.3159722222222222
loss=43.77974832057953, acc=0.4600694444444444
loss=36.559497475624084, acc=0.4618055555555556
loss=49.5504709482193, acc=0.3142361111111111
loss=53.261340379714966, acc=0.2378472222222222
loss=36.29542326927185, acc=0.4496527777777778
loss=49.90456688404083, acc=0.3177083333333333
loss=36.12270903587341, acc=0.4548611111111111
loss=39.70553982257843, acc=0.4878472222222222
loss=35.98235869407654, acc=0.4583333333333333
loss=50.617684841156006, acc=0.3350694444444444
loss=36.43734061717987, acc=0.3194444444444444
loss=24.13806563615799, acc=0.5329861111111112
loss=32.776238560676575, acc=0.4878472222222222
loss=48.78905999660492, acc=0.2899305555555556
loss=36.02222406864166, acc=0.4826388888888889
loss=28.43029761314392, acc=0.5069444444444444
loss=39.12479746341705, acc=0.3211805555555556
loss=38.46428334712982, acc=0.4114583333333333
loss=27.69798231124878, acc=0.5329861111111112
loss=38.444455742836, acc=0.4131944444444444
loss=27.351564824581146, acc=0.5329861111111112
loss=27.242275059223175, acc=0.5364583333333334
loss=33.66762864589691, acc=0.4184027777777778
loss=32.13981854915619, acc=0.4947916666666667
loss=22.781644582748413, acc=0.5555555555555556
loss=22.740921318531036, acc=0.5625
loss=22.610433876514435, acc=0.5694444444444444
loss=34.255884408950806, acc=0.4201388888888889
loss=25.68067502975464, acc=0.5659722222222222
loss=47.19850492477417, acc=0.3194444444444444
loss=32.70772397518158, acc=0.4340277777777778
loss=34.27026116847992, acc=0.4930555555555556
loss=33.85090899467468, acc=0.4340277777777778
loss=22.853427708148956, acc=0.578125
loss=25.313847720623016, acc=0.5538194444444444
loss=36.010310888290405, acc=0.3819444444444444
loss=23.276667177677155, acc=0.5763888888888888
loss=23.425337970256805, acc=0.578125
loss=26.780559241771698, acc=0.5208333333333334
loss=30.977988719940186, acc=0.4600694444444444
loss=43.14081287384033, acc=0.3263888888888889
loss=32.36405956745148, acc=0.3871527777777778
loss=26.970200538635254, acc=0.5121527777777778
loss=25.171776950359344, acc=0.5520833333333334
loss=24.7224103808403, acc=0.5590277777777778
Files already downloaded and verified
Files already downloaded and verified
Testing on full test set: 313, 1998.7556059360504, 0.309
Testing on partial test set: 5, 58.62632179260254, 0.013605442176870748
