DEBUG flower 2021-04-08 12:58:11,697 | connection.py:36 | ChannelConnectivity.IDLE
DEBUG flower 2021-04-08 12:58:11,698 | connection.py:36 | ChannelConnectivity.CONNECTING
INFO flower 2021-04-08 12:58:11,699 | app.py:63 | Opened (insecure) gRPC connection
DEBUG flower 2021-04-08 12:58:11,700 | connection.py:36 | ChannelConnectivity.READY
DEBUG flower 2021-04-08 12:58:18,716 | numpy_client.py:172 | fit, FitIns(clock=0)
INFO flower 2021-04-08 12:58:18,717 | numpy_client.py:184 | Cache is stale, return ReadIns
DEBUG flower 2021-04-08 12:58:18,812 | numpy_client.py:228 | read: ReadRes(clock=-1)
DEBUG flower 2021-04-08 12:58:18,829 | numpy_client.py:172 | fit, FitIns(clock=0)
DEBUG flower 2021-04-08 12:58:18,829 | numpy_client.py:260 | cached_clock: -1, curr_clock: 0
DEBUG flower 2021-04-08 12:58:21,304 | model_wrapper.py:21 | Load existing initial model
INFO flower 2021-04-08 12:58:21,308 | numpy_client.py:205 | Cache is fresh, return FitRes(clock=0)
DEBUG flower 2021-04-08 12:58:21,339 | numpy_client.py:172 | fit, FitIns(clock=1)
DEBUG flower 2021-04-08 12:58:21,339 | numpy_client.py:260 | cached_clock: -1, curr_clock: 1
INFO flower 2021-04-08 12:58:23,908 | numpy_client.py:205 | Cache is fresh, return FitRes(clock=1)
DEBUG flower 2021-04-08 12:58:24,007 | numpy_client.py:172 | fit, FitIns(clock=2)
DEBUG flower 2021-04-08 12:58:24,007 | numpy_client.py:260 | cached_clock: -1, curr_clock: 2
INFO flower 2021-04-08 12:58:26,519 | numpy_client.py:205 | Cache is fresh, return FitRes(clock=2)
DEBUG flower 2021-04-08 12:58:32,778 | numpy_client.py:172 | fit, FitIns(clock=3)
DEBUG flower 2021-04-08 12:58:32,778 | numpy_client.py:260 | cached_clock: -1, curr_clock: 3
INFO flower 2021-04-08 12:58:35,080 | numpy_client.py:205 | Cache is fresh, return FitRes(clock=3)
DEBUG flower 2021-04-08 12:58:35,104 | numpy_client.py:172 | fit, FitIns(clock=4)
DEBUG flower 2021-04-08 12:58:35,105 | numpy_client.py:260 | cached_clock: -1, curr_clock: 4
INFO flower 2021-04-08 12:58:37,284 | numpy_client.py:205 | Cache is fresh, return FitRes(clock=4)
DEBUG flower 2021-04-08 12:58:45,818 | numpy_client.py:172 | fit, FitIns(clock=5)
DEBUG flower 2021-04-08 12:58:45,819 | numpy_client.py:260 | cached_clock: -1, curr_clock: 5
INFO flower 2021-04-08 12:58:48,204 | numpy_client.py:205 | Cache is fresh, return FitRes(clock=5)
DEBUG flower 2021-04-08 12:58:48,233 | numpy_client.py:172 | fit, FitIns(clock=6)
DEBUG flower 2021-04-08 12:58:48,233 | numpy_client.py:260 | cached_clock: -1, curr_clock: 6
INFO flower 2021-04-08 12:58:50,507 | numpy_client.py:205 | Cache is fresh, return FitRes(clock=6)
DEBUG flower 2021-04-08 12:58:59,475 | numpy_client.py:172 | fit, FitIns(clock=7)
DEBUG flower 2021-04-08 12:58:59,476 | numpy_client.py:260 | cached_clock: -1, curr_clock: 7
INFO flower 2021-04-08 12:59:01,597 | numpy_client.py:205 | Cache is fresh, return FitRes(clock=7)
DEBUG flower 2021-04-08 12:59:01,628 | numpy_client.py:172 | fit, FitIns(clock=8)
DEBUG flower 2021-04-08 12:59:01,629 | numpy_client.py:260 | cached_clock: -1, curr_clock: 8
INFO flower 2021-04-08 12:59:03,702 | numpy_client.py:205 | Cache is fresh, return FitRes(clock=8)
DEBUG flower 2021-04-08 12:59:03,723 | numpy_client.py:172 | fit, FitIns(clock=9)
DEBUG flower 2021-04-08 12:59:03,723 | numpy_client.py:260 | cached_clock: -1, curr_clock: 9
INFO flower 2021-04-08 12:59:05,982 | numpy_client.py:205 | Cache is fresh, return FitRes(clock=9)
DEBUG flower 2021-04-08 12:59:13,449 | numpy_client.py:172 | fit, FitIns(clock=10)
DEBUG flower 2021-04-08 12:59:13,449 | numpy_client.py:260 | cached_clock: -1, curr_clock: 10
INFO flower 2021-04-08 12:59:15,583 | numpy_client.py:205 | Cache is fresh, return FitRes(clock=10)
DEBUG flower 2021-04-08 12:59:15,618 | numpy_client.py:172 | fit, FitIns(clock=11)
DEBUG flower 2021-04-08 12:59:15,618 | numpy_client.py:260 | cached_clock: -1, curr_clock: 11
INFO flower 2021-04-08 12:59:17,798 | numpy_client.py:205 | Cache is fresh, return FitRes(clock=11)
DEBUG flower 2021-04-08 12:59:17,835 | numpy_client.py:172 | fit, FitIns(clock=12)
DEBUG flower 2021-04-08 12:59:17,835 | numpy_client.py:260 | cached_clock: -1, curr_clock: 12
INFO flower 2021-04-08 12:59:20,284 | numpy_client.py:205 | Cache is fresh, return FitRes(clock=12)
DEBUG flower 2021-04-08 12:59:26,579 | numpy_client.py:172 | fit, FitIns(clock=13)
DEBUG flower 2021-04-08 12:59:26,579 | numpy_client.py:260 | cached_clock: -1, curr_clock: 13
INFO flower 2021-04-08 12:59:28,900 | numpy_client.py:205 | Cache is fresh, return FitRes(clock=13)
DEBUG flower 2021-04-08 12:59:28,922 | numpy_client.py:172 | fit, FitIns(clock=14)
DEBUG flower 2021-04-08 12:59:28,922 | numpy_client.py:260 | cached_clock: -1, curr_clock: 14
INFO flower 2021-04-08 12:59:31,116 | numpy_client.py:205 | Cache is fresh, return FitRes(clock=14)
DEBUG flower 2021-04-08 12:59:39,543 | numpy_client.py:172 | fit, FitIns(clock=15)
DEBUG flower 2021-04-08 12:59:39,543 | numpy_client.py:260 | cached_clock: -1, curr_clock: 15
INFO flower 2021-04-08 12:59:41,705 | numpy_client.py:205 | Cache is fresh, return FitRes(clock=15)
DEBUG flower 2021-04-08 12:59:41,724 | numpy_client.py:172 | fit, FitIns(clock=16)
DEBUG flower 2021-04-08 12:59:41,724 | numpy_client.py:260 | cached_clock: -1, curr_clock: 16
INFO flower 2021-04-08 12:59:43,987 | numpy_client.py:205 | Cache is fresh, return FitRes(clock=16)
DEBUG flower 2021-04-08 12:59:52,495 | numpy_client.py:172 | fit, FitIns(clock=17)
DEBUG flower 2021-04-08 12:59:52,495 | numpy_client.py:260 | cached_clock: -1, curr_clock: 17
INFO flower 2021-04-08 12:59:54,979 | numpy_client.py:205 | Cache is fresh, return FitRes(clock=17)
DEBUG flower 2021-04-08 12:59:55,000 | numpy_client.py:172 | fit, FitIns(clock=18)
DEBUG flower 2021-04-08 12:59:55,000 | numpy_client.py:260 | cached_clock: -1, curr_clock: 18
INFO flower 2021-04-08 12:59:57,586 | numpy_client.py:205 | Cache is fresh, return FitRes(clock=18)
DEBUG flower 2021-04-08 13:00:05,680 | numpy_client.py:172 | fit, FitIns(clock=19)
DEBUG flower 2021-04-08 13:00:05,680 | numpy_client.py:260 | cached_clock: -1, curr_clock: 19
INFO flower 2021-04-08 13:00:08,383 | numpy_client.py:205 | Cache is fresh, return FitRes(clock=19)
DEBUG flower 2021-04-08 13:00:08,412 | numpy_client.py:172 | fit, FitIns(clock=20)
DEBUG flower 2021-04-08 13:00:08,412 | numpy_client.py:260 | cached_clock: -1, curr_clock: 20
INFO flower 2021-04-08 13:00:10,894 | numpy_client.py:205 | Cache is fresh, return FitRes(clock=20)
DEBUG flower 2021-04-08 13:00:18,846 | numpy_client.py:172 | fit, FitIns(clock=21)
DEBUG flower 2021-04-08 13:00:18,846 | numpy_client.py:260 | cached_clock: -1, curr_clock: 21
INFO flower 2021-04-08 13:00:21,091 | numpy_client.py:205 | Cache is fresh, return FitRes(clock=21)
DEBUG flower 2021-04-08 13:00:21,112 | numpy_client.py:172 | fit, FitIns(clock=22)
DEBUG flower 2021-04-08 13:00:21,112 | numpy_client.py:260 | cached_clock: -1, curr_clock: 22
INFO flower 2021-04-08 13:00:23,302 | numpy_client.py:205 | Cache is fresh, return FitRes(clock=22)
DEBUG flower 2021-04-08 13:00:31,811 | numpy_client.py:172 | fit, FitIns(clock=23)
DEBUG flower 2021-04-08 13:00:31,811 | numpy_client.py:260 | cached_clock: -1, curr_clock: 23
INFO flower 2021-04-08 13:00:34,101 | numpy_client.py:205 | Cache is fresh, return FitRes(clock=23)
DEBUG flower 2021-04-08 13:00:34,193 | numpy_client.py:172 | fit, FitIns(clock=24)
DEBUG flower 2021-04-08 13:00:34,193 | numpy_client.py:260 | cached_clock: -1, curr_clock: 24
INFO flower 2021-04-08 13:00:36,488 | numpy_client.py:205 | Cache is fresh, return FitRes(clock=24)
DEBUG flower 2021-04-08 13:00:44,906 | numpy_client.py:172 | fit, FitIns(clock=25)
DEBUG flower 2021-04-08 13:00:44,906 | numpy_client.py:260 | cached_clock: -1, curr_clock: 25
INFO flower 2021-04-08 13:00:47,201 | numpy_client.py:205 | Cache is fresh, return FitRes(clock=25)
DEBUG flower 2021-04-08 13:00:47,226 | numpy_client.py:172 | fit, FitIns(clock=26)
DEBUG flower 2021-04-08 13:00:47,226 | numpy_client.py:260 | cached_clock: -1, curr_clock: 26
INFO flower 2021-04-08 13:00:49,786 | numpy_client.py:205 | Cache is fresh, return FitRes(clock=26)
DEBUG flower 2021-04-08 13:00:58,267 | numpy_client.py:172 | fit, FitIns(clock=27)
DEBUG flower 2021-04-08 13:00:58,267 | numpy_client.py:260 | cached_clock: -1, curr_clock: 27
INFO flower 2021-04-08 13:01:00,884 | numpy_client.py:205 | Cache is fresh, return FitRes(clock=27)
DEBUG flower 2021-04-08 13:01:00,908 | numpy_client.py:172 | fit, FitIns(clock=28)
DEBUG flower 2021-04-08 13:01:00,909 | numpy_client.py:260 | cached_clock: -1, curr_clock: 28
INFO flower 2021-04-08 13:01:03,183 | numpy_client.py:205 | Cache is fresh, return FitRes(clock=28)
DEBUG flower 2021-04-08 13:01:11,419 | numpy_client.py:172 | fit, FitIns(clock=29)
DEBUG flower 2021-04-08 13:01:11,419 | numpy_client.py:260 | cached_clock: -1, curr_clock: 29
INFO flower 2021-04-08 13:01:13,580 | numpy_client.py:205 | Cache is fresh, return FitRes(clock=29)
DEBUG flower 2021-04-08 13:01:13,602 | numpy_client.py:172 | fit, FitIns(clock=30)
DEBUG flower 2021-04-08 13:01:13,602 | numpy_client.py:260 | cached_clock: -1, curr_clock: 30
INFO flower 2021-04-08 13:01:13,602 | numpy_client.py:184 | Cache is stale, return ReadIns
DEBUG flower 2021-04-08 13:01:13,681 | numpy_client.py:228 | read: ReadRes(clock=12)
DEBUG flower 2021-04-08 13:01:13,688 | numpy_client.py:172 | fit, FitIns(clock=30)
DEBUG flower 2021-04-08 13:01:13,689 | numpy_client.py:260 | cached_clock: 12, curr_clock: 30
INFO flower 2021-04-08 13:01:16,020 | numpy_client.py:205 | Cache is fresh, return FitRes(clock=30)
DEBUG flower 2021-04-08 13:01:25,110 | numpy_client.py:172 | fit, FitIns(clock=31)
DEBUG flower 2021-04-08 13:01:25,110 | numpy_client.py:260 | cached_clock: 12, curr_clock: 31
INFO flower 2021-04-08 13:01:27,402 | numpy_client.py:205 | Cache is fresh, return FitRes(clock=31)
DEBUG flower 2021-04-08 13:01:27,434 | numpy_client.py:172 | fit, FitIns(clock=32)
DEBUG flower 2021-04-08 13:01:27,434 | numpy_client.py:260 | cached_clock: 12, curr_clock: 32
INFO flower 2021-04-08 13:01:29,684 | numpy_client.py:205 | Cache is fresh, return FitRes(clock=32)
DEBUG flower 2021-04-08 13:01:38,492 | numpy_client.py:172 | fit, FitIns(clock=33)
DEBUG flower 2021-04-08 13:01:38,492 | numpy_client.py:260 | cached_clock: 12, curr_clock: 33
INFO flower 2021-04-08 13:01:40,977 | numpy_client.py:205 | Cache is fresh, return FitRes(clock=33)
DEBUG flower 2021-04-08 13:01:41,001 | numpy_client.py:172 | fit, FitIns(clock=34)
DEBUG flower 2021-04-08 13:01:41,001 | numpy_client.py:260 | cached_clock: 12, curr_clock: 34
INFO flower 2021-04-08 13:01:43,501 | numpy_client.py:205 | Cache is fresh, return FitRes(clock=34)
DEBUG flower 2021-04-08 13:01:51,812 | numpy_client.py:172 | fit, FitIns(clock=35)
DEBUG flower 2021-04-08 13:01:51,813 | numpy_client.py:260 | cached_clock: 12, curr_clock: 35
INFO flower 2021-04-08 13:01:54,191 | numpy_client.py:205 | Cache is fresh, return FitRes(clock=35)
DEBUG flower 2021-04-08 13:01:54,216 | numpy_client.py:172 | fit, FitIns(clock=36)
DEBUG flower 2021-04-08 13:01:54,216 | numpy_client.py:260 | cached_clock: 12, curr_clock: 36
INFO flower 2021-04-08 13:01:56,485 | numpy_client.py:205 | Cache is fresh, return FitRes(clock=36)
DEBUG flower 2021-04-08 13:02:04,635 | numpy_client.py:172 | fit, FitIns(clock=37)
DEBUG flower 2021-04-08 13:02:04,635 | numpy_client.py:260 | cached_clock: 12, curr_clock: 37
INFO flower 2021-04-08 13:02:06,913 | numpy_client.py:205 | Cache is fresh, return FitRes(clock=37)
DEBUG flower 2021-04-08 13:02:06,989 | numpy_client.py:172 | fit, FitIns(clock=38)
DEBUG flower 2021-04-08 13:02:06,989 | numpy_client.py:260 | cached_clock: 12, curr_clock: 38
INFO flower 2021-04-08 13:02:09,183 | numpy_client.py:205 | Cache is fresh, return FitRes(clock=38)
DEBUG flower 2021-04-08 13:02:17,789 | numpy_client.py:172 | fit, FitIns(clock=39)
DEBUG flower 2021-04-08 13:02:17,789 | numpy_client.py:260 | cached_clock: 12, curr_clock: 39
INFO flower 2021-04-08 13:02:20,087 | numpy_client.py:205 | Cache is fresh, return FitRes(clock=39)
DEBUG flower 2021-04-08 13:02:20,109 | numpy_client.py:172 | fit, FitIns(clock=40)
DEBUG flower 2021-04-08 13:02:20,109 | numpy_client.py:260 | cached_clock: 12, curr_clock: 40
INFO flower 2021-04-08 13:02:22,314 | numpy_client.py:205 | Cache is fresh, return FitRes(clock=40)
DEBUG flower 2021-04-08 13:02:30,943 | numpy_client.py:172 | fit, FitIns(clock=41)
DEBUG flower 2021-04-08 13:02:30,943 | numpy_client.py:260 | cached_clock: 12, curr_clock: 41
INFO flower 2021-04-08 13:02:33,311 | numpy_client.py:205 | Cache is fresh, return FitRes(clock=41)
DEBUG flower 2021-04-08 13:02:33,334 | numpy_client.py:172 | fit, FitIns(clock=42)
DEBUG flower 2021-04-08 13:02:33,334 | numpy_client.py:260 | cached_clock: 12, curr_clock: 42
INFO flower 2021-04-08 13:02:35,609 | numpy_client.py:205 | Cache is fresh, return FitRes(clock=42)
DEBUG flower 2021-04-08 13:02:44,252 | numpy_client.py:172 | fit, FitIns(clock=43)
DEBUG flower 2021-04-08 13:02:44,252 | numpy_client.py:260 | cached_clock: 12, curr_clock: 43
INFO flower 2021-04-08 13:02:44,252 | numpy_client.py:184 | Cache is stale, return ReadIns
DEBUG flower 2021-04-08 13:02:44,284 | numpy_client.py:228 | read: ReadRes(clock=19)
DEBUG flower 2021-04-08 13:02:44,291 | numpy_client.py:172 | fit, FitIns(clock=43)
DEBUG flower 2021-04-08 13:02:44,291 | numpy_client.py:260 | cached_clock: 19, curr_clock: 43
INFO flower 2021-04-08 13:02:46,686 | numpy_client.py:205 | Cache is fresh, return FitRes(clock=43)
DEBUG flower 2021-04-08 13:02:46,710 | numpy_client.py:172 | fit, FitIns(clock=44)
DEBUG flower 2021-04-08 13:02:46,710 | numpy_client.py:260 | cached_clock: 19, curr_clock: 44
INFO flower 2021-04-08 13:02:49,089 | numpy_client.py:205 | Cache is fresh, return FitRes(clock=44)
DEBUG flower 2021-04-08 13:02:57,133 | numpy_client.py:172 | fit, FitIns(clock=45)
DEBUG flower 2021-04-08 13:02:57,133 | numpy_client.py:260 | cached_clock: 19, curr_clock: 45
INFO flower 2021-04-08 13:02:59,301 | numpy_client.py:205 | Cache is fresh, return FitRes(clock=45)
DEBUG flower 2021-04-08 13:02:59,321 | numpy_client.py:172 | fit, FitIns(clock=46)
DEBUG flower 2021-04-08 13:02:59,321 | numpy_client.py:260 | cached_clock: 19, curr_clock: 46
INFO flower 2021-04-08 13:03:01,581 | numpy_client.py:205 | Cache is fresh, return FitRes(clock=46)
DEBUG flower 2021-04-08 13:03:01,602 | numpy_client.py:172 | fit, FitIns(clock=47)
DEBUG flower 2021-04-08 13:03:01,603 | numpy_client.py:260 | cached_clock: 19, curr_clock: 47
INFO flower 2021-04-08 13:03:03,804 | numpy_client.py:205 | Cache is fresh, return FitRes(clock=47)
DEBUG flower 2021-04-08 13:03:10,990 | numpy_client.py:172 | fit, FitIns(clock=48)
DEBUG flower 2021-04-08 13:03:10,990 | numpy_client.py:260 | cached_clock: 19, curr_clock: 48
INFO flower 2021-04-08 13:03:13,202 | numpy_client.py:205 | Cache is fresh, return FitRes(clock=48)
DEBUG flower 2021-04-08 13:03:13,233 | numpy_client.py:172 | fit, FitIns(clock=49)
DEBUG flower 2021-04-08 13:03:13,233 | numpy_client.py:260 | cached_clock: 19, curr_clock: 49
INFO flower 2021-04-08 13:03:15,407 | numpy_client.py:205 | Cache is fresh, return FitRes(clock=49)
DEBUG flower 2021-04-08 13:03:24,014 | numpy_client.py:172 | fit, FitIns(clock=50)
DEBUG flower 2021-04-08 13:03:24,015 | numpy_client.py:260 | cached_clock: 19, curr_clock: 50
INFO flower 2021-04-08 13:03:24,015 | numpy_client.py:184 | Cache is stale, return ReadIns
DEBUG flower 2021-04-08 13:03:24,076 | numpy_client.py:228 | read: ReadRes(clock=22)
DEBUG flower 2021-04-08 13:03:24,084 | numpy_client.py:172 | fit, FitIns(clock=50)
DEBUG flower 2021-04-08 13:03:24,084 | numpy_client.py:260 | cached_clock: 22, curr_clock: 50
INFO flower 2021-04-08 13:03:26,598 | numpy_client.py:205 | Cache is fresh, return FitRes(clock=50)
DEBUG flower 2021-04-08 13:03:26,690 | numpy_client.py:172 | fit, FitIns(clock=51)
DEBUG flower 2021-04-08 13:03:26,690 | numpy_client.py:260 | cached_clock: 22, curr_clock: 51
INFO flower 2021-04-08 13:03:29,187 | numpy_client.py:205 | Cache is fresh, return FitRes(clock=51)
DEBUG flower 2021-04-08 13:03:38,456 | numpy_client.py:172 | fit, FitIns(clock=52)
DEBUG flower 2021-04-08 13:03:38,456 | numpy_client.py:260 | cached_clock: 22, curr_clock: 52
INFO flower 2021-04-08 13:03:40,819 | numpy_client.py:205 | Cache is fresh, return FitRes(clock=52)
DEBUG flower 2021-04-08 13:03:40,876 | numpy_client.py:172 | fit, FitIns(clock=53)
DEBUG flower 2021-04-08 13:03:40,876 | numpy_client.py:260 | cached_clock: 22, curr_clock: 53
INFO flower 2021-04-08 13:03:40,877 | numpy_client.py:184 | Cache is stale, return ReadIns
DEBUG flower 2021-04-08 13:03:40,892 | numpy_client.py:228 | read: ReadRes(clock=23)
DEBUG flower 2021-04-08 13:03:40,899 | numpy_client.py:172 | fit, FitIns(clock=53)
DEBUG flower 2021-04-08 13:03:40,900 | numpy_client.py:260 | cached_clock: 23, curr_clock: 53
INFO flower 2021-04-08 13:03:43,086 | numpy_client.py:205 | Cache is fresh, return FitRes(clock=53)
DEBUG flower 2021-04-08 13:03:51,714 | numpy_client.py:172 | fit, FitIns(clock=54)
DEBUG flower 2021-04-08 13:03:51,714 | numpy_client.py:260 | cached_clock: 23, curr_clock: 54
INFO flower 2021-04-08 13:03:51,714 | numpy_client.py:184 | Cache is stale, return ReadIns
DEBUG flower 2021-04-08 13:03:51,739 | numpy_client.py:228 | read: ReadRes(clock=24)
DEBUG flower 2021-04-08 13:03:51,746 | numpy_client.py:172 | fit, FitIns(clock=54)
DEBUG flower 2021-04-08 13:03:51,746 | numpy_client.py:260 | cached_clock: 24, curr_clock: 54
INFO flower 2021-04-08 13:03:53,981 | numpy_client.py:205 | Cache is fresh, return FitRes(clock=54)
DEBUG flower 2021-04-08 13:03:54,005 | numpy_client.py:172 | fit, FitIns(clock=55)
DEBUG flower 2021-04-08 13:03:54,005 | numpy_client.py:260 | cached_clock: 24, curr_clock: 55
INFO flower 2021-04-08 13:03:54,005 | numpy_client.py:184 | Cache is stale, return ReadIns
DEBUG flower 2021-04-08 13:03:56,032 | numpy_client.py:228 | read: ReadRes(clock=25)
DEBUG flower 2021-04-08 13:03:56,039 | numpy_client.py:172 | fit, FitIns(clock=55)
DEBUG flower 2021-04-08 13:03:56,040 | numpy_client.py:260 | cached_clock: 25, curr_clock: 55
INFO flower 2021-04-08 13:03:58,477 | numpy_client.py:205 | Cache is fresh, return FitRes(clock=55)
DEBUG flower 2021-04-08 13:04:05,341 | numpy_client.py:172 | fit, FitIns(clock=56)
DEBUG flower 2021-04-08 13:04:05,341 | numpy_client.py:260 | cached_clock: 25, curr_clock: 56
INFO flower 2021-04-08 13:04:05,342 | numpy_client.py:184 | Cache is stale, return ReadIns
DEBUG flower 2021-04-08 13:04:09,634 | numpy_client.py:228 | read: ReadRes(clock=26)
DEBUG flower 2021-04-08 13:04:09,641 | numpy_client.py:172 | fit, FitIns(clock=56)
DEBUG flower 2021-04-08 13:04:09,641 | numpy_client.py:260 | cached_clock: 26, curr_clock: 56
INFO flower 2021-04-08 13:04:12,085 | numpy_client.py:205 | Cache is fresh, return FitRes(clock=56)
DEBUG flower 2021-04-08 13:04:18,926 | numpy_client.py:172 | fit, FitIns(clock=57)
DEBUG flower 2021-04-08 13:04:18,927 | numpy_client.py:260 | cached_clock: 26, curr_clock: 57
INFO flower 2021-04-08 13:04:18,927 | numpy_client.py:184 | Cache is stale, return ReadIns
DEBUG flower 2021-04-08 13:04:22,989 | numpy_client.py:228 | read: ReadRes(clock=27)
DEBUG flower 2021-04-08 13:04:22,996 | numpy_client.py:172 | fit, FitIns(clock=57)
DEBUG flower 2021-04-08 13:04:22,997 | numpy_client.py:260 | cached_clock: 27, curr_clock: 57
INFO flower 2021-04-08 13:04:25,394 | numpy_client.py:205 | Cache is fresh, return FitRes(clock=57)
DEBUG flower 2021-04-08 13:04:31,833 | numpy_client.py:172 | fit, FitIns(clock=58)
DEBUG flower 2021-04-08 13:04:31,833 | numpy_client.py:260 | cached_clock: 27, curr_clock: 58
INFO flower 2021-04-08 13:04:31,833 | numpy_client.py:184 | Cache is stale, return ReadIns
DEBUG flower 2021-04-08 13:04:35,814 | numpy_client.py:228 | read: ReadRes(clock=28)
DEBUG flower 2021-04-08 13:04:35,822 | numpy_client.py:172 | fit, FitIns(clock=58)
DEBUG flower 2021-04-08 13:04:35,822 | numpy_client.py:260 | cached_clock: 28, curr_clock: 58
INFO flower 2021-04-08 13:04:38,276 | numpy_client.py:205 | Cache is fresh, return FitRes(clock=58)
DEBUG flower 2021-04-08 13:04:44,966 | numpy_client.py:172 | fit, FitIns(clock=59)
DEBUG flower 2021-04-08 13:04:44,967 | numpy_client.py:260 | cached_clock: 28, curr_clock: 59
INFO flower 2021-04-08 13:04:44,967 | numpy_client.py:184 | Cache is stale, return ReadIns
DEBUG flower 2021-04-08 13:04:49,208 | numpy_client.py:228 | read: ReadRes(clock=29)
DEBUG flower 2021-04-08 13:04:49,216 | numpy_client.py:172 | fit, FitIns(clock=59)
DEBUG flower 2021-04-08 13:04:49,216 | numpy_client.py:260 | cached_clock: 29, curr_clock: 59
INFO flower 2021-04-08 13:04:51,612 | numpy_client.py:205 | Cache is fresh, return FitRes(clock=59)
DEBUG flower 2021-04-08 13:04:58,265 | numpy_client.py:172 | fit, FitIns(clock=60)
DEBUG flower 2021-04-08 13:04:58,265 | numpy_client.py:260 | cached_clock: 29, curr_clock: 60
INFO flower 2021-04-08 13:04:58,265 | numpy_client.py:184 | Cache is stale, return ReadIns
DEBUG flower 2021-04-08 13:05:02,677 | numpy_client.py:228 | read: ReadRes(clock=30)
DEBUG flower 2021-04-08 13:05:02,684 | numpy_client.py:172 | fit, FitIns(clock=60)
DEBUG flower 2021-04-08 13:05:02,685 | numpy_client.py:260 | cached_clock: 30, curr_clock: 60
INFO flower 2021-04-08 13:05:05,102 | numpy_client.py:205 | Cache is fresh, return FitRes(clock=60)
DEBUG flower 2021-04-08 13:05:12,163 | numpy_client.py:172 | fit, FitIns(clock=61)
DEBUG flower 2021-04-08 13:05:12,163 | numpy_client.py:260 | cached_clock: 30, curr_clock: 61
INFO flower 2021-04-08 13:05:12,163 | numpy_client.py:184 | Cache is stale, return ReadIns
DEBUG flower 2021-04-08 13:05:16,519 | numpy_client.py:228 | read: ReadRes(clock=31)
DEBUG flower 2021-04-08 13:05:16,527 | numpy_client.py:172 | fit, FitIns(clock=61)
DEBUG flower 2021-04-08 13:05:16,527 | numpy_client.py:260 | cached_clock: 31, curr_clock: 61
INFO flower 2021-04-08 13:05:18,985 | numpy_client.py:205 | Cache is fresh, return FitRes(clock=61)
DEBUG flower 2021-04-08 13:05:25,611 | numpy_client.py:172 | fit, FitIns(clock=62)
DEBUG flower 2021-04-08 13:05:25,611 | numpy_client.py:260 | cached_clock: 31, curr_clock: 62
INFO flower 2021-04-08 13:05:25,611 | numpy_client.py:184 | Cache is stale, return ReadIns
DEBUG flower 2021-04-08 13:05:30,113 | numpy_client.py:228 | read: ReadRes(clock=32)
DEBUG flower 2021-04-08 13:05:30,121 | numpy_client.py:172 | fit, FitIns(clock=62)
DEBUG flower 2021-04-08 13:05:30,121 | numpy_client.py:260 | cached_clock: 32, curr_clock: 62
INFO flower 2021-04-08 13:05:32,387 | numpy_client.py:205 | Cache is fresh, return FitRes(clock=62)
DEBUG flower 2021-04-08 13:05:38,752 | numpy_client.py:172 | fit, FitIns(clock=63)
DEBUG flower 2021-04-08 13:05:38,752 | numpy_client.py:260 | cached_clock: 32, curr_clock: 63
INFO flower 2021-04-08 13:05:38,752 | numpy_client.py:184 | Cache is stale, return ReadIns
DEBUG flower 2021-04-08 13:05:43,145 | numpy_client.py:228 | read: ReadRes(clock=33)
DEBUG flower 2021-04-08 13:05:43,152 | numpy_client.py:172 | fit, FitIns(clock=63)
DEBUG flower 2021-04-08 13:05:43,152 | numpy_client.py:260 | cached_clock: 33, curr_clock: 63
INFO flower 2021-04-08 13:05:45,398 | numpy_client.py:205 | Cache is fresh, return FitRes(clock=63)
DEBUG flower 2021-04-08 13:05:51,895 | numpy_client.py:172 | fit, FitIns(clock=64)
DEBUG flower 2021-04-08 13:05:51,895 | numpy_client.py:260 | cached_clock: 33, curr_clock: 64
INFO flower 2021-04-08 13:05:51,896 | numpy_client.py:184 | Cache is stale, return ReadIns
DEBUG flower 2021-04-08 13:05:56,378 | numpy_client.py:228 | read: ReadRes(clock=34)
DEBUG flower 2021-04-08 13:05:56,385 | numpy_client.py:172 | fit, FitIns(clock=64)
DEBUG flower 2021-04-08 13:05:56,385 | numpy_client.py:260 | cached_clock: 34, curr_clock: 64
INFO flower 2021-04-08 13:05:58,706 | numpy_client.py:205 | Cache is fresh, return FitRes(clock=64)
DEBUG flower 2021-04-08 13:06:05,347 | numpy_client.py:172 | fit, FitIns(clock=65)
DEBUG flower 2021-04-08 13:06:05,347 | numpy_client.py:260 | cached_clock: 34, curr_clock: 65
INFO flower 2021-04-08 13:06:05,347 | numpy_client.py:184 | Cache is stale, return ReadIns
DEBUG flower 2021-04-08 13:06:09,913 | numpy_client.py:228 | read: ReadRes(clock=35)
DEBUG flower 2021-04-08 13:06:09,920 | numpy_client.py:172 | fit, FitIns(clock=65)
DEBUG flower 2021-04-08 13:06:09,920 | numpy_client.py:260 | cached_clock: 35, curr_clock: 65
INFO flower 2021-04-08 13:06:12,182 | numpy_client.py:205 | Cache is fresh, return FitRes(clock=65)
DEBUG flower 2021-04-08 13:06:18,360 | numpy_client.py:172 | fit, FitIns(clock=66)
DEBUG flower 2021-04-08 13:06:18,360 | numpy_client.py:260 | cached_clock: 35, curr_clock: 66
INFO flower 2021-04-08 13:06:18,360 | numpy_client.py:184 | Cache is stale, return ReadIns
DEBUG flower 2021-04-08 13:06:23,300 | numpy_client.py:228 | read: ReadRes(clock=36)
DEBUG flower 2021-04-08 13:06:23,307 | numpy_client.py:172 | fit, FitIns(clock=66)
DEBUG flower 2021-04-08 13:06:23,307 | numpy_client.py:260 | cached_clock: 36, curr_clock: 66
INFO flower 2021-04-08 13:06:25,619 | numpy_client.py:205 | Cache is fresh, return FitRes(clock=66)
DEBUG flower 2021-04-08 13:06:32,061 | numpy_client.py:172 | fit, FitIns(clock=67)
DEBUG flower 2021-04-08 13:06:32,061 | numpy_client.py:260 | cached_clock: 36, curr_clock: 67
INFO flower 2021-04-08 13:06:32,061 | numpy_client.py:184 | Cache is stale, return ReadIns
DEBUG flower 2021-04-08 13:06:36,677 | numpy_client.py:228 | read: ReadRes(clock=37)
DEBUG flower 2021-04-08 13:06:36,685 | numpy_client.py:172 | fit, FitIns(clock=67)
DEBUG flower 2021-04-08 13:06:36,685 | numpy_client.py:260 | cached_clock: 37, curr_clock: 67
INFO flower 2021-04-08 13:06:38,902 | numpy_client.py:205 | Cache is fresh, return FitRes(clock=67)
DEBUG flower 2021-04-08 13:06:45,028 | numpy_client.py:172 | fit, FitIns(clock=68)
DEBUG flower 2021-04-08 13:06:45,028 | numpy_client.py:260 | cached_clock: 37, curr_clock: 68
INFO flower 2021-04-08 13:06:45,029 | numpy_client.py:184 | Cache is stale, return ReadIns
DEBUG flower 2021-04-08 13:06:49,491 | numpy_client.py:228 | read: ReadRes(clock=38)
DEBUG flower 2021-04-08 13:06:49,499 | numpy_client.py:172 | fit, FitIns(clock=68)
DEBUG flower 2021-04-08 13:06:49,499 | numpy_client.py:260 | cached_clock: 38, curr_clock: 68
INFO flower 2021-04-08 13:06:51,817 | numpy_client.py:205 | Cache is fresh, return FitRes(clock=68)
DEBUG flower 2021-04-08 13:06:59,286 | numpy_client.py:172 | fit, FitIns(clock=69)
DEBUG flower 2021-04-08 13:06:59,286 | numpy_client.py:260 | cached_clock: 38, curr_clock: 69
INFO flower 2021-04-08 13:06:59,287 | numpy_client.py:184 | Cache is stale, return ReadIns
DEBUG flower 2021-04-08 13:07:03,498 | numpy_client.py:228 | read: ReadRes(clock=39)
DEBUG flower 2021-04-08 13:07:03,506 | numpy_client.py:172 | fit, FitIns(clock=69)
DEBUG flower 2021-04-08 13:07:03,506 | numpy_client.py:260 | cached_clock: 39, curr_clock: 69
INFO flower 2021-04-08 13:07:05,784 | numpy_client.py:205 | Cache is fresh, return FitRes(clock=69)
DEBUG flower 2021-04-08 13:07:12,712 | numpy_client.py:172 | fit, FitIns(clock=70)
DEBUG flower 2021-04-08 13:07:12,712 | numpy_client.py:260 | cached_clock: 39, curr_clock: 70
INFO flower 2021-04-08 13:07:12,713 | numpy_client.py:184 | Cache is stale, return ReadIns
DEBUG flower 2021-04-08 13:07:16,996 | numpy_client.py:228 | read: ReadRes(clock=40)
DEBUG flower 2021-04-08 13:07:17,003 | numpy_client.py:172 | fit, FitIns(clock=70)
DEBUG flower 2021-04-08 13:07:17,003 | numpy_client.py:260 | cached_clock: 40, curr_clock: 70
INFO flower 2021-04-08 13:07:19,306 | numpy_client.py:205 | Cache is fresh, return FitRes(clock=70)
DEBUG flower 2021-04-08 13:07:26,129 | numpy_client.py:172 | fit, FitIns(clock=71)
DEBUG flower 2021-04-08 13:07:26,130 | numpy_client.py:260 | cached_clock: 40, curr_clock: 71
INFO flower 2021-04-08 13:07:26,130 | numpy_client.py:184 | Cache is stale, return ReadIns
DEBUG flower 2021-04-08 13:07:30,614 | numpy_client.py:228 | read: ReadRes(clock=41)
DEBUG flower 2021-04-08 13:07:30,621 | numpy_client.py:172 | fit, FitIns(clock=71)
DEBUG flower 2021-04-08 13:07:30,621 | numpy_client.py:260 | cached_clock: 41, curr_clock: 71
INFO flower 2021-04-08 13:07:32,787 | numpy_client.py:205 | Cache is fresh, return FitRes(clock=71)
DEBUG flower 2021-04-08 13:07:39,672 | numpy_client.py:172 | fit, FitIns(clock=72)
DEBUG flower 2021-04-08 13:07:39,672 | numpy_client.py:260 | cached_clock: 41, curr_clock: 72
INFO flower 2021-04-08 13:07:39,673 | numpy_client.py:184 | Cache is stale, return ReadIns
DEBUG flower 2021-04-08 13:07:44,115 | numpy_client.py:228 | read: ReadRes(clock=42)
DEBUG flower 2021-04-08 13:07:44,122 | numpy_client.py:172 | fit, FitIns(clock=72)
DEBUG flower 2021-04-08 13:07:44,122 | numpy_client.py:260 | cached_clock: 42, curr_clock: 72
INFO flower 2021-04-08 13:07:46,604 | numpy_client.py:205 | Cache is fresh, return FitRes(clock=72)
DEBUG flower 2021-04-08 13:07:53,033 | numpy_client.py:172 | fit, FitIns(clock=73)
DEBUG flower 2021-04-08 13:07:53,033 | numpy_client.py:260 | cached_clock: 42, curr_clock: 73
INFO flower 2021-04-08 13:07:53,033 | numpy_client.py:184 | Cache is stale, return ReadIns
DEBUG flower 2021-04-08 13:07:57,526 | numpy_client.py:228 | read: ReadRes(clock=43)
DEBUG flower 2021-04-08 13:07:57,536 | numpy_client.py:172 | fit, FitIns(clock=73)
DEBUG flower 2021-04-08 13:07:57,536 | numpy_client.py:260 | cached_clock: 43, curr_clock: 73
INFO flower 2021-04-08 13:08:00,190 | numpy_client.py:205 | Cache is fresh, return FitRes(clock=73)
DEBUG flower 2021-04-08 13:08:06,982 | numpy_client.py:172 | fit, FitIns(clock=74)
DEBUG flower 2021-04-08 13:08:06,983 | numpy_client.py:260 | cached_clock: 43, curr_clock: 74
INFO flower 2021-04-08 13:08:06,983 | numpy_client.py:184 | Cache is stale, return ReadIns
DEBUG flower 2021-04-08 13:08:11,226 | numpy_client.py:228 | read: ReadRes(clock=44)
DEBUG flower 2021-04-08 13:08:11,234 | numpy_client.py:172 | fit, FitIns(clock=74)
DEBUG flower 2021-04-08 13:08:11,234 | numpy_client.py:260 | cached_clock: 44, curr_clock: 74
INFO flower 2021-04-08 13:08:13,607 | numpy_client.py:205 | Cache is fresh, return FitRes(clock=74)
DEBUG flower 2021-04-08 13:08:20,055 | numpy_client.py:172 | fit, FitIns(clock=75)
DEBUG flower 2021-04-08 13:08:20,056 | numpy_client.py:260 | cached_clock: 44, curr_clock: 75
INFO flower 2021-04-08 13:08:20,056 | numpy_client.py:184 | Cache is stale, return ReadIns
DEBUG flower 2021-04-08 13:08:24,539 | numpy_client.py:228 | read: ReadRes(clock=45)
DEBUG flower 2021-04-08 13:08:24,547 | numpy_client.py:172 | fit, FitIns(clock=75)
DEBUG flower 2021-04-08 13:08:24,547 | numpy_client.py:260 | cached_clock: 45, curr_clock: 75
INFO flower 2021-04-08 13:08:26,786 | numpy_client.py:205 | Cache is fresh, return FitRes(clock=75)
DEBUG flower 2021-04-08 13:08:33,720 | numpy_client.py:172 | fit, FitIns(clock=76)
DEBUG flower 2021-04-08 13:08:33,720 | numpy_client.py:260 | cached_clock: 45, curr_clock: 76
INFO flower 2021-04-08 13:08:33,720 | numpy_client.py:184 | Cache is stale, return ReadIns
DEBUG flower 2021-04-08 13:08:38,040 | numpy_client.py:228 | read: ReadRes(clock=46)
DEBUG flower 2021-04-08 13:08:38,047 | numpy_client.py:172 | fit, FitIns(clock=76)
DEBUG flower 2021-04-08 13:08:38,047 | numpy_client.py:260 | cached_clock: 46, curr_clock: 76
INFO flower 2021-04-08 13:08:40,482 | numpy_client.py:205 | Cache is fresh, return FitRes(clock=76)
DEBUG flower 2021-04-08 13:08:46,885 | numpy_client.py:172 | fit, FitIns(clock=77)
DEBUG flower 2021-04-08 13:08:46,885 | numpy_client.py:260 | cached_clock: 46, curr_clock: 77
INFO flower 2021-04-08 13:08:46,885 | numpy_client.py:184 | Cache is stale, return ReadIns
DEBUG flower 2021-04-08 13:08:51,228 | numpy_client.py:228 | read: ReadRes(clock=47)
DEBUG flower 2021-04-08 13:08:51,235 | numpy_client.py:172 | fit, FitIns(clock=77)
DEBUG flower 2021-04-08 13:08:51,235 | numpy_client.py:260 | cached_clock: 47, curr_clock: 77
INFO flower 2021-04-08 13:08:53,782 | numpy_client.py:205 | Cache is fresh, return FitRes(clock=77)
DEBUG flower 2021-04-08 13:08:59,718 | numpy_client.py:172 | fit, FitIns(clock=78)
DEBUG flower 2021-04-08 13:08:59,718 | numpy_client.py:260 | cached_clock: 47, curr_clock: 78
INFO flower 2021-04-08 13:08:59,718 | numpy_client.py:184 | Cache is stale, return ReadIns
DEBUG flower 2021-04-08 13:09:03,977 | numpy_client.py:228 | read: ReadRes(clock=48)
DEBUG flower 2021-04-08 13:09:03,984 | numpy_client.py:172 | fit, FitIns(clock=78)
DEBUG flower 2021-04-08 13:09:03,984 | numpy_client.py:260 | cached_clock: 48, curr_clock: 78
INFO flower 2021-04-08 13:09:06,388 | numpy_client.py:205 | Cache is fresh, return FitRes(clock=78)
DEBUG flower 2021-04-08 13:09:12,809 | numpy_client.py:172 | fit, FitIns(clock=79)
DEBUG flower 2021-04-08 13:09:12,809 | numpy_client.py:260 | cached_clock: 48, curr_clock: 79
INFO flower 2021-04-08 13:09:12,810 | numpy_client.py:184 | Cache is stale, return ReadIns
DEBUG flower 2021-04-08 13:09:17,168 | numpy_client.py:228 | read: ReadRes(clock=49)
DEBUG flower 2021-04-08 13:09:17,178 | numpy_client.py:172 | fit, FitIns(clock=79)
DEBUG flower 2021-04-08 13:09:17,178 | numpy_client.py:260 | cached_clock: 49, curr_clock: 79
INFO flower 2021-04-08 13:09:19,596 | numpy_client.py:205 | Cache is fresh, return FitRes(clock=79)
DEBUG flower 2021-04-08 13:09:25,935 | numpy_client.py:172 | fit, FitIns(clock=80)
DEBUG flower 2021-04-08 13:09:25,935 | numpy_client.py:260 | cached_clock: 49, curr_clock: 80
INFO flower 2021-04-08 13:09:25,935 | numpy_client.py:184 | Cache is stale, return ReadIns
DEBUG flower 2021-04-08 13:09:30,322 | numpy_client.py:228 | read: ReadRes(clock=50)
DEBUG flower 2021-04-08 13:09:30,329 | numpy_client.py:172 | fit, FitIns(clock=80)
DEBUG flower 2021-04-08 13:09:30,329 | numpy_client.py:260 | cached_clock: 50, curr_clock: 80
INFO flower 2021-04-08 13:09:32,585 | numpy_client.py:205 | Cache is fresh, return FitRes(clock=80)
DEBUG flower 2021-04-08 13:09:39,175 | numpy_client.py:172 | fit, FitIns(clock=81)
DEBUG flower 2021-04-08 13:09:39,175 | numpy_client.py:260 | cached_clock: 50, curr_clock: 81
INFO flower 2021-04-08 13:09:39,175 | numpy_client.py:184 | Cache is stale, return ReadIns
DEBUG flower 2021-04-08 13:09:43,833 | numpy_client.py:228 | read: ReadRes(clock=51)
DEBUG flower 2021-04-08 13:09:43,840 | numpy_client.py:172 | fit, FitIns(clock=81)
DEBUG flower 2021-04-08 13:09:43,840 | numpy_client.py:260 | cached_clock: 51, curr_clock: 81
INFO flower 2021-04-08 13:09:46,116 | numpy_client.py:205 | Cache is fresh, return FitRes(clock=81)
DEBUG flower 2021-04-08 13:09:52,307 | numpy_client.py:172 | fit, FitIns(clock=82)
DEBUG flower 2021-04-08 13:09:52,308 | numpy_client.py:260 | cached_clock: 51, curr_clock: 82
INFO flower 2021-04-08 13:09:52,308 | numpy_client.py:184 | Cache is stale, return ReadIns
DEBUG flower 2021-04-08 13:09:57,177 | numpy_client.py:228 | read: ReadRes(clock=52)
DEBUG flower 2021-04-08 13:09:57,184 | numpy_client.py:172 | fit, FitIns(clock=82)
DEBUG flower 2021-04-08 13:09:57,184 | numpy_client.py:260 | cached_clock: 52, curr_clock: 82
INFO flower 2021-04-08 13:09:59,498 | numpy_client.py:205 | Cache is fresh, return FitRes(clock=82)
DEBUG flower 2021-04-08 13:10:06,105 | numpy_client.py:172 | fit, FitIns(clock=83)
DEBUG flower 2021-04-08 13:10:06,105 | numpy_client.py:260 | cached_clock: 52, curr_clock: 83
INFO flower 2021-04-08 13:10:06,105 | numpy_client.py:184 | Cache is stale, return ReadIns
DEBUG flower 2021-04-08 13:10:10,677 | numpy_client.py:228 | read: ReadRes(clock=53)
DEBUG flower 2021-04-08 13:10:10,684 | numpy_client.py:172 | fit, FitIns(clock=83)
DEBUG flower 2021-04-08 13:10:10,685 | numpy_client.py:260 | cached_clock: 53, curr_clock: 83
INFO flower 2021-04-08 13:10:12,912 | numpy_client.py:205 | Cache is fresh, return FitRes(clock=83)
DEBUG flower 2021-04-08 13:10:19,427 | numpy_client.py:172 | fit, FitIns(clock=84)
DEBUG flower 2021-04-08 13:10:19,427 | numpy_client.py:260 | cached_clock: 53, curr_clock: 84
INFO flower 2021-04-08 13:10:19,428 | numpy_client.py:184 | Cache is stale, return ReadIns
DEBUG flower 2021-04-08 13:10:23,613 | numpy_client.py:228 | read: ReadRes(clock=54)
DEBUG flower 2021-04-08 13:10:23,621 | numpy_client.py:172 | fit, FitIns(clock=84)
DEBUG flower 2021-04-08 13:10:23,621 | numpy_client.py:260 | cached_clock: 54, curr_clock: 84
INFO flower 2021-04-08 13:10:25,894 | numpy_client.py:205 | Cache is fresh, return FitRes(clock=84)
DEBUG flower 2021-04-08 13:10:32,482 | numpy_client.py:172 | fit, FitIns(clock=85)
DEBUG flower 2021-04-08 13:10:32,482 | numpy_client.py:260 | cached_clock: 54, curr_clock: 85
INFO flower 2021-04-08 13:10:32,482 | numpy_client.py:184 | Cache is stale, return ReadIns
DEBUG flower 2021-04-08 13:10:36,877 | numpy_client.py:228 | read: ReadRes(clock=55)
DEBUG flower 2021-04-08 13:10:36,884 | numpy_client.py:172 | fit, FitIns(clock=85)
DEBUG flower 2021-04-08 13:10:36,884 | numpy_client.py:260 | cached_clock: 55, curr_clock: 85
INFO flower 2021-04-08 13:10:39,305 | numpy_client.py:205 | Cache is fresh, return FitRes(clock=85)
DEBUG flower 2021-04-08 13:10:45,934 | numpy_client.py:172 | fit, FitIns(clock=86)
DEBUG flower 2021-04-08 13:10:45,935 | numpy_client.py:260 | cached_clock: 55, curr_clock: 86
INFO flower 2021-04-08 13:10:45,935 | numpy_client.py:184 | Cache is stale, return ReadIns
DEBUG flower 2021-04-08 13:10:50,178 | numpy_client.py:228 | read: ReadRes(clock=56)
DEBUG flower 2021-04-08 13:10:50,185 | numpy_client.py:172 | fit, FitIns(clock=86)
DEBUG flower 2021-04-08 13:10:50,185 | numpy_client.py:260 | cached_clock: 56, curr_clock: 86
INFO flower 2021-04-08 13:10:52,594 | numpy_client.py:205 | Cache is fresh, return FitRes(clock=86)
DEBUG flower 2021-04-08 13:10:59,626 | numpy_client.py:172 | fit, FitIns(clock=87)
DEBUG flower 2021-04-08 13:10:59,627 | numpy_client.py:260 | cached_clock: 56, curr_clock: 87
INFO flower 2021-04-08 13:10:59,627 | numpy_client.py:184 | Cache is stale, return ReadIns
DEBUG flower 2021-04-08 13:11:03,977 | numpy_client.py:228 | read: ReadRes(clock=57)
DEBUG flower 2021-04-08 13:11:03,984 | numpy_client.py:172 | fit, FitIns(clock=87)
DEBUG flower 2021-04-08 13:11:03,984 | numpy_client.py:260 | cached_clock: 57, curr_clock: 87
INFO flower 2021-04-08 13:11:06,200 | numpy_client.py:205 | Cache is fresh, return FitRes(clock=87)
DEBUG flower 2021-04-08 13:11:12,827 | numpy_client.py:172 | fit, FitIns(clock=88)
DEBUG flower 2021-04-08 13:11:12,827 | numpy_client.py:260 | cached_clock: 57, curr_clock: 88
INFO flower 2021-04-08 13:11:12,827 | numpy_client.py:184 | Cache is stale, return ReadIns
DEBUG flower 2021-04-08 13:11:17,559 | numpy_client.py:228 | read: ReadRes(clock=58)
DEBUG flower 2021-04-08 13:11:17,567 | numpy_client.py:172 | fit, FitIns(clock=88)
DEBUG flower 2021-04-08 13:11:17,567 | numpy_client.py:260 | cached_clock: 58, curr_clock: 88
INFO flower 2021-04-08 13:11:19,894 | numpy_client.py:205 | Cache is fresh, return FitRes(clock=88)
DEBUG flower 2021-04-08 13:11:26,476 | numpy_client.py:172 | fit, FitIns(clock=89)
DEBUG flower 2021-04-08 13:11:26,477 | numpy_client.py:260 | cached_clock: 58, curr_clock: 89
INFO flower 2021-04-08 13:11:26,477 | numpy_client.py:184 | Cache is stale, return ReadIns
DEBUG flower 2021-04-08 13:11:31,376 | numpy_client.py:228 | read: ReadRes(clock=59)
DEBUG flower 2021-04-08 13:11:31,384 | numpy_client.py:172 | fit, FitIns(clock=89)
DEBUG flower 2021-04-08 13:11:31,384 | numpy_client.py:260 | cached_clock: 59, curr_clock: 89
INFO flower 2021-04-08 13:11:33,684 | numpy_client.py:205 | Cache is fresh, return FitRes(clock=89)
DEBUG flower 2021-04-08 13:11:40,420 | numpy_client.py:172 | fit, FitIns(clock=90)
DEBUG flower 2021-04-08 13:11:40,420 | numpy_client.py:260 | cached_clock: 59, curr_clock: 90
INFO flower 2021-04-08 13:11:40,420 | numpy_client.py:184 | Cache is stale, return ReadIns
DEBUG flower 2021-04-08 13:11:44,942 | numpy_client.py:228 | read: ReadRes(clock=60)
DEBUG flower 2021-04-08 13:11:44,947 | numpy_client.py:172 | fit, FitIns(clock=90)
DEBUG flower 2021-04-08 13:11:44,947 | numpy_client.py:260 | cached_clock: 60, curr_clock: 90
INFO flower 2021-04-08 13:11:47,083 | numpy_client.py:205 | Cache is fresh, return FitRes(clock=90)
DEBUG flower 2021-04-08 13:11:53,482 | numpy_client.py:172 | fit, FitIns(clock=91)
DEBUG flower 2021-04-08 13:11:53,482 | numpy_client.py:260 | cached_clock: 60, curr_clock: 91
INFO flower 2021-04-08 13:11:53,483 | numpy_client.py:184 | Cache is stale, return ReadIns
DEBUG flower 2021-04-08 13:11:58,377 | numpy_client.py:228 | read: ReadRes(clock=61)
DEBUG flower 2021-04-08 13:11:58,384 | numpy_client.py:172 | fit, FitIns(clock=91)
DEBUG flower 2021-04-08 13:11:58,384 | numpy_client.py:260 | cached_clock: 61, curr_clock: 91
INFO flower 2021-04-08 13:12:00,697 | numpy_client.py:205 | Cache is fresh, return FitRes(clock=91)
DEBUG flower 2021-04-08 13:12:07,189 | numpy_client.py:172 | fit, FitIns(clock=92)
DEBUG flower 2021-04-08 13:12:07,189 | numpy_client.py:260 | cached_clock: 61, curr_clock: 92
INFO flower 2021-04-08 13:12:07,189 | numpy_client.py:184 | Cache is stale, return ReadIns
DEBUG flower 2021-04-08 13:12:11,706 | numpy_client.py:228 | read: ReadRes(clock=62)
DEBUG flower 2021-04-08 13:12:11,713 | numpy_client.py:172 | fit, FitIns(clock=92)
DEBUG flower 2021-04-08 13:12:11,713 | numpy_client.py:260 | cached_clock: 62, curr_clock: 92
INFO flower 2021-04-08 13:12:13,881 | numpy_client.py:205 | Cache is fresh, return FitRes(clock=92)
DEBUG flower 2021-04-08 13:12:20,984 | numpy_client.py:172 | fit, FitIns(clock=93)
DEBUG flower 2021-04-08 13:12:20,984 | numpy_client.py:260 | cached_clock: 62, curr_clock: 93
INFO flower 2021-04-08 13:12:20,984 | numpy_client.py:184 | Cache is stale, return ReadIns
DEBUG flower 2021-04-08 13:12:25,294 | numpy_client.py:228 | read: ReadRes(clock=63)
DEBUG flower 2021-04-08 13:12:25,301 | numpy_client.py:172 | fit, FitIns(clock=93)
DEBUG flower 2021-04-08 13:12:25,302 | numpy_client.py:260 | cached_clock: 63, curr_clock: 93
INFO flower 2021-04-08 13:12:27,597 | numpy_client.py:205 | Cache is fresh, return FitRes(clock=93)
DEBUG flower 2021-04-08 13:12:35,232 | numpy_client.py:172 | fit, FitIns(clock=94)
DEBUG flower 2021-04-08 13:12:35,232 | numpy_client.py:260 | cached_clock: 63, curr_clock: 94
INFO flower 2021-04-08 13:12:35,232 | numpy_client.py:184 | Cache is stale, return ReadIns
DEBUG flower 2021-04-08 13:12:39,399 | numpy_client.py:228 | read: ReadRes(clock=64)
DEBUG flower 2021-04-08 13:12:39,406 | numpy_client.py:172 | fit, FitIns(clock=94)
DEBUG flower 2021-04-08 13:12:39,406 | numpy_client.py:260 | cached_clock: 64, curr_clock: 94
INFO flower 2021-04-08 13:12:42,112 | numpy_client.py:205 | Cache is fresh, return FitRes(clock=94)
DEBUG flower 2021-04-08 13:12:48,814 | numpy_client.py:172 | fit, FitIns(clock=95)
DEBUG flower 2021-04-08 13:12:48,814 | numpy_client.py:260 | cached_clock: 64, curr_clock: 95
INFO flower 2021-04-08 13:12:48,814 | numpy_client.py:184 | Cache is stale, return ReadIns
DEBUG flower 2021-04-08 13:12:53,238 | numpy_client.py:228 | read: ReadRes(clock=65)
DEBUG flower 2021-04-08 13:12:53,246 | numpy_client.py:172 | fit, FitIns(clock=95)
DEBUG flower 2021-04-08 13:12:53,246 | numpy_client.py:260 | cached_clock: 65, curr_clock: 95
INFO flower 2021-04-08 13:12:55,702 | numpy_client.py:205 | Cache is fresh, return FitRes(clock=95)
DEBUG flower 2021-04-08 13:13:02,390 | numpy_client.py:172 | fit, FitIns(clock=96)
DEBUG flower 2021-04-08 13:13:02,390 | numpy_client.py:260 | cached_clock: 65, curr_clock: 96
INFO flower 2021-04-08 13:13:02,390 | numpy_client.py:184 | Cache is stale, return ReadIns
DEBUG flower 2021-04-08 13:13:06,714 | numpy_client.py:228 | read: ReadRes(clock=66)
DEBUG flower 2021-04-08 13:13:06,721 | numpy_client.py:172 | fit, FitIns(clock=96)
DEBUG flower 2021-04-08 13:13:06,721 | numpy_client.py:260 | cached_clock: 66, curr_clock: 96
INFO flower 2021-04-08 13:13:09,385 | numpy_client.py:205 | Cache is fresh, return FitRes(clock=96)
DEBUG flower 2021-04-08 13:13:15,863 | numpy_client.py:172 | fit, FitIns(clock=97)
DEBUG flower 2021-04-08 13:13:15,867 | numpy_client.py:260 | cached_clock: 66, curr_clock: 97
INFO flower 2021-04-08 13:13:15,867 | numpy_client.py:184 | Cache is stale, return ReadIns
DEBUG flower 2021-04-08 13:13:20,578 | numpy_client.py:228 | read: ReadRes(clock=67)
DEBUG flower 2021-04-08 13:13:20,588 | numpy_client.py:172 | fit, FitIns(clock=97)
DEBUG flower 2021-04-08 13:13:20,589 | numpy_client.py:260 | cached_clock: 67, curr_clock: 97
INFO flower 2021-04-08 13:13:23,013 | numpy_client.py:205 | Cache is fresh, return FitRes(clock=97)
DEBUG flower 2021-04-08 13:13:29,741 | numpy_client.py:172 | fit, FitIns(clock=98)
DEBUG flower 2021-04-08 13:13:29,742 | numpy_client.py:260 | cached_clock: 67, curr_clock: 98
INFO flower 2021-04-08 13:13:29,742 | numpy_client.py:184 | Cache is stale, return ReadIns
DEBUG flower 2021-04-08 13:13:34,915 | numpy_client.py:228 | read: ReadRes(clock=68)
DEBUG flower 2021-04-08 13:13:34,922 | numpy_client.py:172 | fit, FitIns(clock=98)
DEBUG flower 2021-04-08 13:13:34,922 | numpy_client.py:260 | cached_clock: 68, curr_clock: 98
INFO flower 2021-04-08 13:13:37,402 | numpy_client.py:205 | Cache is fresh, return FitRes(clock=98)
DEBUG flower 2021-04-08 13:13:44,072 | numpy_client.py:172 | fit, FitIns(clock=99)
DEBUG flower 2021-04-08 13:13:44,072 | numpy_client.py:260 | cached_clock: 68, curr_clock: 99
INFO flower 2021-04-08 13:13:44,072 | numpy_client.py:184 | Cache is stale, return ReadIns
DEBUG flower 2021-04-08 13:13:49,141 | numpy_client.py:228 | read: ReadRes(clock=69)
DEBUG flower 2021-04-08 13:13:49,148 | numpy_client.py:172 | fit, FitIns(clock=99)
DEBUG flower 2021-04-08 13:13:49,148 | numpy_client.py:260 | cached_clock: 69, curr_clock: 99
INFO flower 2021-04-08 13:13:51,696 | numpy_client.py:205 | Cache is fresh, return FitRes(clock=99)
DEBUG flower 2021-04-08 13:13:51,696 | numpy_client.py:217 | The client finishes computing after 932 seconds
INFO flower 2021-04-08 13:20:45,992 | numpy_client.py:250 | [32;1m Loss: 15.467, Accuracy: 65.101%[0m
DEBUG flower 2021-04-08 13:20:47,213 | connection.py:68 | Insecure gRPC channel closed
INFO flower 2021-04-08 13:20:47,214 | app.py:74 | Disconnect and shut down
Namespace(idx=12, max_delay=0, min_delay=0, num_clients=31, server_ip='10.244.37.27:8080', staleness_bound=30)
I'm client 12
Start SSP client without delay
Files already downloaded and verified
Files already downloaded and verified
[32;1mClient 12: 1395 train samples, 447 test samples[0m
loss=99.41508650779724, acc=0.1981534090909091
loss=99.18839025497437, acc=0.09943181818181818
loss=97.20028734207153, acc=0.19460227272727273
loss=95.28557252883911, acc=0.18963068181818182
loss=93.26640033721924, acc=0.17613636363636365
loss=90.72036480903625, acc=0.18536931818181818
loss=86.21677255630493, acc=0.20241477272727273
loss=78.26308500766754, acc=0.20525568181818182
loss=73.07484936714172, acc=0.22301136363636365
loss=71.89553809165955, acc=0.22869318181818182
loss=71.39814329147339, acc=0.23579545454545456
loss=71.00243508815765, acc=0.24147727272727273
loss=70.67584085464478, acc=0.2556818181818182
loss=70.37159252166748, acc=0.26136363636363635
loss=70.0633693933487, acc=0.2684659090909091
loss=69.72712349891663, acc=0.2705965909090909
loss=69.35571360588074, acc=0.26988636363636365
loss=68.97838151454926, acc=0.2741477272727273
loss=68.63215446472168, acc=0.2784090909090909
loss=68.33652901649475, acc=0.2840909090909091
loss=68.07227158546448, acc=0.2840909090909091
loss=67.82061433792114, acc=0.28764204545454547
loss=67.5632072687149, acc=0.29545454545454547
loss=67.3088527917862, acc=0.2997159090909091
loss=67.0354323387146, acc=0.3039772727272727
loss=66.73799252510071, acc=0.30823863636363635
loss=66.41033625602722, acc=0.3096590909090909
loss=66.05837571620941, acc=0.3203125
loss=65.67184293270111, acc=0.33451704545454547
loss=65.26734244823456, acc=0.34517045454545453
loss=64.8765457868576, acc=0.34730113636363635
loss=64.51192355155945, acc=0.35511363636363635
loss=64.16434276103973, acc=0.3572443181818182
loss=63.830313324928284, acc=0.36292613636363635
loss=63.473756194114685, acc=0.36860795454545453
loss=63.118537068367004, acc=0.3693181818181818
loss=62.762606263160706, acc=0.37144886363636365
loss=62.388017892837524, acc=0.3771306818181818
loss=62.01421594619751, acc=0.37855113636363635
loss=61.633997440338135, acc=0.3856534090909091
loss=61.2454274892807, acc=0.3977272727272727
loss=60.86584496498108, acc=0.4055397727272727
loss=60.49272298812866, acc=0.4112215909090909
loss=116.67049777507782, acc=0.1846590909090909
loss=76.21501970291138, acc=0.24857954545454544
loss=69.56736361980438, acc=0.2940340909090909
loss=68.03103244304657, acc=0.30610795454545453
loss=67.15159237384796, acc=0.3174715909090909
loss=66.61668252944946, acc=0.3181818181818182
loss=66.1773430109024, acc=0.32457386363636365
loss=115.54511487483978, acc=0.15767045454545456
loss=74.9873515367508, acc=0.26704545454545453
loss=69.90714824199677, acc=0.2805397727272727
loss=111.3795553445816, acc=0.19886363636363635
loss=85.49394643306732, acc=0.3068181818181818
loss=120.04533267021179, acc=0.1903409090909091
loss=79.93976056575775, acc=0.3877840909090909
loss=59.63847351074219, acc=0.42826704545454547
loss=70.98253202438354, acc=0.35298295454545453
loss=79.2657458782196, acc=0.39701704545454547
loss=58.78718042373657, acc=0.4325284090909091
loss=78.92861044406891, acc=0.40625
loss=106.15402245521545, acc=0.2897727272727273
loss=78.76365911960602, acc=0.40980113636363635
loss=58.21205937862396, acc=0.43323863636363635
loss=59.58199167251587, acc=0.4318181818181818
loss=98.07993030548096, acc=0.29545454545454547
loss=108.40535306930542, acc=0.20241477272727273
loss=67.21871590614319, acc=0.4041193181818182
loss=112.63016724586487, acc=0.21448863636363635
loss=78.25811302661896, acc=0.3643465909090909
loss=64.41086483001709, acc=0.3742897727272727
loss=86.73748195171356, acc=0.3046875
loss=77.79069435596466, acc=0.38423295454545453
loss=86.49200391769409, acc=0.3068181818181818
loss=77.40799689292908, acc=0.39488636363636365
loss=77.39379906654358, acc=0.3977272727272727
loss=90.99224746227264, acc=0.2862215909090909
loss=95.37953925132751, acc=0.31107954545454547
loss=98.65142035484314, acc=0.3210227272727273
loss=98.82117879390717, acc=0.3231534090909091
loss=99.04892802238464, acc=0.3252840909090909
loss=97.90542030334473, acc=0.27485795454545453
loss=76.23820066452026, acc=0.38139204545454547
loss=69.99929285049438, acc=0.34801136363636365
loss=97.17980515956879, acc=0.27982954545454547
loss=106.00741684436798, acc=0.26988636363636365
loss=99.89027833938599, acc=0.2649147727272727
loss=100.22348761558533, acc=0.33238636363636365
loss=76.35010278224945, acc=0.4041193181818182
loss=93.03992080688477, acc=0.28125
loss=101.23165822029114, acc=0.3231534090909091
loss=101.43476617336273, acc=0.3224431818181818
loss=104.60440504550934, acc=0.3053977272727273
loss=99.0851891040802, acc=0.2805397727272727
loss=70.42448914051056, acc=0.33948863636363635
loss=94.77757406234741, acc=0.234375
loss=75.82750427722931, acc=0.375
loss=75.2218028306961, acc=0.39488636363636365
loss=74.9941326379776, acc=0.4119318181818182
Files already downloaded and verified
Files already downloaded and verified
Testing on full test set: 313, 1998.7556059360504, 0.309
Testing on partial test set: 14, 15.46692544221878, 0.6510067114093959
